Mplus VERSION 8.6 (Mac)
MUTHEN & MUTHEN
11/12/2022   9:06 AM

INPUT INSTRUCTIONS

  TITLE: Monte Carlo simulation for testing regression coefficients.
  MONTECARLO:
     NAMES = P1-P3 N1-N3
             COPE1-COPE2
             MSPSS1-MSPSS3
             NEURO1-NEURO2
             EXTRA1-EXTRA3
             PTGI1-PTGI5
             IESR1-IESR3
             ;
  NOBSERVATIONS = 500;  !746
  NREPS = 10000; ! 10000
  SEED = 12345;
  MODEL POPULATION:
    [
    P1-P3@0
    N1-N3@0
    COPE1-COPE2@0
    MSPSS1-MSPSS3@0
    NEURO1-NEURO2@0
    EXTRA1-EXTRA3@0
    PTGI1-PTGI5@0
    IESR1-IESR3@0
    ];

  P BY P1-P3@.72;
  P@1;
  P1-P3@.4816;

  N BY N1-N3@.84;
  N@1;
  N1-N3@.2944;

  COPE BY COPE1-COPE2@.71;
  COPE@1;
  COPE1-COPE2@.36;

  MSPSS BY MSPSS1-MSPSS3@.7;
  MSPSS@1;
  MSPSS1-MSPSS3@.4959;

  NEURO BY NEURO1-NEURO2@.8;
  NEURO@1;
  NEURO1-NEURO2@.36;

  EXTRA BY EXTRA1-EXTRA3@.67;
  EXTRA@1;
  EXTRA1-EXTRA3@.5511;

  PTGI BY PTGI1-PTGI5@.79;
  PTGI@1;
  PTGI1-PTGI5@.3759;

  IESR BY IESR1-IESR3@.85;
  IESR@1;
  IESR1-IESR3@.2775;

  P ON COPE@.58 MSPSS@.04 NEURO@-.34 EXTRA@-.08;
  N ON COPE@.18 MSPSS@-.03 NEURO@.92 EXTRA@.06;

  PTGI ON P@.19 N@.05 COPE@.07 MSPSS@.04 NEURO@.33 EXTRA@.41;
  IESR ON P@.07 N@.46 COPE@-.02 MSPSS@-.05 NEURO@.29 EXTRA@.33;

  IESR WITH PTGI@.23;
  MSPSS WITH COPE@.25;
  NEURO WITH COPE@-.31;
  NEURO WITH MSPSS@-.25;
  EXTRA WITH COPE@.31;
  EXTRA WITH MSPSS@.46;
  EXTRA WITH NEURO@-.66;

  MODEL:
    [
    P1-P3*0
    N1-N3*0
    COPE1-COPE2*0
    MSPSS1-MSPSS3*0
    NEURO1-NEURO2*0
    EXTRA1-EXTRA3*0
    PTGI1-PTGI5*0
    IESR1-IESR3*0
    ];

  P BY P1-P3*.72;
  P@1;
  P1-P3*.4816;

  N BY N1-N3*.84;
  N@1;
  N1-N3*.2944;

  COPE BY COPE1-COPE2*.71;
  COPE@1;
  COPE1-COPE2*.36;

  MSPSS BY MSPSS1-MSPSS3*.7;
  MSPSS@1;
  MSPSS1-MSPSS3*.4959;

  NEURO BY NEURO1-NEURO2*.8;
  NEURO@1;
  NEURO1-NEURO2*.36;

  EXTRA BY EXTRA1-EXTRA3*.67;
  EXTRA@1;
  EXTRA1-EXTRA3*.5511;

  PTGI BY PTGI1-PTGI5*.79;
  PTGI@1;
  PTGI1-PTGI5*.3759;

  IESR BY IESR1-IESR3*.85;
  IESR@1;
  IESR1-IESR3*.2775;

  P ON COPE*.58 MSPSS*.04 NEURO*-.34 EXTRA*-.08;
  N ON COPE*.18 MSPSS*-.03 NEURO*.92 EXTRA*.06;

  PTGI ON P*.19 N@.05 COPE*.07 MSPSS*.04 NEURO*.33 EXTRA*.41;
  IESR ON P*.07 N*.46 COPE*-.02 MSPSS*-.05 NEURO*.29 EXTRA*.33;

  IESR WITH PTGI*.23;
  MSPSS WITH COPE*.25;
  NEURO WITH COPE*-.31;
  NEURO WITH MSPSS*-.25;
  EXTRA WITH COPE*.31;
  EXTRA WITH MSPSS*.46;
  EXTRA WITH NEURO*-.66;

  OUTPUT: TECH9;



INPUT READING TERMINATED NORMALLY



Monte Carlo simulation for testing regression coefficients.

SUMMARY OF ANALYSIS

Number of groups                                                 1
Number of observations                                         500

Number of replications
    Requested                                                10000
    Completed                                                10000
Value of seed                                                12345

Number of dependent variables                                   24
Number of independent variables                                  0
Number of continuous latent variables                            8

Observed dependent variables

  Continuous
   P1          P2          P3          N1          N2          N3
   COPE1       COPE2       MSPSS1      MSPSS2      MSPSS3      NEURO1
   NEURO2      EXTRA1      EXTRA2      EXTRA3      PTGI1       PTGI2
   PTGI3       PTGI4       PTGI5       IESR1       IESR2       IESR3

Continuous latent variables
   P           N           COPE        MSPSS       NEURO       EXTRA
   PTGI        IESR


Estimator                                                       ML
Information matrix                                        OBSERVED
Maximum number of iterations                                  1000
Convergence criterion                                    0.500D-04
Maximum number of steepest descent iterations                   20



SAMPLE STATISTICS FOR THE FIRST REPLICATION


     SAMPLE STATISTICS


           Means
              P1            P2            P3            N1            N2
              ________      ________      ________      ________      ________
                0.088         0.088         0.121         0.026        -0.020


           Means
              N3            COPE1         COPE2         MSPSS1        MSPSS2
              ________      ________      ________      ________      ________
               -0.020        -0.023        -0.016         0.056         0.047


           Means
              MSPSS3        NEURO1        NEURO2        EXTRA1        EXTRA2
              ________      ________      ________      ________      ________
               -0.002        -0.026         0.044         0.055        -0.005


           Means
              EXTRA3        PTGI1         PTGI2         PTGI3         PTGI4
              ________      ________      ________      ________      ________
                0.036         0.047        -0.069        -0.037        -0.004


           Means
              PTGI5         IESR1         IESR2         IESR3
              ________      ________      ________      ________
               -0.027        -0.024         0.000        -0.035


           Covariances
              P1            P2            P3            N1            N2
              ________      ________      ________      ________      ________
 P1             1.167
 P2             0.755         1.343
 P3             0.729         0.768         1.204
 N1            -0.230        -0.296        -0.234         1.443
 N2            -0.251        -0.289        -0.262         1.145         1.472
 N3            -0.235        -0.275        -0.241         1.124         1.144
 COPE1          0.330         0.394         0.320        -0.110        -0.060
 COPE2          0.384         0.391         0.293        -0.071        -0.020
 MSPSS1         0.137         0.148         0.107        -0.056        -0.094
 MSPSS2         0.148         0.110         0.118        -0.052        -0.093
 MSPSS3         0.122         0.159         0.184        -0.157        -0.166
 NEURO1        -0.268        -0.338        -0.269         0.497         0.462
 NEURO2        -0.294        -0.384        -0.308         0.546         0.529
 EXTRA1         0.069         0.183         0.082        -0.273        -0.243
 EXTRA2         0.113         0.183         0.134        -0.280        -0.237
 EXTRA3         0.173         0.228         0.144        -0.329        -0.289
 PTGI1          0.120         0.174         0.091         0.004        -0.009
 PTGI2          0.105         0.141         0.176         0.026         0.009
 PTGI3          0.136         0.165         0.123        -0.043        -0.002
 PTGI4          0.084         0.116         0.115         0.016         0.035
 PTGI5          0.108         0.153         0.144         0.036         0.017
 IESR1         -0.140        -0.152        -0.091         0.572         0.563
 IESR2         -0.114        -0.106        -0.067         0.609         0.579
 IESR3         -0.099        -0.074        -0.034         0.604         0.610


           Covariances
              N3            COPE1         COPE2         MSPSS1        MSPSS2
              ________      ________      ________      ________      ________
 N3             1.424
 COPE1         -0.080         0.892
 COPE2         -0.039         0.539         0.906
 MSPSS1        -0.067         0.095         0.069         0.901
 MSPSS2        -0.040         0.107         0.138         0.436         1.007
 MSPSS3        -0.122         0.101         0.121         0.499         0.518
 NEURO1         0.442        -0.163        -0.139        -0.137        -0.100
 NEURO2         0.503        -0.205        -0.194        -0.153        -0.106
 EXTRA1        -0.209         0.168         0.179         0.238         0.155
 EXTRA2        -0.261         0.110         0.102         0.178         0.151
 EXTRA3        -0.260         0.209         0.190         0.173         0.179
 PTGI1          0.044         0.168         0.118         0.108         0.194
 PTGI2          0.027         0.173         0.132         0.098         0.166
 PTGI3          0.044         0.145         0.119         0.137         0.176
 PTGI4          0.070         0.103         0.075         0.023         0.092
 PTGI5          0.056         0.141         0.130         0.101         0.177
 IESR1          0.577         0.000        -0.062        -0.038        -0.048
 IESR2          0.550        -0.026        -0.048         0.007        -0.023
 IESR3          0.626         0.011        -0.018        -0.013        -0.086


           Covariances
              MSPSS3        NEURO1        NEURO2        EXTRA1        EXTRA2
              ________      ________      ________      ________      ________
 MSPSS3         1.044
 NEURO1        -0.218         0.972
 NEURO2        -0.237         0.655         1.002
 EXTRA1         0.288        -0.362        -0.414         0.928
 EXTRA2         0.249        -0.291        -0.323         0.363         0.889
 EXTRA3         0.243        -0.335        -0.377         0.385         0.390
 PTGI1          0.176        -0.022        -0.042         0.107         0.162
 PTGI2          0.127         0.019        -0.037         0.106         0.163
 PTGI3          0.126        -0.009        -0.048         0.087         0.184
 PTGI4          0.119        -0.023        -0.034         0.072         0.151
 PTGI5          0.144        -0.044        -0.061         0.163         0.234
 IESR1         -0.086         0.262         0.307        -0.044        -0.044
 IESR2         -0.083         0.253         0.288        -0.019        -0.027
 IESR3         -0.060         0.271         0.299        -0.004        -0.019


           Covariances
              EXTRA3        PTGI1         PTGI2         PTGI3         PTGI4
              ________      ________      ________      ________      ________
 EXTRA3         0.997
 PTGI1          0.133         0.999
 PTGI2          0.129         0.621         0.987
 PTGI3          0.141         0.638         0.608         0.967
 PTGI4          0.127         0.636         0.613         0.611         0.969
 PTGI5          0.201         0.650         0.630         0.645         0.631
 IESR1         -0.059         0.202         0.209         0.167         0.243
 IESR2         -0.052         0.208         0.210         0.166         0.255
 IESR3         -0.036         0.197         0.196         0.159         0.244


           Covariances
              PTGI5         IESR1         IESR2         IESR3
              ________      ________      ________      ________
 PTGI5          1.055
 IESR1          0.247         1.290
 IESR2          0.196         1.054         1.383
 IESR3          0.222         1.056         1.104         1.362


           Correlations
              P1            P2            P3            N1            N2
              ________      ________      ________      ________      ________
 P1             1.000
 P2             0.603         1.000
 P3             0.615         0.604         1.000
 N1            -0.178        -0.213        -0.178         1.000
 N2            -0.191        -0.206        -0.197         0.785         1.000
 N3            -0.182        -0.199        -0.184         0.784         0.790
 COPE1          0.324         0.360         0.309        -0.097        -0.052
 COPE2          0.373         0.355         0.281        -0.062        -0.018
 MSPSS1         0.134         0.134         0.102        -0.049        -0.082
 MSPSS2         0.136         0.095         0.107        -0.043        -0.077
 MSPSS3         0.111         0.134         0.165        -0.128        -0.134
 NEURO1        -0.251        -0.296        -0.248         0.419         0.387
 NEURO2        -0.272        -0.331        -0.280         0.454         0.435
 EXTRA1         0.066         0.164         0.078        -0.236        -0.208
 EXTRA2         0.111         0.167         0.130        -0.247        -0.207
 EXTRA3         0.161         0.197         0.132        -0.274        -0.239
 PTGI1          0.111         0.151         0.083         0.003        -0.008
 PTGI2          0.098         0.123         0.162         0.022         0.007
 PTGI3          0.128         0.145         0.114        -0.037        -0.002
 PTGI4          0.079         0.102         0.107         0.013         0.029
 PTGI5          0.098         0.129         0.127         0.029         0.014
 IESR1         -0.114        -0.116        -0.073         0.419         0.409
 IESR2         -0.090        -0.078        -0.052         0.431         0.406
 IESR3         -0.079        -0.054        -0.026         0.431         0.431


           Correlations
              N3            COPE1         COPE2         MSPSS1        MSPSS2
              ________      ________      ________      ________      ________
 N3             1.000
 COPE1         -0.071         1.000
 COPE2         -0.035         0.599         1.000
 MSPSS1        -0.059         0.106         0.076         1.000
 MSPSS2        -0.033         0.113         0.145         0.458         1.000
 MSPSS3        -0.100         0.104         0.124         0.514         0.505
 NEURO1         0.375        -0.175        -0.148        -0.146        -0.101
 NEURO2         0.421        -0.217        -0.204        -0.161        -0.105
 EXTRA1        -0.182         0.185         0.196         0.260         0.160
 EXTRA2        -0.232         0.124         0.113         0.199         0.160
 EXTRA3        -0.219         0.221         0.199         0.183         0.179
 PTGI1          0.037         0.178         0.124         0.113         0.194
 PTGI2          0.023         0.184         0.140         0.104         0.167
 PTGI3          0.038         0.156         0.128         0.147         0.178
 PTGI4          0.060         0.111         0.080         0.024         0.093
 PTGI5          0.046         0.145         0.133         0.103         0.172
 IESR1          0.426         0.000        -0.057        -0.035        -0.042
 IESR2          0.392        -0.023        -0.043         0.006        -0.019
 IESR3          0.450         0.010        -0.017        -0.012        -0.074


           Correlations
              MSPSS3        NEURO1        NEURO2        EXTRA1        EXTRA2
              ________      ________      ________      ________      ________
 MSPSS3         1.000
 NEURO1        -0.217         1.000
 NEURO2        -0.232         0.663         1.000
 EXTRA1         0.292        -0.381        -0.429         1.000
 EXTRA2         0.258        -0.313        -0.343         0.399         1.000
 EXTRA3         0.238        -0.340        -0.377         0.401         0.414
 PTGI1          0.172        -0.023        -0.042         0.111         0.172
 PTGI2          0.125         0.020        -0.037         0.110         0.174
 PTGI3          0.125        -0.009        -0.048         0.092         0.199
 PTGI4          0.118        -0.024        -0.034         0.076         0.162
 PTGI5          0.137        -0.043        -0.060         0.164         0.242
 IESR1         -0.074         0.234         0.270        -0.040        -0.041
 IESR2         -0.069         0.219         0.245        -0.017        -0.025
 IESR3         -0.051         0.235         0.256        -0.004        -0.017


           Correlations
              EXTRA3        PTGI1         PTGI2         PTGI3         PTGI4
              ________      ________      ________      ________      ________
 EXTRA3         1.000
 PTGI1          0.133         1.000
 PTGI2          0.130         0.625         1.000
 PTGI3          0.144         0.649         0.622         1.000
 PTGI4          0.129         0.646         0.627         0.631         1.000
 PTGI5          0.196         0.633         0.617         0.639         0.624
 IESR1         -0.052         0.178         0.185         0.149         0.217
 IESR2         -0.044         0.177         0.180         0.144         0.220
 IESR3         -0.031         0.169         0.169         0.139         0.212


           Correlations
              PTGI5         IESR1         IESR2         IESR3
              ________      ________      ________      ________
 PTGI5          1.000
 IESR1          0.212         1.000
 IESR2          0.162         0.789         1.000
 IESR3          0.185         0.797         0.804         1.000


MODEL FIT INFORMATION

Number of Free Parameters                       98

Loglikelihood

    H0 Value

        Mean                            -14632.166
        Std Dev                             77.617
        Number of successful computations    10000

             Proportions                   Percentiles
        Expected    Observed         Expected       Observed
           0.990       0.990       -14812.726     -14812.477
           0.980       0.979       -14791.568     -14792.700
           0.950       0.950       -14759.838     -14759.968
           0.900       0.902       -14731.640     -14730.936
           0.800       0.800       -14697.489     -14697.432
           0.700       0.706       -14672.869     -14671.773
           0.500       0.495       -14632.166     -14633.220
           0.300       0.297       -14591.464     -14591.916
           0.200       0.197       -14566.844     -14567.711
           0.100       0.098       -14532.693     -14533.520
           0.050       0.050       -14504.495     -14504.883
           0.020       0.022       -14472.765     -14468.981
           0.010       0.013       -14451.606     -14443.529

    H1 Value

        Mean                            -14516.728
        Std Dev                             78.415
        Number of successful computations    10000

             Proportions                   Percentiles
        Expected    Observed         Expected       Observed
           0.990       0.990       -14699.145     -14698.132
           0.980       0.979       -14677.769     -14679.467
           0.950       0.949       -14645.713     -14646.461
           0.900       0.902       -14617.225     -14616.430
           0.800       0.801       -14582.722     -14582.268
           0.700       0.700       -14557.849     -14557.860
           0.500       0.497       -14516.728     -14517.261
           0.300       0.298       -14475.607     -14476.069
           0.200       0.198       -14450.734     -14451.186
           0.100       0.097       -14416.231     -14417.367
           0.050       0.051       -14387.743     -14386.613
           0.020       0.021       -14355.687     -14353.268
           0.010       0.012       -14334.311     -14326.076

Information Criteria

    Akaike (AIC)

        Mean                             29460.333
        Std Dev                            155.234
        Number of successful computations    10000

             Proportions                   Percentiles
        Expected    Observed         Expected       Observed
           0.990       0.988        29099.213      29082.948
           0.980       0.978        29141.530      29133.961
           0.950       0.951        29204.989      29205.690
           0.900       0.902        29261.385      29262.858
           0.800       0.803        29329.688      29331.288
           0.700       0.703        29378.928      29379.830
           0.500       0.505        29460.333      29462.290
           0.300       0.294        29541.737      29539.542
           0.200       0.200        29590.978      29590.797
           0.100       0.098        29659.280      29657.803
           0.050       0.050        29715.677      29715.929
           0.020       0.021        29779.136      29781.241
           0.010       0.010        29821.453      29820.653

    Bayesian (BIC)

        Mean                             29873.364
        Std Dev                            155.234
        Number of successful computations    10000

             Proportions                   Percentiles
        Expected    Observed         Expected       Observed
           0.990       0.988        29512.244      29495.980
           0.980       0.978        29554.561      29546.992
           0.950       0.951        29618.021      29618.721
           0.900       0.902        29674.417      29675.890
           0.800       0.803        29742.720      29744.320
           0.700       0.703        29791.960      29792.862
           0.500       0.505        29873.364      29875.321
           0.300       0.294        29954.769      29952.573
           0.200       0.200        30004.009      30003.829
           0.100       0.098        30072.312      30070.834
           0.050       0.050        30128.708      30128.961
           0.020       0.021        30192.168      30194.273
           0.010       0.010        30234.484      30233.685

    Sample-Size Adjusted BIC (n* = (n + 2) / 24)

        Mean                             29562.306
        Std Dev                            155.234
        Number of successful computations    10000

             Proportions                   Percentiles
        Expected    Observed         Expected       Observed
           0.990       0.988        29201.186      29184.922
           0.980       0.978        29243.503      29235.934
           0.950       0.951        29306.963      29307.663
           0.900       0.902        29363.359      29364.832
           0.800       0.803        29431.662      29433.262
           0.700       0.703        29480.902      29481.804
           0.500       0.505        29562.306      29564.263
           0.300       0.294        29643.711      29641.515
           0.200       0.200        29692.951      29692.771
           0.100       0.098        29761.254      29759.776
           0.050       0.050        29817.650      29817.903
           0.020       0.021        29881.110      29883.215
           0.010       0.010        29923.426      29922.627

Chi-Square Test of Model Fit

        Degrees of freedom                     226

        Mean                               230.877
        Std Dev                             21.694
        Number of successful computations    10000

             Proportions                   Percentiles
        Expected    Observed         Expected       Observed
           0.990       0.995          179.499        183.306
           0.980       0.989          184.510        189.348
           0.950       0.971          192.203        196.507
           0.900       0.933          199.218        203.455
           0.800       0.853          207.940        212.194
           0.700       0.770          214.386        218.916
           0.500       0.591          225.334        230.207
           0.300       0.384          236.647        241.869
           0.200       0.273          243.671        249.004
           0.100       0.149          253.638        259.003
           0.050       0.079          262.070        267.227
           0.020       0.034          271.777        277.444
           0.010       0.018          278.379        284.612

RMSEA (Root Mean Square Error Of Approximation)

        Mean                                 0.007
        Std Dev                              0.007
        Number of successful computations    10000

        Cumulative Distribution Function
           Value    Function Value
           0.990       1.000
           0.980       1.000
           0.950       1.000
           0.900       1.000
           0.800       1.000
           0.700       1.000
           0.500       1.000
           0.300       1.000
           0.200       1.000
           0.100       1.000
           0.050       1.000
           0.020       0.965
           0.010       0.628

CFI/TLI

    CFI

        Mean                                 0.998
        Std Dev                              0.002
        Number of successful computations    10000

        Cumulative Distribution Function
           Value    Function Value
           0.990       0.007
           0.980       0.000
           0.950       0.000
           0.900       0.000
           0.800       0.000
           0.700       0.000
           0.500       0.000
           0.300       0.000
           0.200       0.000
           0.100       0.000
           0.050       0.000
           0.020       0.000
           0.010       0.000

    TLI

        Mean                                 0.998
        Std Dev                              0.003
        Number of successful computations    10000

        Cumulative Distribution Function
           Value    Function Value
           0.990       0.020
           0.980       0.000
           0.950       0.000
           0.900       0.000
           0.800       0.000
           0.700       0.000
           0.500       0.000
           0.300       0.000
           0.200       0.000
           0.100       0.000
           0.050       0.000
           0.020       0.000
           0.010       0.000

SRMR (Standardized Root Mean Square Residual)

        Mean                                 0.025
        Std Dev                              0.002
        Number of successful computations    10000

        Cumulative Distribution Function
           Value    Function Value
           0.990       1.000
           0.980       1.000
           0.950       1.000
           0.900       1.000
           0.800       1.000
           0.700       1.000
           0.500       1.000
           0.300       1.000
           0.200       1.000
           0.100       1.000
           0.050       1.000
           0.020       0.002
           0.010       0.000


MODEL RESULTS

                              ESTIMATES              S. E.     M. S. E.  95%  % Sig
                 Population   Average   Std. Dev.   Average             Cover Coeff

 P        BY
  P1                  0.720     0.7124     0.0423     0.0420     0.0018 0.942 1.000
  P2                  0.720     0.7124     0.0422     0.0421     0.0018 0.945 1.000
  P3                  0.720     0.7129     0.0428     0.0421     0.0019 0.939 1.000

 N        BY
  N1                  0.840     0.8306     0.0413     0.0408     0.0018 0.939 1.000
  N2                  0.840     0.8305     0.0410     0.0408     0.0018 0.942 1.000
  N3                  0.840     0.8307     0.0411     0.0408     0.0018 0.943 1.000

 COPE     BY
  COPE1               0.710     0.7104     0.0480     0.0471     0.0023 0.944 1.000
  COPE2               0.710     0.7095     0.0484     0.0471     0.0023 0.944 1.000

 MSPSS    BY
  MSPSS1              0.700     0.6987     0.0458     0.0460     0.0021 0.952 1.000
  MSPSS2              0.700     0.6995     0.0462     0.0460     0.0021 0.947 1.000
  MSPSS3              0.700     0.6985     0.0457     0.0460     0.0021 0.953 1.000

 NEURO    BY
  NEURO1              0.800     0.7989     0.0416     0.0415     0.0017 0.950 1.000
  NEURO2              0.800     0.7981     0.0410     0.0415     0.0017 0.952 1.000

 EXTRA    BY
  EXTRA1              0.670     0.6694     0.0457     0.0456     0.0021 0.949 1.000
  EXTRA2              0.670     0.6691     0.0456     0.0456     0.0021 0.950 1.000
  EXTRA3              0.670     0.6696     0.0462     0.0456     0.0021 0.948 1.000

 PTGI     BY
  PTGI1               0.790     0.7812     0.0392     0.0392     0.0016 0.941 1.000
  PTGI2               0.790     0.7811     0.0392     0.0392     0.0016 0.945 1.000
  PTGI3               0.790     0.7812     0.0392     0.0392     0.0016 0.939 1.000
  PTGI4               0.790     0.7809     0.0388     0.0392     0.0016 0.945 1.000
  PTGI5               0.790     0.7810     0.0390     0.0392     0.0016 0.943 1.000

 IESR     BY
  IESR1               0.850     0.8385     0.0375     0.0376     0.0015 0.938 1.000
  IESR2               0.850     0.8384     0.0376     0.0376     0.0015 0.936 1.000
  IESR3               0.850     0.8381     0.0377     0.0376     0.0016 0.934 1.000

 P        ON
  COPE                0.580     0.5895     0.0826     0.0829     0.0069 0.953 1.000
  MSPSS               0.040     0.0404     0.0807     0.0802     0.0065 0.953 0.077
  NEURO              -0.340    -0.3464     0.1051     0.1039     0.0111 0.954 0.926
  EXTRA              -0.080    -0.0840     0.1220     0.1200     0.0149 0.953 0.096

 N        ON
  COPE                0.180     0.1840     0.0724     0.0712     0.0053 0.951 0.746
  MSPSS              -0.030    -0.0317     0.0806     0.0783     0.0065 0.949 0.066
  NEURO               0.920     0.9388     0.1262     0.1240     0.0163 0.953 1.000
  EXTRA               0.060     0.0668     0.1205     0.1176     0.0146 0.953 0.069

 PTGI     ON
  P                   0.190     0.1923     0.0631     0.0624     0.0040 0.949 0.880
  N                   0.050     0.0500     0.0000     0.0000     0.0000 1.000 0.000
  COPE                0.070     0.0694     0.0806     0.0795     0.0065 0.953 0.149
  MSPSS               0.040     0.0373     0.0760     0.0743     0.0058 0.950 0.091
  NEURO               0.330     0.3413     0.1065     0.1046     0.0115 0.952 0.938
  EXTRA               0.410     0.4248     0.1217     0.1187     0.0150 0.952 0.972

 IESR     ON
  P                   0.070     0.0717     0.0616     0.0616     0.0038 0.954 0.208
  N                   0.460     0.4625     0.0635     0.0637     0.0040 0.954 1.000
  COPE               -0.020    -0.0215     0.0824     0.0812     0.0068 0.950 0.058
  MSPSS              -0.050    -0.0547     0.0770     0.0752     0.0060 0.953 0.102
  NEURO               0.290     0.3004     0.1318     0.1296     0.0175 0.956 0.652
  EXTRA               0.330     0.3442     0.1220     0.1191     0.0151 0.955 0.860

 IESR     WITH
  PTGI                0.230     0.2291     0.0536     0.0529     0.0029 0.946 0.983

 MSPSS    WITH
  COPE                0.250     0.2504     0.0582     0.0575     0.0034 0.947 0.987
  NEURO              -0.250    -0.2503     0.0558     0.0558     0.0031 0.950 0.991
  EXTRA               0.460     0.4597     0.0539     0.0527     0.0029 0.940 1.000

 NEURO    WITH
  COPE               -0.310    -0.3093     0.0554     0.0549     0.0031 0.945 1.000
  EXTRA              -0.660    -0.6593     0.0427     0.0427     0.0018 0.948 1.000

 EXTRA    WITH
  COPE                0.310     0.3093     0.0584     0.0579     0.0034 0.946 0.999

 Intercepts
  P1                  0.000     0.0007     0.0507     0.0504     0.0026 0.949 0.051
  P2                  0.000     0.0004     0.0509     0.0505     0.0026 0.947 0.053
  P3                  0.000     0.0000     0.0508     0.0505     0.0026 0.950 0.050
  N1                  0.000     0.0004     0.0554     0.0549     0.0031 0.949 0.051
  N2                  0.000    -0.0005     0.0552     0.0549     0.0030 0.949 0.051
  N3                  0.000     0.0004     0.0555     0.0549     0.0031 0.947 0.052
  COPE1               0.000     0.0004     0.0416     0.0415     0.0017 0.949 0.051
  COPE2               0.000    -0.0001     0.0417     0.0415     0.0017 0.948 0.052
  MSPSS1              0.000     0.0009     0.0448     0.0443     0.0020 0.948 0.052
  MSPSS2              0.000     0.0003     0.0444     0.0443     0.0020 0.948 0.052
  MSPSS3              0.000     0.0005     0.0444     0.0443     0.0020 0.949 0.051
  NEURO1              0.000    -0.0003     0.0453     0.0447     0.0020 0.948 0.052
  NEURO2              0.000    -0.0008     0.0454     0.0446     0.0021 0.947 0.053
  EXTRA1              0.000     0.0012     0.0444     0.0447     0.0020 0.952 0.048
  EXTRA2              0.000     0.0014     0.0447     0.0446     0.0020 0.949 0.051
  EXTRA3              0.000     0.0010     0.0441     0.0447     0.0019 0.951 0.049
  PTGI1               0.000     0.0006     0.0475     0.0473     0.0023 0.948 0.052
  PTGI2               0.000    -0.0001     0.0472     0.0473     0.0022 0.950 0.050
  PTGI3               0.000     0.0000     0.0476     0.0473     0.0023 0.947 0.053
  PTGI4               0.000     0.0004     0.0476     0.0473     0.0023 0.948 0.052
  PTGI5               0.000     0.0004     0.0475     0.0473     0.0023 0.946 0.054
  IESR1               0.000     0.0001     0.0525     0.0519     0.0028 0.943 0.057
  IESR2               0.000    -0.0002     0.0520     0.0519     0.0027 0.950 0.050
  IESR3               0.000    -0.0001     0.0524     0.0519     0.0027 0.944 0.056

 Variances
  COPE                1.000     1.0000     0.0000     0.0000     0.0000 1.000 0.000
  MSPSS               1.000     1.0000     0.0000     0.0000     0.0000 1.000 0.000
  NEURO               1.000     1.0000     0.0000     0.0000     0.0000 1.000 0.000
  EXTRA               1.000     1.0000     0.0000     0.0000     0.0000 1.000 0.000

 Residual Variances
  P1                  0.482     0.4787     0.0452     0.0453     0.0021 0.948 1.000
  P2                  0.482     0.4795     0.0458     0.0454     0.0021 0.944 1.000
  P3                  0.482     0.4799     0.0455     0.0454     0.0021 0.947 1.000
  N1                  0.294     0.2932     0.0280     0.0280     0.0008 0.949 1.000
  N2                  0.294     0.2935     0.0279     0.0280     0.0008 0.949 1.000
  N3                  0.294     0.2927     0.0280     0.0280     0.0008 0.946 1.000
  COPE1               0.360     0.3561     0.0521     0.0504     0.0027 0.950 1.000
  COPE2               0.360     0.3564     0.0521     0.0503     0.0027 0.946 1.000
  MSPSS1              0.496     0.4930     0.0475     0.0472     0.0023 0.949 1.000
  MSPSS2              0.496     0.4927     0.0480     0.0472     0.0023 0.944 1.000
  MSPSS3              0.496     0.4931     0.0473     0.0472     0.0022 0.948 1.000
  NEURO1              0.360     0.3579     0.0387     0.0381     0.0015 0.945 1.000
  NEURO2              0.360     0.3581     0.0383     0.0380     0.0015 0.949 1.000
  EXTRA1              0.551     0.5477     0.0477     0.0466     0.0023 0.939 1.000
  EXTRA2              0.551     0.5477     0.0470     0.0465     0.0022 0.945 1.000
  EXTRA3              0.551     0.5480     0.0472     0.0466     0.0022 0.946 1.000
  PTGI1               0.376     0.3738     0.0294     0.0296     0.0009 0.947 1.000
  PTGI2               0.376     0.3739     0.0297     0.0296     0.0009 0.944 1.000
  PTGI3               0.376     0.3744     0.0298     0.0296     0.0009 0.945 1.000
  PTGI4               0.376     0.3743     0.0295     0.0296     0.0009 0.947 1.000
  PTGI5               0.376     0.3745     0.0298     0.0297     0.0009 0.950 1.000
  IESR1               0.278     0.2760     0.0271     0.0268     0.0007 0.944 1.000
  IESR2               0.278     0.2766     0.0267     0.0268     0.0007 0.949 1.000
  IESR3               0.278     0.2767     0.0266     0.0268     0.0007 0.950 1.000
  P                   1.000     1.0000     0.0000     0.0000     0.0000 1.000 0.000
  N                   1.000     1.0000     0.0000     0.0000     0.0000 1.000 0.000
  PTGI                1.000     1.0000     0.0000     0.0000     0.0000 1.000 0.000
  IESR                1.000     1.0000     0.0000     0.0000     0.0000 1.000 0.000


QUALITY OF NUMERICAL RESULTS

     Average Condition Number for the Information Matrix      0.901E-02
       (ratio of smallest to largest eigenvalue)


TECHNICAL OUTPUT


     PARAMETER SPECIFICATION


           NU
              P1            P2            P3            N1            N2
              ________      ________      ________      ________      ________
                  1             2             3             4             5


           NU
              N3            COPE1         COPE2         MSPSS1        MSPSS2
              ________      ________      ________      ________      ________
                  6             7             8             9            10


           NU
              MSPSS3        NEURO1        NEURO2        EXTRA1        EXTRA2
              ________      ________      ________      ________      ________
                 11            12            13            14            15


           NU
              EXTRA3        PTGI1         PTGI2         PTGI3         PTGI4
              ________      ________      ________      ________      ________
                 16            17            18            19            20


           NU
              PTGI5         IESR1         IESR2         IESR3
              ________      ________      ________      ________
                 21            22            23            24


           LAMBDA
              P             N             COPE          MSPSS         NEURO
              ________      ________      ________      ________      ________
 P1                25             0             0             0             0
 P2                26             0             0             0             0
 P3                27             0             0             0             0
 N1                 0            28             0             0             0
 N2                 0            29             0             0             0
 N3                 0            30             0             0             0
 COPE1              0             0            31             0             0
 COPE2              0             0            32             0             0
 MSPSS1             0             0             0            33             0
 MSPSS2             0             0             0            34             0
 MSPSS3             0             0             0            35             0
 NEURO1             0             0             0             0            36
 NEURO2             0             0             0             0            37
 EXTRA1             0             0             0             0             0
 EXTRA2             0             0             0             0             0
 EXTRA3             0             0             0             0             0
 PTGI1              0             0             0             0             0
 PTGI2              0             0             0             0             0
 PTGI3              0             0             0             0             0
 PTGI4              0             0             0             0             0
 PTGI5              0             0             0             0             0
 IESR1              0             0             0             0             0
 IESR2              0             0             0             0             0
 IESR3              0             0             0             0             0


           LAMBDA
              EXTRA         PTGI          IESR
              ________      ________      ________
 P1                 0             0             0
 P2                 0             0             0
 P3                 0             0             0
 N1                 0             0             0
 N2                 0             0             0
 N3                 0             0             0
 COPE1              0             0             0
 COPE2              0             0             0
 MSPSS1             0             0             0
 MSPSS2             0             0             0
 MSPSS3             0             0             0
 NEURO1             0             0             0
 NEURO2             0             0             0
 EXTRA1            38             0             0
 EXTRA2            39             0             0
 EXTRA3            40             0             0
 PTGI1              0            41             0
 PTGI2              0            42             0
 PTGI3              0            43             0
 PTGI4              0            44             0
 PTGI5              0            45             0
 IESR1              0             0            46
 IESR2              0             0            47
 IESR3              0             0            48


           THETA
              P1            P2            P3            N1            N2
              ________      ________      ________      ________      ________
 P1                49
 P2                 0            50
 P3                 0             0            51
 N1                 0             0             0            52
 N2                 0             0             0             0            53
 N3                 0             0             0             0             0
 COPE1              0             0             0             0             0
 COPE2              0             0             0             0             0
 MSPSS1             0             0             0             0             0
 MSPSS2             0             0             0             0             0
 MSPSS3             0             0             0             0             0
 NEURO1             0             0             0             0             0
 NEURO2             0             0             0             0             0
 EXTRA1             0             0             0             0             0
 EXTRA2             0             0             0             0             0
 EXTRA3             0             0             0             0             0
 PTGI1              0             0             0             0             0
 PTGI2              0             0             0             0             0
 PTGI3              0             0             0             0             0
 PTGI4              0             0             0             0             0
 PTGI5              0             0             0             0             0
 IESR1              0             0             0             0             0
 IESR2              0             0             0             0             0
 IESR3              0             0             0             0             0


           THETA
              N3            COPE1         COPE2         MSPSS1        MSPSS2
              ________      ________      ________      ________      ________
 N3                54
 COPE1              0            55
 COPE2              0             0            56
 MSPSS1             0             0             0            57
 MSPSS2             0             0             0             0            58
 MSPSS3             0             0             0             0             0
 NEURO1             0             0             0             0             0
 NEURO2             0             0             0             0             0
 EXTRA1             0             0             0             0             0
 EXTRA2             0             0             0             0             0
 EXTRA3             0             0             0             0             0
 PTGI1              0             0             0             0             0
 PTGI2              0             0             0             0             0
 PTGI3              0             0             0             0             0
 PTGI4              0             0             0             0             0
 PTGI5              0             0             0             0             0
 IESR1              0             0             0             0             0
 IESR2              0             0             0             0             0
 IESR3              0             0             0             0             0


           THETA
              MSPSS3        NEURO1        NEURO2        EXTRA1        EXTRA2
              ________      ________      ________      ________      ________
 MSPSS3            59
 NEURO1             0            60
 NEURO2             0             0            61
 EXTRA1             0             0             0            62
 EXTRA2             0             0             0             0            63
 EXTRA3             0             0             0             0             0
 PTGI1              0             0             0             0             0
 PTGI2              0             0             0             0             0
 PTGI3              0             0             0             0             0
 PTGI4              0             0             0             0             0
 PTGI5              0             0             0             0             0
 IESR1              0             0             0             0             0
 IESR2              0             0             0             0             0
 IESR3              0             0             0             0             0


           THETA
              EXTRA3        PTGI1         PTGI2         PTGI3         PTGI4
              ________      ________      ________      ________      ________
 EXTRA3            64
 PTGI1              0            65
 PTGI2              0             0            66
 PTGI3              0             0             0            67
 PTGI4              0             0             0             0            68
 PTGI5              0             0             0             0             0
 IESR1              0             0             0             0             0
 IESR2              0             0             0             0             0
 IESR3              0             0             0             0             0


           THETA
              PTGI5         IESR1         IESR2         IESR3
              ________      ________      ________      ________
 PTGI5             69
 IESR1              0            70
 IESR2              0             0            71
 IESR3              0             0             0            72


           ALPHA
              P             N             COPE          MSPSS         NEURO
              ________      ________      ________      ________      ________
                  0             0             0             0             0


           ALPHA
              EXTRA         PTGI          IESR
              ________      ________      ________
                  0             0             0


           BETA
              P             N             COPE          MSPSS         NEURO
              ________      ________      ________      ________      ________
 P                  0             0            73            74            75
 N                  0             0            77            78            79
 COPE               0             0             0             0             0
 MSPSS              0             0             0             0             0
 NEURO              0             0             0             0             0
 EXTRA              0             0             0             0             0
 PTGI              81             0            82            83            84
 IESR              86            87            88            89            90


           BETA
              EXTRA         PTGI          IESR
              ________      ________      ________
 P                 76             0             0
 N                 80             0             0
 COPE               0             0             0
 MSPSS              0             0             0
 NEURO              0             0             0
 EXTRA              0             0             0
 PTGI              85             0             0
 IESR              91             0             0


           PSI
              P             N             COPE          MSPSS         NEURO
              ________      ________      ________      ________      ________
 P                  0
 N                  0             0
 COPE               0             0             0
 MSPSS              0             0            92             0
 NEURO              0             0            93            94             0
 EXTRA              0             0            95            96            97
 PTGI               0             0             0             0             0
 IESR               0             0             0             0             0


           PSI
              EXTRA         PTGI          IESR
              ________      ________      ________
 EXTRA              0
 PTGI               0             0
 IESR               0            98             0


     STARTING VALUES


           NU
              P1            P2            P3            N1            N2
              ________      ________      ________      ________      ________
                0.000         0.000         0.000         0.000         0.000


           NU
              N3            COPE1         COPE2         MSPSS1        MSPSS2
              ________      ________      ________      ________      ________
                0.000         0.000         0.000         0.000         0.000


           NU
              MSPSS3        NEURO1        NEURO2        EXTRA1        EXTRA2
              ________      ________      ________      ________      ________
                0.000         0.000         0.000         0.000         0.000


           NU
              EXTRA3        PTGI1         PTGI2         PTGI3         PTGI4
              ________      ________      ________      ________      ________
                0.000         0.000         0.000         0.000         0.000


           NU
              PTGI5         IESR1         IESR2         IESR3
              ________      ________      ________      ________
                0.000         0.000         0.000         0.000


           LAMBDA
              P             N             COPE          MSPSS         NEURO
              ________      ________      ________      ________      ________
 P1             0.720         0.000         0.000         0.000         0.000
 P2             0.720         0.000         0.000         0.000         0.000
 P3             0.720         0.000         0.000         0.000         0.000
 N1             0.000         0.840         0.000         0.000         0.000
 N2             0.000         0.840         0.000         0.000         0.000
 N3             0.000         0.840         0.000         0.000         0.000
 COPE1          0.000         0.000         0.710         0.000         0.000
 COPE2          0.000         0.000         0.710         0.000         0.000
 MSPSS1         0.000         0.000         0.000         0.700         0.000
 MSPSS2         0.000         0.000         0.000         0.700         0.000
 MSPSS3         0.000         0.000         0.000         0.700         0.000
 NEURO1         0.000         0.000         0.000         0.000         0.800
 NEURO2         0.000         0.000         0.000         0.000         0.800
 EXTRA1         0.000         0.000         0.000         0.000         0.000
 EXTRA2         0.000         0.000         0.000         0.000         0.000
 EXTRA3         0.000         0.000         0.000         0.000         0.000
 PTGI1          0.000         0.000         0.000         0.000         0.000
 PTGI2          0.000         0.000         0.000         0.000         0.000
 PTGI3          0.000         0.000         0.000         0.000         0.000
 PTGI4          0.000         0.000         0.000         0.000         0.000
 PTGI5          0.000         0.000         0.000         0.000         0.000
 IESR1          0.000         0.000         0.000         0.000         0.000
 IESR2          0.000         0.000         0.000         0.000         0.000
 IESR3          0.000         0.000         0.000         0.000         0.000


           LAMBDA
              EXTRA         PTGI          IESR
              ________      ________      ________
 P1             0.000         0.000         0.000
 P2             0.000         0.000         0.000
 P3             0.000         0.000         0.000
 N1             0.000         0.000         0.000
 N2             0.000         0.000         0.000
 N3             0.000         0.000         0.000
 COPE1          0.000         0.000         0.000
 COPE2          0.000         0.000         0.000
 MSPSS1         0.000         0.000         0.000
 MSPSS2         0.000         0.000         0.000
 MSPSS3         0.000         0.000         0.000
 NEURO1         0.000         0.000         0.000
 NEURO2         0.000         0.000         0.000
 EXTRA1         0.670         0.000         0.000
 EXTRA2         0.670         0.000         0.000
 EXTRA3         0.670         0.000         0.000
 PTGI1          0.000         0.790         0.000
 PTGI2          0.000         0.790         0.000
 PTGI3          0.000         0.790         0.000
 PTGI4          0.000         0.790         0.000
 PTGI5          0.000         0.790         0.000
 IESR1          0.000         0.000         0.850
 IESR2          0.000         0.000         0.850
 IESR3          0.000         0.000         0.850


           THETA
              P1            P2            P3            N1            N2
              ________      ________      ________      ________      ________
 P1             0.482
 P2             0.000         0.482
 P3             0.000         0.000         0.482
 N1             0.000         0.000         0.000         0.294
 N2             0.000         0.000         0.000         0.000         0.294
 N3             0.000         0.000         0.000         0.000         0.000
 COPE1          0.000         0.000         0.000         0.000         0.000
 COPE2          0.000         0.000         0.000         0.000         0.000
 MSPSS1         0.000         0.000         0.000         0.000         0.000
 MSPSS2         0.000         0.000         0.000         0.000         0.000
 MSPSS3         0.000         0.000         0.000         0.000         0.000
 NEURO1         0.000         0.000         0.000         0.000         0.000
 NEURO2         0.000         0.000         0.000         0.000         0.000
 EXTRA1         0.000         0.000         0.000         0.000         0.000
 EXTRA2         0.000         0.000         0.000         0.000         0.000
 EXTRA3         0.000         0.000         0.000         0.000         0.000
 PTGI1          0.000         0.000         0.000         0.000         0.000
 PTGI2          0.000         0.000         0.000         0.000         0.000
 PTGI3          0.000         0.000         0.000         0.000         0.000
 PTGI4          0.000         0.000         0.000         0.000         0.000
 PTGI5          0.000         0.000         0.000         0.000         0.000
 IESR1          0.000         0.000         0.000         0.000         0.000
 IESR2          0.000         0.000         0.000         0.000         0.000
 IESR3          0.000         0.000         0.000         0.000         0.000


           THETA
              N3            COPE1         COPE2         MSPSS1        MSPSS2
              ________      ________      ________      ________      ________
 N3             0.294
 COPE1          0.000         0.360
 COPE2          0.000         0.000         0.360
 MSPSS1         0.000         0.000         0.000         0.496
 MSPSS2         0.000         0.000         0.000         0.000         0.496
 MSPSS3         0.000         0.000         0.000         0.000         0.000
 NEURO1         0.000         0.000         0.000         0.000         0.000
 NEURO2         0.000         0.000         0.000         0.000         0.000
 EXTRA1         0.000         0.000         0.000         0.000         0.000
 EXTRA2         0.000         0.000         0.000         0.000         0.000
 EXTRA3         0.000         0.000         0.000         0.000         0.000
 PTGI1          0.000         0.000         0.000         0.000         0.000
 PTGI2          0.000         0.000         0.000         0.000         0.000
 PTGI3          0.000         0.000         0.000         0.000         0.000
 PTGI4          0.000         0.000         0.000         0.000         0.000
 PTGI5          0.000         0.000         0.000         0.000         0.000
 IESR1          0.000         0.000         0.000         0.000         0.000
 IESR2          0.000         0.000         0.000         0.000         0.000
 IESR3          0.000         0.000         0.000         0.000         0.000


           THETA
              MSPSS3        NEURO1        NEURO2        EXTRA1        EXTRA2
              ________      ________      ________      ________      ________
 MSPSS3         0.496
 NEURO1         0.000         0.360
 NEURO2         0.000         0.000         0.360
 EXTRA1         0.000         0.000         0.000         0.551
 EXTRA2         0.000         0.000         0.000         0.000         0.551
 EXTRA3         0.000         0.000         0.000         0.000         0.000
 PTGI1          0.000         0.000         0.000         0.000         0.000
 PTGI2          0.000         0.000         0.000         0.000         0.000
 PTGI3          0.000         0.000         0.000         0.000         0.000
 PTGI4          0.000         0.000         0.000         0.000         0.000
 PTGI5          0.000         0.000         0.000         0.000         0.000
 IESR1          0.000         0.000         0.000         0.000         0.000
 IESR2          0.000         0.000         0.000         0.000         0.000
 IESR3          0.000         0.000         0.000         0.000         0.000


           THETA
              EXTRA3        PTGI1         PTGI2         PTGI3         PTGI4
              ________      ________      ________      ________      ________
 EXTRA3         0.551
 PTGI1          0.000         0.376
 PTGI2          0.000         0.000         0.376
 PTGI3          0.000         0.000         0.000         0.376
 PTGI4          0.000         0.000         0.000         0.000         0.376
 PTGI5          0.000         0.000         0.000         0.000         0.000
 IESR1          0.000         0.000         0.000         0.000         0.000
 IESR2          0.000         0.000         0.000         0.000         0.000
 IESR3          0.000         0.000         0.000         0.000         0.000


           THETA
              PTGI5         IESR1         IESR2         IESR3
              ________      ________      ________      ________
 PTGI5          0.376
 IESR1          0.000         0.278
 IESR2          0.000         0.000         0.278
 IESR3          0.000         0.000         0.000         0.278


           ALPHA
              P             N             COPE          MSPSS         NEURO
              ________      ________      ________      ________      ________
                0.000         0.000         0.000         0.000         0.000


           ALPHA
              EXTRA         PTGI          IESR
              ________      ________      ________
                0.000         0.000         0.000


           BETA
              P             N             COPE          MSPSS         NEURO
              ________      ________      ________      ________      ________
 P              0.000         0.000         0.580         0.040        -0.340
 N              0.000         0.000         0.180        -0.030         0.920
 COPE           0.000         0.000         0.000         0.000         0.000
 MSPSS          0.000         0.000         0.000         0.000         0.000
 NEURO          0.000         0.000         0.000         0.000         0.000
 EXTRA          0.000         0.000         0.000         0.000         0.000
 PTGI           0.190         0.050         0.070         0.040         0.330
 IESR           0.070         0.460        -0.020        -0.050         0.290


           BETA
              EXTRA         PTGI          IESR
              ________      ________      ________
 P             -0.080         0.000         0.000
 N              0.060         0.000         0.000
 COPE           0.000         0.000         0.000
 MSPSS          0.000         0.000         0.000
 NEURO          0.000         0.000         0.000
 EXTRA          0.000         0.000         0.000
 PTGI           0.410         0.000         0.000
 IESR           0.330         0.000         0.000


           PSI
              P             N             COPE          MSPSS         NEURO
              ________      ________      ________      ________      ________
 P              1.000
 N              0.000         1.000
 COPE           0.000         0.000         1.000
 MSPSS          0.000         0.000         0.250         1.000
 NEURO          0.000         0.000        -0.310        -0.250         1.000
 EXTRA          0.000         0.000         0.310         0.460        -0.660
 PTGI           0.000         0.000         0.000         0.000         0.000
 IESR           0.000         0.000         0.000         0.000         0.000


           PSI
              EXTRA         PTGI          IESR
              ________      ________      ________
 EXTRA          1.000
 PTGI           0.000         1.000
 IESR           0.000         0.230         1.000


     POPULATION VALUES


           NU
              P1            P2            P3            N1            N2
              ________      ________      ________      ________      ________
                0.000         0.000         0.000         0.000         0.000


           NU
              N3            COPE1         COPE2         MSPSS1        MSPSS2
              ________      ________      ________      ________      ________
                0.000         0.000         0.000         0.000         0.000


           NU
              MSPSS3        NEURO1        NEURO2        EXTRA1        EXTRA2
              ________      ________      ________      ________      ________
                0.000         0.000         0.000         0.000         0.000


           NU
              EXTRA3        PTGI1         PTGI2         PTGI3         PTGI4
              ________      ________      ________      ________      ________
                0.000         0.000         0.000         0.000         0.000


           NU
              PTGI5         IESR1         IESR2         IESR3
              ________      ________      ________      ________
                0.000         0.000         0.000         0.000


           LAMBDA
              P             N             COPE          MSPSS         NEURO
              ________      ________      ________      ________      ________
 P1             0.720         0.000         0.000         0.000         0.000
 P2             0.720         0.000         0.000         0.000         0.000
 P3             0.720         0.000         0.000         0.000         0.000
 N1             0.000         0.840         0.000         0.000         0.000
 N2             0.000         0.840         0.000         0.000         0.000
 N3             0.000         0.840         0.000         0.000         0.000
 COPE1          0.000         0.000         0.710         0.000         0.000
 COPE2          0.000         0.000         0.710         0.000         0.000
 MSPSS1         0.000         0.000         0.000         0.700         0.000
 MSPSS2         0.000         0.000         0.000         0.700         0.000
 MSPSS3         0.000         0.000         0.000         0.700         0.000
 NEURO1         0.000         0.000         0.000         0.000         0.800
 NEURO2         0.000         0.000         0.000         0.000         0.800
 EXTRA1         0.000         0.000         0.000         0.000         0.000
 EXTRA2         0.000         0.000         0.000         0.000         0.000
 EXTRA3         0.000         0.000         0.000         0.000         0.000
 PTGI1          0.000         0.000         0.000         0.000         0.000
 PTGI2          0.000         0.000         0.000         0.000         0.000
 PTGI3          0.000         0.000         0.000         0.000         0.000
 PTGI4          0.000         0.000         0.000         0.000         0.000
 PTGI5          0.000         0.000         0.000         0.000         0.000
 IESR1          0.000         0.000         0.000         0.000         0.000
 IESR2          0.000         0.000         0.000         0.000         0.000
 IESR3          0.000         0.000         0.000         0.000         0.000


           LAMBDA
              EXTRA         PTGI          IESR
              ________      ________      ________
 P1             0.000         0.000         0.000
 P2             0.000         0.000         0.000
 P3             0.000         0.000         0.000
 N1             0.000         0.000         0.000
 N2             0.000         0.000         0.000
 N3             0.000         0.000         0.000
 COPE1          0.000         0.000         0.000
 COPE2          0.000         0.000         0.000
 MSPSS1         0.000         0.000         0.000
 MSPSS2         0.000         0.000         0.000
 MSPSS3         0.000         0.000         0.000
 NEURO1         0.000         0.000         0.000
 NEURO2         0.000         0.000         0.000
 EXTRA1         0.670         0.000         0.000
 EXTRA2         0.670         0.000         0.000
 EXTRA3         0.670         0.000         0.000
 PTGI1          0.000         0.790         0.000
 PTGI2          0.000         0.790         0.000
 PTGI3          0.000         0.790         0.000
 PTGI4          0.000         0.790         0.000
 PTGI5          0.000         0.790         0.000
 IESR1          0.000         0.000         0.850
 IESR2          0.000         0.000         0.850
 IESR3          0.000         0.000         0.850


           THETA
              P1            P2            P3            N1            N2
              ________      ________      ________      ________      ________
 P1             0.482
 P2             0.000         0.482
 P3             0.000         0.000         0.482
 N1             0.000         0.000         0.000         0.294
 N2             0.000         0.000         0.000         0.000         0.294
 N3             0.000         0.000         0.000         0.000         0.000
 COPE1          0.000         0.000         0.000         0.000         0.000
 COPE2          0.000         0.000         0.000         0.000         0.000
 MSPSS1         0.000         0.000         0.000         0.000         0.000
 MSPSS2         0.000         0.000         0.000         0.000         0.000
 MSPSS3         0.000         0.000         0.000         0.000         0.000
 NEURO1         0.000         0.000         0.000         0.000         0.000
 NEURO2         0.000         0.000         0.000         0.000         0.000
 EXTRA1         0.000         0.000         0.000         0.000         0.000
 EXTRA2         0.000         0.000         0.000         0.000         0.000
 EXTRA3         0.000         0.000         0.000         0.000         0.000
 PTGI1          0.000         0.000         0.000         0.000         0.000
 PTGI2          0.000         0.000         0.000         0.000         0.000
 PTGI3          0.000         0.000         0.000         0.000         0.000
 PTGI4          0.000         0.000         0.000         0.000         0.000
 PTGI5          0.000         0.000         0.000         0.000         0.000
 IESR1          0.000         0.000         0.000         0.000         0.000
 IESR2          0.000         0.000         0.000         0.000         0.000
 IESR3          0.000         0.000         0.000         0.000         0.000


           THETA
              N3            COPE1         COPE2         MSPSS1        MSPSS2
              ________      ________      ________      ________      ________
 N3             0.294
 COPE1          0.000         0.360
 COPE2          0.000         0.000         0.360
 MSPSS1         0.000         0.000         0.000         0.496
 MSPSS2         0.000         0.000         0.000         0.000         0.496
 MSPSS3         0.000         0.000         0.000         0.000         0.000
 NEURO1         0.000         0.000         0.000         0.000         0.000
 NEURO2         0.000         0.000         0.000         0.000         0.000
 EXTRA1         0.000         0.000         0.000         0.000         0.000
 EXTRA2         0.000         0.000         0.000         0.000         0.000
 EXTRA3         0.000         0.000         0.000         0.000         0.000
 PTGI1          0.000         0.000         0.000         0.000         0.000
 PTGI2          0.000         0.000         0.000         0.000         0.000
 PTGI3          0.000         0.000         0.000         0.000         0.000
 PTGI4          0.000         0.000         0.000         0.000         0.000
 PTGI5          0.000         0.000         0.000         0.000         0.000
 IESR1          0.000         0.000         0.000         0.000         0.000
 IESR2          0.000         0.000         0.000         0.000         0.000
 IESR3          0.000         0.000         0.000         0.000         0.000


           THETA
              MSPSS3        NEURO1        NEURO2        EXTRA1        EXTRA2
              ________      ________      ________      ________      ________
 MSPSS3         0.496
 NEURO1         0.000         0.360
 NEURO2         0.000         0.000         0.360
 EXTRA1         0.000         0.000         0.000         0.551
 EXTRA2         0.000         0.000         0.000         0.000         0.551
 EXTRA3         0.000         0.000         0.000         0.000         0.000
 PTGI1          0.000         0.000         0.000         0.000         0.000
 PTGI2          0.000         0.000         0.000         0.000         0.000
 PTGI3          0.000         0.000         0.000         0.000         0.000
 PTGI4          0.000         0.000         0.000         0.000         0.000
 PTGI5          0.000         0.000         0.000         0.000         0.000
 IESR1          0.000         0.000         0.000         0.000         0.000
 IESR2          0.000         0.000         0.000         0.000         0.000
 IESR3          0.000         0.000         0.000         0.000         0.000


           THETA
              EXTRA3        PTGI1         PTGI2         PTGI3         PTGI4
              ________      ________      ________      ________      ________
 EXTRA3         0.551
 PTGI1          0.000         0.376
 PTGI2          0.000         0.000         0.376
 PTGI3          0.000         0.000         0.000         0.376
 PTGI4          0.000         0.000         0.000         0.000         0.376
 PTGI5          0.000         0.000         0.000         0.000         0.000
 IESR1          0.000         0.000         0.000         0.000         0.000
 IESR2          0.000         0.000         0.000         0.000         0.000
 IESR3          0.000         0.000         0.000         0.000         0.000


           THETA
              PTGI5         IESR1         IESR2         IESR3
              ________      ________      ________      ________
 PTGI5          0.376
 IESR1          0.000         0.278
 IESR2          0.000         0.000         0.278
 IESR3          0.000         0.000         0.000         0.278


           ALPHA
              P             N             COPE          MSPSS         NEURO
              ________      ________      ________      ________      ________
                0.000         0.000         0.000         0.000         0.000


           ALPHA
              EXTRA         PTGI          IESR
              ________      ________      ________
                0.000         0.000         0.000


           BETA
              P             N             COPE          MSPSS         NEURO
              ________      ________      ________      ________      ________
 P              0.000         0.000         0.580         0.040        -0.340
 N              0.000         0.000         0.180        -0.030         0.920
 COPE           0.000         0.000         0.000         0.000         0.000
 MSPSS          0.000         0.000         0.000         0.000         0.000
 NEURO          0.000         0.000         0.000         0.000         0.000
 EXTRA          0.000         0.000         0.000         0.000         0.000
 PTGI           0.190         0.050         0.070         0.040         0.330
 IESR           0.070         0.460        -0.020        -0.050         0.290


           BETA
              EXTRA         PTGI          IESR
              ________      ________      ________
 P             -0.080         0.000         0.000
 N              0.060         0.000         0.000
 COPE           0.000         0.000         0.000
 MSPSS          0.000         0.000         0.000
 NEURO          0.000         0.000         0.000
 EXTRA          0.000         0.000         0.000
 PTGI           0.410         0.000         0.000
 IESR           0.330         0.000         0.000


           PSI
              P             N             COPE          MSPSS         NEURO
              ________      ________      ________      ________      ________
 P              1.000
 N              0.000         1.000
 COPE           0.000         0.000         1.000
 MSPSS          0.000         0.000         0.250         1.000
 NEURO          0.000         0.000        -0.310        -0.250         1.000
 EXTRA          0.000         0.000         0.310         0.460        -0.660
 PTGI           0.000         0.000         0.000         0.000         0.000
 IESR           0.000         0.000         0.000         0.000         0.000


           PSI
              EXTRA         PTGI          IESR
              ________      ________      ________
 EXTRA          1.000
 PTGI           0.000         1.000
 IESR           0.000         0.230         1.000


TECHNICAL 9 OUTPUT

  Error messages for each replication (if any)



     Beginning Time:  09:06:53
        Ending Time:  09:15:17
       Elapsed Time:  00:08:24



MUTHEN & MUTHEN
3463 Stoner Ave.
Los Angeles, CA  90066

Tel: (310) 391-9971
Fax: (310) 391-8971
Web: www.StatModel.com
Support: Support@StatModel.com

Copyright (c) 1998-2021 Muthen & Muthen
