Mplus VERSION 8.6 (Mac)
MUTHEN & MUTHEN
11/12/2022   8:24 AM

INPUT INSTRUCTIONS

  TITLE: Monte Carlo simulation for testing regression coefficients.
  MONTECARLO:
     NAMES = P1-P3 N1-N3
             COPE1-COPE2
             MSPSS1-MSPSS3
             NEURO1-NEURO2
             EXTRA1-EXTRA3
             PTGI1-PTGI5
             IESR1-IESR3
             ;
  NOBSERVATIONS = 200;  !746
  NREPS = 10000; ! 10000
  SEED = 12345;
  MODEL POPULATION:
    [
    P1-P3@0
    N1-N3@0
    COPE1-COPE2@0
    MSPSS1-MSPSS3@0
    NEURO1-NEURO2@0
    EXTRA1-EXTRA3@0
    PTGI1-PTGI5@0
    IESR1-IESR3@0
    ];

  P BY P1-P3@.72;
  P@1;
  P1-P3@.4816;

  N BY N1-N3@.84;
  N@1;
  N1-N3@.2944;

  COPE BY COPE1-COPE2@.71;
  COPE@1;
  COPE1-COPE2@.36;

  MSPSS BY MSPSS1-MSPSS3@.7;
  MSPSS@1;
  MSPSS1-MSPSS3@.4959;

  NEURO BY NEURO1-NEURO2@.8;
  NEURO@1;
  NEURO1-NEURO2@.36;

  EXTRA BY EXTRA1-EXTRA3@.67;
  EXTRA@1;
  EXTRA1-EXTRA3@.5511;

  PTGI BY PTGI1-PTGI5@.79;
  PTGI@1;
  PTGI1-PTGI5@.3759;

  IESR BY IESR1-IESR3@.85;
  IESR@1;
  IESR1-IESR3@.2775;

  P ON COPE@.58 MSPSS@.04 NEURO@-.34 EXTRA@-.08;
  N ON COPE@.18 MSPSS@-.03 NEURO@.92 EXTRA@.06;

  PTGI ON P@.19 N@.05 COPE@.07 MSPSS@.04 NEURO@.33 EXTRA@.41;
  IESR ON P@.07 N@.46 COPE@-.02 MSPSS@-.05 NEURO@.29 EXTRA@.33;

  IESR WITH PTGI@.23;
  MSPSS WITH COPE@.25;
  NEURO WITH COPE@-.31;
  NEURO WITH MSPSS@-.25;
  EXTRA WITH COPE@.31;
  EXTRA WITH MSPSS@.46;
  EXTRA WITH NEURO@-.66;

  MODEL:
    [
    P1-P3*0
    N1-N3*0
    COPE1-COPE2*0
    MSPSS1-MSPSS3*0
    NEURO1-NEURO2*0
    EXTRA1-EXTRA3*0
    PTGI1-PTGI5*0
    IESR1-IESR3*0
    ];

  P BY P1-P3*.72;
  P@1;
  P1-P3*.4816;

  N BY N1-N3*.84;
  N@1;
  N1-N3*.2944;

  COPE BY COPE1-COPE2*.71;
  COPE@1;
  COPE1-COPE2*.36;

  MSPSS BY MSPSS1-MSPSS3*.7;
  MSPSS@1;
  MSPSS1-MSPSS3*.4959;

  NEURO BY NEURO1-NEURO2*.8;
  NEURO@1;
  NEURO1-NEURO2*.36;

  EXTRA BY EXTRA1-EXTRA3*.67;
  EXTRA@1;
  EXTRA1-EXTRA3*.5511;

  PTGI BY PTGI1-PTGI5*.79;
  PTGI@1;
  PTGI1-PTGI5*.3759;

  IESR BY IESR1-IESR3*.85;
  IESR@1;
  IESR1-IESR3*.2775;

  P ON COPE*.58 MSPSS*.04 NEURO*-.34 EXTRA*-.08;
  N ON COPE*.18 MSPSS*-.03 NEURO*.92 EXTRA*.06;

  PTGI ON P*.19 N@.05 COPE*.07 MSPSS*.04 NEURO*.33 EXTRA*.41;
  IESR ON P*.07 N*.46 COPE*-.02 MSPSS*-.05 NEURO*.29 EXTRA*.33;

  IESR WITH PTGI*.23;
  MSPSS WITH COPE*.25;
  NEURO WITH COPE*-.31;
  NEURO WITH MSPSS*-.25;
  EXTRA WITH COPE*.31;
  EXTRA WITH MSPSS*.46;
  EXTRA WITH NEURO*-.66;

  OUTPUT: TECH9;



INPUT READING TERMINATED NORMALLY



Monte Carlo simulation for testing regression coefficients.

SUMMARY OF ANALYSIS

Number of groups                                                 1
Number of observations                                         200

Number of replications
    Requested                                                10000
    Completed                                                10000
Value of seed                                                12345

Number of dependent variables                                   24
Number of independent variables                                  0
Number of continuous latent variables                            8

Observed dependent variables

  Continuous
   P1          P2          P3          N1          N2          N3
   COPE1       COPE2       MSPSS1      MSPSS2      MSPSS3      NEURO1
   NEURO2      EXTRA1      EXTRA2      EXTRA3      PTGI1       PTGI2
   PTGI3       PTGI4       PTGI5       IESR1       IESR2       IESR3

Continuous latent variables
   P           N           COPE        MSPSS       NEURO       EXTRA
   PTGI        IESR


Estimator                                                       ML
Information matrix                                        OBSERVED
Maximum number of iterations                                  1000
Convergence criterion                                    0.500D-04
Maximum number of steepest descent iterations                   20



SAMPLE STATISTICS FOR THE FIRST REPLICATION


     SAMPLE STATISTICS


           Means
              P1            P2            P3            N1            N2
              ________      ________      ________      ________      ________
                0.132         0.156         0.157        -0.072        -0.133


           Means
              N3            COPE1         COPE2         MSPSS1        MSPSS2
              ________      ________      ________      ________      ________
               -0.171        -0.101        -0.072         0.102         0.012


           Means
              MSPSS3        NEURO1        NEURO2        EXTRA1        EXTRA2
              ________      ________      ________      ________      ________
               -0.010        -0.066         0.067         0.065        -0.047


           Means
              EXTRA3        PTGI1         PTGI2         PTGI3         PTGI4
              ________      ________      ________      ________      ________
                0.070        -0.027        -0.061        -0.024        -0.068


           Means
              PTGI5         IESR1         IESR2         IESR3
              ________      ________      ________      ________
                0.011        -0.109        -0.098        -0.086


           Covariances
              P1            P2            P3            N1            N2
              ________      ________      ________      ________      ________
 P1             1.076
 P2             0.688         1.329
 P3             0.616         0.703         1.115
 N1            -0.168        -0.325        -0.151         1.540
 N2            -0.209        -0.350        -0.211         1.214         1.436
 N3            -0.249        -0.336        -0.243         1.266         1.212
 COPE1          0.231         0.308         0.250         0.002        -0.019
 COPE2          0.320         0.301         0.213        -0.041        -0.047
 MSPSS1         0.096         0.065         0.025        -0.007        -0.037
 MSPSS2         0.092         0.085         0.072        -0.032        -0.008
 MSPSS3         0.038         0.061         0.094        -0.130        -0.122
 NEURO1        -0.250        -0.320        -0.284         0.592         0.533
 NEURO2        -0.330        -0.378        -0.305         0.640         0.602
 EXTRA1         0.058         0.139         0.071        -0.294        -0.238
 EXTRA2         0.146         0.219         0.140        -0.300        -0.229
 EXTRA3         0.176         0.226         0.056        -0.360        -0.248
 PTGI1          0.179         0.242         0.053         0.087         0.023
 PTGI2          0.160         0.194         0.169         0.091         0.051
 PTGI3          0.160         0.266         0.107        -0.026        -0.014
 PTGI4          0.088         0.122         0.069         0.048        -0.009
 PTGI5          0.137         0.176         0.062         0.099         0.052
 IESR1         -0.145        -0.209        -0.115         0.695         0.645
 IESR2         -0.138        -0.130        -0.082         0.724         0.696
 IESR3         -0.126        -0.107        -0.033         0.664         0.670


           Covariances
              N3            COPE1         COPE2         MSPSS1        MSPSS2
              ________      ________      ________      ________      ________
 N3             1.555
 COPE1         -0.007         0.787
 COPE2         -0.018         0.428         0.814
 MSPSS1         0.007         0.097         0.048         0.809
 MSPSS2         0.021        -0.033         0.033         0.389         1.042
 MSPSS3        -0.058         0.022         0.041         0.376         0.488
 NEURO1         0.588        -0.104        -0.109        -0.043        -0.024
 NEURO2         0.658        -0.126        -0.221        -0.124        -0.079
 EXTRA1        -0.245         0.099         0.183         0.170         0.071
 EXTRA2        -0.304         0.092         0.114         0.136         0.123
 EXTRA3        -0.308         0.093         0.141         0.148         0.198
 PTGI1          0.123         0.174         0.105         0.118         0.127
 PTGI2          0.120         0.162         0.128         0.037         0.072
 PTGI3          0.070         0.174         0.158         0.084         0.086
 PTGI4          0.105         0.117         0.088        -0.032         0.053
 PTGI5          0.129         0.103         0.157         0.050         0.120
 IESR1          0.613        -0.050        -0.139         0.042        -0.064
 IESR2          0.640        -0.021        -0.099         0.049        -0.060
 IESR3          0.677        -0.008        -0.069         0.053        -0.060


           Covariances
              MSPSS3        NEURO1        NEURO2        EXTRA1        EXTRA2
              ________      ________      ________      ________      ________
 MSPSS3         0.990
 NEURO1        -0.197         1.069
 NEURO2        -0.186         0.726         1.127
 EXTRA1         0.254        -0.400        -0.486         0.996
 EXTRA2         0.216        -0.268        -0.326         0.367         0.854
 EXTRA3         0.234        -0.351        -0.364         0.418         0.409
 PTGI1          0.111         0.081        -0.001         0.098         0.127
 PTGI2          0.056         0.079         0.011         0.075         0.117
 PTGI3          0.090         0.009        -0.048         0.125         0.228
 PTGI4          0.097         0.007         0.002         0.077         0.098
 PTGI5          0.131         0.030        -0.024         0.161         0.232
 IESR1         -0.072         0.231         0.317        -0.020        -0.029
 IESR2         -0.042         0.263         0.343        -0.001        -0.042
 IESR3         -0.060         0.281         0.355        -0.020        -0.029


           Covariances
              EXTRA3        PTGI1         PTGI2         PTGI3         PTGI4
              ________      ________      ________      ________      ________
 EXTRA3         1.068
 PTGI1          0.173         1.069
 PTGI2          0.149         0.639         0.950
 PTGI3          0.171         0.705         0.651         1.023
 PTGI4          0.163         0.603         0.592         0.579         0.865
 PTGI5          0.270         0.664         0.588         0.617         0.573
 IESR1         -0.032         0.236         0.177         0.161         0.223
 IESR2         -0.070         0.269         0.176         0.167         0.263
 IESR3         -0.069         0.309         0.248         0.243         0.270


           Covariances
              PTGI5         IESR1         IESR2         IESR3
              ________      ________      ________      ________
 PTGI5          1.015
 IESR1          0.326         1.384
 IESR2          0.241         1.163         1.535
 IESR3          0.371         1.140         1.213         1.465


           Correlations
              P1            P2            P3            N1            N2
              ________      ________      ________      ________      ________
 P1             1.000
 P2             0.576         1.000
 P3             0.563         0.578         1.000
 N1            -0.131        -0.227        -0.115         1.000
 N2            -0.168        -0.253        -0.167         0.816         1.000
 N3            -0.193        -0.234        -0.185         0.818         0.811
 COPE1          0.251         0.301         0.266         0.002        -0.018
 COPE2          0.342         0.290         0.224        -0.036        -0.044
 MSPSS1         0.103         0.063         0.026        -0.006        -0.035
 MSPSS2         0.087         0.073         0.066        -0.025        -0.007
 MSPSS3         0.037         0.053         0.090        -0.106        -0.102
 NEURO1        -0.233        -0.268        -0.261         0.461         0.430
 NEURO2        -0.300        -0.309        -0.272         0.486         0.474
 EXTRA1         0.056         0.121         0.068        -0.237        -0.199
 EXTRA2         0.152         0.205         0.143        -0.261        -0.207
 EXTRA3         0.164         0.189         0.051        -0.281        -0.201
 PTGI1          0.167         0.203         0.048         0.068         0.019
 PTGI2          0.159         0.172         0.164         0.075         0.044
 PTGI3          0.152         0.228         0.100        -0.021        -0.012
 PTGI4          0.091         0.114         0.070         0.042        -0.008
 PTGI5          0.131         0.152         0.058         0.079         0.043
 IESR1         -0.119        -0.154        -0.093         0.476         0.458
 IESR2         -0.107        -0.091        -0.062         0.471         0.469
 IESR3         -0.100        -0.076        -0.026         0.442         0.462


           Correlations
              N3            COPE1         COPE2         MSPSS1        MSPSS2
              ________      ________      ________      ________      ________
 N3             1.000
 COPE1         -0.006         1.000
 COPE2         -0.016         0.534         1.000
 MSPSS1         0.006         0.122         0.059         1.000
 MSPSS2         0.017        -0.036         0.035         0.423         1.000
 MSPSS3        -0.047         0.025         0.046         0.421         0.480
 NEURO1         0.456        -0.114        -0.116        -0.046        -0.023
 NEURO2         0.497        -0.134        -0.231        -0.130        -0.073
 EXTRA1        -0.197         0.111         0.203         0.189         0.070
 EXTRA2        -0.263         0.112         0.137         0.164         0.130
 EXTRA3        -0.239         0.101         0.151         0.159         0.188
 PTGI1          0.095         0.190         0.113         0.126         0.120
 PTGI2          0.099         0.188         0.145         0.043         0.072
 PTGI3          0.056         0.194         0.173         0.092         0.083
 PTGI4          0.090         0.142         0.105        -0.038         0.056
 PTGI5          0.102         0.116         0.173         0.055         0.117
 IESR1          0.418        -0.048        -0.131         0.040        -0.053
 IESR2          0.414        -0.019        -0.088         0.044        -0.047
 IESR3          0.448        -0.008        -0.063         0.049        -0.049


           Correlations
              MSPSS3        NEURO1        NEURO2        EXTRA1        EXTRA2
              ________      ________      ________      ________      ________
 MSPSS3         1.000
 NEURO1        -0.191         1.000
 NEURO2        -0.176         0.661         1.000
 EXTRA1         0.255        -0.387        -0.459         1.000
 EXTRA2         0.235        -0.280        -0.333         0.398         1.000
 EXTRA3         0.228        -0.328        -0.332         0.405         0.429
 PTGI1          0.108         0.075        -0.001         0.095         0.133
 PTGI2          0.057         0.078         0.011         0.077         0.130
 PTGI3          0.089         0.009        -0.045         0.124         0.244
 PTGI4          0.105         0.008         0.002         0.083         0.114
 PTGI5          0.130         0.029        -0.022         0.160         0.249
 IESR1         -0.062         0.190         0.254        -0.017        -0.026
 IESR2         -0.034         0.206         0.260        -0.001        -0.036
 IESR3         -0.050         0.224         0.276        -0.016        -0.026


           Correlations
              EXTRA3        PTGI1         PTGI2         PTGI3         PTGI4
              ________      ________      ________      ________      ________
 EXTRA3         1.000
 PTGI1          0.161         1.000
 PTGI2          0.148         0.635         1.000
 PTGI3          0.163         0.674         0.660         1.000
 PTGI4          0.170         0.627         0.653         0.616         1.000
 PTGI5          0.259         0.637         0.599         0.606         0.611
 IESR1         -0.026         0.194         0.155         0.136         0.204
 IESR2         -0.055         0.210         0.146         0.133         0.228
 IESR3         -0.055         0.247         0.210         0.199         0.240


           Correlations
              PTGI5         IESR1         IESR2         IESR3
              ________      ________      ________      ________
 PTGI5          1.000
 IESR1          0.275         1.000
 IESR2          0.193         0.798         1.000
 IESR3          0.304         0.801         0.809         1.000


MODEL FIT INFORMATION

Number of Free Parameters                       98

Loglikelihood

    H0 Value

        Mean                             -5822.657
        Std Dev                             49.680
        Number of successful computations    10000

             Proportions                   Percentiles
        Expected    Observed         Expected       Observed
           0.990       0.989        -5938.227      -5939.527
           0.980       0.981        -5924.685      -5923.391
           0.950       0.950        -5904.375      -5904.512
           0.900       0.901        -5886.327      -5886.058
           0.800       0.802        -5864.468      -5864.065
           0.700       0.700        -5848.709      -5848.728
           0.500       0.503        -5822.657      -5822.405
           0.300       0.301        -5796.605      -5796.406
           0.200       0.202        -5780.847      -5780.475
           0.100       0.098        -5758.988      -5759.615
           0.050       0.050        -5740.939      -5740.473
           0.020       0.019        -5720.630      -5721.227
           0.010       0.010        -5707.087      -5707.308

    H1 Value

        Mean                             -5703.197
        Std Dev                             50.915
        Number of successful computations    10000

             Proportions                   Percentiles
        Expected    Observed         Expected       Observed
           0.990       0.990        -5821.641      -5821.184
           0.980       0.981        -5807.762      -5806.986
           0.950       0.950        -5786.948      -5786.715
           0.900       0.899        -5768.450      -5768.602
           0.800       0.801        -5746.047      -5745.926
           0.700       0.694        -5729.897      -5730.708
           0.500       0.502        -5703.197      -5702.904
           0.300       0.302        -5676.497      -5676.345
           0.200       0.201        -5660.346      -5660.165
           0.100       0.101        -5637.943      -5637.830
           0.050       0.048        -5619.446      -5620.164
           0.020       0.020        -5598.632      -5598.740
           0.010       0.010        -5584.752      -5585.115

Information Criteria

    Akaike (AIC)

        Mean                             11841.315
        Std Dev                             99.359
        Number of successful computations    10000

             Proportions                   Percentiles
        Expected    Observed         Expected       Observed
           0.990       0.990        11610.175      11610.009
           0.980       0.981        11637.260      11638.097
           0.950       0.950        11677.878      11676.710
           0.900       0.902        11713.976      11715.092
           0.800       0.798        11757.694      11756.729
           0.700       0.699        11789.210      11788.755
           0.500       0.497        11841.315      11840.806
           0.300       0.300        11893.419      11893.401
           0.200       0.198        11924.935      11924.054
           0.100       0.099        11968.654      11967.982
           0.050       0.050        12004.751      12005.015
           0.020       0.019        12045.369      12042.381
           0.010       0.011        12072.454      12075.018

    Bayesian (BIC)

        Mean                             12164.550
        Std Dev                             99.359
        Number of successful computations    10000

             Proportions                   Percentiles
        Expected    Observed         Expected       Observed
           0.990       0.990        11933.410      11933.244
           0.980       0.981        11960.495      11961.332
           0.950       0.950        12001.113      11999.945
           0.900       0.902        12037.211      12038.327
           0.800       0.798        12080.929      12079.964
           0.700       0.699        12112.446      12111.990
           0.500       0.497        12164.550      12164.041
           0.300       0.300        12216.654      12216.636
           0.200       0.198        12248.171      12247.289
           0.100       0.099        12291.889      12291.217
           0.050       0.050        12327.986      12328.250
           0.020       0.019        12368.604      12365.616
           0.010       0.011        12395.690      12398.253

    Sample-Size Adjusted BIC (n* = (n + 2) / 24)

        Mean                             11854.076
        Std Dev                             99.359
        Number of successful computations    10000

             Proportions                   Percentiles
        Expected    Observed         Expected       Observed
           0.990       0.990        11622.936      11622.770
           0.980       0.981        11650.021      11650.858
           0.950       0.950        11690.639      11689.471
           0.900       0.902        11726.736      11727.853
           0.800       0.798        11770.455      11769.490
           0.700       0.699        11801.971      11801.516
           0.500       0.497        11854.076      11853.567
           0.300       0.300        11906.180      11906.162
           0.200       0.198        11937.696      11936.815
           0.100       0.099        11981.415      11980.743
           0.050       0.050        12017.512      12017.776
           0.020       0.019        12058.130      12055.142
           0.010       0.011        12085.215      12087.779

Chi-Square Test of Model Fit

        Degrees of freedom                     226

        Mean                               238.921
        Std Dev                             22.740
        Number of successful computations    10000

             Proportions                   Percentiles
        Expected    Observed         Expected       Observed
           0.990       0.997          179.499        189.170
           0.980       0.995          184.510        194.474
           0.950       0.985          192.203        202.710
           0.900       0.966          199.218        210.394
           0.800       0.918          207.940        219.819
           0.700       0.862          214.386        226.582
           0.500       0.722          225.334        237.932
           0.300       0.522          236.647        250.620
           0.200       0.408          243.671        258.052
           0.100       0.256          253.638        268.587
           0.050       0.158          262.070        277.540
           0.020       0.080          271.777        286.233
           0.010       0.046          278.379        293.919

RMSEA (Root Mean Square Error Of Approximation)

        Mean                                 0.015
        Std Dev                              0.012
        Number of successful computations    10000

        Cumulative Distribution Function
           Value    Function Value
           0.990       1.000
           0.980       1.000
           0.950       1.000
           0.900       1.000
           0.800       1.000
           0.700       1.000
           0.500       1.000
           0.300       1.000
           0.200       1.000
           0.100       1.000
           0.050       1.000
           0.020       0.600
           0.010       0.366

CFI/TLI

    CFI

        Mean                                 0.993
        Std Dev                              0.007
        Number of successful computations    10000

        Cumulative Distribution Function
           Value    Function Value
           0.990       0.290
           0.980       0.054
           0.950       0.000
           0.900       0.000
           0.800       0.000
           0.700       0.000
           0.500       0.000
           0.300       0.000
           0.200       0.000
           0.100       0.000
           0.050       0.000
           0.020       0.000
           0.010       0.000

    TLI

        Mean                                 0.992
        Std Dev                              0.009
        Number of successful computations    10000

        Cumulative Distribution Function
           Value    Function Value
           0.990       0.360
           0.980       0.109
           0.950       0.000
           0.900       0.000
           0.800       0.000
           0.700       0.000
           0.500       0.000
           0.300       0.000
           0.200       0.000
           0.100       0.000
           0.050       0.000
           0.020       0.000
           0.010       0.000

SRMR (Standardized Root Mean Square Residual)

        Mean                                 0.040
        Std Dev                              0.003
        Number of successful computations    10000

        Cumulative Distribution Function
           Value    Function Value
           0.990       1.000
           0.980       1.000
           0.950       1.000
           0.900       1.000
           0.800       1.000
           0.700       1.000
           0.500       1.000
           0.300       1.000
           0.200       1.000
           0.100       1.000
           0.050       0.997
           0.020       0.000
           0.010       0.000


MODEL RESULTS

                              ESTIMATES              S. E.     M. S. E.  95%  % Sig
                 Population   Average   Std. Dev.   Average             Cover Coeff

 P        BY
  P1                  0.720     0.7005     0.0677     0.0669     0.0050 0.934 1.000
  P2                  0.720     0.7010     0.0678     0.0670     0.0050 0.932 1.000
  P3                  0.720     0.7009     0.0677     0.0670     0.0050 0.931 1.000

 N        BY
  N1                  0.840     0.8174     0.0659     0.0656     0.0049 0.938 1.000
  N2                  0.840     0.8172     0.0665     0.0656     0.0049 0.935 1.000
  N3                  0.840     0.8177     0.0668     0.0656     0.0050 0.933 1.000

 COPE     BY
  COPE1               0.710     0.7101     0.0789     0.0753     0.0062 0.942 1.000
  COPE2               0.710     0.7097     0.0784     0.0753     0.0061 0.944 1.000

 MSPSS    BY
  MSPSS1              0.700     0.6964     0.0740     0.0727     0.0055 0.943 1.000
  MSPSS2              0.700     0.6973     0.0744     0.0727     0.0055 0.948 1.000
  MSPSS3              0.700     0.6971     0.0727     0.0727     0.0053 0.947 1.000

 NEURO    BY
  NEURO1              0.800     0.7978     0.0668     0.0655     0.0045 0.943 1.000
  NEURO2              0.800     0.7962     0.0658     0.0655     0.0043 0.947 1.000

 EXTRA    BY
  EXTRA1              0.670     0.6682     0.0726     0.0721     0.0053 0.947 1.000
  EXTRA2              0.670     0.6672     0.0734     0.0720     0.0054 0.943 1.000
  EXTRA3              0.670     0.6680     0.0731     0.0721     0.0053 0.946 1.000

 PTGI     BY
  PTGI1               0.790     0.7665     0.0631     0.0625     0.0045 0.927 1.000
  PTGI2               0.790     0.7671     0.0631     0.0626     0.0045 0.930 1.000
  PTGI3               0.790     0.7671     0.0628     0.0626     0.0045 0.934 1.000
  PTGI4               0.790     0.7662     0.0631     0.0626     0.0046 0.925 1.000
  PTGI5               0.790     0.7661     0.0631     0.0625     0.0046 0.928 1.000

 IESR     BY
  IESR1               0.850     0.8199     0.0611     0.0605     0.0046 0.916 1.000
  IESR2               0.850     0.8201     0.0607     0.0605     0.0046 0.922 1.000
  IESR3               0.850     0.8195     0.0610     0.0605     0.0046 0.914 1.000

 P        ON
  COPE                0.580     0.6046     0.1430     0.1390     0.0211 0.954 0.998
  MSPSS               0.040     0.0426     0.1401     0.1350     0.0196 0.952 0.053
  NEURO              -0.340    -0.3579     0.1847     0.1768     0.0344 0.961 0.558
  EXTRA              -0.080    -0.0936     0.2186     0.2058     0.0480 0.962 0.050

 N        ON
  COPE                0.180     0.1909     0.1217     0.1186     0.0149 0.957 0.354
  MSPSS              -0.030    -0.0366     0.1392     0.1325     0.0194 0.957 0.047
  NEURO               0.920     0.9733     0.2295     0.2147     0.0555 0.965 0.998
  EXTRA               0.060     0.0839     0.2218     0.2039     0.0498 0.965 0.032

 PTGI     ON
  P                   0.190     0.1959     0.1040     0.1030     0.0109 0.957 0.481
  N                   0.050     0.0500     0.0000     0.0000     0.0000 1.000 0.000
  COPE                0.070     0.0689     0.1377     0.1340     0.0189 0.955 0.083
  MSPSS               0.040     0.0324     0.1319     0.1272     0.0175 0.958 0.062
  NEURO               0.330     0.3638     0.1945     0.1834     0.0390 0.964 0.527
  EXTRA               0.410     0.4517     0.2250     0.2098     0.0523 0.965 0.627

 IESR     ON
  P                   0.070     0.0745     0.1044     0.1020     0.0109 0.952 0.105
  N                   0.460     0.4661     0.1081     0.1056     0.0117 0.951 0.986
  COPE               -0.020    -0.0244     0.1437     0.1385     0.0207 0.953 0.049
  MSPSS              -0.050    -0.0636     0.1365     0.1313     0.0188 0.962 0.051
  NEURO               0.290     0.3245     0.2475     0.2326     0.0624 0.969 0.262
  EXTRA               0.330     0.3718     0.2346     0.2162     0.0568 0.966 0.405

 IESR     WITH
  PTGI                0.230     0.2268     0.0895     0.0875     0.0080 0.944 0.724

 MSPSS    WITH
  COPE                0.250     0.2487     0.0940     0.0906     0.0088 0.938 0.758
  NEURO              -0.250    -0.2496     0.0904     0.0881     0.0082 0.943 0.784
  EXTRA               0.460     0.4593     0.0860     0.0833     0.0074 0.939 0.998

 NEURO    WITH
  COPE               -0.310    -0.3079     0.0878     0.0866     0.0077 0.944 0.924
  EXTRA              -0.660    -0.6590     0.0681     0.0676     0.0046 0.942 1.000

 EXTRA    WITH
  COPE                0.310     0.3085     0.0930     0.0913     0.0086 0.943 0.900

 Intercepts
  P1                  0.000     0.0008     0.0802     0.0796     0.0064 0.951 0.049
  P2                  0.000     0.0000     0.0806     0.0796     0.0065 0.946 0.054
  P3                  0.000     0.0001     0.0809     0.0797     0.0065 0.944 0.056
  N1                  0.000     0.0005     0.0863     0.0866     0.0074 0.949 0.051
  N2                  0.000    -0.0004     0.0859     0.0866     0.0074 0.950 0.050
  N3                  0.000     0.0005     0.0866     0.0866     0.0075 0.950 0.050
  COPE1               0.000     0.0001     0.0662     0.0655     0.0044 0.948 0.052
  COPE2               0.000     0.0005     0.0660     0.0655     0.0044 0.946 0.054
  MSPSS1              0.000     0.0015     0.0702     0.0699     0.0049 0.947 0.053
  MSPSS2              0.000     0.0000     0.0705     0.0699     0.0050 0.947 0.053
  MSPSS3              0.000     0.0006     0.0697     0.0699     0.0049 0.951 0.049
  NEURO1              0.000     0.0000     0.0699     0.0705     0.0049 0.950 0.050
  NEURO2              0.000    -0.0005     0.0707     0.0704     0.0050 0.945 0.055
  EXTRA1              0.000     0.0002     0.0699     0.0705     0.0049 0.951 0.049
  EXTRA2              0.000     0.0011     0.0701     0.0704     0.0049 0.949 0.051
  EXTRA3              0.000     0.0005     0.0705     0.0705     0.0050 0.951 0.049
  PTGI1               0.000    -0.0006     0.0747     0.0745     0.0056 0.948 0.052
  PTGI2               0.000    -0.0013     0.0748     0.0746     0.0056 0.947 0.053
  PTGI3               0.000    -0.0006     0.0749     0.0746     0.0056 0.948 0.052
  PTGI4               0.000    -0.0010     0.0752     0.0745     0.0056 0.946 0.054
  PTGI5               0.000    -0.0005     0.0751     0.0745     0.0056 0.950 0.050
  IESR1               0.000    -0.0003     0.0812     0.0818     0.0066 0.949 0.051
  IESR2               0.000    -0.0011     0.0811     0.0819     0.0066 0.950 0.050
  IESR3               0.000    -0.0011     0.0815     0.0818     0.0066 0.951 0.049

 Variances
  COPE                1.000     1.0000     0.0000     0.0000     0.0000 1.000 0.000
  MSPSS               1.000     1.0000     0.0000     0.0000     0.0000 1.000 0.000
  NEURO               1.000     1.0000     0.0000     0.0000     0.0000 1.000 0.000
  EXTRA               1.000     1.0000     0.0000     0.0000     0.0000 1.000 0.000

 Residual Variances
  P1                  0.482     0.4754     0.0722     0.0715     0.0052 0.945 1.000
  P2                  0.482     0.4755     0.0729     0.0716     0.0054 0.940 1.000
  P3                  0.482     0.4777     0.0730     0.0718     0.0053 0.944 1.000
  N1                  0.294     0.2913     0.0442     0.0440     0.0020 0.941 1.000
  N2                  0.294     0.2908     0.0441     0.0440     0.0020 0.941 1.000
  N3                  0.294     0.2903     0.0447     0.0440     0.0020 0.937 1.000
  COPE1               0.360     0.3506     0.0884     0.0817     0.0079 0.951 0.952
  COPE2               0.360     0.3500     0.0885     0.0817     0.0079 0.949 0.954
  MSPSS1              0.496     0.4893     0.0770     0.0748     0.0060 0.942 1.000
  MSPSS2              0.496     0.4883     0.0776     0.0749     0.0061 0.939 1.000
  MSPSS3              0.496     0.4881     0.0757     0.0748     0.0058 0.944 1.000
  NEURO1              0.360     0.3545     0.0622     0.0602     0.0039 0.942 1.000
  NEURO2              0.360     0.3552     0.0621     0.0601     0.0039 0.938 1.000
  EXTRA1              0.551     0.5437     0.0751     0.0735     0.0057 0.938 1.000
  EXTRA2              0.551     0.5444     0.0750     0.0735     0.0057 0.940 1.000
  EXTRA3              0.551     0.5446     0.0756     0.0735     0.0058 0.938 1.000
  PTGI1               0.376     0.3712     0.0467     0.0465     0.0022 0.937 1.000
  PTGI2               0.376     0.3712     0.0474     0.0466     0.0023 0.936 1.000
  PTGI3               0.376     0.3722     0.0472     0.0466     0.0022 0.939 1.000
  PTGI4               0.376     0.3727     0.0470     0.0467     0.0022 0.941 1.000
  PTGI5               0.376     0.3717     0.0470     0.0466     0.0022 0.937 1.000
  IESR1               0.278     0.2740     0.0428     0.0422     0.0018 0.942 1.000
  IESR2               0.278     0.2743     0.0424     0.0422     0.0018 0.947 1.000
  IESR3               0.278     0.2752     0.0424     0.0422     0.0018 0.946 1.000
  P                   1.000     1.0000     0.0000     0.0000     0.0000 1.000 0.000
  N                   1.000     1.0000     0.0000     0.0000     0.0000 1.000 0.000
  PTGI                1.000     1.0000     0.0000     0.0000     0.0000 1.000 0.000
  IESR                1.000     1.0000     0.0000     0.0000     0.0000 1.000 0.000


QUALITY OF NUMERICAL RESULTS

     Average Condition Number for the Information Matrix      0.708E-02
       (ratio of smallest to largest eigenvalue)


TECHNICAL OUTPUT


     PARAMETER SPECIFICATION


           NU
              P1            P2            P3            N1            N2
              ________      ________      ________      ________      ________
                  1             2             3             4             5


           NU
              N3            COPE1         COPE2         MSPSS1        MSPSS2
              ________      ________      ________      ________      ________
                  6             7             8             9            10


           NU
              MSPSS3        NEURO1        NEURO2        EXTRA1        EXTRA2
              ________      ________      ________      ________      ________
                 11            12            13            14            15


           NU
              EXTRA3        PTGI1         PTGI2         PTGI3         PTGI4
              ________      ________      ________      ________      ________
                 16            17            18            19            20


           NU
              PTGI5         IESR1         IESR2         IESR3
              ________      ________      ________      ________
                 21            22            23            24


           LAMBDA
              P             N             COPE          MSPSS         NEURO
              ________      ________      ________      ________      ________
 P1                25             0             0             0             0
 P2                26             0             0             0             0
 P3                27             0             0             0             0
 N1                 0            28             0             0             0
 N2                 0            29             0             0             0
 N3                 0            30             0             0             0
 COPE1              0             0            31             0             0
 COPE2              0             0            32             0             0
 MSPSS1             0             0             0            33             0
 MSPSS2             0             0             0            34             0
 MSPSS3             0             0             0            35             0
 NEURO1             0             0             0             0            36
 NEURO2             0             0             0             0            37
 EXTRA1             0             0             0             0             0
 EXTRA2             0             0             0             0             0
 EXTRA3             0             0             0             0             0
 PTGI1              0             0             0             0             0
 PTGI2              0             0             0             0             0
 PTGI3              0             0             0             0             0
 PTGI4              0             0             0             0             0
 PTGI5              0             0             0             0             0
 IESR1              0             0             0             0             0
 IESR2              0             0             0             0             0
 IESR3              0             0             0             0             0


           LAMBDA
              EXTRA         PTGI          IESR
              ________      ________      ________
 P1                 0             0             0
 P2                 0             0             0
 P3                 0             0             0
 N1                 0             0             0
 N2                 0             0             0
 N3                 0             0             0
 COPE1              0             0             0
 COPE2              0             0             0
 MSPSS1             0             0             0
 MSPSS2             0             0             0
 MSPSS3             0             0             0
 NEURO1             0             0             0
 NEURO2             0             0             0
 EXTRA1            38             0             0
 EXTRA2            39             0             0
 EXTRA3            40             0             0
 PTGI1              0            41             0
 PTGI2              0            42             0
 PTGI3              0            43             0
 PTGI4              0            44             0
 PTGI5              0            45             0
 IESR1              0             0            46
 IESR2              0             0            47
 IESR3              0             0            48


           THETA
              P1            P2            P3            N1            N2
              ________      ________      ________      ________      ________
 P1                49
 P2                 0            50
 P3                 0             0            51
 N1                 0             0             0            52
 N2                 0             0             0             0            53
 N3                 0             0             0             0             0
 COPE1              0             0             0             0             0
 COPE2              0             0             0             0             0
 MSPSS1             0             0             0             0             0
 MSPSS2             0             0             0             0             0
 MSPSS3             0             0             0             0             0
 NEURO1             0             0             0             0             0
 NEURO2             0             0             0             0             0
 EXTRA1             0             0             0             0             0
 EXTRA2             0             0             0             0             0
 EXTRA3             0             0             0             0             0
 PTGI1              0             0             0             0             0
 PTGI2              0             0             0             0             0
 PTGI3              0             0             0             0             0
 PTGI4              0             0             0             0             0
 PTGI5              0             0             0             0             0
 IESR1              0             0             0             0             0
 IESR2              0             0             0             0             0
 IESR3              0             0             0             0             0


           THETA
              N3            COPE1         COPE2         MSPSS1        MSPSS2
              ________      ________      ________      ________      ________
 N3                54
 COPE1              0            55
 COPE2              0             0            56
 MSPSS1             0             0             0            57
 MSPSS2             0             0             0             0            58
 MSPSS3             0             0             0             0             0
 NEURO1             0             0             0             0             0
 NEURO2             0             0             0             0             0
 EXTRA1             0             0             0             0             0
 EXTRA2             0             0             0             0             0
 EXTRA3             0             0             0             0             0
 PTGI1              0             0             0             0             0
 PTGI2              0             0             0             0             0
 PTGI3              0             0             0             0             0
 PTGI4              0             0             0             0             0
 PTGI5              0             0             0             0             0
 IESR1              0             0             0             0             0
 IESR2              0             0             0             0             0
 IESR3              0             0             0             0             0


           THETA
              MSPSS3        NEURO1        NEURO2        EXTRA1        EXTRA2
              ________      ________      ________      ________      ________
 MSPSS3            59
 NEURO1             0            60
 NEURO2             0             0            61
 EXTRA1             0             0             0            62
 EXTRA2             0             0             0             0            63
 EXTRA3             0             0             0             0             0
 PTGI1              0             0             0             0             0
 PTGI2              0             0             0             0             0
 PTGI3              0             0             0             0             0
 PTGI4              0             0             0             0             0
 PTGI5              0             0             0             0             0
 IESR1              0             0             0             0             0
 IESR2              0             0             0             0             0
 IESR3              0             0             0             0             0


           THETA
              EXTRA3        PTGI1         PTGI2         PTGI3         PTGI4
              ________      ________      ________      ________      ________
 EXTRA3            64
 PTGI1              0            65
 PTGI2              0             0            66
 PTGI3              0             0             0            67
 PTGI4              0             0             0             0            68
 PTGI5              0             0             0             0             0
 IESR1              0             0             0             0             0
 IESR2              0             0             0             0             0
 IESR3              0             0             0             0             0


           THETA
              PTGI5         IESR1         IESR2         IESR3
              ________      ________      ________      ________
 PTGI5             69
 IESR1              0            70
 IESR2              0             0            71
 IESR3              0             0             0            72


           ALPHA
              P             N             COPE          MSPSS         NEURO
              ________      ________      ________      ________      ________
                  0             0             0             0             0


           ALPHA
              EXTRA         PTGI          IESR
              ________      ________      ________
                  0             0             0


           BETA
              P             N             COPE          MSPSS         NEURO
              ________      ________      ________      ________      ________
 P                  0             0            73            74            75
 N                  0             0            77            78            79
 COPE               0             0             0             0             0
 MSPSS              0             0             0             0             0
 NEURO              0             0             0             0             0
 EXTRA              0             0             0             0             0
 PTGI              81             0            82            83            84
 IESR              86            87            88            89            90


           BETA
              EXTRA         PTGI          IESR
              ________      ________      ________
 P                 76             0             0
 N                 80             0             0
 COPE               0             0             0
 MSPSS              0             0             0
 NEURO              0             0             0
 EXTRA              0             0             0
 PTGI              85             0             0
 IESR              91             0             0


           PSI
              P             N             COPE          MSPSS         NEURO
              ________      ________      ________      ________      ________
 P                  0
 N                  0             0
 COPE               0             0             0
 MSPSS              0             0            92             0
 NEURO              0             0            93            94             0
 EXTRA              0             0            95            96            97
 PTGI               0             0             0             0             0
 IESR               0             0             0             0             0


           PSI
              EXTRA         PTGI          IESR
              ________      ________      ________
 EXTRA              0
 PTGI               0             0
 IESR               0            98             0


     STARTING VALUES


           NU
              P1            P2            P3            N1            N2
              ________      ________      ________      ________      ________
                0.000         0.000         0.000         0.000         0.000


           NU
              N3            COPE1         COPE2         MSPSS1        MSPSS2
              ________      ________      ________      ________      ________
                0.000         0.000         0.000         0.000         0.000


           NU
              MSPSS3        NEURO1        NEURO2        EXTRA1        EXTRA2
              ________      ________      ________      ________      ________
                0.000         0.000         0.000         0.000         0.000


           NU
              EXTRA3        PTGI1         PTGI2         PTGI3         PTGI4
              ________      ________      ________      ________      ________
                0.000         0.000         0.000         0.000         0.000


           NU
              PTGI5         IESR1         IESR2         IESR3
              ________      ________      ________      ________
                0.000         0.000         0.000         0.000


           LAMBDA
              P             N             COPE          MSPSS         NEURO
              ________      ________      ________      ________      ________
 P1             0.720         0.000         0.000         0.000         0.000
 P2             0.720         0.000         0.000         0.000         0.000
 P3             0.720         0.000         0.000         0.000         0.000
 N1             0.000         0.840         0.000         0.000         0.000
 N2             0.000         0.840         0.000         0.000         0.000
 N3             0.000         0.840         0.000         0.000         0.000
 COPE1          0.000         0.000         0.710         0.000         0.000
 COPE2          0.000         0.000         0.710         0.000         0.000
 MSPSS1         0.000         0.000         0.000         0.700         0.000
 MSPSS2         0.000         0.000         0.000         0.700         0.000
 MSPSS3         0.000         0.000         0.000         0.700         0.000
 NEURO1         0.000         0.000         0.000         0.000         0.800
 NEURO2         0.000         0.000         0.000         0.000         0.800
 EXTRA1         0.000         0.000         0.000         0.000         0.000
 EXTRA2         0.000         0.000         0.000         0.000         0.000
 EXTRA3         0.000         0.000         0.000         0.000         0.000
 PTGI1          0.000         0.000         0.000         0.000         0.000
 PTGI2          0.000         0.000         0.000         0.000         0.000
 PTGI3          0.000         0.000         0.000         0.000         0.000
 PTGI4          0.000         0.000         0.000         0.000         0.000
 PTGI5          0.000         0.000         0.000         0.000         0.000
 IESR1          0.000         0.000         0.000         0.000         0.000
 IESR2          0.000         0.000         0.000         0.000         0.000
 IESR3          0.000         0.000         0.000         0.000         0.000


           LAMBDA
              EXTRA         PTGI          IESR
              ________      ________      ________
 P1             0.000         0.000         0.000
 P2             0.000         0.000         0.000
 P3             0.000         0.000         0.000
 N1             0.000         0.000         0.000
 N2             0.000         0.000         0.000
 N3             0.000         0.000         0.000
 COPE1          0.000         0.000         0.000
 COPE2          0.000         0.000         0.000
 MSPSS1         0.000         0.000         0.000
 MSPSS2         0.000         0.000         0.000
 MSPSS3         0.000         0.000         0.000
 NEURO1         0.000         0.000         0.000
 NEURO2         0.000         0.000         0.000
 EXTRA1         0.670         0.000         0.000
 EXTRA2         0.670         0.000         0.000
 EXTRA3         0.670         0.000         0.000
 PTGI1          0.000         0.790         0.000
 PTGI2          0.000         0.790         0.000
 PTGI3          0.000         0.790         0.000
 PTGI4          0.000         0.790         0.000
 PTGI5          0.000         0.790         0.000
 IESR1          0.000         0.000         0.850
 IESR2          0.000         0.000         0.850
 IESR3          0.000         0.000         0.850


           THETA
              P1            P2            P3            N1            N2
              ________      ________      ________      ________      ________
 P1             0.482
 P2             0.000         0.482
 P3             0.000         0.000         0.482
 N1             0.000         0.000         0.000         0.294
 N2             0.000         0.000         0.000         0.000         0.294
 N3             0.000         0.000         0.000         0.000         0.000
 COPE1          0.000         0.000         0.000         0.000         0.000
 COPE2          0.000         0.000         0.000         0.000         0.000
 MSPSS1         0.000         0.000         0.000         0.000         0.000
 MSPSS2         0.000         0.000         0.000         0.000         0.000
 MSPSS3         0.000         0.000         0.000         0.000         0.000
 NEURO1         0.000         0.000         0.000         0.000         0.000
 NEURO2         0.000         0.000         0.000         0.000         0.000
 EXTRA1         0.000         0.000         0.000         0.000         0.000
 EXTRA2         0.000         0.000         0.000         0.000         0.000
 EXTRA3         0.000         0.000         0.000         0.000         0.000
 PTGI1          0.000         0.000         0.000         0.000         0.000
 PTGI2          0.000         0.000         0.000         0.000         0.000
 PTGI3          0.000         0.000         0.000         0.000         0.000
 PTGI4          0.000         0.000         0.000         0.000         0.000
 PTGI5          0.000         0.000         0.000         0.000         0.000
 IESR1          0.000         0.000         0.000         0.000         0.000
 IESR2          0.000         0.000         0.000         0.000         0.000
 IESR3          0.000         0.000         0.000         0.000         0.000


           THETA
              N3            COPE1         COPE2         MSPSS1        MSPSS2
              ________      ________      ________      ________      ________
 N3             0.294
 COPE1          0.000         0.360
 COPE2          0.000         0.000         0.360
 MSPSS1         0.000         0.000         0.000         0.496
 MSPSS2         0.000         0.000         0.000         0.000         0.496
 MSPSS3         0.000         0.000         0.000         0.000         0.000
 NEURO1         0.000         0.000         0.000         0.000         0.000
 NEURO2         0.000         0.000         0.000         0.000         0.000
 EXTRA1         0.000         0.000         0.000         0.000         0.000
 EXTRA2         0.000         0.000         0.000         0.000         0.000
 EXTRA3         0.000         0.000         0.000         0.000         0.000
 PTGI1          0.000         0.000         0.000         0.000         0.000
 PTGI2          0.000         0.000         0.000         0.000         0.000
 PTGI3          0.000         0.000         0.000         0.000         0.000
 PTGI4          0.000         0.000         0.000         0.000         0.000
 PTGI5          0.000         0.000         0.000         0.000         0.000
 IESR1          0.000         0.000         0.000         0.000         0.000
 IESR2          0.000         0.000         0.000         0.000         0.000
 IESR3          0.000         0.000         0.000         0.000         0.000


           THETA
              MSPSS3        NEURO1        NEURO2        EXTRA1        EXTRA2
              ________      ________      ________      ________      ________
 MSPSS3         0.496
 NEURO1         0.000         0.360
 NEURO2         0.000         0.000         0.360
 EXTRA1         0.000         0.000         0.000         0.551
 EXTRA2         0.000         0.000         0.000         0.000         0.551
 EXTRA3         0.000         0.000         0.000         0.000         0.000
 PTGI1          0.000         0.000         0.000         0.000         0.000
 PTGI2          0.000         0.000         0.000         0.000         0.000
 PTGI3          0.000         0.000         0.000         0.000         0.000
 PTGI4          0.000         0.000         0.000         0.000         0.000
 PTGI5          0.000         0.000         0.000         0.000         0.000
 IESR1          0.000         0.000         0.000         0.000         0.000
 IESR2          0.000         0.000         0.000         0.000         0.000
 IESR3          0.000         0.000         0.000         0.000         0.000


           THETA
              EXTRA3        PTGI1         PTGI2         PTGI3         PTGI4
              ________      ________      ________      ________      ________
 EXTRA3         0.551
 PTGI1          0.000         0.376
 PTGI2          0.000         0.000         0.376
 PTGI3          0.000         0.000         0.000         0.376
 PTGI4          0.000         0.000         0.000         0.000         0.376
 PTGI5          0.000         0.000         0.000         0.000         0.000
 IESR1          0.000         0.000         0.000         0.000         0.000
 IESR2          0.000         0.000         0.000         0.000         0.000
 IESR3          0.000         0.000         0.000         0.000         0.000


           THETA
              PTGI5         IESR1         IESR2         IESR3
              ________      ________      ________      ________
 PTGI5          0.376
 IESR1          0.000         0.278
 IESR2          0.000         0.000         0.278
 IESR3          0.000         0.000         0.000         0.278


           ALPHA
              P             N             COPE          MSPSS         NEURO
              ________      ________      ________      ________      ________
                0.000         0.000         0.000         0.000         0.000


           ALPHA
              EXTRA         PTGI          IESR
              ________      ________      ________
                0.000         0.000         0.000


           BETA
              P             N             COPE          MSPSS         NEURO
              ________      ________      ________      ________      ________
 P              0.000         0.000         0.580         0.040        -0.340
 N              0.000         0.000         0.180        -0.030         0.920
 COPE           0.000         0.000         0.000         0.000         0.000
 MSPSS          0.000         0.000         0.000         0.000         0.000
 NEURO          0.000         0.000         0.000         0.000         0.000
 EXTRA          0.000         0.000         0.000         0.000         0.000
 PTGI           0.190         0.050         0.070         0.040         0.330
 IESR           0.070         0.460        -0.020        -0.050         0.290


           BETA
              EXTRA         PTGI          IESR
              ________      ________      ________
 P             -0.080         0.000         0.000
 N              0.060         0.000         0.000
 COPE           0.000         0.000         0.000
 MSPSS          0.000         0.000         0.000
 NEURO          0.000         0.000         0.000
 EXTRA          0.000         0.000         0.000
 PTGI           0.410         0.000         0.000
 IESR           0.330         0.000         0.000


           PSI
              P             N             COPE          MSPSS         NEURO
              ________      ________      ________      ________      ________
 P              1.000
 N              0.000         1.000
 COPE           0.000         0.000         1.000
 MSPSS          0.000         0.000         0.250         1.000
 NEURO          0.000         0.000        -0.310        -0.250         1.000
 EXTRA          0.000         0.000         0.310         0.460        -0.660
 PTGI           0.000         0.000         0.000         0.000         0.000
 IESR           0.000         0.000         0.000         0.000         0.000


           PSI
              EXTRA         PTGI          IESR
              ________      ________      ________
 EXTRA          1.000
 PTGI           0.000         1.000
 IESR           0.000         0.230         1.000


     POPULATION VALUES


           NU
              P1            P2            P3            N1            N2
              ________      ________      ________      ________      ________
                0.000         0.000         0.000         0.000         0.000


           NU
              N3            COPE1         COPE2         MSPSS1        MSPSS2
              ________      ________      ________      ________      ________
                0.000         0.000         0.000         0.000         0.000


           NU
              MSPSS3        NEURO1        NEURO2        EXTRA1        EXTRA2
              ________      ________      ________      ________      ________
                0.000         0.000         0.000         0.000         0.000


           NU
              EXTRA3        PTGI1         PTGI2         PTGI3         PTGI4
              ________      ________      ________      ________      ________
                0.000         0.000         0.000         0.000         0.000


           NU
              PTGI5         IESR1         IESR2         IESR3
              ________      ________      ________      ________
                0.000         0.000         0.000         0.000


           LAMBDA
              P             N             COPE          MSPSS         NEURO
              ________      ________      ________      ________      ________
 P1             0.720         0.000         0.000         0.000         0.000
 P2             0.720         0.000         0.000         0.000         0.000
 P3             0.720         0.000         0.000         0.000         0.000
 N1             0.000         0.840         0.000         0.000         0.000
 N2             0.000         0.840         0.000         0.000         0.000
 N3             0.000         0.840         0.000         0.000         0.000
 COPE1          0.000         0.000         0.710         0.000         0.000
 COPE2          0.000         0.000         0.710         0.000         0.000
 MSPSS1         0.000         0.000         0.000         0.700         0.000
 MSPSS2         0.000         0.000         0.000         0.700         0.000
 MSPSS3         0.000         0.000         0.000         0.700         0.000
 NEURO1         0.000         0.000         0.000         0.000         0.800
 NEURO2         0.000         0.000         0.000         0.000         0.800
 EXTRA1         0.000         0.000         0.000         0.000         0.000
 EXTRA2         0.000         0.000         0.000         0.000         0.000
 EXTRA3         0.000         0.000         0.000         0.000         0.000
 PTGI1          0.000         0.000         0.000         0.000         0.000
 PTGI2          0.000         0.000         0.000         0.000         0.000
 PTGI3          0.000         0.000         0.000         0.000         0.000
 PTGI4          0.000         0.000         0.000         0.000         0.000
 PTGI5          0.000         0.000         0.000         0.000         0.000
 IESR1          0.000         0.000         0.000         0.000         0.000
 IESR2          0.000         0.000         0.000         0.000         0.000
 IESR3          0.000         0.000         0.000         0.000         0.000


           LAMBDA
              EXTRA         PTGI          IESR
              ________      ________      ________
 P1             0.000         0.000         0.000
 P2             0.000         0.000         0.000
 P3             0.000         0.000         0.000
 N1             0.000         0.000         0.000
 N2             0.000         0.000         0.000
 N3             0.000         0.000         0.000
 COPE1          0.000         0.000         0.000
 COPE2          0.000         0.000         0.000
 MSPSS1         0.000         0.000         0.000
 MSPSS2         0.000         0.000         0.000
 MSPSS3         0.000         0.000         0.000
 NEURO1         0.000         0.000         0.000
 NEURO2         0.000         0.000         0.000
 EXTRA1         0.670         0.000         0.000
 EXTRA2         0.670         0.000         0.000
 EXTRA3         0.670         0.000         0.000
 PTGI1          0.000         0.790         0.000
 PTGI2          0.000         0.790         0.000
 PTGI3          0.000         0.790         0.000
 PTGI4          0.000         0.790         0.000
 PTGI5          0.000         0.790         0.000
 IESR1          0.000         0.000         0.850
 IESR2          0.000         0.000         0.850
 IESR3          0.000         0.000         0.850


           THETA
              P1            P2            P3            N1            N2
              ________      ________      ________      ________      ________
 P1             0.482
 P2             0.000         0.482
 P3             0.000         0.000         0.482
 N1             0.000         0.000         0.000         0.294
 N2             0.000         0.000         0.000         0.000         0.294
 N3             0.000         0.000         0.000         0.000         0.000
 COPE1          0.000         0.000         0.000         0.000         0.000
 COPE2          0.000         0.000         0.000         0.000         0.000
 MSPSS1         0.000         0.000         0.000         0.000         0.000
 MSPSS2         0.000         0.000         0.000         0.000         0.000
 MSPSS3         0.000         0.000         0.000         0.000         0.000
 NEURO1         0.000         0.000         0.000         0.000         0.000
 NEURO2         0.000         0.000         0.000         0.000         0.000
 EXTRA1         0.000         0.000         0.000         0.000         0.000
 EXTRA2         0.000         0.000         0.000         0.000         0.000
 EXTRA3         0.000         0.000         0.000         0.000         0.000
 PTGI1          0.000         0.000         0.000         0.000         0.000
 PTGI2          0.000         0.000         0.000         0.000         0.000
 PTGI3          0.000         0.000         0.000         0.000         0.000
 PTGI4          0.000         0.000         0.000         0.000         0.000
 PTGI5          0.000         0.000         0.000         0.000         0.000
 IESR1          0.000         0.000         0.000         0.000         0.000
 IESR2          0.000         0.000         0.000         0.000         0.000
 IESR3          0.000         0.000         0.000         0.000         0.000


           THETA
              N3            COPE1         COPE2         MSPSS1        MSPSS2
              ________      ________      ________      ________      ________
 N3             0.294
 COPE1          0.000         0.360
 COPE2          0.000         0.000         0.360
 MSPSS1         0.000         0.000         0.000         0.496
 MSPSS2         0.000         0.000         0.000         0.000         0.496
 MSPSS3         0.000         0.000         0.000         0.000         0.000
 NEURO1         0.000         0.000         0.000         0.000         0.000
 NEURO2         0.000         0.000         0.000         0.000         0.000
 EXTRA1         0.000         0.000         0.000         0.000         0.000
 EXTRA2         0.000         0.000         0.000         0.000         0.000
 EXTRA3         0.000         0.000         0.000         0.000         0.000
 PTGI1          0.000         0.000         0.000         0.000         0.000
 PTGI2          0.000         0.000         0.000         0.000         0.000
 PTGI3          0.000         0.000         0.000         0.000         0.000
 PTGI4          0.000         0.000         0.000         0.000         0.000
 PTGI5          0.000         0.000         0.000         0.000         0.000
 IESR1          0.000         0.000         0.000         0.000         0.000
 IESR2          0.000         0.000         0.000         0.000         0.000
 IESR3          0.000         0.000         0.000         0.000         0.000


           THETA
              MSPSS3        NEURO1        NEURO2        EXTRA1        EXTRA2
              ________      ________      ________      ________      ________
 MSPSS3         0.496
 NEURO1         0.000         0.360
 NEURO2         0.000         0.000         0.360
 EXTRA1         0.000         0.000         0.000         0.551
 EXTRA2         0.000         0.000         0.000         0.000         0.551
 EXTRA3         0.000         0.000         0.000         0.000         0.000
 PTGI1          0.000         0.000         0.000         0.000         0.000
 PTGI2          0.000         0.000         0.000         0.000         0.000
 PTGI3          0.000         0.000         0.000         0.000         0.000
 PTGI4          0.000         0.000         0.000         0.000         0.000
 PTGI5          0.000         0.000         0.000         0.000         0.000
 IESR1          0.000         0.000         0.000         0.000         0.000
 IESR2          0.000         0.000         0.000         0.000         0.000
 IESR3          0.000         0.000         0.000         0.000         0.000


           THETA
              EXTRA3        PTGI1         PTGI2         PTGI3         PTGI4
              ________      ________      ________      ________      ________
 EXTRA3         0.551
 PTGI1          0.000         0.376
 PTGI2          0.000         0.000         0.376
 PTGI3          0.000         0.000         0.000         0.376
 PTGI4          0.000         0.000         0.000         0.000         0.376
 PTGI5          0.000         0.000         0.000         0.000         0.000
 IESR1          0.000         0.000         0.000         0.000         0.000
 IESR2          0.000         0.000         0.000         0.000         0.000
 IESR3          0.000         0.000         0.000         0.000         0.000


           THETA
              PTGI5         IESR1         IESR2         IESR3
              ________      ________      ________      ________
 PTGI5          0.376
 IESR1          0.000         0.278
 IESR2          0.000         0.000         0.278
 IESR3          0.000         0.000         0.000         0.278


           ALPHA
              P             N             COPE          MSPSS         NEURO
              ________      ________      ________      ________      ________
                0.000         0.000         0.000         0.000         0.000


           ALPHA
              EXTRA         PTGI          IESR
              ________      ________      ________
                0.000         0.000         0.000


           BETA
              P             N             COPE          MSPSS         NEURO
              ________      ________      ________      ________      ________
 P              0.000         0.000         0.580         0.040        -0.340
 N              0.000         0.000         0.180        -0.030         0.920
 COPE           0.000         0.000         0.000         0.000         0.000
 MSPSS          0.000         0.000         0.000         0.000         0.000
 NEURO          0.000         0.000         0.000         0.000         0.000
 EXTRA          0.000         0.000         0.000         0.000         0.000
 PTGI           0.190         0.050         0.070         0.040         0.330
 IESR           0.070         0.460        -0.020        -0.050         0.290


           BETA
              EXTRA         PTGI          IESR
              ________      ________      ________
 P             -0.080         0.000         0.000
 N              0.060         0.000         0.000
 COPE           0.000         0.000         0.000
 MSPSS          0.000         0.000         0.000
 NEURO          0.000         0.000         0.000
 EXTRA          0.000         0.000         0.000
 PTGI           0.410         0.000         0.000
 IESR           0.330         0.000         0.000


           PSI
              P             N             COPE          MSPSS         NEURO
              ________      ________      ________      ________      ________
 P              1.000
 N              0.000         1.000
 COPE           0.000         0.000         1.000
 MSPSS          0.000         0.000         0.250         1.000
 NEURO          0.000         0.000        -0.310        -0.250         1.000
 EXTRA          0.000         0.000         0.310         0.460        -0.660
 PTGI           0.000         0.000         0.000         0.000         0.000
 IESR           0.000         0.000         0.000         0.000         0.000


           PSI
              EXTRA         PTGI          IESR
              ________      ________      ________
 EXTRA          1.000
 PTGI           0.000         1.000
 IESR           0.000         0.230         1.000


TECHNICAL 9 OUTPUT

  Error messages for each replication (if any)


     REPLICATION 176:
     WARNING:  THE RESIDUAL COVARIANCE MATRIX (THETA) IS NOT POSITIVE DEFINITE.
     THIS COULD INDICATE A NEGATIVE VARIANCE/RESIDUAL VARIANCE FOR AN OBSERVED
     VARIABLE, A CORRELATION GREATER OR EQUAL TO ONE BETWEEN TWO OBSERVED
     VARIABLES, OR A LINEAR DEPENDENCY AMONG MORE THAN TWO OBSERVED VARIABLES.
     CHECK THE RESULTS SECTION FOR MORE INFORMATION.
     PROBLEM INVOLVING VARIABLE COPE1.


     REPLICATION 682:
     WARNING:  THE RESIDUAL COVARIANCE MATRIX (THETA) IS NOT POSITIVE DEFINITE.
     THIS COULD INDICATE A NEGATIVE VARIANCE/RESIDUAL VARIANCE FOR AN OBSERVED
     VARIABLE, A CORRELATION GREATER OR EQUAL TO ONE BETWEEN TWO OBSERVED
     VARIABLES, OR A LINEAR DEPENDENCY AMONG MORE THAN TWO OBSERVED VARIABLES.
     CHECK THE RESULTS SECTION FOR MORE INFORMATION.
     PROBLEM INVOLVING VARIABLE COPE2.


     REPLICATION 753:
     WARNING:  THE RESIDUAL COVARIANCE MATRIX (THETA) IS NOT POSITIVE DEFINITE.
     THIS COULD INDICATE A NEGATIVE VARIANCE/RESIDUAL VARIANCE FOR AN OBSERVED
     VARIABLE, A CORRELATION GREATER OR EQUAL TO ONE BETWEEN TWO OBSERVED
     VARIABLES, OR A LINEAR DEPENDENCY AMONG MORE THAN TWO OBSERVED VARIABLES.
     CHECK THE RESULTS SECTION FOR MORE INFORMATION.
     PROBLEM INVOLVING VARIABLE COPE2.


     REPLICATION 770:
     WARNING:  THE RESIDUAL COVARIANCE MATRIX (THETA) IS NOT POSITIVE DEFINITE.
     THIS COULD INDICATE A NEGATIVE VARIANCE/RESIDUAL VARIANCE FOR AN OBSERVED
     VARIABLE, A CORRELATION GREATER OR EQUAL TO ONE BETWEEN TWO OBSERVED
     VARIABLES, OR A LINEAR DEPENDENCY AMONG MORE THAN TWO OBSERVED VARIABLES.
     CHECK THE RESULTS SECTION FOR MORE INFORMATION.
     PROBLEM INVOLVING VARIABLE COPE2.


     REPLICATION 1167:
     WARNING:  THE RESIDUAL COVARIANCE MATRIX (THETA) IS NOT POSITIVE DEFINITE.
     THIS COULD INDICATE A NEGATIVE VARIANCE/RESIDUAL VARIANCE FOR AN OBSERVED
     VARIABLE, A CORRELATION GREATER OR EQUAL TO ONE BETWEEN TWO OBSERVED
     VARIABLES, OR A LINEAR DEPENDENCY AMONG MORE THAN TWO OBSERVED VARIABLES.
     CHECK THE RESULTS SECTION FOR MORE INFORMATION.
     PROBLEM INVOLVING VARIABLE COPE1.


     REPLICATION 1499:
     WARNING:  THE RESIDUAL COVARIANCE MATRIX (THETA) IS NOT POSITIVE DEFINITE.
     THIS COULD INDICATE A NEGATIVE VARIANCE/RESIDUAL VARIANCE FOR AN OBSERVED
     VARIABLE, A CORRELATION GREATER OR EQUAL TO ONE BETWEEN TWO OBSERVED
     VARIABLES, OR A LINEAR DEPENDENCY AMONG MORE THAN TWO OBSERVED VARIABLES.
     CHECK THE RESULTS SECTION FOR MORE INFORMATION.
     PROBLEM INVOLVING VARIABLE COPE2.


     REPLICATION 1542:
     WARNING:  THE RESIDUAL COVARIANCE MATRIX (THETA) IS NOT POSITIVE DEFINITE.
     THIS COULD INDICATE A NEGATIVE VARIANCE/RESIDUAL VARIANCE FOR AN OBSERVED
     VARIABLE, A CORRELATION GREATER OR EQUAL TO ONE BETWEEN TWO OBSERVED
     VARIABLES, OR A LINEAR DEPENDENCY AMONG MORE THAN TWO OBSERVED VARIABLES.
     CHECK THE RESULTS SECTION FOR MORE INFORMATION.
     PROBLEM INVOLVING VARIABLE COPE2.


     REPLICATION 3328:
     WARNING:  THE RESIDUAL COVARIANCE MATRIX (THETA) IS NOT POSITIVE DEFINITE.
     THIS COULD INDICATE A NEGATIVE VARIANCE/RESIDUAL VARIANCE FOR AN OBSERVED
     VARIABLE, A CORRELATION GREATER OR EQUAL TO ONE BETWEEN TWO OBSERVED
     VARIABLES, OR A LINEAR DEPENDENCY AMONG MORE THAN TWO OBSERVED VARIABLES.
     CHECK THE RESULTS SECTION FOR MORE INFORMATION.
     PROBLEM INVOLVING VARIABLE COPE2.


     REPLICATION 4173:
     WARNING:  THE RESIDUAL COVARIANCE MATRIX (THETA) IS NOT POSITIVE DEFINITE.
     THIS COULD INDICATE A NEGATIVE VARIANCE/RESIDUAL VARIANCE FOR AN OBSERVED
     VARIABLE, A CORRELATION GREATER OR EQUAL TO ONE BETWEEN TWO OBSERVED
     VARIABLES, OR A LINEAR DEPENDENCY AMONG MORE THAN TWO OBSERVED VARIABLES.
     CHECK THE RESULTS SECTION FOR MORE INFORMATION.
     PROBLEM INVOLVING VARIABLE COPE2.


     REPLICATION 4429:
     WARNING:  THE RESIDUAL COVARIANCE MATRIX (THETA) IS NOT POSITIVE DEFINITE.
     THIS COULD INDICATE A NEGATIVE VARIANCE/RESIDUAL VARIANCE FOR AN OBSERVED
     VARIABLE, A CORRELATION GREATER OR EQUAL TO ONE BETWEEN TWO OBSERVED
     VARIABLES, OR A LINEAR DEPENDENCY AMONG MORE THAN TWO OBSERVED VARIABLES.
     CHECK THE RESULTS SECTION FOR MORE INFORMATION.
     PROBLEM INVOLVING VARIABLE COPE2.


     REPLICATION 5177:
     WARNING:  THE RESIDUAL COVARIANCE MATRIX (THETA) IS NOT POSITIVE DEFINITE.
     THIS COULD INDICATE A NEGATIVE VARIANCE/RESIDUAL VARIANCE FOR AN OBSERVED
     VARIABLE, A CORRELATION GREATER OR EQUAL TO ONE BETWEEN TWO OBSERVED
     VARIABLES, OR A LINEAR DEPENDENCY AMONG MORE THAN TWO OBSERVED VARIABLES.
     CHECK THE RESULTS SECTION FOR MORE INFORMATION.
     PROBLEM INVOLVING VARIABLE COPE1.


     REPLICATION 5901:
     WARNING:  THE RESIDUAL COVARIANCE MATRIX (THETA) IS NOT POSITIVE DEFINITE.
     THIS COULD INDICATE A NEGATIVE VARIANCE/RESIDUAL VARIANCE FOR AN OBSERVED
     VARIABLE, A CORRELATION GREATER OR EQUAL TO ONE BETWEEN TWO OBSERVED
     VARIABLES, OR A LINEAR DEPENDENCY AMONG MORE THAN TWO OBSERVED VARIABLES.
     CHECK THE RESULTS SECTION FOR MORE INFORMATION.
     PROBLEM INVOLVING VARIABLE COPE1.


     REPLICATION 6195:
     WARNING:  THE RESIDUAL COVARIANCE MATRIX (THETA) IS NOT POSITIVE DEFINITE.
     THIS COULD INDICATE A NEGATIVE VARIANCE/RESIDUAL VARIANCE FOR AN OBSERVED
     VARIABLE, A CORRELATION GREATER OR EQUAL TO ONE BETWEEN TWO OBSERVED
     VARIABLES, OR A LINEAR DEPENDENCY AMONG MORE THAN TWO OBSERVED VARIABLES.
     CHECK THE RESULTS SECTION FOR MORE INFORMATION.
     PROBLEM INVOLVING VARIABLE COPE2.


     REPLICATION 6314:
     WARNING:  THE RESIDUAL COVARIANCE MATRIX (THETA) IS NOT POSITIVE DEFINITE.
     THIS COULD INDICATE A NEGATIVE VARIANCE/RESIDUAL VARIANCE FOR AN OBSERVED
     VARIABLE, A CORRELATION GREATER OR EQUAL TO ONE BETWEEN TWO OBSERVED
     VARIABLES, OR A LINEAR DEPENDENCY AMONG MORE THAN TWO OBSERVED VARIABLES.
     CHECK THE RESULTS SECTION FOR MORE INFORMATION.
     PROBLEM INVOLVING VARIABLE COPE2.


     REPLICATION 7042:
     WARNING:  THE RESIDUAL COVARIANCE MATRIX (THETA) IS NOT POSITIVE DEFINITE.
     THIS COULD INDICATE A NEGATIVE VARIANCE/RESIDUAL VARIANCE FOR AN OBSERVED
     VARIABLE, A CORRELATION GREATER OR EQUAL TO ONE BETWEEN TWO OBSERVED
     VARIABLES, OR A LINEAR DEPENDENCY AMONG MORE THAN TWO OBSERVED VARIABLES.
     CHECK THE RESULTS SECTION FOR MORE INFORMATION.
     PROBLEM INVOLVING VARIABLE COPE2.


     REPLICATION 7237:
     WARNING:  THE RESIDUAL COVARIANCE MATRIX (THETA) IS NOT POSITIVE DEFINITE.
     THIS COULD INDICATE A NEGATIVE VARIANCE/RESIDUAL VARIANCE FOR AN OBSERVED
     VARIABLE, A CORRELATION GREATER OR EQUAL TO ONE BETWEEN TWO OBSERVED
     VARIABLES, OR A LINEAR DEPENDENCY AMONG MORE THAN TWO OBSERVED VARIABLES.
     CHECK THE RESULTS SECTION FOR MORE INFORMATION.
     PROBLEM INVOLVING VARIABLE COPE2.


     REPLICATION 7331:
     WARNING:  THE RESIDUAL COVARIANCE MATRIX (THETA) IS NOT POSITIVE DEFINITE.
     THIS COULD INDICATE A NEGATIVE VARIANCE/RESIDUAL VARIANCE FOR AN OBSERVED
     VARIABLE, A CORRELATION GREATER OR EQUAL TO ONE BETWEEN TWO OBSERVED
     VARIABLES, OR A LINEAR DEPENDENCY AMONG MORE THAN TWO OBSERVED VARIABLES.
     CHECK THE RESULTS SECTION FOR MORE INFORMATION.
     PROBLEM INVOLVING VARIABLE COPE2.


     REPLICATION 7489:
     WARNING:  THE RESIDUAL COVARIANCE MATRIX (THETA) IS NOT POSITIVE DEFINITE.
     THIS COULD INDICATE A NEGATIVE VARIANCE/RESIDUAL VARIANCE FOR AN OBSERVED
     VARIABLE, A CORRELATION GREATER OR EQUAL TO ONE BETWEEN TWO OBSERVED
     VARIABLES, OR A LINEAR DEPENDENCY AMONG MORE THAN TWO OBSERVED VARIABLES.
     CHECK THE RESULTS SECTION FOR MORE INFORMATION.
     PROBLEM INVOLVING VARIABLE COPE2.


     REPLICATION 7957:
     WARNING:  THE RESIDUAL COVARIANCE MATRIX (THETA) IS NOT POSITIVE DEFINITE.
     THIS COULD INDICATE A NEGATIVE VARIANCE/RESIDUAL VARIANCE FOR AN OBSERVED
     VARIABLE, A CORRELATION GREATER OR EQUAL TO ONE BETWEEN TWO OBSERVED
     VARIABLES, OR A LINEAR DEPENDENCY AMONG MORE THAN TWO OBSERVED VARIABLES.
     CHECK THE RESULTS SECTION FOR MORE INFORMATION.
     PROBLEM INVOLVING VARIABLE COPE2.


     REPLICATION 8207:
     WARNING:  THE RESIDUAL COVARIANCE MATRIX (THETA) IS NOT POSITIVE DEFINITE.
     THIS COULD INDICATE A NEGATIVE VARIANCE/RESIDUAL VARIANCE FOR AN OBSERVED
     VARIABLE, A CORRELATION GREATER OR EQUAL TO ONE BETWEEN TWO OBSERVED
     VARIABLES, OR A LINEAR DEPENDENCY AMONG MORE THAN TWO OBSERVED VARIABLES.
     CHECK THE RESULTS SECTION FOR MORE INFORMATION.
     PROBLEM INVOLVING VARIABLE COPE1.


     REPLICATION 8538:
     WARNING:  THE RESIDUAL COVARIANCE MATRIX (THETA) IS NOT POSITIVE DEFINITE.
     THIS COULD INDICATE A NEGATIVE VARIANCE/RESIDUAL VARIANCE FOR AN OBSERVED
     VARIABLE, A CORRELATION GREATER OR EQUAL TO ONE BETWEEN TWO OBSERVED
     VARIABLES, OR A LINEAR DEPENDENCY AMONG MORE THAN TWO OBSERVED VARIABLES.
     CHECK THE RESULTS SECTION FOR MORE INFORMATION.
     PROBLEM INVOLVING VARIABLE COPE2.


     REPLICATION 8941:
     WARNING:  THE RESIDUAL COVARIANCE MATRIX (THETA) IS NOT POSITIVE DEFINITE.
     THIS COULD INDICATE A NEGATIVE VARIANCE/RESIDUAL VARIANCE FOR AN OBSERVED
     VARIABLE, A CORRELATION GREATER OR EQUAL TO ONE BETWEEN TWO OBSERVED
     VARIABLES, OR A LINEAR DEPENDENCY AMONG MORE THAN TWO OBSERVED VARIABLES.
     CHECK THE RESULTS SECTION FOR MORE INFORMATION.
     PROBLEM INVOLVING VARIABLE COPE2.


     REPLICATION 9095:
     WARNING:  THE RESIDUAL COVARIANCE MATRIX (THETA) IS NOT POSITIVE DEFINITE.
     THIS COULD INDICATE A NEGATIVE VARIANCE/RESIDUAL VARIANCE FOR AN OBSERVED
     VARIABLE, A CORRELATION GREATER OR EQUAL TO ONE BETWEEN TWO OBSERVED
     VARIABLES, OR A LINEAR DEPENDENCY AMONG MORE THAN TWO OBSERVED VARIABLES.
     CHECK THE RESULTS SECTION FOR MORE INFORMATION.
     PROBLEM INVOLVING VARIABLE COPE1.


     REPLICATION 9444:
     WARNING:  THE RESIDUAL COVARIANCE MATRIX (THETA) IS NOT POSITIVE DEFINITE.
     THIS COULD INDICATE A NEGATIVE VARIANCE/RESIDUAL VARIANCE FOR AN OBSERVED
     VARIABLE, A CORRELATION GREATER OR EQUAL TO ONE BETWEEN TWO OBSERVED
     VARIABLES, OR A LINEAR DEPENDENCY AMONG MORE THAN TWO OBSERVED VARIABLES.
     CHECK THE RESULTS SECTION FOR MORE INFORMATION.
     PROBLEM INVOLVING VARIABLE COPE1.


     REPLICATION 9562:
     WARNING:  THE RESIDUAL COVARIANCE MATRIX (THETA) IS NOT POSITIVE DEFINITE.
     THIS COULD INDICATE A NEGATIVE VARIANCE/RESIDUAL VARIANCE FOR AN OBSERVED
     VARIABLE, A CORRELATION GREATER OR EQUAL TO ONE BETWEEN TWO OBSERVED
     VARIABLES, OR A LINEAR DEPENDENCY AMONG MORE THAN TWO OBSERVED VARIABLES.
     CHECK THE RESULTS SECTION FOR MORE INFORMATION.
     PROBLEM INVOLVING VARIABLE COPE1.


     REPLICATION 9949:
     WARNING:  THE RESIDUAL COVARIANCE MATRIX (THETA) IS NOT POSITIVE DEFINITE.
     THIS COULD INDICATE A NEGATIVE VARIANCE/RESIDUAL VARIANCE FOR AN OBSERVED
     VARIABLE, A CORRELATION GREATER OR EQUAL TO ONE BETWEEN TWO OBSERVED
     VARIABLES, OR A LINEAR DEPENDENCY AMONG MORE THAN TWO OBSERVED VARIABLES.
     CHECK THE RESULTS SECTION FOR MORE INFORMATION.
     PROBLEM INVOLVING VARIABLE COPE1.


     REPLICATION 9962:
     WARNING:  THE RESIDUAL COVARIANCE MATRIX (THETA) IS NOT POSITIVE DEFINITE.
     THIS COULD INDICATE A NEGATIVE VARIANCE/RESIDUAL VARIANCE FOR AN OBSERVED
     VARIABLE, A CORRELATION GREATER OR EQUAL TO ONE BETWEEN TWO OBSERVED
     VARIABLES, OR A LINEAR DEPENDENCY AMONG MORE THAN TWO OBSERVED VARIABLES.
     CHECK THE RESULTS SECTION FOR MORE INFORMATION.
     PROBLEM INVOLVING VARIABLE COPE1.



     Beginning Time:  08:24:30
        Ending Time:  08:31:04
       Elapsed Time:  00:06:34



MUTHEN & MUTHEN
3463 Stoner Ave.
Los Angeles, CA  90066

Tel: (310) 391-9971
Fax: (310) 391-8971
Web: www.StatModel.com
Support: Support@StatModel.com

Copyright (c) 1998-2021 Muthen & Muthen
