Mplus VERSION 8.6 (Mac)
MUTHEN & MUTHEN
11/12/2022   7:34 AM

INPUT INSTRUCTIONS

  TITLE: Monte Carlo simulation for testing regression coefficients.
  MONTECARLO:
     NAMES = P1-P3 N1-N3
             COPE1-COPE2
             MSPSS1-MSPSS3
             NEURO1-NEURO2
             EXTRA1-EXTRA3
             PTGI1-PTGI5
             IESR1-IESR3
             ;
  NOBSERVATIONS = 600;  !746
  NREPS = 10000; ! 10000
  SEED = 12345;
  MODEL POPULATION:
    [
    P1-P3@0
    N1-N3@0
    COPE1-COPE2@0
    MSPSS1-MSPSS3@0
    NEURO1-NEURO2@0
    EXTRA1-EXTRA3@0
    PTGI1-PTGI5@0
    IESR1-IESR3@0
    ];

  P BY P1-P3@.72;
  P@1;
  P1-P3@.4816;

  N BY N1-N3@.84;
  N@1;
  N1-N3@.2944;

  COPE BY COPE1-COPE2@.71;
  COPE@1;
  COPE1-COPE2@.36;

  MSPSS BY MSPSS1-MSPSS3@.7;
  MSPSS@1;
  MSPSS1-MSPSS3@.4959;

  NEURO BY NEURO1-NEURO2@.8;
  NEURO@1;
  NEURO1-NEURO2@.36;

  EXTRA BY EXTRA1-EXTRA3@.67;
  EXTRA@1;
  EXTRA1-EXTRA3@.5511;

  PTGI BY PTGI1-PTGI5@.79;
  PTGI@1;
  PTGI1-PTGI5@.3759;

  IESR BY IESR1-IESR3@.85;
  IESR@1;
  IESR1-IESR3@.2775;

  P ON COPE@.58 MSPSS@.04 NEURO@-.34 EXTRA@-.08;
  N ON COPE@.18 MSPSS@-.03 NEURO@.92 EXTRA@.06;

  PTGI ON P@.19 N@.05 COPE@.07 MSPSS@.04 NEURO@.33 EXTRA@.41;
  IESR ON P@.07 N@.46 COPE@-.02 MSPSS@-.05 NEURO@.29 EXTRA@.33;

  IESR WITH PTGI@.23;
  MSPSS WITH COPE@.25;
  NEURO WITH COPE@-.31;
  NEURO WITH MSPSS@-.25;
  EXTRA WITH COPE@.31;
  EXTRA WITH MSPSS@.46;
  EXTRA WITH NEURO@-.66;

  MODEL:
    [
    P1-P3*0
    N1-N3*0
    COPE1-COPE2*0
    MSPSS1-MSPSS3*0
    NEURO1-NEURO2*0
    EXTRA1-EXTRA3*0
    PTGI1-PTGI5*0
    IESR1-IESR3*0
    ];

  P BY P1-P3*.72;
  P@1;
  P1-P3*.4816;

  N BY N1-N3*.84;
  N@1;
  N1-N3*.2944;

  COPE BY COPE1-COPE2*.71;
  COPE@1;
  COPE1-COPE2*.36;

  MSPSS BY MSPSS1-MSPSS3*.7;
  MSPSS@1;
  MSPSS1-MSPSS3*.4959;

  NEURO BY NEURO1-NEURO2*.8;
  NEURO@1;
  NEURO1-NEURO2*.36;

  EXTRA BY EXTRA1-EXTRA3*.67;
  EXTRA@1;
  EXTRA1-EXTRA3*.5511;

  PTGI BY PTGI1-PTGI5*.79;
  PTGI@1;
  PTGI1-PTGI5*.3759;

  IESR BY IESR1-IESR3*.85;
  IESR@1;
  IESR1-IESR3*.2775;

  P ON COPE*.58 MSPSS*.04 NEURO*-.34 EXTRA*-.08;
  N ON COPE*.18 MSPSS*-.03 NEURO*.92 EXTRA*.06;

  PTGI ON P*.19 N@.05 COPE*.07 MSPSS*.04 NEURO*.33 EXTRA*.41;
  IESR ON P*.07 N*.46 COPE*-.02 MSPSS*-.05 NEURO*.29 EXTRA*.33;

  IESR WITH PTGI*.23;
  MSPSS WITH COPE*.25;
  NEURO WITH COPE*-.31;
  NEURO WITH MSPSS*-.25;
  EXTRA WITH COPE*.31;
  EXTRA WITH MSPSS*.46;
  EXTRA WITH NEURO*-.66;

  OUTPUT: TECH9;



INPUT READING TERMINATED NORMALLY



Monte Carlo simulation for testing regression coefficients.

SUMMARY OF ANALYSIS

Number of groups                                                 1
Number of observations                                         600

Number of replications
    Requested                                                10000
    Completed                                                10000
Value of seed                                                12345

Number of dependent variables                                   24
Number of independent variables                                  0
Number of continuous latent variables                            8

Observed dependent variables

  Continuous
   P1          P2          P3          N1          N2          N3
   COPE1       COPE2       MSPSS1      MSPSS2      MSPSS3      NEURO1
   NEURO2      EXTRA1      EXTRA2      EXTRA3      PTGI1       PTGI2
   PTGI3       PTGI4       PTGI5       IESR1       IESR2       IESR3

Continuous latent variables
   P           N           COPE        MSPSS       NEURO       EXTRA
   PTGI        IESR


Estimator                                                       ML
Information matrix                                        OBSERVED
Maximum number of iterations                                  1000
Convergence criterion                                    0.500D-04
Maximum number of steepest descent iterations                   20



SAMPLE STATISTICS FOR THE FIRST REPLICATION


     SAMPLE STATISTICS


           Means
              P1            P2            P3            N1            N2
              ________      ________      ________      ________      ________
                0.066         0.046         0.087         0.042        -0.001


           Means
              N3            COPE1         COPE2         MSPSS1        MSPSS2
              ________      ________      ________      ________      ________
               -0.005        -0.014        -0.023         0.059         0.060


           Means
              MSPSS3        NEURO1        NEURO2        EXTRA1        EXTRA2
              ________      ________      ________      ________      ________
               -0.001        -0.019         0.052         0.020         0.002


           Means
              EXTRA3        PTGI1         PTGI2         PTGI3         PTGI4
              ________      ________      ________      ________      ________
                0.018         0.038        -0.072        -0.046        -0.012


           Means
              PTGI5         IESR1         IESR2         IESR3
              ________      ________      ________      ________
               -0.032        -0.025        -0.002        -0.022


           Covariances
              P1            P2            P3            N1            N2
              ________      ________      ________      ________      ________
 P1             1.140
 P2             0.755         1.360
 P3             0.726         0.784         1.183
 N1            -0.229        -0.290        -0.235         1.422
 N2            -0.231        -0.283        -0.250         1.115         1.435
 N3            -0.219        -0.268        -0.223         1.105         1.109
 COPE1          0.308         0.374         0.318        -0.108        -0.088
 COPE2          0.364         0.393         0.307        -0.062        -0.039
 MSPSS1         0.141         0.165         0.111        -0.062        -0.098
 MSPSS2         0.141         0.130         0.125        -0.043        -0.089
 MSPSS3         0.112         0.167         0.173        -0.142        -0.178
 NEURO1        -0.261        -0.333        -0.270         0.479         0.447
 NEURO2        -0.313        -0.390        -0.339         0.548         0.535
 EXTRA1         0.095         0.196         0.108        -0.281        -0.251
 EXTRA2         0.103         0.173         0.136        -0.267        -0.243
 EXTRA3         0.182         0.262         0.175        -0.319        -0.271
 PTGI1          0.131         0.200         0.121        -0.010        -0.025
 PTGI2          0.130         0.181         0.203         0.033         0.008
 PTGI3          0.131         0.183         0.124        -0.029        -0.008
 PTGI4          0.089         0.148         0.128         0.004         0.019
 PTGI5          0.097         0.172         0.149         0.035         0.011
 IESR1         -0.133        -0.141        -0.076         0.555         0.538
 IESR2         -0.115        -0.092        -0.057         0.566         0.524
 IESR3         -0.105        -0.078        -0.043         0.594         0.587


           Covariances
              N3            COPE1         COPE2         MSPSS1        MSPSS2
              ________      ________      ________      ________      ________
 N3             1.391
 COPE1         -0.082         0.903
 COPE2         -0.056         0.542         0.909
 MSPSS1        -0.064         0.100         0.097         0.886
 MSPSS2        -0.029         0.110         0.146         0.442         1.004
 MSPSS3        -0.118         0.105         0.145         0.466         0.500
 NEURO1         0.432        -0.187        -0.162        -0.140        -0.107
 NEURO2         0.519        -0.223        -0.196        -0.147        -0.089
 EXTRA1        -0.219         0.191         0.184         0.227         0.142
 EXTRA2        -0.241         0.113         0.102         0.167         0.165
 EXTRA3        -0.256         0.207         0.186         0.195         0.185
 PTGI1          0.037         0.173         0.132         0.132         0.189
 PTGI2          0.039         0.180         0.143         0.104         0.162
 PTGI3          0.048         0.132         0.115         0.130         0.163
 PTGI4          0.059         0.112         0.094         0.076         0.125
 PTGI5          0.059         0.153         0.139         0.116         0.181
 IESR1          0.559         0.004        -0.065        -0.039        -0.047
 IESR2          0.524        -0.003        -0.026         0.008        -0.011
 IESR3          0.617         0.009        -0.016         0.001        -0.056


           Covariances
              MSPSS3        NEURO1        NEURO2        EXTRA1        EXTRA2
              ________      ________      ________      ________      ________
 MSPSS3         1.026
 NEURO1        -0.202         0.956
 NEURO2        -0.210         0.635         1.003
 EXTRA1         0.243        -0.362        -0.411         0.933
 EXTRA2         0.233        -0.294        -0.315         0.361         0.887
 EXTRA3         0.223        -0.350        -0.381         0.441         0.386
 PTGI1          0.162        -0.038        -0.062         0.134         0.178
 PTGI2          0.134         0.007        -0.055         0.116         0.176
 PTGI3          0.122        -0.007        -0.047         0.099         0.165
 PTGI4          0.117        -0.032        -0.049         0.091         0.151
 PTGI5          0.128        -0.048        -0.065         0.164         0.221
 IESR1         -0.089         0.266         0.299        -0.030        -0.060
 IESR2         -0.086         0.244         0.279         0.014        -0.036
 IESR3         -0.060         0.278         0.300        -0.003        -0.039


           Covariances
              EXTRA3        PTGI1         PTGI2         PTGI3         PTGI4
              ________      ________      ________      ________      ________
 EXTRA3         1.050
 PTGI1          0.171         0.990
 PTGI2          0.141         0.621         0.988
 PTGI3          0.147         0.633         0.621         0.977
 PTGI4          0.154         0.653         0.621         0.645         1.014
 PTGI5          0.202         0.634         0.621         0.641         0.647
 IESR1         -0.038         0.202         0.202         0.180         0.250
 IESR2         -0.006         0.213         0.202         0.179         0.274
 IESR3         -0.009         0.184         0.188         0.167         0.246


           Covariances
              PTGI5         IESR1         IESR2         IESR3
              ________      ________      ________      ________
 PTGI5          1.035
 IESR1          0.253         1.237
 IESR2          0.219         0.993         1.306
 IESR3          0.228         1.007         1.050         1.319


           Correlations
              P1            P2            P3            N1            N2
              ________      ________      ________      ________      ________
 P1             1.000
 P2             0.606         1.000
 P3             0.625         0.618         1.000
 N1            -0.180        -0.209        -0.181         1.000
 N2            -0.181        -0.203        -0.192         0.780         1.000
 N3            -0.174        -0.195        -0.174         0.786         0.785
 COPE1          0.303         0.337         0.308        -0.095        -0.077
 COPE2          0.358         0.354         0.296        -0.054        -0.034
 MSPSS1         0.140         0.150         0.109        -0.055        -0.087
 MSPSS2         0.132         0.112         0.115        -0.036        -0.074
 MSPSS3         0.104         0.141         0.157        -0.117        -0.147
 NEURO1        -0.250        -0.292        -0.254         0.411         0.381
 NEURO2        -0.292        -0.334        -0.312         0.459         0.446
 EXTRA1         0.092         0.174         0.103        -0.244        -0.217
 EXTRA2         0.102         0.158         0.132        -0.238        -0.215
 EXTRA3         0.166         0.219         0.157        -0.261        -0.221
 PTGI1          0.123         0.173         0.112        -0.008        -0.021
 PTGI2          0.122         0.156         0.188         0.027         0.007
 PTGI3          0.124         0.159         0.115        -0.024        -0.007
 PTGI4          0.083         0.126         0.117         0.003         0.016
 PTGI5          0.090         0.145         0.135         0.029         0.009
 IESR1         -0.112        -0.109        -0.062         0.418         0.404
 IESR2         -0.095        -0.069        -0.046         0.416         0.383
 IESR3         -0.085        -0.058        -0.034         0.433         0.427


           Correlations
              N3            COPE1         COPE2         MSPSS1        MSPSS2
              ________      ________      ________      ________      ________
 N3             1.000
 COPE1         -0.073         1.000
 COPE2         -0.050         0.599         1.000
 MSPSS1        -0.057         0.111         0.108         1.000
 MSPSS2        -0.025         0.115         0.152         0.468         1.000
 MSPSS3        -0.099         0.109         0.151         0.489         0.493
 NEURO1         0.375        -0.202        -0.174        -0.152        -0.109
 NEURO2         0.439        -0.235        -0.206        -0.156        -0.089
 EXTRA1        -0.192         0.209         0.199         0.250         0.146
 EXTRA2        -0.217         0.127         0.113         0.189         0.175
 EXTRA3        -0.212         0.212         0.190         0.202         0.180
 PTGI1          0.032         0.183         0.139         0.141         0.190
 PTGI2          0.033         0.190         0.151         0.112         0.162
 PTGI3          0.041         0.140         0.122         0.140         0.165
 PTGI4          0.049         0.117         0.098         0.080         0.124
 PTGI5          0.049         0.158         0.143         0.121         0.177
 IESR1          0.426         0.004        -0.061        -0.037        -0.042
 IESR2          0.389        -0.003        -0.024         0.008        -0.009
 IESR3          0.455         0.008        -0.014         0.001        -0.049


           Correlations
              MSPSS3        NEURO1        NEURO2        EXTRA1        EXTRA2
              ________      ________      ________      ________      ________
 MSPSS3         1.000
 NEURO1        -0.204         1.000
 NEURO2        -0.207         0.648         1.000
 EXTRA1         0.249        -0.383        -0.425         1.000
 EXTRA2         0.245        -0.319        -0.334         0.397         1.000
 EXTRA3         0.215        -0.349        -0.372         0.445         0.401
 PTGI1          0.160        -0.039        -0.063         0.140         0.190
 PTGI2          0.133         0.007        -0.055         0.121         0.188
 PTGI3          0.122        -0.007        -0.047         0.104         0.177
 PTGI4          0.114        -0.032        -0.049         0.094         0.160
 PTGI5          0.124        -0.048        -0.063         0.167         0.231
 IESR1         -0.079         0.245         0.268        -0.028        -0.057
 IESR2         -0.074         0.219         0.244         0.012        -0.033
 IESR3         -0.052         0.247         0.261        -0.003        -0.036


           Correlations
              EXTRA3        PTGI1         PTGI2         PTGI3         PTGI4
              ________      ________      ________      ________      ________
 EXTRA3         1.000
 PTGI1          0.168         1.000
 PTGI2          0.138         0.628         1.000
 PTGI3          0.145         0.643         0.633         1.000
 PTGI4          0.149         0.651         0.621         0.648         1.000
 PTGI5          0.194         0.627         0.614         0.637         0.631
 IESR1         -0.033         0.182         0.182         0.163         0.223
 IESR2         -0.006         0.187         0.178         0.158         0.238
 IESR3         -0.007         0.161         0.164         0.147         0.213


           Correlations
              PTGI5         IESR1         IESR2         IESR3
              ________      ________      ________      ________
 PTGI5          1.000
 IESR1          0.224         1.000
 IESR2          0.189         0.781         1.000
 IESR3          0.195         0.788         0.800         1.000


MODEL FIT INFORMATION

Number of Free Parameters                       98

Loglikelihood

    H0 Value

        Mean                            -17568.673
        Std Dev                             85.572
        Number of successful computations    10000

             Proportions                   Percentiles
        Expected    Observed         Expected       Observed
           0.990       0.990       -17767.739     -17768.038
           0.980       0.981       -17744.412     -17742.364
           0.950       0.951       -17709.430     -17708.489
           0.900       0.903       -17678.342     -17676.745
           0.800       0.801       -17640.690     -17640.401
           0.700       0.698       -17613.547     -17614.061
           0.500       0.495       -17568.673     -17569.515
           0.300       0.299       -17523.799     -17524.077
           0.200       0.200       -17496.655     -17496.894
           0.100       0.097       -17459.004     -17460.194
           0.050       0.050       -17427.916     -17428.081
           0.020       0.021       -17392.934     -17391.347
           0.010       0.011       -17369.607     -17364.021

    H1 Value

        Mean                            -17453.649
        Std Dev                             86.316
        Number of successful computations    10000

             Proportions                   Percentiles
        Expected    Observed         Expected       Observed
           0.990       0.990       -17654.446     -17653.453
           0.980       0.980       -17630.916     -17630.554
           0.950       0.952       -17595.630     -17594.475
           0.900       0.903       -17564.272     -17562.628
           0.800       0.802       -17526.292     -17525.531
           0.700       0.699       -17498.913     -17499.299
           0.500       0.496       -17453.649     -17454.551
           0.300       0.301       -17408.384     -17408.044
           0.200       0.201       -17381.005     -17380.777
           0.100       0.098       -17343.026     -17343.843
           0.050       0.050       -17311.667     -17311.538
           0.020       0.021       -17276.381     -17274.570
           0.010       0.010       -17252.851     -17253.629

Information Criteria

    Akaike (AIC)

        Mean                             35333.346
        Std Dev                            171.144
        Number of successful computations    10000

             Proportions                   Percentiles
        Expected    Observed         Expected       Observed
           0.990       0.989        34935.214      34923.991
           0.980       0.979        34981.868      34978.687
           0.950       0.950        35051.831      35051.914
           0.900       0.903        35114.008      35116.259
           0.800       0.800        35189.311      35189.541
           0.700       0.701        35243.598      35244.055
           0.500       0.505        35333.346      35334.996
           0.300       0.302        35423.093      35424.111
           0.200       0.199        35477.380      35476.641
           0.100       0.097        35552.683      35549.359
           0.050       0.049        35614.860      35612.848
           0.020       0.019        35684.823      35680.028
           0.010       0.010        35731.477      35731.482

    Bayesian (BIC)

        Mean                             35764.245
        Std Dev                            171.144
        Number of successful computations    10000

             Proportions                   Percentiles
        Expected    Observed         Expected       Observed
           0.990       0.989        35366.113      35354.890
           0.980       0.979        35412.767      35409.586
           0.950       0.950        35482.730      35482.813
           0.900       0.903        35544.907      35547.158
           0.800       0.800        35620.210      35620.440
           0.700       0.701        35674.497      35674.954
           0.500       0.505        35764.245      35765.895
           0.300       0.302        35853.992      35855.010
           0.200       0.199        35908.279      35907.541
           0.100       0.097        35983.582      35980.258
           0.050       0.049        36045.759      36043.747
           0.020       0.019        36115.723      36110.927
           0.010       0.010        36162.376      36162.381

    Sample-Size Adjusted BIC (n* = (n + 2) / 24)

        Mean                             35453.121
        Std Dev                            171.144
        Number of successful computations    10000

             Proportions                   Percentiles
        Expected    Observed         Expected       Observed
           0.990       0.989        35054.990      35043.767
           0.980       0.979        35101.644      35098.463
           0.950       0.950        35171.607      35171.689
           0.900       0.903        35233.784      35236.035
           0.800       0.800        35309.087      35309.317
           0.700       0.701        35363.374      35363.831
           0.500       0.505        35453.121      35454.772
           0.300       0.302        35542.869      35543.887
           0.200       0.199        35597.156      35596.417
           0.100       0.097        35672.459      35669.135
           0.050       0.049        35734.636      35732.624
           0.020       0.019        35804.599      35799.804
           0.010       0.010        35851.253      35851.258

Chi-Square Test of Model Fit

        Degrees of freedom                     226

        Mean                               230.048
        Std Dev                             21.642
        Number of successful computations    10000

             Proportions                   Percentiles
        Expected    Observed         Expected       Observed
           0.990       0.994          179.499        182.242
           0.980       0.987          184.510        187.795
           0.950       0.966          192.203        196.180
           0.900       0.930          199.218        202.813
           0.800       0.850          207.940        211.755
           0.700       0.762          214.386        218.065
           0.500       0.573          225.334        229.155
           0.300       0.369          236.647        240.761
           0.200       0.258          243.671        247.872
           0.100       0.137          253.638        258.480
           0.050       0.077          262.070        267.370
           0.020       0.033          271.777        277.005
           0.010       0.017          278.379        283.057

RMSEA (Root Mean Square Error Of Approximation)

        Mean                                 0.006
        Std Dev                              0.006
        Number of successful computations    10000

        Cumulative Distribution Function
           Value    Function Value
           0.990       1.000
           0.980       1.000
           0.950       1.000
           0.900       1.000
           0.800       1.000
           0.700       1.000
           0.500       1.000
           0.300       1.000
           0.200       1.000
           0.100       1.000
           0.050       1.000
           0.020       0.987
           0.010       0.681

CFI/TLI

    CFI

        Mean                                 0.999
        Std Dev                              0.002
        Number of successful computations    10000

        Cumulative Distribution Function
           Value    Function Value
           0.990       0.002
           0.980       0.000
           0.950       0.000
           0.900       0.000
           0.800       0.000
           0.700       0.000
           0.500       0.000
           0.300       0.000
           0.200       0.000
           0.100       0.000
           0.050       0.000
           0.020       0.000
           0.010       0.000

    TLI

        Mean                                 0.998
        Std Dev                              0.002
        Number of successful computations    10000

        Cumulative Distribution Function
           Value    Function Value
           0.990       0.006
           0.980       0.000
           0.950       0.000
           0.900       0.000
           0.800       0.000
           0.700       0.000
           0.500       0.000
           0.300       0.000
           0.200       0.000
           0.100       0.000
           0.050       0.000
           0.020       0.000
           0.010       0.000

SRMR (Standardized Root Mean Square Residual)

        Mean                                 0.023
        Std Dev                              0.002
        Number of successful computations    10000

        Cumulative Distribution Function
           Value    Function Value
           0.990       1.000
           0.980       1.000
           0.950       1.000
           0.900       1.000
           0.800       1.000
           0.700       1.000
           0.500       1.000
           0.300       1.000
           0.200       1.000
           0.100       1.000
           0.050       1.000
           0.020       0.036
           0.010       0.000


MODEL RESULTS

                              ESTIMATES              S. E.     M. S. E.  95%  % Sig
                 Population   Average   Std. Dev.   Average             Cover Coeff

 P        BY
  P1                  0.720     0.7138     0.0384     0.0384     0.0015 0.945 1.000
  P2                  0.720     0.7139     0.0382     0.0384     0.0015 0.949 1.000
  P3                  0.720     0.7142     0.0385     0.0384     0.0015 0.944 1.000

 N        BY
  N1                  0.840     0.8323     0.0376     0.0372     0.0015 0.943 1.000
  N2                  0.840     0.8323     0.0374     0.0372     0.0015 0.945 1.000
  N3                  0.840     0.8326     0.0377     0.0372     0.0015 0.943 1.000

 COPE     BY
  COPE1               0.710     0.7103     0.0435     0.0430     0.0019 0.946 1.000
  COPE2               0.710     0.7096     0.0436     0.0429     0.0019 0.948 1.000

 MSPSS    BY
  MSPSS1              0.700     0.6988     0.0418     0.0420     0.0018 0.952 1.000
  MSPSS2              0.700     0.6997     0.0425     0.0420     0.0018 0.945 1.000
  MSPSS3              0.700     0.6988     0.0415     0.0420     0.0017 0.951 1.000

 NEURO    BY
  NEURO1              0.800     0.7990     0.0382     0.0379     0.0015 0.950 1.000
  NEURO2              0.800     0.7984     0.0378     0.0379     0.0014 0.950 1.000

 EXTRA    BY
  EXTRA1              0.670     0.6692     0.0413     0.0417     0.0017 0.952 1.000
  EXTRA2              0.670     0.6691     0.0422     0.0417     0.0018 0.946 1.000
  EXTRA3              0.670     0.6699     0.0424     0.0417     0.0018 0.949 1.000

 PTGI     BY
  PTGI1               0.790     0.7827     0.0358     0.0358     0.0013 0.945 1.000
  PTGI2               0.790     0.7826     0.0359     0.0358     0.0013 0.945 1.000
  PTGI3               0.790     0.7828     0.0360     0.0358     0.0013 0.943 1.000
  PTGI4               0.790     0.7826     0.0358     0.0358     0.0013 0.945 1.000
  PTGI5               0.790     0.7825     0.0357     0.0358     0.0013 0.947 1.000

 IESR     BY
  IESR1               0.850     0.8406     0.0344     0.0343     0.0013 0.936 1.000
  IESR2               0.850     0.8404     0.0343     0.0343     0.0013 0.934 1.000
  IESR3               0.850     0.8401     0.0342     0.0343     0.0013 0.938 1.000

 P        ON
  COPE                0.580     0.5879     0.0747     0.0752     0.0056 0.956 1.000
  MSPSS               0.040     0.0404     0.0732     0.0728     0.0054 0.952 0.081
  NEURO              -0.340    -0.3455     0.0944     0.0942     0.0089 0.956 0.963
  EXTRA              -0.080    -0.0837     0.1102     0.1087     0.0121 0.951 0.105

 N        ON
  COPE                0.180     0.1831     0.0658     0.0647     0.0043 0.948 0.823
  MSPSS              -0.030    -0.0310     0.0725     0.0710     0.0053 0.951 0.067
  NEURO               0.920     0.9350     0.1151     0.1122     0.0135 0.951 1.000
  EXTRA               0.060     0.0649     0.1086     0.1065     0.0118 0.950 0.078

 PTGI     ON
  P                   0.190     0.1919     0.0568     0.0568     0.0032 0.952 0.930
  N                   0.050     0.0500     0.0000     0.0000     0.0000 1.000 0.000
  COPE                0.070     0.0696     0.0734     0.0722     0.0054 0.954 0.171
  MSPSS               0.040     0.0380     0.0688     0.0674     0.0047 0.951 0.095
  NEURO               0.330     0.3393     0.0974     0.0947     0.0096 0.951 0.968
  EXTRA               0.410     0.4214     0.1107     0.1073     0.0124 0.950 0.988

 IESR     ON
  P                   0.070     0.0711     0.0556     0.0560     0.0031 0.953 0.239
  N                   0.460     0.4621     0.0578     0.0579     0.0033 0.951 1.000
  COPE               -0.020    -0.0209     0.0743     0.0736     0.0055 0.948 0.059
  MSPSS              -0.050    -0.0536     0.0701     0.0681     0.0049 0.948 0.121
  NEURO               0.290     0.2987     0.1186     0.1171     0.0141 0.956 0.749
  EXTRA               0.330     0.3412     0.1099     0.1075     0.0122 0.953 0.918

 IESR     WITH
  PTGI                0.230     0.2293     0.0489     0.0481     0.0024 0.944 0.995

 MSPSS    WITH
  COPE                0.250     0.2501     0.0533     0.0525     0.0028 0.943 0.995
  NEURO              -0.250    -0.2499     0.0516     0.0510     0.0027 0.945 0.998
  EXTRA               0.460     0.4593     0.0491     0.0482     0.0024 0.944 1.000

 NEURO    WITH
  COPE               -0.310    -0.3094     0.0508     0.0501     0.0026 0.947 1.000
  EXTRA              -0.660    -0.6593     0.0390     0.0390     0.0015 0.947 1.000

 EXTRA    WITH
  COPE                0.310     0.3092     0.0533     0.0528     0.0028 0.946 1.000

 Intercepts
  P1                  0.000     0.0010     0.0462     0.0461     0.0021 0.950 0.050
  P2                  0.000     0.0006     0.0462     0.0461     0.0021 0.950 0.050
  P3                  0.000     0.0003     0.0463     0.0461     0.0021 0.950 0.050
  N1                  0.000     0.0005     0.0505     0.0501     0.0026 0.948 0.052
  N2                  0.000    -0.0004     0.0503     0.0501     0.0025 0.950 0.050
  N3                  0.000     0.0004     0.0505     0.0501     0.0025 0.947 0.053
  COPE1               0.000     0.0001     0.0382     0.0379     0.0015 0.949 0.051
  COPE2               0.000    -0.0002     0.0377     0.0379     0.0014 0.952 0.048
  MSPSS1              0.000     0.0009     0.0409     0.0405     0.0017 0.948 0.052
  MSPSS2              0.000     0.0002     0.0407     0.0405     0.0017 0.950 0.050
  MSPSS3              0.000     0.0005     0.0408     0.0405     0.0017 0.946 0.054
  NEURO1              0.000    -0.0004     0.0412     0.0408     0.0017 0.947 0.053
  NEURO2              0.000    -0.0007     0.0413     0.0407     0.0017 0.945 0.055
  EXTRA1              0.000     0.0011     0.0411     0.0408     0.0017 0.948 0.052
  EXTRA2              0.000     0.0012     0.0407     0.0408     0.0017 0.949 0.051
  EXTRA3              0.000     0.0007     0.0405     0.0408     0.0016 0.952 0.048
  PTGI1               0.000     0.0004     0.0435     0.0432     0.0019 0.947 0.053
  PTGI2               0.000    -0.0001     0.0433     0.0431     0.0019 0.950 0.050
  PTGI3               0.000     0.0001     0.0437     0.0432     0.0019 0.945 0.055
  PTGI4               0.000     0.0003     0.0433     0.0432     0.0019 0.952 0.048
  PTGI5               0.000     0.0004     0.0434     0.0432     0.0019 0.948 0.052
  IESR1               0.000     0.0003     0.0478     0.0474     0.0023 0.947 0.053
  IESR2               0.000     0.0000     0.0473     0.0474     0.0022 0.950 0.050
  IESR3               0.000     0.0002     0.0480     0.0474     0.0023 0.947 0.053

 Variances
  COPE                1.000     1.0000     0.0000     0.0000     0.0000 1.000 0.000
  MSPSS               1.000     1.0000     0.0000     0.0000     0.0000 1.000 0.000
  NEURO               1.000     1.0000     0.0000     0.0000     0.0000 1.000 0.000
  EXTRA               1.000     1.0000     0.0000     0.0000     0.0000 1.000 0.000

 Residual Variances
  P1                  0.482     0.4793     0.0413     0.0414     0.0017 0.948 1.000
  P2                  0.482     0.4796     0.0421     0.0414     0.0018 0.946 1.000
  P3                  0.482     0.4802     0.0411     0.0415     0.0017 0.951 1.000
  N1                  0.294     0.2932     0.0253     0.0255     0.0006 0.951 1.000
  N2                  0.294     0.2935     0.0255     0.0256     0.0006 0.947 1.000
  N3                  0.294     0.2930     0.0257     0.0255     0.0007 0.947 1.000
  COPE1               0.360     0.3567     0.0470     0.0459     0.0022 0.949 1.000
  COPE2               0.360     0.3569     0.0466     0.0459     0.0022 0.951 1.000
  MSPSS1              0.496     0.4933     0.0437     0.0430     0.0019 0.949 1.000
  MSPSS2              0.496     0.4933     0.0437     0.0431     0.0019 0.945 1.000
  MSPSS3              0.496     0.4934     0.0428     0.0430     0.0018 0.950 1.000
  NEURO1              0.360     0.3585     0.0354     0.0348     0.0013 0.946 1.000
  NEURO2              0.360     0.3582     0.0349     0.0347     0.0012 0.950 1.000
  EXTRA1              0.551     0.5483     0.0428     0.0425     0.0018 0.945 1.000
  EXTRA2              0.551     0.5481     0.0429     0.0425     0.0019 0.945 1.000
  EXTRA3              0.551     0.5483     0.0427     0.0425     0.0018 0.946 1.000
  PTGI1               0.376     0.3742     0.0268     0.0271     0.0007 0.950 1.000
  PTGI2               0.376     0.3743     0.0270     0.0271     0.0007 0.947 1.000
  PTGI3               0.376     0.3745     0.0273     0.0271     0.0007 0.946 1.000
  PTGI4               0.376     0.3746     0.0272     0.0271     0.0007 0.946 1.000
  PTGI5               0.376     0.3748     0.0273     0.0271     0.0007 0.945 1.000
  IESR1               0.278     0.2763     0.0248     0.0245     0.0006 0.947 1.000
  IESR2               0.278     0.2768     0.0247     0.0245     0.0006 0.947 1.000
  IESR3               0.278     0.2768     0.0246     0.0245     0.0006 0.947 1.000
  P                   1.000     1.0000     0.0000     0.0000     0.0000 1.000 0.000
  N                   1.000     1.0000     0.0000     0.0000     0.0000 1.000 0.000
  PTGI                1.000     1.0000     0.0000     0.0000     0.0000 1.000 0.000
  IESR                1.000     1.0000     0.0000     0.0000     0.0000 1.000 0.000


QUALITY OF NUMERICAL RESULTS

     Average Condition Number for the Information Matrix      0.112E-01
       (ratio of smallest to largest eigenvalue)


TECHNICAL OUTPUT


     PARAMETER SPECIFICATION


           NU
              P1            P2            P3            N1            N2
              ________      ________      ________      ________      ________
                  1             2             3             4             5


           NU
              N3            COPE1         COPE2         MSPSS1        MSPSS2
              ________      ________      ________      ________      ________
                  6             7             8             9            10


           NU
              MSPSS3        NEURO1        NEURO2        EXTRA1        EXTRA2
              ________      ________      ________      ________      ________
                 11            12            13            14            15


           NU
              EXTRA3        PTGI1         PTGI2         PTGI3         PTGI4
              ________      ________      ________      ________      ________
                 16            17            18            19            20


           NU
              PTGI5         IESR1         IESR2         IESR3
              ________      ________      ________      ________
                 21            22            23            24


           LAMBDA
              P             N             COPE          MSPSS         NEURO
              ________      ________      ________      ________      ________
 P1                25             0             0             0             0
 P2                26             0             0             0             0
 P3                27             0             0             0             0
 N1                 0            28             0             0             0
 N2                 0            29             0             0             0
 N3                 0            30             0             0             0
 COPE1              0             0            31             0             0
 COPE2              0             0            32             0             0
 MSPSS1             0             0             0            33             0
 MSPSS2             0             0             0            34             0
 MSPSS3             0             0             0            35             0
 NEURO1             0             0             0             0            36
 NEURO2             0             0             0             0            37
 EXTRA1             0             0             0             0             0
 EXTRA2             0             0             0             0             0
 EXTRA3             0             0             0             0             0
 PTGI1              0             0             0             0             0
 PTGI2              0             0             0             0             0
 PTGI3              0             0             0             0             0
 PTGI4              0             0             0             0             0
 PTGI5              0             0             0             0             0
 IESR1              0             0             0             0             0
 IESR2              0             0             0             0             0
 IESR3              0             0             0             0             0


           LAMBDA
              EXTRA         PTGI          IESR
              ________      ________      ________
 P1                 0             0             0
 P2                 0             0             0
 P3                 0             0             0
 N1                 0             0             0
 N2                 0             0             0
 N3                 0             0             0
 COPE1              0             0             0
 COPE2              0             0             0
 MSPSS1             0             0             0
 MSPSS2             0             0             0
 MSPSS3             0             0             0
 NEURO1             0             0             0
 NEURO2             0             0             0
 EXTRA1            38             0             0
 EXTRA2            39             0             0
 EXTRA3            40             0             0
 PTGI1              0            41             0
 PTGI2              0            42             0
 PTGI3              0            43             0
 PTGI4              0            44             0
 PTGI5              0            45             0
 IESR1              0             0            46
 IESR2              0             0            47
 IESR3              0             0            48


           THETA
              P1            P2            P3            N1            N2
              ________      ________      ________      ________      ________
 P1                49
 P2                 0            50
 P3                 0             0            51
 N1                 0             0             0            52
 N2                 0             0             0             0            53
 N3                 0             0             0             0             0
 COPE1              0             0             0             0             0
 COPE2              0             0             0             0             0
 MSPSS1             0             0             0             0             0
 MSPSS2             0             0             0             0             0
 MSPSS3             0             0             0             0             0
 NEURO1             0             0             0             0             0
 NEURO2             0             0             0             0             0
 EXTRA1             0             0             0             0             0
 EXTRA2             0             0             0             0             0
 EXTRA3             0             0             0             0             0
 PTGI1              0             0             0             0             0
 PTGI2              0             0             0             0             0
 PTGI3              0             0             0             0             0
 PTGI4              0             0             0             0             0
 PTGI5              0             0             0             0             0
 IESR1              0             0             0             0             0
 IESR2              0             0             0             0             0
 IESR3              0             0             0             0             0


           THETA
              N3            COPE1         COPE2         MSPSS1        MSPSS2
              ________      ________      ________      ________      ________
 N3                54
 COPE1              0            55
 COPE2              0             0            56
 MSPSS1             0             0             0            57
 MSPSS2             0             0             0             0            58
 MSPSS3             0             0             0             0             0
 NEURO1             0             0             0             0             0
 NEURO2             0             0             0             0             0
 EXTRA1             0             0             0             0             0
 EXTRA2             0             0             0             0             0
 EXTRA3             0             0             0             0             0
 PTGI1              0             0             0             0             0
 PTGI2              0             0             0             0             0
 PTGI3              0             0             0             0             0
 PTGI4              0             0             0             0             0
 PTGI5              0             0             0             0             0
 IESR1              0             0             0             0             0
 IESR2              0             0             0             0             0
 IESR3              0             0             0             0             0


           THETA
              MSPSS3        NEURO1        NEURO2        EXTRA1        EXTRA2
              ________      ________      ________      ________      ________
 MSPSS3            59
 NEURO1             0            60
 NEURO2             0             0            61
 EXTRA1             0             0             0            62
 EXTRA2             0             0             0             0            63
 EXTRA3             0             0             0             0             0
 PTGI1              0             0             0             0             0
 PTGI2              0             0             0             0             0
 PTGI3              0             0             0             0             0
 PTGI4              0             0             0             0             0
 PTGI5              0             0             0             0             0
 IESR1              0             0             0             0             0
 IESR2              0             0             0             0             0
 IESR3              0             0             0             0             0


           THETA
              EXTRA3        PTGI1         PTGI2         PTGI3         PTGI4
              ________      ________      ________      ________      ________
 EXTRA3            64
 PTGI1              0            65
 PTGI2              0             0            66
 PTGI3              0             0             0            67
 PTGI4              0             0             0             0            68
 PTGI5              0             0             0             0             0
 IESR1              0             0             0             0             0
 IESR2              0             0             0             0             0
 IESR3              0             0             0             0             0


           THETA
              PTGI5         IESR1         IESR2         IESR3
              ________      ________      ________      ________
 PTGI5             69
 IESR1              0            70
 IESR2              0             0            71
 IESR3              0             0             0            72


           ALPHA
              P             N             COPE          MSPSS         NEURO
              ________      ________      ________      ________      ________
                  0             0             0             0             0


           ALPHA
              EXTRA         PTGI          IESR
              ________      ________      ________
                  0             0             0


           BETA
              P             N             COPE          MSPSS         NEURO
              ________      ________      ________      ________      ________
 P                  0             0            73            74            75
 N                  0             0            77            78            79
 COPE               0             0             0             0             0
 MSPSS              0             0             0             0             0
 NEURO              0             0             0             0             0
 EXTRA              0             0             0             0             0
 PTGI              81             0            82            83            84
 IESR              86            87            88            89            90


           BETA
              EXTRA         PTGI          IESR
              ________      ________      ________
 P                 76             0             0
 N                 80             0             0
 COPE               0             0             0
 MSPSS              0             0             0
 NEURO              0             0             0
 EXTRA              0             0             0
 PTGI              85             0             0
 IESR              91             0             0


           PSI
              P             N             COPE          MSPSS         NEURO
              ________      ________      ________      ________      ________
 P                  0
 N                  0             0
 COPE               0             0             0
 MSPSS              0             0            92             0
 NEURO              0             0            93            94             0
 EXTRA              0             0            95            96            97
 PTGI               0             0             0             0             0
 IESR               0             0             0             0             0


           PSI
              EXTRA         PTGI          IESR
              ________      ________      ________
 EXTRA              0
 PTGI               0             0
 IESR               0            98             0


     STARTING VALUES


           NU
              P1            P2            P3            N1            N2
              ________      ________      ________      ________      ________
                0.000         0.000         0.000         0.000         0.000


           NU
              N3            COPE1         COPE2         MSPSS1        MSPSS2
              ________      ________      ________      ________      ________
                0.000         0.000         0.000         0.000         0.000


           NU
              MSPSS3        NEURO1        NEURO2        EXTRA1        EXTRA2
              ________      ________      ________      ________      ________
                0.000         0.000         0.000         0.000         0.000


           NU
              EXTRA3        PTGI1         PTGI2         PTGI3         PTGI4
              ________      ________      ________      ________      ________
                0.000         0.000         0.000         0.000         0.000


           NU
              PTGI5         IESR1         IESR2         IESR3
              ________      ________      ________      ________
                0.000         0.000         0.000         0.000


           LAMBDA
              P             N             COPE          MSPSS         NEURO
              ________      ________      ________      ________      ________
 P1             0.720         0.000         0.000         0.000         0.000
 P2             0.720         0.000         0.000         0.000         0.000
 P3             0.720         0.000         0.000         0.000         0.000
 N1             0.000         0.840         0.000         0.000         0.000
 N2             0.000         0.840         0.000         0.000         0.000
 N3             0.000         0.840         0.000         0.000         0.000
 COPE1          0.000         0.000         0.710         0.000         0.000
 COPE2          0.000         0.000         0.710         0.000         0.000
 MSPSS1         0.000         0.000         0.000         0.700         0.000
 MSPSS2         0.000         0.000         0.000         0.700         0.000
 MSPSS3         0.000         0.000         0.000         0.700         0.000
 NEURO1         0.000         0.000         0.000         0.000         0.800
 NEURO2         0.000         0.000         0.000         0.000         0.800
 EXTRA1         0.000         0.000         0.000         0.000         0.000
 EXTRA2         0.000         0.000         0.000         0.000         0.000
 EXTRA3         0.000         0.000         0.000         0.000         0.000
 PTGI1          0.000         0.000         0.000         0.000         0.000
 PTGI2          0.000         0.000         0.000         0.000         0.000
 PTGI3          0.000         0.000         0.000         0.000         0.000
 PTGI4          0.000         0.000         0.000         0.000         0.000
 PTGI5          0.000         0.000         0.000         0.000         0.000
 IESR1          0.000         0.000         0.000         0.000         0.000
 IESR2          0.000         0.000         0.000         0.000         0.000
 IESR3          0.000         0.000         0.000         0.000         0.000


           LAMBDA
              EXTRA         PTGI          IESR
              ________      ________      ________
 P1             0.000         0.000         0.000
 P2             0.000         0.000         0.000
 P3             0.000         0.000         0.000
 N1             0.000         0.000         0.000
 N2             0.000         0.000         0.000
 N3             0.000         0.000         0.000
 COPE1          0.000         0.000         0.000
 COPE2          0.000         0.000         0.000
 MSPSS1         0.000         0.000         0.000
 MSPSS2         0.000         0.000         0.000
 MSPSS3         0.000         0.000         0.000
 NEURO1         0.000         0.000         0.000
 NEURO2         0.000         0.000         0.000
 EXTRA1         0.670         0.000         0.000
 EXTRA2         0.670         0.000         0.000
 EXTRA3         0.670         0.000         0.000
 PTGI1          0.000         0.790         0.000
 PTGI2          0.000         0.790         0.000
 PTGI3          0.000         0.790         0.000
 PTGI4          0.000         0.790         0.000
 PTGI5          0.000         0.790         0.000
 IESR1          0.000         0.000         0.850
 IESR2          0.000         0.000         0.850
 IESR3          0.000         0.000         0.850


           THETA
              P1            P2            P3            N1            N2
              ________      ________      ________      ________      ________
 P1             0.482
 P2             0.000         0.482
 P3             0.000         0.000         0.482
 N1             0.000         0.000         0.000         0.294
 N2             0.000         0.000         0.000         0.000         0.294
 N3             0.000         0.000         0.000         0.000         0.000
 COPE1          0.000         0.000         0.000         0.000         0.000
 COPE2          0.000         0.000         0.000         0.000         0.000
 MSPSS1         0.000         0.000         0.000         0.000         0.000
 MSPSS2         0.000         0.000         0.000         0.000         0.000
 MSPSS3         0.000         0.000         0.000         0.000         0.000
 NEURO1         0.000         0.000         0.000         0.000         0.000
 NEURO2         0.000         0.000         0.000         0.000         0.000
 EXTRA1         0.000         0.000         0.000         0.000         0.000
 EXTRA2         0.000         0.000         0.000         0.000         0.000
 EXTRA3         0.000         0.000         0.000         0.000         0.000
 PTGI1          0.000         0.000         0.000         0.000         0.000
 PTGI2          0.000         0.000         0.000         0.000         0.000
 PTGI3          0.000         0.000         0.000         0.000         0.000
 PTGI4          0.000         0.000         0.000         0.000         0.000
 PTGI5          0.000         0.000         0.000         0.000         0.000
 IESR1          0.000         0.000         0.000         0.000         0.000
 IESR2          0.000         0.000         0.000         0.000         0.000
 IESR3          0.000         0.000         0.000         0.000         0.000


           THETA
              N3            COPE1         COPE2         MSPSS1        MSPSS2
              ________      ________      ________      ________      ________
 N3             0.294
 COPE1          0.000         0.360
 COPE2          0.000         0.000         0.360
 MSPSS1         0.000         0.000         0.000         0.496
 MSPSS2         0.000         0.000         0.000         0.000         0.496
 MSPSS3         0.000         0.000         0.000         0.000         0.000
 NEURO1         0.000         0.000         0.000         0.000         0.000
 NEURO2         0.000         0.000         0.000         0.000         0.000
 EXTRA1         0.000         0.000         0.000         0.000         0.000
 EXTRA2         0.000         0.000         0.000         0.000         0.000
 EXTRA3         0.000         0.000         0.000         0.000         0.000
 PTGI1          0.000         0.000         0.000         0.000         0.000
 PTGI2          0.000         0.000         0.000         0.000         0.000
 PTGI3          0.000         0.000         0.000         0.000         0.000
 PTGI4          0.000         0.000         0.000         0.000         0.000
 PTGI5          0.000         0.000         0.000         0.000         0.000
 IESR1          0.000         0.000         0.000         0.000         0.000
 IESR2          0.000         0.000         0.000         0.000         0.000
 IESR3          0.000         0.000         0.000         0.000         0.000


           THETA
              MSPSS3        NEURO1        NEURO2        EXTRA1        EXTRA2
              ________      ________      ________      ________      ________
 MSPSS3         0.496
 NEURO1         0.000         0.360
 NEURO2         0.000         0.000         0.360
 EXTRA1         0.000         0.000         0.000         0.551
 EXTRA2         0.000         0.000         0.000         0.000         0.551
 EXTRA3         0.000         0.000         0.000         0.000         0.000
 PTGI1          0.000         0.000         0.000         0.000         0.000
 PTGI2          0.000         0.000         0.000         0.000         0.000
 PTGI3          0.000         0.000         0.000         0.000         0.000
 PTGI4          0.000         0.000         0.000         0.000         0.000
 PTGI5          0.000         0.000         0.000         0.000         0.000
 IESR1          0.000         0.000         0.000         0.000         0.000
 IESR2          0.000         0.000         0.000         0.000         0.000
 IESR3          0.000         0.000         0.000         0.000         0.000


           THETA
              EXTRA3        PTGI1         PTGI2         PTGI3         PTGI4
              ________      ________      ________      ________      ________
 EXTRA3         0.551
 PTGI1          0.000         0.376
 PTGI2          0.000         0.000         0.376
 PTGI3          0.000         0.000         0.000         0.376
 PTGI4          0.000         0.000         0.000         0.000         0.376
 PTGI5          0.000         0.000         0.000         0.000         0.000
 IESR1          0.000         0.000         0.000         0.000         0.000
 IESR2          0.000         0.000         0.000         0.000         0.000
 IESR3          0.000         0.000         0.000         0.000         0.000


           THETA
              PTGI5         IESR1         IESR2         IESR3
              ________      ________      ________      ________
 PTGI5          0.376
 IESR1          0.000         0.278
 IESR2          0.000         0.000         0.278
 IESR3          0.000         0.000         0.000         0.278


           ALPHA
              P             N             COPE          MSPSS         NEURO
              ________      ________      ________      ________      ________
                0.000         0.000         0.000         0.000         0.000


           ALPHA
              EXTRA         PTGI          IESR
              ________      ________      ________
                0.000         0.000         0.000


           BETA
              P             N             COPE          MSPSS         NEURO
              ________      ________      ________      ________      ________
 P              0.000         0.000         0.580         0.040        -0.340
 N              0.000         0.000         0.180        -0.030         0.920
 COPE           0.000         0.000         0.000         0.000         0.000
 MSPSS          0.000         0.000         0.000         0.000         0.000
 NEURO          0.000         0.000         0.000         0.000         0.000
 EXTRA          0.000         0.000         0.000         0.000         0.000
 PTGI           0.190         0.050         0.070         0.040         0.330
 IESR           0.070         0.460        -0.020        -0.050         0.290


           BETA
              EXTRA         PTGI          IESR
              ________      ________      ________
 P             -0.080         0.000         0.000
 N              0.060         0.000         0.000
 COPE           0.000         0.000         0.000
 MSPSS          0.000         0.000         0.000
 NEURO          0.000         0.000         0.000
 EXTRA          0.000         0.000         0.000
 PTGI           0.410         0.000         0.000
 IESR           0.330         0.000         0.000


           PSI
              P             N             COPE          MSPSS         NEURO
              ________      ________      ________      ________      ________
 P              1.000
 N              0.000         1.000
 COPE           0.000         0.000         1.000
 MSPSS          0.000         0.000         0.250         1.000
 NEURO          0.000         0.000        -0.310        -0.250         1.000
 EXTRA          0.000         0.000         0.310         0.460        -0.660
 PTGI           0.000         0.000         0.000         0.000         0.000
 IESR           0.000         0.000         0.000         0.000         0.000


           PSI
              EXTRA         PTGI          IESR
              ________      ________      ________
 EXTRA          1.000
 PTGI           0.000         1.000
 IESR           0.000         0.230         1.000


     POPULATION VALUES


           NU
              P1            P2            P3            N1            N2
              ________      ________      ________      ________      ________
                0.000         0.000         0.000         0.000         0.000


           NU
              N3            COPE1         COPE2         MSPSS1        MSPSS2
              ________      ________      ________      ________      ________
                0.000         0.000         0.000         0.000         0.000


           NU
              MSPSS3        NEURO1        NEURO2        EXTRA1        EXTRA2
              ________      ________      ________      ________      ________
                0.000         0.000         0.000         0.000         0.000


           NU
              EXTRA3        PTGI1         PTGI2         PTGI3         PTGI4
              ________      ________      ________      ________      ________
                0.000         0.000         0.000         0.000         0.000


           NU
              PTGI5         IESR1         IESR2         IESR3
              ________      ________      ________      ________
                0.000         0.000         0.000         0.000


           LAMBDA
              P             N             COPE          MSPSS         NEURO
              ________      ________      ________      ________      ________
 P1             0.720         0.000         0.000         0.000         0.000
 P2             0.720         0.000         0.000         0.000         0.000
 P3             0.720         0.000         0.000         0.000         0.000
 N1             0.000         0.840         0.000         0.000         0.000
 N2             0.000         0.840         0.000         0.000         0.000
 N3             0.000         0.840         0.000         0.000         0.000
 COPE1          0.000         0.000         0.710         0.000         0.000
 COPE2          0.000         0.000         0.710         0.000         0.000
 MSPSS1         0.000         0.000         0.000         0.700         0.000
 MSPSS2         0.000         0.000         0.000         0.700         0.000
 MSPSS3         0.000         0.000         0.000         0.700         0.000
 NEURO1         0.000         0.000         0.000         0.000         0.800
 NEURO2         0.000         0.000         0.000         0.000         0.800
 EXTRA1         0.000         0.000         0.000         0.000         0.000
 EXTRA2         0.000         0.000         0.000         0.000         0.000
 EXTRA3         0.000         0.000         0.000         0.000         0.000
 PTGI1          0.000         0.000         0.000         0.000         0.000
 PTGI2          0.000         0.000         0.000         0.000         0.000
 PTGI3          0.000         0.000         0.000         0.000         0.000
 PTGI4          0.000         0.000         0.000         0.000         0.000
 PTGI5          0.000         0.000         0.000         0.000         0.000
 IESR1          0.000         0.000         0.000         0.000         0.000
 IESR2          0.000         0.000         0.000         0.000         0.000
 IESR3          0.000         0.000         0.000         0.000         0.000


           LAMBDA
              EXTRA         PTGI          IESR
              ________      ________      ________
 P1             0.000         0.000         0.000
 P2             0.000         0.000         0.000
 P3             0.000         0.000         0.000
 N1             0.000         0.000         0.000
 N2             0.000         0.000         0.000
 N3             0.000         0.000         0.000
 COPE1          0.000         0.000         0.000
 COPE2          0.000         0.000         0.000
 MSPSS1         0.000         0.000         0.000
 MSPSS2         0.000         0.000         0.000
 MSPSS3         0.000         0.000         0.000
 NEURO1         0.000         0.000         0.000
 NEURO2         0.000         0.000         0.000
 EXTRA1         0.670         0.000         0.000
 EXTRA2         0.670         0.000         0.000
 EXTRA3         0.670         0.000         0.000
 PTGI1          0.000         0.790         0.000
 PTGI2          0.000         0.790         0.000
 PTGI3          0.000         0.790         0.000
 PTGI4          0.000         0.790         0.000
 PTGI5          0.000         0.790         0.000
 IESR1          0.000         0.000         0.850
 IESR2          0.000         0.000         0.850
 IESR3          0.000         0.000         0.850


           THETA
              P1            P2            P3            N1            N2
              ________      ________      ________      ________      ________
 P1             0.482
 P2             0.000         0.482
 P3             0.000         0.000         0.482
 N1             0.000         0.000         0.000         0.294
 N2             0.000         0.000         0.000         0.000         0.294
 N3             0.000         0.000         0.000         0.000         0.000
 COPE1          0.000         0.000         0.000         0.000         0.000
 COPE2          0.000         0.000         0.000         0.000         0.000
 MSPSS1         0.000         0.000         0.000         0.000         0.000
 MSPSS2         0.000         0.000         0.000         0.000         0.000
 MSPSS3         0.000         0.000         0.000         0.000         0.000
 NEURO1         0.000         0.000         0.000         0.000         0.000
 NEURO2         0.000         0.000         0.000         0.000         0.000
 EXTRA1         0.000         0.000         0.000         0.000         0.000
 EXTRA2         0.000         0.000         0.000         0.000         0.000
 EXTRA3         0.000         0.000         0.000         0.000         0.000
 PTGI1          0.000         0.000         0.000         0.000         0.000
 PTGI2          0.000         0.000         0.000         0.000         0.000
 PTGI3          0.000         0.000         0.000         0.000         0.000
 PTGI4          0.000         0.000         0.000         0.000         0.000
 PTGI5          0.000         0.000         0.000         0.000         0.000
 IESR1          0.000         0.000         0.000         0.000         0.000
 IESR2          0.000         0.000         0.000         0.000         0.000
 IESR3          0.000         0.000         0.000         0.000         0.000


           THETA
              N3            COPE1         COPE2         MSPSS1        MSPSS2
              ________      ________      ________      ________      ________
 N3             0.294
 COPE1          0.000         0.360
 COPE2          0.000         0.000         0.360
 MSPSS1         0.000         0.000         0.000         0.496
 MSPSS2         0.000         0.000         0.000         0.000         0.496
 MSPSS3         0.000         0.000         0.000         0.000         0.000
 NEURO1         0.000         0.000         0.000         0.000         0.000
 NEURO2         0.000         0.000         0.000         0.000         0.000
 EXTRA1         0.000         0.000         0.000         0.000         0.000
 EXTRA2         0.000         0.000         0.000         0.000         0.000
 EXTRA3         0.000         0.000         0.000         0.000         0.000
 PTGI1          0.000         0.000         0.000         0.000         0.000
 PTGI2          0.000         0.000         0.000         0.000         0.000
 PTGI3          0.000         0.000         0.000         0.000         0.000
 PTGI4          0.000         0.000         0.000         0.000         0.000
 PTGI5          0.000         0.000         0.000         0.000         0.000
 IESR1          0.000         0.000         0.000         0.000         0.000
 IESR2          0.000         0.000         0.000         0.000         0.000
 IESR3          0.000         0.000         0.000         0.000         0.000


           THETA
              MSPSS3        NEURO1        NEURO2        EXTRA1        EXTRA2
              ________      ________      ________      ________      ________
 MSPSS3         0.496
 NEURO1         0.000         0.360
 NEURO2         0.000         0.000         0.360
 EXTRA1         0.000         0.000         0.000         0.551
 EXTRA2         0.000         0.000         0.000         0.000         0.551
 EXTRA3         0.000         0.000         0.000         0.000         0.000
 PTGI1          0.000         0.000         0.000         0.000         0.000
 PTGI2          0.000         0.000         0.000         0.000         0.000
 PTGI3          0.000         0.000         0.000         0.000         0.000
 PTGI4          0.000         0.000         0.000         0.000         0.000
 PTGI5          0.000         0.000         0.000         0.000         0.000
 IESR1          0.000         0.000         0.000         0.000         0.000
 IESR2          0.000         0.000         0.000         0.000         0.000
 IESR3          0.000         0.000         0.000         0.000         0.000


           THETA
              EXTRA3        PTGI1         PTGI2         PTGI3         PTGI4
              ________      ________      ________      ________      ________
 EXTRA3         0.551
 PTGI1          0.000         0.376
 PTGI2          0.000         0.000         0.376
 PTGI3          0.000         0.000         0.000         0.376
 PTGI4          0.000         0.000         0.000         0.000         0.376
 PTGI5          0.000         0.000         0.000         0.000         0.000
 IESR1          0.000         0.000         0.000         0.000         0.000
 IESR2          0.000         0.000         0.000         0.000         0.000
 IESR3          0.000         0.000         0.000         0.000         0.000


           THETA
              PTGI5         IESR1         IESR2         IESR3
              ________      ________      ________      ________
 PTGI5          0.376
 IESR1          0.000         0.278
 IESR2          0.000         0.000         0.278
 IESR3          0.000         0.000         0.000         0.278


           ALPHA
              P             N             COPE          MSPSS         NEURO
              ________      ________      ________      ________      ________
                0.000         0.000         0.000         0.000         0.000


           ALPHA
              EXTRA         PTGI          IESR
              ________      ________      ________
                0.000         0.000         0.000


           BETA
              P             N             COPE          MSPSS         NEURO
              ________      ________      ________      ________      ________
 P              0.000         0.000         0.580         0.040        -0.340
 N              0.000         0.000         0.180        -0.030         0.920
 COPE           0.000         0.000         0.000         0.000         0.000
 MSPSS          0.000         0.000         0.000         0.000         0.000
 NEURO          0.000         0.000         0.000         0.000         0.000
 EXTRA          0.000         0.000         0.000         0.000         0.000
 PTGI           0.190         0.050         0.070         0.040         0.330
 IESR           0.070         0.460        -0.020        -0.050         0.290


           BETA
              EXTRA         PTGI          IESR
              ________      ________      ________
 P             -0.080         0.000         0.000
 N              0.060         0.000         0.000
 COPE           0.000         0.000         0.000
 MSPSS          0.000         0.000         0.000
 NEURO          0.000         0.000         0.000
 EXTRA          0.000         0.000         0.000
 PTGI           0.410         0.000         0.000
 IESR           0.330         0.000         0.000


           PSI
              P             N             COPE          MSPSS         NEURO
              ________      ________      ________      ________      ________
 P              1.000
 N              0.000         1.000
 COPE           0.000         0.000         1.000
 MSPSS          0.000         0.000         0.250         1.000
 NEURO          0.000         0.000        -0.310        -0.250         1.000
 EXTRA          0.000         0.000         0.310         0.460        -0.660
 PTGI           0.000         0.000         0.000         0.000         0.000
 IESR           0.000         0.000         0.000         0.000         0.000


           PSI
              EXTRA         PTGI          IESR
              ________      ________      ________
 EXTRA          1.000
 PTGI           0.000         1.000
 IESR           0.000         0.230         1.000


TECHNICAL 9 OUTPUT

  Error messages for each replication (if any)



     Beginning Time:  07:34:15
        Ending Time:  07:43:55
       Elapsed Time:  00:09:40



MUTHEN & MUTHEN
3463 Stoner Ave.
Los Angeles, CA  90066

Tel: (310) 391-9971
Fax: (310) 391-8971
Web: www.StatModel.com
Support: Support@StatModel.com

Copyright (c) 1998-2021 Muthen & Muthen
