Mplus VERSION 8.6 (Mac)
MUTHEN & MUTHEN
11/12/2022   6:28 AM

INPUT INSTRUCTIONS

  TITLE: Monte Carlo simulation for testing regression coefficients.
  MONTECARLO:
     NAMES = P1-P3 N1-N3
             COPE1-COPE2
             MSPSS1-MSPSS3
             NEURO1-NEURO2
             EXTRA1-EXTRA3
             PTGI1-PTGI5
             IESR1-IESR3
             ;
  NOBSERVATIONS = 1000;  !746
  NREPS = 10000; ! 10000
  SEED = 12345;
  MODEL POPULATION:
    [
    P1-P3@0
    N1-N3@0
    COPE1-COPE2@0
    MSPSS1-MSPSS3@0
    NEURO1-NEURO2@0
    EXTRA1-EXTRA3@0
    PTGI1-PTGI5@0
    IESR1-IESR3@0
    ];

  P BY P1-P3@.72;
  P@1;
  P1-P3@.4816;

  N BY N1-N3@.84;
  N@1;
  N1-N3@.2944;

  COPE BY COPE1-COPE2@.71;
  COPE@1;
  COPE1-COPE2@.36;

  MSPSS BY MSPSS1-MSPSS3@.7;
  MSPSS@1;
  MSPSS1-MSPSS3@.4959;

  NEURO BY NEURO1-NEURO2@.8;
  NEURO@1;
  NEURO1-NEURO2@.36;

  EXTRA BY EXTRA1-EXTRA3@.67;
  EXTRA@1;
  EXTRA1-EXTRA3@.5511;

  PTGI BY PTGI1-PTGI5@.79;
  PTGI@1;
  PTGI1-PTGI5@.3759;

  IESR BY IESR1-IESR3@.85;
  IESR@1;
  IESR1-IESR3@.2775;

  P ON COPE@.58 MSPSS@.04 NEURO@-.34 EXTRA@-.08;
  N ON COPE@.18 MSPSS@-.03 NEURO@.92 EXTRA@.06;

  PTGI ON P@.19 N@.05 COPE@.07 MSPSS@.04 NEURO@.33 EXTRA@.41;
  IESR ON P@.07 N@.46 COPE@-.02 MSPSS@-.05 NEURO@.29 EXTRA@.33;

  IESR WITH PTGI@.23;
  MSPSS WITH COPE@.25;
  NEURO WITH COPE@-.31;
  NEURO WITH MSPSS@-.25;
  EXTRA WITH COPE@.31;
  EXTRA WITH MSPSS@.46;
  EXTRA WITH NEURO@-.66;

  MODEL:
    [
    P1-P3*0
    N1-N3*0
    COPE1-COPE2*0
    MSPSS1-MSPSS3*0
    NEURO1-NEURO2*0
    EXTRA1-EXTRA3*0
    PTGI1-PTGI5*0
    IESR1-IESR3*0
    ];

  P BY P1-P3*.72;
  P@1;
  P1-P3*.4816;

  N BY N1-N3*.84;
  N@1;
  N1-N3*.2944;

  COPE BY COPE1-COPE2*.71;
  COPE@1;
  COPE1-COPE2*.36;

  MSPSS BY MSPSS1-MSPSS3*.7;
  MSPSS@1;
  MSPSS1-MSPSS3*.4959;

  NEURO BY NEURO1-NEURO2*.8;
  NEURO@1;
  NEURO1-NEURO2*.36;

  EXTRA BY EXTRA1-EXTRA3*.67;
  EXTRA@1;
  EXTRA1-EXTRA3*.5511;

  PTGI BY PTGI1-PTGI5*.79;
  PTGI@1;
  PTGI1-PTGI5*.3759;

  IESR BY IESR1-IESR3*.85;
  IESR@1;
  IESR1-IESR3*.2775;

  P ON COPE*.58 MSPSS*.04 NEURO*-.34 EXTRA*-.08;
  N ON COPE*.18 MSPSS*-.03 NEURO*.92 EXTRA*.06;

  PTGI ON P*.19 N@.05 COPE*.07 MSPSS*.04 NEURO*.33 EXTRA*.41;
  IESR ON P*.07 N*.46 COPE*-.02 MSPSS*-.05 NEURO*.29 EXTRA*.33;

  IESR WITH PTGI*.23;
  MSPSS WITH COPE*.25;
  NEURO WITH COPE*-.31;
  NEURO WITH MSPSS*-.25;
  EXTRA WITH COPE*.31;
  EXTRA WITH MSPSS*.46;
  EXTRA WITH NEURO*-.66;

  OUTPUT: TECH9;



INPUT READING TERMINATED NORMALLY



Monte Carlo simulation for testing regression coefficients.

SUMMARY OF ANALYSIS

Number of groups                                                 1
Number of observations                                        1000

Number of replications
    Requested                                                10000
    Completed                                                10000
Value of seed                                                12345

Number of dependent variables                                   24
Number of independent variables                                  0
Number of continuous latent variables                            8

Observed dependent variables

  Continuous
   P1          P2          P3          N1          N2          N3
   COPE1       COPE2       MSPSS1      MSPSS2      MSPSS3      NEURO1
   NEURO2      EXTRA1      EXTRA2      EXTRA3      PTGI1       PTGI2
   PTGI3       PTGI4       PTGI5       IESR1       IESR2       IESR3

Continuous latent variables
   P           N           COPE        MSPSS       NEURO       EXTRA
   PTGI        IESR


Estimator                                                       ML
Information matrix                                        OBSERVED
Maximum number of iterations                                  1000
Convergence criterion                                    0.500D-04
Maximum number of steepest descent iterations                   20



SAMPLE STATISTICS FOR THE FIRST REPLICATION


     SAMPLE STATISTICS


           Means
              P1            P2            P3            N1            N2
              ________      ________      ________      ________      ________
                0.077         0.042         0.089         0.019        -0.018


           Means
              N3            COPE1         COPE2         MSPSS1        MSPSS2
              ________      ________      ________      ________      ________
                0.000         0.032         0.014         0.085         0.078


           Means
              MSPSS3        NEURO1        NEURO2        EXTRA1        EXTRA2
              ________      ________      ________      ________      ________
                0.065         0.012         0.041         0.041         0.002


           Means
              EXTRA3        PTGI1         PTGI2         PTGI3         PTGI4
              ________      ________      ________      ________      ________
                0.016         0.029        -0.019        -0.001         0.007


           Means
              PTGI5         IESR1         IESR2         IESR3
              ________      ________      ________      ________
               -0.019        -0.025         0.016         0.001


           Covariances
              P1            P2            P3            N1            N2
              ________      ________      ________      ________      ________
 P1             1.179
 P2             0.756         1.310
 P3             0.761         0.770         1.216
 N1            -0.192        -0.234        -0.216         1.474
 N2            -0.193        -0.229        -0.222         1.164         1.455
 N3            -0.149        -0.210        -0.195         1.194         1.168
 COPE1          0.313         0.342         0.320        -0.110        -0.092
 COPE2          0.354         0.343         0.323        -0.096        -0.070
 MSPSS1         0.097         0.108         0.082        -0.044        -0.082
 MSPSS2         0.124         0.137         0.112        -0.034        -0.073
 MSPSS3         0.077         0.115         0.152        -0.135        -0.171
 NEURO1        -0.277        -0.314        -0.281         0.507         0.482
 NEURO2        -0.299        -0.349        -0.333         0.556         0.548
 EXTRA1         0.133         0.201         0.150        -0.267        -0.253
 EXTRA2         0.127         0.173         0.160        -0.259        -0.229
 EXTRA3         0.221         0.258         0.207        -0.285        -0.256
 PTGI1          0.174         0.230         0.150         0.040         0.007
 PTGI2          0.125         0.166         0.166         0.080         0.040
 PTGI3          0.162         0.205         0.142         0.056         0.053
 PTGI4          0.140         0.175         0.155         0.048         0.051
 PTGI5          0.117         0.183         0.151         0.068         0.029
 IESR1         -0.079        -0.051        -0.071         0.564         0.548
 IESR2         -0.087        -0.043        -0.044         0.579         0.553
 IESR3         -0.103        -0.041        -0.068         0.585         0.569


           Covariances
              N3            COPE1         COPE2         MSPSS1        MSPSS2
              ________      ________      ________      ________      ________
 N3             1.488
 COPE1         -0.079         0.899
 COPE2         -0.082         0.504         0.856
 MSPSS1        -0.049         0.086         0.080         0.873
 MSPSS2        -0.043         0.116         0.102         0.430         0.957
 MSPSS3        -0.119         0.113         0.133         0.445         0.473
 NEURO1         0.469        -0.193        -0.184        -0.100        -0.087
 NEURO2         0.541        -0.207        -0.200        -0.125        -0.090
 EXTRA1        -0.205         0.200         0.173         0.199         0.172
 EXTRA2        -0.239         0.119         0.119         0.142         0.155
 EXTRA3        -0.262         0.222         0.178         0.188         0.187
 PTGI1          0.074         0.137         0.110         0.080         0.138
 PTGI2          0.086         0.150         0.119         0.087         0.125
 PTGI3          0.120         0.139         0.139         0.099         0.119
 PTGI4          0.107         0.126         0.108         0.056         0.090
 PTGI5          0.085         0.127         0.111         0.083         0.139
 IESR1          0.580        -0.019        -0.049        -0.031        -0.052
 IESR2          0.579        -0.009        -0.040         0.001        -0.016
 IESR3          0.601        -0.011        -0.037         0.010        -0.065


           Covariances
              MSPSS3        NEURO1        NEURO2        EXTRA1        EXTRA2
              ________      ________      ________      ________      ________
 MSPSS3         0.998
 NEURO1        -0.151         0.944
 NEURO2        -0.168         0.628         0.980
 EXTRA1         0.215        -0.346        -0.366         0.955
 EXTRA2         0.190        -0.269        -0.295         0.366         0.892
 EXTRA3         0.201        -0.313        -0.333         0.415         0.378
 PTGI1          0.089        -0.018        -0.046         0.129         0.175
 PTGI2          0.105         0.042        -0.007         0.122         0.174
 PTGI3          0.106         0.003        -0.011         0.108         0.160
 PTGI4          0.103        -0.004         0.002         0.114         0.154
 PTGI5          0.101        -0.017        -0.025         0.162         0.213
 IESR1         -0.084         0.260         0.291        -0.036        -0.052
 IESR2         -0.056         0.269         0.307        -0.007        -0.025
 IESR3         -0.050         0.263         0.303        -0.014        -0.032


           Covariances
              EXTRA3        PTGI1         PTGI2         PTGI3         PTGI4
              ________      ________      ________      ________      ________
 EXTRA3         1.018
 PTGI1          0.151         1.085
 PTGI2          0.141         0.683         1.065
 PTGI3          0.141         0.693         0.690         1.057
 PTGI4          0.147         0.708         0.696         0.715         1.071
 PTGI5          0.173         0.706         0.696         0.701         0.713
 IESR1         -0.024         0.216         0.239         0.209         0.256
 IESR2         -0.003         0.226         0.226         0.199         0.258
 IESR3         -0.006         0.172         0.191         0.166         0.229


           Covariances
              PTGI5         IESR1         IESR2         IESR3
              ________      ________      ________      ________
 PTGI5          1.091
 IESR1          0.218         1.211
 IESR2          0.210         0.959         1.285
 IESR3          0.184         0.982         1.017         1.304


           Correlations
              P1            P2            P3            N1            N2
              ________      ________      ________      ________      ________
 P1             1.000
 P2             0.609         1.000
 P3             0.635         0.610         1.000
 N1            -0.146        -0.169        -0.161         1.000
 N2            -0.148        -0.166        -0.167         0.795         1.000
 N3            -0.113        -0.151        -0.145         0.806         0.794
 COPE1          0.304         0.315         0.306        -0.096        -0.080
 COPE2          0.353         0.324         0.317        -0.086        -0.063
 MSPSS1         0.096         0.101         0.080        -0.039        -0.072
 MSPSS2         0.117         0.123         0.104        -0.028        -0.061
 MSPSS3         0.071         0.101         0.138        -0.112        -0.142
 NEURO1        -0.263        -0.282        -0.262         0.430         0.411
 NEURO2        -0.279        -0.308        -0.305         0.463         0.459
 EXTRA1         0.126         0.180         0.140        -0.225        -0.215
 EXTRA2         0.124         0.161         0.153        -0.226        -0.201
 EXTRA3         0.202         0.223         0.186        -0.233        -0.210
 PTGI1          0.154         0.193         0.130         0.032         0.006
 PTGI2          0.111         0.140         0.146         0.064         0.032
 PTGI3          0.145         0.175         0.125         0.045         0.043
 PTGI4          0.124         0.147         0.136         0.038         0.040
 PTGI5          0.104         0.153         0.131         0.054         0.023
 IESR1         -0.066        -0.040        -0.059         0.422         0.413
 IESR2         -0.070        -0.033        -0.035         0.421         0.405
 IESR3         -0.083        -0.031        -0.054         0.422         0.413


           Correlations
              N3            COPE1         COPE2         MSPSS1        MSPSS2
              ________      ________      ________      ________      ________
 N3             1.000
 COPE1         -0.068         1.000
 COPE2         -0.073         0.574         1.000
 MSPSS1        -0.043         0.097         0.092         1.000
 MSPSS2        -0.036         0.125         0.113         0.470         1.000
 MSPSS3        -0.098         0.119         0.144         0.476         0.484
 NEURO1         0.396        -0.210        -0.205        -0.111        -0.092
 NEURO2         0.448        -0.220        -0.218        -0.135        -0.093
 EXTRA1        -0.172         0.216         0.192         0.217         0.180
 EXTRA2        -0.207         0.133         0.136         0.160         0.168
 EXTRA3        -0.213         0.232         0.191         0.200         0.189
 PTGI1          0.058         0.138         0.114         0.082         0.135
 PTGI2          0.068         0.153         0.124         0.090         0.123
 PTGI3          0.096         0.143         0.147         0.103         0.118
 PTGI4          0.085         0.129         0.112         0.058         0.089
 PTGI5          0.067         0.128         0.115         0.085         0.136
 IESR1          0.432        -0.018        -0.048        -0.030        -0.048
 IESR2          0.419        -0.008        -0.038         0.001        -0.014
 IESR3          0.431        -0.011        -0.035         0.009        -0.058


           Correlations
              MSPSS3        NEURO1        NEURO2        EXTRA1        EXTRA2
              ________      ________      ________      ________      ________
 MSPSS3         1.000
 NEURO1        -0.155         1.000
 NEURO2        -0.170         0.653         1.000
 EXTRA1         0.220        -0.365        -0.379         1.000
 EXTRA2         0.202        -0.293        -0.315         0.396         1.000
 EXTRA3         0.200        -0.320        -0.334         0.421         0.397
 PTGI1          0.086        -0.018        -0.045         0.127         0.178
 PTGI2          0.102         0.042        -0.007         0.121         0.179
 PTGI3          0.104         0.003        -0.011         0.107         0.165
 PTGI4          0.099        -0.004         0.002         0.112         0.158
 PTGI5          0.096        -0.017        -0.025         0.158         0.216
 IESR1         -0.077         0.243         0.268        -0.033        -0.050
 IESR2         -0.050         0.244         0.274        -0.006        -0.023
 IESR3         -0.044         0.237         0.268        -0.013        -0.029


           Correlations
              EXTRA3        PTGI1         PTGI2         PTGI3         PTGI4
              ________      ________      ________      ________      ________
 EXTRA3         1.000
 PTGI1          0.144         1.000
 PTGI2          0.135         0.635         1.000
 PTGI3          0.136         0.647         0.650         1.000
 PTGI4          0.140         0.657         0.652         0.672         1.000
 PTGI5          0.164         0.649         0.645         0.653         0.659
 IESR1         -0.021         0.189         0.211         0.184         0.225
 IESR2         -0.003         0.191         0.193         0.171         0.220
 IESR3         -0.005         0.145         0.162         0.141         0.194


           Correlations
              PTGI5         IESR1         IESR2         IESR3
              ________      ________      ________      ________
 PTGI5          1.000
 IESR1          0.189         1.000
 IESR2          0.177         0.769         1.000
 IESR3          0.154         0.782         0.786         1.000


MODEL FIT INFORMATION

Number of Free Parameters                       98

Loglikelihood

    H0 Value

        Mean                            -29314.420
        Std Dev                            109.637
        Number of successful computations    10000

             Proportions                   Percentiles
        Expected    Observed         Expected       Observed
           0.990       0.991       -29569.468     -29566.048
           0.980       0.981       -29539.581     -29536.802
           0.950       0.951       -29494.762     -29494.323
           0.900       0.901       -29454.931     -29454.414
           0.800       0.795       -29406.691     -29408.912
           0.700       0.700       -29371.914     -29371.811
           0.500       0.497       -29314.420     -29315.344
           0.300       0.303       -29256.927     -29256.109
           0.200       0.199       -29222.150     -29222.558
           0.100       0.098       -29173.910     -29175.094
           0.050       0.049       -29134.079     -29135.241
           0.020       0.020       -29089.259     -29089.813
           0.010       0.011       -29059.372     -29057.300

    H1 Value

        Mean                            -29200.317
        Std Dev                            110.178
        Number of successful computations    10000

             Proportions                   Percentiles
        Expected    Observed         Expected       Observed
           0.990       0.991       -29456.625     -29451.894
           0.980       0.981       -29426.590     -29424.178
           0.950       0.950       -29381.549     -29381.627
           0.900       0.901       -29341.522     -29340.799
           0.800       0.794       -29293.043     -29295.415
           0.700       0.699       -29258.095     -29258.319
           0.500       0.497       -29200.317     -29201.302
           0.300       0.303       -29142.540     -29141.374
           0.200       0.199       -29107.591     -29108.020
           0.100       0.098       -29059.113     -29060.146
           0.050       0.052       -29019.085     -29017.977
           0.020       0.020       -28974.044     -28973.811
           0.010       0.010       -28944.010     -28942.992

Information Criteria

    Akaike (AIC)

        Mean                             58824.841
        Std Dev                            219.273
        Number of successful computations    10000

             Proportions                   Percentiles
        Expected    Observed         Expected       Observed
           0.990       0.989        58314.745      58310.428
           0.980       0.980        58374.519      58374.796
           0.950       0.951        58464.158      58466.400
           0.900       0.902        58543.820      58545.930
           0.800       0.801        58640.300      58640.888
           0.700       0.697        58709.854      58708.159
           0.500       0.503        58824.841      58826.376
           0.300       0.300        58939.828      58939.590
           0.200       0.205        59009.381      59013.587
           0.100       0.099        59105.862      59104.515
           0.050       0.049        59185.524      59184.505
           0.020       0.019        59275.163      59269.078
           0.010       0.009        59334.937      59327.022

    Bayesian (BIC)

        Mean                             59305.801
        Std Dev                            219.273
        Number of successful computations    10000

             Proportions                   Percentiles
        Expected    Observed         Expected       Observed
           0.990       0.989        58795.705      58791.388
           0.980       0.980        58855.479      58855.756
           0.950       0.951        58945.118      58947.360
           0.900       0.902        59024.780      59026.890
           0.800       0.801        59121.260      59121.848
           0.700       0.697        59190.814      59189.119
           0.500       0.503        59305.801      59307.336
           0.300       0.300        59420.788      59420.550
           0.200       0.205        59490.341      59494.547
           0.100       0.099        59586.822      59585.475
           0.050       0.049        59666.484      59665.465
           0.020       0.019        59756.123      59750.039
           0.010       0.009        59815.897      59807.982

    Sample-Size Adjusted BIC (n* = (n + 2) / 24)

        Mean                             58994.547
        Std Dev                            219.273
        Number of successful computations    10000

             Proportions                   Percentiles
        Expected    Observed         Expected       Observed
           0.990       0.989        58484.451      58480.135
           0.980       0.980        58544.225      58544.502
           0.950       0.951        58633.864      58636.106
           0.900       0.902        58713.526      58715.637
           0.800       0.801        58810.007      58810.595
           0.700       0.697        58879.560      58877.865
           0.500       0.503        58994.547      58996.083
           0.300       0.300        59109.534      59109.297
           0.200       0.205        59179.088      59183.294
           0.100       0.099        59275.568      59274.222
           0.050       0.049        59355.230      59354.211
           0.020       0.019        59444.869      59438.785
           0.010       0.009        59504.643      59496.728

Chi-Square Test of Model Fit

        Degrees of freedom                     226

        Mean                               228.206
        Std Dev                             21.480
        Number of successful computations    10000

             Proportions                   Percentiles
        Expected    Observed         Expected       Observed
           0.990       0.992          179.499        180.904
           0.980       0.984          184.510        186.246
           0.950       0.959          192.203        193.818
           0.900       0.912          199.218        200.631
           0.800       0.827          207.940        210.000
           0.700       0.733          214.386        216.504
           0.500       0.545          225.334        227.733
           0.300       0.338          236.647        239.244
           0.200       0.235          243.671        246.244
           0.100       0.119          253.638        256.053
           0.050       0.060          262.070        264.229
           0.020       0.026          271.777        274.431
           0.010       0.013          278.379        281.103

RMSEA (Root Mean Square Error Of Approximation)

        Mean                                 0.004
        Std Dev                              0.005
        Number of successful computations    10000

        Cumulative Distribution Function
           Value    Function Value
           0.990       1.000
           0.980       1.000
           0.950       1.000
           0.900       1.000
           0.800       1.000
           0.700       1.000
           0.500       1.000
           0.300       1.000
           0.200       1.000
           0.100       1.000
           0.050       1.000
           0.020       1.000
           0.010       0.830

CFI/TLI

    CFI

        Mean                                 0.999
        Std Dev                              0.001
        Number of successful computations    10000

        Cumulative Distribution Function
           Value    Function Value
           0.990       0.000
           0.980       0.000
           0.950       0.000
           0.900       0.000
           0.800       0.000
           0.700       0.000
           0.500       0.000
           0.300       0.000
           0.200       0.000
           0.100       0.000
           0.050       0.000
           0.020       0.000
           0.010       0.000

    TLI

        Mean                                 0.999
        Std Dev                              0.001
        Number of successful computations    10000

        Cumulative Distribution Function
           Value    Function Value
           0.990       0.000
           0.980       0.000
           0.950       0.000
           0.900       0.000
           0.800       0.000
           0.700       0.000
           0.500       0.000
           0.300       0.000
           0.200       0.000
           0.100       0.000
           0.050       0.000
           0.020       0.000
           0.010       0.000

SRMR (Standardized Root Mean Square Residual)

        Mean                                 0.018
        Std Dev                              0.001
        Number of successful computations    10000

        Cumulative Distribution Function
           Value    Function Value
           0.990       1.000
           0.980       1.000
           0.950       1.000
           0.900       1.000
           0.800       1.000
           0.700       1.000
           0.500       1.000
           0.300       1.000
           0.200       1.000
           0.100       1.000
           0.050       1.000
           0.020       0.934
           0.010       0.000


MODEL RESULTS

                              ESTIMATES              S. E.     M. S. E.  95%  % Sig
                 Population   Average   Std. Dev.   Average             Cover Coeff

 P        BY
  P1                  0.720     0.7162     0.0299     0.0297     0.0009 0.946 1.000
  P2                  0.720     0.7162     0.0297     0.0297     0.0009 0.943 1.000
  P3                  0.720     0.7168     0.0303     0.0297     0.0009 0.941 1.000

 N        BY
  N1                  0.840     0.8352     0.0288     0.0288     0.0009 0.946 1.000
  N2                  0.840     0.8352     0.0285     0.0288     0.0008 0.947 1.000
  N3                  0.840     0.8354     0.0288     0.0288     0.0009 0.946 1.000

 COPE     BY
  COPE1               0.710     0.7105     0.0336     0.0332     0.0011 0.945 1.000
  COPE2               0.710     0.7093     0.0336     0.0332     0.0011 0.948 1.000

 MSPSS    BY
  MSPSS1              0.700     0.6993     0.0328     0.0325     0.0011 0.948 1.000
  MSPSS2              0.700     0.7002     0.0326     0.0325     0.0011 0.948 1.000
  MSPSS3              0.700     0.6994     0.0326     0.0325     0.0011 0.951 1.000

 NEURO    BY
  NEURO1              0.800     0.7994     0.0296     0.0293     0.0009 0.948 1.000
  NEURO2              0.800     0.7986     0.0289     0.0293     0.0008 0.953 1.000

 EXTRA    BY
  EXTRA1              0.670     0.6694     0.0320     0.0323     0.0010 0.952 1.000
  EXTRA2              0.670     0.6694     0.0327     0.0323     0.0011 0.946 1.000
  EXTRA3              0.670     0.6698     0.0327     0.0323     0.0011 0.949 1.000

 PTGI     BY
  PTGI1               0.790     0.7856     0.0275     0.0277     0.0008 0.950 1.000
  PTGI2               0.790     0.7856     0.0275     0.0277     0.0008 0.950 1.000
  PTGI3               0.790     0.7857     0.0280     0.0277     0.0008 0.944 1.000
  PTGI4               0.790     0.7855     0.0275     0.0277     0.0008 0.947 1.000
  PTGI5               0.790     0.7853     0.0274     0.0277     0.0008 0.949 1.000

 IESR     BY
  IESR1               0.850     0.8441     0.0265     0.0265     0.0007 0.945 1.000
  IESR2               0.850     0.8440     0.0268     0.0265     0.0008 0.939 1.000
  IESR3               0.850     0.8440     0.0269     0.0265     0.0008 0.939 1.000

 P        ON
  COPE                0.580     0.5852     0.0574     0.0577     0.0033 0.952 1.000
  MSPSS               0.040     0.0399     0.0560     0.0558     0.0031 0.952 0.109
  NEURO              -0.340    -0.3432     0.0726     0.0721     0.0053 0.951 0.998
  EXTRA              -0.080    -0.0818     0.0835     0.0831     0.0070 0.952 0.152

 N        ON
  COPE                0.180     0.1820     0.0503     0.0496     0.0025 0.950 0.963
  MSPSS              -0.030    -0.0304     0.0549     0.0544     0.0030 0.954 0.081
  NEURO               0.920     0.9295     0.0865     0.0857     0.0076 0.955 1.000
  EXTRA               0.060     0.0630     0.0826     0.0813     0.0068 0.950 0.107

 PTGI     ON
  P                   0.190     0.1915     0.0439     0.0437     0.0019 0.950 0.993
  N                   0.050     0.0500     0.0000     0.0000     0.0000 1.000 0.000
  COPE                0.070     0.0695     0.0555     0.0553     0.0031 0.953 0.248
  MSPSS               0.040     0.0385     0.0523     0.0515     0.0027 0.949 0.127
  NEURO               0.330     0.3365     0.0733     0.0722     0.0054 0.949 0.999
  EXTRA               0.410     0.4173     0.0827     0.0817     0.0069 0.953 1.000

 IESR     ON
  P                   0.070     0.0711     0.0426     0.0430     0.0018 0.956 0.378
  N                   0.460     0.4612     0.0447     0.0445     0.0020 0.950 1.000
  COPE               -0.020    -0.0208     0.0570     0.0563     0.0032 0.950 0.064
  MSPSS              -0.050    -0.0527     0.0526     0.0520     0.0028 0.949 0.168
  NEURO               0.290     0.2953     0.0894     0.0890     0.0080 0.955 0.932
  EXTRA               0.330     0.3373     0.0822     0.0816     0.0068 0.954 0.991

 IESR     WITH
  PTGI                0.230     0.2294     0.0374     0.0370     0.0014 0.945 1.000

 MSPSS    WITH
  COPE                0.250     0.2503     0.0416     0.0407     0.0017 0.942 1.000
  NEURO              -0.250    -0.2500     0.0397     0.0395     0.0016 0.950 1.000
  EXTRA               0.460     0.4597     0.0380     0.0373     0.0014 0.946 1.000

 NEURO    WITH
  COPE               -0.310    -0.3096     0.0390     0.0389     0.0015 0.951 1.000
  EXTRA              -0.660    -0.6596     0.0302     0.0302     0.0009 0.949 1.000

 EXTRA    WITH
  COPE                0.310     0.3095     0.0412     0.0410     0.0017 0.949 1.000

 Intercepts
  P1                  0.000     0.0005     0.0358     0.0357     0.0013 0.948 0.052
  P2                  0.000     0.0003     0.0362     0.0357     0.0013 0.946 0.054
  P3                  0.000     0.0000     0.0358     0.0357     0.0013 0.952 0.048
  N1                  0.000     0.0005     0.0390     0.0388     0.0015 0.948 0.052
  N2                  0.000    -0.0001     0.0390     0.0388     0.0015 0.949 0.051
  N3                  0.000     0.0002     0.0388     0.0388     0.0015 0.951 0.049
  COPE1               0.000     0.0001     0.0294     0.0294     0.0009 0.951 0.049
  COPE2               0.000    -0.0001     0.0294     0.0294     0.0009 0.948 0.052
  MSPSS1              0.000     0.0005     0.0311     0.0314     0.0010 0.953 0.047
  MSPSS2              0.000     0.0004     0.0313     0.0314     0.0010 0.949 0.051
  MSPSS3              0.000     0.0005     0.0314     0.0314     0.0010 0.951 0.049
  NEURO1              0.000    -0.0001     0.0316     0.0316     0.0010 0.951 0.049
  NEURO2              0.000    -0.0002     0.0318     0.0316     0.0010 0.951 0.049
  EXTRA1              0.000     0.0006     0.0318     0.0316     0.0010 0.947 0.052
  EXTRA2              0.000     0.0008     0.0315     0.0316     0.0010 0.952 0.048
  EXTRA3              0.000     0.0003     0.0316     0.0316     0.0010 0.949 0.051
  PTGI1               0.000     0.0000     0.0337     0.0334     0.0011 0.946 0.054
  PTGI2               0.000     0.0000     0.0333     0.0334     0.0011 0.951 0.049
  PTGI3               0.000    -0.0002     0.0337     0.0334     0.0011 0.948 0.052
  PTGI4               0.000     0.0000     0.0337     0.0334     0.0011 0.950 0.050
  PTGI5               0.000     0.0002     0.0335     0.0334     0.0011 0.949 0.051
  IESR1               0.000     0.0001     0.0369     0.0367     0.0014 0.951 0.049
  IESR2               0.000     0.0001     0.0368     0.0367     0.0014 0.949 0.051
  IESR3               0.000     0.0003     0.0369     0.0367     0.0014 0.950 0.050

 Variances
  COPE                1.000     1.0000     0.0000     0.0000     0.0000 1.000 0.000
  MSPSS               1.000     1.0000     0.0000     0.0000     0.0000 1.000 0.000
  NEURO               1.000     1.0000     0.0000     0.0000     0.0000 1.000 0.000
  EXTRA               1.000     1.0000     0.0000     0.0000     0.0000 1.000 0.000

 Residual Variances
  P1                  0.482     0.4802     0.0322     0.0321     0.0010 0.948 1.000
  P2                  0.482     0.4803     0.0322     0.0321     0.0010 0.951 1.000
  P3                  0.482     0.4808     0.0318     0.0321     0.0010 0.952 1.000
  N1                  0.294     0.2936     0.0197     0.0198     0.0004 0.951 1.000
  N2                  0.294     0.2938     0.0199     0.0198     0.0004 0.949 1.000
  N3                  0.294     0.2936     0.0199     0.0198     0.0004 0.948 1.000
  COPE1               0.360     0.3578     0.0357     0.0355     0.0013 0.949 1.000
  COPE2               0.360     0.3586     0.0357     0.0354     0.0013 0.951 1.000
  MSPSS1              0.496     0.4943     0.0335     0.0333     0.0011 0.950 1.000
  MSPSS2              0.496     0.4943     0.0334     0.0334     0.0011 0.951 1.000
  MSPSS3              0.496     0.4943     0.0333     0.0333     0.0011 0.952 1.000
  NEURO1              0.360     0.3592     0.0272     0.0269     0.0007 0.947 1.000
  NEURO2              0.360     0.3590     0.0266     0.0269     0.0007 0.952 1.000
  EXTRA1              0.551     0.5495     0.0334     0.0330     0.0011 0.944 1.000
  EXTRA2              0.551     0.5492     0.0330     0.0329     0.0011 0.946 1.000
  EXTRA3              0.551     0.5493     0.0331     0.0330     0.0011 0.946 1.000
  PTGI1               0.376     0.3751     0.0210     0.0210     0.0004 0.948 1.000
  PTGI2               0.376     0.3751     0.0211     0.0210     0.0004 0.948 1.000
  PTGI3               0.376     0.3748     0.0211     0.0210     0.0004 0.948 1.000
  PTGI4               0.376     0.3752     0.0212     0.0210     0.0004 0.948 1.000
  PTGI5               0.376     0.3750     0.0210     0.0210     0.0004 0.950 1.000
  IESR1               0.278     0.2770     0.0193     0.0190     0.0004 0.945 1.000
  IESR2               0.278     0.2772     0.0189     0.0190     0.0004 0.950 1.000
  IESR3               0.278     0.2769     0.0190     0.0190     0.0004 0.950 1.000
  P                   1.000     1.0000     0.0000     0.0000     0.0000 1.000 0.000
  N                   1.000     1.0000     0.0000     0.0000     0.0000 1.000 0.000
  PTGI                1.000     1.0000     0.0000     0.0000     0.0000 1.000 0.000
  IESR                1.000     1.0000     0.0000     0.0000     0.0000 1.000 0.000


QUALITY OF NUMERICAL RESULTS

     Average Condition Number for the Information Matrix      0.107E-01
       (ratio of smallest to largest eigenvalue)


TECHNICAL OUTPUT


     PARAMETER SPECIFICATION


           NU
              P1            P2            P3            N1            N2
              ________      ________      ________      ________      ________
                  1             2             3             4             5


           NU
              N3            COPE1         COPE2         MSPSS1        MSPSS2
              ________      ________      ________      ________      ________
                  6             7             8             9            10


           NU
              MSPSS3        NEURO1        NEURO2        EXTRA1        EXTRA2
              ________      ________      ________      ________      ________
                 11            12            13            14            15


           NU
              EXTRA3        PTGI1         PTGI2         PTGI3         PTGI4
              ________      ________      ________      ________      ________
                 16            17            18            19            20


           NU
              PTGI5         IESR1         IESR2         IESR3
              ________      ________      ________      ________
                 21            22            23            24


           LAMBDA
              P             N             COPE          MSPSS         NEURO
              ________      ________      ________      ________      ________
 P1                25             0             0             0             0
 P2                26             0             0             0             0
 P3                27             0             0             0             0
 N1                 0            28             0             0             0
 N2                 0            29             0             0             0
 N3                 0            30             0             0             0
 COPE1              0             0            31             0             0
 COPE2              0             0            32             0             0
 MSPSS1             0             0             0            33             0
 MSPSS2             0             0             0            34             0
 MSPSS3             0             0             0            35             0
 NEURO1             0             0             0             0            36
 NEURO2             0             0             0             0            37
 EXTRA1             0             0             0             0             0
 EXTRA2             0             0             0             0             0
 EXTRA3             0             0             0             0             0
 PTGI1              0             0             0             0             0
 PTGI2              0             0             0             0             0
 PTGI3              0             0             0             0             0
 PTGI4              0             0             0             0             0
 PTGI5              0             0             0             0             0
 IESR1              0             0             0             0             0
 IESR2              0             0             0             0             0
 IESR3              0             0             0             0             0


           LAMBDA
              EXTRA         PTGI          IESR
              ________      ________      ________
 P1                 0             0             0
 P2                 0             0             0
 P3                 0             0             0
 N1                 0             0             0
 N2                 0             0             0
 N3                 0             0             0
 COPE1              0             0             0
 COPE2              0             0             0
 MSPSS1             0             0             0
 MSPSS2             0             0             0
 MSPSS3             0             0             0
 NEURO1             0             0             0
 NEURO2             0             0             0
 EXTRA1            38             0             0
 EXTRA2            39             0             0
 EXTRA3            40             0             0
 PTGI1              0            41             0
 PTGI2              0            42             0
 PTGI3              0            43             0
 PTGI4              0            44             0
 PTGI5              0            45             0
 IESR1              0             0            46
 IESR2              0             0            47
 IESR3              0             0            48


           THETA
              P1            P2            P3            N1            N2
              ________      ________      ________      ________      ________
 P1                49
 P2                 0            50
 P3                 0             0            51
 N1                 0             0             0            52
 N2                 0             0             0             0            53
 N3                 0             0             0             0             0
 COPE1              0             0             0             0             0
 COPE2              0             0             0             0             0
 MSPSS1             0             0             0             0             0
 MSPSS2             0             0             0             0             0
 MSPSS3             0             0             0             0             0
 NEURO1             0             0             0             0             0
 NEURO2             0             0             0             0             0
 EXTRA1             0             0             0             0             0
 EXTRA2             0             0             0             0             0
 EXTRA3             0             0             0             0             0
 PTGI1              0             0             0             0             0
 PTGI2              0             0             0             0             0
 PTGI3              0             0             0             0             0
 PTGI4              0             0             0             0             0
 PTGI5              0             0             0             0             0
 IESR1              0             0             0             0             0
 IESR2              0             0             0             0             0
 IESR3              0             0             0             0             0


           THETA
              N3            COPE1         COPE2         MSPSS1        MSPSS2
              ________      ________      ________      ________      ________
 N3                54
 COPE1              0            55
 COPE2              0             0            56
 MSPSS1             0             0             0            57
 MSPSS2             0             0             0             0            58
 MSPSS3             0             0             0             0             0
 NEURO1             0             0             0             0             0
 NEURO2             0             0             0             0             0
 EXTRA1             0             0             0             0             0
 EXTRA2             0             0             0             0             0
 EXTRA3             0             0             0             0             0
 PTGI1              0             0             0             0             0
 PTGI2              0             0             0             0             0
 PTGI3              0             0             0             0             0
 PTGI4              0             0             0             0             0
 PTGI5              0             0             0             0             0
 IESR1              0             0             0             0             0
 IESR2              0             0             0             0             0
 IESR3              0             0             0             0             0


           THETA
              MSPSS3        NEURO1        NEURO2        EXTRA1        EXTRA2
              ________      ________      ________      ________      ________
 MSPSS3            59
 NEURO1             0            60
 NEURO2             0             0            61
 EXTRA1             0             0             0            62
 EXTRA2             0             0             0             0            63
 EXTRA3             0             0             0             0             0
 PTGI1              0             0             0             0             0
 PTGI2              0             0             0             0             0
 PTGI3              0             0             0             0             0
 PTGI4              0             0             0             0             0
 PTGI5              0             0             0             0             0
 IESR1              0             0             0             0             0
 IESR2              0             0             0             0             0
 IESR3              0             0             0             0             0


           THETA
              EXTRA3        PTGI1         PTGI2         PTGI3         PTGI4
              ________      ________      ________      ________      ________
 EXTRA3            64
 PTGI1              0            65
 PTGI2              0             0            66
 PTGI3              0             0             0            67
 PTGI4              0             0             0             0            68
 PTGI5              0             0             0             0             0
 IESR1              0             0             0             0             0
 IESR2              0             0             0             0             0
 IESR3              0             0             0             0             0


           THETA
              PTGI5         IESR1         IESR2         IESR3
              ________      ________      ________      ________
 PTGI5             69
 IESR1              0            70
 IESR2              0             0            71
 IESR3              0             0             0            72


           ALPHA
              P             N             COPE          MSPSS         NEURO
              ________      ________      ________      ________      ________
                  0             0             0             0             0


           ALPHA
              EXTRA         PTGI          IESR
              ________      ________      ________
                  0             0             0


           BETA
              P             N             COPE          MSPSS         NEURO
              ________      ________      ________      ________      ________
 P                  0             0            73            74            75
 N                  0             0            77            78            79
 COPE               0             0             0             0             0
 MSPSS              0             0             0             0             0
 NEURO              0             0             0             0             0
 EXTRA              0             0             0             0             0
 PTGI              81             0            82            83            84
 IESR              86            87            88            89            90


           BETA
              EXTRA         PTGI          IESR
              ________      ________      ________
 P                 76             0             0
 N                 80             0             0
 COPE               0             0             0
 MSPSS              0             0             0
 NEURO              0             0             0
 EXTRA              0             0             0
 PTGI              85             0             0
 IESR              91             0             0


           PSI
              P             N             COPE          MSPSS         NEURO
              ________      ________      ________      ________      ________
 P                  0
 N                  0             0
 COPE               0             0             0
 MSPSS              0             0            92             0
 NEURO              0             0            93            94             0
 EXTRA              0             0            95            96            97
 PTGI               0             0             0             0             0
 IESR               0             0             0             0             0


           PSI
              EXTRA         PTGI          IESR
              ________      ________      ________
 EXTRA              0
 PTGI               0             0
 IESR               0            98             0


     STARTING VALUES


           NU
              P1            P2            P3            N1            N2
              ________      ________      ________      ________      ________
                0.000         0.000         0.000         0.000         0.000


           NU
              N3            COPE1         COPE2         MSPSS1        MSPSS2
              ________      ________      ________      ________      ________
                0.000         0.000         0.000         0.000         0.000


           NU
              MSPSS3        NEURO1        NEURO2        EXTRA1        EXTRA2
              ________      ________      ________      ________      ________
                0.000         0.000         0.000         0.000         0.000


           NU
              EXTRA3        PTGI1         PTGI2         PTGI3         PTGI4
              ________      ________      ________      ________      ________
                0.000         0.000         0.000         0.000         0.000


           NU
              PTGI5         IESR1         IESR2         IESR3
              ________      ________      ________      ________
                0.000         0.000         0.000         0.000


           LAMBDA
              P             N             COPE          MSPSS         NEURO
              ________      ________      ________      ________      ________
 P1             0.720         0.000         0.000         0.000         0.000
 P2             0.720         0.000         0.000         0.000         0.000
 P3             0.720         0.000         0.000         0.000         0.000
 N1             0.000         0.840         0.000         0.000         0.000
 N2             0.000         0.840         0.000         0.000         0.000
 N3             0.000         0.840         0.000         0.000         0.000
 COPE1          0.000         0.000         0.710         0.000         0.000
 COPE2          0.000         0.000         0.710         0.000         0.000
 MSPSS1         0.000         0.000         0.000         0.700         0.000
 MSPSS2         0.000         0.000         0.000         0.700         0.000
 MSPSS3         0.000         0.000         0.000         0.700         0.000
 NEURO1         0.000         0.000         0.000         0.000         0.800
 NEURO2         0.000         0.000         0.000         0.000         0.800
 EXTRA1         0.000         0.000         0.000         0.000         0.000
 EXTRA2         0.000         0.000         0.000         0.000         0.000
 EXTRA3         0.000         0.000         0.000         0.000         0.000
 PTGI1          0.000         0.000         0.000         0.000         0.000
 PTGI2          0.000         0.000         0.000         0.000         0.000
 PTGI3          0.000         0.000         0.000         0.000         0.000
 PTGI4          0.000         0.000         0.000         0.000         0.000
 PTGI5          0.000         0.000         0.000         0.000         0.000
 IESR1          0.000         0.000         0.000         0.000         0.000
 IESR2          0.000         0.000         0.000         0.000         0.000
 IESR3          0.000         0.000         0.000         0.000         0.000


           LAMBDA
              EXTRA         PTGI          IESR
              ________      ________      ________
 P1             0.000         0.000         0.000
 P2             0.000         0.000         0.000
 P3             0.000         0.000         0.000
 N1             0.000         0.000         0.000
 N2             0.000         0.000         0.000
 N3             0.000         0.000         0.000
 COPE1          0.000         0.000         0.000
 COPE2          0.000         0.000         0.000
 MSPSS1         0.000         0.000         0.000
 MSPSS2         0.000         0.000         0.000
 MSPSS3         0.000         0.000         0.000
 NEURO1         0.000         0.000         0.000
 NEURO2         0.000         0.000         0.000
 EXTRA1         0.670         0.000         0.000
 EXTRA2         0.670         0.000         0.000
 EXTRA3         0.670         0.000         0.000
 PTGI1          0.000         0.790         0.000
 PTGI2          0.000         0.790         0.000
 PTGI3          0.000         0.790         0.000
 PTGI4          0.000         0.790         0.000
 PTGI5          0.000         0.790         0.000
 IESR1          0.000         0.000         0.850
 IESR2          0.000         0.000         0.850
 IESR3          0.000         0.000         0.850


           THETA
              P1            P2            P3            N1            N2
              ________      ________      ________      ________      ________
 P1             0.482
 P2             0.000         0.482
 P3             0.000         0.000         0.482
 N1             0.000         0.000         0.000         0.294
 N2             0.000         0.000         0.000         0.000         0.294
 N3             0.000         0.000         0.000         0.000         0.000
 COPE1          0.000         0.000         0.000         0.000         0.000
 COPE2          0.000         0.000         0.000         0.000         0.000
 MSPSS1         0.000         0.000         0.000         0.000         0.000
 MSPSS2         0.000         0.000         0.000         0.000         0.000
 MSPSS3         0.000         0.000         0.000         0.000         0.000
 NEURO1         0.000         0.000         0.000         0.000         0.000
 NEURO2         0.000         0.000         0.000         0.000         0.000
 EXTRA1         0.000         0.000         0.000         0.000         0.000
 EXTRA2         0.000         0.000         0.000         0.000         0.000
 EXTRA3         0.000         0.000         0.000         0.000         0.000
 PTGI1          0.000         0.000         0.000         0.000         0.000
 PTGI2          0.000         0.000         0.000         0.000         0.000
 PTGI3          0.000         0.000         0.000         0.000         0.000
 PTGI4          0.000         0.000         0.000         0.000         0.000
 PTGI5          0.000         0.000         0.000         0.000         0.000
 IESR1          0.000         0.000         0.000         0.000         0.000
 IESR2          0.000         0.000         0.000         0.000         0.000
 IESR3          0.000         0.000         0.000         0.000         0.000


           THETA
              N3            COPE1         COPE2         MSPSS1        MSPSS2
              ________      ________      ________      ________      ________
 N3             0.294
 COPE1          0.000         0.360
 COPE2          0.000         0.000         0.360
 MSPSS1         0.000         0.000         0.000         0.496
 MSPSS2         0.000         0.000         0.000         0.000         0.496
 MSPSS3         0.000         0.000         0.000         0.000         0.000
 NEURO1         0.000         0.000         0.000         0.000         0.000
 NEURO2         0.000         0.000         0.000         0.000         0.000
 EXTRA1         0.000         0.000         0.000         0.000         0.000
 EXTRA2         0.000         0.000         0.000         0.000         0.000
 EXTRA3         0.000         0.000         0.000         0.000         0.000
 PTGI1          0.000         0.000         0.000         0.000         0.000
 PTGI2          0.000         0.000         0.000         0.000         0.000
 PTGI3          0.000         0.000         0.000         0.000         0.000
 PTGI4          0.000         0.000         0.000         0.000         0.000
 PTGI5          0.000         0.000         0.000         0.000         0.000
 IESR1          0.000         0.000         0.000         0.000         0.000
 IESR2          0.000         0.000         0.000         0.000         0.000
 IESR3          0.000         0.000         0.000         0.000         0.000


           THETA
              MSPSS3        NEURO1        NEURO2        EXTRA1        EXTRA2
              ________      ________      ________      ________      ________
 MSPSS3         0.496
 NEURO1         0.000         0.360
 NEURO2         0.000         0.000         0.360
 EXTRA1         0.000         0.000         0.000         0.551
 EXTRA2         0.000         0.000         0.000         0.000         0.551
 EXTRA3         0.000         0.000         0.000         0.000         0.000
 PTGI1          0.000         0.000         0.000         0.000         0.000
 PTGI2          0.000         0.000         0.000         0.000         0.000
 PTGI3          0.000         0.000         0.000         0.000         0.000
 PTGI4          0.000         0.000         0.000         0.000         0.000
 PTGI5          0.000         0.000         0.000         0.000         0.000
 IESR1          0.000         0.000         0.000         0.000         0.000
 IESR2          0.000         0.000         0.000         0.000         0.000
 IESR3          0.000         0.000         0.000         0.000         0.000


           THETA
              EXTRA3        PTGI1         PTGI2         PTGI3         PTGI4
              ________      ________      ________      ________      ________
 EXTRA3         0.551
 PTGI1          0.000         0.376
 PTGI2          0.000         0.000         0.376
 PTGI3          0.000         0.000         0.000         0.376
 PTGI4          0.000         0.000         0.000         0.000         0.376
 PTGI5          0.000         0.000         0.000         0.000         0.000
 IESR1          0.000         0.000         0.000         0.000         0.000
 IESR2          0.000         0.000         0.000         0.000         0.000
 IESR3          0.000         0.000         0.000         0.000         0.000


           THETA
              PTGI5         IESR1         IESR2         IESR3
              ________      ________      ________      ________
 PTGI5          0.376
 IESR1          0.000         0.278
 IESR2          0.000         0.000         0.278
 IESR3          0.000         0.000         0.000         0.278


           ALPHA
              P             N             COPE          MSPSS         NEURO
              ________      ________      ________      ________      ________
                0.000         0.000         0.000         0.000         0.000


           ALPHA
              EXTRA         PTGI          IESR
              ________      ________      ________
                0.000         0.000         0.000


           BETA
              P             N             COPE          MSPSS         NEURO
              ________      ________      ________      ________      ________
 P              0.000         0.000         0.580         0.040        -0.340
 N              0.000         0.000         0.180        -0.030         0.920
 COPE           0.000         0.000         0.000         0.000         0.000
 MSPSS          0.000         0.000         0.000         0.000         0.000
 NEURO          0.000         0.000         0.000         0.000         0.000
 EXTRA          0.000         0.000         0.000         0.000         0.000
 PTGI           0.190         0.050         0.070         0.040         0.330
 IESR           0.070         0.460        -0.020        -0.050         0.290


           BETA
              EXTRA         PTGI          IESR
              ________      ________      ________
 P             -0.080         0.000         0.000
 N              0.060         0.000         0.000
 COPE           0.000         0.000         0.000
 MSPSS          0.000         0.000         0.000
 NEURO          0.000         0.000         0.000
 EXTRA          0.000         0.000         0.000
 PTGI           0.410         0.000         0.000
 IESR           0.330         0.000         0.000


           PSI
              P             N             COPE          MSPSS         NEURO
              ________      ________      ________      ________      ________
 P              1.000
 N              0.000         1.000
 COPE           0.000         0.000         1.000
 MSPSS          0.000         0.000         0.250         1.000
 NEURO          0.000         0.000        -0.310        -0.250         1.000
 EXTRA          0.000         0.000         0.310         0.460        -0.660
 PTGI           0.000         0.000         0.000         0.000         0.000
 IESR           0.000         0.000         0.000         0.000         0.000


           PSI
              EXTRA         PTGI          IESR
              ________      ________      ________
 EXTRA          1.000
 PTGI           0.000         1.000
 IESR           0.000         0.230         1.000


     POPULATION VALUES


           NU
              P1            P2            P3            N1            N2
              ________      ________      ________      ________      ________
                0.000         0.000         0.000         0.000         0.000


           NU
              N3            COPE1         COPE2         MSPSS1        MSPSS2
              ________      ________      ________      ________      ________
                0.000         0.000         0.000         0.000         0.000


           NU
              MSPSS3        NEURO1        NEURO2        EXTRA1        EXTRA2
              ________      ________      ________      ________      ________
                0.000         0.000         0.000         0.000         0.000


           NU
              EXTRA3        PTGI1         PTGI2         PTGI3         PTGI4
              ________      ________      ________      ________      ________
                0.000         0.000         0.000         0.000         0.000


           NU
              PTGI5         IESR1         IESR2         IESR3
              ________      ________      ________      ________
                0.000         0.000         0.000         0.000


           LAMBDA
              P             N             COPE          MSPSS         NEURO
              ________      ________      ________      ________      ________
 P1             0.720         0.000         0.000         0.000         0.000
 P2             0.720         0.000         0.000         0.000         0.000
 P3             0.720         0.000         0.000         0.000         0.000
 N1             0.000         0.840         0.000         0.000         0.000
 N2             0.000         0.840         0.000         0.000         0.000
 N3             0.000         0.840         0.000         0.000         0.000
 COPE1          0.000         0.000         0.710         0.000         0.000
 COPE2          0.000         0.000         0.710         0.000         0.000
 MSPSS1         0.000         0.000         0.000         0.700         0.000
 MSPSS2         0.000         0.000         0.000         0.700         0.000
 MSPSS3         0.000         0.000         0.000         0.700         0.000
 NEURO1         0.000         0.000         0.000         0.000         0.800
 NEURO2         0.000         0.000         0.000         0.000         0.800
 EXTRA1         0.000         0.000         0.000         0.000         0.000
 EXTRA2         0.000         0.000         0.000         0.000         0.000
 EXTRA3         0.000         0.000         0.000         0.000         0.000
 PTGI1          0.000         0.000         0.000         0.000         0.000
 PTGI2          0.000         0.000         0.000         0.000         0.000
 PTGI3          0.000         0.000         0.000         0.000         0.000
 PTGI4          0.000         0.000         0.000         0.000         0.000
 PTGI5          0.000         0.000         0.000         0.000         0.000
 IESR1          0.000         0.000         0.000         0.000         0.000
 IESR2          0.000         0.000         0.000         0.000         0.000
 IESR3          0.000         0.000         0.000         0.000         0.000


           LAMBDA
              EXTRA         PTGI          IESR
              ________      ________      ________
 P1             0.000         0.000         0.000
 P2             0.000         0.000         0.000
 P3             0.000         0.000         0.000
 N1             0.000         0.000         0.000
 N2             0.000         0.000         0.000
 N3             0.000         0.000         0.000
 COPE1          0.000         0.000         0.000
 COPE2          0.000         0.000         0.000
 MSPSS1         0.000         0.000         0.000
 MSPSS2         0.000         0.000         0.000
 MSPSS3         0.000         0.000         0.000
 NEURO1         0.000         0.000         0.000
 NEURO2         0.000         0.000         0.000
 EXTRA1         0.670         0.000         0.000
 EXTRA2         0.670         0.000         0.000
 EXTRA3         0.670         0.000         0.000
 PTGI1          0.000         0.790         0.000
 PTGI2          0.000         0.790         0.000
 PTGI3          0.000         0.790         0.000
 PTGI4          0.000         0.790         0.000
 PTGI5          0.000         0.790         0.000
 IESR1          0.000         0.000         0.850
 IESR2          0.000         0.000         0.850
 IESR3          0.000         0.000         0.850


           THETA
              P1            P2            P3            N1            N2
              ________      ________      ________      ________      ________
 P1             0.482
 P2             0.000         0.482
 P3             0.000         0.000         0.482
 N1             0.000         0.000         0.000         0.294
 N2             0.000         0.000         0.000         0.000         0.294
 N3             0.000         0.000         0.000         0.000         0.000
 COPE1          0.000         0.000         0.000         0.000         0.000
 COPE2          0.000         0.000         0.000         0.000         0.000
 MSPSS1         0.000         0.000         0.000         0.000         0.000
 MSPSS2         0.000         0.000         0.000         0.000         0.000
 MSPSS3         0.000         0.000         0.000         0.000         0.000
 NEURO1         0.000         0.000         0.000         0.000         0.000
 NEURO2         0.000         0.000         0.000         0.000         0.000
 EXTRA1         0.000         0.000         0.000         0.000         0.000
 EXTRA2         0.000         0.000         0.000         0.000         0.000
 EXTRA3         0.000         0.000         0.000         0.000         0.000
 PTGI1          0.000         0.000         0.000         0.000         0.000
 PTGI2          0.000         0.000         0.000         0.000         0.000
 PTGI3          0.000         0.000         0.000         0.000         0.000
 PTGI4          0.000         0.000         0.000         0.000         0.000
 PTGI5          0.000         0.000         0.000         0.000         0.000
 IESR1          0.000         0.000         0.000         0.000         0.000
 IESR2          0.000         0.000         0.000         0.000         0.000
 IESR3          0.000         0.000         0.000         0.000         0.000


           THETA
              N3            COPE1         COPE2         MSPSS1        MSPSS2
              ________      ________      ________      ________      ________
 N3             0.294
 COPE1          0.000         0.360
 COPE2          0.000         0.000         0.360
 MSPSS1         0.000         0.000         0.000         0.496
 MSPSS2         0.000         0.000         0.000         0.000         0.496
 MSPSS3         0.000         0.000         0.000         0.000         0.000
 NEURO1         0.000         0.000         0.000         0.000         0.000
 NEURO2         0.000         0.000         0.000         0.000         0.000
 EXTRA1         0.000         0.000         0.000         0.000         0.000
 EXTRA2         0.000         0.000         0.000         0.000         0.000
 EXTRA3         0.000         0.000         0.000         0.000         0.000
 PTGI1          0.000         0.000         0.000         0.000         0.000
 PTGI2          0.000         0.000         0.000         0.000         0.000
 PTGI3          0.000         0.000         0.000         0.000         0.000
 PTGI4          0.000         0.000         0.000         0.000         0.000
 PTGI5          0.000         0.000         0.000         0.000         0.000
 IESR1          0.000         0.000         0.000         0.000         0.000
 IESR2          0.000         0.000         0.000         0.000         0.000
 IESR3          0.000         0.000         0.000         0.000         0.000


           THETA
              MSPSS3        NEURO1        NEURO2        EXTRA1        EXTRA2
              ________      ________      ________      ________      ________
 MSPSS3         0.496
 NEURO1         0.000         0.360
 NEURO2         0.000         0.000         0.360
 EXTRA1         0.000         0.000         0.000         0.551
 EXTRA2         0.000         0.000         0.000         0.000         0.551
 EXTRA3         0.000         0.000         0.000         0.000         0.000
 PTGI1          0.000         0.000         0.000         0.000         0.000
 PTGI2          0.000         0.000         0.000         0.000         0.000
 PTGI3          0.000         0.000         0.000         0.000         0.000
 PTGI4          0.000         0.000         0.000         0.000         0.000
 PTGI5          0.000         0.000         0.000         0.000         0.000
 IESR1          0.000         0.000         0.000         0.000         0.000
 IESR2          0.000         0.000         0.000         0.000         0.000
 IESR3          0.000         0.000         0.000         0.000         0.000


           THETA
              EXTRA3        PTGI1         PTGI2         PTGI3         PTGI4
              ________      ________      ________      ________      ________
 EXTRA3         0.551
 PTGI1          0.000         0.376
 PTGI2          0.000         0.000         0.376
 PTGI3          0.000         0.000         0.000         0.376
 PTGI4          0.000         0.000         0.000         0.000         0.376
 PTGI5          0.000         0.000         0.000         0.000         0.000
 IESR1          0.000         0.000         0.000         0.000         0.000
 IESR2          0.000         0.000         0.000         0.000         0.000
 IESR3          0.000         0.000         0.000         0.000         0.000


           THETA
              PTGI5         IESR1         IESR2         IESR3
              ________      ________      ________      ________
 PTGI5          0.376
 IESR1          0.000         0.278
 IESR2          0.000         0.000         0.278
 IESR3          0.000         0.000         0.000         0.278


           ALPHA
              P             N             COPE          MSPSS         NEURO
              ________      ________      ________      ________      ________
                0.000         0.000         0.000         0.000         0.000


           ALPHA
              EXTRA         PTGI          IESR
              ________      ________      ________
                0.000         0.000         0.000


           BETA
              P             N             COPE          MSPSS         NEURO
              ________      ________      ________      ________      ________
 P              0.000         0.000         0.580         0.040        -0.340
 N              0.000         0.000         0.180        -0.030         0.920
 COPE           0.000         0.000         0.000         0.000         0.000
 MSPSS          0.000         0.000         0.000         0.000         0.000
 NEURO          0.000         0.000         0.000         0.000         0.000
 EXTRA          0.000         0.000         0.000         0.000         0.000
 PTGI           0.190         0.050         0.070         0.040         0.330
 IESR           0.070         0.460        -0.020        -0.050         0.290


           BETA
              EXTRA         PTGI          IESR
              ________      ________      ________
 P             -0.080         0.000         0.000
 N              0.060         0.000         0.000
 COPE           0.000         0.000         0.000
 MSPSS          0.000         0.000         0.000
 NEURO          0.000         0.000         0.000
 EXTRA          0.000         0.000         0.000
 PTGI           0.410         0.000         0.000
 IESR           0.330         0.000         0.000


           PSI
              P             N             COPE          MSPSS         NEURO
              ________      ________      ________      ________      ________
 P              1.000
 N              0.000         1.000
 COPE           0.000         0.000         1.000
 MSPSS          0.000         0.000         0.250         1.000
 NEURO          0.000         0.000        -0.310        -0.250         1.000
 EXTRA          0.000         0.000         0.310         0.460        -0.660
 PTGI           0.000         0.000         0.000         0.000         0.000
 IESR           0.000         0.000         0.000         0.000         0.000


           PSI
              EXTRA         PTGI          IESR
              ________      ________      ________
 EXTRA          1.000
 PTGI           0.000         1.000
 IESR           0.000         0.230         1.000


TECHNICAL 9 OUTPUT

  Error messages for each replication (if any)



     Beginning Time:  06:28:21
        Ending Time:  06:40:33
       Elapsed Time:  00:12:12



MUTHEN & MUTHEN
3463 Stoner Ave.
Los Angeles, CA  90066

Tel: (310) 391-9971
Fax: (310) 391-8971
Web: www.StatModel.com
Support: Support@StatModel.com

Copyright (c) 1998-2021 Muthen & Muthen
