Mplus VERSION 8.6 (Mac)
MUTHEN & MUTHEN
11/12/2022   9:22 AM

INPUT INSTRUCTIONS

  TITLE: Monte Carlo simulation for testing regression coefficients.
  MONTECARLO:
     NAMES = P1-P3 N1-N3
             COPE1-COPE2
             MSPSS1-MSPSS3
             NEURO1-NEURO2
             EXTRA1-EXTRA3
             PTGI1-PTGI5
             IESR1-IESR3
             ;
  NOBSERVATIONS = 700;  !746
  NREPS = 10000; ! 10000
  SEED = 12345;
  MODEL POPULATION:
    [
    P1-P3@0
    N1-N3@0
    COPE1-COPE2@0
    MSPSS1-MSPSS3@0
    NEURO1-NEURO2@0
    EXTRA1-EXTRA3@0
    PTGI1-PTGI5@0
    IESR1-IESR3@0
    ];

  P BY P1-P3@.72;
  P@1;
  P1-P3@.4816;

  N BY N1-N3@.84;
  N@1;
  N1-N3@.2944;

  COPE BY COPE1-COPE2@.71;
  COPE@1;
  COPE1-COPE2@.36;

  MSPSS BY MSPSS1-MSPSS3@.7;
  MSPSS@1;
  MSPSS1-MSPSS3@.4959;

  NEURO BY NEURO1-NEURO2@.8;
  NEURO@1;
  NEURO1-NEURO2@.36;

  EXTRA BY EXTRA1-EXTRA3@.67;
  EXTRA@1;
  EXTRA1-EXTRA3@.5511;

  PTGI BY PTGI1-PTGI5@.79;
  PTGI@1;
  PTGI1-PTGI5@.3759;

  IESR BY IESR1-IESR3@.85;
  IESR@1;
  IESR1-IESR3@.2775;

  P ON COPE@.58 MSPSS@.04 NEURO@-.34 EXTRA@-.08;
  N ON COPE@.18 MSPSS@-.03 NEURO@.92 EXTRA@.06;

  PTGI ON P@.19 N@.05 COPE@.07 MSPSS@.04 NEURO@.33 EXTRA@.41;
  IESR ON P@.07 N@.46 COPE@-.02 MSPSS@-.05 NEURO@.29 EXTRA@.33;

  IESR WITH PTGI@.23;
  MSPSS WITH COPE@.25;
  NEURO WITH COPE@-.31;
  NEURO WITH MSPSS@-.25;
  EXTRA WITH COPE@.31;
  EXTRA WITH MSPSS@.46;
  EXTRA WITH NEURO@-.66;

  MODEL:
    [
    P1-P3*0
    N1-N3*0
    COPE1-COPE2*0
    MSPSS1-MSPSS3*0
    NEURO1-NEURO2*0
    EXTRA1-EXTRA3*0
    PTGI1-PTGI5*0
    IESR1-IESR3*0
    ];

  P BY P1-P3*.72;
  P@1;
  P1-P3*.4816;

  N BY N1-N3*.84;
  N@1;
  N1-N3*.2944;

  COPE BY COPE1-COPE2*.71;
  COPE@1;
  COPE1-COPE2*.36;

  MSPSS BY MSPSS1-MSPSS3*.7;
  MSPSS@1;
  MSPSS1-MSPSS3*.4959;

  NEURO BY NEURO1-NEURO2*.8;
  NEURO@1;
  NEURO1-NEURO2*.36;

  EXTRA BY EXTRA1-EXTRA3*.67;
  EXTRA@1;
  EXTRA1-EXTRA3*.5511;

  PTGI BY PTGI1-PTGI5*.79;
  PTGI@1;
  PTGI1-PTGI5*.3759;

  IESR BY IESR1-IESR3*.85;
  IESR@1;
  IESR1-IESR3*.2775;

  P ON COPE*.58 MSPSS*.04 NEURO*-.34 EXTRA*-.08;
  N ON COPE*.18 MSPSS*-.03 NEURO*.92 EXTRA*.06;

  PTGI ON P*.19 N@.05 COPE*.07 MSPSS*.04 NEURO*.33 EXTRA*.41;
  IESR ON P*.07 N*.46 COPE*-.02 MSPSS*-.05 NEURO*.29 EXTRA*.33;

  IESR WITH PTGI*.23;
  MSPSS WITH COPE*.25;
  NEURO WITH COPE*-.31;
  NEURO WITH MSPSS*-.25;
  EXTRA WITH COPE*.31;
  EXTRA WITH MSPSS*.46;
  EXTRA WITH NEURO*-.66;

  OUTPUT: TECH9;



INPUT READING TERMINATED NORMALLY



Monte Carlo simulation for testing regression coefficients.

SUMMARY OF ANALYSIS

Number of groups                                                 1
Number of observations                                         700

Number of replications
    Requested                                                10000
    Completed                                                10000
Value of seed                                                12345

Number of dependent variables                                   24
Number of independent variables                                  0
Number of continuous latent variables                            8

Observed dependent variables

  Continuous
   P1          P2          P3          N1          N2          N3
   COPE1       COPE2       MSPSS1      MSPSS2      MSPSS3      NEURO1
   NEURO2      EXTRA1      EXTRA2      EXTRA3      PTGI1       PTGI2
   PTGI3       PTGI4       PTGI5       IESR1       IESR2       IESR3

Continuous latent variables
   P           N           COPE        MSPSS       NEURO       EXTRA
   PTGI        IESR


Estimator                                                       ML
Information matrix                                        OBSERVED
Maximum number of iterations                                  1000
Convergence criterion                                    0.500D-04
Maximum number of steepest descent iterations                   20



SAMPLE STATISTICS FOR THE FIRST REPLICATION


     SAMPLE STATISTICS


           Means
              P1            P2            P3            N1            N2
              ________      ________      ________      ________      ________
                0.080         0.038         0.092         0.039        -0.001


           Means
              N3            COPE1         COPE2         MSPSS1        MSPSS2
              ________      ________      ________      ________      ________
                0.009         0.005        -0.010         0.073         0.063


           Means
              MSPSS3        NEURO1        NEURO2        EXTRA1        EXTRA2
              ________      ________      ________      ________      ________
                0.046         0.000         0.045         0.015        -0.012


           Means
              EXTRA3        PTGI1         PTGI2         PTGI3         PTGI4
              ________      ________      ________      ________      ________
                0.022         0.034        -0.049        -0.026        -0.010


           Means
              PTGI5         IESR1         IESR2         IESR3
              ________      ________      ________      ________
               -0.035        -0.029        -0.013        -0.028


           Covariances
              P1            P2            P3            N1            N2
              ________      ________      ________      ________      ________
 P1             1.147
 P2             0.740         1.305
 P3             0.738         0.760         1.188
 N1            -0.225        -0.281        -0.239         1.429
 N2            -0.214        -0.256        -0.237         1.129         1.448
 N3            -0.199        -0.254        -0.214         1.134         1.130
 COPE1          0.318         0.368         0.305        -0.094        -0.067
 COPE2          0.369         0.363         0.312        -0.066        -0.030
 MSPSS1         0.151         0.157         0.128        -0.073        -0.105
 MSPSS2         0.166         0.141         0.160        -0.047        -0.080
 MSPSS3         0.125         0.141         0.176        -0.158        -0.191
 NEURO1        -0.278        -0.334        -0.284         0.506         0.464
 NEURO2        -0.313        -0.370        -0.338         0.573         0.549
 EXTRA1         0.107         0.167         0.123        -0.282        -0.254
 EXTRA2         0.129         0.164         0.184        -0.263        -0.230
 EXTRA3         0.209         0.253         0.198        -0.332        -0.285
 PTGI1          0.147         0.201         0.127        -0.002        -0.023
 PTGI2          0.141         0.181         0.193         0.063         0.026
 PTGI3          0.156         0.198         0.133        -0.006         0.001
 PTGI4          0.116         0.155         0.132         0.022         0.027
 PTGI5          0.098         0.166         0.139         0.039         0.017
 IESR1         -0.138        -0.116        -0.077         0.566         0.552
 IESR2         -0.138        -0.087        -0.064         0.566         0.534
 IESR3         -0.131        -0.068        -0.059         0.584         0.578


           Covariances
              N3            COPE1         COPE2         MSPSS1        MSPSS2
              ________      ________      ________      ________      ________
 N3             1.423
 COPE1         -0.057         0.903
 COPE2         -0.062         0.528         0.891
 MSPSS1        -0.074         0.093         0.092         0.871
 MSPSS2        -0.033         0.125         0.151         0.443         0.995
 MSPSS3        -0.131         0.099         0.129         0.471         0.500
 NEURO1         0.461        -0.175        -0.158        -0.138        -0.114
 NEURO2         0.541        -0.204        -0.193        -0.158        -0.104
 EXTRA1        -0.212         0.174         0.177         0.217         0.145
 EXTRA2        -0.241         0.104         0.114         0.154         0.179
 EXTRA3        -0.269         0.206         0.179         0.196         0.175
 PTGI1          0.038         0.164         0.121         0.131         0.176
 PTGI2          0.070         0.181         0.133         0.112         0.151
 PTGI3          0.066         0.132         0.101         0.136         0.159
 PTGI4          0.071         0.118         0.092         0.085         0.120
 PTGI5          0.062         0.135         0.106         0.106         0.158
 IESR1          0.577         0.024        -0.059        -0.052        -0.055
 IESR2          0.541         0.012        -0.041        -0.009        -0.017
 IESR3          0.613         0.021        -0.034        -0.009        -0.075


           Covariances
              MSPSS3        NEURO1        NEURO2        EXTRA1        EXTRA2
              ________      ________      ________      ________      ________
 MSPSS3         1.024
 NEURO1        -0.190         0.946
 NEURO2        -0.207         0.637         1.002
 EXTRA1         0.229        -0.346        -0.387         0.943
 EXTRA2         0.220        -0.298        -0.316         0.379         0.913
 EXTRA3         0.217        -0.350        -0.377         0.441         0.388
 PTGI1          0.142        -0.027        -0.071         0.119         0.173
 PTGI2          0.128         0.024        -0.045         0.102         0.162
 PTGI3          0.110        -0.001        -0.049         0.091         0.152
 PTGI4          0.108        -0.025        -0.048         0.087         0.134
 PTGI5          0.109        -0.039        -0.064         0.157         0.219
 IESR1         -0.111         0.260         0.307        -0.037        -0.058
 IESR2         -0.095         0.243         0.295         0.002        -0.032
 IESR3         -0.081         0.267         0.307        -0.017        -0.036


           Covariances
              EXTRA3        PTGI1         PTGI2         PTGI3         PTGI4
              ________      ________      ________      ________      ________
 EXTRA3         1.046
 PTGI1          0.155         1.005
 PTGI2          0.118         0.632         0.994
 PTGI3          0.136         0.644         0.638         0.994
 PTGI4          0.139         0.662         0.639         0.669         1.008
 PTGI5          0.176         0.649         0.639         0.655         0.655
 IESR1         -0.046         0.194         0.219         0.168         0.230
 IESR2         -0.021         0.212         0.204         0.165         0.254
 IESR3         -0.030         0.187         0.206         0.163         0.235


           Covariances
              PTGI5         IESR1         IESR2         IESR3
              ________      ________      ________      ________
 PTGI5          1.048
 IESR1          0.241         1.238
 IESR2          0.221         0.993         1.301
 IESR3          0.234         1.010         1.052         1.322


           Correlations
              P1            P2            P3            N1            N2
              ________      ________      ________      ________      ________
 P1             1.000
 P2             0.605         1.000
 P3             0.632         0.610         1.000
 N1            -0.175        -0.205        -0.183         1.000
 N2            -0.166        -0.186        -0.181         0.785         1.000
 N3            -0.156        -0.186        -0.165         0.795         0.787
 COPE1          0.313         0.339         0.294        -0.082        -0.058
 COPE2          0.365         0.337         0.304        -0.059        -0.026
 MSPSS1         0.151         0.147         0.126        -0.065        -0.093
 MSPSS2         0.156         0.124         0.147        -0.040        -0.067
 MSPSS3         0.116         0.122         0.160        -0.130        -0.157
 NEURO1        -0.267        -0.301        -0.268         0.436         0.397
 NEURO2        -0.292        -0.324        -0.310         0.479         0.456
 EXTRA1         0.103         0.150         0.116        -0.243        -0.218
 EXTRA2         0.126         0.151         0.176        -0.230        -0.200
 EXTRA3         0.190         0.216         0.178        -0.271        -0.232
 PTGI1          0.137         0.176         0.116        -0.002        -0.019
 PTGI2          0.132         0.159         0.177         0.053         0.021
 PTGI3          0.147         0.174         0.122        -0.005         0.001
 PTGI4          0.108         0.135         0.121         0.019         0.022
 PTGI5          0.089         0.142         0.124         0.032         0.014
 IESR1         -0.116        -0.092        -0.064         0.426         0.412
 IESR2         -0.113        -0.066        -0.052         0.415         0.389
 IESR3         -0.107        -0.052        -0.047         0.425         0.418


           Correlations
              N3            COPE1         COPE2         MSPSS1        MSPSS2
              ________      ________      ________      ________      ________
 N3             1.000
 COPE1         -0.050         1.000
 COPE2         -0.055         0.589         1.000
 MSPSS1        -0.067         0.105         0.104         1.000
 MSPSS2        -0.028         0.132         0.160         0.476         1.000
 MSPSS3        -0.108         0.103         0.135         0.499         0.496
 NEURO1         0.397        -0.189        -0.172        -0.153        -0.117
 NEURO2         0.453        -0.215        -0.204        -0.169        -0.104
 EXTRA1        -0.183         0.189         0.193         0.239         0.150
 EXTRA2        -0.211         0.114         0.127         0.173         0.188
 EXTRA3        -0.220         0.211         0.185         0.205         0.171
 PTGI1          0.032         0.172         0.128         0.140         0.176
 PTGI2          0.059         0.191         0.141         0.121         0.152
 PTGI3          0.055         0.140         0.108         0.146         0.160
 PTGI4          0.060         0.124         0.097         0.091         0.120
 PTGI5          0.051         0.138         0.110         0.111         0.155
 IESR1          0.435         0.022        -0.056        -0.050        -0.050
 IESR2          0.398         0.011        -0.038        -0.008        -0.015
 IESR3          0.447         0.019        -0.032        -0.009        -0.065


           Correlations
              MSPSS3        NEURO1        NEURO2        EXTRA1        EXTRA2
              ________      ________      ________      ________      ________
 MSPSS3         1.000
 NEURO1        -0.193         1.000
 NEURO2        -0.204         0.655         1.000
 EXTRA1         0.233        -0.366        -0.398         1.000
 EXTRA2         0.228        -0.321        -0.330         0.408         1.000
 EXTRA3         0.210        -0.351        -0.368         0.443         0.397
 PTGI1          0.140        -0.028        -0.070         0.123         0.180
 PTGI2          0.127         0.024        -0.045         0.106         0.170
 PTGI3          0.109        -0.001        -0.049         0.094         0.160
 PTGI4          0.106        -0.026        -0.048         0.089         0.139
 PTGI5          0.105        -0.039        -0.062         0.158         0.223
 IESR1         -0.099         0.241         0.276        -0.034        -0.054
 IESR2         -0.082         0.219         0.258         0.002        -0.030
 IESR3         -0.070         0.239         0.267        -0.016        -0.033


           Correlations
              EXTRA3        PTGI1         PTGI2         PTGI3         PTGI4
              ________      ________      ________      ________      ________
 EXTRA3         1.000
 PTGI1          0.151         1.000
 PTGI2          0.116         0.632         1.000
 PTGI3          0.133         0.645         0.642         1.000
 PTGI4          0.135         0.658         0.639         0.669         1.000
 PTGI5          0.168         0.632         0.627         0.642         0.637
 IESR1         -0.040         0.174         0.197         0.152         0.205
 IESR2         -0.018         0.185         0.179         0.145         0.222
 IESR3         -0.026         0.163         0.180         0.142         0.203


           Correlations
              PTGI5         IESR1         IESR2         IESR3
              ________      ________      ________      ________
 PTGI5          1.000
 IESR1          0.211         1.000
 IESR2          0.189         0.783         1.000
 IESR3          0.199         0.789         0.802         1.000


MODEL FIT INFORMATION

Number of Free Parameters                       98

Loglikelihood

    H0 Value

        Mean                            -20505.401
        Std Dev                             92.498
        Number of successful computations    10000

             Proportions                   Percentiles
        Expected    Observed         Expected       Observed
           0.990       0.990       -20720.578     -20722.852
           0.980       0.980       -20695.363     -20694.919
           0.950       0.950       -20657.550     -20657.190
           0.900       0.900       -20623.946     -20623.761
           0.800       0.802       -20583.247     -20582.472
           0.700       0.704       -20553.907     -20552.707
           0.500       0.500       -20505.401     -20505.343
           0.300       0.298       -20456.895     -20457.450
           0.200       0.195       -20427.555     -20429.387
           0.100       0.099       -20386.856     -20387.584
           0.050       0.049       -20353.252     -20355.235
           0.020       0.022       -20315.439     -20310.601
           0.010       0.011       -20290.224     -20287.597

    H1 Value

        Mean                            -20390.740
        Std Dev                             93.231
        Number of successful computations    10000

             Proportions                   Percentiles
        Expected    Observed         Expected       Observed
           0.990       0.990       -20607.623     -20607.977
           0.980       0.980       -20582.209     -20582.300
           0.950       0.950       -20544.096     -20543.986
           0.900       0.900       -20510.225     -20510.434
           0.800       0.801       -20469.203     -20469.041
           0.700       0.703       -20439.630     -20438.614
           0.500       0.502       -20390.740     -20390.137
           0.300       0.296       -20341.850     -20342.789
           0.200       0.193       -20312.277     -20314.266
           0.100       0.099       -20271.255     -20271.659
           0.050       0.048       -20237.384     -20238.893
           0.020       0.022       -20199.271     -20195.177
           0.010       0.011       -20173.856     -20169.842

Information Criteria

    Akaike (AIC)

        Mean                             41206.802
        Std Dev                            184.995
        Number of successful computations    10000

             Proportions                   Percentiles
        Expected    Observed         Expected       Observed
           0.990       0.989        40776.448      40771.028
           0.980       0.978        40826.878      40816.788
           0.950       0.951        40902.504      40906.457
           0.900       0.901        40969.712      40970.993
           0.800       0.805        41051.110      41054.529
           0.700       0.702        41109.791      41110.887
           0.500       0.500        41206.802      41206.685
           0.300       0.296        41303.813      41301.392
           0.200       0.198        41362.494      41360.813
           0.100       0.100        41443.892      41442.974
           0.050       0.050        41511.100      41509.847
           0.020       0.020        41586.726      41585.459
           0.010       0.011        41637.156      41641.205

    Bayesian (BIC)

        Mean                             41652.808
        Std Dev                            184.995
        Number of successful computations    10000

             Proportions                   Percentiles
        Expected    Observed         Expected       Observed
           0.990       0.989        41222.454      41217.033
           0.980       0.978        41272.883      41262.794
           0.950       0.951        41348.509      41352.463
           0.900       0.901        41415.718      41416.999
           0.800       0.805        41497.116      41500.535
           0.700       0.702        41555.796      41556.893
           0.500       0.500        41652.808      41652.691
           0.300       0.296        41749.819      41747.398
           0.200       0.198        41808.500      41806.819
           0.100       0.100        41889.897      41888.980
           0.050       0.050        41957.106      41955.853
           0.020       0.020        42032.732      42031.465
           0.010       0.011        42083.162      42087.210

    Sample-Size Adjusted BIC (n* = (n + 2) / 24)

        Mean                             41341.638
        Std Dev                            184.995
        Number of successful computations    10000

             Proportions                   Percentiles
        Expected    Observed         Expected       Observed
           0.990       0.989        40911.284      40905.864
           0.980       0.978        40961.714      40951.624
           0.950       0.951        41037.340      41041.293
           0.900       0.901        41104.548      41105.830
           0.800       0.805        41185.946      41189.365
           0.700       0.702        41244.627      41245.724
           0.500       0.500        41341.638      41341.521
           0.300       0.296        41438.650      41436.228
           0.200       0.198        41497.330      41495.649
           0.100       0.100        41578.728      41577.810
           0.050       0.050        41645.937      41644.683
           0.020       0.020        41721.563      41720.296
           0.010       0.011        41771.992      41776.041

Chi-Square Test of Model Fit

        Degrees of freedom                     226

        Mean                               229.322
        Std Dev                             21.507
        Number of successful computations    10000

             Proportions                   Percentiles
        Expected    Observed         Expected       Observed
           0.990       0.993          179.499        181.538
           0.980       0.985          184.510        187.097
           0.950       0.965          192.203        195.463
           0.900       0.928          199.218        202.638
           0.800       0.843          207.940        211.192
           0.700       0.749          214.386        217.255
           0.500       0.559          225.334        228.601
           0.300       0.356          236.647        240.170
           0.200       0.246          243.671        247.285
           0.100       0.130          253.638        257.193
           0.050       0.070          262.070        265.760
           0.020       0.030          271.777        275.826
           0.010       0.015          278.379        283.270

RMSEA (Root Mean Square Error Of Approximation)

        Mean                                 0.005
        Std Dev                              0.006
        Number of successful computations    10000

        Cumulative Distribution Function
           Value    Function Value
           0.990       1.000
           0.980       1.000
           0.950       1.000
           0.900       1.000
           0.800       1.000
           0.700       1.000
           0.500       1.000
           0.300       1.000
           0.200       1.000
           0.100       1.000
           0.050       1.000
           0.020       0.995
           0.010       0.726

CFI/TLI

    CFI

        Mean                                 0.999
        Std Dev                              0.002
        Number of successful computations    10000

        Cumulative Distribution Function
           Value    Function Value
           0.990       0.000
           0.980       0.000
           0.950       0.000
           0.900       0.000
           0.800       0.000
           0.700       0.000
           0.500       0.000
           0.300       0.000
           0.200       0.000
           0.100       0.000
           0.050       0.000
           0.020       0.000
           0.010       0.000

    TLI

        Mean                                 0.999
        Std Dev                              0.002
        Number of successful computations    10000

        Cumulative Distribution Function
           Value    Function Value
           0.990       0.002
           0.980       0.000
           0.950       0.000
           0.900       0.000
           0.800       0.000
           0.700       0.000
           0.500       0.000
           0.300       0.000
           0.200       0.000
           0.100       0.000
           0.050       0.000
           0.020       0.000
           0.010       0.000

SRMR (Standardized Root Mean Square Residual)

        Mean                                 0.021
        Std Dev                              0.002
        Number of successful computations    10000

        Cumulative Distribution Function
           Value    Function Value
           0.990       1.000
           0.980       1.000
           0.950       1.000
           0.900       1.000
           0.800       1.000
           0.700       1.000
           0.500       1.000
           0.300       1.000
           0.200       1.000
           0.100       1.000
           0.050       1.000
           0.020       0.223
           0.010       0.000


MODEL RESULTS

                              ESTIMATES              S. E.     M. S. E.  95%  % Sig
                 Population   Average   Std. Dev.   Average             Cover Coeff

 P        BY
  P1                  0.720     0.7146     0.0357     0.0355     0.0013 0.940 1.000
  P2                  0.720     0.7146     0.0356     0.0355     0.0013 0.946 1.000
  P3                  0.720     0.7152     0.0360     0.0355     0.0013 0.943 1.000

 N        BY
  N1                  0.840     0.8334     0.0347     0.0344     0.0012 0.945 1.000
  N2                  0.840     0.8332     0.0344     0.0344     0.0012 0.947 1.000
  N3                  0.840     0.8334     0.0344     0.0344     0.0012 0.949 1.000

 COPE     BY
  COPE1               0.710     0.7106     0.0407     0.0398     0.0017 0.942 1.000
  COPE2               0.710     0.7095     0.0406     0.0397     0.0016 0.945 1.000

 MSPSS    BY
  MSPSS1              0.700     0.6987     0.0387     0.0388     0.0015 0.950 1.000
  MSPSS2              0.700     0.6998     0.0389     0.0389     0.0015 0.953 1.000
  MSPSS3              0.700     0.6989     0.0389     0.0388     0.0015 0.948 1.000

 NEURO    BY
  NEURO1              0.800     0.7993     0.0355     0.0351     0.0013 0.947 1.000
  NEURO2              0.800     0.7986     0.0347     0.0350     0.0012 0.953 1.000

 EXTRA    BY
  EXTRA1              0.670     0.6695     0.0382     0.0386     0.0015 0.951 1.000
  EXTRA2              0.670     0.6692     0.0387     0.0386     0.0015 0.952 1.000
  EXTRA3              0.670     0.6698     0.0392     0.0386     0.0015 0.944 1.000

 PTGI     BY
  PTGI1               0.790     0.7838     0.0332     0.0331     0.0011 0.942 1.000
  PTGI2               0.790     0.7838     0.0333     0.0331     0.0011 0.940 1.000
  PTGI3               0.790     0.7838     0.0335     0.0331     0.0012 0.941 1.000
  PTGI4               0.790     0.7837     0.0331     0.0331     0.0011 0.945 1.000
  PTGI5               0.790     0.7834     0.0330     0.0331     0.0011 0.945 1.000

 IESR     BY
  IESR1               0.850     0.8419     0.0317     0.0317     0.0011 0.941 1.000
  IESR2               0.850     0.8417     0.0316     0.0317     0.0011 0.941 1.000
  IESR3               0.850     0.8417     0.0318     0.0317     0.0011 0.939 1.000

 P        ON
  COPE                0.580     0.5871     0.0691     0.0694     0.0048 0.951 1.000
  MSPSS               0.040     0.0398     0.0674     0.0672     0.0045 0.950 0.086
  NEURO              -0.340    -0.3441     0.0881     0.0868     0.0078 0.951 0.981
  EXTRA              -0.080    -0.0821     0.1014     0.1002     0.0103 0.952 0.115

 N        ON
  COPE                0.180     0.1831     0.0597     0.0596     0.0036 0.953 0.883
  MSPSS              -0.030    -0.0311     0.0661     0.0655     0.0044 0.951 0.071
  NEURO               0.920     0.9332     0.1052     0.1034     0.0112 0.953 1.000
  EXTRA               0.060     0.0644     0.0999     0.0981     0.0100 0.950 0.084

 PTGI     ON
  P                   0.190     0.1915     0.0520     0.0524     0.0027 0.953 0.960
  N                   0.050     0.0500     0.0000     0.0000     0.0000 1.000 0.000
  COPE                0.070     0.0698     0.0670     0.0665     0.0045 0.951 0.189
  MSPSS               0.040     0.0382     0.0627     0.0621     0.0039 0.953 0.102
  NEURO               0.330     0.3383     0.0888     0.0872     0.0080 0.951 0.987
  EXTRA               0.410     0.4200     0.1009     0.0987     0.0103 0.951 0.996

 IESR     ON
  P                   0.070     0.0709     0.0515     0.0517     0.0027 0.954 0.273
  N                   0.460     0.4618     0.0537     0.0534     0.0029 0.947 1.000
  COPE               -0.020    -0.0211     0.0691     0.0679     0.0048 0.946 0.064
  MSPSS              -0.050    -0.0531     0.0639     0.0627     0.0041 0.951 0.130
  NEURO               0.290     0.2971     0.1089     0.1076     0.0119 0.953 0.811
  EXTRA               0.330     0.3396     0.1001     0.0988     0.0101 0.956 0.953

 IESR     WITH
  PTGI                0.230     0.2296     0.0453     0.0444     0.0020 0.944 0.998

 MSPSS    WITH
  COPE                0.250     0.2504     0.0491     0.0487     0.0024 0.948 0.999
  NEURO              -0.250    -0.2501     0.0472     0.0472     0.0022 0.948 0.999
  EXTRA               0.460     0.4596     0.0452     0.0446     0.0020 0.944 1.000

 NEURO    WITH
  COPE               -0.310    -0.3094     0.0466     0.0464     0.0022 0.948 1.000
  EXTRA              -0.660    -0.6596     0.0362     0.0360     0.0013 0.950 1.000

 EXTRA    WITH
  COPE                0.310     0.3092     0.0490     0.0489     0.0024 0.950 1.000

 Intercepts
  P1                  0.000     0.0007     0.0427     0.0427     0.0018 0.949 0.051
  P2                  0.000     0.0007     0.0428     0.0427     0.0018 0.949 0.051
  P3                  0.000     0.0004     0.0426     0.0427     0.0018 0.953 0.047
  N1                  0.000     0.0005     0.0465     0.0464     0.0022 0.948 0.052
  N2                  0.000    -0.0003     0.0467     0.0464     0.0022 0.950 0.050
  N3                  0.000     0.0002     0.0469     0.0464     0.0022 0.947 0.053
  COPE1               0.000     0.0002     0.0355     0.0351     0.0013 0.949 0.051
  COPE2               0.000    -0.0001     0.0349     0.0351     0.0012 0.951 0.049
  MSPSS1              0.000     0.0007     0.0376     0.0375     0.0014 0.948 0.052
  MSPSS2              0.000     0.0000     0.0378     0.0375     0.0014 0.949 0.051
  MSPSS3              0.000     0.0004     0.0376     0.0375     0.0014 0.949 0.051
  NEURO1              0.000    -0.0005     0.0381     0.0378     0.0015 0.950 0.050
  NEURO2              0.000    -0.0007     0.0379     0.0377     0.0014 0.948 0.052
  EXTRA1              0.000     0.0010     0.0378     0.0378     0.0014 0.950 0.050
  EXTRA2              0.000     0.0012     0.0378     0.0377     0.0014 0.950 0.050
  EXTRA3              0.000     0.0008     0.0378     0.0378     0.0014 0.950 0.050
  PTGI1               0.000     0.0002     0.0402     0.0400     0.0016 0.950 0.050
  PTGI2               0.000    -0.0002     0.0401     0.0400     0.0016 0.951 0.049
  PTGI3               0.000    -0.0001     0.0405     0.0400     0.0016 0.946 0.054
  PTGI4               0.000     0.0001     0.0404     0.0400     0.0016 0.948 0.052
  PTGI5               0.000     0.0002     0.0404     0.0400     0.0016 0.947 0.053
  IESR1               0.000    -0.0001     0.0443     0.0439     0.0020 0.947 0.053
  IESR2               0.000    -0.0002     0.0442     0.0439     0.0020 0.947 0.052
  IESR3               0.000    -0.0001     0.0444     0.0439     0.0020 0.944 0.056

 Variances
  COPE                1.000     1.0000     0.0000     0.0000     0.0000 1.000 0.000
  MSPSS               1.000     1.0000     0.0000     0.0000     0.0000 1.000 0.000
  NEURO               1.000     1.0000     0.0000     0.0000     0.0000 1.000 0.000
  EXTRA               1.000     1.0000     0.0000     0.0000     0.0000 1.000 0.000

 Residual Variances
  P1                  0.482     0.4799     0.0381     0.0384     0.0015 0.952 1.000
  P2                  0.482     0.4799     0.0391     0.0384     0.0015 0.944 1.000
  P3                  0.482     0.4804     0.0386     0.0384     0.0015 0.945 1.000
  N1                  0.294     0.2932     0.0236     0.0237     0.0006 0.950 1.000
  N2                  0.294     0.2936     0.0234     0.0237     0.0005 0.952 1.000
  N3                  0.294     0.2933     0.0237     0.0237     0.0006 0.948 1.000
  COPE1               0.360     0.3570     0.0435     0.0425     0.0019 0.948 1.000
  COPE2               0.360     0.3575     0.0430     0.0424     0.0019 0.950 1.000
  MSPSS1              0.496     0.4937     0.0404     0.0398     0.0016 0.947 1.000
  MSPSS2              0.496     0.4934     0.0401     0.0399     0.0016 0.948 1.000
  MSPSS3              0.496     0.4936     0.0397     0.0398     0.0016 0.950 1.000
  NEURO1              0.360     0.3586     0.0325     0.0322     0.0011 0.947 1.000
  NEURO2              0.360     0.3585     0.0321     0.0321     0.0010 0.950 1.000
  EXTRA1              0.551     0.5486     0.0398     0.0394     0.0016 0.944 1.000
  EXTRA2              0.551     0.5486     0.0397     0.0394     0.0016 0.945 1.000
  EXTRA3              0.551     0.5488     0.0394     0.0394     0.0016 0.949 1.000
  PTGI1               0.376     0.3746     0.0251     0.0251     0.0006 0.948 1.000
  PTGI2               0.376     0.3746     0.0253     0.0251     0.0006 0.943 1.000
  PTGI3               0.376     0.3747     0.0254     0.0251     0.0006 0.945 1.000
  PTGI4               0.376     0.3749     0.0251     0.0251     0.0006 0.948 1.000
  PTGI5               0.376     0.3750     0.0254     0.0251     0.0006 0.948 1.000
  IESR1               0.278     0.2768     0.0230     0.0227     0.0005 0.946 1.000
  IESR2               0.278     0.2769     0.0227     0.0227     0.0005 0.947 1.000
  IESR3               0.278     0.2770     0.0228     0.0227     0.0005 0.946 1.000
  P                   1.000     1.0000     0.0000     0.0000     0.0000 1.000 0.000
  N                   1.000     1.0000     0.0000     0.0000     0.0000 1.000 0.000
  PTGI                1.000     1.0000     0.0000     0.0000     0.0000 1.000 0.000
  IESR                1.000     1.0000     0.0000     0.0000     0.0000 1.000 0.000


QUALITY OF NUMERICAL RESULTS

     Average Condition Number for the Information Matrix      0.884E-02
       (ratio of smallest to largest eigenvalue)


TECHNICAL OUTPUT


     PARAMETER SPECIFICATION


           NU
              P1            P2            P3            N1            N2
              ________      ________      ________      ________      ________
                  1             2             3             4             5


           NU
              N3            COPE1         COPE2         MSPSS1        MSPSS2
              ________      ________      ________      ________      ________
                  6             7             8             9            10


           NU
              MSPSS3        NEURO1        NEURO2        EXTRA1        EXTRA2
              ________      ________      ________      ________      ________
                 11            12            13            14            15


           NU
              EXTRA3        PTGI1         PTGI2         PTGI3         PTGI4
              ________      ________      ________      ________      ________
                 16            17            18            19            20


           NU
              PTGI5         IESR1         IESR2         IESR3
              ________      ________      ________      ________
                 21            22            23            24


           LAMBDA
              P             N             COPE          MSPSS         NEURO
              ________      ________      ________      ________      ________
 P1                25             0             0             0             0
 P2                26             0             0             0             0
 P3                27             0             0             0             0
 N1                 0            28             0             0             0
 N2                 0            29             0             0             0
 N3                 0            30             0             0             0
 COPE1              0             0            31             0             0
 COPE2              0             0            32             0             0
 MSPSS1             0             0             0            33             0
 MSPSS2             0             0             0            34             0
 MSPSS3             0             0             0            35             0
 NEURO1             0             0             0             0            36
 NEURO2             0             0             0             0            37
 EXTRA1             0             0             0             0             0
 EXTRA2             0             0             0             0             0
 EXTRA3             0             0             0             0             0
 PTGI1              0             0             0             0             0
 PTGI2              0             0             0             0             0
 PTGI3              0             0             0             0             0
 PTGI4              0             0             0             0             0
 PTGI5              0             0             0             0             0
 IESR1              0             0             0             0             0
 IESR2              0             0             0             0             0
 IESR3              0             0             0             0             0


           LAMBDA
              EXTRA         PTGI          IESR
              ________      ________      ________
 P1                 0             0             0
 P2                 0             0             0
 P3                 0             0             0
 N1                 0             0             0
 N2                 0             0             0
 N3                 0             0             0
 COPE1              0             0             0
 COPE2              0             0             0
 MSPSS1             0             0             0
 MSPSS2             0             0             0
 MSPSS3             0             0             0
 NEURO1             0             0             0
 NEURO2             0             0             0
 EXTRA1            38             0             0
 EXTRA2            39             0             0
 EXTRA3            40             0             0
 PTGI1              0            41             0
 PTGI2              0            42             0
 PTGI3              0            43             0
 PTGI4              0            44             0
 PTGI5              0            45             0
 IESR1              0             0            46
 IESR2              0             0            47
 IESR3              0             0            48


           THETA
              P1            P2            P3            N1            N2
              ________      ________      ________      ________      ________
 P1                49
 P2                 0            50
 P3                 0             0            51
 N1                 0             0             0            52
 N2                 0             0             0             0            53
 N3                 0             0             0             0             0
 COPE1              0             0             0             0             0
 COPE2              0             0             0             0             0
 MSPSS1             0             0             0             0             0
 MSPSS2             0             0             0             0             0
 MSPSS3             0             0             0             0             0
 NEURO1             0             0             0             0             0
 NEURO2             0             0             0             0             0
 EXTRA1             0             0             0             0             0
 EXTRA2             0             0             0             0             0
 EXTRA3             0             0             0             0             0
 PTGI1              0             0             0             0             0
 PTGI2              0             0             0             0             0
 PTGI3              0             0             0             0             0
 PTGI4              0             0             0             0             0
 PTGI5              0             0             0             0             0
 IESR1              0             0             0             0             0
 IESR2              0             0             0             0             0
 IESR3              0             0             0             0             0


           THETA
              N3            COPE1         COPE2         MSPSS1        MSPSS2
              ________      ________      ________      ________      ________
 N3                54
 COPE1              0            55
 COPE2              0             0            56
 MSPSS1             0             0             0            57
 MSPSS2             0             0             0             0            58
 MSPSS3             0             0             0             0             0
 NEURO1             0             0             0             0             0
 NEURO2             0             0             0             0             0
 EXTRA1             0             0             0             0             0
 EXTRA2             0             0             0             0             0
 EXTRA3             0             0             0             0             0
 PTGI1              0             0             0             0             0
 PTGI2              0             0             0             0             0
 PTGI3              0             0             0             0             0
 PTGI4              0             0             0             0             0
 PTGI5              0             0             0             0             0
 IESR1              0             0             0             0             0
 IESR2              0             0             0             0             0
 IESR3              0             0             0             0             0


           THETA
              MSPSS3        NEURO1        NEURO2        EXTRA1        EXTRA2
              ________      ________      ________      ________      ________
 MSPSS3            59
 NEURO1             0            60
 NEURO2             0             0            61
 EXTRA1             0             0             0            62
 EXTRA2             0             0             0             0            63
 EXTRA3             0             0             0             0             0
 PTGI1              0             0             0             0             0
 PTGI2              0             0             0             0             0
 PTGI3              0             0             0             0             0
 PTGI4              0             0             0             0             0
 PTGI5              0             0             0             0             0
 IESR1              0             0             0             0             0
 IESR2              0             0             0             0             0
 IESR3              0             0             0             0             0


           THETA
              EXTRA3        PTGI1         PTGI2         PTGI3         PTGI4
              ________      ________      ________      ________      ________
 EXTRA3            64
 PTGI1              0            65
 PTGI2              0             0            66
 PTGI3              0             0             0            67
 PTGI4              0             0             0             0            68
 PTGI5              0             0             0             0             0
 IESR1              0             0             0             0             0
 IESR2              0             0             0             0             0
 IESR3              0             0             0             0             0


           THETA
              PTGI5         IESR1         IESR2         IESR3
              ________      ________      ________      ________
 PTGI5             69
 IESR1              0            70
 IESR2              0             0            71
 IESR3              0             0             0            72


           ALPHA
              P             N             COPE          MSPSS         NEURO
              ________      ________      ________      ________      ________
                  0             0             0             0             0


           ALPHA
              EXTRA         PTGI          IESR
              ________      ________      ________
                  0             0             0


           BETA
              P             N             COPE          MSPSS         NEURO
              ________      ________      ________      ________      ________
 P                  0             0            73            74            75
 N                  0             0            77            78            79
 COPE               0             0             0             0             0
 MSPSS              0             0             0             0             0
 NEURO              0             0             0             0             0
 EXTRA              0             0             0             0             0
 PTGI              81             0            82            83            84
 IESR              86            87            88            89            90


           BETA
              EXTRA         PTGI          IESR
              ________      ________      ________
 P                 76             0             0
 N                 80             0             0
 COPE               0             0             0
 MSPSS              0             0             0
 NEURO              0             0             0
 EXTRA              0             0             0
 PTGI              85             0             0
 IESR              91             0             0


           PSI
              P             N             COPE          MSPSS         NEURO
              ________      ________      ________      ________      ________
 P                  0
 N                  0             0
 COPE               0             0             0
 MSPSS              0             0            92             0
 NEURO              0             0            93            94             0
 EXTRA              0             0            95            96            97
 PTGI               0             0             0             0             0
 IESR               0             0             0             0             0


           PSI
              EXTRA         PTGI          IESR
              ________      ________      ________
 EXTRA              0
 PTGI               0             0
 IESR               0            98             0


     STARTING VALUES


           NU
              P1            P2            P3            N1            N2
              ________      ________      ________      ________      ________
                0.000         0.000         0.000         0.000         0.000


           NU
              N3            COPE1         COPE2         MSPSS1        MSPSS2
              ________      ________      ________      ________      ________
                0.000         0.000         0.000         0.000         0.000


           NU
              MSPSS3        NEURO1        NEURO2        EXTRA1        EXTRA2
              ________      ________      ________      ________      ________
                0.000         0.000         0.000         0.000         0.000


           NU
              EXTRA3        PTGI1         PTGI2         PTGI3         PTGI4
              ________      ________      ________      ________      ________
                0.000         0.000         0.000         0.000         0.000


           NU
              PTGI5         IESR1         IESR2         IESR3
              ________      ________      ________      ________
                0.000         0.000         0.000         0.000


           LAMBDA
              P             N             COPE          MSPSS         NEURO
              ________      ________      ________      ________      ________
 P1             0.720         0.000         0.000         0.000         0.000
 P2             0.720         0.000         0.000         0.000         0.000
 P3             0.720         0.000         0.000         0.000         0.000
 N1             0.000         0.840         0.000         0.000         0.000
 N2             0.000         0.840         0.000         0.000         0.000
 N3             0.000         0.840         0.000         0.000         0.000
 COPE1          0.000         0.000         0.710         0.000         0.000
 COPE2          0.000         0.000         0.710         0.000         0.000
 MSPSS1         0.000         0.000         0.000         0.700         0.000
 MSPSS2         0.000         0.000         0.000         0.700         0.000
 MSPSS3         0.000         0.000         0.000         0.700         0.000
 NEURO1         0.000         0.000         0.000         0.000         0.800
 NEURO2         0.000         0.000         0.000         0.000         0.800
 EXTRA1         0.000         0.000         0.000         0.000         0.000
 EXTRA2         0.000         0.000         0.000         0.000         0.000
 EXTRA3         0.000         0.000         0.000         0.000         0.000
 PTGI1          0.000         0.000         0.000         0.000         0.000
 PTGI2          0.000         0.000         0.000         0.000         0.000
 PTGI3          0.000         0.000         0.000         0.000         0.000
 PTGI4          0.000         0.000         0.000         0.000         0.000
 PTGI5          0.000         0.000         0.000         0.000         0.000
 IESR1          0.000         0.000         0.000         0.000         0.000
 IESR2          0.000         0.000         0.000         0.000         0.000
 IESR3          0.000         0.000         0.000         0.000         0.000


           LAMBDA
              EXTRA         PTGI          IESR
              ________      ________      ________
 P1             0.000         0.000         0.000
 P2             0.000         0.000         0.000
 P3             0.000         0.000         0.000
 N1             0.000         0.000         0.000
 N2             0.000         0.000         0.000
 N3             0.000         0.000         0.000
 COPE1          0.000         0.000         0.000
 COPE2          0.000         0.000         0.000
 MSPSS1         0.000         0.000         0.000
 MSPSS2         0.000         0.000         0.000
 MSPSS3         0.000         0.000         0.000
 NEURO1         0.000         0.000         0.000
 NEURO2         0.000         0.000         0.000
 EXTRA1         0.670         0.000         0.000
 EXTRA2         0.670         0.000         0.000
 EXTRA3         0.670         0.000         0.000
 PTGI1          0.000         0.790         0.000
 PTGI2          0.000         0.790         0.000
 PTGI3          0.000         0.790         0.000
 PTGI4          0.000         0.790         0.000
 PTGI5          0.000         0.790         0.000
 IESR1          0.000         0.000         0.850
 IESR2          0.000         0.000         0.850
 IESR3          0.000         0.000         0.850


           THETA
              P1            P2            P3            N1            N2
              ________      ________      ________      ________      ________
 P1             0.482
 P2             0.000         0.482
 P3             0.000         0.000         0.482
 N1             0.000         0.000         0.000         0.294
 N2             0.000         0.000         0.000         0.000         0.294
 N3             0.000         0.000         0.000         0.000         0.000
 COPE1          0.000         0.000         0.000         0.000         0.000
 COPE2          0.000         0.000         0.000         0.000         0.000
 MSPSS1         0.000         0.000         0.000         0.000         0.000
 MSPSS2         0.000         0.000         0.000         0.000         0.000
 MSPSS3         0.000         0.000         0.000         0.000         0.000
 NEURO1         0.000         0.000         0.000         0.000         0.000
 NEURO2         0.000         0.000         0.000         0.000         0.000
 EXTRA1         0.000         0.000         0.000         0.000         0.000
 EXTRA2         0.000         0.000         0.000         0.000         0.000
 EXTRA3         0.000         0.000         0.000         0.000         0.000
 PTGI1          0.000         0.000         0.000         0.000         0.000
 PTGI2          0.000         0.000         0.000         0.000         0.000
 PTGI3          0.000         0.000         0.000         0.000         0.000
 PTGI4          0.000         0.000         0.000         0.000         0.000
 PTGI5          0.000         0.000         0.000         0.000         0.000
 IESR1          0.000         0.000         0.000         0.000         0.000
 IESR2          0.000         0.000         0.000         0.000         0.000
 IESR3          0.000         0.000         0.000         0.000         0.000


           THETA
              N3            COPE1         COPE2         MSPSS1        MSPSS2
              ________      ________      ________      ________      ________
 N3             0.294
 COPE1          0.000         0.360
 COPE2          0.000         0.000         0.360
 MSPSS1         0.000         0.000         0.000         0.496
 MSPSS2         0.000         0.000         0.000         0.000         0.496
 MSPSS3         0.000         0.000         0.000         0.000         0.000
 NEURO1         0.000         0.000         0.000         0.000         0.000
 NEURO2         0.000         0.000         0.000         0.000         0.000
 EXTRA1         0.000         0.000         0.000         0.000         0.000
 EXTRA2         0.000         0.000         0.000         0.000         0.000
 EXTRA3         0.000         0.000         0.000         0.000         0.000
 PTGI1          0.000         0.000         0.000         0.000         0.000
 PTGI2          0.000         0.000         0.000         0.000         0.000
 PTGI3          0.000         0.000         0.000         0.000         0.000
 PTGI4          0.000         0.000         0.000         0.000         0.000
 PTGI5          0.000         0.000         0.000         0.000         0.000
 IESR1          0.000         0.000         0.000         0.000         0.000
 IESR2          0.000         0.000         0.000         0.000         0.000
 IESR3          0.000         0.000         0.000         0.000         0.000


           THETA
              MSPSS3        NEURO1        NEURO2        EXTRA1        EXTRA2
              ________      ________      ________      ________      ________
 MSPSS3         0.496
 NEURO1         0.000         0.360
 NEURO2         0.000         0.000         0.360
 EXTRA1         0.000         0.000         0.000         0.551
 EXTRA2         0.000         0.000         0.000         0.000         0.551
 EXTRA3         0.000         0.000         0.000         0.000         0.000
 PTGI1          0.000         0.000         0.000         0.000         0.000
 PTGI2          0.000         0.000         0.000         0.000         0.000
 PTGI3          0.000         0.000         0.000         0.000         0.000
 PTGI4          0.000         0.000         0.000         0.000         0.000
 PTGI5          0.000         0.000         0.000         0.000         0.000
 IESR1          0.000         0.000         0.000         0.000         0.000
 IESR2          0.000         0.000         0.000         0.000         0.000
 IESR3          0.000         0.000         0.000         0.000         0.000


           THETA
              EXTRA3        PTGI1         PTGI2         PTGI3         PTGI4
              ________      ________      ________      ________      ________
 EXTRA3         0.551
 PTGI1          0.000         0.376
 PTGI2          0.000         0.000         0.376
 PTGI3          0.000         0.000         0.000         0.376
 PTGI4          0.000         0.000         0.000         0.000         0.376
 PTGI5          0.000         0.000         0.000         0.000         0.000
 IESR1          0.000         0.000         0.000         0.000         0.000
 IESR2          0.000         0.000         0.000         0.000         0.000
 IESR3          0.000         0.000         0.000         0.000         0.000


           THETA
              PTGI5         IESR1         IESR2         IESR3
              ________      ________      ________      ________
 PTGI5          0.376
 IESR1          0.000         0.278
 IESR2          0.000         0.000         0.278
 IESR3          0.000         0.000         0.000         0.278


           ALPHA
              P             N             COPE          MSPSS         NEURO
              ________      ________      ________      ________      ________
                0.000         0.000         0.000         0.000         0.000


           ALPHA
              EXTRA         PTGI          IESR
              ________      ________      ________
                0.000         0.000         0.000


           BETA
              P             N             COPE          MSPSS         NEURO
              ________      ________      ________      ________      ________
 P              0.000         0.000         0.580         0.040        -0.340
 N              0.000         0.000         0.180        -0.030         0.920
 COPE           0.000         0.000         0.000         0.000         0.000
 MSPSS          0.000         0.000         0.000         0.000         0.000
 NEURO          0.000         0.000         0.000         0.000         0.000
 EXTRA          0.000         0.000         0.000         0.000         0.000
 PTGI           0.190         0.050         0.070         0.040         0.330
 IESR           0.070         0.460        -0.020        -0.050         0.290


           BETA
              EXTRA         PTGI          IESR
              ________      ________      ________
 P             -0.080         0.000         0.000
 N              0.060         0.000         0.000
 COPE           0.000         0.000         0.000
 MSPSS          0.000         0.000         0.000
 NEURO          0.000         0.000         0.000
 EXTRA          0.000         0.000         0.000
 PTGI           0.410         0.000         0.000
 IESR           0.330         0.000         0.000


           PSI
              P             N             COPE          MSPSS         NEURO
              ________      ________      ________      ________      ________
 P              1.000
 N              0.000         1.000
 COPE           0.000         0.000         1.000
 MSPSS          0.000         0.000         0.250         1.000
 NEURO          0.000         0.000        -0.310        -0.250         1.000
 EXTRA          0.000         0.000         0.310         0.460        -0.660
 PTGI           0.000         0.000         0.000         0.000         0.000
 IESR           0.000         0.000         0.000         0.000         0.000


           PSI
              EXTRA         PTGI          IESR
              ________      ________      ________
 EXTRA          1.000
 PTGI           0.000         1.000
 IESR           0.000         0.230         1.000


     POPULATION VALUES


           NU
              P1            P2            P3            N1            N2
              ________      ________      ________      ________      ________
                0.000         0.000         0.000         0.000         0.000


           NU
              N3            COPE1         COPE2         MSPSS1        MSPSS2
              ________      ________      ________      ________      ________
                0.000         0.000         0.000         0.000         0.000


           NU
              MSPSS3        NEURO1        NEURO2        EXTRA1        EXTRA2
              ________      ________      ________      ________      ________
                0.000         0.000         0.000         0.000         0.000


           NU
              EXTRA3        PTGI1         PTGI2         PTGI3         PTGI4
              ________      ________      ________      ________      ________
                0.000         0.000         0.000         0.000         0.000


           NU
              PTGI5         IESR1         IESR2         IESR3
              ________      ________      ________      ________
                0.000         0.000         0.000         0.000


           LAMBDA
              P             N             COPE          MSPSS         NEURO
              ________      ________      ________      ________      ________
 P1             0.720         0.000         0.000         0.000         0.000
 P2             0.720         0.000         0.000         0.000         0.000
 P3             0.720         0.000         0.000         0.000         0.000
 N1             0.000         0.840         0.000         0.000         0.000
 N2             0.000         0.840         0.000         0.000         0.000
 N3             0.000         0.840         0.000         0.000         0.000
 COPE1          0.000         0.000         0.710         0.000         0.000
 COPE2          0.000         0.000         0.710         0.000         0.000
 MSPSS1         0.000         0.000         0.000         0.700         0.000
 MSPSS2         0.000         0.000         0.000         0.700         0.000
 MSPSS3         0.000         0.000         0.000         0.700         0.000
 NEURO1         0.000         0.000         0.000         0.000         0.800
 NEURO2         0.000         0.000         0.000         0.000         0.800
 EXTRA1         0.000         0.000         0.000         0.000         0.000
 EXTRA2         0.000         0.000         0.000         0.000         0.000
 EXTRA3         0.000         0.000         0.000         0.000         0.000
 PTGI1          0.000         0.000         0.000         0.000         0.000
 PTGI2          0.000         0.000         0.000         0.000         0.000
 PTGI3          0.000         0.000         0.000         0.000         0.000
 PTGI4          0.000         0.000         0.000         0.000         0.000
 PTGI5          0.000         0.000         0.000         0.000         0.000
 IESR1          0.000         0.000         0.000         0.000         0.000
 IESR2          0.000         0.000         0.000         0.000         0.000
 IESR3          0.000         0.000         0.000         0.000         0.000


           LAMBDA
              EXTRA         PTGI          IESR
              ________      ________      ________
 P1             0.000         0.000         0.000
 P2             0.000         0.000         0.000
 P3             0.000         0.000         0.000
 N1             0.000         0.000         0.000
 N2             0.000         0.000         0.000
 N3             0.000         0.000         0.000
 COPE1          0.000         0.000         0.000
 COPE2          0.000         0.000         0.000
 MSPSS1         0.000         0.000         0.000
 MSPSS2         0.000         0.000         0.000
 MSPSS3         0.000         0.000         0.000
 NEURO1         0.000         0.000         0.000
 NEURO2         0.000         0.000         0.000
 EXTRA1         0.670         0.000         0.000
 EXTRA2         0.670         0.000         0.000
 EXTRA3         0.670         0.000         0.000
 PTGI1          0.000         0.790         0.000
 PTGI2          0.000         0.790         0.000
 PTGI3          0.000         0.790         0.000
 PTGI4          0.000         0.790         0.000
 PTGI5          0.000         0.790         0.000
 IESR1          0.000         0.000         0.850
 IESR2          0.000         0.000         0.850
 IESR3          0.000         0.000         0.850


           THETA
              P1            P2            P3            N1            N2
              ________      ________      ________      ________      ________
 P1             0.482
 P2             0.000         0.482
 P3             0.000         0.000         0.482
 N1             0.000         0.000         0.000         0.294
 N2             0.000         0.000         0.000         0.000         0.294
 N3             0.000         0.000         0.000         0.000         0.000
 COPE1          0.000         0.000         0.000         0.000         0.000
 COPE2          0.000         0.000         0.000         0.000         0.000
 MSPSS1         0.000         0.000         0.000         0.000         0.000
 MSPSS2         0.000         0.000         0.000         0.000         0.000
 MSPSS3         0.000         0.000         0.000         0.000         0.000
 NEURO1         0.000         0.000         0.000         0.000         0.000
 NEURO2         0.000         0.000         0.000         0.000         0.000
 EXTRA1         0.000         0.000         0.000         0.000         0.000
 EXTRA2         0.000         0.000         0.000         0.000         0.000
 EXTRA3         0.000         0.000         0.000         0.000         0.000
 PTGI1          0.000         0.000         0.000         0.000         0.000
 PTGI2          0.000         0.000         0.000         0.000         0.000
 PTGI3          0.000         0.000         0.000         0.000         0.000
 PTGI4          0.000         0.000         0.000         0.000         0.000
 PTGI5          0.000         0.000         0.000         0.000         0.000
 IESR1          0.000         0.000         0.000         0.000         0.000
 IESR2          0.000         0.000         0.000         0.000         0.000
 IESR3          0.000         0.000         0.000         0.000         0.000


           THETA
              N3            COPE1         COPE2         MSPSS1        MSPSS2
              ________      ________      ________      ________      ________
 N3             0.294
 COPE1          0.000         0.360
 COPE2          0.000         0.000         0.360
 MSPSS1         0.000         0.000         0.000         0.496
 MSPSS2         0.000         0.000         0.000         0.000         0.496
 MSPSS3         0.000         0.000         0.000         0.000         0.000
 NEURO1         0.000         0.000         0.000         0.000         0.000
 NEURO2         0.000         0.000         0.000         0.000         0.000
 EXTRA1         0.000         0.000         0.000         0.000         0.000
 EXTRA2         0.000         0.000         0.000         0.000         0.000
 EXTRA3         0.000         0.000         0.000         0.000         0.000
 PTGI1          0.000         0.000         0.000         0.000         0.000
 PTGI2          0.000         0.000         0.000         0.000         0.000
 PTGI3          0.000         0.000         0.000         0.000         0.000
 PTGI4          0.000         0.000         0.000         0.000         0.000
 PTGI5          0.000         0.000         0.000         0.000         0.000
 IESR1          0.000         0.000         0.000         0.000         0.000
 IESR2          0.000         0.000         0.000         0.000         0.000
 IESR3          0.000         0.000         0.000         0.000         0.000


           THETA
              MSPSS3        NEURO1        NEURO2        EXTRA1        EXTRA2
              ________      ________      ________      ________      ________
 MSPSS3         0.496
 NEURO1         0.000         0.360
 NEURO2         0.000         0.000         0.360
 EXTRA1         0.000         0.000         0.000         0.551
 EXTRA2         0.000         0.000         0.000         0.000         0.551
 EXTRA3         0.000         0.000         0.000         0.000         0.000
 PTGI1          0.000         0.000         0.000         0.000         0.000
 PTGI2          0.000         0.000         0.000         0.000         0.000
 PTGI3          0.000         0.000         0.000         0.000         0.000
 PTGI4          0.000         0.000         0.000         0.000         0.000
 PTGI5          0.000         0.000         0.000         0.000         0.000
 IESR1          0.000         0.000         0.000         0.000         0.000
 IESR2          0.000         0.000         0.000         0.000         0.000
 IESR3          0.000         0.000         0.000         0.000         0.000


           THETA
              EXTRA3        PTGI1         PTGI2         PTGI3         PTGI4
              ________      ________      ________      ________      ________
 EXTRA3         0.551
 PTGI1          0.000         0.376
 PTGI2          0.000         0.000         0.376
 PTGI3          0.000         0.000         0.000         0.376
 PTGI4          0.000         0.000         0.000         0.000         0.376
 PTGI5          0.000         0.000         0.000         0.000         0.000
 IESR1          0.000         0.000         0.000         0.000         0.000
 IESR2          0.000         0.000         0.000         0.000         0.000
 IESR3          0.000         0.000         0.000         0.000         0.000


           THETA
              PTGI5         IESR1         IESR2         IESR3
              ________      ________      ________      ________
 PTGI5          0.376
 IESR1          0.000         0.278
 IESR2          0.000         0.000         0.278
 IESR3          0.000         0.000         0.000         0.278


           ALPHA
              P             N             COPE          MSPSS         NEURO
              ________      ________      ________      ________      ________
                0.000         0.000         0.000         0.000         0.000


           ALPHA
              EXTRA         PTGI          IESR
              ________      ________      ________
                0.000         0.000         0.000


           BETA
              P             N             COPE          MSPSS         NEURO
              ________      ________      ________      ________      ________
 P              0.000         0.000         0.580         0.040        -0.340
 N              0.000         0.000         0.180        -0.030         0.920
 COPE           0.000         0.000         0.000         0.000         0.000
 MSPSS          0.000         0.000         0.000         0.000         0.000
 NEURO          0.000         0.000         0.000         0.000         0.000
 EXTRA          0.000         0.000         0.000         0.000         0.000
 PTGI           0.190         0.050         0.070         0.040         0.330
 IESR           0.070         0.460        -0.020        -0.050         0.290


           BETA
              EXTRA         PTGI          IESR
              ________      ________      ________
 P             -0.080         0.000         0.000
 N              0.060         0.000         0.000
 COPE           0.000         0.000         0.000
 MSPSS          0.000         0.000         0.000
 NEURO          0.000         0.000         0.000
 EXTRA          0.000         0.000         0.000
 PTGI           0.410         0.000         0.000
 IESR           0.330         0.000         0.000


           PSI
              P             N             COPE          MSPSS         NEURO
              ________      ________      ________      ________      ________
 P              1.000
 N              0.000         1.000
 COPE           0.000         0.000         1.000
 MSPSS          0.000         0.000         0.250         1.000
 NEURO          0.000         0.000        -0.310        -0.250         1.000
 EXTRA          0.000         0.000         0.310         0.460        -0.660
 PTGI           0.000         0.000         0.000         0.000         0.000
 IESR           0.000         0.000         0.000         0.000         0.000


           PSI
              EXTRA         PTGI          IESR
              ________      ________      ________
 EXTRA          1.000
 PTGI           0.000         1.000
 IESR           0.000         0.230         1.000


TECHNICAL 9 OUTPUT

  Error messages for each replication (if any)



     Beginning Time:  09:22:01
        Ending Time:  09:31:46
       Elapsed Time:  00:09:45



MUTHEN & MUTHEN
3463 Stoner Ave.
Los Angeles, CA  90066

Tel: (310) 391-9971
Fax: (310) 391-8971
Web: www.StatModel.com
Support: Support@StatModel.com

Copyright (c) 1998-2021 Muthen & Muthen
