Mplus VERSION 8.6 (Mac)
MUTHEN & MUTHEN
11/12/2022   8:12 AM

INPUT INSTRUCTIONS

  TITLE: Monte Carlo simulation for testing regression coefficients.
  MONTECARLO:
     NAMES = P1-P3 N1-N3
             COPE1-COPE2
             MSPSS1-MSPSS3
             NEURO1-NEURO2
             EXTRA1-EXTRA3
             PTGI1-PTGI5
             IESR1-IESR3
             ;
  NOBSERVATIONS = 400;  !746
  NREPS = 10000; ! 10000
  SEED = 12345;
  MODEL POPULATION:
    [
    P1-P3@0
    N1-N3@0
    COPE1-COPE2@0
    MSPSS1-MSPSS3@0
    NEURO1-NEURO2@0
    EXTRA1-EXTRA3@0
    PTGI1-PTGI5@0
    IESR1-IESR3@0
    ];

  P BY P1-P3@.72;
  P@1;
  P1-P3@.4816;

  N BY N1-N3@.84;
  N@1;
  N1-N3@.2944;

  COPE BY COPE1-COPE2@.71;
  COPE@1;
  COPE1-COPE2@.36;

  MSPSS BY MSPSS1-MSPSS3@.7;
  MSPSS@1;
  MSPSS1-MSPSS3@.4959;

  NEURO BY NEURO1-NEURO2@.8;
  NEURO@1;
  NEURO1-NEURO2@.36;

  EXTRA BY EXTRA1-EXTRA3@.67;
  EXTRA@1;
  EXTRA1-EXTRA3@.5511;

  PTGI BY PTGI1-PTGI5@.79;
  PTGI@1;
  PTGI1-PTGI5@.3759;

  IESR BY IESR1-IESR3@.85;
  IESR@1;
  IESR1-IESR3@.2775;

  P ON COPE@.58 MSPSS@.04 NEURO@-.34 EXTRA@-.08;
  N ON COPE@.18 MSPSS@-.03 NEURO@.92 EXTRA@.06;

  PTGI ON P@.19 N@.05 COPE@.07 MSPSS@.04 NEURO@.33 EXTRA@.41;
  IESR ON P@.07 N@.46 COPE@-.02 MSPSS@-.05 NEURO@.29 EXTRA@.33;

  IESR WITH PTGI@.23;
  MSPSS WITH COPE@.25;
  NEURO WITH COPE@-.31;
  NEURO WITH MSPSS@-.25;
  EXTRA WITH COPE@.31;
  EXTRA WITH MSPSS@.46;
  EXTRA WITH NEURO@-.66;

  MODEL:
    [
    P1-P3*0
    N1-N3*0
    COPE1-COPE2*0
    MSPSS1-MSPSS3*0
    NEURO1-NEURO2*0
    EXTRA1-EXTRA3*0
    PTGI1-PTGI5*0
    IESR1-IESR3*0
    ];

  P BY P1-P3*.72;
  P@1;
  P1-P3*.4816;

  N BY N1-N3*.84;
  N@1;
  N1-N3*.2944;

  COPE BY COPE1-COPE2*.71;
  COPE@1;
  COPE1-COPE2*.36;

  MSPSS BY MSPSS1-MSPSS3*.7;
  MSPSS@1;
  MSPSS1-MSPSS3*.4959;

  NEURO BY NEURO1-NEURO2*.8;
  NEURO@1;
  NEURO1-NEURO2*.36;

  EXTRA BY EXTRA1-EXTRA3*.67;
  EXTRA@1;
  EXTRA1-EXTRA3*.5511;

  PTGI BY PTGI1-PTGI5*.79;
  PTGI@1;
  PTGI1-PTGI5*.3759;

  IESR BY IESR1-IESR3*.85;
  IESR@1;
  IESR1-IESR3*.2775;

  P ON COPE*.58 MSPSS*.04 NEURO*-.34 EXTRA*-.08;
  N ON COPE*.18 MSPSS*-.03 NEURO*.92 EXTRA*.06;

  PTGI ON P*.19 N@.05 COPE*.07 MSPSS*.04 NEURO*.33 EXTRA*.41;
  IESR ON P*.07 N*.46 COPE*-.02 MSPSS*-.05 NEURO*.29 EXTRA*.33;

  IESR WITH PTGI*.23;
  MSPSS WITH COPE*.25;
  NEURO WITH COPE*-.31;
  NEURO WITH MSPSS*-.25;
  EXTRA WITH COPE*.31;
  EXTRA WITH MSPSS*.46;
  EXTRA WITH NEURO*-.66;

  OUTPUT: TECH9;



INPUT READING TERMINATED NORMALLY



Monte Carlo simulation for testing regression coefficients.

SUMMARY OF ANALYSIS

Number of groups                                                 1
Number of observations                                         400

Number of replications
    Requested                                                10000
    Completed                                                10000
Value of seed                                                12345

Number of dependent variables                                   24
Number of independent variables                                  0
Number of continuous latent variables                            8

Observed dependent variables

  Continuous
   P1          P2          P3          N1          N2          N3
   COPE1       COPE2       MSPSS1      MSPSS2      MSPSS3      NEURO1
   NEURO2      EXTRA1      EXTRA2      EXTRA3      PTGI1       PTGI2
   PTGI3       PTGI4       PTGI5       IESR1       IESR2       IESR3

Continuous latent variables
   P           N           COPE        MSPSS       NEURO       EXTRA
   PTGI        IESR


Estimator                                                       ML
Information matrix                                        OBSERVED
Maximum number of iterations                                  1000
Convergence criterion                                    0.500D-04
Maximum number of steepest descent iterations                   20



SAMPLE STATISTICS FOR THE FIRST REPLICATION


     SAMPLE STATISTICS


           Means
              P1            P2            P3            N1            N2
              ________      ________      ________      ________      ________
                0.114         0.078         0.114        -0.014        -0.038


           Means
              N3            COPE1         COPE2         MSPSS1        MSPSS2
              ________      ________      ________      ________      ________
               -0.073        -0.018        -0.010         0.073         0.038


           Means
              MSPSS3        NEURO1        NEURO2        EXTRA1        EXTRA2
              ________      ________      ________      ________      ________
               -0.006        -0.045         0.049         0.070        -0.005


           Means
              EXTRA3        PTGI1         PTGI2         PTGI3         PTGI4
              ________      ________      ________      ________      ________
                0.020         0.017        -0.099        -0.082        -0.046


           Means
              PTGI5         IESR1         IESR2         IESR3
              ________      ________      ________      ________
               -0.043        -0.018         0.018        -0.018


           Covariances
              P1            P2            P3            N1            N2
              ________      ________      ________      ________      ________
 P1             1.101
 P2             0.725         1.344
 P3             0.687         0.753         1.190
 N1            -0.180        -0.272        -0.210         1.433
 N2            -0.230        -0.312        -0.262         1.135         1.446
 N3            -0.214        -0.268        -0.237         1.103         1.115
 COPE1          0.328         0.374         0.330        -0.070        -0.037
 COPE2          0.386         0.376         0.292        -0.017         0.001
 MSPSS1         0.105         0.118         0.067        -0.032        -0.074
 MSPSS2         0.115         0.098         0.098        -0.012        -0.043
 MSPSS3         0.075         0.125         0.168        -0.103        -0.124
 NEURO1        -0.225        -0.324        -0.265         0.486         0.461
 NEURO2        -0.277        -0.370        -0.305         0.542         0.523
 EXTRA1         0.049         0.145         0.065        -0.272        -0.219
 EXTRA2         0.125         0.200         0.134        -0.275        -0.235
 EXTRA3         0.170         0.202         0.130        -0.317        -0.274
 PTGI1          0.136         0.205         0.088         0.030         0.009
 PTGI2          0.151         0.172         0.192         0.018        -0.012
 PTGI3          0.148         0.178         0.124        -0.035         0.004
 PTGI4          0.094         0.142         0.139         0.017         0.017
 PTGI5          0.133         0.187         0.144         0.050         0.019
 IESR1         -0.108        -0.151        -0.079         0.540         0.546
 IESR2         -0.074        -0.087        -0.056         0.582         0.580
 IESR3         -0.046        -0.034         0.006         0.560         0.591


           Covariances
              N3            COPE1         COPE2         MSPSS1        MSPSS2
              ________      ________      ________      ________      ________
 N3             1.398
 COPE1         -0.050         0.907
 COPE2         -0.003         0.537         0.884
 MSPSS1        -0.037         0.131         0.088         0.885
 MSPSS2         0.023         0.127         0.145         0.407         1.000
 MSPSS3        -0.066         0.118         0.117         0.462         0.489
 NEURO1         0.454        -0.155        -0.126        -0.098        -0.055
 NEURO2         0.518        -0.165        -0.178        -0.127        -0.074
 EXTRA1        -0.196         0.130         0.168         0.228         0.137
 EXTRA2        -0.261         0.112         0.107         0.171         0.141
 EXTRA3        -0.258         0.223         0.204         0.156         0.157
 PTGI1          0.059         0.186         0.109         0.135         0.191
 PTGI2          0.009         0.191         0.149         0.104         0.149
 PTGI3          0.044         0.166         0.121         0.115         0.148
 PTGI4          0.053         0.129         0.071         0.025         0.093
 PTGI5          0.070         0.144         0.145         0.111         0.171
 IESR1          0.549         0.027        -0.037        -0.006         0.009
 IESR2          0.530         0.008        -0.017         0.046         0.034
 IESR3          0.595         0.070         0.024         0.009        -0.022


           Covariances
              MSPSS3        NEURO1        NEURO2        EXTRA1        EXTRA2
              ________      ________      ________      ________      ________
 MSPSS3         1.025
 NEURO1        -0.193         0.970
 NEURO2        -0.204         0.663         1.034
 EXTRA1         0.287        -0.359        -0.416         0.933
 EXTRA2         0.230        -0.297        -0.338         0.368         0.877
 EXTRA3         0.215        -0.329        -0.379         0.404         0.404
 PTGI1          0.164         0.004        -0.028         0.115         0.144
 PTGI2          0.107         0.015        -0.022         0.109         0.148
 PTGI3          0.076         0.001        -0.022         0.099         0.159
 PTGI4          0.114        -0.010        -0.037         0.076         0.157
 PTGI5          0.130        -0.043        -0.040         0.156         0.244
 IESR1         -0.052         0.228         0.293        -0.037        -0.045
 IESR2         -0.039         0.211         0.272        -0.018        -0.029
 IESR3         -0.024         0.223         0.271        -0.003        -0.019


           Covariances
              EXTRA3        PTGI1         PTGI2         PTGI3         PTGI4
              ________      ________      ________      ________      ________
 EXTRA3         1.059
 PTGI1          0.159         0.977
 PTGI2          0.143         0.562         0.927
 PTGI3          0.119         0.606         0.550         0.920
 PTGI4          0.147         0.602         0.569         0.565         0.941
 PTGI5          0.218         0.631         0.582         0.618         0.609
 IESR1         -0.032         0.227         0.188         0.190         0.231
 IESR2         -0.024         0.252         0.208         0.193         0.268
 IESR3         -0.001         0.257         0.224         0.212         0.269


           Covariances
              PTGI5         IESR1         IESR2         IESR3
              ________      ________      ________      ________
 PTGI5          1.054
 IESR1          0.243         1.322
 IESR2          0.205         1.088         1.441
 IESR3          0.265         1.070         1.125         1.355


           Correlations
              P1            P2            P3            N1            N2
              ________      ________      ________      ________      ________
 P1             1.000
 P2             0.596         1.000
 P3             0.600         0.596         1.000
 N1            -0.143        -0.196        -0.161         1.000
 N2            -0.182        -0.224        -0.200         0.788         1.000
 N3            -0.172        -0.195        -0.184         0.779         0.784
 COPE1          0.328         0.339         0.318        -0.062        -0.033
 COPE2          0.392         0.345         0.285        -0.015         0.000
 MSPSS1         0.106         0.108         0.065        -0.028        -0.065
 MSPSS2         0.109         0.084         0.090        -0.010        -0.035
 MSPSS3         0.071         0.106         0.152        -0.085        -0.102
 NEURO1        -0.217        -0.284        -0.247         0.412         0.389
 NEURO2        -0.259        -0.313        -0.275         0.445         0.428
 EXTRA1         0.048         0.129         0.061        -0.236        -0.189
 EXTRA2         0.128         0.184         0.131        -0.245        -0.208
 EXTRA3         0.158         0.169         0.116        -0.257        -0.221
 PTGI1          0.131         0.179         0.082         0.025         0.007
 PTGI2          0.149         0.154         0.182         0.015        -0.010
 PTGI3          0.147         0.160         0.119        -0.031         0.004
 PTGI4          0.092         0.126         0.132         0.014         0.015
 PTGI5          0.123         0.157         0.129         0.041         0.015
 IESR1         -0.089        -0.113        -0.063         0.392         0.395
 IESR2         -0.058        -0.063        -0.042         0.405         0.402
 IESR3         -0.037        -0.025         0.005         0.402         0.422


           Correlations
              N3            COPE1         COPE2         MSPSS1        MSPSS2
              ________      ________      ________      ________      ________
 N3             1.000
 COPE1         -0.044         1.000
 COPE2         -0.003         0.600         1.000
 MSPSS1        -0.033         0.146         0.100         1.000
 MSPSS2         0.019         0.133         0.155         0.432         1.000
 MSPSS3        -0.055         0.123         0.123         0.485         0.483
 NEURO1         0.390        -0.166        -0.136        -0.106        -0.056
 NEURO2         0.431        -0.170        -0.187        -0.133        -0.072
 EXTRA1        -0.172         0.142         0.185         0.251         0.142
 EXTRA2        -0.236         0.126         0.121         0.194         0.151
 EXTRA3        -0.212         0.227         0.211         0.161         0.153
 PTGI1          0.051         0.198         0.118         0.145         0.194
 PTGI2          0.008         0.208         0.164         0.115         0.154
 PTGI3          0.039         0.182         0.134         0.127         0.154
 PTGI4          0.047         0.140         0.077         0.027         0.096
 PTGI5          0.058         0.147         0.150         0.115         0.167
 IESR1          0.404         0.025        -0.035        -0.006         0.008
 IESR2          0.373         0.007        -0.015         0.041         0.028
 IESR3          0.432         0.063         0.022         0.008        -0.019


           Correlations
              MSPSS3        NEURO1        NEURO2        EXTRA1        EXTRA2
              ________      ________      ________      ________      ________
 MSPSS3         1.000
 NEURO1        -0.193         1.000
 NEURO2        -0.198         0.662         1.000
 EXTRA1         0.293        -0.377        -0.424         1.000
 EXTRA2         0.242        -0.322        -0.355         0.407         1.000
 EXTRA3         0.207        -0.324        -0.363         0.406         0.419
 PTGI1          0.164         0.004        -0.028         0.121         0.156
 PTGI2          0.109         0.016        -0.023         0.118         0.164
 PTGI3          0.078         0.001        -0.023         0.107         0.177
 PTGI4          0.116        -0.011        -0.038         0.081         0.173
 PTGI5          0.125        -0.043        -0.038         0.158         0.253
 IESR1         -0.044         0.201         0.251        -0.033        -0.041
 IESR2         -0.032         0.178         0.223        -0.016        -0.026
 IESR3         -0.020         0.195         0.229        -0.003        -0.018


           Correlations
              EXTRA3        PTGI1         PTGI2         PTGI3         PTGI4
              ________      ________      ________      ________      ________
 EXTRA3         1.000
 PTGI1          0.157         1.000
 PTGI2          0.144         0.590         1.000
 PTGI3          0.120         0.639         0.596         1.000
 PTGI4          0.148         0.628         0.609         0.607         1.000
 PTGI5          0.206         0.622         0.589         0.628         0.611
 IESR1         -0.027         0.199         0.170         0.173         0.207
 IESR2         -0.019         0.212         0.180         0.168         0.230
 IESR3         -0.001         0.224         0.200         0.190         0.238


           Correlations
              PTGI5         IESR1         IESR2         IESR3
              ________      ________      ________      ________
 PTGI5          1.000
 IESR1          0.206         1.000
 IESR2          0.167         0.788         1.000
 IESR3          0.222         0.799         0.805         1.000


MODEL FIT INFORMATION

Number of Free Parameters                       98

Loglikelihood

    H0 Value

        Mean                            -11696.305
        Std Dev                             69.910
        Number of successful computations    10000

             Proportions                   Percentiles
        Expected    Observed         Expected       Observed
           0.990       0.990       -11858.937     -11859.615
           0.980       0.981       -11839.879     -11838.811
           0.950       0.949       -11811.300     -11811.556
           0.900       0.900       -11785.902     -11785.994
           0.800       0.800       -11755.141     -11755.210
           0.700       0.698       -11732.965     -11733.331
           0.500       0.500       -11696.305     -11696.359
           0.300       0.298       -11659.644     -11660.042
           0.200       0.197       -11637.468     -11638.174
           0.100       0.100       -11606.707     -11606.739
           0.050       0.050       -11581.309     -11581.284
           0.020       0.021       -11552.730     -11551.777
           0.010       0.010       -11533.672     -11533.849

    H1 Value

        Mean                            -11580.350
        Std Dev                             70.682
        Number of successful computations    10000

             Proportions                   Percentiles
        Expected    Observed         Expected       Observed
           0.990       0.990       -11744.777     -11743.931
           0.980       0.980       -11725.509     -11724.927
           0.950       0.948       -11696.615     -11697.576
           0.900       0.900       -11670.936     -11670.861
           0.800       0.800       -11639.836     -11639.912
           0.700       0.699       -11617.415     -11617.655
           0.500       0.502       -11580.350     -11579.918
           0.300       0.299       -11543.284     -11543.490
           0.200       0.200       -11520.864     -11520.757
           0.100       0.101       -11489.763     -11489.331
           0.050       0.049       -11464.085     -11464.676
           0.020       0.020       -11435.190     -11436.859
           0.010       0.010       -11415.922     -11416.483

Information Criteria

    Akaike (AIC)

        Mean                             23588.609
        Std Dev                            139.821
        Number of successful computations    10000

             Proportions                   Percentiles
        Expected    Observed         Expected       Observed
           0.990       0.990        23263.344      23263.599
           0.980       0.979        23301.460      23299.546
           0.950       0.950        23358.618      23358.525
           0.900       0.900        23409.415      23409.112
           0.800       0.803        23470.936      23472.230
           0.700       0.702        23515.287      23515.977
           0.500       0.500        23588.609      23588.716
           0.300       0.302        23661.931      23662.646
           0.200       0.200        23706.282      23706.367
           0.100       0.100        23767.803      23767.956
           0.050       0.051        23818.600      23819.068
           0.020       0.019        23875.758      23873.496
           0.010       0.010        23913.874      23914.101

    Bayesian (BIC)

        Mean                             23979.773
        Std Dev                            139.821
        Number of successful computations    10000

             Proportions                   Percentiles
        Expected    Observed         Expected       Observed
           0.990       0.990        23654.508      23654.763
           0.980       0.979        23692.623      23690.710
           0.950       0.950        23749.782      23749.689
           0.900       0.900        23800.579      23800.275
           0.800       0.803        23862.100      23863.393
           0.700       0.702        23906.451      23907.141
           0.500       0.500        23979.773      23979.880
           0.300       0.302        24053.094      24053.810
           0.200       0.200        24097.446      24097.531
           0.100       0.100        24158.967      24159.120
           0.050       0.051        24209.763      24210.231
           0.020       0.019        24266.922      24264.660
           0.010       0.010        24305.037      24305.265

    Sample-Size Adjusted BIC (n* = (n + 2) / 24)

        Mean                             23668.812
        Std Dev                            139.821
        Number of successful computations    10000

             Proportions                   Percentiles
        Expected    Observed         Expected       Observed
           0.990       0.990        23343.547      23343.802
           0.980       0.979        23381.663      23379.750
           0.950       0.950        23438.821      23438.728
           0.900       0.900        23489.618      23489.315
           0.800       0.803        23551.139      23552.433
           0.700       0.702        23595.490      23596.180
           0.500       0.500        23668.812      23668.919
           0.300       0.302        23742.134      23742.849
           0.200       0.200        23786.485      23786.570
           0.100       0.100        23848.006      23848.159
           0.050       0.051        23898.803      23899.271
           0.020       0.019        23955.962      23953.699
           0.010       0.010        23994.077      23994.305

Chi-Square Test of Model Fit

        Degrees of freedom                     226

        Mean                               231.910
        Std Dev                             22.291
        Number of successful computations    10000

             Proportions                   Percentiles
        Expected    Observed         Expected       Observed
           0.990       0.995          179.499        183.915
           0.980       0.988          184.510        188.269
           0.950       0.968          192.203        196.348
           0.900       0.931          199.218        203.790
           0.800       0.861          207.940        213.020
           0.700       0.781          214.386        219.502
           0.500       0.605          225.334        231.238
           0.300       0.406          236.647        243.396
           0.200       0.296          243.671        250.666
           0.100       0.165          253.638        260.847
           0.050       0.092          262.070        269.212
           0.020       0.041          271.777        279.530
           0.010       0.022          278.379        286.068

RMSEA (Root Mean Square Error Of Approximation)

        Mean                                 0.008
        Std Dev                              0.008
        Number of successful computations    10000

        Cumulative Distribution Function
           Value    Function Value
           0.990       1.000
           0.980       1.000
           0.950       1.000
           0.900       1.000
           0.800       1.000
           0.700       1.000
           0.500       1.000
           0.300       1.000
           0.200       1.000
           0.100       1.000
           0.050       1.000
           0.020       0.909
           0.010       0.565

CFI/TLI

    CFI

        Mean                                 0.998
        Std Dev                              0.003
        Number of successful computations    10000

        Cumulative Distribution Function
           Value    Function Value
           0.990       0.027
           0.980       0.000
           0.950       0.000
           0.900       0.000
           0.800       0.000
           0.700       0.000
           0.500       0.000
           0.300       0.000
           0.200       0.000
           0.100       0.000
           0.050       0.000
           0.020       0.000
           0.010       0.000

    TLI

        Mean                                 0.997
        Std Dev                              0.004
        Number of successful computations    10000

        Cumulative Distribution Function
           Value    Function Value
           0.990       0.061
           0.980       0.001
           0.950       0.000
           0.900       0.000
           0.800       0.000
           0.700       0.000
           0.500       0.000
           0.300       0.000
           0.200       0.000
           0.100       0.000
           0.050       0.000
           0.020       0.000
           0.010       0.000

SRMR (Standardized Root Mean Square Residual)

        Mean                                 0.028
        Std Dev                              0.002
        Number of successful computations    10000

        Cumulative Distribution Function
           Value    Function Value
           0.990       1.000
           0.980       1.000
           0.950       1.000
           0.900       1.000
           0.800       1.000
           0.700       1.000
           0.500       1.000
           0.300       1.000
           0.200       1.000
           0.100       1.000
           0.050       1.000
           0.020       0.000
           0.010       0.000


MODEL RESULTS

                              ESTIMATES              S. E.     M. S. E.  95%  % Sig
                 Population   Average   Std. Dev.   Average             Cover Coeff

 P        BY
  P1                  0.720     0.7107     0.0473     0.0470     0.0023 0.941 1.000
  P2                  0.720     0.7107     0.0472     0.0470     0.0023 0.944 1.000
  P3                  0.720     0.7113     0.0481     0.0471     0.0024 0.939 1.000

 N        BY
  N1                  0.840     0.8285     0.0461     0.0457     0.0023 0.940 1.000
  N2                  0.840     0.8284     0.0461     0.0457     0.0023 0.939 1.000
  N3                  0.840     0.8288     0.0462     0.0457     0.0023 0.937 1.000

 COPE     BY
  COPE1               0.710     0.7101     0.0539     0.0527     0.0029 0.946 1.000
  COPE2               0.710     0.7099     0.0542     0.0527     0.0029 0.942 1.000

 MSPSS    BY
  MSPSS1              0.700     0.6981     0.0513     0.0514     0.0026 0.952 1.000
  MSPSS2              0.700     0.6993     0.0520     0.0514     0.0027 0.948 1.000
  MSPSS3              0.700     0.6981     0.0515     0.0514     0.0027 0.949 1.000

 NEURO    BY
  NEURO1              0.800     0.7988     0.0467     0.0464     0.0022 0.946 1.000
  NEURO2              0.800     0.7980     0.0463     0.0463     0.0021 0.953 1.000

 EXTRA    BY
  EXTRA1              0.670     0.6692     0.0507     0.0510     0.0026 0.952 1.000
  EXTRA2              0.670     0.6688     0.0513     0.0510     0.0026 0.949 1.000
  EXTRA3              0.670     0.6692     0.0518     0.0510     0.0027 0.947 1.000

 PTGI     BY
  PTGI1               0.790     0.7790     0.0442     0.0439     0.0021 0.937 1.000
  PTGI2               0.790     0.7786     0.0440     0.0439     0.0021 0.939 1.000
  PTGI3               0.790     0.7792     0.0443     0.0439     0.0021 0.939 1.000
  PTGI4               0.790     0.7787     0.0439     0.0439     0.0021 0.941 1.000
  PTGI5               0.790     0.7788     0.0439     0.0439     0.0021 0.939 1.000

 IESR     BY
  IESR1               0.850     0.8357     0.0422     0.0421     0.0020 0.931 1.000
  IESR2               0.850     0.8355     0.0425     0.0421     0.0020 0.928 1.000
  IESR3               0.850     0.8354     0.0426     0.0421     0.0020 0.932 1.000

 P        ON
  COPE                0.580     0.5915     0.0934     0.0934     0.0089 0.954 1.000
  MSPSS               0.040     0.0402     0.0904     0.0904     0.0082 0.959 0.064
  NEURO              -0.340    -0.3479     0.1194     0.1173     0.0143 0.956 0.861
  EXTRA              -0.080    -0.0849     0.1375     0.1356     0.0189 0.958 0.082

 N        ON
  COPE                0.180     0.1849     0.0820     0.0802     0.0067 0.950 0.640
  MSPSS              -0.030    -0.0317     0.0906     0.0883     0.0082 0.951 0.059
  NEURO               0.920     0.9438     0.1443     0.1403     0.0214 0.957 1.000
  EXTRA               0.060     0.0686     0.1362     0.1331     0.0186 0.955 0.057

 PTGI     ON
  P                   0.190     0.1929     0.0704     0.0702     0.0050 0.953 0.794
  N                   0.050     0.0500     0.0000     0.0000     0.0000 1.000 0.000
  COPE                0.070     0.0693     0.0912     0.0897     0.0083 0.950 0.125
  MSPSS               0.040     0.0366     0.0855     0.0840     0.0073 0.950 0.082
  NEURO               0.330     0.3446     0.1216     0.1186     0.0150 0.955 0.870
  EXTRA               0.410     0.4287     0.1389     0.1347     0.0196 0.958 0.929

 IESR     ON
  P                   0.070     0.0721     0.0694     0.0693     0.0048 0.952 0.173
  N                   0.460     0.4632     0.0720     0.0716     0.0052 0.953 1.000
  COPE               -0.020    -0.0220     0.0934     0.0917     0.0087 0.950 0.056
  MSPSS              -0.050    -0.0550     0.0864     0.0851     0.0075 0.952 0.085
  NEURO               0.290     0.3035     0.1496     0.1472     0.0225 0.956 0.552
  EXTRA               0.330     0.3472     0.1382     0.1353     0.0194 0.957 0.764

 IESR     WITH
  PTGI                0.230     0.2290     0.0599     0.0595     0.0036 0.949 0.954

 MSPSS    WITH
  COPE                0.250     0.2496     0.0657     0.0643     0.0043 0.942 0.962
  NEURO              -0.250    -0.2504     0.0625     0.0624     0.0039 0.948 0.973
  EXTRA               0.460     0.4596     0.0598     0.0590     0.0036 0.941 1.000

 NEURO    WITH
  COPE               -0.310    -0.3096     0.0616     0.0613     0.0038 0.949 0.998
  EXTRA              -0.660    -0.6594     0.0479     0.0477     0.0023 0.947 1.000

 EXTRA    WITH
  COPE                0.310     0.3090     0.0652     0.0647     0.0043 0.947 0.995

 Intercepts
  P1                  0.000     0.0004     0.0568     0.0564     0.0032 0.949 0.051
  P2                  0.000     0.0002     0.0572     0.0564     0.0033 0.943 0.056
  P3                  0.000    -0.0002     0.0569     0.0564     0.0032 0.948 0.052
  N1                  0.000     0.0008     0.0617     0.0613     0.0038 0.948 0.052
  N2                  0.000    -0.0004     0.0615     0.0613     0.0038 0.948 0.052
  N3                  0.000     0.0007     0.0619     0.0613     0.0038 0.947 0.053
  COPE1               0.000     0.0003     0.0462     0.0464     0.0021 0.948 0.052
  COPE2               0.000    -0.0001     0.0461     0.0464     0.0021 0.950 0.050
  MSPSS1              0.000     0.0008     0.0498     0.0495     0.0025 0.948 0.052
  MSPSS2              0.000     0.0001     0.0495     0.0496     0.0024 0.949 0.051
  MSPSS3              0.000     0.0003     0.0498     0.0495     0.0025 0.946 0.054
  NEURO1              0.000    -0.0001     0.0506     0.0499     0.0026 0.943 0.057
  NEURO2              0.000    -0.0007     0.0507     0.0499     0.0026 0.943 0.057
  EXTRA1              0.000     0.0011     0.0501     0.0499     0.0025 0.949 0.051
  EXTRA2              0.000     0.0015     0.0500     0.0499     0.0025 0.949 0.051
  EXTRA3              0.000     0.0012     0.0497     0.0499     0.0025 0.950 0.050
  PTGI1               0.000     0.0004     0.0533     0.0528     0.0028 0.947 0.053
  PTGI2               0.000    -0.0002     0.0530     0.0528     0.0028 0.950 0.050
  PTGI3               0.000     0.0002     0.0538     0.0528     0.0029 0.946 0.054
  PTGI4               0.000     0.0000     0.0532     0.0528     0.0028 0.950 0.050
  PTGI5               0.000     0.0001     0.0532     0.0528     0.0028 0.947 0.052
  IESR1               0.000     0.0006     0.0583     0.0580     0.0034 0.949 0.051
  IESR2               0.000     0.0002     0.0582     0.0580     0.0034 0.952 0.048
  IESR3               0.000     0.0004     0.0584     0.0580     0.0034 0.947 0.053

 Variances
  COPE                1.000     1.0000     0.0000     0.0000     0.0000 1.000 0.000
  MSPSS               1.000     1.0000     0.0000     0.0000     0.0000 1.000 0.000
  NEURO               1.000     1.0000     0.0000     0.0000     0.0000 1.000 0.000
  EXTRA               1.000     1.0000     0.0000     0.0000     0.0000 1.000 0.000

 Residual Variances
  P1                  0.482     0.4782     0.0508     0.0507     0.0026 0.947 1.000
  P2                  0.482     0.4789     0.0511     0.0507     0.0026 0.946 1.000
  P3                  0.482     0.4793     0.0506     0.0508     0.0026 0.949 1.000
  N1                  0.294     0.2931     0.0314     0.0313     0.0010 0.944 1.000
  N2                  0.294     0.2930     0.0311     0.0313     0.0010 0.945 1.000
  N3                  0.294     0.2922     0.0313     0.0312     0.0010 0.948 1.000
  COPE1               0.360     0.3557     0.0588     0.0566     0.0035 0.951 0.998
  COPE2               0.360     0.3548     0.0587     0.0565     0.0035 0.949 0.998
  MSPSS1              0.496     0.4925     0.0529     0.0528     0.0028 0.947 1.000
  MSPSS2              0.496     0.4919     0.0539     0.0528     0.0029 0.945 1.000
  MSPSS3              0.496     0.4924     0.0525     0.0527     0.0028 0.950 1.000
  NEURO1              0.360     0.3572     0.0435     0.0425     0.0019 0.943 1.000
  NEURO2              0.360     0.3575     0.0430     0.0425     0.0019 0.946 1.000
  EXTRA1              0.551     0.5472     0.0526     0.0520     0.0028 0.942 1.000
  EXTRA2              0.551     0.5471     0.0525     0.0520     0.0028 0.948 1.000
  EXTRA3              0.551     0.5475     0.0528     0.0521     0.0028 0.943 1.000
  PTGI1               0.376     0.3736     0.0333     0.0331     0.0011 0.942 1.000
  PTGI2               0.376     0.3734     0.0333     0.0331     0.0011 0.942 1.000
  PTGI3               0.376     0.3738     0.0333     0.0331     0.0011 0.945 1.000
  PTGI4               0.376     0.3743     0.0330     0.0331     0.0011 0.947 1.000
  PTGI5               0.376     0.3743     0.0331     0.0331     0.0011 0.946 1.000
  IESR1               0.278     0.2757     0.0305     0.0300     0.0009 0.943 1.000
  IESR2               0.278     0.2765     0.0300     0.0300     0.0009 0.946 1.000
  IESR3               0.278     0.2766     0.0300     0.0300     0.0009 0.947 1.000
  P                   1.000     1.0000     0.0000     0.0000     0.0000 1.000 0.000
  N                   1.000     1.0000     0.0000     0.0000     0.0000 1.000 0.000
  PTGI                1.000     1.0000     0.0000     0.0000     0.0000 1.000 0.000
  IESR                1.000     1.0000     0.0000     0.0000     0.0000 1.000 0.000


QUALITY OF NUMERICAL RESULTS

     Average Condition Number for the Information Matrix      0.965E-02
       (ratio of smallest to largest eigenvalue)


TECHNICAL OUTPUT


     PARAMETER SPECIFICATION


           NU
              P1            P2            P3            N1            N2
              ________      ________      ________      ________      ________
                  1             2             3             4             5


           NU
              N3            COPE1         COPE2         MSPSS1        MSPSS2
              ________      ________      ________      ________      ________
                  6             7             8             9            10


           NU
              MSPSS3        NEURO1        NEURO2        EXTRA1        EXTRA2
              ________      ________      ________      ________      ________
                 11            12            13            14            15


           NU
              EXTRA3        PTGI1         PTGI2         PTGI3         PTGI4
              ________      ________      ________      ________      ________
                 16            17            18            19            20


           NU
              PTGI5         IESR1         IESR2         IESR3
              ________      ________      ________      ________
                 21            22            23            24


           LAMBDA
              P             N             COPE          MSPSS         NEURO
              ________      ________      ________      ________      ________
 P1                25             0             0             0             0
 P2                26             0             0             0             0
 P3                27             0             0             0             0
 N1                 0            28             0             0             0
 N2                 0            29             0             0             0
 N3                 0            30             0             0             0
 COPE1              0             0            31             0             0
 COPE2              0             0            32             0             0
 MSPSS1             0             0             0            33             0
 MSPSS2             0             0             0            34             0
 MSPSS3             0             0             0            35             0
 NEURO1             0             0             0             0            36
 NEURO2             0             0             0             0            37
 EXTRA1             0             0             0             0             0
 EXTRA2             0             0             0             0             0
 EXTRA3             0             0             0             0             0
 PTGI1              0             0             0             0             0
 PTGI2              0             0             0             0             0
 PTGI3              0             0             0             0             0
 PTGI4              0             0             0             0             0
 PTGI5              0             0             0             0             0
 IESR1              0             0             0             0             0
 IESR2              0             0             0             0             0
 IESR3              0             0             0             0             0


           LAMBDA
              EXTRA         PTGI          IESR
              ________      ________      ________
 P1                 0             0             0
 P2                 0             0             0
 P3                 0             0             0
 N1                 0             0             0
 N2                 0             0             0
 N3                 0             0             0
 COPE1              0             0             0
 COPE2              0             0             0
 MSPSS1             0             0             0
 MSPSS2             0             0             0
 MSPSS3             0             0             0
 NEURO1             0             0             0
 NEURO2             0             0             0
 EXTRA1            38             0             0
 EXTRA2            39             0             0
 EXTRA3            40             0             0
 PTGI1              0            41             0
 PTGI2              0            42             0
 PTGI3              0            43             0
 PTGI4              0            44             0
 PTGI5              0            45             0
 IESR1              0             0            46
 IESR2              0             0            47
 IESR3              0             0            48


           THETA
              P1            P2            P3            N1            N2
              ________      ________      ________      ________      ________
 P1                49
 P2                 0            50
 P3                 0             0            51
 N1                 0             0             0            52
 N2                 0             0             0             0            53
 N3                 0             0             0             0             0
 COPE1              0             0             0             0             0
 COPE2              0             0             0             0             0
 MSPSS1             0             0             0             0             0
 MSPSS2             0             0             0             0             0
 MSPSS3             0             0             0             0             0
 NEURO1             0             0             0             0             0
 NEURO2             0             0             0             0             0
 EXTRA1             0             0             0             0             0
 EXTRA2             0             0             0             0             0
 EXTRA3             0             0             0             0             0
 PTGI1              0             0             0             0             0
 PTGI2              0             0             0             0             0
 PTGI3              0             0             0             0             0
 PTGI4              0             0             0             0             0
 PTGI5              0             0             0             0             0
 IESR1              0             0             0             0             0
 IESR2              0             0             0             0             0
 IESR3              0             0             0             0             0


           THETA
              N3            COPE1         COPE2         MSPSS1        MSPSS2
              ________      ________      ________      ________      ________
 N3                54
 COPE1              0            55
 COPE2              0             0            56
 MSPSS1             0             0             0            57
 MSPSS2             0             0             0             0            58
 MSPSS3             0             0             0             0             0
 NEURO1             0             0             0             0             0
 NEURO2             0             0             0             0             0
 EXTRA1             0             0             0             0             0
 EXTRA2             0             0             0             0             0
 EXTRA3             0             0             0             0             0
 PTGI1              0             0             0             0             0
 PTGI2              0             0             0             0             0
 PTGI3              0             0             0             0             0
 PTGI4              0             0             0             0             0
 PTGI5              0             0             0             0             0
 IESR1              0             0             0             0             0
 IESR2              0             0             0             0             0
 IESR3              0             0             0             0             0


           THETA
              MSPSS3        NEURO1        NEURO2        EXTRA1        EXTRA2
              ________      ________      ________      ________      ________
 MSPSS3            59
 NEURO1             0            60
 NEURO2             0             0            61
 EXTRA1             0             0             0            62
 EXTRA2             0             0             0             0            63
 EXTRA3             0             0             0             0             0
 PTGI1              0             0             0             0             0
 PTGI2              0             0             0             0             0
 PTGI3              0             0             0             0             0
 PTGI4              0             0             0             0             0
 PTGI5              0             0             0             0             0
 IESR1              0             0             0             0             0
 IESR2              0             0             0             0             0
 IESR3              0             0             0             0             0


           THETA
              EXTRA3        PTGI1         PTGI2         PTGI3         PTGI4
              ________      ________      ________      ________      ________
 EXTRA3            64
 PTGI1              0            65
 PTGI2              0             0            66
 PTGI3              0             0             0            67
 PTGI4              0             0             0             0            68
 PTGI5              0             0             0             0             0
 IESR1              0             0             0             0             0
 IESR2              0             0             0             0             0
 IESR3              0             0             0             0             0


           THETA
              PTGI5         IESR1         IESR2         IESR3
              ________      ________      ________      ________
 PTGI5             69
 IESR1              0            70
 IESR2              0             0            71
 IESR3              0             0             0            72


           ALPHA
              P             N             COPE          MSPSS         NEURO
              ________      ________      ________      ________      ________
                  0             0             0             0             0


           ALPHA
              EXTRA         PTGI          IESR
              ________      ________      ________
                  0             0             0


           BETA
              P             N             COPE          MSPSS         NEURO
              ________      ________      ________      ________      ________
 P                  0             0            73            74            75
 N                  0             0            77            78            79
 COPE               0             0             0             0             0
 MSPSS              0             0             0             0             0
 NEURO              0             0             0             0             0
 EXTRA              0             0             0             0             0
 PTGI              81             0            82            83            84
 IESR              86            87            88            89            90


           BETA
              EXTRA         PTGI          IESR
              ________      ________      ________
 P                 76             0             0
 N                 80             0             0
 COPE               0             0             0
 MSPSS              0             0             0
 NEURO              0             0             0
 EXTRA              0             0             0
 PTGI              85             0             0
 IESR              91             0             0


           PSI
              P             N             COPE          MSPSS         NEURO
              ________      ________      ________      ________      ________
 P                  0
 N                  0             0
 COPE               0             0             0
 MSPSS              0             0            92             0
 NEURO              0             0            93            94             0
 EXTRA              0             0            95            96            97
 PTGI               0             0             0             0             0
 IESR               0             0             0             0             0


           PSI
              EXTRA         PTGI          IESR
              ________      ________      ________
 EXTRA              0
 PTGI               0             0
 IESR               0            98             0


     STARTING VALUES


           NU
              P1            P2            P3            N1            N2
              ________      ________      ________      ________      ________
                0.000         0.000         0.000         0.000         0.000


           NU
              N3            COPE1         COPE2         MSPSS1        MSPSS2
              ________      ________      ________      ________      ________
                0.000         0.000         0.000         0.000         0.000


           NU
              MSPSS3        NEURO1        NEURO2        EXTRA1        EXTRA2
              ________      ________      ________      ________      ________
                0.000         0.000         0.000         0.000         0.000


           NU
              EXTRA3        PTGI1         PTGI2         PTGI3         PTGI4
              ________      ________      ________      ________      ________
                0.000         0.000         0.000         0.000         0.000


           NU
              PTGI5         IESR1         IESR2         IESR3
              ________      ________      ________      ________
                0.000         0.000         0.000         0.000


           LAMBDA
              P             N             COPE          MSPSS         NEURO
              ________      ________      ________      ________      ________
 P1             0.720         0.000         0.000         0.000         0.000
 P2             0.720         0.000         0.000         0.000         0.000
 P3             0.720         0.000         0.000         0.000         0.000
 N1             0.000         0.840         0.000         0.000         0.000
 N2             0.000         0.840         0.000         0.000         0.000
 N3             0.000         0.840         0.000         0.000         0.000
 COPE1          0.000         0.000         0.710         0.000         0.000
 COPE2          0.000         0.000         0.710         0.000         0.000
 MSPSS1         0.000         0.000         0.000         0.700         0.000
 MSPSS2         0.000         0.000         0.000         0.700         0.000
 MSPSS3         0.000         0.000         0.000         0.700         0.000
 NEURO1         0.000         0.000         0.000         0.000         0.800
 NEURO2         0.000         0.000         0.000         0.000         0.800
 EXTRA1         0.000         0.000         0.000         0.000         0.000
 EXTRA2         0.000         0.000         0.000         0.000         0.000
 EXTRA3         0.000         0.000         0.000         0.000         0.000
 PTGI1          0.000         0.000         0.000         0.000         0.000
 PTGI2          0.000         0.000         0.000         0.000         0.000
 PTGI3          0.000         0.000         0.000         0.000         0.000
 PTGI4          0.000         0.000         0.000         0.000         0.000
 PTGI5          0.000         0.000         0.000         0.000         0.000
 IESR1          0.000         0.000         0.000         0.000         0.000
 IESR2          0.000         0.000         0.000         0.000         0.000
 IESR3          0.000         0.000         0.000         0.000         0.000


           LAMBDA
              EXTRA         PTGI          IESR
              ________      ________      ________
 P1             0.000         0.000         0.000
 P2             0.000         0.000         0.000
 P3             0.000         0.000         0.000
 N1             0.000         0.000         0.000
 N2             0.000         0.000         0.000
 N3             0.000         0.000         0.000
 COPE1          0.000         0.000         0.000
 COPE2          0.000         0.000         0.000
 MSPSS1         0.000         0.000         0.000
 MSPSS2         0.000         0.000         0.000
 MSPSS3         0.000         0.000         0.000
 NEURO1         0.000         0.000         0.000
 NEURO2         0.000         0.000         0.000
 EXTRA1         0.670         0.000         0.000
 EXTRA2         0.670         0.000         0.000
 EXTRA3         0.670         0.000         0.000
 PTGI1          0.000         0.790         0.000
 PTGI2          0.000         0.790         0.000
 PTGI3          0.000         0.790         0.000
 PTGI4          0.000         0.790         0.000
 PTGI5          0.000         0.790         0.000
 IESR1          0.000         0.000         0.850
 IESR2          0.000         0.000         0.850
 IESR3          0.000         0.000         0.850


           THETA
              P1            P2            P3            N1            N2
              ________      ________      ________      ________      ________
 P1             0.482
 P2             0.000         0.482
 P3             0.000         0.000         0.482
 N1             0.000         0.000         0.000         0.294
 N2             0.000         0.000         0.000         0.000         0.294
 N3             0.000         0.000         0.000         0.000         0.000
 COPE1          0.000         0.000         0.000         0.000         0.000
 COPE2          0.000         0.000         0.000         0.000         0.000
 MSPSS1         0.000         0.000         0.000         0.000         0.000
 MSPSS2         0.000         0.000         0.000         0.000         0.000
 MSPSS3         0.000         0.000         0.000         0.000         0.000
 NEURO1         0.000         0.000         0.000         0.000         0.000
 NEURO2         0.000         0.000         0.000         0.000         0.000
 EXTRA1         0.000         0.000         0.000         0.000         0.000
 EXTRA2         0.000         0.000         0.000         0.000         0.000
 EXTRA3         0.000         0.000         0.000         0.000         0.000
 PTGI1          0.000         0.000         0.000         0.000         0.000
 PTGI2          0.000         0.000         0.000         0.000         0.000
 PTGI3          0.000         0.000         0.000         0.000         0.000
 PTGI4          0.000         0.000         0.000         0.000         0.000
 PTGI5          0.000         0.000         0.000         0.000         0.000
 IESR1          0.000         0.000         0.000         0.000         0.000
 IESR2          0.000         0.000         0.000         0.000         0.000
 IESR3          0.000         0.000         0.000         0.000         0.000


           THETA
              N3            COPE1         COPE2         MSPSS1        MSPSS2
              ________      ________      ________      ________      ________
 N3             0.294
 COPE1          0.000         0.360
 COPE2          0.000         0.000         0.360
 MSPSS1         0.000         0.000         0.000         0.496
 MSPSS2         0.000         0.000         0.000         0.000         0.496
 MSPSS3         0.000         0.000         0.000         0.000         0.000
 NEURO1         0.000         0.000         0.000         0.000         0.000
 NEURO2         0.000         0.000         0.000         0.000         0.000
 EXTRA1         0.000         0.000         0.000         0.000         0.000
 EXTRA2         0.000         0.000         0.000         0.000         0.000
 EXTRA3         0.000         0.000         0.000         0.000         0.000
 PTGI1          0.000         0.000         0.000         0.000         0.000
 PTGI2          0.000         0.000         0.000         0.000         0.000
 PTGI3          0.000         0.000         0.000         0.000         0.000
 PTGI4          0.000         0.000         0.000         0.000         0.000
 PTGI5          0.000         0.000         0.000         0.000         0.000
 IESR1          0.000         0.000         0.000         0.000         0.000
 IESR2          0.000         0.000         0.000         0.000         0.000
 IESR3          0.000         0.000         0.000         0.000         0.000


           THETA
              MSPSS3        NEURO1        NEURO2        EXTRA1        EXTRA2
              ________      ________      ________      ________      ________
 MSPSS3         0.496
 NEURO1         0.000         0.360
 NEURO2         0.000         0.000         0.360
 EXTRA1         0.000         0.000         0.000         0.551
 EXTRA2         0.000         0.000         0.000         0.000         0.551
 EXTRA3         0.000         0.000         0.000         0.000         0.000
 PTGI1          0.000         0.000         0.000         0.000         0.000
 PTGI2          0.000         0.000         0.000         0.000         0.000
 PTGI3          0.000         0.000         0.000         0.000         0.000
 PTGI4          0.000         0.000         0.000         0.000         0.000
 PTGI5          0.000         0.000         0.000         0.000         0.000
 IESR1          0.000         0.000         0.000         0.000         0.000
 IESR2          0.000         0.000         0.000         0.000         0.000
 IESR3          0.000         0.000         0.000         0.000         0.000


           THETA
              EXTRA3        PTGI1         PTGI2         PTGI3         PTGI4
              ________      ________      ________      ________      ________
 EXTRA3         0.551
 PTGI1          0.000         0.376
 PTGI2          0.000         0.000         0.376
 PTGI3          0.000         0.000         0.000         0.376
 PTGI4          0.000         0.000         0.000         0.000         0.376
 PTGI5          0.000         0.000         0.000         0.000         0.000
 IESR1          0.000         0.000         0.000         0.000         0.000
 IESR2          0.000         0.000         0.000         0.000         0.000
 IESR3          0.000         0.000         0.000         0.000         0.000


           THETA
              PTGI5         IESR1         IESR2         IESR3
              ________      ________      ________      ________
 PTGI5          0.376
 IESR1          0.000         0.278
 IESR2          0.000         0.000         0.278
 IESR3          0.000         0.000         0.000         0.278


           ALPHA
              P             N             COPE          MSPSS         NEURO
              ________      ________      ________      ________      ________
                0.000         0.000         0.000         0.000         0.000


           ALPHA
              EXTRA         PTGI          IESR
              ________      ________      ________
                0.000         0.000         0.000


           BETA
              P             N             COPE          MSPSS         NEURO
              ________      ________      ________      ________      ________
 P              0.000         0.000         0.580         0.040        -0.340
 N              0.000         0.000         0.180        -0.030         0.920
 COPE           0.000         0.000         0.000         0.000         0.000
 MSPSS          0.000         0.000         0.000         0.000         0.000
 NEURO          0.000         0.000         0.000         0.000         0.000
 EXTRA          0.000         0.000         0.000         0.000         0.000
 PTGI           0.190         0.050         0.070         0.040         0.330
 IESR           0.070         0.460        -0.020        -0.050         0.290


           BETA
              EXTRA         PTGI          IESR
              ________      ________      ________
 P             -0.080         0.000         0.000
 N              0.060         0.000         0.000
 COPE           0.000         0.000         0.000
 MSPSS          0.000         0.000         0.000
 NEURO          0.000         0.000         0.000
 EXTRA          0.000         0.000         0.000
 PTGI           0.410         0.000         0.000
 IESR           0.330         0.000         0.000


           PSI
              P             N             COPE          MSPSS         NEURO
              ________      ________      ________      ________      ________
 P              1.000
 N              0.000         1.000
 COPE           0.000         0.000         1.000
 MSPSS          0.000         0.000         0.250         1.000
 NEURO          0.000         0.000        -0.310        -0.250         1.000
 EXTRA          0.000         0.000         0.310         0.460        -0.660
 PTGI           0.000         0.000         0.000         0.000         0.000
 IESR           0.000         0.000         0.000         0.000         0.000


           PSI
              EXTRA         PTGI          IESR
              ________      ________      ________
 EXTRA          1.000
 PTGI           0.000         1.000
 IESR           0.000         0.230         1.000


     POPULATION VALUES


           NU
              P1            P2            P3            N1            N2
              ________      ________      ________      ________      ________
                0.000         0.000         0.000         0.000         0.000


           NU
              N3            COPE1         COPE2         MSPSS1        MSPSS2
              ________      ________      ________      ________      ________
                0.000         0.000         0.000         0.000         0.000


           NU
              MSPSS3        NEURO1        NEURO2        EXTRA1        EXTRA2
              ________      ________      ________      ________      ________
                0.000         0.000         0.000         0.000         0.000


           NU
              EXTRA3        PTGI1         PTGI2         PTGI3         PTGI4
              ________      ________      ________      ________      ________
                0.000         0.000         0.000         0.000         0.000


           NU
              PTGI5         IESR1         IESR2         IESR3
              ________      ________      ________      ________
                0.000         0.000         0.000         0.000


           LAMBDA
              P             N             COPE          MSPSS         NEURO
              ________      ________      ________      ________      ________
 P1             0.720         0.000         0.000         0.000         0.000
 P2             0.720         0.000         0.000         0.000         0.000
 P3             0.720         0.000         0.000         0.000         0.000
 N1             0.000         0.840         0.000         0.000         0.000
 N2             0.000         0.840         0.000         0.000         0.000
 N3             0.000         0.840         0.000         0.000         0.000
 COPE1          0.000         0.000         0.710         0.000         0.000
 COPE2          0.000         0.000         0.710         0.000         0.000
 MSPSS1         0.000         0.000         0.000         0.700         0.000
 MSPSS2         0.000         0.000         0.000         0.700         0.000
 MSPSS3         0.000         0.000         0.000         0.700         0.000
 NEURO1         0.000         0.000         0.000         0.000         0.800
 NEURO2         0.000         0.000         0.000         0.000         0.800
 EXTRA1         0.000         0.000         0.000         0.000         0.000
 EXTRA2         0.000         0.000         0.000         0.000         0.000
 EXTRA3         0.000         0.000         0.000         0.000         0.000
 PTGI1          0.000         0.000         0.000         0.000         0.000
 PTGI2          0.000         0.000         0.000         0.000         0.000
 PTGI3          0.000         0.000         0.000         0.000         0.000
 PTGI4          0.000         0.000         0.000         0.000         0.000
 PTGI5          0.000         0.000         0.000         0.000         0.000
 IESR1          0.000         0.000         0.000         0.000         0.000
 IESR2          0.000         0.000         0.000         0.000         0.000
 IESR3          0.000         0.000         0.000         0.000         0.000


           LAMBDA
              EXTRA         PTGI          IESR
              ________      ________      ________
 P1             0.000         0.000         0.000
 P2             0.000         0.000         0.000
 P3             0.000         0.000         0.000
 N1             0.000         0.000         0.000
 N2             0.000         0.000         0.000
 N3             0.000         0.000         0.000
 COPE1          0.000         0.000         0.000
 COPE2          0.000         0.000         0.000
 MSPSS1         0.000         0.000         0.000
 MSPSS2         0.000         0.000         0.000
 MSPSS3         0.000         0.000         0.000
 NEURO1         0.000         0.000         0.000
 NEURO2         0.000         0.000         0.000
 EXTRA1         0.670         0.000         0.000
 EXTRA2         0.670         0.000         0.000
 EXTRA3         0.670         0.000         0.000
 PTGI1          0.000         0.790         0.000
 PTGI2          0.000         0.790         0.000
 PTGI3          0.000         0.790         0.000
 PTGI4          0.000         0.790         0.000
 PTGI5          0.000         0.790         0.000
 IESR1          0.000         0.000         0.850
 IESR2          0.000         0.000         0.850
 IESR3          0.000         0.000         0.850


           THETA
              P1            P2            P3            N1            N2
              ________      ________      ________      ________      ________
 P1             0.482
 P2             0.000         0.482
 P3             0.000         0.000         0.482
 N1             0.000         0.000         0.000         0.294
 N2             0.000         0.000         0.000         0.000         0.294
 N3             0.000         0.000         0.000         0.000         0.000
 COPE1          0.000         0.000         0.000         0.000         0.000
 COPE2          0.000         0.000         0.000         0.000         0.000
 MSPSS1         0.000         0.000         0.000         0.000         0.000
 MSPSS2         0.000         0.000         0.000         0.000         0.000
 MSPSS3         0.000         0.000         0.000         0.000         0.000
 NEURO1         0.000         0.000         0.000         0.000         0.000
 NEURO2         0.000         0.000         0.000         0.000         0.000
 EXTRA1         0.000         0.000         0.000         0.000         0.000
 EXTRA2         0.000         0.000         0.000         0.000         0.000
 EXTRA3         0.000         0.000         0.000         0.000         0.000
 PTGI1          0.000         0.000         0.000         0.000         0.000
 PTGI2          0.000         0.000         0.000         0.000         0.000
 PTGI3          0.000         0.000         0.000         0.000         0.000
 PTGI4          0.000         0.000         0.000         0.000         0.000
 PTGI5          0.000         0.000         0.000         0.000         0.000
 IESR1          0.000         0.000         0.000         0.000         0.000
 IESR2          0.000         0.000         0.000         0.000         0.000
 IESR3          0.000         0.000         0.000         0.000         0.000


           THETA
              N3            COPE1         COPE2         MSPSS1        MSPSS2
              ________      ________      ________      ________      ________
 N3             0.294
 COPE1          0.000         0.360
 COPE2          0.000         0.000         0.360
 MSPSS1         0.000         0.000         0.000         0.496
 MSPSS2         0.000         0.000         0.000         0.000         0.496
 MSPSS3         0.000         0.000         0.000         0.000         0.000
 NEURO1         0.000         0.000         0.000         0.000         0.000
 NEURO2         0.000         0.000         0.000         0.000         0.000
 EXTRA1         0.000         0.000         0.000         0.000         0.000
 EXTRA2         0.000         0.000         0.000         0.000         0.000
 EXTRA3         0.000         0.000         0.000         0.000         0.000
 PTGI1          0.000         0.000         0.000         0.000         0.000
 PTGI2          0.000         0.000         0.000         0.000         0.000
 PTGI3          0.000         0.000         0.000         0.000         0.000
 PTGI4          0.000         0.000         0.000         0.000         0.000
 PTGI5          0.000         0.000         0.000         0.000         0.000
 IESR1          0.000         0.000         0.000         0.000         0.000
 IESR2          0.000         0.000         0.000         0.000         0.000
 IESR3          0.000         0.000         0.000         0.000         0.000


           THETA
              MSPSS3        NEURO1        NEURO2        EXTRA1        EXTRA2
              ________      ________      ________      ________      ________
 MSPSS3         0.496
 NEURO1         0.000         0.360
 NEURO2         0.000         0.000         0.360
 EXTRA1         0.000         0.000         0.000         0.551
 EXTRA2         0.000         0.000         0.000         0.000         0.551
 EXTRA3         0.000         0.000         0.000         0.000         0.000
 PTGI1          0.000         0.000         0.000         0.000         0.000
 PTGI2          0.000         0.000         0.000         0.000         0.000
 PTGI3          0.000         0.000         0.000         0.000         0.000
 PTGI4          0.000         0.000         0.000         0.000         0.000
 PTGI5          0.000         0.000         0.000         0.000         0.000
 IESR1          0.000         0.000         0.000         0.000         0.000
 IESR2          0.000         0.000         0.000         0.000         0.000
 IESR3          0.000         0.000         0.000         0.000         0.000


           THETA
              EXTRA3        PTGI1         PTGI2         PTGI3         PTGI4
              ________      ________      ________      ________      ________
 EXTRA3         0.551
 PTGI1          0.000         0.376
 PTGI2          0.000         0.000         0.376
 PTGI3          0.000         0.000         0.000         0.376
 PTGI4          0.000         0.000         0.000         0.000         0.376
 PTGI5          0.000         0.000         0.000         0.000         0.000
 IESR1          0.000         0.000         0.000         0.000         0.000
 IESR2          0.000         0.000         0.000         0.000         0.000
 IESR3          0.000         0.000         0.000         0.000         0.000


           THETA
              PTGI5         IESR1         IESR2         IESR3
              ________      ________      ________      ________
 PTGI5          0.376
 IESR1          0.000         0.278
 IESR2          0.000         0.000         0.278
 IESR3          0.000         0.000         0.000         0.278


           ALPHA
              P             N             COPE          MSPSS         NEURO
              ________      ________      ________      ________      ________
                0.000         0.000         0.000         0.000         0.000


           ALPHA
              EXTRA         PTGI          IESR
              ________      ________      ________
                0.000         0.000         0.000


           BETA
              P             N             COPE          MSPSS         NEURO
              ________      ________      ________      ________      ________
 P              0.000         0.000         0.580         0.040        -0.340
 N              0.000         0.000         0.180        -0.030         0.920
 COPE           0.000         0.000         0.000         0.000         0.000
 MSPSS          0.000         0.000         0.000         0.000         0.000
 NEURO          0.000         0.000         0.000         0.000         0.000
 EXTRA          0.000         0.000         0.000         0.000         0.000
 PTGI           0.190         0.050         0.070         0.040         0.330
 IESR           0.070         0.460        -0.020        -0.050         0.290


           BETA
              EXTRA         PTGI          IESR
              ________      ________      ________
 P             -0.080         0.000         0.000
 N              0.060         0.000         0.000
 COPE           0.000         0.000         0.000
 MSPSS          0.000         0.000         0.000
 NEURO          0.000         0.000         0.000
 EXTRA          0.000         0.000         0.000
 PTGI           0.410         0.000         0.000
 IESR           0.330         0.000         0.000


           PSI
              P             N             COPE          MSPSS         NEURO
              ________      ________      ________      ________      ________
 P              1.000
 N              0.000         1.000
 COPE           0.000         0.000         1.000
 MSPSS          0.000         0.000         0.250         1.000
 NEURO          0.000         0.000        -0.310        -0.250         1.000
 EXTRA          0.000         0.000         0.310         0.460        -0.660
 PTGI           0.000         0.000         0.000         0.000         0.000
 IESR           0.000         0.000         0.000         0.000         0.000


           PSI
              EXTRA         PTGI          IESR
              ________      ________      ________
 EXTRA          1.000
 PTGI           0.000         1.000
 IESR           0.000         0.230         1.000


TECHNICAL 9 OUTPUT

  Error messages for each replication (if any)



     Beginning Time:  08:12:46
        Ending Time:  08:20:37
       Elapsed Time:  00:07:51



MUTHEN & MUTHEN
3463 Stoner Ave.
Los Angeles, CA  90066

Tel: (310) 391-9971
Fax: (310) 391-8971
Web: www.StatModel.com
Support: Support@StatModel.com

Copyright (c) 1998-2021 Muthen & Muthen
