Mplus VERSION 8.6 (Mac)
MUTHEN & MUTHEN
11/12/2022   6:47 AM

INPUT INSTRUCTIONS

  TITLE: Monte Carlo simulation for testing regression coefficients.
  MONTECARLO:
     NAMES = P1-P3 N1-N3
             COPE1-COPE2
             MSPSS1-MSPSS3
             NEURO1-NEURO2
             EXTRA1-EXTRA3
             PTGI1-PTGI5
             IESR1-IESR3
             ;
  NOBSERVATIONS = 800;  !746
  NREPS = 10000; ! 10000
  SEED = 12345;
  MODEL POPULATION:
    [
    P1-P3@0
    N1-N3@0
    COPE1-COPE2@0
    MSPSS1-MSPSS3@0
    NEURO1-NEURO2@0
    EXTRA1-EXTRA3@0
    PTGI1-PTGI5@0
    IESR1-IESR3@0
    ];

  P BY P1-P3@.72;
  P@1;
  P1-P3@.4816;

  N BY N1-N3@.84;
  N@1;
  N1-N3@.2944;

  COPE BY COPE1-COPE2@.71;
  COPE@1;
  COPE1-COPE2@.36;

  MSPSS BY MSPSS1-MSPSS3@.7;
  MSPSS@1;
  MSPSS1-MSPSS3@.4959;

  NEURO BY NEURO1-NEURO2@.8;
  NEURO@1;
  NEURO1-NEURO2@.36;

  EXTRA BY EXTRA1-EXTRA3@.67;
  EXTRA@1;
  EXTRA1-EXTRA3@.5511;

  PTGI BY PTGI1-PTGI5@.79;
  PTGI@1;
  PTGI1-PTGI5@.3759;

  IESR BY IESR1-IESR3@.85;
  IESR@1;
  IESR1-IESR3@.2775;

  P ON COPE@.58 MSPSS@.04 NEURO@-.34 EXTRA@-.08;
  N ON COPE@.18 MSPSS@-.03 NEURO@.92 EXTRA@.06;

  PTGI ON P@.19 N@.05 COPE@.07 MSPSS@.04 NEURO@.33 EXTRA@.41;
  IESR ON P@.07 N@.46 COPE@-.02 MSPSS@-.05 NEURO@.29 EXTRA@.33;

  IESR WITH PTGI@.23;
  MSPSS WITH COPE@.25;
  NEURO WITH COPE@-.31;
  NEURO WITH MSPSS@-.25;
  EXTRA WITH COPE@.31;
  EXTRA WITH MSPSS@.46;
  EXTRA WITH NEURO@-.66;

  MODEL:
    [
    P1-P3*0
    N1-N3*0
    COPE1-COPE2*0
    MSPSS1-MSPSS3*0
    NEURO1-NEURO2*0
    EXTRA1-EXTRA3*0
    PTGI1-PTGI5*0
    IESR1-IESR3*0
    ];

  P BY P1-P3*.72;
  P@1;
  P1-P3*.4816;

  N BY N1-N3*.84;
  N@1;
  N1-N3*.2944;

  COPE BY COPE1-COPE2*.71;
  COPE@1;
  COPE1-COPE2*.36;

  MSPSS BY MSPSS1-MSPSS3*.7;
  MSPSS@1;
  MSPSS1-MSPSS3*.4959;

  NEURO BY NEURO1-NEURO2*.8;
  NEURO@1;
  NEURO1-NEURO2*.36;

  EXTRA BY EXTRA1-EXTRA3*.67;
  EXTRA@1;
  EXTRA1-EXTRA3*.5511;

  PTGI BY PTGI1-PTGI5*.79;
  PTGI@1;
  PTGI1-PTGI5*.3759;

  IESR BY IESR1-IESR3*.85;
  IESR@1;
  IESR1-IESR3*.2775;

  P ON COPE*.58 MSPSS*.04 NEURO*-.34 EXTRA*-.08;
  N ON COPE*.18 MSPSS*-.03 NEURO*.92 EXTRA*.06;

  PTGI ON P*.19 N@.05 COPE*.07 MSPSS*.04 NEURO*.33 EXTRA*.41;
  IESR ON P*.07 N*.46 COPE*-.02 MSPSS*-.05 NEURO*.29 EXTRA*.33;

  IESR WITH PTGI*.23;
  MSPSS WITH COPE*.25;
  NEURO WITH COPE*-.31;
  NEURO WITH MSPSS*-.25;
  EXTRA WITH COPE*.31;
  EXTRA WITH MSPSS*.46;
  EXTRA WITH NEURO*-.66;

  OUTPUT: TECH9;



INPUT READING TERMINATED NORMALLY



Monte Carlo simulation for testing regression coefficients.

SUMMARY OF ANALYSIS

Number of groups                                                 1
Number of observations                                         800

Number of replications
    Requested                                                10000
    Completed                                                10000
Value of seed                                                12345

Number of dependent variables                                   24
Number of independent variables                                  0
Number of continuous latent variables                            8

Observed dependent variables

  Continuous
   P1          P2          P3          N1          N2          N3
   COPE1       COPE2       MSPSS1      MSPSS2      MSPSS3      NEURO1
   NEURO2      EXTRA1      EXTRA2      EXTRA3      PTGI1       PTGI2
   PTGI3       PTGI4       PTGI5       IESR1       IESR2       IESR3

Continuous latent variables
   P           N           COPE        MSPSS       NEURO       EXTRA
   PTGI        IESR


Estimator                                                       ML
Information matrix                                        OBSERVED
Maximum number of iterations                                  1000
Convergence criterion                                    0.500D-04
Maximum number of steepest descent iterations                   20



SAMPLE STATISTICS FOR THE FIRST REPLICATION


     SAMPLE STATISTICS


           Means
              P1            P2            P3            N1            N2
              ________      ________      ________      ________      ________
                0.105         0.051         0.105         0.033        -0.003


           Means
              N3            COPE1         COPE2         MSPSS1        MSPSS2
              ________      ________      ________      ________      ________
                0.022         0.026         0.001         0.073         0.058


           Means
              MSPSS3        NEURO1        NEURO2        EXTRA1        EXTRA2
              ________      ________      ________      ________      ________
                0.053         0.014         0.044         0.028        -0.002


           Means
              EXTRA3        PTGI1         PTGI2         PTGI3         PTGI4
              ________      ________      ________      ________      ________
                0.029         0.029        -0.038        -0.017         0.007


           Means
              PTGI5         IESR1         IESR2         IESR3
              ________      ________      ________      ________
               -0.043        -0.007         0.009        -0.004


           Covariances
              P1            P2            P3            N1            N2
              ________      ________      ________      ________      ________
 P1             1.182
 P2             0.761         1.335
 P3             0.765         0.777         1.201
 N1            -0.223        -0.263        -0.218         1.456
 N2            -0.208        -0.242        -0.222         1.149         1.447
 N3            -0.188        -0.238        -0.190         1.171         1.153
 COPE1          0.328         0.357         0.318        -0.104        -0.080
 COPE2          0.374         0.358         0.313        -0.071        -0.041
 MSPSS1         0.146         0.140         0.122        -0.082        -0.109
 MSPSS2         0.157         0.143         0.147        -0.044        -0.075
 MSPSS3         0.107         0.135         0.162        -0.153        -0.187
 NEURO1        -0.294        -0.325        -0.280         0.490         0.455
 NEURO2        -0.300        -0.362        -0.322         0.549         0.534
 EXTRA1         0.126         0.193         0.126        -0.287        -0.265
 EXTRA2         0.145         0.187         0.177        -0.278        -0.242
 EXTRA3         0.229         0.249         0.194        -0.328        -0.286
 PTGI1          0.143         0.193         0.131         0.008        -0.027
 PTGI2          0.118         0.161         0.175         0.073         0.022
 PTGI3          0.158         0.174         0.130         0.021         0.014
 PTGI4          0.114         0.142         0.136         0.036         0.028
 PTGI5          0.082         0.145         0.128         0.061         0.014
 IESR1         -0.112        -0.092        -0.064         0.563         0.543
 IESR2         -0.116        -0.073        -0.040         0.575         0.543
 IESR3         -0.110        -0.049        -0.047         0.589         0.568


           Covariances
              N3            COPE1         COPE2         MSPSS1        MSPSS2
              ________      ________      ________      ________      ________
 N3             1.463
 COPE1         -0.078         0.906
 COPE2         -0.072         0.522         0.867
 MSPSS1        -0.077         0.081         0.081         0.855
 MSPSS2        -0.045         0.121         0.134         0.431         0.980
 MSPSS3        -0.126         0.090         0.124         0.466         0.484
 NEURO1         0.460        -0.184        -0.167        -0.127        -0.095
 NEURO2         0.535        -0.205        -0.202        -0.150        -0.090
 EXTRA1        -0.232         0.180         0.181         0.208         0.169
 EXTRA2        -0.259         0.102         0.119         0.143         0.173
 EXTRA3        -0.290         0.211         0.188         0.195         0.174
 PTGI1          0.026         0.151         0.112         0.114         0.166
 PTGI2          0.068         0.149         0.109         0.103         0.141
 PTGI3          0.083         0.119         0.106         0.125         0.138
 PTGI4          0.070         0.105         0.091         0.081         0.099
 PTGI5          0.058         0.121         0.101         0.097         0.141
 IESR1          0.577         0.005        -0.059        -0.051        -0.050
 IESR2          0.571         0.000        -0.046        -0.005        -0.020
 IESR3          0.615         0.009        -0.043        -0.006        -0.065


           Covariances
              MSPSS3        NEURO1        NEURO2        EXTRA1        EXTRA2
              ________      ________      ________      ________      ________
 MSPSS3         1.010
 NEURO1        -0.171         0.944
 NEURO2        -0.194         0.627         0.993
 EXTRA1         0.233        -0.339        -0.385         0.954
 EXTRA2         0.202        -0.277        -0.308         0.389         0.902
 EXTRA3         0.206        -0.344        -0.364         0.441         0.390
 PTGI1          0.113        -0.026        -0.060         0.112         0.162
 PTGI2          0.119         0.033        -0.029         0.097         0.157
 PTGI3          0.104        -0.003        -0.034         0.071         0.146
 PTGI4          0.095        -0.013        -0.027         0.081         0.130
 PTGI5          0.095        -0.042        -0.055         0.147         0.200
 IESR1         -0.101         0.262         0.296        -0.043        -0.061
 IESR2         -0.085         0.256         0.290        -0.018        -0.042
 IESR3         -0.064         0.261         0.298        -0.020        -0.041


           Covariances
              EXTRA3        PTGI1         PTGI2         PTGI3         PTGI4
              ________      ________      ________      ________      ________
 EXTRA3         1.036
 PTGI1          0.146         0.977
 PTGI2          0.125         0.618         0.991
 PTGI3          0.139         0.614         0.629         0.991
 PTGI4          0.144         0.640         0.642         0.664         1.008
 PTGI5          0.167         0.640         0.633         0.646         0.647
 IESR1         -0.041         0.179         0.229         0.182         0.241
 IESR2         -0.031         0.178         0.207         0.167         0.246
 IESR3         -0.027         0.165         0.208         0.163         0.242


           Covariances
              PTGI5         IESR1         IESR2         IESR3
              ________      ________      ________      ________
 PTGI5          1.039
 IESR1          0.221         1.204
 IESR2          0.193         0.961         1.284
 IESR3          0.207         0.986         1.024         1.313


           Correlations
              P1            P2            P3            N1            N2
              ________      ________      ________      ________      ________
 P1             1.000
 P2             0.606         1.000
 P3             0.642         0.614         1.000
 N1            -0.170        -0.188        -0.165         1.000
 N2            -0.159        -0.174        -0.168         0.791         1.000
 N3            -0.143        -0.171        -0.143         0.802         0.792
 COPE1          0.317         0.324         0.305        -0.091        -0.070
 COPE2          0.369         0.333         0.307        -0.063        -0.037
 MSPSS1         0.145         0.131         0.120        -0.073        -0.098
 MSPSS2         0.145         0.125         0.136        -0.036        -0.063
 MSPSS3         0.098         0.116         0.147        -0.126        -0.154
 NEURO1        -0.278        -0.290        -0.263         0.418         0.389
 NEURO2        -0.277        -0.314        -0.294         0.456         0.446
 EXTRA1         0.119         0.171         0.117        -0.243        -0.226
 EXTRA2         0.141         0.171         0.170        -0.243        -0.212
 EXTRA3         0.207         0.212         0.174        -0.267        -0.233
 PTGI1          0.133         0.169         0.121         0.006        -0.023
 PTGI2          0.109         0.140         0.161         0.061         0.018
 PTGI3          0.146         0.151         0.120         0.018         0.011
 PTGI4          0.105         0.122         0.123         0.030         0.023
 PTGI5          0.074         0.123         0.114         0.049         0.011
 IESR1         -0.094        -0.073        -0.054         0.425         0.411
 IESR2         -0.094        -0.056        -0.032         0.420         0.398
 IESR3         -0.088        -0.037        -0.038         0.426         0.412


           Correlations
              N3            COPE1         COPE2         MSPSS1        MSPSS2
              ________      ________      ________      ________      ________
 N3             1.000
 COPE1         -0.068         1.000
 COPE2         -0.064         0.589         1.000
 MSPSS1        -0.069         0.092         0.094         1.000
 MSPSS2        -0.037         0.128         0.146         0.471         1.000
 MSPSS3        -0.104         0.094         0.132         0.502         0.486
 NEURO1         0.391        -0.199        -0.184        -0.141        -0.099
 NEURO2         0.444        -0.216        -0.218        -0.163        -0.091
 EXTRA1        -0.196         0.194         0.199         0.231         0.175
 EXTRA2        -0.225         0.113         0.134         0.163         0.184
 EXTRA3        -0.235         0.218         0.198         0.208         0.172
 PTGI1          0.022         0.161         0.121         0.125         0.170
 PTGI2          0.056         0.157         0.117         0.112         0.143
 PTGI3          0.069         0.125         0.114         0.136         0.140
 PTGI4          0.058         0.110         0.098         0.087         0.099
 PTGI5          0.047         0.124         0.106         0.103         0.140
 IESR1          0.434         0.005        -0.058        -0.050        -0.046
 IESR2          0.416         0.000        -0.044        -0.005        -0.018
 IESR3          0.444         0.008        -0.040        -0.006        -0.058


           Correlations
              MSPSS3        NEURO1        NEURO2        EXTRA1        EXTRA2
              ________      ________      ________      ________      ________
 MSPSS3         1.000
 NEURO1        -0.175         1.000
 NEURO2        -0.194         0.647         1.000
 EXTRA1         0.237        -0.357        -0.395         1.000
 EXTRA2         0.212        -0.300        -0.325         0.420         1.000
 EXTRA3         0.202        -0.347        -0.358         0.443         0.404
 PTGI1          0.113        -0.027        -0.061         0.116         0.172
 PTGI2          0.119         0.034        -0.029         0.100         0.166
 PTGI3          0.104        -0.003        -0.035         0.073         0.154
 PTGI4          0.094        -0.013        -0.027         0.082         0.137
 PTGI5          0.093        -0.043        -0.054         0.147         0.207
 IESR1         -0.091         0.246         0.270        -0.040        -0.059
 IESR2         -0.074         0.232         0.257        -0.016        -0.039
 IESR3         -0.055         0.235         0.261        -0.018        -0.038


           Correlations
              EXTRA3        PTGI1         PTGI2         PTGI3         PTGI4
              ________      ________      ________      ________      ________
 EXTRA3         1.000
 PTGI1          0.145         1.000
 PTGI2          0.124         0.627         1.000
 PTGI3          0.137         0.624         0.634         1.000
 PTGI4          0.141         0.645         0.642         0.664         1.000
 PTGI5          0.161         0.635         0.623         0.637         0.632
 IESR1         -0.037         0.165         0.209         0.166         0.219
 IESR2         -0.027         0.159         0.184         0.148         0.216
 IESR3         -0.023         0.146         0.182         0.143         0.210


           Correlations
              PTGI5         IESR1         IESR2         IESR3
              ________      ________      ________      ________
 PTGI5          1.000
 IESR1          0.197         1.000
 IESR2          0.168         0.773         1.000
 IESR3          0.177         0.784         0.789         1.000


MODEL FIT INFORMATION

Number of Free Parameters                       98

Loglikelihood

    H0 Value

        Mean                            -23442.038
        Std Dev                             99.266
        Number of successful computations    10000

             Proportions                   Percentiles
        Expected    Observed         Expected       Observed
           0.990       0.989       -23672.961     -23675.169
           0.980       0.980       -23645.901     -23646.012
           0.950       0.951       -23605.321     -23604.739
           0.900       0.902       -23569.258     -23568.532
           0.800       0.803       -23525.580     -23524.709
           0.700       0.703       -23494.093     -23493.260
           0.500       0.496       -23442.038     -23442.984
           0.300       0.299       -23389.982     -23390.485
           0.200       0.200       -23358.495     -23358.301
           0.100       0.100       -23314.818     -23315.056
           0.050       0.049       -23278.754     -23279.771
           0.020       0.021       -23238.174     -23236.158
           0.010       0.011       -23211.114     -23208.469

    H1 Value

        Mean                            -23327.577
        Std Dev                             99.843
        Number of successful computations    10000

             Proportions                   Percentiles
        Expected    Observed         Expected       Observed
           0.990       0.990       -23559.842     -23560.457
           0.980       0.980       -23532.624     -23533.953
           0.950       0.950       -23491.809     -23491.751
           0.900       0.900       -23455.536     -23455.417
           0.800       0.803       -23411.605     -23410.418
           0.700       0.702       -23379.935     -23379.610
           0.500       0.496       -23327.577     -23328.808
           0.300       0.297       -23275.219     -23276.192
           0.200       0.197       -23243.549     -23244.596
           0.100       0.097       -23199.618     -23201.202
           0.050       0.051       -23163.345     -23162.791
           0.020       0.021       -23122.529     -23121.815
           0.010       0.010       -23095.312     -23094.454

Information Criteria

    Akaike (AIC)

        Mean                             47080.075
        Std Dev                            198.533
        Number of successful computations    10000

             Proportions                   Percentiles
        Expected    Observed         Expected       Observed
           0.990       0.989        46618.228      46610.299
           0.980       0.979        46672.348      46667.699
           0.950       0.951        46753.509      46755.541
           0.900       0.900        46825.636      46825.996
           0.800       0.800        46912.990      46912.368
           0.700       0.701        46975.965      46976.849
           0.500       0.504        47080.075      47081.941
           0.300       0.297        47184.186      47182.468
           0.200       0.197        47247.161      47245.290
           0.100       0.098        47334.515      47332.722
           0.050       0.050        47406.642      47405.289
           0.020       0.020        47487.802      47488.002
           0.010       0.011        47541.922      47546.101

    Bayesian (BIC)

        Mean                             47539.167
        Std Dev                            198.533
        Number of successful computations    10000

             Proportions                   Percentiles
        Expected    Observed         Expected       Observed
           0.990       0.989        47077.320      47069.391
           0.980       0.979        47131.440      47126.791
           0.950       0.951        47212.601      47214.633
           0.900       0.900        47284.728      47285.088
           0.800       0.800        47372.082      47371.460
           0.700       0.701        47435.057      47435.941
           0.500       0.504        47539.167      47541.033
           0.300       0.297        47643.278      47641.560
           0.200       0.197        47706.253      47704.382
           0.100       0.098        47793.607      47791.814
           0.050       0.050        47865.734      47864.381
           0.020       0.020        47946.894      47947.094
           0.010       0.011        48001.014      48005.193

    Sample-Size Adjusted BIC (n* = (n + 2) / 24)

        Mean                             47227.963
        Std Dev                            198.533
        Number of successful computations    10000

             Proportions                   Percentiles
        Expected    Observed         Expected       Observed
           0.990       0.989        46766.116      46758.187
           0.980       0.979        46820.236      46815.586
           0.950       0.951        46901.396      46903.429
           0.900       0.900        46973.523      46973.884
           0.800       0.800        47060.877      47060.256
           0.700       0.701        47123.852      47124.736
           0.500       0.504        47227.963      47229.829
           0.300       0.297        47332.073      47330.355
           0.200       0.197        47395.048      47393.178
           0.100       0.098        47482.402      47480.609
           0.050       0.050        47554.529      47553.177
           0.020       0.020        47635.690      47635.889
           0.010       0.011        47689.810      47693.988

Chi-Square Test of Model Fit

        Degrees of freedom                     226

        Mean                               228.922
        Std Dev                             21.458
        Number of successful computations    10000

             Proportions                   Percentiles
        Expected    Observed         Expected       Observed
           0.990       0.994          179.499        181.820
           0.980       0.985          184.510        186.886
           0.950       0.962          192.203        194.575
           0.900       0.920          199.218        201.955
           0.800       0.840          207.940        210.925
           0.700       0.747          214.386        217.182
           0.500       0.553          225.334        228.398
           0.300       0.351          236.647        239.623
           0.200       0.240          243.671        246.765
           0.100       0.124          253.638        256.560
           0.050       0.065          262.070        265.207
           0.020       0.029          271.777        275.818
           0.010       0.016          278.379        282.163

RMSEA (Root Mean Square Error Of Approximation)

        Mean                                 0.005
        Std Dev                              0.005
        Number of successful computations    10000

        Cumulative Distribution Function
           Value    Function Value
           0.990       1.000
           0.980       1.000
           0.950       1.000
           0.900       1.000
           0.800       1.000
           0.700       1.000
           0.500       1.000
           0.300       1.000
           0.200       1.000
           0.100       1.000
           0.050       1.000
           0.020       0.999
           0.010       0.765

CFI/TLI

    CFI

        Mean                                 0.999
        Std Dev                              0.001
        Number of successful computations    10000

        Cumulative Distribution Function
           Value    Function Value
           0.990       0.000
           0.980       0.000
           0.950       0.000
           0.900       0.000
           0.800       0.000
           0.700       0.000
           0.500       0.000
           0.300       0.000
           0.200       0.000
           0.100       0.000
           0.050       0.000
           0.020       0.000
           0.010       0.000

    TLI

        Mean                                 0.999
        Std Dev                              0.002
        Number of successful computations    10000

        Cumulative Distribution Function
           Value    Function Value
           0.990       0.000
           0.980       0.000
           0.950       0.000
           0.900       0.000
           0.800       0.000
           0.700       0.000
           0.500       0.000
           0.300       0.000
           0.200       0.000
           0.100       0.000
           0.050       0.000
           0.020       0.000
           0.010       0.000

SRMR (Standardized Root Mean Square Residual)

        Mean                                 0.020
        Std Dev                              0.002
        Number of successful computations    10000

        Cumulative Distribution Function
           Value    Function Value
           0.990       1.000
           0.980       1.000
           0.950       1.000
           0.900       1.000
           0.800       1.000
           0.700       1.000
           0.500       1.000
           0.300       1.000
           0.200       1.000
           0.100       1.000
           0.050       1.000
           0.020       0.541
           0.010       0.000


MODEL RESULTS

                              ESTIMATES              S. E.     M. S. E.  95%  % Sig
                 Population   Average   Std. Dev.   Average             Cover Coeff

 P        BY
  P1                  0.720     0.7151     0.0332     0.0332     0.0011 0.944 1.000
  P2                  0.720     0.7153     0.0332     0.0332     0.0011 0.947 1.000
  P3                  0.720     0.7158     0.0337     0.0332     0.0012 0.943 1.000

 N        BY
  N1                  0.840     0.8343     0.0324     0.0322     0.0011 0.945 1.000
  N2                  0.840     0.8341     0.0322     0.0322     0.0011 0.947 1.000
  N3                  0.840     0.8344     0.0323     0.0322     0.0011 0.947 1.000

 COPE     BY
  COPE1               0.710     0.7103     0.0379     0.0372     0.0014 0.945 1.000
  COPE2               0.710     0.7095     0.0378     0.0371     0.0014 0.947 1.000

 MSPSS    BY
  MSPSS1              0.700     0.6991     0.0362     0.0363     0.0013 0.952 1.000
  MSPSS2              0.700     0.7000     0.0366     0.0364     0.0013 0.949 1.000
  MSPSS3              0.700     0.6992     0.0365     0.0363     0.0013 0.947 1.000

 NEURO    BY
  NEURO1              0.800     0.7994     0.0329     0.0328     0.0011 0.952 1.000
  NEURO2              0.800     0.7985     0.0326     0.0328     0.0011 0.954 1.000

 EXTRA    BY
  EXTRA1              0.670     0.6694     0.0360     0.0361     0.0013 0.948 1.000
  EXTRA2              0.670     0.6694     0.0362     0.0361     0.0013 0.948 1.000
  EXTRA3              0.670     0.6698     0.0363     0.0361     0.0013 0.947 1.000

 PTGI     BY
  PTGI1               0.790     0.7845     0.0309     0.0310     0.0010 0.945 1.000
  PTGI2               0.790     0.7846     0.0310     0.0310     0.0010 0.944 1.000
  PTGI3               0.790     0.7845     0.0314     0.0310     0.0010 0.941 1.000
  PTGI4               0.790     0.7845     0.0309     0.0310     0.0010 0.945 1.000
  PTGI5               0.790     0.7842     0.0309     0.0310     0.0010 0.947 1.000

 IESR     BY
  IESR1               0.850     0.8428     0.0294     0.0297     0.0009 0.944 1.000
  IESR2               0.850     0.8425     0.0296     0.0297     0.0009 0.943 1.000
  IESR3               0.850     0.8426     0.0297     0.0297     0.0009 0.941 1.000

 P        ON
  COPE                0.580     0.5868     0.0644     0.0648     0.0042 0.952 1.000
  MSPSS               0.040     0.0396     0.0628     0.0627     0.0039 0.952 0.094
  NEURO              -0.340    -0.3438     0.0815     0.0809     0.0067 0.953 0.992
  EXTRA              -0.080    -0.0821     0.0946     0.0934     0.0089 0.949 0.131

 N        ON
  COPE                0.180     0.1827     0.0561     0.0557     0.0032 0.953 0.920
  MSPSS              -0.030    -0.0308     0.0613     0.0611     0.0038 0.953 0.074
  NEURO               0.920     0.9318     0.0977     0.0963     0.0097 0.953 1.000
  EXTRA               0.060     0.0641     0.0932     0.0914     0.0087 0.951 0.095

 PTGI     ON
  P                   0.190     0.1916     0.0489     0.0489     0.0024 0.950 0.979
  N                   0.050     0.0500     0.0000     0.0000     0.0000 1.000 0.000
  COPE                0.070     0.0694     0.0625     0.0621     0.0039 0.952 0.207
  MSPSS               0.040     0.0380     0.0586     0.0579     0.0034 0.950 0.111
  NEURO               0.330     0.3378     0.0830     0.0812     0.0070 0.949 0.993
  EXTRA               0.410     0.4194     0.0940     0.0920     0.0089 0.951 0.999

 IESR     ON
  P                   0.070     0.0712     0.0482     0.0483     0.0023 0.952 0.309
  N                   0.460     0.4619     0.0498     0.0499     0.0025 0.951 1.000
  COPE               -0.020    -0.0210     0.0638     0.0633     0.0041 0.950 0.064
  MSPSS              -0.050    -0.0530     0.0597     0.0584     0.0036 0.950 0.142
  NEURO               0.290     0.2962     0.1010     0.1002     0.0102 0.953 0.863
  EXTRA               0.330     0.3386     0.0928     0.0919     0.0087 0.955 0.975

 IESR     WITH
  PTGI                0.230     0.2295     0.0424     0.0415     0.0018 0.944 0.999

 MSPSS    WITH
  COPE                0.250     0.2503     0.0463     0.0455     0.0021 0.945 1.000
  NEURO              -0.250    -0.2499     0.0440     0.0442     0.0019 0.950 1.000
  EXTRA               0.460     0.4596     0.0423     0.0417     0.0018 0.946 1.000

 NEURO    WITH
  COPE               -0.310    -0.3096     0.0435     0.0435     0.0019 0.949 1.000
  EXTRA              -0.660    -0.6595     0.0337     0.0337     0.0011 0.949 1.000

 EXTRA    WITH
  COPE                0.310     0.3094     0.0461     0.0458     0.0021 0.948 1.000

 Intercepts
  P1                  0.000     0.0005     0.0399     0.0399     0.0016 0.949 0.051
  P2                  0.000     0.0006     0.0400     0.0399     0.0016 0.951 0.049
  P3                  0.000     0.0003     0.0400     0.0399     0.0016 0.951 0.049
  N1                  0.000     0.0005     0.0438     0.0434     0.0019 0.948 0.052
  N2                  0.000    -0.0001     0.0441     0.0434     0.0019 0.947 0.053
  N3                  0.000     0.0003     0.0437     0.0434     0.0019 0.947 0.053
  COPE1               0.000     0.0001     0.0330     0.0328     0.0011 0.947 0.053
  COPE2               0.000    -0.0001     0.0327     0.0328     0.0011 0.952 0.048
  MSPSS1              0.000     0.0006     0.0348     0.0351     0.0012 0.954 0.046
  MSPSS2              0.000     0.0002     0.0351     0.0351     0.0012 0.949 0.051
  MSPSS3              0.000     0.0004     0.0353     0.0351     0.0012 0.948 0.052
  NEURO1              0.000    -0.0003     0.0357     0.0353     0.0013 0.950 0.050
  NEURO2              0.000    -0.0005     0.0358     0.0353     0.0013 0.945 0.055
  EXTRA1              0.000     0.0008     0.0352     0.0353     0.0012 0.951 0.049
  EXTRA2              0.000     0.0011     0.0352     0.0353     0.0012 0.952 0.048
  EXTRA3              0.000     0.0007     0.0351     0.0353     0.0012 0.953 0.047
  PTGI1               0.000     0.0002     0.0375     0.0374     0.0014 0.948 0.052
  PTGI2               0.000    -0.0001     0.0376     0.0374     0.0014 0.948 0.052
  PTGI3               0.000     0.0000     0.0379     0.0374     0.0014 0.945 0.055
  PTGI4               0.000     0.0001     0.0377     0.0374     0.0014 0.950 0.050
  PTGI5               0.000     0.0002     0.0376     0.0374     0.0014 0.949 0.051
  IESR1               0.000     0.0001     0.0414     0.0411     0.0017 0.952 0.048
  IESR2               0.000     0.0001     0.0414     0.0410     0.0017 0.950 0.050
  IESR3               0.000     0.0002     0.0414     0.0411     0.0017 0.945 0.055

 Variances
  COPE                1.000     1.0000     0.0000     0.0000     0.0000 1.000 0.000
  MSPSS               1.000     1.0000     0.0000     0.0000     0.0000 1.000 0.000
  NEURO               1.000     1.0000     0.0000     0.0000     0.0000 1.000 0.000
  EXTRA               1.000     1.0000     0.0000     0.0000     0.0000 1.000 0.000

 Residual Variances
  P1                  0.482     0.4799     0.0359     0.0359     0.0013 0.949 1.000
  P2                  0.482     0.4801     0.0362     0.0359     0.0013 0.948 1.000
  P3                  0.482     0.4806     0.0357     0.0359     0.0013 0.950 1.000
  N1                  0.294     0.2934     0.0221     0.0221     0.0005 0.948 1.000
  N2                  0.294     0.2938     0.0220     0.0222     0.0005 0.950 1.000
  N3                  0.294     0.2934     0.0224     0.0221     0.0005 0.946 1.000
  COPE1               0.360     0.3576     0.0402     0.0397     0.0016 0.951 1.000
  COPE2               0.360     0.3578     0.0400     0.0396     0.0016 0.951 1.000
  MSPSS1              0.496     0.4941     0.0372     0.0373     0.0014 0.950 1.000
  MSPSS2              0.496     0.4938     0.0375     0.0373     0.0014 0.948 1.000
  MSPSS3              0.496     0.4938     0.0371     0.0373     0.0014 0.951 1.000
  NEURO1              0.360     0.3589     0.0304     0.0301     0.0009 0.946 1.000
  NEURO2              0.360     0.3588     0.0298     0.0301     0.0009 0.951 1.000
  EXTRA1              0.551     0.5491     0.0372     0.0368     0.0014 0.947 1.000
  EXTRA2              0.551     0.5488     0.0370     0.0368     0.0014 0.947 1.000
  EXTRA3              0.551     0.5490     0.0373     0.0369     0.0014 0.947 1.000
  PTGI1               0.376     0.3748     0.0234     0.0235     0.0005 0.946 1.000
  PTGI2               0.376     0.3749     0.0237     0.0235     0.0006 0.942 1.000
  PTGI3               0.376     0.3747     0.0237     0.0235     0.0006 0.946 1.000
  PTGI4               0.376     0.3750     0.0233     0.0235     0.0005 0.949 1.000
  PTGI5               0.376     0.3750     0.0235     0.0235     0.0006 0.948 1.000
  IESR1               0.278     0.2767     0.0216     0.0212     0.0005 0.943 1.000
  IESR2               0.278     0.2771     0.0214     0.0212     0.0005 0.947 1.000
  IESR3               0.278     0.2769     0.0213     0.0212     0.0005 0.946 1.000
  P                   1.000     1.0000     0.0000     0.0000     0.0000 1.000 0.000
  N                   1.000     1.0000     0.0000     0.0000     0.0000 1.000 0.000
  PTGI                1.000     1.0000     0.0000     0.0000     0.0000 1.000 0.000
  IESR                1.000     1.0000     0.0000     0.0000     0.0000 1.000 0.000


QUALITY OF NUMERICAL RESULTS

     Average Condition Number for the Information Matrix      0.672E-02
       (ratio of smallest to largest eigenvalue)


TECHNICAL OUTPUT


     PARAMETER SPECIFICATION


           NU
              P1            P2            P3            N1            N2
              ________      ________      ________      ________      ________
                  1             2             3             4             5


           NU
              N3            COPE1         COPE2         MSPSS1        MSPSS2
              ________      ________      ________      ________      ________
                  6             7             8             9            10


           NU
              MSPSS3        NEURO1        NEURO2        EXTRA1        EXTRA2
              ________      ________      ________      ________      ________
                 11            12            13            14            15


           NU
              EXTRA3        PTGI1         PTGI2         PTGI3         PTGI4
              ________      ________      ________      ________      ________
                 16            17            18            19            20


           NU
              PTGI5         IESR1         IESR2         IESR3
              ________      ________      ________      ________
                 21            22            23            24


           LAMBDA
              P             N             COPE          MSPSS         NEURO
              ________      ________      ________      ________      ________
 P1                25             0             0             0             0
 P2                26             0             0             0             0
 P3                27             0             0             0             0
 N1                 0            28             0             0             0
 N2                 0            29             0             0             0
 N3                 0            30             0             0             0
 COPE1              0             0            31             0             0
 COPE2              0             0            32             0             0
 MSPSS1             0             0             0            33             0
 MSPSS2             0             0             0            34             0
 MSPSS3             0             0             0            35             0
 NEURO1             0             0             0             0            36
 NEURO2             0             0             0             0            37
 EXTRA1             0             0             0             0             0
 EXTRA2             0             0             0             0             0
 EXTRA3             0             0             0             0             0
 PTGI1              0             0             0             0             0
 PTGI2              0             0             0             0             0
 PTGI3              0             0             0             0             0
 PTGI4              0             0             0             0             0
 PTGI5              0             0             0             0             0
 IESR1              0             0             0             0             0
 IESR2              0             0             0             0             0
 IESR3              0             0             0             0             0


           LAMBDA
              EXTRA         PTGI          IESR
              ________      ________      ________
 P1                 0             0             0
 P2                 0             0             0
 P3                 0             0             0
 N1                 0             0             0
 N2                 0             0             0
 N3                 0             0             0
 COPE1              0             0             0
 COPE2              0             0             0
 MSPSS1             0             0             0
 MSPSS2             0             0             0
 MSPSS3             0             0             0
 NEURO1             0             0             0
 NEURO2             0             0             0
 EXTRA1            38             0             0
 EXTRA2            39             0             0
 EXTRA3            40             0             0
 PTGI1              0            41             0
 PTGI2              0            42             0
 PTGI3              0            43             0
 PTGI4              0            44             0
 PTGI5              0            45             0
 IESR1              0             0            46
 IESR2              0             0            47
 IESR3              0             0            48


           THETA
              P1            P2            P3            N1            N2
              ________      ________      ________      ________      ________
 P1                49
 P2                 0            50
 P3                 0             0            51
 N1                 0             0             0            52
 N2                 0             0             0             0            53
 N3                 0             0             0             0             0
 COPE1              0             0             0             0             0
 COPE2              0             0             0             0             0
 MSPSS1             0             0             0             0             0
 MSPSS2             0             0             0             0             0
 MSPSS3             0             0             0             0             0
 NEURO1             0             0             0             0             0
 NEURO2             0             0             0             0             0
 EXTRA1             0             0             0             0             0
 EXTRA2             0             0             0             0             0
 EXTRA3             0             0             0             0             0
 PTGI1              0             0             0             0             0
 PTGI2              0             0             0             0             0
 PTGI3              0             0             0             0             0
 PTGI4              0             0             0             0             0
 PTGI5              0             0             0             0             0
 IESR1              0             0             0             0             0
 IESR2              0             0             0             0             0
 IESR3              0             0             0             0             0


           THETA
              N3            COPE1         COPE2         MSPSS1        MSPSS2
              ________      ________      ________      ________      ________
 N3                54
 COPE1              0            55
 COPE2              0             0            56
 MSPSS1             0             0             0            57
 MSPSS2             0             0             0             0            58
 MSPSS3             0             0             0             0             0
 NEURO1             0             0             0             0             0
 NEURO2             0             0             0             0             0
 EXTRA1             0             0             0             0             0
 EXTRA2             0             0             0             0             0
 EXTRA3             0             0             0             0             0
 PTGI1              0             0             0             0             0
 PTGI2              0             0             0             0             0
 PTGI3              0             0             0             0             0
 PTGI4              0             0             0             0             0
 PTGI5              0             0             0             0             0
 IESR1              0             0             0             0             0
 IESR2              0             0             0             0             0
 IESR3              0             0             0             0             0


           THETA
              MSPSS3        NEURO1        NEURO2        EXTRA1        EXTRA2
              ________      ________      ________      ________      ________
 MSPSS3            59
 NEURO1             0            60
 NEURO2             0             0            61
 EXTRA1             0             0             0            62
 EXTRA2             0             0             0             0            63
 EXTRA3             0             0             0             0             0
 PTGI1              0             0             0             0             0
 PTGI2              0             0             0             0             0
 PTGI3              0             0             0             0             0
 PTGI4              0             0             0             0             0
 PTGI5              0             0             0             0             0
 IESR1              0             0             0             0             0
 IESR2              0             0             0             0             0
 IESR3              0             0             0             0             0


           THETA
              EXTRA3        PTGI1         PTGI2         PTGI3         PTGI4
              ________      ________      ________      ________      ________
 EXTRA3            64
 PTGI1              0            65
 PTGI2              0             0            66
 PTGI3              0             0             0            67
 PTGI4              0             0             0             0            68
 PTGI5              0             0             0             0             0
 IESR1              0             0             0             0             0
 IESR2              0             0             0             0             0
 IESR3              0             0             0             0             0


           THETA
              PTGI5         IESR1         IESR2         IESR3
              ________      ________      ________      ________
 PTGI5             69
 IESR1              0            70
 IESR2              0             0            71
 IESR3              0             0             0            72


           ALPHA
              P             N             COPE          MSPSS         NEURO
              ________      ________      ________      ________      ________
                  0             0             0             0             0


           ALPHA
              EXTRA         PTGI          IESR
              ________      ________      ________
                  0             0             0


           BETA
              P             N             COPE          MSPSS         NEURO
              ________      ________      ________      ________      ________
 P                  0             0            73            74            75
 N                  0             0            77            78            79
 COPE               0             0             0             0             0
 MSPSS              0             0             0             0             0
 NEURO              0             0             0             0             0
 EXTRA              0             0             0             0             0
 PTGI              81             0            82            83            84
 IESR              86            87            88            89            90


           BETA
              EXTRA         PTGI          IESR
              ________      ________      ________
 P                 76             0             0
 N                 80             0             0
 COPE               0             0             0
 MSPSS              0             0             0
 NEURO              0             0             0
 EXTRA              0             0             0
 PTGI              85             0             0
 IESR              91             0             0


           PSI
              P             N             COPE          MSPSS         NEURO
              ________      ________      ________      ________      ________
 P                  0
 N                  0             0
 COPE               0             0             0
 MSPSS              0             0            92             0
 NEURO              0             0            93            94             0
 EXTRA              0             0            95            96            97
 PTGI               0             0             0             0             0
 IESR               0             0             0             0             0


           PSI
              EXTRA         PTGI          IESR
              ________      ________      ________
 EXTRA              0
 PTGI               0             0
 IESR               0            98             0


     STARTING VALUES


           NU
              P1            P2            P3            N1            N2
              ________      ________      ________      ________      ________
                0.000         0.000         0.000         0.000         0.000


           NU
              N3            COPE1         COPE2         MSPSS1        MSPSS2
              ________      ________      ________      ________      ________
                0.000         0.000         0.000         0.000         0.000


           NU
              MSPSS3        NEURO1        NEURO2        EXTRA1        EXTRA2
              ________      ________      ________      ________      ________
                0.000         0.000         0.000         0.000         0.000


           NU
              EXTRA3        PTGI1         PTGI2         PTGI3         PTGI4
              ________      ________      ________      ________      ________
                0.000         0.000         0.000         0.000         0.000


           NU
              PTGI5         IESR1         IESR2         IESR3
              ________      ________      ________      ________
                0.000         0.000         0.000         0.000


           LAMBDA
              P             N             COPE          MSPSS         NEURO
              ________      ________      ________      ________      ________
 P1             0.720         0.000         0.000         0.000         0.000
 P2             0.720         0.000         0.000         0.000         0.000
 P3             0.720         0.000         0.000         0.000         0.000
 N1             0.000         0.840         0.000         0.000         0.000
 N2             0.000         0.840         0.000         0.000         0.000
 N3             0.000         0.840         0.000         0.000         0.000
 COPE1          0.000         0.000         0.710         0.000         0.000
 COPE2          0.000         0.000         0.710         0.000         0.000
 MSPSS1         0.000         0.000         0.000         0.700         0.000
 MSPSS2         0.000         0.000         0.000         0.700         0.000
 MSPSS3         0.000         0.000         0.000         0.700         0.000
 NEURO1         0.000         0.000         0.000         0.000         0.800
 NEURO2         0.000         0.000         0.000         0.000         0.800
 EXTRA1         0.000         0.000         0.000         0.000         0.000
 EXTRA2         0.000         0.000         0.000         0.000         0.000
 EXTRA3         0.000         0.000         0.000         0.000         0.000
 PTGI1          0.000         0.000         0.000         0.000         0.000
 PTGI2          0.000         0.000         0.000         0.000         0.000
 PTGI3          0.000         0.000         0.000         0.000         0.000
 PTGI4          0.000         0.000         0.000         0.000         0.000
 PTGI5          0.000         0.000         0.000         0.000         0.000
 IESR1          0.000         0.000         0.000         0.000         0.000
 IESR2          0.000         0.000         0.000         0.000         0.000
 IESR3          0.000         0.000         0.000         0.000         0.000


           LAMBDA
              EXTRA         PTGI          IESR
              ________      ________      ________
 P1             0.000         0.000         0.000
 P2             0.000         0.000         0.000
 P3             0.000         0.000         0.000
 N1             0.000         0.000         0.000
 N2             0.000         0.000         0.000
 N3             0.000         0.000         0.000
 COPE1          0.000         0.000         0.000
 COPE2          0.000         0.000         0.000
 MSPSS1         0.000         0.000         0.000
 MSPSS2         0.000         0.000         0.000
 MSPSS3         0.000         0.000         0.000
 NEURO1         0.000         0.000         0.000
 NEURO2         0.000         0.000         0.000
 EXTRA1         0.670         0.000         0.000
 EXTRA2         0.670         0.000         0.000
 EXTRA3         0.670         0.000         0.000
 PTGI1          0.000         0.790         0.000
 PTGI2          0.000         0.790         0.000
 PTGI3          0.000         0.790         0.000
 PTGI4          0.000         0.790         0.000
 PTGI5          0.000         0.790         0.000
 IESR1          0.000         0.000         0.850
 IESR2          0.000         0.000         0.850
 IESR3          0.000         0.000         0.850


           THETA
              P1            P2            P3            N1            N2
              ________      ________      ________      ________      ________
 P1             0.482
 P2             0.000         0.482
 P3             0.000         0.000         0.482
 N1             0.000         0.000         0.000         0.294
 N2             0.000         0.000         0.000         0.000         0.294
 N3             0.000         0.000         0.000         0.000         0.000
 COPE1          0.000         0.000         0.000         0.000         0.000
 COPE2          0.000         0.000         0.000         0.000         0.000
 MSPSS1         0.000         0.000         0.000         0.000         0.000
 MSPSS2         0.000         0.000         0.000         0.000         0.000
 MSPSS3         0.000         0.000         0.000         0.000         0.000
 NEURO1         0.000         0.000         0.000         0.000         0.000
 NEURO2         0.000         0.000         0.000         0.000         0.000
 EXTRA1         0.000         0.000         0.000         0.000         0.000
 EXTRA2         0.000         0.000         0.000         0.000         0.000
 EXTRA3         0.000         0.000         0.000         0.000         0.000
 PTGI1          0.000         0.000         0.000         0.000         0.000
 PTGI2          0.000         0.000         0.000         0.000         0.000
 PTGI3          0.000         0.000         0.000         0.000         0.000
 PTGI4          0.000         0.000         0.000         0.000         0.000
 PTGI5          0.000         0.000         0.000         0.000         0.000
 IESR1          0.000         0.000         0.000         0.000         0.000
 IESR2          0.000         0.000         0.000         0.000         0.000
 IESR3          0.000         0.000         0.000         0.000         0.000


           THETA
              N3            COPE1         COPE2         MSPSS1        MSPSS2
              ________      ________      ________      ________      ________
 N3             0.294
 COPE1          0.000         0.360
 COPE2          0.000         0.000         0.360
 MSPSS1         0.000         0.000         0.000         0.496
 MSPSS2         0.000         0.000         0.000         0.000         0.496
 MSPSS3         0.000         0.000         0.000         0.000         0.000
 NEURO1         0.000         0.000         0.000         0.000         0.000
 NEURO2         0.000         0.000         0.000         0.000         0.000
 EXTRA1         0.000         0.000         0.000         0.000         0.000
 EXTRA2         0.000         0.000         0.000         0.000         0.000
 EXTRA3         0.000         0.000         0.000         0.000         0.000
 PTGI1          0.000         0.000         0.000         0.000         0.000
 PTGI2          0.000         0.000         0.000         0.000         0.000
 PTGI3          0.000         0.000         0.000         0.000         0.000
 PTGI4          0.000         0.000         0.000         0.000         0.000
 PTGI5          0.000         0.000         0.000         0.000         0.000
 IESR1          0.000         0.000         0.000         0.000         0.000
 IESR2          0.000         0.000         0.000         0.000         0.000
 IESR3          0.000         0.000         0.000         0.000         0.000


           THETA
              MSPSS3        NEURO1        NEURO2        EXTRA1        EXTRA2
              ________      ________      ________      ________      ________
 MSPSS3         0.496
 NEURO1         0.000         0.360
 NEURO2         0.000         0.000         0.360
 EXTRA1         0.000         0.000         0.000         0.551
 EXTRA2         0.000         0.000         0.000         0.000         0.551
 EXTRA3         0.000         0.000         0.000         0.000         0.000
 PTGI1          0.000         0.000         0.000         0.000         0.000
 PTGI2          0.000         0.000         0.000         0.000         0.000
 PTGI3          0.000         0.000         0.000         0.000         0.000
 PTGI4          0.000         0.000         0.000         0.000         0.000
 PTGI5          0.000         0.000         0.000         0.000         0.000
 IESR1          0.000         0.000         0.000         0.000         0.000
 IESR2          0.000         0.000         0.000         0.000         0.000
 IESR3          0.000         0.000         0.000         0.000         0.000


           THETA
              EXTRA3        PTGI1         PTGI2         PTGI3         PTGI4
              ________      ________      ________      ________      ________
 EXTRA3         0.551
 PTGI1          0.000         0.376
 PTGI2          0.000         0.000         0.376
 PTGI3          0.000         0.000         0.000         0.376
 PTGI4          0.000         0.000         0.000         0.000         0.376
 PTGI5          0.000         0.000         0.000         0.000         0.000
 IESR1          0.000         0.000         0.000         0.000         0.000
 IESR2          0.000         0.000         0.000         0.000         0.000
 IESR3          0.000         0.000         0.000         0.000         0.000


           THETA
              PTGI5         IESR1         IESR2         IESR3
              ________      ________      ________      ________
 PTGI5          0.376
 IESR1          0.000         0.278
 IESR2          0.000         0.000         0.278
 IESR3          0.000         0.000         0.000         0.278


           ALPHA
              P             N             COPE          MSPSS         NEURO
              ________      ________      ________      ________      ________
                0.000         0.000         0.000         0.000         0.000


           ALPHA
              EXTRA         PTGI          IESR
              ________      ________      ________
                0.000         0.000         0.000


           BETA
              P             N             COPE          MSPSS         NEURO
              ________      ________      ________      ________      ________
 P              0.000         0.000         0.580         0.040        -0.340
 N              0.000         0.000         0.180        -0.030         0.920
 COPE           0.000         0.000         0.000         0.000         0.000
 MSPSS          0.000         0.000         0.000         0.000         0.000
 NEURO          0.000         0.000         0.000         0.000         0.000
 EXTRA          0.000         0.000         0.000         0.000         0.000
 PTGI           0.190         0.050         0.070         0.040         0.330
 IESR           0.070         0.460        -0.020        -0.050         0.290


           BETA
              EXTRA         PTGI          IESR
              ________      ________      ________
 P             -0.080         0.000         0.000
 N              0.060         0.000         0.000
 COPE           0.000         0.000         0.000
 MSPSS          0.000         0.000         0.000
 NEURO          0.000         0.000         0.000
 EXTRA          0.000         0.000         0.000
 PTGI           0.410         0.000         0.000
 IESR           0.330         0.000         0.000


           PSI
              P             N             COPE          MSPSS         NEURO
              ________      ________      ________      ________      ________
 P              1.000
 N              0.000         1.000
 COPE           0.000         0.000         1.000
 MSPSS          0.000         0.000         0.250         1.000
 NEURO          0.000         0.000        -0.310        -0.250         1.000
 EXTRA          0.000         0.000         0.310         0.460        -0.660
 PTGI           0.000         0.000         0.000         0.000         0.000
 IESR           0.000         0.000         0.000         0.000         0.000


           PSI
              EXTRA         PTGI          IESR
              ________      ________      ________
 EXTRA          1.000
 PTGI           0.000         1.000
 IESR           0.000         0.230         1.000


     POPULATION VALUES


           NU
              P1            P2            P3            N1            N2
              ________      ________      ________      ________      ________
                0.000         0.000         0.000         0.000         0.000


           NU
              N3            COPE1         COPE2         MSPSS1        MSPSS2
              ________      ________      ________      ________      ________
                0.000         0.000         0.000         0.000         0.000


           NU
              MSPSS3        NEURO1        NEURO2        EXTRA1        EXTRA2
              ________      ________      ________      ________      ________
                0.000         0.000         0.000         0.000         0.000


           NU
              EXTRA3        PTGI1         PTGI2         PTGI3         PTGI4
              ________      ________      ________      ________      ________
                0.000         0.000         0.000         0.000         0.000


           NU
              PTGI5         IESR1         IESR2         IESR3
              ________      ________      ________      ________
                0.000         0.000         0.000         0.000


           LAMBDA
              P             N             COPE          MSPSS         NEURO
              ________      ________      ________      ________      ________
 P1             0.720         0.000         0.000         0.000         0.000
 P2             0.720         0.000         0.000         0.000         0.000
 P3             0.720         0.000         0.000         0.000         0.000
 N1             0.000         0.840         0.000         0.000         0.000
 N2             0.000         0.840         0.000         0.000         0.000
 N3             0.000         0.840         0.000         0.000         0.000
 COPE1          0.000         0.000         0.710         0.000         0.000
 COPE2          0.000         0.000         0.710         0.000         0.000
 MSPSS1         0.000         0.000         0.000         0.700         0.000
 MSPSS2         0.000         0.000         0.000         0.700         0.000
 MSPSS3         0.000         0.000         0.000         0.700         0.000
 NEURO1         0.000         0.000         0.000         0.000         0.800
 NEURO2         0.000         0.000         0.000         0.000         0.800
 EXTRA1         0.000         0.000         0.000         0.000         0.000
 EXTRA2         0.000         0.000         0.000         0.000         0.000
 EXTRA3         0.000         0.000         0.000         0.000         0.000
 PTGI1          0.000         0.000         0.000         0.000         0.000
 PTGI2          0.000         0.000         0.000         0.000         0.000
 PTGI3          0.000         0.000         0.000         0.000         0.000
 PTGI4          0.000         0.000         0.000         0.000         0.000
 PTGI5          0.000         0.000         0.000         0.000         0.000
 IESR1          0.000         0.000         0.000         0.000         0.000
 IESR2          0.000         0.000         0.000         0.000         0.000
 IESR3          0.000         0.000         0.000         0.000         0.000


           LAMBDA
              EXTRA         PTGI          IESR
              ________      ________      ________
 P1             0.000         0.000         0.000
 P2             0.000         0.000         0.000
 P3             0.000         0.000         0.000
 N1             0.000         0.000         0.000
 N2             0.000         0.000         0.000
 N3             0.000         0.000         0.000
 COPE1          0.000         0.000         0.000
 COPE2          0.000         0.000         0.000
 MSPSS1         0.000         0.000         0.000
 MSPSS2         0.000         0.000         0.000
 MSPSS3         0.000         0.000         0.000
 NEURO1         0.000         0.000         0.000
 NEURO2         0.000         0.000         0.000
 EXTRA1         0.670         0.000         0.000
 EXTRA2         0.670         0.000         0.000
 EXTRA3         0.670         0.000         0.000
 PTGI1          0.000         0.790         0.000
 PTGI2          0.000         0.790         0.000
 PTGI3          0.000         0.790         0.000
 PTGI4          0.000         0.790         0.000
 PTGI5          0.000         0.790         0.000
 IESR1          0.000         0.000         0.850
 IESR2          0.000         0.000         0.850
 IESR3          0.000         0.000         0.850


           THETA
              P1            P2            P3            N1            N2
              ________      ________      ________      ________      ________
 P1             0.482
 P2             0.000         0.482
 P3             0.000         0.000         0.482
 N1             0.000         0.000         0.000         0.294
 N2             0.000         0.000         0.000         0.000         0.294
 N3             0.000         0.000         0.000         0.000         0.000
 COPE1          0.000         0.000         0.000         0.000         0.000
 COPE2          0.000         0.000         0.000         0.000         0.000
 MSPSS1         0.000         0.000         0.000         0.000         0.000
 MSPSS2         0.000         0.000         0.000         0.000         0.000
 MSPSS3         0.000         0.000         0.000         0.000         0.000
 NEURO1         0.000         0.000         0.000         0.000         0.000
 NEURO2         0.000         0.000         0.000         0.000         0.000
 EXTRA1         0.000         0.000         0.000         0.000         0.000
 EXTRA2         0.000         0.000         0.000         0.000         0.000
 EXTRA3         0.000         0.000         0.000         0.000         0.000
 PTGI1          0.000         0.000         0.000         0.000         0.000
 PTGI2          0.000         0.000         0.000         0.000         0.000
 PTGI3          0.000         0.000         0.000         0.000         0.000
 PTGI4          0.000         0.000         0.000         0.000         0.000
 PTGI5          0.000         0.000         0.000         0.000         0.000
 IESR1          0.000         0.000         0.000         0.000         0.000
 IESR2          0.000         0.000         0.000         0.000         0.000
 IESR3          0.000         0.000         0.000         0.000         0.000


           THETA
              N3            COPE1         COPE2         MSPSS1        MSPSS2
              ________      ________      ________      ________      ________
 N3             0.294
 COPE1          0.000         0.360
 COPE2          0.000         0.000         0.360
 MSPSS1         0.000         0.000         0.000         0.496
 MSPSS2         0.000         0.000         0.000         0.000         0.496
 MSPSS3         0.000         0.000         0.000         0.000         0.000
 NEURO1         0.000         0.000         0.000         0.000         0.000
 NEURO2         0.000         0.000         0.000         0.000         0.000
 EXTRA1         0.000         0.000         0.000         0.000         0.000
 EXTRA2         0.000         0.000         0.000         0.000         0.000
 EXTRA3         0.000         0.000         0.000         0.000         0.000
 PTGI1          0.000         0.000         0.000         0.000         0.000
 PTGI2          0.000         0.000         0.000         0.000         0.000
 PTGI3          0.000         0.000         0.000         0.000         0.000
 PTGI4          0.000         0.000         0.000         0.000         0.000
 PTGI5          0.000         0.000         0.000         0.000         0.000
 IESR1          0.000         0.000         0.000         0.000         0.000
 IESR2          0.000         0.000         0.000         0.000         0.000
 IESR3          0.000         0.000         0.000         0.000         0.000


           THETA
              MSPSS3        NEURO1        NEURO2        EXTRA1        EXTRA2
              ________      ________      ________      ________      ________
 MSPSS3         0.496
 NEURO1         0.000         0.360
 NEURO2         0.000         0.000         0.360
 EXTRA1         0.000         0.000         0.000         0.551
 EXTRA2         0.000         0.000         0.000         0.000         0.551
 EXTRA3         0.000         0.000         0.000         0.000         0.000
 PTGI1          0.000         0.000         0.000         0.000         0.000
 PTGI2          0.000         0.000         0.000         0.000         0.000
 PTGI3          0.000         0.000         0.000         0.000         0.000
 PTGI4          0.000         0.000         0.000         0.000         0.000
 PTGI5          0.000         0.000         0.000         0.000         0.000
 IESR1          0.000         0.000         0.000         0.000         0.000
 IESR2          0.000         0.000         0.000         0.000         0.000
 IESR3          0.000         0.000         0.000         0.000         0.000


           THETA
              EXTRA3        PTGI1         PTGI2         PTGI3         PTGI4
              ________      ________      ________      ________      ________
 EXTRA3         0.551
 PTGI1          0.000         0.376
 PTGI2          0.000         0.000         0.376
 PTGI3          0.000         0.000         0.000         0.376
 PTGI4          0.000         0.000         0.000         0.000         0.376
 PTGI5          0.000         0.000         0.000         0.000         0.000
 IESR1          0.000         0.000         0.000         0.000         0.000
 IESR2          0.000         0.000         0.000         0.000         0.000
 IESR3          0.000         0.000         0.000         0.000         0.000


           THETA
              PTGI5         IESR1         IESR2         IESR3
              ________      ________      ________      ________
 PTGI5          0.376
 IESR1          0.000         0.278
 IESR2          0.000         0.000         0.278
 IESR3          0.000         0.000         0.000         0.278


           ALPHA
              P             N             COPE          MSPSS         NEURO
              ________      ________      ________      ________      ________
                0.000         0.000         0.000         0.000         0.000


           ALPHA
              EXTRA         PTGI          IESR
              ________      ________      ________
                0.000         0.000         0.000


           BETA
              P             N             COPE          MSPSS         NEURO
              ________      ________      ________      ________      ________
 P              0.000         0.000         0.580         0.040        -0.340
 N              0.000         0.000         0.180        -0.030         0.920
 COPE           0.000         0.000         0.000         0.000         0.000
 MSPSS          0.000         0.000         0.000         0.000         0.000
 NEURO          0.000         0.000         0.000         0.000         0.000
 EXTRA          0.000         0.000         0.000         0.000         0.000
 PTGI           0.190         0.050         0.070         0.040         0.330
 IESR           0.070         0.460        -0.020        -0.050         0.290


           BETA
              EXTRA         PTGI          IESR
              ________      ________      ________
 P             -0.080         0.000         0.000
 N              0.060         0.000         0.000
 COPE           0.000         0.000         0.000
 MSPSS          0.000         0.000         0.000
 NEURO          0.000         0.000         0.000
 EXTRA          0.000         0.000         0.000
 PTGI           0.410         0.000         0.000
 IESR           0.330         0.000         0.000


           PSI
              P             N             COPE          MSPSS         NEURO
              ________      ________      ________      ________      ________
 P              1.000
 N              0.000         1.000
 COPE           0.000         0.000         1.000
 MSPSS          0.000         0.000         0.250         1.000
 NEURO          0.000         0.000        -0.310        -0.250         1.000
 EXTRA          0.000         0.000         0.310         0.460        -0.660
 PTGI           0.000         0.000         0.000         0.000         0.000
 IESR           0.000         0.000         0.000         0.000         0.000


           PSI
              EXTRA         PTGI          IESR
              ________      ________      ________
 EXTRA          1.000
 PTGI           0.000         1.000
 IESR           0.000         0.230         1.000


TECHNICAL 9 OUTPUT

  Error messages for each replication (if any)



     Beginning Time:  06:47:29
        Ending Time:  06:58:12
       Elapsed Time:  00:10:43



MUTHEN & MUTHEN
3463 Stoner Ave.
Los Angeles, CA  90066

Tel: (310) 391-9971
Fax: (310) 391-8971
Web: www.StatModel.com
Support: Support@StatModel.com

Copyright (c) 1998-2021 Muthen & Muthen
