Mplus VERSION 8.6 (Mac)
MUTHEN & MUTHEN
11/12/2022   9:33 AM

INPUT INSTRUCTIONS

  TITLE: Monte Carlo simulation for testing regression coefficients.
  MONTECARLO:
     NAMES = P1-P3 N1-N3
             COPE1-COPE2
             MSPSS1-MSPSS3
             NEURO1-NEURO2
             EXTRA1-EXTRA3
             PTGI1-PTGI5
             IESR1-IESR3
             ;
  NOBSERVATIONS = 900;  !746
  NREPS = 10000; ! 10000
  SEED = 12345;
  MODEL POPULATION:
    [
    P1-P3@0
    N1-N3@0
    COPE1-COPE2@0
    MSPSS1-MSPSS3@0
    NEURO1-NEURO2@0
    EXTRA1-EXTRA3@0
    PTGI1-PTGI5@0
    IESR1-IESR3@0
    ];

  P BY P1-P3@.72;
  P@1;
  P1-P3@.4816;

  N BY N1-N3@.84;
  N@1;
  N1-N3@.2944;

  COPE BY COPE1-COPE2@.71;
  COPE@1;
  COPE1-COPE2@.36;

  MSPSS BY MSPSS1-MSPSS3@.7;
  MSPSS@1;
  MSPSS1-MSPSS3@.4959;

  NEURO BY NEURO1-NEURO2@.8;
  NEURO@1;
  NEURO1-NEURO2@.36;

  EXTRA BY EXTRA1-EXTRA3@.67;
  EXTRA@1;
  EXTRA1-EXTRA3@.5511;

  PTGI BY PTGI1-PTGI5@.79;
  PTGI@1;
  PTGI1-PTGI5@.3759;

  IESR BY IESR1-IESR3@.85;
  IESR@1;
  IESR1-IESR3@.2775;

  P ON COPE@.58 MSPSS@.04 NEURO@-.34 EXTRA@-.08;
  N ON COPE@.18 MSPSS@-.03 NEURO@.92 EXTRA@.06;

  PTGI ON P@.19 N@.05 COPE@.07 MSPSS@.04 NEURO@.33 EXTRA@.41;
  IESR ON P@.07 N@.46 COPE@-.02 MSPSS@-.05 NEURO@.29 EXTRA@.33;

  IESR WITH PTGI@.23;
  MSPSS WITH COPE@.25;
  NEURO WITH COPE@-.31;
  NEURO WITH MSPSS@-.25;
  EXTRA WITH COPE@.31;
  EXTRA WITH MSPSS@.46;
  EXTRA WITH NEURO@-.66;

  MODEL:
    [
    P1-P3*0
    N1-N3*0
    COPE1-COPE2*0
    MSPSS1-MSPSS3*0
    NEURO1-NEURO2*0
    EXTRA1-EXTRA3*0
    PTGI1-PTGI5*0
    IESR1-IESR3*0
    ];

  P BY P1-P3*.72;
  P@1;
  P1-P3*.4816;

  N BY N1-N3*.84;
  N@1;
  N1-N3*.2944;

  COPE BY COPE1-COPE2*.71;
  COPE@1;
  COPE1-COPE2*.36;

  MSPSS BY MSPSS1-MSPSS3*.7;
  MSPSS@1;
  MSPSS1-MSPSS3*.4959;

  NEURO BY NEURO1-NEURO2*.8;
  NEURO@1;
  NEURO1-NEURO2*.36;

  EXTRA BY EXTRA1-EXTRA3*.67;
  EXTRA@1;
  EXTRA1-EXTRA3*.5511;

  PTGI BY PTGI1-PTGI5*.79;
  PTGI@1;
  PTGI1-PTGI5*.3759;

  IESR BY IESR1-IESR3*.85;
  IESR@1;
  IESR1-IESR3*.2775;

  P ON COPE*.58 MSPSS*.04 NEURO*-.34 EXTRA*-.08;
  N ON COPE*.18 MSPSS*-.03 NEURO*.92 EXTRA*.06;

  PTGI ON P*.19 N@.05 COPE*.07 MSPSS*.04 NEURO*.33 EXTRA*.41;
  IESR ON P*.07 N*.46 COPE*-.02 MSPSS*-.05 NEURO*.29 EXTRA*.33;

  IESR WITH PTGI*.23;
  MSPSS WITH COPE*.25;
  NEURO WITH COPE*-.31;
  NEURO WITH MSPSS*-.25;
  EXTRA WITH COPE*.31;
  EXTRA WITH MSPSS*.46;
  EXTRA WITH NEURO*-.66;

  OUTPUT: TECH9;



INPUT READING TERMINATED NORMALLY



Monte Carlo simulation for testing regression coefficients.

SUMMARY OF ANALYSIS

Number of groups                                                 1
Number of observations                                         900

Number of replications
    Requested                                                10000
    Completed                                                10000
Value of seed                                                12345

Number of dependent variables                                   24
Number of independent variables                                  0
Number of continuous latent variables                            8

Observed dependent variables

  Continuous
   P1          P2          P3          N1          N2          N3
   COPE1       COPE2       MSPSS1      MSPSS2      MSPSS3      NEURO1
   NEURO2      EXTRA1      EXTRA2      EXTRA3      PTGI1       PTGI2
   PTGI3       PTGI4       PTGI5       IESR1       IESR2       IESR3

Continuous latent variables
   P           N           COPE        MSPSS       NEURO       EXTRA
   PTGI        IESR


Estimator                                                       ML
Information matrix                                        OBSERVED
Maximum number of iterations                                  1000
Convergence criterion                                    0.500D-04
Maximum number of steepest descent iterations                   20



SAMPLE STATISTICS FOR THE FIRST REPLICATION


     SAMPLE STATISTICS


           Means
              P1            P2            P3            N1            N2
              ________      ________      ________      ________      ________
                0.090         0.047         0.097         0.036        -0.008


           Means
              N3            COPE1         COPE2         MSPSS1        MSPSS2
              ________      ________      ________      ________      ________
                0.022         0.029         0.007         0.073         0.079


           Means
              MSPSS3        NEURO1        NEURO2        EXTRA1        EXTRA2
              ________      ________      ________      ________      ________
                0.053         0.004         0.041         0.035        -0.006


           Means
              EXTRA3        PTGI1         PTGI2         PTGI3         PTGI4
              ________      ________      ________      ________      ________
                0.036         0.030        -0.032        -0.016         0.003


           Means
              PTGI5         IESR1         IESR2         IESR3
              ________      ________      ________      ________
               -0.038        -0.019         0.011         0.002


           Covariances
              P1            P2            P3            N1            N2
              ________      ________      ________      ________      ________
 P1             1.185
 P2             0.766         1.313
 P3             0.770         0.773         1.222
 N1            -0.220        -0.255        -0.224         1.452
 N2            -0.208        -0.233        -0.223         1.148         1.446
 N3            -0.172        -0.212        -0.194         1.177         1.150
 COPE1          0.316         0.339         0.318        -0.107        -0.086
 COPE2          0.364         0.352         0.316        -0.079        -0.057
 MSPSS1         0.119         0.131         0.097        -0.042        -0.089
 MSPSS2         0.128         0.136         0.118        -0.034        -0.074
 MSPSS3         0.088         0.127         0.157        -0.146        -0.188
 NEURO1        -0.282        -0.307        -0.275         0.481         0.459
 NEURO2        -0.302        -0.360        -0.326         0.538         0.527
 EXTRA1         0.115         0.187         0.127        -0.259        -0.248
 EXTRA2         0.126         0.172         0.159        -0.250        -0.226
 EXTRA3         0.227         0.253         0.204        -0.305        -0.270
 PTGI1          0.159         0.184         0.126         0.019        -0.015
 PTGI2          0.122         0.144         0.164         0.088         0.036
 PTGI3          0.143         0.158         0.111         0.038         0.030
 PTGI4          0.129         0.129         0.130         0.048         0.036
 PTGI5          0.103         0.146         0.131         0.066         0.017
 IESR1         -0.115        -0.087        -0.084         0.580         0.564
 IESR2         -0.120        -0.068        -0.051         0.585         0.565
 IESR3         -0.124        -0.058        -0.072         0.600         0.581


           Covariances
              N3            COPE1         COPE2         MSPSS1        MSPSS2
              ________      ________      ________      ________      ________
 N3             1.467
 COPE1         -0.078         0.899
 COPE2         -0.064         0.506         0.851
 MSPSS1        -0.046         0.088         0.084         0.869
 MSPSS2        -0.035         0.112         0.112         0.443         0.974
 MSPSS3        -0.125         0.108         0.129         0.469         0.490
 NEURO1         0.450        -0.185        -0.175        -0.107        -0.085
 NEURO2         0.519        -0.202        -0.199        -0.133        -0.088
 EXTRA1        -0.207         0.182         0.169         0.201         0.174
 EXTRA2        -0.237         0.111         0.106         0.144         0.164
 EXTRA3        -0.274         0.208         0.178         0.202         0.180
 PTGI1          0.048         0.122         0.099         0.077         0.141
 PTGI2          0.082         0.126         0.095         0.091         0.132
 PTGI3          0.105         0.101         0.107         0.107         0.121
 PTGI4          0.092         0.105         0.086         0.059         0.092
 PTGI5          0.075         0.114         0.098         0.086         0.139
 IESR1          0.592        -0.013        -0.052        -0.028        -0.051
 IESR2          0.582        -0.009        -0.043         0.010        -0.016
 IESR3          0.619        -0.005        -0.045         0.010        -0.068


           Covariances
              MSPSS3        NEURO1        NEURO2        EXTRA1        EXTRA2
              ________      ________      ________      ________      ________
 MSPSS3         1.022
 NEURO1        -0.163         0.925
 NEURO2        -0.176         0.614         0.975
 EXTRA1         0.225        -0.322        -0.363         0.953
 EXTRA2         0.194        -0.261        -0.287         0.375         0.897
 EXTRA3         0.207        -0.320        -0.342         0.423         0.384
 PTGI1          0.082        -0.007        -0.052         0.109         0.169
 PTGI2          0.104         0.049        -0.019         0.101         0.172
 PTGI3          0.098         0.009        -0.024         0.074         0.152
 PTGI4          0.099        -0.002        -0.012         0.093         0.143
 PTGI5          0.097        -0.026        -0.041         0.155         0.209
 IESR1         -0.089         0.267         0.296        -0.044        -0.061
 IESR2         -0.062         0.268         0.306        -0.014        -0.037
 IESR3         -0.052         0.273         0.307        -0.018        -0.037


           Covariances
              EXTRA3        PTGI1         PTGI2         PTGI3         PTGI4
              ________      ________      ________      ________      ________
 EXTRA3         1.017
 PTGI1          0.139         1.045
 PTGI2          0.135         0.666         1.038
 PTGI3          0.131         0.648         0.652         1.002
 PTGI4          0.136         0.681         0.670         0.673         1.042
 PTGI5          0.166         0.691         0.674         0.668         0.682
 IESR1         -0.032         0.193         0.233         0.199         0.232
 IESR2         -0.013         0.197         0.201         0.181         0.235
 IESR3         -0.014         0.160         0.187         0.161         0.212


           Covariances
              PTGI5         IESR1         IESR2         IESR3
              ________      ________      ________      ________
 PTGI5          1.081
 IESR1          0.205         1.241
 IESR2          0.186         0.983         1.304
 IESR3          0.174         1.017         1.045         1.339


           Correlations
              P1            P2            P3            N1            N2
              ________      ________      ________      ________      ________
 P1             1.000
 P2             0.614         1.000
 P3             0.640         0.610         1.000
 N1            -0.168        -0.184        -0.168         1.000
 N2            -0.159        -0.169        -0.168         0.792         1.000
 N3            -0.130        -0.153        -0.145         0.806         0.790
 COPE1          0.306         0.312         0.304        -0.093        -0.075
 COPE2          0.363         0.333         0.310        -0.071        -0.051
 MSPSS1         0.117         0.123         0.094        -0.037        -0.079
 MSPSS2         0.119         0.120         0.108        -0.029        -0.063
 MSPSS3         0.080         0.109         0.140        -0.120        -0.155
 NEURO1        -0.269        -0.279        -0.259         0.415         0.397
 NEURO2        -0.281        -0.318        -0.298         0.452         0.444
 EXTRA1         0.108         0.167         0.118        -0.220        -0.212
 EXTRA2         0.122         0.158         0.152        -0.219        -0.198
 EXTRA3         0.207         0.219         0.183        -0.251        -0.222
 PTGI1          0.143         0.157         0.112         0.016        -0.012
 PTGI2          0.110         0.123         0.145         0.072         0.029
 PTGI3          0.131         0.138         0.100         0.032         0.025
 PTGI4          0.116         0.111         0.115         0.039         0.029
 PTGI5          0.091         0.122         0.114         0.053         0.014
 IESR1         -0.095        -0.068        -0.068         0.432         0.421
 IESR2         -0.096        -0.052        -0.041         0.425         0.411
 IESR3         -0.098        -0.044        -0.057         0.430         0.418


           Correlations
              N3            COPE1         COPE2         MSPSS1        MSPSS2
              ________      ________      ________      ________      ________
 N3             1.000
 COPE1         -0.068         1.000
 COPE2         -0.058         0.579         1.000
 MSPSS1        -0.041         0.099         0.097         1.000
 MSPSS2        -0.029         0.120         0.123         0.481         1.000
 MSPSS3        -0.102         0.113         0.138         0.497         0.491
 NEURO1         0.386        -0.203        -0.197        -0.119        -0.089
 NEURO2         0.434        -0.216        -0.218        -0.145        -0.090
 EXTRA1        -0.175         0.196         0.188         0.221         0.180
 EXTRA2        -0.206         0.123         0.121         0.163         0.176
 EXTRA3        -0.225         0.217         0.191         0.215         0.181
 PTGI1          0.039         0.126         0.105         0.081         0.140
 PTGI2          0.066         0.130         0.101         0.096         0.131
 PTGI3          0.086         0.107         0.116         0.115         0.123
 PTGI4          0.074         0.109         0.091         0.062         0.091
 PTGI5          0.059         0.115         0.102         0.089         0.136
 IESR1          0.439        -0.012        -0.051        -0.027        -0.047
 IESR2          0.421        -0.008        -0.041         0.009        -0.014
 IESR3          0.441        -0.005        -0.042         0.009        -0.059


           Correlations
              MSPSS3        NEURO1        NEURO2        EXTRA1        EXTRA2
              ________      ________      ________      ________      ________
 MSPSS3         1.000
 NEURO1        -0.167         1.000
 NEURO2        -0.176         0.646         1.000
 EXTRA1         0.227        -0.343        -0.377         1.000
 EXTRA2         0.202        -0.286        -0.307         0.406         1.000
 EXTRA3         0.203        -0.330        -0.343         0.430         0.402
 PTGI1          0.079        -0.007        -0.052         0.110         0.175
 PTGI2          0.101         0.050        -0.019         0.102         0.178
 PTGI3          0.097         0.009        -0.024         0.076         0.160
 PTGI4          0.096        -0.002        -0.012         0.093         0.148
 PTGI5          0.092        -0.026        -0.040         0.153         0.212
 IESR1         -0.079         0.249         0.269        -0.040        -0.058
 IESR2         -0.054         0.244         0.272        -0.013        -0.034
 IESR3         -0.044         0.245         0.268        -0.016        -0.034


           Correlations
              EXTRA3        PTGI1         PTGI2         PTGI3         PTGI4
              ________      ________      ________      ________      ________
 EXTRA3         1.000
 PTGI1          0.135         1.000
 PTGI2          0.132         0.639         1.000
 PTGI3          0.130         0.634         0.639         1.000
 PTGI4          0.132         0.652         0.644         0.658         1.000
 PTGI5          0.159         0.650         0.637         0.642         0.642
 IESR1         -0.029         0.170         0.205         0.179         0.204
 IESR2         -0.012         0.169         0.173         0.158         0.202
 IESR3         -0.012         0.135         0.159         0.139         0.180


           Correlations
              PTGI5         IESR1         IESR2         IESR3
              ________      ________      ________      ________
 PTGI5          1.000
 IESR1          0.177         1.000
 IESR2          0.156         0.772         1.000
 IESR3          0.145         0.789         0.791         1.000


MODEL FIT INFORMATION

Number of Free Parameters                       98

Loglikelihood

    H0 Value

        Mean                            -26377.944
        Std Dev                            104.515
        Number of successful computations    10000

             Proportions                   Percentiles
        Expected    Observed         Expected       Observed
           0.990       0.989       -26621.077     -26625.383
           0.980       0.980       -26592.586     -26591.483
           0.950       0.953       -26549.861     -26547.457
           0.900       0.900       -26511.890     -26511.899
           0.800       0.801       -26465.904     -26465.395
           0.700       0.697       -26432.752     -26433.644
           0.500       0.500       -26377.944     -26377.862
           0.300       0.297       -26323.136     -26324.100
           0.200       0.202       -26289.984     -26289.351
           0.100       0.101       -26243.998     -26243.483
           0.050       0.050       -26206.027     -26206.362
           0.020       0.021       -26163.301     -26158.551
           0.010       0.010       -26134.811     -26133.703

    H1 Value

        Mean                            -26263.701
        Std Dev                            105.164
        Number of successful computations    10000

             Proportions                   Percentiles
        Expected    Observed         Expected       Observed
           0.990       0.989       -26508.343     -26512.838
           0.980       0.981       -26479.676     -26476.896
           0.950       0.953       -26436.685     -26433.813
           0.900       0.902       -26398.479     -26397.707
           0.800       0.799       -26352.207     -26352.496
           0.700       0.699       -26318.849     -26319.282
           0.500       0.501       -26263.701     -26263.562
           0.300       0.296       -26208.553     -26209.910
           0.200       0.201       -26175.195     -26174.939
           0.100       0.102       -26128.923     -26127.632
           0.050       0.050       -26090.717     -26090.861
           0.020       0.021       -26047.726     -26045.962
           0.010       0.011       -26019.059     -26017.278

Information Criteria

    Akaike (AIC)

        Mean                             52951.888
        Std Dev                            209.030
        Number of successful computations    10000

             Proportions                   Percentiles
        Expected    Observed         Expected       Observed
           0.990       0.990        52465.621      52461.068
           0.980       0.979        52522.603      52512.750
           0.950       0.950        52608.054      52608.268
           0.900       0.899        52683.995      52682.049
           0.800       0.798        52775.968      52774.267
           0.700       0.703        52842.273      52844.151
           0.500       0.500        52951.888      52951.670
           0.300       0.303        53061.503      53063.270
           0.200       0.199        53127.808      53126.670
           0.100       0.100        53219.781      53219.754
           0.050       0.047        53295.722      53290.907
           0.020       0.020        53381.173      53378.847
           0.010       0.011        53438.155      53446.646

    Bayesian (BIC)

        Mean                             53422.523
        Std Dev                            209.030
        Number of successful computations    10000

             Proportions                   Percentiles
        Expected    Observed         Expected       Observed
           0.990       0.990        52936.256      52931.703
           0.980       0.979        52993.238      52983.384
           0.950       0.950        53078.689      53078.902
           0.900       0.899        53154.630      53152.683
           0.800       0.798        53246.603      53244.901
           0.700       0.703        53312.907      53314.786
           0.500       0.500        53422.523      53422.304
           0.300       0.303        53532.138      53533.905
           0.200       0.199        53598.442      53597.305
           0.100       0.100        53690.416      53690.388
           0.050       0.047        53766.356      53761.541
           0.020       0.020        53851.808      53849.481
           0.010       0.011        53908.789      53917.281

    Sample-Size Adjusted BIC (n* = (n + 2) / 24)

        Mean                             53111.291
        Std Dev                            209.030
        Number of successful computations    10000

             Proportions                   Percentiles
        Expected    Observed         Expected       Observed
           0.990       0.990        52625.024      52620.471
           0.980       0.979        52682.006      52672.153
           0.950       0.950        52767.457      52767.671
           0.900       0.899        52843.398      52841.452
           0.800       0.798        52935.371      52933.670
           0.700       0.703        53001.676      53003.554
           0.500       0.500        53111.291      53111.073
           0.300       0.303        53220.906      53222.673
           0.200       0.199        53287.211      53286.073
           0.100       0.100        53379.184      53379.157
           0.050       0.047        53455.124      53450.310
           0.020       0.020        53540.576      53538.250
           0.010       0.011        53597.558      53606.049

Chi-Square Test of Model Fit

        Degrees of freedom                     226

        Mean                               228.486
        Std Dev                             21.691
        Number of successful computations    10000

             Proportions                   Percentiles
        Expected    Observed         Expected       Observed
           0.990       0.992          179.499        180.977
           0.980       0.983          184.510        185.755
           0.950       0.960          192.203        194.498
           0.900       0.920          199.218        201.546
           0.800       0.829          207.940        210.331
           0.700       0.739          214.386        216.809
           0.500       0.539          225.334        227.541
           0.300       0.341          236.647        239.217
           0.200       0.233          243.671        246.314
           0.100       0.128          253.638        257.051
           0.050       0.067          262.070        265.444
           0.020       0.028          271.777        275.292
           0.010       0.014          278.379        281.526

RMSEA (Root Mean Square Error Of Approximation)

        Mean                                 0.005
        Std Dev                              0.005
        Number of successful computations    10000

        Cumulative Distribution Function
           Value    Function Value
           0.990       1.000
           0.980       1.000
           0.950       1.000
           0.900       1.000
           0.800       1.000
           0.700       1.000
           0.500       1.000
           0.300       1.000
           0.200       1.000
           0.100       1.000
           0.050       1.000
           0.020       0.999
           0.010       0.800

CFI/TLI

    CFI

        Mean                                 0.999
        Std Dev                              0.001
        Number of successful computations    10000

        Cumulative Distribution Function
           Value    Function Value
           0.990       0.000
           0.980       0.000
           0.950       0.000
           0.900       0.000
           0.800       0.000
           0.700       0.000
           0.500       0.000
           0.300       0.000
           0.200       0.000
           0.100       0.000
           0.050       0.000
           0.020       0.000
           0.010       0.000

    TLI

        Mean                                 0.999
        Std Dev                              0.002
        Number of successful computations    10000

        Cumulative Distribution Function
           Value    Function Value
           0.990       0.000
           0.980       0.000
           0.950       0.000
           0.900       0.000
           0.800       0.000
           0.700       0.000
           0.500       0.000
           0.300       0.000
           0.200       0.000
           0.100       0.000
           0.050       0.000
           0.020       0.000
           0.010       0.000

SRMR (Standardized Root Mean Square Residual)

        Mean                                 0.019
        Std Dev                              0.001
        Number of successful computations    10000

        Cumulative Distribution Function
           Value    Function Value
           0.990       1.000
           0.980       1.000
           0.950       1.000
           0.900       1.000
           0.800       1.000
           0.700       1.000
           0.500       1.000
           0.300       1.000
           0.200       1.000
           0.100       1.000
           0.050       1.000
           0.020       0.801
           0.010       0.000


MODEL RESULTS

                              ESTIMATES              S. E.     M. S. E.  95%  % Sig
                 Population   Average   Std. Dev.   Average             Cover Coeff

 P        BY
  P1                  0.720     0.7157     0.0314     0.0313     0.0010 0.945 1.000
  P2                  0.720     0.7158     0.0312     0.0313     0.0010 0.950 1.000
  P3                  0.720     0.7162     0.0318     0.0313     0.0010 0.943 1.000

 N        BY
  N1                  0.840     0.8347     0.0304     0.0304     0.0010 0.945 1.000
  N2                  0.840     0.8347     0.0303     0.0304     0.0009 0.945 1.000
  N3                  0.840     0.8349     0.0302     0.0304     0.0009 0.948 1.000

 COPE     BY
  COPE1               0.710     0.7103     0.0355     0.0350     0.0013 0.947 1.000
  COPE2               0.710     0.7093     0.0353     0.0350     0.0012 0.948 1.000

 MSPSS    BY
  MSPSS1              0.700     0.6991     0.0343     0.0343     0.0012 0.948 1.000
  MSPSS2              0.700     0.7001     0.0344     0.0343     0.0012 0.949 1.000
  MSPSS3              0.700     0.6993     0.0342     0.0343     0.0012 0.950 1.000

 NEURO    BY
  NEURO1              0.800     0.7994     0.0312     0.0309     0.0010 0.946 1.000
  NEURO2              0.800     0.7986     0.0307     0.0309     0.0009 0.954 1.000

 EXTRA    BY
  EXTRA1              0.670     0.6695     0.0340     0.0340     0.0012 0.950 1.000
  EXTRA2              0.670     0.6694     0.0343     0.0340     0.0012 0.947 1.000
  EXTRA3              0.670     0.6697     0.0345     0.0340     0.0012 0.949 1.000

 PTGI     BY
  PTGI1               0.790     0.7852     0.0292     0.0292     0.0009 0.948 1.000
  PTGI2               0.790     0.7851     0.0291     0.0292     0.0009 0.943 1.000
  PTGI3               0.790     0.7852     0.0293     0.0292     0.0009 0.946 1.000
  PTGI4               0.790     0.7850     0.0289     0.0292     0.0009 0.947 1.000
  PTGI5               0.790     0.7849     0.0291     0.0292     0.0009 0.947 1.000

 IESR     BY
  IESR1               0.850     0.8436     0.0279     0.0280     0.0008 0.940 1.000
  IESR2               0.850     0.8434     0.0280     0.0280     0.0008 0.941 1.000
  IESR3               0.850     0.8434     0.0281     0.0280     0.0008 0.942 1.000

 P        ON
  COPE                0.580     0.5859     0.0609     0.0609     0.0037 0.951 1.000
  MSPSS               0.040     0.0401     0.0591     0.0590     0.0035 0.952 0.101
  NEURO              -0.340    -0.3436     0.0766     0.0761     0.0059 0.950 0.995
  EXTRA              -0.080    -0.0822     0.0890     0.0878     0.0079 0.951 0.144

 N        ON
  COPE                0.180     0.1825     0.0531     0.0524     0.0028 0.950 0.945
  MSPSS              -0.030    -0.0306     0.0586     0.0575     0.0034 0.947 0.084
  NEURO               0.920     0.9306     0.0921     0.0905     0.0086 0.953 1.000
  EXTRA               0.060     0.0635     0.0875     0.0859     0.0077 0.950 0.099

 PTGI     ON
  P                   0.190     0.1913     0.0457     0.0461     0.0021 0.953 0.989
  N                   0.050     0.0500     0.0000     0.0000     0.0000 1.000 0.000
  COPE                0.070     0.0697     0.0586     0.0584     0.0034 0.953 0.225
  MSPSS               0.040     0.0385     0.0547     0.0544     0.0030 0.953 0.116
  NEURO               0.330     0.3371     0.0777     0.0763     0.0061 0.949 0.997
  EXTRA               0.410     0.4181     0.0873     0.0864     0.0077 0.954 1.000

 IESR     ON
  P                   0.070     0.0711     0.0452     0.0454     0.0020 0.951 0.340
  N                   0.460     0.4614     0.0473     0.0469     0.0022 0.951 1.000
  COPE               -0.020    -0.0207     0.0601     0.0595     0.0036 0.950 0.062
  MSPSS              -0.050    -0.0526     0.0551     0.0549     0.0030 0.954 0.152
  NEURO               0.290     0.2956     0.0949     0.0941     0.0090 0.951 0.903
  EXTRA               0.330     0.3375     0.0867     0.0862     0.0076 0.956 0.985

 IESR     WITH
  PTGI                0.230     0.2296     0.0398     0.0391     0.0016 0.942 1.000

 MSPSS    WITH
  COPE                0.250     0.2501     0.0437     0.0429     0.0019 0.944 1.000
  NEURO              -0.250    -0.2498     0.0420     0.0416     0.0018 0.948 1.000
  EXTRA               0.460     0.4596     0.0401     0.0393     0.0016 0.947 1.000

 NEURO    WITH
  COPE               -0.310    -0.3096     0.0411     0.0410     0.0017 0.949 1.000
  EXTRA              -0.660    -0.6594     0.0319     0.0318     0.0010 0.948 1.000

 EXTRA    WITH
  COPE                0.310     0.3093     0.0438     0.0432     0.0019 0.948 1.000

 Intercepts
  P1                  0.000     0.0005     0.0375     0.0376     0.0014 0.951 0.049
  P2                  0.000     0.0004     0.0377     0.0376     0.0014 0.949 0.051
  P3                  0.000     0.0002     0.0377     0.0377     0.0014 0.951 0.049
  N1                  0.000     0.0004     0.0409     0.0409     0.0017 0.951 0.049
  N2                  0.000    -0.0001     0.0413     0.0409     0.0017 0.949 0.051
  N3                  0.000     0.0002     0.0412     0.0409     0.0017 0.951 0.049
  COPE1               0.000     0.0002     0.0311     0.0310     0.0010 0.948 0.052
  COPE2               0.000    -0.0001     0.0308     0.0309     0.0010 0.952 0.048
  MSPSS1              0.000     0.0005     0.0329     0.0331     0.0011 0.951 0.049
  MSPSS2              0.000     0.0004     0.0330     0.0331     0.0011 0.951 0.049
  MSPSS3              0.000     0.0005     0.0333     0.0331     0.0011 0.947 0.053
  NEURO1              0.000    -0.0002     0.0333     0.0333     0.0011 0.949 0.051
  NEURO2              0.000    -0.0004     0.0336     0.0333     0.0011 0.948 0.052
  EXTRA1              0.000     0.0007     0.0335     0.0333     0.0011 0.949 0.051
  EXTRA2              0.000     0.0009     0.0335     0.0333     0.0011 0.947 0.053
  EXTRA3              0.000     0.0006     0.0334     0.0333     0.0011 0.951 0.049
  PTGI1               0.000     0.0002     0.0352     0.0353     0.0012 0.951 0.049
  PTGI2               0.000     0.0001     0.0353     0.0353     0.0012 0.950 0.050
  PTGI3               0.000     0.0000     0.0355     0.0353     0.0013 0.947 0.053
  PTGI4               0.000     0.0001     0.0354     0.0353     0.0013 0.950 0.051
  PTGI5               0.000     0.0003     0.0352     0.0352     0.0012 0.951 0.049
  IESR1               0.000     0.0001     0.0389     0.0387     0.0015 0.951 0.049
  IESR2               0.000     0.0001     0.0388     0.0387     0.0015 0.949 0.051
  IESR3               0.000     0.0002     0.0390     0.0387     0.0015 0.948 0.052

 Variances
  COPE                1.000     1.0000     0.0000     0.0000     0.0000 1.000 0.000
  MSPSS               1.000     1.0000     0.0000     0.0000     0.0000 1.000 0.000
  NEURO               1.000     1.0000     0.0000     0.0000     0.0000 1.000 0.000
  EXTRA               1.000     1.0000     0.0000     0.0000     0.0000 1.000 0.000

 Residual Variances
  P1                  0.482     0.4799     0.0334     0.0338     0.0011 0.952 1.000
  P2                  0.482     0.4802     0.0344     0.0338     0.0012 0.947 1.000
  P3                  0.482     0.4808     0.0338     0.0339     0.0011 0.952 1.000
  N1                  0.294     0.2936     0.0209     0.0209     0.0004 0.948 1.000
  N2                  0.294     0.2938     0.0209     0.0209     0.0004 0.949 1.000
  N3                  0.294     0.2936     0.0211     0.0209     0.0004 0.946 1.000
  COPE1               0.360     0.3578     0.0379     0.0374     0.0014 0.953 1.000
  COPE2               0.360     0.3582     0.0376     0.0373     0.0014 0.951 1.000
  MSPSS1              0.496     0.4942     0.0351     0.0351     0.0012 0.948 1.000
  MSPSS2              0.496     0.4940     0.0353     0.0352     0.0012 0.952 1.000
  MSPSS3              0.496     0.4939     0.0349     0.0351     0.0012 0.951 1.000
  NEURO1              0.360     0.3590     0.0287     0.0284     0.0008 0.948 1.000
  NEURO2              0.360     0.3590     0.0284     0.0283     0.0008 0.949 1.000
  EXTRA1              0.551     0.5492     0.0351     0.0347     0.0012 0.946 1.000
  EXTRA2              0.551     0.5489     0.0349     0.0347     0.0012 0.946 1.000
  EXTRA3              0.551     0.5491     0.0348     0.0347     0.0012 0.949 1.000
  PTGI1               0.376     0.3749     0.0220     0.0221     0.0005 0.948 1.000
  PTGI2               0.376     0.3749     0.0223     0.0221     0.0005 0.945 1.000
  PTGI3               0.376     0.3748     0.0224     0.0221     0.0005 0.942 1.000
  PTGI4               0.376     0.3752     0.0222     0.0221     0.0005 0.945 1.000
  PTGI5               0.376     0.3750     0.0221     0.0221     0.0005 0.949 1.000
  IESR1               0.278     0.2768     0.0204     0.0200     0.0004 0.943 1.000
  IESR2               0.278     0.2771     0.0200     0.0200     0.0004 0.948 1.000
  IESR3               0.278     0.2769     0.0200     0.0200     0.0004 0.947 1.000
  P                   1.000     1.0000     0.0000     0.0000     0.0000 1.000 0.000
  N                   1.000     1.0000     0.0000     0.0000     0.0000 1.000 0.000
  PTGI                1.000     1.0000     0.0000     0.0000     0.0000 1.000 0.000
  IESR                1.000     1.0000     0.0000     0.0000     0.0000 1.000 0.000


QUALITY OF NUMERICAL RESULTS

     Average Condition Number for the Information Matrix      0.729E-02
       (ratio of smallest to largest eigenvalue)


TECHNICAL OUTPUT


     PARAMETER SPECIFICATION


           NU
              P1            P2            P3            N1            N2
              ________      ________      ________      ________      ________
                  1             2             3             4             5


           NU
              N3            COPE1         COPE2         MSPSS1        MSPSS2
              ________      ________      ________      ________      ________
                  6             7             8             9            10


           NU
              MSPSS3        NEURO1        NEURO2        EXTRA1        EXTRA2
              ________      ________      ________      ________      ________
                 11            12            13            14            15


           NU
              EXTRA3        PTGI1         PTGI2         PTGI3         PTGI4
              ________      ________      ________      ________      ________
                 16            17            18            19            20


           NU
              PTGI5         IESR1         IESR2         IESR3
              ________      ________      ________      ________
                 21            22            23            24


           LAMBDA
              P             N             COPE          MSPSS         NEURO
              ________      ________      ________      ________      ________
 P1                25             0             0             0             0
 P2                26             0             0             0             0
 P3                27             0             0             0             0
 N1                 0            28             0             0             0
 N2                 0            29             0             0             0
 N3                 0            30             0             0             0
 COPE1              0             0            31             0             0
 COPE2              0             0            32             0             0
 MSPSS1             0             0             0            33             0
 MSPSS2             0             0             0            34             0
 MSPSS3             0             0             0            35             0
 NEURO1             0             0             0             0            36
 NEURO2             0             0             0             0            37
 EXTRA1             0             0             0             0             0
 EXTRA2             0             0             0             0             0
 EXTRA3             0             0             0             0             0
 PTGI1              0             0             0             0             0
 PTGI2              0             0             0             0             0
 PTGI3              0             0             0             0             0
 PTGI4              0             0             0             0             0
 PTGI5              0             0             0             0             0
 IESR1              0             0             0             0             0
 IESR2              0             0             0             0             0
 IESR3              0             0             0             0             0


           LAMBDA
              EXTRA         PTGI          IESR
              ________      ________      ________
 P1                 0             0             0
 P2                 0             0             0
 P3                 0             0             0
 N1                 0             0             0
 N2                 0             0             0
 N3                 0             0             0
 COPE1              0             0             0
 COPE2              0             0             0
 MSPSS1             0             0             0
 MSPSS2             0             0             0
 MSPSS3             0             0             0
 NEURO1             0             0             0
 NEURO2             0             0             0
 EXTRA1            38             0             0
 EXTRA2            39             0             0
 EXTRA3            40             0             0
 PTGI1              0            41             0
 PTGI2              0            42             0
 PTGI3              0            43             0
 PTGI4              0            44             0
 PTGI5              0            45             0
 IESR1              0             0            46
 IESR2              0             0            47
 IESR3              0             0            48


           THETA
              P1            P2            P3            N1            N2
              ________      ________      ________      ________      ________
 P1                49
 P2                 0            50
 P3                 0             0            51
 N1                 0             0             0            52
 N2                 0             0             0             0            53
 N3                 0             0             0             0             0
 COPE1              0             0             0             0             0
 COPE2              0             0             0             0             0
 MSPSS1             0             0             0             0             0
 MSPSS2             0             0             0             0             0
 MSPSS3             0             0             0             0             0
 NEURO1             0             0             0             0             0
 NEURO2             0             0             0             0             0
 EXTRA1             0             0             0             0             0
 EXTRA2             0             0             0             0             0
 EXTRA3             0             0             0             0             0
 PTGI1              0             0             0             0             0
 PTGI2              0             0             0             0             0
 PTGI3              0             0             0             0             0
 PTGI4              0             0             0             0             0
 PTGI5              0             0             0             0             0
 IESR1              0             0             0             0             0
 IESR2              0             0             0             0             0
 IESR3              0             0             0             0             0


           THETA
              N3            COPE1         COPE2         MSPSS1        MSPSS2
              ________      ________      ________      ________      ________
 N3                54
 COPE1              0            55
 COPE2              0             0            56
 MSPSS1             0             0             0            57
 MSPSS2             0             0             0             0            58
 MSPSS3             0             0             0             0             0
 NEURO1             0             0             0             0             0
 NEURO2             0             0             0             0             0
 EXTRA1             0             0             0             0             0
 EXTRA2             0             0             0             0             0
 EXTRA3             0             0             0             0             0
 PTGI1              0             0             0             0             0
 PTGI2              0             0             0             0             0
 PTGI3              0             0             0             0             0
 PTGI4              0             0             0             0             0
 PTGI5              0             0             0             0             0
 IESR1              0             0             0             0             0
 IESR2              0             0             0             0             0
 IESR3              0             0             0             0             0


           THETA
              MSPSS3        NEURO1        NEURO2        EXTRA1        EXTRA2
              ________      ________      ________      ________      ________
 MSPSS3            59
 NEURO1             0            60
 NEURO2             0             0            61
 EXTRA1             0             0             0            62
 EXTRA2             0             0             0             0            63
 EXTRA3             0             0             0             0             0
 PTGI1              0             0             0             0             0
 PTGI2              0             0             0             0             0
 PTGI3              0             0             0             0             0
 PTGI4              0             0             0             0             0
 PTGI5              0             0             0             0             0
 IESR1              0             0             0             0             0
 IESR2              0             0             0             0             0
 IESR3              0             0             0             0             0


           THETA
              EXTRA3        PTGI1         PTGI2         PTGI3         PTGI4
              ________      ________      ________      ________      ________
 EXTRA3            64
 PTGI1              0            65
 PTGI2              0             0            66
 PTGI3              0             0             0            67
 PTGI4              0             0             0             0            68
 PTGI5              0             0             0             0             0
 IESR1              0             0             0             0             0
 IESR2              0             0             0             0             0
 IESR3              0             0             0             0             0


           THETA
              PTGI5         IESR1         IESR2         IESR3
              ________      ________      ________      ________
 PTGI5             69
 IESR1              0            70
 IESR2              0             0            71
 IESR3              0             0             0            72


           ALPHA
              P             N             COPE          MSPSS         NEURO
              ________      ________      ________      ________      ________
                  0             0             0             0             0


           ALPHA
              EXTRA         PTGI          IESR
              ________      ________      ________
                  0             0             0


           BETA
              P             N             COPE          MSPSS         NEURO
              ________      ________      ________      ________      ________
 P                  0             0            73            74            75
 N                  0             0            77            78            79
 COPE               0             0             0             0             0
 MSPSS              0             0             0             0             0
 NEURO              0             0             0             0             0
 EXTRA              0             0             0             0             0
 PTGI              81             0            82            83            84
 IESR              86            87            88            89            90


           BETA
              EXTRA         PTGI          IESR
              ________      ________      ________
 P                 76             0             0
 N                 80             0             0
 COPE               0             0             0
 MSPSS              0             0             0
 NEURO              0             0             0
 EXTRA              0             0             0
 PTGI              85             0             0
 IESR              91             0             0


           PSI
              P             N             COPE          MSPSS         NEURO
              ________      ________      ________      ________      ________
 P                  0
 N                  0             0
 COPE               0             0             0
 MSPSS              0             0            92             0
 NEURO              0             0            93            94             0
 EXTRA              0             0            95            96            97
 PTGI               0             0             0             0             0
 IESR               0             0             0             0             0


           PSI
              EXTRA         PTGI          IESR
              ________      ________      ________
 EXTRA              0
 PTGI               0             0
 IESR               0            98             0


     STARTING VALUES


           NU
              P1            P2            P3            N1            N2
              ________      ________      ________      ________      ________
                0.000         0.000         0.000         0.000         0.000


           NU
              N3            COPE1         COPE2         MSPSS1        MSPSS2
              ________      ________      ________      ________      ________
                0.000         0.000         0.000         0.000         0.000


           NU
              MSPSS3        NEURO1        NEURO2        EXTRA1        EXTRA2
              ________      ________      ________      ________      ________
                0.000         0.000         0.000         0.000         0.000


           NU
              EXTRA3        PTGI1         PTGI2         PTGI3         PTGI4
              ________      ________      ________      ________      ________
                0.000         0.000         0.000         0.000         0.000


           NU
              PTGI5         IESR1         IESR2         IESR3
              ________      ________      ________      ________
                0.000         0.000         0.000         0.000


           LAMBDA
              P             N             COPE          MSPSS         NEURO
              ________      ________      ________      ________      ________
 P1             0.720         0.000         0.000         0.000         0.000
 P2             0.720         0.000         0.000         0.000         0.000
 P3             0.720         0.000         0.000         0.000         0.000
 N1             0.000         0.840         0.000         0.000         0.000
 N2             0.000         0.840         0.000         0.000         0.000
 N3             0.000         0.840         0.000         0.000         0.000
 COPE1          0.000         0.000         0.710         0.000         0.000
 COPE2          0.000         0.000         0.710         0.000         0.000
 MSPSS1         0.000         0.000         0.000         0.700         0.000
 MSPSS2         0.000         0.000         0.000         0.700         0.000
 MSPSS3         0.000         0.000         0.000         0.700         0.000
 NEURO1         0.000         0.000         0.000         0.000         0.800
 NEURO2         0.000         0.000         0.000         0.000         0.800
 EXTRA1         0.000         0.000         0.000         0.000         0.000
 EXTRA2         0.000         0.000         0.000         0.000         0.000
 EXTRA3         0.000         0.000         0.000         0.000         0.000
 PTGI1          0.000         0.000         0.000         0.000         0.000
 PTGI2          0.000         0.000         0.000         0.000         0.000
 PTGI3          0.000         0.000         0.000         0.000         0.000
 PTGI4          0.000         0.000         0.000         0.000         0.000
 PTGI5          0.000         0.000         0.000         0.000         0.000
 IESR1          0.000         0.000         0.000         0.000         0.000
 IESR2          0.000         0.000         0.000         0.000         0.000
 IESR3          0.000         0.000         0.000         0.000         0.000


           LAMBDA
              EXTRA         PTGI          IESR
              ________      ________      ________
 P1             0.000         0.000         0.000
 P2             0.000         0.000         0.000
 P3             0.000         0.000         0.000
 N1             0.000         0.000         0.000
 N2             0.000         0.000         0.000
 N3             0.000         0.000         0.000
 COPE1          0.000         0.000         0.000
 COPE2          0.000         0.000         0.000
 MSPSS1         0.000         0.000         0.000
 MSPSS2         0.000         0.000         0.000
 MSPSS3         0.000         0.000         0.000
 NEURO1         0.000         0.000         0.000
 NEURO2         0.000         0.000         0.000
 EXTRA1         0.670         0.000         0.000
 EXTRA2         0.670         0.000         0.000
 EXTRA3         0.670         0.000         0.000
 PTGI1          0.000         0.790         0.000
 PTGI2          0.000         0.790         0.000
 PTGI3          0.000         0.790         0.000
 PTGI4          0.000         0.790         0.000
 PTGI5          0.000         0.790         0.000
 IESR1          0.000         0.000         0.850
 IESR2          0.000         0.000         0.850
 IESR3          0.000         0.000         0.850


           THETA
              P1            P2            P3            N1            N2
              ________      ________      ________      ________      ________
 P1             0.482
 P2             0.000         0.482
 P3             0.000         0.000         0.482
 N1             0.000         0.000         0.000         0.294
 N2             0.000         0.000         0.000         0.000         0.294
 N3             0.000         0.000         0.000         0.000         0.000
 COPE1          0.000         0.000         0.000         0.000         0.000
 COPE2          0.000         0.000         0.000         0.000         0.000
 MSPSS1         0.000         0.000         0.000         0.000         0.000
 MSPSS2         0.000         0.000         0.000         0.000         0.000
 MSPSS3         0.000         0.000         0.000         0.000         0.000
 NEURO1         0.000         0.000         0.000         0.000         0.000
 NEURO2         0.000         0.000         0.000         0.000         0.000
 EXTRA1         0.000         0.000         0.000         0.000         0.000
 EXTRA2         0.000         0.000         0.000         0.000         0.000
 EXTRA3         0.000         0.000         0.000         0.000         0.000
 PTGI1          0.000         0.000         0.000         0.000         0.000
 PTGI2          0.000         0.000         0.000         0.000         0.000
 PTGI3          0.000         0.000         0.000         0.000         0.000
 PTGI4          0.000         0.000         0.000         0.000         0.000
 PTGI5          0.000         0.000         0.000         0.000         0.000
 IESR1          0.000         0.000         0.000         0.000         0.000
 IESR2          0.000         0.000         0.000         0.000         0.000
 IESR3          0.000         0.000         0.000         0.000         0.000


           THETA
              N3            COPE1         COPE2         MSPSS1        MSPSS2
              ________      ________      ________      ________      ________
 N3             0.294
 COPE1          0.000         0.360
 COPE2          0.000         0.000         0.360
 MSPSS1         0.000         0.000         0.000         0.496
 MSPSS2         0.000         0.000         0.000         0.000         0.496
 MSPSS3         0.000         0.000         0.000         0.000         0.000
 NEURO1         0.000         0.000         0.000         0.000         0.000
 NEURO2         0.000         0.000         0.000         0.000         0.000
 EXTRA1         0.000         0.000         0.000         0.000         0.000
 EXTRA2         0.000         0.000         0.000         0.000         0.000
 EXTRA3         0.000         0.000         0.000         0.000         0.000
 PTGI1          0.000         0.000         0.000         0.000         0.000
 PTGI2          0.000         0.000         0.000         0.000         0.000
 PTGI3          0.000         0.000         0.000         0.000         0.000
 PTGI4          0.000         0.000         0.000         0.000         0.000
 PTGI5          0.000         0.000         0.000         0.000         0.000
 IESR1          0.000         0.000         0.000         0.000         0.000
 IESR2          0.000         0.000         0.000         0.000         0.000
 IESR3          0.000         0.000         0.000         0.000         0.000


           THETA
              MSPSS3        NEURO1        NEURO2        EXTRA1        EXTRA2
              ________      ________      ________      ________      ________
 MSPSS3         0.496
 NEURO1         0.000         0.360
 NEURO2         0.000         0.000         0.360
 EXTRA1         0.000         0.000         0.000         0.551
 EXTRA2         0.000         0.000         0.000         0.000         0.551
 EXTRA3         0.000         0.000         0.000         0.000         0.000
 PTGI1          0.000         0.000         0.000         0.000         0.000
 PTGI2          0.000         0.000         0.000         0.000         0.000
 PTGI3          0.000         0.000         0.000         0.000         0.000
 PTGI4          0.000         0.000         0.000         0.000         0.000
 PTGI5          0.000         0.000         0.000         0.000         0.000
 IESR1          0.000         0.000         0.000         0.000         0.000
 IESR2          0.000         0.000         0.000         0.000         0.000
 IESR3          0.000         0.000         0.000         0.000         0.000


           THETA
              EXTRA3        PTGI1         PTGI2         PTGI3         PTGI4
              ________      ________      ________      ________      ________
 EXTRA3         0.551
 PTGI1          0.000         0.376
 PTGI2          0.000         0.000         0.376
 PTGI3          0.000         0.000         0.000         0.376
 PTGI4          0.000         0.000         0.000         0.000         0.376
 PTGI5          0.000         0.000         0.000         0.000         0.000
 IESR1          0.000         0.000         0.000         0.000         0.000
 IESR2          0.000         0.000         0.000         0.000         0.000
 IESR3          0.000         0.000         0.000         0.000         0.000


           THETA
              PTGI5         IESR1         IESR2         IESR3
              ________      ________      ________      ________
 PTGI5          0.376
 IESR1          0.000         0.278
 IESR2          0.000         0.000         0.278
 IESR3          0.000         0.000         0.000         0.278


           ALPHA
              P             N             COPE          MSPSS         NEURO
              ________      ________      ________      ________      ________
                0.000         0.000         0.000         0.000         0.000


           ALPHA
              EXTRA         PTGI          IESR
              ________      ________      ________
                0.000         0.000         0.000


           BETA
              P             N             COPE          MSPSS         NEURO
              ________      ________      ________      ________      ________
 P              0.000         0.000         0.580         0.040        -0.340
 N              0.000         0.000         0.180        -0.030         0.920
 COPE           0.000         0.000         0.000         0.000         0.000
 MSPSS          0.000         0.000         0.000         0.000         0.000
 NEURO          0.000         0.000         0.000         0.000         0.000
 EXTRA          0.000         0.000         0.000         0.000         0.000
 PTGI           0.190         0.050         0.070         0.040         0.330
 IESR           0.070         0.460        -0.020        -0.050         0.290


           BETA
              EXTRA         PTGI          IESR
              ________      ________      ________
 P             -0.080         0.000         0.000
 N              0.060         0.000         0.000
 COPE           0.000         0.000         0.000
 MSPSS          0.000         0.000         0.000
 NEURO          0.000         0.000         0.000
 EXTRA          0.000         0.000         0.000
 PTGI           0.410         0.000         0.000
 IESR           0.330         0.000         0.000


           PSI
              P             N             COPE          MSPSS         NEURO
              ________      ________      ________      ________      ________
 P              1.000
 N              0.000         1.000
 COPE           0.000         0.000         1.000
 MSPSS          0.000         0.000         0.250         1.000
 NEURO          0.000         0.000        -0.310        -0.250         1.000
 EXTRA          0.000         0.000         0.310         0.460        -0.660
 PTGI           0.000         0.000         0.000         0.000         0.000
 IESR           0.000         0.000         0.000         0.000         0.000


           PSI
              EXTRA         PTGI          IESR
              ________      ________      ________
 EXTRA          1.000
 PTGI           0.000         1.000
 IESR           0.000         0.230         1.000


     POPULATION VALUES


           NU
              P1            P2            P3            N1            N2
              ________      ________      ________      ________      ________
                0.000         0.000         0.000         0.000         0.000


           NU
              N3            COPE1         COPE2         MSPSS1        MSPSS2
              ________      ________      ________      ________      ________
                0.000         0.000         0.000         0.000         0.000


           NU
              MSPSS3        NEURO1        NEURO2        EXTRA1        EXTRA2
              ________      ________      ________      ________      ________
                0.000         0.000         0.000         0.000         0.000


           NU
              EXTRA3        PTGI1         PTGI2         PTGI3         PTGI4
              ________      ________      ________      ________      ________
                0.000         0.000         0.000         0.000         0.000


           NU
              PTGI5         IESR1         IESR2         IESR3
              ________      ________      ________      ________
                0.000         0.000         0.000         0.000


           LAMBDA
              P             N             COPE          MSPSS         NEURO
              ________      ________      ________      ________      ________
 P1             0.720         0.000         0.000         0.000         0.000
 P2             0.720         0.000         0.000         0.000         0.000
 P3             0.720         0.000         0.000         0.000         0.000
 N1             0.000         0.840         0.000         0.000         0.000
 N2             0.000         0.840         0.000         0.000         0.000
 N3             0.000         0.840         0.000         0.000         0.000
 COPE1          0.000         0.000         0.710         0.000         0.000
 COPE2          0.000         0.000         0.710         0.000         0.000
 MSPSS1         0.000         0.000         0.000         0.700         0.000
 MSPSS2         0.000         0.000         0.000         0.700         0.000
 MSPSS3         0.000         0.000         0.000         0.700         0.000
 NEURO1         0.000         0.000         0.000         0.000         0.800
 NEURO2         0.000         0.000         0.000         0.000         0.800
 EXTRA1         0.000         0.000         0.000         0.000         0.000
 EXTRA2         0.000         0.000         0.000         0.000         0.000
 EXTRA3         0.000         0.000         0.000         0.000         0.000
 PTGI1          0.000         0.000         0.000         0.000         0.000
 PTGI2          0.000         0.000         0.000         0.000         0.000
 PTGI3          0.000         0.000         0.000         0.000         0.000
 PTGI4          0.000         0.000         0.000         0.000         0.000
 PTGI5          0.000         0.000         0.000         0.000         0.000
 IESR1          0.000         0.000         0.000         0.000         0.000
 IESR2          0.000         0.000         0.000         0.000         0.000
 IESR3          0.000         0.000         0.000         0.000         0.000


           LAMBDA
              EXTRA         PTGI          IESR
              ________      ________      ________
 P1             0.000         0.000         0.000
 P2             0.000         0.000         0.000
 P3             0.000         0.000         0.000
 N1             0.000         0.000         0.000
 N2             0.000         0.000         0.000
 N3             0.000         0.000         0.000
 COPE1          0.000         0.000         0.000
 COPE2          0.000         0.000         0.000
 MSPSS1         0.000         0.000         0.000
 MSPSS2         0.000         0.000         0.000
 MSPSS3         0.000         0.000         0.000
 NEURO1         0.000         0.000         0.000
 NEURO2         0.000         0.000         0.000
 EXTRA1         0.670         0.000         0.000
 EXTRA2         0.670         0.000         0.000
 EXTRA3         0.670         0.000         0.000
 PTGI1          0.000         0.790         0.000
 PTGI2          0.000         0.790         0.000
 PTGI3          0.000         0.790         0.000
 PTGI4          0.000         0.790         0.000
 PTGI5          0.000         0.790         0.000
 IESR1          0.000         0.000         0.850
 IESR2          0.000         0.000         0.850
 IESR3          0.000         0.000         0.850


           THETA
              P1            P2            P3            N1            N2
              ________      ________      ________      ________      ________
 P1             0.482
 P2             0.000         0.482
 P3             0.000         0.000         0.482
 N1             0.000         0.000         0.000         0.294
 N2             0.000         0.000         0.000         0.000         0.294
 N3             0.000         0.000         0.000         0.000         0.000
 COPE1          0.000         0.000         0.000         0.000         0.000
 COPE2          0.000         0.000         0.000         0.000         0.000
 MSPSS1         0.000         0.000         0.000         0.000         0.000
 MSPSS2         0.000         0.000         0.000         0.000         0.000
 MSPSS3         0.000         0.000         0.000         0.000         0.000
 NEURO1         0.000         0.000         0.000         0.000         0.000
 NEURO2         0.000         0.000         0.000         0.000         0.000
 EXTRA1         0.000         0.000         0.000         0.000         0.000
 EXTRA2         0.000         0.000         0.000         0.000         0.000
 EXTRA3         0.000         0.000         0.000         0.000         0.000
 PTGI1          0.000         0.000         0.000         0.000         0.000
 PTGI2          0.000         0.000         0.000         0.000         0.000
 PTGI3          0.000         0.000         0.000         0.000         0.000
 PTGI4          0.000         0.000         0.000         0.000         0.000
 PTGI5          0.000         0.000         0.000         0.000         0.000
 IESR1          0.000         0.000         0.000         0.000         0.000
 IESR2          0.000         0.000         0.000         0.000         0.000
 IESR3          0.000         0.000         0.000         0.000         0.000


           THETA
              N3            COPE1         COPE2         MSPSS1        MSPSS2
              ________      ________      ________      ________      ________
 N3             0.294
 COPE1          0.000         0.360
 COPE2          0.000         0.000         0.360
 MSPSS1         0.000         0.000         0.000         0.496
 MSPSS2         0.000         0.000         0.000         0.000         0.496
 MSPSS3         0.000         0.000         0.000         0.000         0.000
 NEURO1         0.000         0.000         0.000         0.000         0.000
 NEURO2         0.000         0.000         0.000         0.000         0.000
 EXTRA1         0.000         0.000         0.000         0.000         0.000
 EXTRA2         0.000         0.000         0.000         0.000         0.000
 EXTRA3         0.000         0.000         0.000         0.000         0.000
 PTGI1          0.000         0.000         0.000         0.000         0.000
 PTGI2          0.000         0.000         0.000         0.000         0.000
 PTGI3          0.000         0.000         0.000         0.000         0.000
 PTGI4          0.000         0.000         0.000         0.000         0.000
 PTGI5          0.000         0.000         0.000         0.000         0.000
 IESR1          0.000         0.000         0.000         0.000         0.000
 IESR2          0.000         0.000         0.000         0.000         0.000
 IESR3          0.000         0.000         0.000         0.000         0.000


           THETA
              MSPSS3        NEURO1        NEURO2        EXTRA1        EXTRA2
              ________      ________      ________      ________      ________
 MSPSS3         0.496
 NEURO1         0.000         0.360
 NEURO2         0.000         0.000         0.360
 EXTRA1         0.000         0.000         0.000         0.551
 EXTRA2         0.000         0.000         0.000         0.000         0.551
 EXTRA3         0.000         0.000         0.000         0.000         0.000
 PTGI1          0.000         0.000         0.000         0.000         0.000
 PTGI2          0.000         0.000         0.000         0.000         0.000
 PTGI3          0.000         0.000         0.000         0.000         0.000
 PTGI4          0.000         0.000         0.000         0.000         0.000
 PTGI5          0.000         0.000         0.000         0.000         0.000
 IESR1          0.000         0.000         0.000         0.000         0.000
 IESR2          0.000         0.000         0.000         0.000         0.000
 IESR3          0.000         0.000         0.000         0.000         0.000


           THETA
              EXTRA3        PTGI1         PTGI2         PTGI3         PTGI4
              ________      ________      ________      ________      ________
 EXTRA3         0.551
 PTGI1          0.000         0.376
 PTGI2          0.000         0.000         0.376
 PTGI3          0.000         0.000         0.000         0.376
 PTGI4          0.000         0.000         0.000         0.000         0.376
 PTGI5          0.000         0.000         0.000         0.000         0.000
 IESR1          0.000         0.000         0.000         0.000         0.000
 IESR2          0.000         0.000         0.000         0.000         0.000
 IESR3          0.000         0.000         0.000         0.000         0.000


           THETA
              PTGI5         IESR1         IESR2         IESR3
              ________      ________      ________      ________
 PTGI5          0.376
 IESR1          0.000         0.278
 IESR2          0.000         0.000         0.278
 IESR3          0.000         0.000         0.000         0.278


           ALPHA
              P             N             COPE          MSPSS         NEURO
              ________      ________      ________      ________      ________
                0.000         0.000         0.000         0.000         0.000


           ALPHA
              EXTRA         PTGI          IESR
              ________      ________      ________
                0.000         0.000         0.000


           BETA
              P             N             COPE          MSPSS         NEURO
              ________      ________      ________      ________      ________
 P              0.000         0.000         0.580         0.040        -0.340
 N              0.000         0.000         0.180        -0.030         0.920
 COPE           0.000         0.000         0.000         0.000         0.000
 MSPSS          0.000         0.000         0.000         0.000         0.000
 NEURO          0.000         0.000         0.000         0.000         0.000
 EXTRA          0.000         0.000         0.000         0.000         0.000
 PTGI           0.190         0.050         0.070         0.040         0.330
 IESR           0.070         0.460        -0.020        -0.050         0.290


           BETA
              EXTRA         PTGI          IESR
              ________      ________      ________
 P             -0.080         0.000         0.000
 N              0.060         0.000         0.000
 COPE           0.000         0.000         0.000
 MSPSS          0.000         0.000         0.000
 NEURO          0.000         0.000         0.000
 EXTRA          0.000         0.000         0.000
 PTGI           0.410         0.000         0.000
 IESR           0.330         0.000         0.000


           PSI
              P             N             COPE          MSPSS         NEURO
              ________      ________      ________      ________      ________
 P              1.000
 N              0.000         1.000
 COPE           0.000         0.000         1.000
 MSPSS          0.000         0.000         0.250         1.000
 NEURO          0.000         0.000        -0.310        -0.250         1.000
 EXTRA          0.000         0.000         0.310         0.460        -0.660
 PTGI           0.000         0.000         0.000         0.000         0.000
 IESR           0.000         0.000         0.000         0.000         0.000


           PSI
              EXTRA         PTGI          IESR
              ________      ________      ________
 EXTRA          1.000
 PTGI           0.000         1.000
 IESR           0.000         0.230         1.000


TECHNICAL 9 OUTPUT

  Error messages for each replication (if any)



     Beginning Time:  09:33:27
        Ending Time:  09:44:40
       Elapsed Time:  00:11:13



MUTHEN & MUTHEN
3463 Stoner Ave.
Los Angeles, CA  90066

Tel: (310) 391-9971
Fax: (310) 391-8971
Web: www.StatModel.com
Support: Support@StatModel.com

Copyright (c) 1998-2021 Muthen & Muthen
