Mplus VERSION 8.6 (Mac)
MUTHEN & MUTHEN
11/12/2022   8:54 AM

INPUT INSTRUCTIONS

  TITLE: Monte Carlo simulation for testing regression coefficients.
  MONTECARLO:
     NAMES = P1-P3 N1-N3
             COPE1-COPE2
             MSPSS1-MSPSS3
             NEURO1-NEURO2
             EXTRA1-EXTRA3
             PTGI1-PTGI5
             IESR1-IESR3
             ;
  NOBSERVATIONS = 300;  !746
  NREPS = 10000; ! 10000
  SEED = 12345;
  MODEL POPULATION:
    [
    P1-P3@0
    N1-N3@0
    COPE1-COPE2@0
    MSPSS1-MSPSS3@0
    NEURO1-NEURO2@0
    EXTRA1-EXTRA3@0
    PTGI1-PTGI5@0
    IESR1-IESR3@0
    ];

  P BY P1-P3@.72;
  P@1;
  P1-P3@.4816;

  N BY N1-N3@.84;
  N@1;
  N1-N3@.2944;

  COPE BY COPE1-COPE2@.71;
  COPE@1;
  COPE1-COPE2@.36;

  MSPSS BY MSPSS1-MSPSS3@.7;
  MSPSS@1;
  MSPSS1-MSPSS3@.4959;

  NEURO BY NEURO1-NEURO2@.8;
  NEURO@1;
  NEURO1-NEURO2@.36;

  EXTRA BY EXTRA1-EXTRA3@.67;
  EXTRA@1;
  EXTRA1-EXTRA3@.5511;

  PTGI BY PTGI1-PTGI5@.79;
  PTGI@1;
  PTGI1-PTGI5@.3759;

  IESR BY IESR1-IESR3@.85;
  IESR@1;
  IESR1-IESR3@.2775;

  P ON COPE@.58 MSPSS@.04 NEURO@-.34 EXTRA@-.08;
  N ON COPE@.18 MSPSS@-.03 NEURO@.92 EXTRA@.06;

  PTGI ON P@.19 N@.05 COPE@.07 MSPSS@.04 NEURO@.33 EXTRA@.41;
  IESR ON P@.07 N@.46 COPE@-.02 MSPSS@-.05 NEURO@.29 EXTRA@.33;

  IESR WITH PTGI@.23;
  MSPSS WITH COPE@.25;
  NEURO WITH COPE@-.31;
  NEURO WITH MSPSS@-.25;
  EXTRA WITH COPE@.31;
  EXTRA WITH MSPSS@.46;
  EXTRA WITH NEURO@-.66;

  MODEL:
    [
    P1-P3*0
    N1-N3*0
    COPE1-COPE2*0
    MSPSS1-MSPSS3*0
    NEURO1-NEURO2*0
    EXTRA1-EXTRA3*0
    PTGI1-PTGI5*0
    IESR1-IESR3*0
    ];

  P BY P1-P3*.72;
  P@1;
  P1-P3*.4816;

  N BY N1-N3*.84;
  N@1;
  N1-N3*.2944;

  COPE BY COPE1-COPE2*.71;
  COPE@1;
  COPE1-COPE2*.36;

  MSPSS BY MSPSS1-MSPSS3*.7;
  MSPSS@1;
  MSPSS1-MSPSS3*.4959;

  NEURO BY NEURO1-NEURO2*.8;
  NEURO@1;
  NEURO1-NEURO2*.36;

  EXTRA BY EXTRA1-EXTRA3*.67;
  EXTRA@1;
  EXTRA1-EXTRA3*.5511;

  PTGI BY PTGI1-PTGI5*.79;
  PTGI@1;
  PTGI1-PTGI5*.3759;

  IESR BY IESR1-IESR3*.85;
  IESR@1;
  IESR1-IESR3*.2775;

  P ON COPE*.58 MSPSS*.04 NEURO*-.34 EXTRA*-.08;
  N ON COPE*.18 MSPSS*-.03 NEURO*.92 EXTRA*.06;

  PTGI ON P*.19 N@.05 COPE*.07 MSPSS*.04 NEURO*.33 EXTRA*.41;
  IESR ON P*.07 N*.46 COPE*-.02 MSPSS*-.05 NEURO*.29 EXTRA*.33;

  IESR WITH PTGI*.23;
  MSPSS WITH COPE*.25;
  NEURO WITH COPE*-.31;
  NEURO WITH MSPSS*-.25;
  EXTRA WITH COPE*.31;
  EXTRA WITH MSPSS*.46;
  EXTRA WITH NEURO*-.66;

  OUTPUT: TECH9;



INPUT READING TERMINATED NORMALLY



Monte Carlo simulation for testing regression coefficients.

SUMMARY OF ANALYSIS

Number of groups                                                 1
Number of observations                                         300

Number of replications
    Requested                                                10000
    Completed                                                10000
Value of seed                                                12345

Number of dependent variables                                   24
Number of independent variables                                  0
Number of continuous latent variables                            8

Observed dependent variables

  Continuous
   P1          P2          P3          N1          N2          N3
   COPE1       COPE2       MSPSS1      MSPSS2      MSPSS3      NEURO1
   NEURO2      EXTRA1      EXTRA2      EXTRA3      PTGI1       PTGI2
   PTGI3       PTGI4       PTGI5       IESR1       IESR2       IESR3

Continuous latent variables
   P           N           COPE        MSPSS       NEURO       EXTRA
   PTGI        IESR


Estimator                                                       ML
Information matrix                                        OBSERVED
Maximum number of iterations                                  1000
Convergence criterion                                    0.500D-04
Maximum number of steepest descent iterations                   20



SAMPLE STATISTICS FOR THE FIRST REPLICATION


     SAMPLE STATISTICS


           Means
              P1            P2            P3            N1            N2
              ________      ________      ________      ________      ________
                0.091         0.113         0.131        -0.099        -0.129


           Means
              N3            COPE1         COPE2         MSPSS1        MSPSS2
              ________      ________      ________      ________      ________
               -0.155        -0.016        -0.014         0.140         0.074


           Means
              MSPSS3        NEURO1        NEURO2        EXTRA1        EXTRA2
              ________      ________      ________      ________      ________
               -0.013        -0.083         0.031         0.066        -0.002


           Means
              EXTRA3        PTGI1         PTGI2         PTGI3         PTGI4
              ________      ________      ________      ________      ________
                0.033         0.013        -0.078        -0.064        -0.092


           Means
              PTGI5         IESR1         IESR2         IESR3
              ________      ________      ________      ________
               -0.047        -0.104        -0.085        -0.099


           Covariances
              P1            P2            P3            N1            N2
              ________      ________      ________      ________      ________
 P1             1.130
 P2             0.743         1.307
 P3             0.689         0.771         1.191
 N1            -0.161        -0.288        -0.195         1.429
 N2            -0.215        -0.334        -0.242         1.138         1.449
 N3            -0.231        -0.303        -0.261         1.118         1.136
 COPE1          0.352         0.348         0.336        -0.048        -0.046
 COPE2          0.378         0.329         0.271        -0.030        -0.033
 MSPSS1         0.125         0.125         0.055         0.032        -0.051
 MSPSS2         0.125         0.096         0.065         0.020        -0.020
 MSPSS3         0.075         0.110         0.123        -0.097        -0.117
 NEURO1        -0.224        -0.337        -0.282         0.507         0.467
 NEURO2        -0.321        -0.401        -0.331         0.579         0.554
 EXTRA1         0.063         0.159         0.062        -0.265        -0.224
 EXTRA2         0.212         0.258         0.189        -0.302        -0.243
 EXTRA3         0.200         0.208         0.125        -0.357        -0.278
 PTGI1          0.189         0.246         0.088         0.058         0.014
 PTGI2          0.167         0.172         0.166         0.066         0.014
 PTGI3          0.187         0.249         0.155         0.002         0.028
 PTGI4          0.119         0.189         0.143         0.033         0.013
 PTGI5          0.158         0.183         0.148         0.108         0.072
 IESR1         -0.134        -0.147        -0.114         0.559         0.579
 IESR2         -0.106        -0.072        -0.075         0.607         0.616
 IESR3         -0.072        -0.043        -0.018         0.566         0.619


           Covariances
              N3            COPE1         COPE2         MSPSS1        MSPSS2
              ________      ________      ________      ________      ________
 N3             1.422
 COPE1         -0.061         0.902
 COPE2         -0.035         0.508         0.872
 MSPSS1         0.022         0.139         0.133         0.910
 MSPSS2         0.069         0.077         0.137         0.443         1.080
 MSPSS3        -0.058         0.098         0.151         0.483         0.523
 NEURO1         0.497        -0.135        -0.115        -0.049        -0.053
 NEURO2         0.575        -0.140        -0.181        -0.096        -0.066
 EXTRA1        -0.187         0.080         0.173         0.230         0.157
 EXTRA2        -0.267         0.145         0.160         0.161         0.184
 EXTRA3        -0.287         0.182         0.180         0.169         0.185
 PTGI1          0.089         0.158         0.126         0.164         0.177
 PTGI2          0.059         0.175         0.161         0.117         0.150
 PTGI3          0.096         0.156         0.128         0.132         0.152
 PTGI4          0.080         0.102         0.072         0.066         0.100
 PTGI5          0.136         0.085         0.128         0.109         0.173
 IESR1          0.580         0.023        -0.068         0.057         0.027
 IESR2          0.585         0.018        -0.035         0.093         0.061
 IESR3          0.633         0.053        -0.015         0.059         0.003


           Covariances
              MSPSS3        NEURO1        NEURO2        EXTRA1        EXTRA2
              ________      ________      ________      ________      ________
 MSPSS3         1.059
 NEURO1        -0.212         0.992
 NEURO2        -0.178         0.683         1.077
 EXTRA1         0.306        -0.370        -0.431         0.967
 EXTRA2         0.257        -0.340        -0.378         0.385         0.941
 EXTRA3         0.243        -0.319        -0.375         0.409         0.464
 PTGI1          0.160         0.000        -0.048         0.141         0.167
 PTGI2          0.122        -0.003        -0.048         0.133         0.158
 PTGI3          0.110        -0.018        -0.058         0.124         0.212
 PTGI4          0.140        -0.053        -0.081         0.124         0.182
 PTGI5          0.172        -0.010        -0.039         0.170         0.263
 IESR1         -0.049         0.188         0.289        -0.022        -0.006
 IESR2         -0.033         0.192         0.266         0.024         0.009
 IESR3         -0.029         0.202         0.282         0.008         0.019


           Covariances
              EXTRA3        PTGI1         PTGI2         PTGI3         PTGI4
              ________      ________      ________      ________      ________
 EXTRA3         1.110
 PTGI1          0.167         1.017
 PTGI2          0.199         0.566         0.876
 PTGI3          0.142         0.652         0.560         0.972
 PTGI4          0.190         0.614         0.538         0.591         0.949
 PTGI5          0.251         0.612         0.521         0.617         0.593
 IESR1         -0.008         0.249         0.181         0.208         0.254
 IESR2          0.014         0.276         0.206         0.214         0.299
 IESR3          0.029         0.288         0.216         0.221         0.285


           Covariances
              PTGI5         IESR1         IESR2         IESR3
              ________      ________      ________      ________
 PTGI5          0.982
 IESR1          0.310         1.336
 IESR2          0.250         1.122         1.506
 IESR3          0.314         1.097         1.175         1.403


           Correlations
              P1            P2            P3            N1            N2
              ________      ________      ________      ________      ________
 P1             1.000
 P2             0.611         1.000
 P3             0.594         0.617         1.000
 N1            -0.127        -0.211        -0.149         1.000
 N2            -0.168        -0.243        -0.184         0.791         1.000
 N3            -0.182        -0.222        -0.201         0.784         0.791
 COPE1          0.349         0.320         0.324        -0.042        -0.041
 COPE2          0.381         0.308         0.266        -0.026        -0.030
 MSPSS1         0.123         0.114         0.053         0.028        -0.045
 MSPSS2         0.113         0.080         0.057         0.016        -0.016
 MSPSS3         0.068         0.093         0.109        -0.079        -0.094
 NEURO1        -0.211        -0.296        -0.259         0.426         0.390
 NEURO2        -0.291        -0.338        -0.292         0.467         0.444
 EXTRA1         0.060         0.141         0.058        -0.226        -0.190
 EXTRA2         0.205         0.233         0.178        -0.261        -0.208
 EXTRA3         0.178         0.173         0.108        -0.283        -0.219
 PTGI1          0.176         0.213         0.080         0.048         0.012
 PTGI2          0.168         0.160         0.163         0.059         0.013
 PTGI3          0.178         0.221         0.144         0.002         0.024
 PTGI4          0.115         0.169         0.134         0.028         0.011
 PTGI5          0.150         0.162         0.137         0.091         0.060
 IESR1         -0.109        -0.111        -0.090         0.405         0.416
 IESR2         -0.082        -0.052        -0.056         0.414         0.417
 IESR3         -0.057        -0.032        -0.014         0.399         0.434


           Correlations
              N3            COPE1         COPE2         MSPSS1        MSPSS2
              ________      ________      ________      ________      ________
 N3             1.000
 COPE1         -0.054         1.000
 COPE2         -0.032         0.573         1.000
 MSPSS1         0.019         0.154         0.150         1.000
 MSPSS2         0.055         0.079         0.141         0.447         1.000
 MSPSS3        -0.047         0.100         0.157         0.492         0.489
 NEURO1         0.419        -0.143        -0.123        -0.052        -0.051
 NEURO2         0.464        -0.142        -0.187        -0.097        -0.061
 EXTRA1        -0.160         0.085         0.188         0.245         0.153
 EXTRA2        -0.231         0.158         0.176         0.174         0.183
 EXTRA3        -0.228         0.182         0.183         0.168         0.169
 PTGI1          0.074         0.165         0.134         0.171         0.169
 PTGI2          0.053         0.197         0.185         0.131         0.155
 PTGI3          0.082         0.166         0.139         0.140         0.149
 PTGI4          0.069         0.110         0.079         0.071         0.099
 PTGI5          0.115         0.091         0.139         0.115         0.168
 IESR1          0.421         0.021        -0.063         0.052         0.023
 IESR2          0.399         0.015        -0.030         0.080         0.048
 IESR3          0.448         0.047        -0.014         0.052         0.003


           Correlations
              MSPSS3        NEURO1        NEURO2        EXTRA1        EXTRA2
              ________      ________      ________      ________      ________
 MSPSS3         1.000
 NEURO1        -0.207         1.000
 NEURO2        -0.167         0.660         1.000
 EXTRA1         0.303        -0.378        -0.422         1.000
 EXTRA2         0.258        -0.352        -0.375         0.404         1.000
 EXTRA3         0.224        -0.304        -0.343         0.395         0.454
 PTGI1          0.154         0.000        -0.046         0.142         0.171
 PTGI2          0.127        -0.003        -0.049         0.145         0.174
 PTGI3          0.108        -0.019        -0.057         0.128         0.222
 PTGI4          0.140        -0.055        -0.080         0.129         0.192
 PTGI5          0.168        -0.010        -0.038         0.175         0.273
 IESR1         -0.041         0.163         0.241        -0.019        -0.005
 IESR2         -0.026         0.157         0.209         0.020         0.008
 IESR3         -0.024         0.171         0.229         0.007         0.017


           Correlations
              EXTRA3        PTGI1         PTGI2         PTGI3         PTGI4
              ________      ________      ________      ________      ________
 EXTRA3         1.000
 PTGI1          0.157         1.000
 PTGI2          0.202         0.600         1.000
 PTGI3          0.137         0.656         0.607         1.000
 PTGI4          0.185         0.625         0.590         0.616         1.000
 PTGI5          0.240         0.613         0.562         0.631         0.614
 IESR1         -0.007         0.214         0.168         0.182         0.225
 IESR2          0.011         0.223         0.179         0.177         0.250
 IESR3          0.023         0.241         0.195         0.189         0.247


           Correlations
              PTGI5         IESR1         IESR2         IESR3
              ________      ________      ________      ________
 PTGI5          1.000
 IESR1          0.271         1.000
 IESR2          0.206         0.791         1.000
 IESR3          0.268         0.801         0.808         1.000


MODEL FIT INFORMATION

Number of Free Parameters                       98

Loglikelihood

    H0 Value

        Mean                             -8759.653
        Std Dev                             60.981
        Number of successful computations    10000

             Proportions                   Percentiles
        Expected    Observed         Expected       Observed
           0.990       0.990        -8901.512      -8903.261
           0.980       0.980        -8884.889      -8884.713
           0.950       0.949        -8859.960      -8860.372
           0.900       0.901        -8837.806      -8837.565
           0.800       0.802        -8810.974      -8810.690
           0.700       0.703        -8791.631      -8791.179
           0.500       0.502        -8759.653      -8759.331
           0.300       0.295        -8727.675      -8728.421
           0.200       0.198        -8708.332      -8708.778
           0.100       0.098        -8681.500      -8682.559
           0.050       0.050        -8659.346      -8659.684
           0.020       0.021        -8634.417      -8633.374
           0.010       0.012        -8617.794      -8612.884

    H1 Value

        Mean                             -8642.579
        Std Dev                             62.191
        Number of successful computations    10000

             Proportions                   Percentiles
        Expected    Observed         Expected       Observed
           0.990       0.989        -8787.254      -8788.386
           0.980       0.979        -8770.301      -8771.379
           0.950       0.951        -8744.877      -8744.251
           0.900       0.904        -8722.283      -8721.385
           0.800       0.800        -8694.919      -8694.905
           0.700       0.703        -8675.192      -8674.753
           0.500       0.499        -8642.579      -8642.639
           0.300       0.298        -8609.966      -8610.160
           0.200       0.197        -8590.239      -8590.915
           0.100       0.098        -8562.875      -8563.627
           0.050       0.049        -8540.281      -8541.081
           0.020       0.021        -8514.857      -8513.080
           0.010       0.012        -8497.904      -8494.314

Information Criteria

    Akaike (AIC)

        Mean                             17715.306
        Std Dev                            121.961
        Number of successful computations    10000

             Proportions                   Percentiles
        Expected    Observed         Expected       Observed
           0.990       0.988        17431.587      17421.238
           0.980       0.979        17464.834      17462.304
           0.950       0.950        17514.692      17515.362
           0.900       0.902        17559.000      17560.962
           0.800       0.802        17612.663      17613.549
           0.700       0.705        17651.349      17652.824
           0.500       0.497        17715.306      17714.641
           0.300       0.297        17779.262      17778.301
           0.200       0.198        17817.948      17817.277
           0.100       0.099        17871.611      17870.962
           0.050       0.051        17915.920      17916.585
           0.020       0.020        17965.778      17965.415
           0.010       0.011        17999.024      18002.386

    Bayesian (BIC)

        Mean                             18078.276
        Std Dev                            121.961
        Number of successful computations    10000

             Proportions                   Percentiles
        Expected    Observed         Expected       Observed
           0.990       0.988        17794.558      17784.209
           0.980       0.979        17827.804      17825.275
           0.950       0.950        17877.662      17878.333
           0.900       0.902        17921.971      17923.933
           0.800       0.802        17975.634      17976.520
           0.700       0.705        18014.320      18015.795
           0.500       0.497        18078.276      18077.611
           0.300       0.297        18142.233      18141.271
           0.200       0.198        18180.919      18180.248
           0.100       0.099        18234.582      18233.932
           0.050       0.051        18278.891      18279.556
           0.020       0.020        18328.748      18328.386
           0.010       0.011        18361.995      18365.357

    Sample-Size Adjusted BIC (n* = (n + 2) / 24)

        Mean                             17767.478
        Std Dev                            121.961
        Number of successful computations    10000

             Proportions                   Percentiles
        Expected    Observed         Expected       Observed
           0.990       0.988        17483.760      17473.410
           0.980       0.979        17517.006      17514.477
           0.950       0.950        17566.864      17567.535
           0.900       0.902        17611.173      17613.135
           0.800       0.802        17664.836      17665.722
           0.700       0.705        17703.522      17704.997
           0.500       0.497        17767.478      17766.813
           0.300       0.297        17831.435      17830.473
           0.200       0.198        17870.121      17869.449
           0.100       0.099        17923.784      17923.134
           0.050       0.051        17968.093      17968.757
           0.020       0.020        18017.950      18017.588
           0.010       0.011        18051.197      18054.558

Chi-Square Test of Model Fit

        Degrees of freedom                     226

        Mean                               234.148
        Std Dev                             22.368
        Number of successful computations    10000

             Proportions                   Percentiles
        Expected    Observed         Expected       Observed
           0.990       0.996          179.499        185.152
           0.980       0.992          184.510        190.013
           0.950       0.973          192.203        198.384
           0.900       0.946          199.218        206.343
           0.800       0.886          207.940        215.061
           0.700       0.810          214.386        221.785
           0.500       0.642          225.334        233.342
           0.300       0.444          236.647        245.506
           0.200       0.331          243.671        252.778
           0.100       0.188          253.638        262.789
           0.050       0.107          262.070        271.879
           0.020       0.051          271.777        282.258
           0.010       0.030          278.379        290.174

RMSEA (Root Mean Square Error Of Approximation)

        Mean                                 0.010
        Std Dev                              0.010
        Number of successful computations    10000

        Cumulative Distribution Function
           Value    Function Value
           0.990       1.000
           0.980       1.000
           0.950       1.000
           0.900       1.000
           0.800       1.000
           0.700       1.000
           0.500       1.000
           0.300       1.000
           0.200       1.000
           0.100       1.000
           0.050       1.000
           0.020       0.806
           0.010       0.490

CFI/TLI

    CFI

        Mean                                 0.996
        Std Dev                              0.004
        Number of successful computations    10000

        Cumulative Distribution Function
           Value    Function Value
           0.990       0.094
           0.980       0.003
           0.950       0.000
           0.900       0.000
           0.800       0.000
           0.700       0.000
           0.500       0.000
           0.300       0.000
           0.200       0.000
           0.100       0.000
           0.050       0.000
           0.020       0.000
           0.010       0.000

    TLI

        Mean                                 0.996
        Std Dev                              0.005
        Number of successful computations    10000

        Cumulative Distribution Function
           Value    Function Value
           0.990       0.153
           0.980       0.012
           0.950       0.000
           0.900       0.000
           0.800       0.000
           0.700       0.000
           0.500       0.000
           0.300       0.000
           0.200       0.000
           0.100       0.000
           0.050       0.000
           0.020       0.000
           0.010       0.000

SRMR (Standardized Root Mean Square Residual)

        Mean                                 0.033
        Std Dev                              0.003
        Number of successful computations    10000

        Cumulative Distribution Function
           Value    Function Value
           0.990       1.000
           0.980       1.000
           0.950       1.000
           0.900       1.000
           0.800       1.000
           0.700       1.000
           0.500       1.000
           0.300       1.000
           0.200       1.000
           0.100       1.000
           0.050       1.000
           0.020       0.000
           0.010       0.000


MODEL RESULTS

                              ESTIMATES              S. E.     M. S. E.  95%  % Sig
                 Population   Average   Std. Dev.   Average             Cover Coeff

 P        BY
  P1                  0.720     0.7074     0.0547     0.0544     0.0031 0.940 1.000
  P2                  0.720     0.7077     0.0547     0.0544     0.0031 0.940 1.000
  P3                  0.720     0.7080     0.0553     0.0544     0.0032 0.939 1.000

 N        BY
  N1                  0.840     0.8247     0.0535     0.0530     0.0031 0.938 1.000
  N2                  0.840     0.8251     0.0539     0.0530     0.0031 0.939 1.000
  N3                  0.840     0.8253     0.0540     0.0530     0.0031 0.935 1.000

 COPE     BY
  COPE1               0.710     0.7103     0.0629     0.0611     0.0040 0.941 1.000
  COPE2               0.710     0.7101     0.0633     0.0610     0.0040 0.942 1.000

 MSPSS    BY
  MSPSS1              0.700     0.6977     0.0597     0.0593     0.0036 0.950 1.000
  MSPSS2              0.700     0.6985     0.0604     0.0594     0.0037 0.944 1.000
  MSPSS3              0.700     0.6980     0.0595     0.0593     0.0035 0.947 1.000

 NEURO    BY
  NEURO1              0.800     0.7987     0.0537     0.0535     0.0029 0.948 1.000
  NEURO2              0.800     0.7978     0.0535     0.0535     0.0029 0.950 1.000

 EXTRA    BY
  EXTRA1              0.670     0.6689     0.0589     0.0589     0.0035 0.951 1.000
  EXTRA2              0.670     0.6681     0.0592     0.0588     0.0035 0.946 1.000
  EXTRA3              0.670     0.6689     0.0603     0.0589     0.0036 0.944 1.000

 PTGI     BY
  PTGI1               0.790     0.7751     0.0509     0.0508     0.0028 0.938 1.000
  PTGI2               0.790     0.7750     0.0515     0.0508     0.0029 0.932 1.000
  PTGI3               0.790     0.7756     0.0510     0.0508     0.0028 0.937 1.000
  PTGI4               0.790     0.7747     0.0509     0.0508     0.0028 0.937 1.000
  PTGI5               0.790     0.7748     0.0513     0.0508     0.0029 0.933 1.000

 IESR     BY
  IESR1               0.850     0.8308     0.0490     0.0488     0.0028 0.927 1.000
  IESR2               0.850     0.8306     0.0488     0.0488     0.0028 0.928 1.000
  IESR3               0.850     0.8303     0.0488     0.0488     0.0028 0.925 1.000

 P        ON
  COPE                0.580     0.5955     0.1117     0.1095     0.0127 0.952 1.000
  MSPSS               0.040     0.0408     0.1078     0.1061     0.0116 0.956 0.061
  NEURO              -0.340    -0.3507     0.1408     0.1379     0.0199 0.957 0.745
  EXTRA              -0.080    -0.0874     0.1635     0.1597     0.0268 0.959 0.065

 N        ON
  COPE                0.180     0.1871     0.0964     0.0938     0.0093 0.951 0.516
  MSPSS              -0.030    -0.0335     0.1062     0.1038     0.0113 0.954 0.054
  NEURO               0.920     0.9525     0.1728     0.1656     0.0309 0.958 1.000
  EXTRA               0.060     0.0734     0.1636     0.1571     0.0269 0.959 0.051

 PTGI     ON
  P                   0.190     0.1940     0.0822     0.0819     0.0068 0.953 0.667
  N                   0.050     0.0500     0.0000     0.0000     0.0000 1.000 0.000
  COPE                0.070     0.0687     0.1070     0.1052     0.0114 0.955 0.100
  MSPSS               0.040     0.0352     0.1001     0.0989     0.0100 0.953 0.072
  NEURO               0.330     0.3509     0.1447     0.1404     0.0214 0.959 0.753
  EXTRA               0.410     0.4364     0.1655     0.1597     0.0281 0.962 0.835

 IESR     ON
  P                   0.070     0.0727     0.0816     0.0809     0.0067 0.954 0.141
  N                   0.460     0.4639     0.0843     0.0837     0.0071 0.952 0.999
  COPE               -0.020    -0.0226     0.1103     0.1078     0.0122 0.952 0.053
  MSPSS              -0.050    -0.0573     0.1026     0.1006     0.0106 0.955 0.073
  NEURO               0.290     0.3092     0.1784     0.1749     0.0322 0.961 0.423
  EXTRA               0.330     0.3544     0.1656     0.1613     0.0280 0.960 0.628

 IESR     WITH
  PTGI                0.230     0.2283     0.0704     0.0694     0.0050 0.948 0.880

 MSPSS    WITH
  COPE                0.250     0.2493     0.0758     0.0741     0.0057 0.943 0.902
  NEURO              -0.250    -0.2504     0.0732     0.0720     0.0054 0.944 0.917
  EXTRA               0.460     0.4601     0.0690     0.0680     0.0048 0.942 1.000

 NEURO    WITH
  COPE               -0.310    -0.3092     0.0711     0.0708     0.0051 0.945 0.986
  EXTRA              -0.660    -0.6590     0.0553     0.0551     0.0031 0.947 1.000

 EXTRA    WITH
  COPE                0.310     0.3088     0.0756     0.0746     0.0057 0.949 0.979

 Intercepts
  P1                  0.000     0.0007     0.0656     0.0650     0.0043 0.950 0.050
  P2                  0.000     0.0000     0.0653     0.0651     0.0043 0.951 0.049
  P3                  0.000     0.0000     0.0661     0.0651     0.0044 0.948 0.052
  N1                  0.000     0.0007     0.0707     0.0708     0.0050 0.949 0.051
  N2                  0.000    -0.0002     0.0703     0.0708     0.0049 0.948 0.052
  N3                  0.000     0.0006     0.0706     0.0708     0.0050 0.952 0.048
  COPE1               0.000     0.0004     0.0538     0.0536     0.0029 0.950 0.051
  COPE2               0.000     0.0005     0.0536     0.0535     0.0029 0.949 0.051
  MSPSS1              0.000     0.0011     0.0579     0.0571     0.0034 0.946 0.054
  MSPSS2              0.000     0.0004     0.0577     0.0572     0.0033 0.947 0.054
  MSPSS3              0.000     0.0007     0.0573     0.0571     0.0033 0.951 0.049
  NEURO1              0.000    -0.0003     0.0574     0.0576     0.0033 0.952 0.047
  NEURO2              0.000    -0.0009     0.0582     0.0576     0.0034 0.950 0.050
  EXTRA1              0.000     0.0009     0.0576     0.0576     0.0033 0.952 0.048
  EXTRA2              0.000     0.0014     0.0572     0.0576     0.0033 0.952 0.048
  EXTRA3              0.000     0.0010     0.0571     0.0576     0.0033 0.950 0.050
  PTGI1               0.000     0.0001     0.0614     0.0610     0.0038 0.949 0.051
  PTGI2               0.000    -0.0007     0.0615     0.0610     0.0038 0.950 0.050
  PTGI3               0.000    -0.0001     0.0618     0.0610     0.0038 0.947 0.053
  PTGI4               0.000    -0.0005     0.0613     0.0610     0.0038 0.948 0.052
  PTGI5               0.000    -0.0001     0.0614     0.0609     0.0038 0.947 0.053
  IESR1               0.000     0.0002     0.0671     0.0669     0.0045 0.948 0.052
  IESR2               0.000    -0.0004     0.0667     0.0669     0.0044 0.949 0.051
  IESR3               0.000     0.0000     0.0674     0.0669     0.0045 0.946 0.054

 Variances
  COPE                1.000     1.0000     0.0000     0.0000     0.0000 1.000 0.000
  MSPSS               1.000     1.0000     0.0000     0.0000     0.0000 1.000 0.000
  NEURO               1.000     1.0000     0.0000     0.0000     0.0000 1.000 0.000
  EXTRA               1.000     1.0000     0.0000     0.0000     0.0000 1.000 0.000

 Residual Variances
  P1                  0.482     0.4768     0.0593     0.0584     0.0035 0.944 1.000
  P2                  0.482     0.4779     0.0593     0.0585     0.0035 0.943 1.000
  P3                  0.482     0.4787     0.0587     0.0586     0.0035 0.947 1.000
  N1                  0.294     0.2926     0.0360     0.0360     0.0013 0.947 1.000
  N2                  0.294     0.2923     0.0360     0.0360     0.0013 0.944 1.000
  N3                  0.294     0.2915     0.0364     0.0360     0.0013 0.941 1.000
  COPE1               0.360     0.3540     0.0689     0.0657     0.0048 0.950 0.990
  COPE2               0.360     0.3530     0.0693     0.0657     0.0049 0.949 0.992
  MSPSS1              0.496     0.4911     0.0617     0.0609     0.0038 0.946 1.000
  MSPSS2              0.496     0.4909     0.0622     0.0610     0.0039 0.944 1.000
  MSPSS3              0.496     0.4907     0.0608     0.0609     0.0037 0.950 1.000
  NEURO1              0.360     0.3563     0.0503     0.0491     0.0025 0.945 1.000
  NEURO2              0.360     0.3568     0.0502     0.0491     0.0025 0.944 1.000
  EXTRA1              0.551     0.5459     0.0611     0.0601     0.0038 0.939 1.000
  EXTRA2              0.551     0.5462     0.0614     0.0600     0.0038 0.941 1.000
  EXTRA3              0.551     0.5464     0.0610     0.0601     0.0037 0.943 1.000
  PTGI1               0.376     0.3729     0.0380     0.0381     0.0015 0.941 1.000
  PTGI2               0.376     0.3729     0.0386     0.0381     0.0015 0.942 1.000
  PTGI3               0.376     0.3729     0.0388     0.0382     0.0015 0.940 1.000
  PTGI4               0.376     0.3740     0.0384     0.0382     0.0015 0.940 1.000
  PTGI5               0.376     0.3733     0.0387     0.0382     0.0015 0.942 1.000
  IESR1               0.278     0.2750     0.0350     0.0346     0.0012 0.943 1.000
  IESR2               0.278     0.2760     0.0348     0.0346     0.0012 0.947 1.000
  IESR3               0.278     0.2761     0.0344     0.0346     0.0012 0.945 1.000
  P                   1.000     1.0000     0.0000     0.0000     0.0000 1.000 0.000
  N                   1.000     1.0000     0.0000     0.0000     0.0000 1.000 0.000
  PTGI                1.000     1.0000     0.0000     0.0000     0.0000 1.000 0.000
  IESR                1.000     1.0000     0.0000     0.0000     0.0000 1.000 0.000


QUALITY OF NUMERICAL RESULTS

     Average Condition Number for the Information Matrix      0.576E-02
       (ratio of smallest to largest eigenvalue)


TECHNICAL OUTPUT


     PARAMETER SPECIFICATION


           NU
              P1            P2            P3            N1            N2
              ________      ________      ________      ________      ________
                  1             2             3             4             5


           NU
              N3            COPE1         COPE2         MSPSS1        MSPSS2
              ________      ________      ________      ________      ________
                  6             7             8             9            10


           NU
              MSPSS3        NEURO1        NEURO2        EXTRA1        EXTRA2
              ________      ________      ________      ________      ________
                 11            12            13            14            15


           NU
              EXTRA3        PTGI1         PTGI2         PTGI3         PTGI4
              ________      ________      ________      ________      ________
                 16            17            18            19            20


           NU
              PTGI5         IESR1         IESR2         IESR3
              ________      ________      ________      ________
                 21            22            23            24


           LAMBDA
              P             N             COPE          MSPSS         NEURO
              ________      ________      ________      ________      ________
 P1                25             0             0             0             0
 P2                26             0             0             0             0
 P3                27             0             0             0             0
 N1                 0            28             0             0             0
 N2                 0            29             0             0             0
 N3                 0            30             0             0             0
 COPE1              0             0            31             0             0
 COPE2              0             0            32             0             0
 MSPSS1             0             0             0            33             0
 MSPSS2             0             0             0            34             0
 MSPSS3             0             0             0            35             0
 NEURO1             0             0             0             0            36
 NEURO2             0             0             0             0            37
 EXTRA1             0             0             0             0             0
 EXTRA2             0             0             0             0             0
 EXTRA3             0             0             0             0             0
 PTGI1              0             0             0             0             0
 PTGI2              0             0             0             0             0
 PTGI3              0             0             0             0             0
 PTGI4              0             0             0             0             0
 PTGI5              0             0             0             0             0
 IESR1              0             0             0             0             0
 IESR2              0             0             0             0             0
 IESR3              0             0             0             0             0


           LAMBDA
              EXTRA         PTGI          IESR
              ________      ________      ________
 P1                 0             0             0
 P2                 0             0             0
 P3                 0             0             0
 N1                 0             0             0
 N2                 0             0             0
 N3                 0             0             0
 COPE1              0             0             0
 COPE2              0             0             0
 MSPSS1             0             0             0
 MSPSS2             0             0             0
 MSPSS3             0             0             0
 NEURO1             0             0             0
 NEURO2             0             0             0
 EXTRA1            38             0             0
 EXTRA2            39             0             0
 EXTRA3            40             0             0
 PTGI1              0            41             0
 PTGI2              0            42             0
 PTGI3              0            43             0
 PTGI4              0            44             0
 PTGI5              0            45             0
 IESR1              0             0            46
 IESR2              0             0            47
 IESR3              0             0            48


           THETA
              P1            P2            P3            N1            N2
              ________      ________      ________      ________      ________
 P1                49
 P2                 0            50
 P3                 0             0            51
 N1                 0             0             0            52
 N2                 0             0             0             0            53
 N3                 0             0             0             0             0
 COPE1              0             0             0             0             0
 COPE2              0             0             0             0             0
 MSPSS1             0             0             0             0             0
 MSPSS2             0             0             0             0             0
 MSPSS3             0             0             0             0             0
 NEURO1             0             0             0             0             0
 NEURO2             0             0             0             0             0
 EXTRA1             0             0             0             0             0
 EXTRA2             0             0             0             0             0
 EXTRA3             0             0             0             0             0
 PTGI1              0             0             0             0             0
 PTGI2              0             0             0             0             0
 PTGI3              0             0             0             0             0
 PTGI4              0             0             0             0             0
 PTGI5              0             0             0             0             0
 IESR1              0             0             0             0             0
 IESR2              0             0             0             0             0
 IESR3              0             0             0             0             0


           THETA
              N3            COPE1         COPE2         MSPSS1        MSPSS2
              ________      ________      ________      ________      ________
 N3                54
 COPE1              0            55
 COPE2              0             0            56
 MSPSS1             0             0             0            57
 MSPSS2             0             0             0             0            58
 MSPSS3             0             0             0             0             0
 NEURO1             0             0             0             0             0
 NEURO2             0             0             0             0             0
 EXTRA1             0             0             0             0             0
 EXTRA2             0             0             0             0             0
 EXTRA3             0             0             0             0             0
 PTGI1              0             0             0             0             0
 PTGI2              0             0             0             0             0
 PTGI3              0             0             0             0             0
 PTGI4              0             0             0             0             0
 PTGI5              0             0             0             0             0
 IESR1              0             0             0             0             0
 IESR2              0             0             0             0             0
 IESR3              0             0             0             0             0


           THETA
              MSPSS3        NEURO1        NEURO2        EXTRA1        EXTRA2
              ________      ________      ________      ________      ________
 MSPSS3            59
 NEURO1             0            60
 NEURO2             0             0            61
 EXTRA1             0             0             0            62
 EXTRA2             0             0             0             0            63
 EXTRA3             0             0             0             0             0
 PTGI1              0             0             0             0             0
 PTGI2              0             0             0             0             0
 PTGI3              0             0             0             0             0
 PTGI4              0             0             0             0             0
 PTGI5              0             0             0             0             0
 IESR1              0             0             0             0             0
 IESR2              0             0             0             0             0
 IESR3              0             0             0             0             0


           THETA
              EXTRA3        PTGI1         PTGI2         PTGI3         PTGI4
              ________      ________      ________      ________      ________
 EXTRA3            64
 PTGI1              0            65
 PTGI2              0             0            66
 PTGI3              0             0             0            67
 PTGI4              0             0             0             0            68
 PTGI5              0             0             0             0             0
 IESR1              0             0             0             0             0
 IESR2              0             0             0             0             0
 IESR3              0             0             0             0             0


           THETA
              PTGI5         IESR1         IESR2         IESR3
              ________      ________      ________      ________
 PTGI5             69
 IESR1              0            70
 IESR2              0             0            71
 IESR3              0             0             0            72


           ALPHA
              P             N             COPE          MSPSS         NEURO
              ________      ________      ________      ________      ________
                  0             0             0             0             0


           ALPHA
              EXTRA         PTGI          IESR
              ________      ________      ________
                  0             0             0


           BETA
              P             N             COPE          MSPSS         NEURO
              ________      ________      ________      ________      ________
 P                  0             0            73            74            75
 N                  0             0            77            78            79
 COPE               0             0             0             0             0
 MSPSS              0             0             0             0             0
 NEURO              0             0             0             0             0
 EXTRA              0             0             0             0             0
 PTGI              81             0            82            83            84
 IESR              86            87            88            89            90


           BETA
              EXTRA         PTGI          IESR
              ________      ________      ________
 P                 76             0             0
 N                 80             0             0
 COPE               0             0             0
 MSPSS              0             0             0
 NEURO              0             0             0
 EXTRA              0             0             0
 PTGI              85             0             0
 IESR              91             0             0


           PSI
              P             N             COPE          MSPSS         NEURO
              ________      ________      ________      ________      ________
 P                  0
 N                  0             0
 COPE               0             0             0
 MSPSS              0             0            92             0
 NEURO              0             0            93            94             0
 EXTRA              0             0            95            96            97
 PTGI               0             0             0             0             0
 IESR               0             0             0             0             0


           PSI
              EXTRA         PTGI          IESR
              ________      ________      ________
 EXTRA              0
 PTGI               0             0
 IESR               0            98             0


     STARTING VALUES


           NU
              P1            P2            P3            N1            N2
              ________      ________      ________      ________      ________
                0.000         0.000         0.000         0.000         0.000


           NU
              N3            COPE1         COPE2         MSPSS1        MSPSS2
              ________      ________      ________      ________      ________
                0.000         0.000         0.000         0.000         0.000


           NU
              MSPSS3        NEURO1        NEURO2        EXTRA1        EXTRA2
              ________      ________      ________      ________      ________
                0.000         0.000         0.000         0.000         0.000


           NU
              EXTRA3        PTGI1         PTGI2         PTGI3         PTGI4
              ________      ________      ________      ________      ________
                0.000         0.000         0.000         0.000         0.000


           NU
              PTGI5         IESR1         IESR2         IESR3
              ________      ________      ________      ________
                0.000         0.000         0.000         0.000


           LAMBDA
              P             N             COPE          MSPSS         NEURO
              ________      ________      ________      ________      ________
 P1             0.720         0.000         0.000         0.000         0.000
 P2             0.720         0.000         0.000         0.000         0.000
 P3             0.720         0.000         0.000         0.000         0.000
 N1             0.000         0.840         0.000         0.000         0.000
 N2             0.000         0.840         0.000         0.000         0.000
 N3             0.000         0.840         0.000         0.000         0.000
 COPE1          0.000         0.000         0.710         0.000         0.000
 COPE2          0.000         0.000         0.710         0.000         0.000
 MSPSS1         0.000         0.000         0.000         0.700         0.000
 MSPSS2         0.000         0.000         0.000         0.700         0.000
 MSPSS3         0.000         0.000         0.000         0.700         0.000
 NEURO1         0.000         0.000         0.000         0.000         0.800
 NEURO2         0.000         0.000         0.000         0.000         0.800
 EXTRA1         0.000         0.000         0.000         0.000         0.000
 EXTRA2         0.000         0.000         0.000         0.000         0.000
 EXTRA3         0.000         0.000         0.000         0.000         0.000
 PTGI1          0.000         0.000         0.000         0.000         0.000
 PTGI2          0.000         0.000         0.000         0.000         0.000
 PTGI3          0.000         0.000         0.000         0.000         0.000
 PTGI4          0.000         0.000         0.000         0.000         0.000
 PTGI5          0.000         0.000         0.000         0.000         0.000
 IESR1          0.000         0.000         0.000         0.000         0.000
 IESR2          0.000         0.000         0.000         0.000         0.000
 IESR3          0.000         0.000         0.000         0.000         0.000


           LAMBDA
              EXTRA         PTGI          IESR
              ________      ________      ________
 P1             0.000         0.000         0.000
 P2             0.000         0.000         0.000
 P3             0.000         0.000         0.000
 N1             0.000         0.000         0.000
 N2             0.000         0.000         0.000
 N3             0.000         0.000         0.000
 COPE1          0.000         0.000         0.000
 COPE2          0.000         0.000         0.000
 MSPSS1         0.000         0.000         0.000
 MSPSS2         0.000         0.000         0.000
 MSPSS3         0.000         0.000         0.000
 NEURO1         0.000         0.000         0.000
 NEURO2         0.000         0.000         0.000
 EXTRA1         0.670         0.000         0.000
 EXTRA2         0.670         0.000         0.000
 EXTRA3         0.670         0.000         0.000
 PTGI1          0.000         0.790         0.000
 PTGI2          0.000         0.790         0.000
 PTGI3          0.000         0.790         0.000
 PTGI4          0.000         0.790         0.000
 PTGI5          0.000         0.790         0.000
 IESR1          0.000         0.000         0.850
 IESR2          0.000         0.000         0.850
 IESR3          0.000         0.000         0.850


           THETA
              P1            P2            P3            N1            N2
              ________      ________      ________      ________      ________
 P1             0.482
 P2             0.000         0.482
 P3             0.000         0.000         0.482
 N1             0.000         0.000         0.000         0.294
 N2             0.000         0.000         0.000         0.000         0.294
 N3             0.000         0.000         0.000         0.000         0.000
 COPE1          0.000         0.000         0.000         0.000         0.000
 COPE2          0.000         0.000         0.000         0.000         0.000
 MSPSS1         0.000         0.000         0.000         0.000         0.000
 MSPSS2         0.000         0.000         0.000         0.000         0.000
 MSPSS3         0.000         0.000         0.000         0.000         0.000
 NEURO1         0.000         0.000         0.000         0.000         0.000
 NEURO2         0.000         0.000         0.000         0.000         0.000
 EXTRA1         0.000         0.000         0.000         0.000         0.000
 EXTRA2         0.000         0.000         0.000         0.000         0.000
 EXTRA3         0.000         0.000         0.000         0.000         0.000
 PTGI1          0.000         0.000         0.000         0.000         0.000
 PTGI2          0.000         0.000         0.000         0.000         0.000
 PTGI3          0.000         0.000         0.000         0.000         0.000
 PTGI4          0.000         0.000         0.000         0.000         0.000
 PTGI5          0.000         0.000         0.000         0.000         0.000
 IESR1          0.000         0.000         0.000         0.000         0.000
 IESR2          0.000         0.000         0.000         0.000         0.000
 IESR3          0.000         0.000         0.000         0.000         0.000


           THETA
              N3            COPE1         COPE2         MSPSS1        MSPSS2
              ________      ________      ________      ________      ________
 N3             0.294
 COPE1          0.000         0.360
 COPE2          0.000         0.000         0.360
 MSPSS1         0.000         0.000         0.000         0.496
 MSPSS2         0.000         0.000         0.000         0.000         0.496
 MSPSS3         0.000         0.000         0.000         0.000         0.000
 NEURO1         0.000         0.000         0.000         0.000         0.000
 NEURO2         0.000         0.000         0.000         0.000         0.000
 EXTRA1         0.000         0.000         0.000         0.000         0.000
 EXTRA2         0.000         0.000         0.000         0.000         0.000
 EXTRA3         0.000         0.000         0.000         0.000         0.000
 PTGI1          0.000         0.000         0.000         0.000         0.000
 PTGI2          0.000         0.000         0.000         0.000         0.000
 PTGI3          0.000         0.000         0.000         0.000         0.000
 PTGI4          0.000         0.000         0.000         0.000         0.000
 PTGI5          0.000         0.000         0.000         0.000         0.000
 IESR1          0.000         0.000         0.000         0.000         0.000
 IESR2          0.000         0.000         0.000         0.000         0.000
 IESR3          0.000         0.000         0.000         0.000         0.000


           THETA
              MSPSS3        NEURO1        NEURO2        EXTRA1        EXTRA2
              ________      ________      ________      ________      ________
 MSPSS3         0.496
 NEURO1         0.000         0.360
 NEURO2         0.000         0.000         0.360
 EXTRA1         0.000         0.000         0.000         0.551
 EXTRA2         0.000         0.000         0.000         0.000         0.551
 EXTRA3         0.000         0.000         0.000         0.000         0.000
 PTGI1          0.000         0.000         0.000         0.000         0.000
 PTGI2          0.000         0.000         0.000         0.000         0.000
 PTGI3          0.000         0.000         0.000         0.000         0.000
 PTGI4          0.000         0.000         0.000         0.000         0.000
 PTGI5          0.000         0.000         0.000         0.000         0.000
 IESR1          0.000         0.000         0.000         0.000         0.000
 IESR2          0.000         0.000         0.000         0.000         0.000
 IESR3          0.000         0.000         0.000         0.000         0.000


           THETA
              EXTRA3        PTGI1         PTGI2         PTGI3         PTGI4
              ________      ________      ________      ________      ________
 EXTRA3         0.551
 PTGI1          0.000         0.376
 PTGI2          0.000         0.000         0.376
 PTGI3          0.000         0.000         0.000         0.376
 PTGI4          0.000         0.000         0.000         0.000         0.376
 PTGI5          0.000         0.000         0.000         0.000         0.000
 IESR1          0.000         0.000         0.000         0.000         0.000
 IESR2          0.000         0.000         0.000         0.000         0.000
 IESR3          0.000         0.000         0.000         0.000         0.000


           THETA
              PTGI5         IESR1         IESR2         IESR3
              ________      ________      ________      ________
 PTGI5          0.376
 IESR1          0.000         0.278
 IESR2          0.000         0.000         0.278
 IESR3          0.000         0.000         0.000         0.278


           ALPHA
              P             N             COPE          MSPSS         NEURO
              ________      ________      ________      ________      ________
                0.000         0.000         0.000         0.000         0.000


           ALPHA
              EXTRA         PTGI          IESR
              ________      ________      ________
                0.000         0.000         0.000


           BETA
              P             N             COPE          MSPSS         NEURO
              ________      ________      ________      ________      ________
 P              0.000         0.000         0.580         0.040        -0.340
 N              0.000         0.000         0.180        -0.030         0.920
 COPE           0.000         0.000         0.000         0.000         0.000
 MSPSS          0.000         0.000         0.000         0.000         0.000
 NEURO          0.000         0.000         0.000         0.000         0.000
 EXTRA          0.000         0.000         0.000         0.000         0.000
 PTGI           0.190         0.050         0.070         0.040         0.330
 IESR           0.070         0.460        -0.020        -0.050         0.290


           BETA
              EXTRA         PTGI          IESR
              ________      ________      ________
 P             -0.080         0.000         0.000
 N              0.060         0.000         0.000
 COPE           0.000         0.000         0.000
 MSPSS          0.000         0.000         0.000
 NEURO          0.000         0.000         0.000
 EXTRA          0.000         0.000         0.000
 PTGI           0.410         0.000         0.000
 IESR           0.330         0.000         0.000


           PSI
              P             N             COPE          MSPSS         NEURO
              ________      ________      ________      ________      ________
 P              1.000
 N              0.000         1.000
 COPE           0.000         0.000         1.000
 MSPSS          0.000         0.000         0.250         1.000
 NEURO          0.000         0.000        -0.310        -0.250         1.000
 EXTRA          0.000         0.000         0.310         0.460        -0.660
 PTGI           0.000         0.000         0.000         0.000         0.000
 IESR           0.000         0.000         0.000         0.000         0.000


           PSI
              EXTRA         PTGI          IESR
              ________      ________      ________
 EXTRA          1.000
 PTGI           0.000         1.000
 IESR           0.000         0.230         1.000


     POPULATION VALUES


           NU
              P1            P2            P3            N1            N2
              ________      ________      ________      ________      ________
                0.000         0.000         0.000         0.000         0.000


           NU
              N3            COPE1         COPE2         MSPSS1        MSPSS2
              ________      ________      ________      ________      ________
                0.000         0.000         0.000         0.000         0.000


           NU
              MSPSS3        NEURO1        NEURO2        EXTRA1        EXTRA2
              ________      ________      ________      ________      ________
                0.000         0.000         0.000         0.000         0.000


           NU
              EXTRA3        PTGI1         PTGI2         PTGI3         PTGI4
              ________      ________      ________      ________      ________
                0.000         0.000         0.000         0.000         0.000


           NU
              PTGI5         IESR1         IESR2         IESR3
              ________      ________      ________      ________
                0.000         0.000         0.000         0.000


           LAMBDA
              P             N             COPE          MSPSS         NEURO
              ________      ________      ________      ________      ________
 P1             0.720         0.000         0.000         0.000         0.000
 P2             0.720         0.000         0.000         0.000         0.000
 P3             0.720         0.000         0.000         0.000         0.000
 N1             0.000         0.840         0.000         0.000         0.000
 N2             0.000         0.840         0.000         0.000         0.000
 N3             0.000         0.840         0.000         0.000         0.000
 COPE1          0.000         0.000         0.710         0.000         0.000
 COPE2          0.000         0.000         0.710         0.000         0.000
 MSPSS1         0.000         0.000         0.000         0.700         0.000
 MSPSS2         0.000         0.000         0.000         0.700         0.000
 MSPSS3         0.000         0.000         0.000         0.700         0.000
 NEURO1         0.000         0.000         0.000         0.000         0.800
 NEURO2         0.000         0.000         0.000         0.000         0.800
 EXTRA1         0.000         0.000         0.000         0.000         0.000
 EXTRA2         0.000         0.000         0.000         0.000         0.000
 EXTRA3         0.000         0.000         0.000         0.000         0.000
 PTGI1          0.000         0.000         0.000         0.000         0.000
 PTGI2          0.000         0.000         0.000         0.000         0.000
 PTGI3          0.000         0.000         0.000         0.000         0.000
 PTGI4          0.000         0.000         0.000         0.000         0.000
 PTGI5          0.000         0.000         0.000         0.000         0.000
 IESR1          0.000         0.000         0.000         0.000         0.000
 IESR2          0.000         0.000         0.000         0.000         0.000
 IESR3          0.000         0.000         0.000         0.000         0.000


           LAMBDA
              EXTRA         PTGI          IESR
              ________      ________      ________
 P1             0.000         0.000         0.000
 P2             0.000         0.000         0.000
 P3             0.000         0.000         0.000
 N1             0.000         0.000         0.000
 N2             0.000         0.000         0.000
 N3             0.000         0.000         0.000
 COPE1          0.000         0.000         0.000
 COPE2          0.000         0.000         0.000
 MSPSS1         0.000         0.000         0.000
 MSPSS2         0.000         0.000         0.000
 MSPSS3         0.000         0.000         0.000
 NEURO1         0.000         0.000         0.000
 NEURO2         0.000         0.000         0.000
 EXTRA1         0.670         0.000         0.000
 EXTRA2         0.670         0.000         0.000
 EXTRA3         0.670         0.000         0.000
 PTGI1          0.000         0.790         0.000
 PTGI2          0.000         0.790         0.000
 PTGI3          0.000         0.790         0.000
 PTGI4          0.000         0.790         0.000
 PTGI5          0.000         0.790         0.000
 IESR1          0.000         0.000         0.850
 IESR2          0.000         0.000         0.850
 IESR3          0.000         0.000         0.850


           THETA
              P1            P2            P3            N1            N2
              ________      ________      ________      ________      ________
 P1             0.482
 P2             0.000         0.482
 P3             0.000         0.000         0.482
 N1             0.000         0.000         0.000         0.294
 N2             0.000         0.000         0.000         0.000         0.294
 N3             0.000         0.000         0.000         0.000         0.000
 COPE1          0.000         0.000         0.000         0.000         0.000
 COPE2          0.000         0.000         0.000         0.000         0.000
 MSPSS1         0.000         0.000         0.000         0.000         0.000
 MSPSS2         0.000         0.000         0.000         0.000         0.000
 MSPSS3         0.000         0.000         0.000         0.000         0.000
 NEURO1         0.000         0.000         0.000         0.000         0.000
 NEURO2         0.000         0.000         0.000         0.000         0.000
 EXTRA1         0.000         0.000         0.000         0.000         0.000
 EXTRA2         0.000         0.000         0.000         0.000         0.000
 EXTRA3         0.000         0.000         0.000         0.000         0.000
 PTGI1          0.000         0.000         0.000         0.000         0.000
 PTGI2          0.000         0.000         0.000         0.000         0.000
 PTGI3          0.000         0.000         0.000         0.000         0.000
 PTGI4          0.000         0.000         0.000         0.000         0.000
 PTGI5          0.000         0.000         0.000         0.000         0.000
 IESR1          0.000         0.000         0.000         0.000         0.000
 IESR2          0.000         0.000         0.000         0.000         0.000
 IESR3          0.000         0.000         0.000         0.000         0.000


           THETA
              N3            COPE1         COPE2         MSPSS1        MSPSS2
              ________      ________      ________      ________      ________
 N3             0.294
 COPE1          0.000         0.360
 COPE2          0.000         0.000         0.360
 MSPSS1         0.000         0.000         0.000         0.496
 MSPSS2         0.000         0.000         0.000         0.000         0.496
 MSPSS3         0.000         0.000         0.000         0.000         0.000
 NEURO1         0.000         0.000         0.000         0.000         0.000
 NEURO2         0.000         0.000         0.000         0.000         0.000
 EXTRA1         0.000         0.000         0.000         0.000         0.000
 EXTRA2         0.000         0.000         0.000         0.000         0.000
 EXTRA3         0.000         0.000         0.000         0.000         0.000
 PTGI1          0.000         0.000         0.000         0.000         0.000
 PTGI2          0.000         0.000         0.000         0.000         0.000
 PTGI3          0.000         0.000         0.000         0.000         0.000
 PTGI4          0.000         0.000         0.000         0.000         0.000
 PTGI5          0.000         0.000         0.000         0.000         0.000
 IESR1          0.000         0.000         0.000         0.000         0.000
 IESR2          0.000         0.000         0.000         0.000         0.000
 IESR3          0.000         0.000         0.000         0.000         0.000


           THETA
              MSPSS3        NEURO1        NEURO2        EXTRA1        EXTRA2
              ________      ________      ________      ________      ________
 MSPSS3         0.496
 NEURO1         0.000         0.360
 NEURO2         0.000         0.000         0.360
 EXTRA1         0.000         0.000         0.000         0.551
 EXTRA2         0.000         0.000         0.000         0.000         0.551
 EXTRA3         0.000         0.000         0.000         0.000         0.000
 PTGI1          0.000         0.000         0.000         0.000         0.000
 PTGI2          0.000         0.000         0.000         0.000         0.000
 PTGI3          0.000         0.000         0.000         0.000         0.000
 PTGI4          0.000         0.000         0.000         0.000         0.000
 PTGI5          0.000         0.000         0.000         0.000         0.000
 IESR1          0.000         0.000         0.000         0.000         0.000
 IESR2          0.000         0.000         0.000         0.000         0.000
 IESR3          0.000         0.000         0.000         0.000         0.000


           THETA
              EXTRA3        PTGI1         PTGI2         PTGI3         PTGI4
              ________      ________      ________      ________      ________
 EXTRA3         0.551
 PTGI1          0.000         0.376
 PTGI2          0.000         0.000         0.376
 PTGI3          0.000         0.000         0.000         0.376
 PTGI4          0.000         0.000         0.000         0.000         0.376
 PTGI5          0.000         0.000         0.000         0.000         0.000
 IESR1          0.000         0.000         0.000         0.000         0.000
 IESR2          0.000         0.000         0.000         0.000         0.000
 IESR3          0.000         0.000         0.000         0.000         0.000


           THETA
              PTGI5         IESR1         IESR2         IESR3
              ________      ________      ________      ________
 PTGI5          0.376
 IESR1          0.000         0.278
 IESR2          0.000         0.000         0.278
 IESR3          0.000         0.000         0.000         0.278


           ALPHA
              P             N             COPE          MSPSS         NEURO
              ________      ________      ________      ________      ________
                0.000         0.000         0.000         0.000         0.000


           ALPHA
              EXTRA         PTGI          IESR
              ________      ________      ________
                0.000         0.000         0.000


           BETA
              P             N             COPE          MSPSS         NEURO
              ________      ________      ________      ________      ________
 P              0.000         0.000         0.580         0.040        -0.340
 N              0.000         0.000         0.180        -0.030         0.920
 COPE           0.000         0.000         0.000         0.000         0.000
 MSPSS          0.000         0.000         0.000         0.000         0.000
 NEURO          0.000         0.000         0.000         0.000         0.000
 EXTRA          0.000         0.000         0.000         0.000         0.000
 PTGI           0.190         0.050         0.070         0.040         0.330
 IESR           0.070         0.460        -0.020        -0.050         0.290


           BETA
              EXTRA         PTGI          IESR
              ________      ________      ________
 P             -0.080         0.000         0.000
 N              0.060         0.000         0.000
 COPE           0.000         0.000         0.000
 MSPSS          0.000         0.000         0.000
 NEURO          0.000         0.000         0.000
 EXTRA          0.000         0.000         0.000
 PTGI           0.410         0.000         0.000
 IESR           0.330         0.000         0.000


           PSI
              P             N             COPE          MSPSS         NEURO
              ________      ________      ________      ________      ________
 P              1.000
 N              0.000         1.000
 COPE           0.000         0.000         1.000
 MSPSS          0.000         0.000         0.250         1.000
 NEURO          0.000         0.000        -0.310        -0.250         1.000
 EXTRA          0.000         0.000         0.310         0.460        -0.660
 PTGI           0.000         0.000         0.000         0.000         0.000
 IESR           0.000         0.000         0.000         0.000         0.000


           PSI
              EXTRA         PTGI          IESR
              ________      ________      ________
 EXTRA          1.000
 PTGI           0.000         1.000
 IESR           0.000         0.230         1.000


TECHNICAL 9 OUTPUT

  Error messages for each replication (if any)


     REPLICATION 4825:
     WARNING:  THE RESIDUAL COVARIANCE MATRIX (THETA) IS NOT POSITIVE DEFINITE.
     THIS COULD INDICATE A NEGATIVE VARIANCE/RESIDUAL VARIANCE FOR AN OBSERVED
     VARIABLE, A CORRELATION GREATER OR EQUAL TO ONE BETWEEN TWO OBSERVED
     VARIABLES, OR A LINEAR DEPENDENCY AMONG MORE THAN TWO OBSERVED VARIABLES.
     CHECK THE RESULTS SECTION FOR MORE INFORMATION.
     PROBLEM INVOLVING VARIABLE COPE2.


     REPLICATION 9307:
     WARNING:  THE RESIDUAL COVARIANCE MATRIX (THETA) IS NOT POSITIVE DEFINITE.
     THIS COULD INDICATE A NEGATIVE VARIANCE/RESIDUAL VARIANCE FOR AN OBSERVED
     VARIABLE, A CORRELATION GREATER OR EQUAL TO ONE BETWEEN TWO OBSERVED
     VARIABLES, OR A LINEAR DEPENDENCY AMONG MORE THAN TWO OBSERVED VARIABLES.
     CHECK THE RESULTS SECTION FOR MORE INFORMATION.
     PROBLEM INVOLVING VARIABLE COPE1.



     Beginning Time:  08:54:38
        Ending Time:  09:01:44
       Elapsed Time:  00:07:06



MUTHEN & MUTHEN
3463 Stoner Ave.
Los Angeles, CA  90066

Tel: (310) 391-9971
Fax: (310) 391-8971
Web: www.StatModel.com
Support: Support@StatModel.com

Copyright (c) 1998-2021 Muthen & Muthen
