Mplus VERSION 8.6 (Mac)
MUTHEN & MUTHEN
10/08/2022  12:00 PM

INPUT INSTRUCTIONS

  TITLE: SEM analysis with ESEM model 4b.
  DATA:
  FILE = "semdata.dat";

  VARIABLE:
  NAMES =
    scsj1 scoi2 scch3 scis4 scsk5 scoi6 scch7 scsj8 scmi9 scch10 scsj11 scsk12
    scis13 scmi14 scch15 scsj16 scmi17 scis18 scsk19 scoi20 scsj21 scmi22 scsk23
    scoi24 scis25 scsk26
    ptgi_al ptgi_np ptgi_ps ptgi_sp ptgi_ro
    iesr_a iesr_i iesr_h
    cope_pa cope_po
    mspss_fa mspss_fr mspss_so
    neuro_na neuro_sr
    extra_pa extra_so extra_ac;

  MISSING = .;

  USEVARIABLES ARE
    scsj1 scoi2 scch3 scis4 scsk5 scoi6 scch7 scsj8 scmi9 scch10 scsj11 scsk12
    scis13 scmi14 scch15 scsj16 scmi17 scis18 scsk19 scoi20 scsj21 scmi22 scsk23
    scoi24 scis25 scsk26
    ptgi_al ptgi_np ptgi_ps ptgi_sp ptgi_ro
    ! iesr_a iesr_i iesr_h
    ! cope_pa cope_po
    ! mspss_fa mspss_fr mspss_so
    ! neuro_na neuro_sr
    ! extra_pa extra_so extra_ac
    ;

  ANALYSIS:

  ESTIMATOR = MLR;
  PROCESSORS = 6;
  ! ROTATION = TARGET;

  MODEL:

  SC       BY
      SCSK5 @-0.135
      SCSK12@-0.315
      SCSK19@-0.382
      SCSK23@-0.629
      SCSK26@-0.418
      SCSJ1 @ 0.506
      SCSJ8 @ 0.771
      SCSJ11@ 0.795
      SCSJ16@ 0.811
      SCSJ21@ 0.551
      SCCH3 @ 0.024
      SCCH7 @ 0.099
      SCCH10@-0.065
      SCCH15@-0.365
      SCIS4 @ 1.010
      SCIS13@ 0.903
      SCIS18@ 0.872
      SCIS25@ 0.985
      SCMI9 @-0.166
      SCMI14@-0.381
      SCMI17@-0.463
      SCMI22@-0.432
      SCOI2 @ 1.042
      SCOI6 @ 1.012
      SCOI20@ 0.672
      SCOI24@ 0.685;

  SC*;

  PTGI BY
    ptgi_al ptgi_np ptgi_ps ptgi_sp ptgi_ro;

  SC ON PTGI;

  ! Requesting standardized parameter estimates and modification indices
  OUTPUT:
  stdyx;
  !tech4;
  MODINDICES (ALL);

  SAVEDATA: FILE IS CFA_SR.txt;
  SAVE IS fscores;
  FORMAT IS free;




INPUT READING TERMINATED NORMALLY



SEM analysis with ESEM model 4b.

SUMMARY OF ANALYSIS

Number of groups                                                 1
Number of observations                                         706

Number of dependent variables                                   31
Number of independent variables                                  0
Number of continuous latent variables                            2

Observed dependent variables

  Continuous
   SCSJ1       SCOI2       SCCH3       SCIS4       SCSK5       SCOI6
   SCCH7       SCSJ8       SCMI9       SCCH10      SCSJ11      SCSK12
   SCIS13      SCMI14      SCCH15      SCSJ16      SCMI17      SCIS18
   SCSK19      SCOI20      SCSJ21      SCMI22      SCSK23      SCOI24
   SCIS25      SCSK26      PTGI_AL     PTGI_NP     PTGI_PS     PTGI_SP
   PTGI_RO

Continuous latent variables
   SC          PTGI


Estimator                                                      MLR
Information matrix                                        OBSERVED
Maximum number of iterations                                  1000
Convergence criterion                                    0.500D-04
Maximum number of steepest descent iterations                   20
Maximum number of iterations for H1                           2000
Convergence criterion for H1                             0.100D-03

Input data file(s)
  semdata.dat

Input data format  FREE


SUMMARY OF DATA

     Number of missing data patterns             1


COVARIANCE COVERAGE OF DATA

Minimum covariance coverage value   0.100


     PROPORTION OF DATA PRESENT


           Covariance Coverage
              SCSJ1         SCOI2         SCCH3         SCIS4         SCSK5
              ________      ________      ________      ________      ________
 SCSJ1          1.000
 SCOI2          1.000         1.000
 SCCH3          1.000         1.000         1.000
 SCIS4          1.000         1.000         1.000         1.000
 SCSK5          1.000         1.000         1.000         1.000         1.000
 SCOI6          1.000         1.000         1.000         1.000         1.000
 SCCH7          1.000         1.000         1.000         1.000         1.000
 SCSJ8          1.000         1.000         1.000         1.000         1.000
 SCMI9          1.000         1.000         1.000         1.000         1.000
 SCCH10         1.000         1.000         1.000         1.000         1.000
 SCSJ11         1.000         1.000         1.000         1.000         1.000
 SCSK12         1.000         1.000         1.000         1.000         1.000
 SCIS13         1.000         1.000         1.000         1.000         1.000
 SCMI14         1.000         1.000         1.000         1.000         1.000
 SCCH15         1.000         1.000         1.000         1.000         1.000
 SCSJ16         1.000         1.000         1.000         1.000         1.000
 SCMI17         1.000         1.000         1.000         1.000         1.000
 SCIS18         1.000         1.000         1.000         1.000         1.000
 SCSK19         1.000         1.000         1.000         1.000         1.000
 SCOI20         1.000         1.000         1.000         1.000         1.000
 SCSJ21         1.000         1.000         1.000         1.000         1.000
 SCMI22         1.000         1.000         1.000         1.000         1.000
 SCSK23         1.000         1.000         1.000         1.000         1.000
 SCOI24         1.000         1.000         1.000         1.000         1.000
 SCIS25         1.000         1.000         1.000         1.000         1.000
 SCSK26         1.000         1.000         1.000         1.000         1.000
 PTGI_AL        1.000         1.000         1.000         1.000         1.000
 PTGI_NP        1.000         1.000         1.000         1.000         1.000
 PTGI_PS        1.000         1.000         1.000         1.000         1.000
 PTGI_SP        1.000         1.000         1.000         1.000         1.000
 PTGI_RO        1.000         1.000         1.000         1.000         1.000


           Covariance Coverage
              SCOI6         SCCH7         SCSJ8         SCMI9         SCCH10
              ________      ________      ________      ________      ________
 SCOI6          1.000
 SCCH7          1.000         1.000
 SCSJ8          1.000         1.000         1.000
 SCMI9          1.000         1.000         1.000         1.000
 SCCH10         1.000         1.000         1.000         1.000         1.000
 SCSJ11         1.000         1.000         1.000         1.000         1.000
 SCSK12         1.000         1.000         1.000         1.000         1.000
 SCIS13         1.000         1.000         1.000         1.000         1.000
 SCMI14         1.000         1.000         1.000         1.000         1.000
 SCCH15         1.000         1.000         1.000         1.000         1.000
 SCSJ16         1.000         1.000         1.000         1.000         1.000
 SCMI17         1.000         1.000         1.000         1.000         1.000
 SCIS18         1.000         1.000         1.000         1.000         1.000
 SCSK19         1.000         1.000         1.000         1.000         1.000
 SCOI20         1.000         1.000         1.000         1.000         1.000
 SCSJ21         1.000         1.000         1.000         1.000         1.000
 SCMI22         1.000         1.000         1.000         1.000         1.000
 SCSK23         1.000         1.000         1.000         1.000         1.000
 SCOI24         1.000         1.000         1.000         1.000         1.000
 SCIS25         1.000         1.000         1.000         1.000         1.000
 SCSK26         1.000         1.000         1.000         1.000         1.000
 PTGI_AL        1.000         1.000         1.000         1.000         1.000
 PTGI_NP        1.000         1.000         1.000         1.000         1.000
 PTGI_PS        1.000         1.000         1.000         1.000         1.000
 PTGI_SP        1.000         1.000         1.000         1.000         1.000
 PTGI_RO        1.000         1.000         1.000         1.000         1.000


           Covariance Coverage
              SCSJ11        SCSK12        SCIS13        SCMI14        SCCH15
              ________      ________      ________      ________      ________
 SCSJ11         1.000
 SCSK12         1.000         1.000
 SCIS13         1.000         1.000         1.000
 SCMI14         1.000         1.000         1.000         1.000
 SCCH15         1.000         1.000         1.000         1.000         1.000
 SCSJ16         1.000         1.000         1.000         1.000         1.000
 SCMI17         1.000         1.000         1.000         1.000         1.000
 SCIS18         1.000         1.000         1.000         1.000         1.000
 SCSK19         1.000         1.000         1.000         1.000         1.000
 SCOI20         1.000         1.000         1.000         1.000         1.000
 SCSJ21         1.000         1.000         1.000         1.000         1.000
 SCMI22         1.000         1.000         1.000         1.000         1.000
 SCSK23         1.000         1.000         1.000         1.000         1.000
 SCOI24         1.000         1.000         1.000         1.000         1.000
 SCIS25         1.000         1.000         1.000         1.000         1.000
 SCSK26         1.000         1.000         1.000         1.000         1.000
 PTGI_AL        1.000         1.000         1.000         1.000         1.000
 PTGI_NP        1.000         1.000         1.000         1.000         1.000
 PTGI_PS        1.000         1.000         1.000         1.000         1.000
 PTGI_SP        1.000         1.000         1.000         1.000         1.000
 PTGI_RO        1.000         1.000         1.000         1.000         1.000


           Covariance Coverage
              SCSJ16        SCMI17        SCIS18        SCSK19        SCOI20
              ________      ________      ________      ________      ________
 SCSJ16         1.000
 SCMI17         1.000         1.000
 SCIS18         1.000         1.000         1.000
 SCSK19         1.000         1.000         1.000         1.000
 SCOI20         1.000         1.000         1.000         1.000         1.000
 SCSJ21         1.000         1.000         1.000         1.000         1.000
 SCMI22         1.000         1.000         1.000         1.000         1.000
 SCSK23         1.000         1.000         1.000         1.000         1.000
 SCOI24         1.000         1.000         1.000         1.000         1.000
 SCIS25         1.000         1.000         1.000         1.000         1.000
 SCSK26         1.000         1.000         1.000         1.000         1.000
 PTGI_AL        1.000         1.000         1.000         1.000         1.000
 PTGI_NP        1.000         1.000         1.000         1.000         1.000
 PTGI_PS        1.000         1.000         1.000         1.000         1.000
 PTGI_SP        1.000         1.000         1.000         1.000         1.000
 PTGI_RO        1.000         1.000         1.000         1.000         1.000


           Covariance Coverage
              SCSJ21        SCMI22        SCSK23        SCOI24        SCIS25
              ________      ________      ________      ________      ________
 SCSJ21         1.000
 SCMI22         1.000         1.000
 SCSK23         1.000         1.000         1.000
 SCOI24         1.000         1.000         1.000         1.000
 SCIS25         1.000         1.000         1.000         1.000         1.000
 SCSK26         1.000         1.000         1.000         1.000         1.000
 PTGI_AL        1.000         1.000         1.000         1.000         1.000
 PTGI_NP        1.000         1.000         1.000         1.000         1.000
 PTGI_PS        1.000         1.000         1.000         1.000         1.000
 PTGI_SP        1.000         1.000         1.000         1.000         1.000
 PTGI_RO        1.000         1.000         1.000         1.000         1.000


           Covariance Coverage
              SCSK26        PTGI_AL       PTGI_NP       PTGI_PS       PTGI_SP
              ________      ________      ________      ________      ________
 SCSK26         1.000
 PTGI_AL        1.000         1.000
 PTGI_NP        1.000         1.000         1.000
 PTGI_PS        1.000         1.000         1.000         1.000
 PTGI_SP        1.000         1.000         1.000         1.000         1.000
 PTGI_RO        1.000         1.000         1.000         1.000         1.000


           Covariance Coverage
              PTGI_RO
              ________
 PTGI_RO        1.000



UNIVARIATE SAMPLE STATISTICS


     UNIVARIATE HIGHER-ORDER MOMENT DESCRIPTIVE STATISTICS

         Variable/         Mean/     Skewness/   Minimum/ % with                Percentiles
        Sample Size      Variance    Kurtosis    Maximum  Min/Max      20%/60%    40%/80%    Median

     SCSJ1                 3.704      -0.531       1.000    3.12%       3.000      4.000      4.000
             706.000       1.123      -0.360       5.000   26.20%       4.000      5.000
     SCOI2                 2.506       0.422       1.000   29.18%       1.000      2.000      2.000
             706.000       1.692      -0.966       5.000    9.07%       3.000      4.000
     SCCH3                 3.289      -0.380       1.000    6.80%       2.000      3.000      3.000
             706.000       1.118      -0.362       5.000   11.05%       4.000      4.000
     SCIS4                 2.380       0.572       1.000   33.00%       1.000      2.000      2.000
             706.000       1.675      -0.843       5.000    8.07%       3.000      4.000
     SCSK5                 2.809       0.156       1.000   13.46%       2.000      2.000      3.000
             706.000       1.302      -0.761       5.000    7.93%       3.000      4.000
     SCOI6                 2.722       0.221       1.000   21.53%       1.000      2.000      3.000
             706.000       1.659      -1.059       5.000   10.62%       3.000      4.000
     SCCH7                 2.564       0.319       1.000   24.93%       1.000      2.000      2.000
             706.000       1.529      -0.913       5.000    7.51%       3.000      4.000
     SCSJ8                 2.888       0.013       1.000   18.56%       2.000      2.000      3.000
             706.000       1.649      -1.099       5.000   11.61%       3.000      4.000
     SCMI9                 3.524      -0.436       1.000    3.82%       3.000      3.000      4.000
             706.000       1.057      -0.277       5.000   17.28%       4.000      4.000
     SCCH10                2.627       0.191       1.000   20.11%       1.000      2.000      3.000
             706.000       1.333      -0.829       5.000    5.52%       3.000      4.000
     SCSJ11                2.746       0.194       1.000   18.56%       2.000      2.000      3.000
             706.000       1.535      -1.001       5.000    9.21%       3.000      4.000
     SCSK12                2.684       0.240       1.000   15.44%       2.000      2.000      3.000
             706.000       1.259      -0.734       5.000    5.95%       3.000      4.000
     SCIS13                2.627       0.273       1.000   26.63%       1.000      2.000      2.000
             706.000       1.763      -1.156       5.000    9.77%       3.000      4.000
     SCMI14                3.584      -0.414       1.000    2.83%       3.000      3.000      4.000
             706.000       1.008      -0.290       5.000   18.84%       4.000      4.000
     SCCH15                3.149      -0.146       1.000    7.93%       2.000      3.000      3.000
             706.000       1.231      -0.679       5.000   11.33%       3.000      4.000
     SCSJ16                2.894       0.059       1.000   16.43%       2.000      2.000      3.000
             706.000       1.619      -1.116       5.000   11.61%       3.000      4.000
     SCMI17                3.363      -0.246       1.000    3.26%       3.000      3.000      3.000
             706.000       0.965      -0.378       5.000   11.61%       4.000      4.000
     SCIS18                2.840       0.053       1.000   18.84%       2.000      2.000      3.000
             706.000       1.613      -1.094       5.000   10.34%       3.000      4.000
     SCSK19                2.749       0.187       1.000   14.16%       2.000      2.000      3.000
             706.000       1.245      -0.669       5.000    6.80%       3.000      4.000
     SCOI20                2.374       0.522       1.000   28.75%       1.000      2.000      2.000
             706.000       1.401      -0.635       5.000    5.67%       3.000      3.000
     SCSJ21                2.789       0.117       1.000   15.58%       2.000      2.000      3.000
             706.000       1.345      -0.796       5.000    7.79%       3.000      4.000
     SCMI22                2.863       0.031       1.000   12.75%       2.000      3.000      3.000
             706.000       1.257      -0.763       5.000    7.08%       3.000      4.000
     SCSK23                2.759       0.193       1.000   13.17%       2.000      2.000      3.000
             706.000       1.211      -0.633       5.000    6.66%       3.000      4.000
     SCOI24                2.006       0.985       1.000   43.20%       1.000      1.000      2.000
             706.000       1.266       0.113       5.000    3.82%       2.000      3.000
     SCIS25                2.635       0.183       1.000   28.61%       1.000      2.000      3.000
             706.000       1.779      -1.238       5.000    8.64%       3.000      4.000
     SCSK26                2.803       0.125       1.000   10.62%       2.000      2.000      3.000
             706.000       1.096      -0.575       5.000    5.38%       3.000      4.000
     PTGI_AL               6.552       0.007       0.000   12.18%       2.000      5.000      7.000
             706.000      17.834      -1.018      15.000    2.12%       8.000     10.000
     PTGI_NP               8.458       0.417       0.000   13.31%       2.000      6.000      8.000
             706.000      39.951      -0.722      25.000    0.42%      10.000     15.000
     PTGI_PS              10.025      -0.269       0.000    6.09%       5.000      9.000     11.000
             706.000      28.325      -0.862      20.000    2.12%      12.000     15.000
     PTGI_SP               1.210       1.956       0.000   64.02%       0.000      0.000      0.000
             706.000       4.429       3.359      10.000    0.71%       0.000      2.000
     PTGI_RO              13.979       0.132       0.000    8.50%       4.000     11.000     14.000
             706.000      85.817      -1.032      35.000    0.85%      17.000     23.000


     THIS ANALYSIS MAY HAVE MULTIPLE SOLUTIONS.  EXPLORE THIS USING RANDOM STARTS,
     FOR EXAMPLE, STARTS = 20.  USE A LARGE ENOUGH NUMBER OF STARTS SO THAT THE
     BEST FIT FUNCTION VALUE IS REPLICATED SEVERAL TIMES.


THE MODEL ESTIMATION TERMINATED NORMALLY



MODEL FIT INFORMATION

Number of Free Parameters                       69

Loglikelihood

          H0 Value                      -35683.036
          H0 Scaling Correction Factor      1.0169
            for MLR
          H1 Value                      -33393.010
          H1 Scaling Correction Factor      1.1325
            for MLR

Information Criteria

          Akaike (AIC)                   71504.073
          Bayesian (BIC)                 71818.686
          Sample-Size Adjusted BIC       71599.596
            (n* = (n + 2) / 24)

Chi-Square Test of Model Fit

          Value                           3983.060*
          Degrees of Freedom                   458
          P-Value                           0.0000
          Scaling Correction Factor         1.1499
            for MLR

*   The chi-square value for MLM, MLMV, MLR, ULSMV, WLSM and WLSMV cannot be used
    for chi-square difference testing in the regular way.  MLM, MLR and WLSM
    chi-square difference testing is described on the Mplus website.  MLMV, WLSMV,
    and ULSMV difference testing is done using the DIFFTEST option.

RMSEA (Root Mean Square Error Of Approximation)

          Estimate                           0.104
          90 Percent C.I.                    0.101  0.107
          Probability RMSEA <= .05           0.000

CFI/TLI

          CFI                                0.641
          TLI                                0.636

Chi-Square Test of Model Fit for the Baseline Model

          Value                          10296.932
          Degrees of Freedom                   465
          P-Value                           0.0000

SRMR (Standardized Root Mean Square Residual)

          Value                              0.132



MODEL RESULTS

                                                    Two-Tailed
                    Estimate       S.E.  Est./S.E.    P-Value

 SC       BY
    SCSK5             -0.135      0.000    999.000    999.000
    SCSK12            -0.315      0.000    999.000    999.000
    SCSK19            -0.382      0.000    999.000    999.000
    SCSK23            -0.629      0.000    999.000    999.000
    SCSK26            -0.418      0.000    999.000    999.000
    SCSJ1              0.506      0.000    999.000    999.000
    SCSJ8              0.771      0.000    999.000    999.000
    SCSJ11             0.795      0.000    999.000    999.000
    SCSJ16             0.811      0.000    999.000    999.000
    SCSJ21             0.551      0.000    999.000    999.000
    SCCH3              0.024      0.000    999.000    999.000
    SCCH7              0.099      0.000    999.000    999.000
    SCCH10            -0.065      0.000    999.000    999.000
    SCCH15            -0.365      0.000    999.000    999.000
    SCIS4              1.010      0.000    999.000    999.000
    SCIS13             0.903      0.000    999.000    999.000
    SCIS18             0.872      0.000    999.000    999.000
    SCIS25             0.985      0.000    999.000    999.000
    SCMI9             -0.166      0.000    999.000    999.000
    SCMI14            -0.381      0.000    999.000    999.000
    SCMI17            -0.463      0.000    999.000    999.000
    SCMI22            -0.432      0.000    999.000    999.000
    SCOI2              1.042      0.000    999.000    999.000
    SCOI6              1.012      0.000    999.000    999.000
    SCOI20             0.672      0.000    999.000    999.000
    SCOI24             0.685      0.000    999.000    999.000

 PTGI     BY
    PTGI_AL            1.000      0.000    999.000    999.000
    PTGI_NP            1.723      0.051     33.516      0.000
    PTGI_PS            1.238      0.044     28.187      0.000
    PTGI_SP            0.320      0.025     12.658      0.000
    PTGI_RO            2.343      0.072     32.662      0.000

 SC       ON
    PTGI               0.001      0.012      0.066      0.947

 Intercepts
    SCSJ1              3.704      0.040     92.854      0.000
    SCOI2              2.506      0.049     51.185      0.000
    SCCH3              3.289      0.040     82.663      0.000
    SCIS4              2.380      0.049     48.860      0.000
    SCSK5              2.809      0.043     65.407      0.000
    SCOI6              2.722      0.048     56.152      0.000
    SCCH7              2.564      0.047     55.086      0.000
    SCSJ8              2.888      0.048     59.760      0.000
    SCMI9              3.524      0.039     91.087      0.000
    SCCH10             2.627      0.043     60.470      0.000
    SCSJ11             2.746      0.047     58.903      0.000
    SCSK12             2.684      0.042     63.572      0.000
    SCIS13             2.627      0.050     52.572      0.000
    SCMI14             3.584      0.038     94.844      0.000
    SCCH15             3.149      0.042     75.393      0.000
    SCSJ16             2.894      0.048     60.428      0.000
    SCMI17             3.363      0.037     90.960      0.000
    SCIS18             2.840      0.048     59.411      0.000
    SCSK19             2.749      0.042     65.482      0.000
    SCOI20             2.374      0.045     53.286      0.000
    SCSJ21             2.789      0.044     63.898      0.000
    SCMI22             2.863      0.042     67.833      0.000
    SCSK23             2.759      0.041     66.618      0.000
    SCOI24             2.006      0.042     47.359      0.000
    SCIS25             2.635      0.050     52.489      0.000
    SCSK26             2.803      0.039     71.151      0.000
    PTGI_AL            6.552      0.159     41.227      0.000
    PTGI_NP            8.458      0.238     35.553      0.000
    PTGI_PS           10.025      0.200     50.052      0.000
    PTGI_SP            1.210      0.079     15.272      0.000
    PTGI_RO           13.979      0.349     40.094      0.000

 Variances
    PTGI              12.085      0.730     16.560      0.000

 Residual Variances
    SCSJ1              0.872      0.046     18.803      0.000
    SCOI2              0.582      0.041     14.099      0.000
    SCCH3              1.117      0.054     20.860      0.000
    SCIS4              0.622      0.043     14.621      0.000
    SCSK5              1.273      0.055     23.329      0.000
    SCOI6              0.614      0.038     16.084      0.000
    SCCH7              1.517      0.060     25.273      0.000
    SCSJ8              0.939      0.051     18.572      0.000
    SCMI9              1.029      0.052     19.618      0.000
    SCCH10             1.331      0.054     24.459      0.000
    SCSJ11             0.886      0.050     17.797      0.000
    SCSK12             1.122      0.051     21.932      0.000
    SCIS13             0.877      0.051     17.358      0.000
    SCMI14             0.860      0.045     19.195      0.000
    SCCH15             1.127      0.054     20.800      0.000
    SCSJ16             0.878      0.053     16.645      0.000
    SCMI17             0.772      0.043     17.821      0.000
    SCIS18             0.761      0.046     16.405      0.000
    SCSK19             1.071      0.051     20.992      0.000
    SCOI20             0.893      0.052     17.094      0.000
    SCSJ21             0.983      0.050     19.595      0.000
    SCMI22             1.105      0.056     19.839      0.000
    SCSK23             0.942      0.056     16.743      0.000
    SCOI24             0.770      0.049     15.841      0.000
    SCIS25             0.746      0.048     15.534      0.000
    SCSK26             0.969      0.053     18.411      0.000
    PTGI_AL            5.748      0.406     14.159      0.000
    PTGI_NP            4.052      0.583      6.951      0.000
    PTGI_PS            9.795      0.644     15.207      0.000
    PTGI_SP            3.194      0.249     12.847      0.000
    PTGI_RO           19.490      1.821     10.705      0.000
    SC                 1.044      0.050     20.981      0.000


QUALITY OF NUMERICAL RESULTS

     Condition Number for the Information Matrix              0.209E-02
       (ratio of smallest to largest eigenvalue)


STANDARDIZED MODEL RESULTS


STDYX Standardization

                                                    Two-Tailed
                    Estimate       S.E.  Est./S.E.    P-Value

 SC       BY
    SCSK5             -0.121      0.004    -33.751      0.000
    SCSK12            -0.291      0.009    -32.828      0.000
    SCSK19            -0.353      0.011    -33.522      0.000
    SCSK23            -0.552      0.015    -37.654      0.000
    SCSK26            -0.398      0.011    -35.148      0.000
    SCSJ1              0.484      0.014     35.554      0.000
    SCSJ8              0.631      0.015     42.856      0.000
    SCSJ11             0.653      0.014     45.518      0.000
    SCSJ16             0.662      0.015     43.197      0.000
    SCSJ21             0.494      0.014     36.261      0.000
    SCCH3              0.023      0.001     33.372      0.000
    SCCH7              0.082      0.002     34.104      0.000
    SCCH10            -0.057      0.002    -33.431      0.000
    SCCH15            -0.331      0.010    -33.909      0.000
    SCIS4              0.794      0.013     60.703      0.000
    SCIS13             0.702      0.015     47.866      0.000
    SCIS18             0.715      0.014     49.642      0.000
    SCIS25             0.759      0.014     52.769      0.000
    SCMI9             -0.165      0.005    -30.925      0.000
    SCMI14            -0.387      0.011    -34.421      0.000
    SCMI17            -0.474      0.013    -35.113      0.000
    SCMI22            -0.387      0.011    -34.652      0.000
    SCOI2              0.813      0.013     63.617      0.000
    SCOI6              0.797      0.013     63.256      0.000
    SCOI20             0.588      0.014     41.128      0.000
    SCOI24             0.624      0.014     43.370      0.000

 PTGI     BY
    PTGI_AL            0.823      0.015     55.935      0.000
    PTGI_NP            0.948      0.008    124.352      0.000
    PTGI_PS            0.809      0.015     53.791      0.000
    PTGI_SP            0.528      0.025     21.104      0.000
    PTGI_RO            0.879      0.013     69.046      0.000

 SC       ON
    PTGI               0.003      0.042      0.066      0.947

 Intercepts
    SCSJ1              3.471      0.090     38.531      0.000
    SCOI2              1.913      0.041     46.853      0.000
    SCCH3              3.111      0.093     33.516      0.000
    SCIS4              1.832      0.040     46.136      0.000
    SCSK5              2.471      0.061     40.806      0.000
    SCOI6              2.099      0.044     47.327      0.000
    SCCH7              2.075      0.046     45.150      0.000
    SCSJ8              2.313      0.052     44.272      0.000
    SCMI9              3.426      0.104     33.080      0.000
    SCCH10             2.273      0.054     41.749      0.000
    SCSJ11             2.209      0.051     43.042      0.000
    SCSK12             2.424      0.059     41.165      0.000
    SCIS13             1.999      0.044     44.939      0.000
    SCMI14             3.564      0.098     36.517      0.000
    SCCH15             2.799      0.076     36.914      0.000
    SCSJ16             2.313      0.052     44.100      0.000
    SCMI17             3.369      0.091     37.089      0.000
    SCIS18             2.278      0.052     43.752      0.000
    SCSK19             2.486      0.062     39.794      0.000
    SCOI20             2.032      0.048     42.592      0.000
    SCSJ21             2.447      0.058     42.173      0.000
    SCMI22             2.511      0.066     37.796      0.000
    SCSK23             2.371      0.061     38.580      0.000
    SCOI24             1.787      0.040     44.699      0.000
    SCIS25             1.987      0.042     47.327      0.000
    SCSK26             2.612      0.070     37.473      0.000
    PTGI_AL            1.552      0.047     32.790      0.000
    PTGI_NP            1.338      0.038     35.318      0.000
    PTGI_PS            1.884      0.060     31.554      0.000
    PTGI_SP            0.575      0.021     27.079      0.000
    PTGI_RO            1.509      0.044     34.485      0.000

 Variances
    PTGI               1.000      0.000    999.000    999.000

 Residual Variances
    SCSJ1              0.765      0.013     57.989      0.000
    SCOI2              0.339      0.021     16.341      0.000
    SCCH3              0.999      0.000  31012.104      0.000
    SCIS4              0.369      0.021     17.743      0.000
    SCSK5              0.985      0.001   1129.509      0.000
    SCOI6              0.365      0.020     18.170      0.000
    SCCH7              0.993      0.000   2528.765      0.000
    SCSJ8              0.602      0.019     32.434      0.000
    SCMI9              0.973      0.002    553.467      0.000
    SCCH10             0.997      0.000   5047.069      0.000
    SCSJ11             0.573      0.019     30.578      0.000
    SCSK12             0.916      0.005    177.899      0.000
    SCIS13             0.508      0.021     24.670      0.000
    SCMI14             0.850      0.009     97.663      0.000
    SCCH15             0.890      0.006    137.395      0.000
    SCSJ16             0.561      0.020     27.628      0.000
    SCMI17             0.775      0.013     60.612      0.000
    SCIS18             0.489      0.021     23.788      0.000
    SCSK19             0.875      0.007    117.864      0.000
    SCOI20             0.655      0.017     38.978      0.000
    SCSJ21             0.756      0.013     56.217      0.000
    SCMI22             0.850      0.009     98.305      0.000
    SCSK23             0.695      0.016     42.931      0.000
    SCOI24             0.611      0.018     34.076      0.000
    SCIS25             0.424      0.022     19.435      0.000
    SCSK26             0.842      0.009     93.418      0.000
    PTGI_AL            0.322      0.024     13.301      0.000
    PTGI_NP            0.101      0.014      7.017      0.000
    PTGI_PS            0.346      0.024     14.215      0.000
    PTGI_SP            0.721      0.026     27.284      0.000
    PTGI_RO            0.227      0.022     10.145      0.000
    SC                 1.000      0.000   4391.076      0.000


R-SQUARE

    Observed                                        Two-Tailed
    Variable        Estimate       S.E.  Est./S.E.    P-Value

    SCSJ1              0.235      0.013     17.777      0.000
    SCOI2              0.661      0.021     31.809      0.000
    SCCH3              0.001      0.000     16.686      0.000
    SCIS4              0.631      0.021     30.352      0.000
    SCSK5              0.015      0.001     16.876      0.000
    SCOI6              0.635      0.020     31.628      0.000
    SCCH7              0.007      0.000     17.052      0.000
    SCSJ8              0.398      0.019     21.428      0.000
    SCMI9              0.027      0.002     15.463      0.000
    SCCH10             0.003      0.000     16.716      0.000
    SCSJ11             0.427      0.019     22.759      0.000
    SCSK12             0.084      0.005     16.414      0.000
    SCIS13             0.492      0.021     23.933      0.000
    SCMI14             0.150      0.009     17.211      0.000
    SCCH15             0.110      0.006     16.955      0.000
    SCSJ16             0.439      0.020     21.599      0.000
    SCMI17             0.225      0.013     17.557      0.000
    SCIS18             0.511      0.021     24.821      0.000
    SCSK19             0.125      0.007     16.761      0.000
    SCOI20             0.345      0.017     20.564      0.000
    SCSJ21             0.244      0.013     18.130      0.000
    SCMI22             0.150      0.009     17.326      0.000
    SCSK23             0.305      0.016     18.827      0.000
    SCOI24             0.389      0.018     21.685      0.000
    SCIS25             0.576      0.022     26.385      0.000
    SCSK26             0.158      0.009     17.574      0.000
    PTGI_AL            0.678      0.024     27.967      0.000
    PTGI_NP            0.899      0.014     62.176      0.000
    PTGI_PS            0.654      0.024     26.896      0.000
    PTGI_SP            0.279      0.026     10.552      0.000
    PTGI_RO            0.773      0.022     34.523      0.000

     Latent                                         Two-Tailed
    Variable        Estimate       S.E.  Est./S.E.    P-Value

    SC                 0.000      0.000      0.033      0.974


MODEL MODIFICATION INDICES

Minimum M.I. value for printing the modification index    10.000

                                   M.I.     E.P.C.  Std E.P.C.  StdYX E.P.C.

ON/BY Statements

SCSK5    ON PTGI     /
PTGI     BY SCSK5                 34.399     0.079      0.275        0.242
SCCH7    ON PTGI     /
PTGI     BY SCCH7                 19.511     0.065      0.226        0.183
SCCH10   ON PTGI     /
PTGI     BY SCCH10                24.926     0.069      0.239        0.207
SCSK12   ON PTGI     /
PTGI     BY SCSK12                32.068     0.072      0.250        0.226
SCSK19   ON PTGI     /
PTGI     BY SCSK19                18.005     0.053      0.183        0.166
SCMI22   ON PTGI     /
PTGI     BY SCMI22                22.373     0.060      0.208        0.182
SCSK23   ON PTGI     /
PTGI     BY SCSK23                11.718     0.040      0.140        0.120
SCSK26   ON PTGI     /
PTGI     BY SCSK26                24.134     0.058      0.202        0.189

ON Statements

PTGI     ON SCSK5                 34.399     0.751      0.216        0.246
PTGI     ON SCCH7                 19.511     0.518      0.149        0.184
PTGI     ON SCCH10                24.926     0.625      0.180        0.208
PTGI     ON SCSK12                32.068     0.775      0.223        0.247
PTGI     ON SCSK19                18.005     0.595      0.171        0.189
PTGI     ON SCMI22                22.373     0.654      0.188        0.214
PTGI     ON SCSK23                11.719     0.518      0.149        0.173
PTGI     ON SCSK26                24.134     0.726      0.209        0.224
SCSJ1    ON SCCH3                 16.639     0.147      0.147        0.145
SCSJ1    ON SCSJ8                 22.967     0.146      0.146        0.171
SCSJ1    ON SCMI9                 23.711     0.180      0.180        0.174
SCSJ1    ON SCIS13                12.556    -0.103     -0.103       -0.127
SCSJ1    ON SCMI14                19.354     0.167      0.167        0.157
SCSJ1    ON SCMI17                14.300     0.144      0.144        0.135
SCOI2    ON SCSK12                20.495     0.135      0.135        0.114
SCOI2    ON SCMI22                11.243     0.097      0.097        0.085
SCCH3    ON SCSJ1                 12.078     0.139      0.139        0.140
SCCH3    ON SCSK5                 30.481     0.207      0.207        0.223
SCCH3    ON SCCH7                 48.080     0.239      0.239        0.280
SCCH3    ON SCMI9                 48.138     0.288      0.288        0.280
SCCH3    ON SCCH10                59.171     0.284      0.284        0.310
SCCH3    ON SCSK12                13.579     0.142      0.142        0.149
SCCH3    ON SCMI14                37.563     0.260      0.260        0.247
SCCH3    ON SCCH15                74.422     0.327      0.327        0.348
SCCH3    ON SCMI17                24.784     0.213      0.213        0.201
SCCH3    ON SCMI22                29.288     0.202      0.202        0.218
SCCH3    ON SCSK26                19.966     0.178      0.178        0.180
SCIS4    ON SCSK23                17.073     0.121      0.121        0.108
SCIS4    ON SCSK26                20.678     0.143      0.143        0.119
SCSK5    ON SCCH3                 30.562     0.238      0.238        0.222
SCSK5    ON SCCH7                 68.192     0.304      0.304        0.331
SCSK5    ON SCMI9                 25.111     0.222      0.222        0.201
SCSK5    ON SCCH10                55.389     0.293      0.293        0.298
SCSK5    ON SCSK12               184.362     0.559      0.559        0.544
SCSK5    ON SCMI14                11.027     0.150      0.150        0.133
SCSK5    ON SCCH15                49.464     0.285      0.285        0.282
SCSK5    ON SCMI17                20.759     0.208      0.208        0.183
SCSK5    ON SCSK19               170.827     0.538      0.538        0.524
SCSK5    ON SCOI20                10.207     0.125      0.125        0.128
SCSK5    ON SCMI22                70.302     0.335      0.335        0.336
SCSK5    ON SCSK23                36.453     0.236      0.236        0.242
SCSK5    ON SCSK26                87.850     0.398      0.398        0.376
SCSK5    ON PTGI_AL               19.030     0.047      0.047        0.175
SCSK5    ON PTGI_NP               27.908     0.038      0.038        0.212
SCSK5    ON PTGI_PS               25.806     0.043      0.043        0.204
SCSK5    ON PTGI_SP               18.926     0.094      0.094        0.174
SCSK5    ON PTGI_RO               41.463     0.032      0.032        0.258
SCOI6    ON SCSK5                 13.290     0.108      0.108        0.094
SCOI6    ON SCMI9                 14.900     0.126      0.126        0.100
SCOI6    ON SCCH15                10.532     0.097      0.097        0.084
SCOI6    ON SCSK19                14.234     0.115      0.115        0.098
SCCH7    ON SCCH3                 48.620     0.328      0.328        0.281
SCCH7    ON SCSK5                 68.253     0.361      0.361        0.332
SCCH7    ON SCMI9                 15.749     0.192      0.192        0.160
SCCH7    ON SCCH10               198.566     0.606      0.606        0.567
SCCH7    ON SCSK12                45.246     0.302      0.302        0.271
SCCH7    ON SCCH15                72.944     0.377      0.377        0.344
SCCH7    ON SCMI17                19.617     0.221      0.221        0.178
SCCH7    ON SCSK19                42.370     0.293      0.293        0.262
SCCH7    ON SCMI22                33.854     0.254      0.254        0.234
SCCH7    ON SCSK23                14.926     0.165      0.165        0.155
SCCH7    ON SCSK26                38.681     0.288      0.288        0.250
SCCH7    ON PTGI_AL               11.803     0.040      0.040        0.138
SCCH7    ON PTGI_NP               18.162     0.034      0.034        0.171
SCCH7    ON PTGI_PS               11.560     0.032      0.032        0.137
SCCH7    ON PTGI_RO               19.950     0.024      0.024        0.180
SCSJ8    ON SCSJ1                 41.968     0.243      0.243        0.208
SCSJ8    ON SCCH3                 12.368     0.133      0.133        0.113
SCSJ8    ON SCMI9                 22.706     0.185      0.185        0.153
SCSJ8    ON SCSJ11                38.977     0.201      0.201        0.200
SCSJ8    ON SCSJ16                49.310     0.225      0.225        0.225
SCSJ8    ON SCMI17                15.875     0.160      0.160        0.128
SCSJ8    ON SCSJ21                52.974     0.256      0.256        0.233
SCSJ8    ON SCMI22                13.659     0.130      0.130        0.118
SCMI9    ON SCSJ1                 18.239     0.164      0.164        0.170
SCMI9    ON SCCH3                 49.255     0.272      0.272        0.280
SCMI9    ON SCSK5                 24.042     0.177      0.177        0.195
SCMI9    ON SCCH7                 16.439     0.134      0.134        0.162
SCMI9    ON SCSJ8                 15.395     0.129      0.129        0.156
SCMI9    ON SCCH10                35.730     0.212      0.212        0.238
SCMI9    ON SCSJ11                12.557     0.117      0.117        0.141
SCMI9    ON SCSK12                20.922     0.169      0.169        0.182
SCMI9    ON SCMI14               124.445     0.455      0.455        0.444
SCMI9    ON SCCH15                33.777     0.212      0.212        0.232
SCMI9    ON SCMI17                78.977     0.365      0.365        0.354
SCMI9    ON SCSK19                30.974     0.206      0.206        0.222
SCMI9    ON SCSJ21                18.956     0.157      0.157        0.173
SCMI9    ON SCMI22                31.487     0.202      0.202        0.224
SCMI9    ON SCSK26                11.819     0.131      0.131        0.137
SCCH10   ON SCCH3                 59.394     0.339      0.339        0.311
SCCH10   ON SCSK5                 53.208     0.299      0.299        0.294
SCCH10   ON SCCH7                199.269     0.532      0.532        0.569
SCCH10   ON SCMI9                 33.964     0.264      0.264        0.235
SCCH10   ON SCSJ11                22.780     0.179      0.179        0.192
SCCH10   ON SCSK12                50.035     0.298      0.298        0.285
SCCH10   ON SCMI14                10.172     0.148      0.148        0.129
SCCH10   ON SCCH15                81.452     0.374      0.374        0.364
SCCH10   ON SCMI17                28.042     0.247      0.247        0.213
SCCH10   ON SCSK19                42.308     0.274      0.274        0.262
SCCH10   ON SCMI22                59.224     0.314      0.314        0.310
SCCH10   ON SCSK23                18.101     0.170      0.170        0.171
SCCH10   ON SCSK26                37.233     0.265      0.265        0.246
SCCH10   ON PTGI_AL               12.071     0.038      0.038        0.140
SCCH10   ON PTGI_NP               22.788     0.035      0.035        0.192
SCCH10   ON PTGI_PS               18.529     0.038      0.038        0.173
SCCH10   ON PTGI_SP               14.575     0.084      0.084        0.154
SCCH10   ON PTGI_RO               24.604     0.025      0.025        0.200
SCSJ11   ON SCSJ1                 13.699     0.135      0.135        0.116
SCSJ11   ON SCSJ8                 28.114     0.166      0.166        0.167
SCSJ11   ON SCMI9                 21.800     0.177      0.177        0.146
SCSJ11   ON SCCH10                36.477     0.204      0.204        0.189
SCSJ11   ON SCMI14                30.927     0.216      0.216        0.174
SCSJ11   ON SCSJ16                21.153     0.144      0.144        0.145
SCSJ11   ON SCMI17                16.570     0.159      0.159        0.128
SCSJ11   ON SCSJ21                11.103     0.114      0.114        0.105
SCSK12   ON SCCH3                 14.382     0.154      0.154        0.147
SCSK12   ON SCSK5                196.824     0.529      0.529        0.543
SCSK12   ON SCCH7                 48.854     0.243      0.243        0.271
SCSK12   ON SCMI9                 24.516     0.206      0.206        0.192
SCSK12   ON SCCH10                57.990     0.283      0.283        0.295
SCSK12   ON SCMI14                20.700     0.194      0.194        0.176
SCSK12   ON SCCH15                62.624     0.302      0.302        0.307
SCSK12   ON SCMI17                46.104     0.292      0.292        0.263
SCSK12   ON SCSK19               225.003     0.582      0.582        0.581
SCSK12   ON SCOI20                14.194     0.138      0.138        0.146
SCSK12   ON SCMI22                88.663     0.354      0.354        0.365
SCSK12   ON SCSK23                38.280     0.228      0.228        0.240
SCSK12   ON SCSK26                66.805     0.327      0.327        0.317
SCSK12   ON PTGI_AL               20.171     0.046      0.046        0.174
SCSK12   ON PTGI_NP               28.804     0.036      0.036        0.208
SCSK12   ON PTGI_PS               24.256     0.040      0.040        0.191
SCSK12   ON PTGI_SP               19.107     0.089      0.089        0.169
SCSK12   ON PTGI_RO               28.571     0.025      0.025        0.207
SCIS13   ON SCSJ1                 14.787    -0.141     -0.141       -0.114
SCIS13   ON SCIS18                72.664     0.268      0.268        0.254
SCIS13   ON SCSK26                19.326     0.160      0.160        0.131
SCMI14   ON SCSJ1                 16.524     0.143      0.143        0.152
SCMI14   ON SCCH3                 43.932     0.236      0.236        0.248
SCMI14   ON SCSK5                 10.580     0.108      0.108        0.122
SCMI14   ON SCMI9                144.345     0.440      0.440        0.450
SCMI14   ON SCCH10                13.448     0.119      0.119        0.137
SCMI14   ON SCSJ11                20.227     0.136      0.136        0.168
SCMI14   ON SCSK12                17.827     0.144      0.144        0.158
SCMI14   ON SCCH15                68.158     0.276      0.276        0.309
SCMI14   ON SCMI17               112.303     0.400      0.400        0.397
SCMI14   ON SCSK19                30.945     0.189      0.189        0.208
SCMI14   ON SCSJ21                11.112     0.110      0.110        0.125
SCMI14   ON SCMI22                37.600     0.202      0.202        0.230
SCMI14   ON SCSK26                11.546     0.119      0.119        0.127
SCCH15   ON SCCH3                 83.804     0.372      0.372        0.350
SCCH15   ON SCSK5                 49.295     0.266      0.266        0.268
SCCH15   ON SCCH7                 84.922     0.321      0.321        0.352
SCCH15   ON SCSJ8                 12.334     0.121      0.121        0.134
SCCH15   ON SCMI9                 35.422     0.249      0.249        0.228
SCCH15   ON SCCH10                93.955     0.361      0.361        0.371
SCCH15   ON SCSK12                53.574     0.284      0.284        0.280
SCCH15   ON SCMI14                58.870     0.328      0.328        0.293
SCCH15   ON SCMI17                63.816     0.344      0.344        0.305
SCCH15   ON SCIS18                14.527     0.132      0.132        0.146
SCCH15   ON SCSK19                56.964     0.294      0.294        0.289
SCCH15   ON SCSJ21                11.819     0.130      0.130        0.131
SCCH15   ON SCMI22                55.554     0.281      0.281        0.285
SCCH15   ON SCSK23                48.664     0.258      0.258        0.267
SCCH15   ON SCSK26                79.111     0.357      0.357        0.340
SCSJ16   ON SCSJ1                 16.096     0.146      0.146        0.125
SCSJ16   ON SCSJ8                 46.844     0.213      0.213        0.213
SCSJ16   ON SCMI9                 12.101     0.131      0.131        0.108
SCSJ16   ON SCSJ11                28.761     0.168      0.168        0.167
SCSJ16   ON SCMI14                11.070     0.129      0.129        0.103
SCSJ16   ON SCMI17                11.140     0.130      0.130        0.104
SCSJ16   ON SCMI22                13.688     0.126      0.126        0.115
SCMI17   ON SCSJ1                 16.178     0.135      0.135        0.144
SCMI17   ON SCCH3                 31.956     0.191      0.191        0.203
SCMI17   ON SCSK5                 21.596     0.146      0.146        0.167
SCMI17   ON SCCH7                 27.512     0.152      0.152        0.188
SCMI17   ON SCSJ8                 21.851     0.134      0.134        0.168
SCMI17   ON SCMI9                 98.785     0.346      0.346        0.357
SCMI17   ON SCCH10                39.246     0.194      0.194        0.225
SCMI17   ON SCSJ11                15.906     0.115      0.115        0.143
SCMI17   ON SCSK12                42.722     0.211      0.211        0.235
SCMI17   ON SCMI14               117.308     0.386      0.386        0.389
SCMI17   ON SCCH15                78.261     0.282      0.282        0.317
SCMI17   ON SCSJ16                14.220     0.108      0.108        0.135
SCMI17   ON SCSK19                45.392     0.218      0.218        0.242
SCMI17   ON SCSJ21                18.197     0.134      0.134        0.153
SCMI17   ON SCMI22                67.879     0.259      0.259        0.296
SCMI17   ON SCSK23                24.341     0.152      0.152        0.177
SCMI17   ON SCSK26                29.967     0.183      0.183        0.196
SCIS18   ON SCSK5                 12.260     0.112      0.112        0.102
SCIS18   ON SCCH7                 18.010     0.125      0.125        0.124
SCIS18   ON SCIS13                81.182     0.251      0.251        0.265
SCIS18   ON SCCH15                15.249     0.127      0.127        0.114
SCIS18   ON SCSK19                14.874     0.127      0.127        0.113
SCIS18   ON SCSK23                17.597     0.132      0.132        0.123
SCIS18   ON SCSK26                12.848     0.122      0.122        0.105
SCSK19   ON SCCH3                 10.864     0.131      0.131        0.125
SCSK19   ON SCSK5                187.933     0.506      0.506        0.520
SCSK19   ON SCCH7                 48.806     0.237      0.237        0.265
SCSK19   ON SCMI9                 36.414     0.246      0.246        0.229
SCSK19   ON SCCH10                51.688     0.261      0.261        0.273
SCSK19   ON SCSK12               228.761     0.573      0.573        0.574
SCSK19   ON SCMI14                33.279     0.241      0.241        0.219
SCSK19   ON SCCH15                67.520     0.306      0.306        0.312
SCSK19   ON SCMI17                48.041     0.291      0.291        0.263
SCSK19   ON SCOI20                11.197     0.120      0.120        0.127
SCSK19   ON SCMI22                62.919     0.292      0.292        0.301
SCSK19   ON SCSK23                58.460     0.276      0.276        0.290
SCSK19   ON SCSK26                99.759     0.391      0.391        0.379
SCSK19   ON PTGI_NP               15.632     0.026      0.026        0.150
SCSK19   ON PTGI_PS               19.622     0.035      0.035        0.168
SCSK19   ON PTGI_RO               19.659     0.020      0.020        0.168
SCOI20   ON SCSK5                 20.006     0.153      0.153        0.149
SCOI20   ON SCSK12                26.545     0.181      0.181        0.171
SCOI20   ON SCMI14                12.891    -0.139     -0.139       -0.119
SCOI20   ON SCSK19                16.972     0.145      0.145        0.137
SCOI20   ON SCMI22                17.401     0.142      0.142        0.139
SCOI20   ON SCSK23                15.466     0.131      0.131        0.131
SCOI20   ON SCOI24                15.292     0.136      0.136        0.130
SCOI20   ON SCSK26                16.769     0.148      0.148        0.136
SCOI20   ON PTGI_NP               10.658     0.020      0.020        0.109
SCSJ21   ON SCSJ1                 14.481     0.144      0.144        0.135
SCSJ21   ON SCCH3                 12.303     0.134      0.134        0.124
SCSJ21   ON SCSJ8                 41.203     0.208      0.208        0.228
SCSJ21   ON SCMI9                 22.659     0.187      0.187        0.169
SCSJ21   ON SCSJ11                13.009     0.117      0.117        0.128
SCSJ21   ON SCMI17                11.337     0.136      0.136        0.119
SCSJ21   ON SCMI22                11.443     0.120      0.120        0.120
SCMI22   ON SCSJ1                 11.066     0.133      0.133        0.125
SCMI22   ON SCCH3                 34.459     0.237      0.237        0.220
SCMI22   ON SCSK5                 74.098     0.323      0.323        0.322
SCMI22   ON SCCH7                 42.277     0.225      0.225        0.243
SCMI22   ON SCSJ8                 18.132     0.146      0.146        0.159
SCMI22   ON SCMI9                 34.636     0.244      0.244        0.220
SCMI22   ON SCCH10                72.504     0.314      0.314        0.319
SCMI22   ON SCSK12                80.765     0.346      0.346        0.336
SCMI22   ON SCMI14                32.872     0.243      0.243        0.215
SCMI22   ON SCCH15                59.135     0.292      0.292        0.288
SCMI22   ON SCSJ16                15.829     0.136      0.136        0.149
SCMI22   ON SCMI17                58.420     0.327      0.327        0.286
SCMI22   ON SCSK19                54.720     0.285      0.285        0.277
SCMI22   ON SCOI20                20.513     0.166      0.166        0.170
SCMI22   ON SCSJ21                16.910     0.154      0.154        0.154
SCMI22   ON SCSK23                48.067     0.254      0.254        0.260
SCMI22   ON SCSK26                61.337     0.311      0.311        0.293
SCMI22   ON PTGI_AL               11.284     0.034      0.034        0.126
SCMI22   ON PTGI_NP               20.217     0.030      0.030        0.168
SCMI22   ON PTGI_PS               18.725     0.035      0.035        0.162
SCMI22   ON PTGI_SP               10.763     0.067      0.067        0.123
SCMI22   ON PTGI_RO               21.433     0.021      0.021        0.173
SCSK23   ON SCOI2                 15.460     0.120      0.120        0.135
SCSK23   ON SCIS4                 25.984     0.156      0.156        0.175
SCSK23   ON SCSK5                 41.188     0.224      0.224        0.219
SCSK23   ON SCOI6                 18.274     0.131      0.131        0.146
SCSK23   ON SCCH7                 25.553     0.163      0.163        0.173
SCSK23   ON SCMI9                 10.319     0.124      0.124        0.110
SCSK23   ON SCCH10                28.320     0.183      0.183        0.182
SCSK23   ON SCSK12                31.140     0.200      0.200        0.191
SCSK23   ON SCIS13                19.250     0.133      0.133        0.150
SCSK23   ON SCCH15                59.324     0.272      0.272        0.263
SCSK23   ON SCMI17                19.524     0.176      0.176        0.151
SCSK23   ON SCIS18                35.498     0.190      0.190        0.204
SCSK23   ON SCSK19                52.361     0.260      0.260        0.247
SCSK23   ON SCOI20                34.645     0.200      0.200        0.201
SCSK23   ON SCMI22                53.592     0.255      0.255        0.250
SCSK23   ON SCOI24                13.385     0.130      0.130        0.125
SCSK23   ON SCIS25                14.432     0.114      0.114        0.130
SCSK23   ON SCSK26               144.635     0.446      0.446        0.411
SCSK23   ON PTGI_RO               13.208     0.016      0.016        0.124
SCOI24   ON SCOI20                13.586     0.114      0.114        0.119
SCOI24   ON SCSK26                17.707     0.142      0.142        0.136
SCSK26   ON SCCH3                 23.792     0.184      0.184        0.182
SCSK26   ON SCIS4                 16.977     0.127      0.127        0.154
SCSK26   ON SCSK5                 93.302     0.340      0.340        0.360
SCSK26   ON SCCH7                 49.273     0.227      0.227        0.261
SCSK26   ON SCMI9                 12.152     0.135      0.135        0.130
SCSK26   ON SCCH10                46.142     0.235      0.235        0.253
SCSK26   ON SCSK12                57.374     0.274      0.274        0.282
SCSK26   ON SCIS13                21.576     0.141      0.141        0.173
SCSK26   ON SCCH15                82.095     0.322      0.322        0.338
SCSK26   ON SCMI17                23.130     0.193      0.193        0.179
SCSK26   ON SCIS18                17.033     0.132      0.132        0.154
SCSK26   ON SCSK19                87.442     0.338      0.338        0.348
SCSK26   ON SCOI20                22.965     0.164      0.164        0.179
SCSK26   ON SCMI22                59.141     0.270      0.270        0.287
SCSK26   ON SCSK23               120.110     0.377      0.377        0.408
SCSK26   ON SCOI24                21.291     0.165      0.165        0.172
SCSK26   ON PTGI_AL               12.473     0.033      0.033        0.132
SCSK26   ON PTGI_NP               21.731     0.029      0.029        0.174
SCSK26   ON PTGI_PS               17.197     0.031      0.031        0.155
SCSK26   ON PTGI_SP               11.694     0.065      0.065        0.127
SCSK26   ON PTGI_RO               25.073     0.022      0.022        0.187
PTGI_PS  ON SCMI14                12.518     0.471      0.471        0.089
PTGI_PS  ON SCMI17                10.279     0.430      0.430        0.081
PTGI_PS  ON PTGI_SP               14.632    -0.293     -0.293       -0.116
PTGI_SP  ON PTGI_PS               14.631    -0.096     -0.096       -0.242
PTGI_RO  ON SCSK5                 10.571     0.567      0.567        0.070

WITH Statements

SCCH3    WITH SCSJ1               16.723     0.165      0.165        0.167
SCIS4    WITH SCOI2               20.538     0.129      0.129        0.214
SCSK5    WITH PTGI                34.399     0.956      0.275        0.244
SCSK5    WITH SCCH3               30.780     0.267      0.267        0.224
SCOI6    WITH SCIS4               22.241     0.136      0.136        0.220
SCOI6    WITH SCSK5               13.159     0.138      0.138        0.156
SCCH7    WITH PTGI                19.511     0.786      0.226        0.184
SCCH7    WITH SCCH3               48.583     0.366      0.366        0.281
SCCH7    WITH SCSK5               69.749     0.469      0.469        0.337
SCSJ8    WITH SCSJ1               44.200     0.251      0.251        0.277
SCSJ8    WITH SCCH3               12.135     0.147      0.147        0.144
SCMI9    WITH SCSJ1               23.756     0.188      0.188        0.199
SCMI9    WITH SCCH3               49.250     0.304      0.304        0.283
SCMI9    WITH SCSK5               24.548     0.229      0.229        0.200
SCMI9    WITH SCOI6               14.844     0.131      0.131        0.165
SCMI9    WITH SCCH7               16.489     0.205      0.205        0.164
SCMI9    WITH SCSJ8               25.844     0.206      0.206        0.210
SCCH10   WITH PTGI                24.926     0.832      0.239        0.207
SCCH10   WITH SCCH3               59.258     0.379      0.379        0.311
SCCH10   WITH SCSK5               54.916     0.390      0.390        0.299
SCCH10   WITH SCCH7              199.593     0.811      0.811        0.570
SCCH10   WITH SCMI9               35.926     0.283      0.283        0.242
SCSJ11   WITH SCSJ1               19.150     0.161      0.161        0.183
SCSJ11   WITH SCSJ8               51.007     0.276      0.276        0.303
SCSJ11   WITH SCMI9               22.158     0.186      0.186        0.195
SCSJ11   WITH SCCH10              36.478     0.271      0.271        0.250
SCSK12   WITH PTGI                32.068     0.869      0.250        0.236
SCSK12   WITH SCOI2               21.410     0.162      0.162        0.201
SCSK12   WITH SCCH3               14.600     0.173      0.173        0.155
SCSK12   WITH SCSK5              195.868     0.678      0.678        0.567
SCSK12   WITH SCCH7               50.583     0.376      0.376        0.288
SCSK12   WITH SCMI9               23.288     0.210      0.210        0.196
SCSK12   WITH SCCH10              57.155     0.374      0.374        0.306
SCIS13   WITH SCSJ1               22.389    -0.175     -0.175       -0.200
SCMI14   WITH SCSJ1               21.424     0.164      0.164        0.190
SCMI14   WITH SCCH3               43.921     0.264      0.264        0.269
SCMI14   WITH SCSK5               10.840     0.140      0.140        0.134
SCMI14   WITH SCSJ8               16.400     0.151      0.151        0.168
SCMI14   WITH SCMI9              149.112     0.467      0.467        0.496
SCMI14   WITH SCCH10              13.544     0.160      0.160        0.149
SCMI14   WITH SCSJ11              35.853     0.218      0.218        0.249
SCMI14   WITH SCSK12              19.900     0.178      0.178        0.182
SCCH15   WITH SCCH3               83.393     0.415      0.415        0.370
SCCH15   WITH SCSK5               51.969     0.350      0.350        0.292
SCCH15   WITH SCOI6               11.006     0.119      0.119        0.143
SCCH15   WITH SCCH7               83.896     0.485      0.485        0.371
SCCH15   WITH SCSJ8               13.892     0.159      0.159        0.154
SCCH15   WITH SCMI9               38.696     0.272      0.272        0.252
SCCH15   WITH SCCH10              95.499     0.485      0.485        0.396
SCCH15   WITH SCSK12              64.033     0.366      0.366        0.325
SCCH15   WITH SCMI14              77.896     0.354      0.354        0.360
SCSJ16   WITH SCSJ1               17.075     0.152      0.152        0.173
SCSJ16   WITH SCIS4               14.740    -0.126     -0.126       -0.170
SCSJ16   WITH SCSJ8               68.517     0.319      0.319        0.352
SCSJ16   WITH SCMI9               13.536     0.145      0.145        0.153
SCSJ16   WITH SCSJ11              41.925     0.244      0.244        0.276
SCSJ16   WITH SCMI14              16.046     0.145      0.145        0.167
SCMI17   WITH SCSJ1               16.946     0.139      0.139        0.170
SCMI17   WITH SCCH3               31.728     0.213      0.213        0.229
SCMI17   WITH SCSK5               23.032     0.194      0.194        0.196
SCMI17   WITH SCCH7               26.901     0.229      0.229        0.211
SCMI17   WITH SCSJ8               28.889     0.191      0.191        0.224
SCMI17   WITH SCMI9              104.931     0.373      0.373        0.418
SCMI17   WITH SCCH10              40.068     0.262      0.262        0.258
SCMI17   WITH SCSJ11              20.853     0.158      0.158        0.191
SCMI17   WITH SCSK12              50.958     0.272      0.272        0.292
SCMI17   WITH SCMI14             149.122     0.408      0.408        0.501
SCMI17   WITH SCCH15              94.988     0.372      0.372        0.399
SCMI17   WITH SCSJ16              18.591     0.149      0.149        0.181
SCIS18   WITH SCSK5               13.310     0.150      0.150        0.153
SCIS18   WITH SCCH7               17.463     0.188      0.188        0.175
SCIS18   WITH SCIS13             146.337     0.430      0.430        0.526
SCIS18   WITH SCCH15              20.240     0.175      0.175        0.189
SCSK19   WITH PTGI                18.005     0.637      0.183        0.177
SCSK19   WITH SCCH3               10.971     0.147      0.147        0.134
SCSK19   WITH SCSK5              188.720     0.651      0.651        0.557
SCSK19   WITH SCOI6               15.246     0.137      0.137        0.168
SCSK19   WITH SCCH7               49.913     0.365      0.365        0.287
SCSK19   WITH SCMI9               36.170     0.256      0.256        0.244
SCSK19   WITH SCCH10              51.330     0.347      0.347        0.291
SCSK19   WITH SCSK12             245.082     0.698      0.698        0.637
SCSK19   WITH SCMI14              36.195     0.235      0.235        0.245
SCSK19   WITH SCCH15              72.478     0.381      0.381        0.347
SCSK19   WITH SCMI17              57.618     0.283      0.283        0.311
SCSK19   WITH SCIS18              20.338     0.171      0.171        0.190
SCOI20   WITH SCSK5               21.115     0.201      0.201        0.189
SCOI20   WITH SCSK12              31.550     0.232      0.232        0.231
SCOI20   WITH SCMI14              13.074    -0.131     -0.131       -0.149
SCOI20   WITH SCSK19              22.017     0.189      0.189        0.194
SCSJ21   WITH SCSJ1               14.599     0.146      0.146        0.158
SCSJ21   WITH SCCH3               12.144     0.149      0.149        0.142
SCSJ21   WITH SCSJ8               57.849     0.305      0.305        0.318
SCSJ21   WITH SCMI9               25.017     0.205      0.205        0.204
SCSJ21   WITH SCCH10              10.397     0.150      0.150        0.132
SCSJ21   WITH SCSJ11              15.826     0.155      0.155        0.167
SCSJ21   WITH SCMI14              14.501     0.144      0.144        0.156
SCSJ21   WITH SCCH15              11.387     0.145      0.145        0.138
SCSJ21   WITH SCMI17              19.505     0.159      0.159        0.182
SCMI22   WITH PTGI                22.373     0.723      0.208        0.198
SCMI22   WITH SCSJ1               10.242     0.129      0.129        0.131
SCMI22   WITH SCOI2               12.206     0.122      0.122        0.152
SCMI22   WITH SCCH3               34.167     0.264      0.264        0.237
SCMI22   WITH SCSK5               77.726     0.425      0.425        0.358
SCMI22   WITH SCCH7               41.362     0.338      0.338        0.261
SCMI22   WITH SCSJ8               21.696     0.197      0.197        0.193
SCMI22   WITH SCMI9               37.991     0.267      0.267        0.250
SCMI22   WITH SCCH10              73.887     0.423      0.423        0.349
SCMI22   WITH SCSK12              95.435     0.443      0.443        0.398
SCMI22   WITH SCMI14              45.387     0.268      0.268        0.275
SCMI22   WITH SCCH15              73.734     0.391      0.391        0.350
SCMI22   WITH SCSJ16              19.468     0.181      0.181        0.184
SCMI22   WITH SCMI17              88.069     0.355      0.355        0.385
SCMI22   WITH SCSK19              70.156     0.372      0.372        0.342
SCMI22   WITH SCOI20              23.523     0.199      0.199        0.200
SCMI22   WITH SCSJ21              16.991     0.176      0.176        0.169
SCSK23   WITH PTGI                11.718     0.487      0.140        0.144
SCSK23   WITH SCIS4               23.947     0.164      0.164        0.214
SCSK23   WITH SCSK5               46.541     0.306      0.306        0.279
SCSK23   WITH SCOI6               11.994     0.115      0.115        0.151
SCSK23   WITH SCCH7               23.384     0.237      0.237        0.198
SCSK23   WITH SCMI9               14.013     0.151      0.151        0.153
SCSK23   WITH SCCH10              30.221     0.252      0.252        0.225
SCSK23   WITH SCSK12              45.293     0.284      0.284        0.276
SCSK23   WITH SCIS13              11.680     0.132      0.132        0.145
SCSK23   WITH SCMI14              14.382     0.141      0.141        0.156
SCSK23   WITH SCCH15              84.929     0.390      0.390        0.379
SCSK23   WITH SCMI17              44.054     0.234      0.234        0.275
SCSK23   WITH SCIS18              33.205     0.207      0.207        0.245
SCSK23   WITH SCSK19              78.576     0.366      0.366        0.365
SCSK23   WITH SCOI20              27.710     0.201      0.201        0.220
SCSK23   WITH SCMI22              84.746     0.387      0.387        0.379
SCOI24   WITH SCOI2               11.950     0.103      0.103        0.154
SCOI24   WITH SCOI20              20.527     0.158      0.158        0.190
SCIS25   WITH SCOI6               20.306     0.140      0.140        0.206
SCSK26   WITH PTGI                24.134     0.703      0.202        0.205
SCSK26   WITH SCOI2               10.315     0.105      0.105        0.140
SCSK26   WITH SCCH3               23.432     0.205      0.205        0.197
SCSK26   WITH SCIS4               23.985     0.164      0.164        0.211
SCSK26   WITH SCSK5               98.776     0.449      0.449        0.404
SCSK26   WITH SCCH7               47.726     0.340      0.340        0.281
SCSK26   WITH SCMI9               14.553     0.155      0.155        0.155
SCSK26   WITH SCCH10              47.612     0.318      0.318        0.280
SCSK26   WITH SCSK12              71.320     0.359      0.359        0.344
SCSK26   WITH SCIS13              25.486     0.196      0.196        0.212
SCSK26   WITH SCMI14              14.264     0.141      0.141        0.154
SCSK26   WITH SCCH15             104.584     0.436      0.436        0.417
SCSK26   WITH SCMI17              41.149     0.228      0.228        0.263
SCSK26   WITH SCIS18              18.976     0.158      0.158        0.183
SCSK26   WITH SCSK19             113.810     0.444      0.444        0.435
SCSK26   WITH SCOI20              23.049     0.185      0.185        0.199
SCSK26   WITH SCMI22              82.602     0.384      0.384        0.371
SCSK26   WITH SCSK23             208.822     0.569      0.569        0.596
SCSK26   WITH SCOI24              21.875     0.168      0.168        0.194
PTGI_PS  WITH SCMI14              11.010     0.414      0.414        0.143
PTGI_SP  WITH PTGI_PS             14.628    -0.937     -0.937       -0.168
PTGI_RO  WITH SCSK5               11.174     0.748      0.748        0.150
PTGI_RO  WITH SCIS18              11.716     0.613      0.613        0.159


SAMPLE STATISTICS FOR ESTIMATED FACTOR SCORES


     SAMPLE STATISTICS


           Means
              SC            SC_SE         PTGI          PTGI_SE
              ________      ________      ________      ________
                0.000         0.260         0.000         0.828


           Covariances
              SC            SC_SE         PTGI          PTGI_SE
              ________      ________      ________      ________
 SC             0.976
 SC_SE          0.000         0.000
 PTGI           0.010         0.000        11.401
 PTGI_SE        0.000         0.000         0.000         0.000


           Correlations
              SC            SC_SE         PTGI          PTGI_SE
              ________      ________      ________      ________
 SC             1.000
 SC_SE        999.000         1.000
 PTGI           0.003       999.000         1.000
 PTGI_SE      999.000       999.000       999.000         1.000


SAVEDATA INFORMATION


  Save file
    CFA_SR.txt

  Order of variables

    SCSJ1
    SCOI2
    SCCH3
    SCIS4
    SCSK5
    SCOI6
    SCCH7
    SCSJ8
    SCMI9
    SCCH10
    SCSJ11
    SCSK12
    SCIS13
    SCMI14
    SCCH15
    SCSJ16
    SCMI17
    SCIS18
    SCSK19
    SCOI20
    SCSJ21
    SCMI22
    SCSK23
    SCOI24
    SCIS25
    SCSK26
    PTGI_AL
    PTGI_NP
    PTGI_PS
    PTGI_SP
    PTGI_RO
    SC
    SC_SE
    PTGI
    PTGI_SE

  Save file format           Free

  Save file record length    10000

  Save missing symbol        *


     Beginning Time:  12:00:34
        Ending Time:  12:00:35
       Elapsed Time:  00:00:01



MUTHEN & MUTHEN
3463 Stoner Ave.
Los Angeles, CA  90066

Tel: (310) 391-9971
Fax: (310) 391-8971
Web: www.StatModel.com
Support: Support@StatModel.com

Copyright (c) 1998-2021 Muthen & Muthen
