Mplus VERSION 8.6 (Mac)
MUTHEN & MUTHEN
10/05/2022   1:54 PM

INPUT INSTRUCTIONS

  TITLE: SEM analysis with 2 factor bi-factor ESEM model for the SCS.
  DATA:
  FILE = "semdata.dat";

  VARIABLE:
  NAMES =
    scsj_1 scoi_2 scch_3 scis_4 scsk_5 scoi_6 scch_7 scsj_8 scmi_9 scch_10
    scsj_11 scsk_12 scis_13 scmi_14 scch_15 scsj_16 scmi_17 scis_18 scsk_19
    scoi_20 scsj_21 scmi_22 scsk_23 scoi_24 scis_25 scsk_26
    ptgi_al ptgi_np ptgi_ps ptgi_sp ptgi_ro
    iesr_a iesr_i iesr_h
    cope_pa cope_po
    mspss_fa mspss_fr mspss_so
    neuro_na neuro_sr
    extra_pa extra_so extra_ac;

  MISSING = .;

  USEVARIABLES ARE
    scsj_1 scoi_2 scch_3 scis_4 scsk_5 scoi_6 scch_7 scsj_8 scmi_9 scch_10
    scsj_11 scsk_12 scis_13 scmi_14 scch_15 scsj_16 scmi_17 scis_18 scsk_19
    scoi_20 scsj_21 scmi_22 scsk_23 scoi_24 scis_25 scsk_26
    ptgi_al ptgi_np ptgi_ps ptgi_sp ptgi_ro
    iesr_a iesr_i iesr_h
    cope_pa cope_po
    mspss_fa mspss_fr mspss_so
    neuro_na neuro_sr
    extra_pa extra_so extra_ac
    ;

  ANALYSIS:

  ESTIMATOR = MLR; ! WLSMV
  PROCESSORS = 6;
  ROTATION = TARGET (orthogonal);

  MODEL:

  ! (*1) indicates that an exploratory model involving your variables will be requested.
  ! (~0) indicates that the non-intended cross-loadings are constrained to be as close
  ! as possible to zero.

  ! Global factor - other factors automatically uncorrelated with G by default.
  G BY
    scsk_5 scsk_12 scsk_19 scsk_23 scsk_26
    scsj_1 scsj_8 scsj_11 scsj_16 scsj_21
    scch_3 scch_7 scch_10 scch_15
    scis_4 scis_13 scis_18 scis_25
    scmi_9 scmi_14 scmi_17 scmi_22
    scoi_2 scoi_6 scoi_20 scoi_24 (*1);

  ! Specific factors
  P BY
    scsk_5 scsk_12 scsk_19 scsk_23 scsk_26
    scsj_1~0 scsj_8~0 scsj_11~0 scsj_16~0 scsj_21~0
    scch_3 scch_7 scch_10 scch_15
    scis_4~0 scis_13~0 scis_18~0 scis_25~0
    scmi_9 scmi_14 scmi_17 scmi_22
    scoi_2~0 scoi_6~0 scoi_20~0 scoi_24~0 (*1);

  N BY
    scsk_5~0 scsk_12~0 scsk_19~0 scsk_23~0 scsk_26~0
    scsj_1 scsj_8 scsj_11 scsj_16 scsj_21
    scch_3~0 scch_7~0 scch_10~0 scch_15~0
    scis_4 scis_13 scis_18 scis_25
    scmi_9~0 scmi_14~0 scmi_17~0 scmi_22~0
    scoi_2 scoi_6 scoi_20 scoi_24 (*1);

  ! Residual correlations
    scch_10 WITH scch_7;
    scis_18 WITH scis_13;
    ! SCSK26 WITH SCSK23;
    SCSK_12 WITH SCSK_19;
    SCSK_5  WITH SCSK_12;

  PTGI BY
    ptgi_al ptgi_np ptgi_ps ptgi_sp ptgi_ro;

  IESR BY
    iesr_a iesr_i iesr_h;

  COPE BY
    cope_pa cope_po;

  MSPSS BY
    mspss_fa mspss_fr mspss_so;

  NEURO BY
    neuro_na neuro_sr;

  EXTRA BY
    extra_pa extra_so extra_ac;

  ! Regressions

  ! Direct effects on endogenous variables
  COPE MSPSS NEURO EXTRA ON PTGI;
  COPE MSPSS NEURO EXTRA ON IESR;

  ! Direct effects on mediators
  COPE MSPSS NEURO EXTRA ON G;
  COPE MSPSS NEURO EXTRA ON P;
  COPE MSPSS NEURO EXTRA ON N;

  ! Mediators effects on endogenous variables
  G P N on PTGI;
  G P N on IESR;

  ! Requesting standardized parameter estimates and modification indices
  OUTPUT:
  stdyx;
  !tech4;
  MODINDICES (ALL);

  ! scch7: When I'm down and out, I remind myself that there are lots
  ! of other people in the world feeling like I am.
  ! scch10: When I feel inadequate in some way, I try to remind myself
  ! that feelings of inadequacy are shared by most people.

  ! scis13: When I'm feeling down, I tend to feel like most other people
  ! are probably happier than I am.
  ! scis18: When I'm really struggling, I tend to feel like other people
  ! must be having an easier time of it.



INPUT READING TERMINATED NORMALLY



SEM analysis with 2 factor bi-factor ESEM model for the SCS.

SUMMARY OF ANALYSIS

Number of groups                                                 1
Number of observations                                         706

Number of dependent variables                                   44
Number of independent variables                                  0
Number of continuous latent variables                            9

Observed dependent variables

  Continuous
   SCSJ_1      SCOI_2      SCCH_3      SCIS_4      SCSK_5      SCOI_6
   SCCH_7      SCSJ_8      SCMI_9      SCCH_10     SCSJ_11     SCSK_12
   SCIS_13     SCMI_14     SCCH_15     SCSJ_16     SCMI_17     SCIS_18
   SCSK_19     SCOI_20     SCSJ_21     SCMI_22     SCSK_23     SCOI_24
   SCIS_25     SCSK_26     PTGI_AL     PTGI_NP     PTGI_PS     PTGI_SP
   PTGI_RO     IESR_A      IESR_I      IESR_H      COPE_PA     COPE_PO
   MSPSS_FA    MSPSS_FR    MSPSS_SO    NEURO_NA    NEURO_SR    EXTRA_PA
   EXTRA_SO    EXTRA_AC

Continuous latent variables
   PTGI        IESR        COPE
   MSPSS       NEURO       EXTRA

  EFA factors
  *1:   G           P           N


Estimator                                                      MLR
Rotation                                                    TARGET
Row standardization                                    CORRELATION
Type of rotation                                        ORTHOGONAL
Information matrix                                        OBSERVED
Maximum number of iterations                                  1000
Convergence criterion                                    0.500D-04
Maximum number of steepest descent iterations                   20
Maximum number of iterations for H1                           2000
Convergence criterion for H1                             0.100D-03
Optimization Specifications for the Exploratory Factor Analysis
Rotation Algorithm
  Number of random starts                                       30
  Maximum number of iterations                             1000000
  Derivative convergence criterion                       0.100D-04

Input data file(s)
  semdata.dat

Input data format  FREE


SUMMARY OF DATA

     Number of missing data patterns             1


COVARIANCE COVERAGE OF DATA

Minimum covariance coverage value   0.100


     PROPORTION OF DATA PRESENT


           Covariance Coverage
              SCSJ_1        SCOI_2        SCCH_3        SCIS_4        SCSK_5
              ________      ________      ________      ________      ________
 SCSJ_1         1.000
 SCOI_2         1.000         1.000
 SCCH_3         1.000         1.000         1.000
 SCIS_4         1.000         1.000         1.000         1.000
 SCSK_5         1.000         1.000         1.000         1.000         1.000
 SCOI_6         1.000         1.000         1.000         1.000         1.000
 SCCH_7         1.000         1.000         1.000         1.000         1.000
 SCSJ_8         1.000         1.000         1.000         1.000         1.000
 SCMI_9         1.000         1.000         1.000         1.000         1.000
 SCCH_10        1.000         1.000         1.000         1.000         1.000
 SCSJ_11        1.000         1.000         1.000         1.000         1.000
 SCSK_12        1.000         1.000         1.000         1.000         1.000
 SCIS_13        1.000         1.000         1.000         1.000         1.000
 SCMI_14        1.000         1.000         1.000         1.000         1.000
 SCCH_15        1.000         1.000         1.000         1.000         1.000
 SCSJ_16        1.000         1.000         1.000         1.000         1.000
 SCMI_17        1.000         1.000         1.000         1.000         1.000
 SCIS_18        1.000         1.000         1.000         1.000         1.000
 SCSK_19        1.000         1.000         1.000         1.000         1.000
 SCOI_20        1.000         1.000         1.000         1.000         1.000
 SCSJ_21        1.000         1.000         1.000         1.000         1.000
 SCMI_22        1.000         1.000         1.000         1.000         1.000
 SCSK_23        1.000         1.000         1.000         1.000         1.000
 SCOI_24        1.000         1.000         1.000         1.000         1.000
 SCIS_25        1.000         1.000         1.000         1.000         1.000
 SCSK_26        1.000         1.000         1.000         1.000         1.000
 PTGI_AL        1.000         1.000         1.000         1.000         1.000
 PTGI_NP        1.000         1.000         1.000         1.000         1.000
 PTGI_PS        1.000         1.000         1.000         1.000         1.000
 PTGI_SP        1.000         1.000         1.000         1.000         1.000
 PTGI_RO        1.000         1.000         1.000         1.000         1.000
 IESR_A         1.000         1.000         1.000         1.000         1.000
 IESR_I         1.000         1.000         1.000         1.000         1.000
 IESR_H         1.000         1.000         1.000         1.000         1.000
 COPE_PA        1.000         1.000         1.000         1.000         1.000
 COPE_PO        1.000         1.000         1.000         1.000         1.000
 MSPSS_FA       1.000         1.000         1.000         1.000         1.000
 MSPSS_FR       1.000         1.000         1.000         1.000         1.000
 MSPSS_SO       1.000         1.000         1.000         1.000         1.000
 NEURO_NA       1.000         1.000         1.000         1.000         1.000
 NEURO_SR       1.000         1.000         1.000         1.000         1.000
 EXTRA_PA       1.000         1.000         1.000         1.000         1.000
 EXTRA_SO       1.000         1.000         1.000         1.000         1.000
 EXTRA_AC       1.000         1.000         1.000         1.000         1.000


           Covariance Coverage
              SCOI_6        SCCH_7        SCSJ_8        SCMI_9        SCCH_10
              ________      ________      ________      ________      ________
 SCOI_6         1.000
 SCCH_7         1.000         1.000
 SCSJ_8         1.000         1.000         1.000
 SCMI_9         1.000         1.000         1.000         1.000
 SCCH_10        1.000         1.000         1.000         1.000         1.000
 SCSJ_11        1.000         1.000         1.000         1.000         1.000
 SCSK_12        1.000         1.000         1.000         1.000         1.000
 SCIS_13        1.000         1.000         1.000         1.000         1.000
 SCMI_14        1.000         1.000         1.000         1.000         1.000
 SCCH_15        1.000         1.000         1.000         1.000         1.000
 SCSJ_16        1.000         1.000         1.000         1.000         1.000
 SCMI_17        1.000         1.000         1.000         1.000         1.000
 SCIS_18        1.000         1.000         1.000         1.000         1.000
 SCSK_19        1.000         1.000         1.000         1.000         1.000
 SCOI_20        1.000         1.000         1.000         1.000         1.000
 SCSJ_21        1.000         1.000         1.000         1.000         1.000
 SCMI_22        1.000         1.000         1.000         1.000         1.000
 SCSK_23        1.000         1.000         1.000         1.000         1.000
 SCOI_24        1.000         1.000         1.000         1.000         1.000
 SCIS_25        1.000         1.000         1.000         1.000         1.000
 SCSK_26        1.000         1.000         1.000         1.000         1.000
 PTGI_AL        1.000         1.000         1.000         1.000         1.000
 PTGI_NP        1.000         1.000         1.000         1.000         1.000
 PTGI_PS        1.000         1.000         1.000         1.000         1.000
 PTGI_SP        1.000         1.000         1.000         1.000         1.000
 PTGI_RO        1.000         1.000         1.000         1.000         1.000
 IESR_A         1.000         1.000         1.000         1.000         1.000
 IESR_I         1.000         1.000         1.000         1.000         1.000
 IESR_H         1.000         1.000         1.000         1.000         1.000
 COPE_PA        1.000         1.000         1.000         1.000         1.000
 COPE_PO        1.000         1.000         1.000         1.000         1.000
 MSPSS_FA       1.000         1.000         1.000         1.000         1.000
 MSPSS_FR       1.000         1.000         1.000         1.000         1.000
 MSPSS_SO       1.000         1.000         1.000         1.000         1.000
 NEURO_NA       1.000         1.000         1.000         1.000         1.000
 NEURO_SR       1.000         1.000         1.000         1.000         1.000
 EXTRA_PA       1.000         1.000         1.000         1.000         1.000
 EXTRA_SO       1.000         1.000         1.000         1.000         1.000
 EXTRA_AC       1.000         1.000         1.000         1.000         1.000


           Covariance Coverage
              SCSJ_11       SCSK_12       SCIS_13       SCMI_14       SCCH_15
              ________      ________      ________      ________      ________
 SCSJ_11        1.000
 SCSK_12        1.000         1.000
 SCIS_13        1.000         1.000         1.000
 SCMI_14        1.000         1.000         1.000         1.000
 SCCH_15        1.000         1.000         1.000         1.000         1.000
 SCSJ_16        1.000         1.000         1.000         1.000         1.000
 SCMI_17        1.000         1.000         1.000         1.000         1.000
 SCIS_18        1.000         1.000         1.000         1.000         1.000
 SCSK_19        1.000         1.000         1.000         1.000         1.000
 SCOI_20        1.000         1.000         1.000         1.000         1.000
 SCSJ_21        1.000         1.000         1.000         1.000         1.000
 SCMI_22        1.000         1.000         1.000         1.000         1.000
 SCSK_23        1.000         1.000         1.000         1.000         1.000
 SCOI_24        1.000         1.000         1.000         1.000         1.000
 SCIS_25        1.000         1.000         1.000         1.000         1.000
 SCSK_26        1.000         1.000         1.000         1.000         1.000
 PTGI_AL        1.000         1.000         1.000         1.000         1.000
 PTGI_NP        1.000         1.000         1.000         1.000         1.000
 PTGI_PS        1.000         1.000         1.000         1.000         1.000
 PTGI_SP        1.000         1.000         1.000         1.000         1.000
 PTGI_RO        1.000         1.000         1.000         1.000         1.000
 IESR_A         1.000         1.000         1.000         1.000         1.000
 IESR_I         1.000         1.000         1.000         1.000         1.000
 IESR_H         1.000         1.000         1.000         1.000         1.000
 COPE_PA        1.000         1.000         1.000         1.000         1.000
 COPE_PO        1.000         1.000         1.000         1.000         1.000
 MSPSS_FA       1.000         1.000         1.000         1.000         1.000
 MSPSS_FR       1.000         1.000         1.000         1.000         1.000
 MSPSS_SO       1.000         1.000         1.000         1.000         1.000
 NEURO_NA       1.000         1.000         1.000         1.000         1.000
 NEURO_SR       1.000         1.000         1.000         1.000         1.000
 EXTRA_PA       1.000         1.000         1.000         1.000         1.000
 EXTRA_SO       1.000         1.000         1.000         1.000         1.000
 EXTRA_AC       1.000         1.000         1.000         1.000         1.000


           Covariance Coverage
              SCSJ_16       SCMI_17       SCIS_18       SCSK_19       SCOI_20
              ________      ________      ________      ________      ________
 SCSJ_16        1.000
 SCMI_17        1.000         1.000
 SCIS_18        1.000         1.000         1.000
 SCSK_19        1.000         1.000         1.000         1.000
 SCOI_20        1.000         1.000         1.000         1.000         1.000
 SCSJ_21        1.000         1.000         1.000         1.000         1.000
 SCMI_22        1.000         1.000         1.000         1.000         1.000
 SCSK_23        1.000         1.000         1.000         1.000         1.000
 SCOI_24        1.000         1.000         1.000         1.000         1.000
 SCIS_25        1.000         1.000         1.000         1.000         1.000
 SCSK_26        1.000         1.000         1.000         1.000         1.000
 PTGI_AL        1.000         1.000         1.000         1.000         1.000
 PTGI_NP        1.000         1.000         1.000         1.000         1.000
 PTGI_PS        1.000         1.000         1.000         1.000         1.000
 PTGI_SP        1.000         1.000         1.000         1.000         1.000
 PTGI_RO        1.000         1.000         1.000         1.000         1.000
 IESR_A         1.000         1.000         1.000         1.000         1.000
 IESR_I         1.000         1.000         1.000         1.000         1.000
 IESR_H         1.000         1.000         1.000         1.000         1.000
 COPE_PA        1.000         1.000         1.000         1.000         1.000
 COPE_PO        1.000         1.000         1.000         1.000         1.000
 MSPSS_FA       1.000         1.000         1.000         1.000         1.000
 MSPSS_FR       1.000         1.000         1.000         1.000         1.000
 MSPSS_SO       1.000         1.000         1.000         1.000         1.000
 NEURO_NA       1.000         1.000         1.000         1.000         1.000
 NEURO_SR       1.000         1.000         1.000         1.000         1.000
 EXTRA_PA       1.000         1.000         1.000         1.000         1.000
 EXTRA_SO       1.000         1.000         1.000         1.000         1.000
 EXTRA_AC       1.000         1.000         1.000         1.000         1.000


           Covariance Coverage
              SCSJ_21       SCMI_22       SCSK_23       SCOI_24       SCIS_25
              ________      ________      ________      ________      ________
 SCSJ_21        1.000
 SCMI_22        1.000         1.000
 SCSK_23        1.000         1.000         1.000
 SCOI_24        1.000         1.000         1.000         1.000
 SCIS_25        1.000         1.000         1.000         1.000         1.000
 SCSK_26        1.000         1.000         1.000         1.000         1.000
 PTGI_AL        1.000         1.000         1.000         1.000         1.000
 PTGI_NP        1.000         1.000         1.000         1.000         1.000
 PTGI_PS        1.000         1.000         1.000         1.000         1.000
 PTGI_SP        1.000         1.000         1.000         1.000         1.000
 PTGI_RO        1.000         1.000         1.000         1.000         1.000
 IESR_A         1.000         1.000         1.000         1.000         1.000
 IESR_I         1.000         1.000         1.000         1.000         1.000
 IESR_H         1.000         1.000         1.000         1.000         1.000
 COPE_PA        1.000         1.000         1.000         1.000         1.000
 COPE_PO        1.000         1.000         1.000         1.000         1.000
 MSPSS_FA       1.000         1.000         1.000         1.000         1.000
 MSPSS_FR       1.000         1.000         1.000         1.000         1.000
 MSPSS_SO       1.000         1.000         1.000         1.000         1.000
 NEURO_NA       1.000         1.000         1.000         1.000         1.000
 NEURO_SR       1.000         1.000         1.000         1.000         1.000
 EXTRA_PA       1.000         1.000         1.000         1.000         1.000
 EXTRA_SO       1.000         1.000         1.000         1.000         1.000
 EXTRA_AC       1.000         1.000         1.000         1.000         1.000


           Covariance Coverage
              SCSK_26       PTGI_AL       PTGI_NP       PTGI_PS       PTGI_SP
              ________      ________      ________      ________      ________
 SCSK_26        1.000
 PTGI_AL        1.000         1.000
 PTGI_NP        1.000         1.000         1.000
 PTGI_PS        1.000         1.000         1.000         1.000
 PTGI_SP        1.000         1.000         1.000         1.000         1.000
 PTGI_RO        1.000         1.000         1.000         1.000         1.000
 IESR_A         1.000         1.000         1.000         1.000         1.000
 IESR_I         1.000         1.000         1.000         1.000         1.000
 IESR_H         1.000         1.000         1.000         1.000         1.000
 COPE_PA        1.000         1.000         1.000         1.000         1.000
 COPE_PO        1.000         1.000         1.000         1.000         1.000
 MSPSS_FA       1.000         1.000         1.000         1.000         1.000
 MSPSS_FR       1.000         1.000         1.000         1.000         1.000
 MSPSS_SO       1.000         1.000         1.000         1.000         1.000
 NEURO_NA       1.000         1.000         1.000         1.000         1.000
 NEURO_SR       1.000         1.000         1.000         1.000         1.000
 EXTRA_PA       1.000         1.000         1.000         1.000         1.000
 EXTRA_SO       1.000         1.000         1.000         1.000         1.000
 EXTRA_AC       1.000         1.000         1.000         1.000         1.000


           Covariance Coverage
              PTGI_RO       IESR_A        IESR_I        IESR_H        COPE_PA
              ________      ________      ________      ________      ________
 PTGI_RO        1.000
 IESR_A         1.000         1.000
 IESR_I         1.000         1.000         1.000
 IESR_H         1.000         1.000         1.000         1.000
 COPE_PA        1.000         1.000         1.000         1.000         1.000
 COPE_PO        1.000         1.000         1.000         1.000         1.000
 MSPSS_FA       1.000         1.000         1.000         1.000         1.000
 MSPSS_FR       1.000         1.000         1.000         1.000         1.000
 MSPSS_SO       1.000         1.000         1.000         1.000         1.000
 NEURO_NA       1.000         1.000         1.000         1.000         1.000
 NEURO_SR       1.000         1.000         1.000         1.000         1.000
 EXTRA_PA       1.000         1.000         1.000         1.000         1.000
 EXTRA_SO       1.000         1.000         1.000         1.000         1.000
 EXTRA_AC       1.000         1.000         1.000         1.000         1.000


           Covariance Coverage
              COPE_PO       MSPSS_FA      MSPSS_FR      MSPSS_SO      NEURO_NA
              ________      ________      ________      ________      ________
 COPE_PO        1.000
 MSPSS_FA       1.000         1.000
 MSPSS_FR       1.000         1.000         1.000
 MSPSS_SO       1.000         1.000         1.000         1.000
 NEURO_NA       1.000         1.000         1.000         1.000         1.000
 NEURO_SR       1.000         1.000         1.000         1.000         1.000
 EXTRA_PA       1.000         1.000         1.000         1.000         1.000
 EXTRA_SO       1.000         1.000         1.000         1.000         1.000
 EXTRA_AC       1.000         1.000         1.000         1.000         1.000


           Covariance Coverage
              NEURO_SR      EXTRA_PA      EXTRA_SO      EXTRA_AC
              ________      ________      ________      ________
 NEURO_SR       1.000
 EXTRA_PA       1.000         1.000
 EXTRA_SO       1.000         1.000         1.000
 EXTRA_AC       1.000         1.000         1.000         1.000



UNIVARIATE SAMPLE STATISTICS


     UNIVARIATE HIGHER-ORDER MOMENT DESCRIPTIVE STATISTICS

         Variable/         Mean/     Skewness/   Minimum/ % with                Percentiles
        Sample Size      Variance    Kurtosis    Maximum  Min/Max      20%/60%    40%/80%    Median

     SCSJ_1                3.704      -0.531       1.000    3.12%       3.000      4.000      4.000
             706.000       1.123      -0.360       5.000   26.20%       4.000      5.000
     SCOI_2                2.506       0.422       1.000   29.18%       1.000      2.000      2.000
             706.000       1.692      -0.966       5.000    9.07%       3.000      4.000
     SCCH_3                3.289      -0.380       1.000    6.80%       2.000      3.000      3.000
             706.000       1.118      -0.362       5.000   11.05%       4.000      4.000
     SCIS_4                2.380       0.572       1.000   33.00%       1.000      2.000      2.000
             706.000       1.675      -0.843       5.000    8.07%       3.000      4.000
     SCSK_5                2.809       0.156       1.000   13.46%       2.000      2.000      3.000
             706.000       1.302      -0.761       5.000    7.93%       3.000      4.000
     SCOI_6                2.722       0.221       1.000   21.53%       1.000      2.000      3.000
             706.000       1.659      -1.059       5.000   10.62%       3.000      4.000
     SCCH_7                2.564       0.319       1.000   24.93%       1.000      2.000      2.000
             706.000       1.529      -0.913       5.000    7.51%       3.000      4.000
     SCSJ_8                2.888       0.013       1.000   18.56%       2.000      2.000      3.000
             706.000       1.649      -1.099       5.000   11.61%       3.000      4.000
     SCMI_9                3.524      -0.436       1.000    3.82%       3.000      3.000      4.000
             706.000       1.057      -0.277       5.000   17.28%       4.000      4.000
     SCCH_10               2.627       0.191       1.000   20.11%       1.000      2.000      3.000
             706.000       1.333      -0.829       5.000    5.52%       3.000      4.000
     SCSJ_11               2.746       0.194       1.000   18.56%       2.000      2.000      3.000
             706.000       1.535      -1.001       5.000    9.21%       3.000      4.000
     SCSK_12               2.684       0.240       1.000   15.44%       2.000      2.000      3.000
             706.000       1.259      -0.734       5.000    5.95%       3.000      4.000
     SCIS_13               2.627       0.273       1.000   26.63%       1.000      2.000      2.000
             706.000       1.763      -1.156       5.000    9.77%       3.000      4.000
     SCMI_14               3.584      -0.414       1.000    2.83%       3.000      3.000      4.000
             706.000       1.008      -0.290       5.000   18.84%       4.000      4.000
     SCCH_15               3.149      -0.146       1.000    7.93%       2.000      3.000      3.000
             706.000       1.231      -0.679       5.000   11.33%       3.000      4.000
     SCSJ_16               2.894       0.059       1.000   16.43%       2.000      2.000      3.000
             706.000       1.619      -1.116       5.000   11.61%       3.000      4.000
     SCMI_17               3.363      -0.246       1.000    3.26%       3.000      3.000      3.000
             706.000       0.965      -0.378       5.000   11.61%       4.000      4.000
     SCIS_18               2.840       0.053       1.000   18.84%       2.000      2.000      3.000
             706.000       1.613      -1.094       5.000   10.34%       3.000      4.000
     SCSK_19               2.749       0.187       1.000   14.16%       2.000      2.000      3.000
             706.000       1.245      -0.669       5.000    6.80%       3.000      4.000
     SCOI_20               2.374       0.522       1.000   28.75%       1.000      2.000      2.000
             706.000       1.401      -0.635       5.000    5.67%       3.000      3.000
     SCSJ_21               2.789       0.117       1.000   15.58%       2.000      2.000      3.000
             706.000       1.345      -0.796       5.000    7.79%       3.000      4.000
     SCMI_22               2.863       0.031       1.000   12.75%       2.000      3.000      3.000
             706.000       1.257      -0.763       5.000    7.08%       3.000      4.000
     SCSK_23               2.759       0.193       1.000   13.17%       2.000      2.000      3.000
             706.000       1.211      -0.633       5.000    6.66%       3.000      4.000
     SCOI_24               2.006       0.985       1.000   43.20%       1.000      1.000      2.000
             706.000       1.266       0.113       5.000    3.82%       2.000      3.000
     SCIS_25               2.635       0.183       1.000   28.61%       1.000      2.000      3.000
             706.000       1.779      -1.238       5.000    8.64%       3.000      4.000
     SCSK_26               2.803       0.125       1.000   10.62%       2.000      2.000      3.000
             706.000       1.096      -0.575       5.000    5.38%       3.000      4.000
     PTGI_AL               6.552       0.007       0.000   12.18%       2.000      5.000      7.000
             706.000      17.834      -1.018      15.000    2.12%       8.000     10.000
     PTGI_NP               8.458       0.417       0.000   13.31%       2.000      6.000      8.000
             706.000      39.951      -0.722      25.000    0.42%      10.000     15.000
     PTGI_PS              10.025      -0.269       0.000    6.09%       5.000      9.000     11.000
             706.000      28.325      -0.862      20.000    2.12%      12.000     15.000
     PTGI_SP               1.210       1.956       0.000   64.02%       0.000      0.000      0.000
             706.000       4.429       3.359      10.000    0.71%       0.000      2.000
     PTGI_RO              13.979       0.132       0.000    8.50%       4.000     11.000     14.000
             706.000      85.817      -1.032      35.000    0.85%      17.000     23.000
     IESR_A                6.414       0.957       0.000   13.60%       1.000      4.000      5.000
             706.000      29.716       0.483      27.000    0.14%       7.000     11.000
     IESR_I                8.477       0.901       0.000    9.21%       2.000      5.000      7.000
             706.000      51.334       0.079      32.000    0.28%       9.000     14.000
     IESR_H                3.285       1.750       0.000   37.82%       0.000      1.000      1.000
             706.000      19.702       2.838      24.000    0.14%       2.000      6.000
     COPE_PA              33.990      -0.137      18.000    0.14%      30.000     33.000     34.000
             706.000      23.341       0.015      47.000    0.42%      35.000     38.000
     COPE_PO              33.892      -0.171      17.000    0.14%      29.000     33.000     34.000
             706.000      30.306      -0.105      48.000    0.14%      35.000     38.000
     MSPSS_FA             18.555      -0.919       4.000    0.99%      14.000     19.000     20.000
             706.000      27.655      -0.044      24.000   22.52%      21.000     24.000
     MSPSS_FR             18.278      -0.822       4.000    1.42%      14.000     18.000     20.000
             706.000      24.824       0.042      24.000   19.41%      20.000     23.000
     MSPSS_SO             19.527      -1.170       4.000    0.99%      16.000     20.000     21.000
             706.000      24.652       0.689      24.000   33.71%      22.000     24.000
     NEURO_NA              9.195       0.080       0.000    0.99%       6.000      8.000      9.000
             706.000      15.894      -0.324      20.000    0.42%      10.000     13.000
     NEURO_SR              9.802       0.467       0.000    2.41%       4.000      7.000      9.000
             706.000      32.989      -0.333      28.000    0.14%      11.000     15.000
     EXTRA_PA             10.392      -0.245       1.000    0.14%       8.000     10.000     11.000
             706.000       8.825      -0.349      16.000    3.54%      11.000     13.000
     EXTRA_SO             11.000      -0.591       0.000    0.28%       9.000     11.000     11.000
             706.000       8.159       0.283      16.000    3.68%      12.000     13.000
     EXTRA_AC             11.776      -0.673       2.000    0.42%       9.000     11.000     12.000
             706.000       7.868       0.275      16.000    6.37%      13.000     14.000


THE MODEL ESTIMATION TERMINATED NORMALLY



MODEL FIT INFORMATION

Number of Free Parameters                      218

Loglikelihood

          H0 Value                      -58721.178
          H0 Scaling Correction Factor      1.1466
            for MLR
          H1 Value                      -57728.867
          H1 Scaling Correction Factor      1.1015
            for MLR

Information Criteria

          Akaike (AIC)                  117878.355
          Bayesian (BIC)                118872.352
          Sample-Size Adjusted BIC      118180.153
            (n* = (n + 2) / 24)

Chi-Square Test of Model Fit

          Value                           1821.591*
          Degrees of Freedom                   816
          P-Value                           0.0000
          Scaling Correction Factor         1.0895
            for MLR

*   The chi-square value for MLM, MLMV, MLR, ULSMV, WLSM and WLSMV cannot be used
    for chi-square difference testing in the regular way.  MLM, MLR and WLSM
    chi-square difference testing is described on the Mplus website.  MLMV, WLSMV,
    and ULSMV difference testing is done using the DIFFTEST option.

RMSEA (Root Mean Square Error Of Approximation)

          Estimate                           0.042
          90 Percent C.I.                    0.039  0.044
          Probability RMSEA <= .05           1.000

CFI/TLI

          CFI                                0.930
          TLI                                0.919

Chi-Square Test of Model Fit for the Baseline Model

          Value                          15289.423
          Degrees of Freedom                   946
          P-Value                           0.0000

SRMR (Standardized Root Mean Square Residual)

          Value                              0.040



MODEL RESULTS

                                                    Two-Tailed
                    Estimate       S.E.  Est./S.E.    P-Value

 G        BY
    SCSK_5            -0.338      0.076     -4.475      0.000
    SCSK_12           -0.337      0.080     -4.227      0.000
    SCSK_19           -0.390      0.081     -4.836      0.000
    SCSK_23           -0.550      0.078     -7.050      0.000
    SCSK_26           -0.546      0.063     -8.659      0.000
    SCSJ_1             0.459      0.055      8.394      0.000
    SCSJ_8             0.636      0.085      7.455      0.000
    SCSJ_11            0.627      0.080      7.826      0.000
    SCSJ_16            0.578      0.090      6.456      0.000
    SCSJ_21            0.475      0.065      7.354      0.000
    SCCH_3             0.131      0.060      2.161      0.031
    SCCH_7            -0.125      0.071     -1.760      0.078
    SCCH_10           -0.046      0.076     -0.611      0.541
    SCCH_15           -0.167      0.085     -1.954      0.051
    SCIS_4             0.281      0.116      2.420      0.016
    SCIS_13            0.159      0.113      1.410      0.158
    SCIS_18            0.197      0.105      1.872      0.061
    SCIS_25            0.338      0.111      3.038      0.002
    SCMI_9             0.241      0.080      3.025      0.002
    SCMI_14            0.172      0.097      1.770      0.077
    SCMI_17            0.019      0.097      0.194      0.846
    SCMI_22           -0.195      0.092     -2.118      0.034
    SCOI_2             0.312      0.118      2.641      0.008
    SCOI_6             0.354      0.110      3.213      0.001
    SCOI_20           -0.010      0.096     -0.109      0.913
    SCOI_24            0.037      0.094      0.388      0.698

 P        BY
    SCSK_5             0.563      0.053     10.662      0.000
    SCSK_12            0.582      0.050     11.663      0.000
    SCSK_19            0.631      0.053     11.805      0.000
    SCSK_23            0.540      0.061      8.887      0.000
    SCSK_26            0.562      0.060      9.318      0.000
    SCSJ_1             0.112      0.042      2.651      0.008
    SCSJ_8             0.086      0.041      2.087      0.037
    SCSJ_11            0.069      0.046      1.491      0.136
    SCSJ_16            0.001      0.041      0.019      0.985
    SCSJ_21            0.098      0.043      2.300      0.021
    SCCH_3             0.435      0.050      8.752      0.000
    SCCH_7             0.432      0.052      8.343      0.000
    SCCH_10            0.542      0.045     11.962      0.000
    SCCH_15            0.694      0.039     17.874      0.000
    SCIS_4            -0.152      0.037     -4.065      0.000
    SCIS_13           -0.164      0.039     -4.224      0.000
    SCIS_18           -0.075      0.039     -1.952      0.051
    SCIS_25           -0.133      0.039     -3.388      0.001
    SCMI_9             0.583      0.044     13.185      0.000
    SCMI_14            0.600      0.044     13.695      0.000
    SCMI_17            0.636      0.036     17.543      0.000
    SCMI_22            0.677      0.041     16.685      0.000
    SCOI_2            -0.154      0.034     -4.533      0.000
    SCOI_6            -0.094      0.038     -2.467      0.014
    SCOI_20           -0.084      0.044     -1.923      0.054
    SCOI_24           -0.147      0.038     -3.825      0.000

 N        BY
    SCSK_5             0.121      0.041      2.939      0.003
    SCSK_12           -0.059      0.037     -1.576      0.115
    SCSK_19           -0.083      0.040     -2.084      0.037
    SCSK_23           -0.151      0.053     -2.816      0.005
    SCSK_26            0.016      0.053      0.308      0.758
    SCSJ_1             0.335      0.057      5.837      0.000
    SCSJ_8             0.592      0.080      7.434      0.000
    SCSJ_11            0.545      0.078      6.999      0.000
    SCSJ_16            0.599      0.072      8.269      0.000
    SCSJ_21            0.423      0.060      7.033      0.000
    SCCH_3             0.085      0.041      2.089      0.037
    SCCH_7             0.284      0.036      7.945      0.000
    SCCH_10            0.132      0.038      3.521      0.000
    SCCH_15           -0.059      0.033     -1.807      0.071
    SCIS_4             0.820      0.044     18.463      0.000
    SCIS_13            0.759      0.038     20.026      0.000
    SCIS_18            0.761      0.042     18.242      0.000
    SCIS_25            0.784      0.050     15.691      0.000
    SCMI_9            -0.107      0.039     -2.767      0.006
    SCMI_14           -0.289      0.035     -8.274      0.000
    SCMI_17           -0.266      0.028     -9.619      0.000
    SCMI_22           -0.109      0.034     -3.229      0.001
    SCOI_2             0.848      0.045     18.721      0.000
    SCOI_6             0.803      0.050     16.120      0.000
    SCOI_20            0.668      0.033     20.282      0.000
    SCOI_24            0.621      0.033     18.852      0.000

 PTGI     BY
    PTGI_AL            1.000      0.000    999.000    999.000
    PTGI_NP            1.710      0.051     33.750      0.000
    PTGI_PS            1.235      0.044     28.067      0.000
    PTGI_SP            0.320      0.025     12.613      0.000
    PTGI_RO            2.352      0.072     32.600      0.000

 IESR     BY
    IESR_A             1.000      0.000    999.000    999.000
    IESR_I             1.460      0.064     22.866      0.000
    IESR_H             0.907      0.042     21.692      0.000

 COPE     BY
    COPE_PA            1.000      0.000    999.000    999.000
    COPE_PO            1.176      0.132      8.941      0.000

 MSPSS    BY
    MSPSS_FA           1.000      0.000    999.000    999.000
    MSPSS_FR           1.036      0.077     13.375      0.000
    MSPSS_SO           1.039      0.068     15.312      0.000

 NEURO    BY
    NEURO_NA           1.000      0.000    999.000    999.000
    NEURO_SR           1.779      0.084     21.308      0.000

 EXTRA    BY
    EXTRA_PA           1.000      0.000    999.000    999.000
    EXTRA_SO           1.032      0.075     13.847      0.000
    EXTRA_AC           0.846      0.071     11.881      0.000

 COPE     ON
    PTGI               0.117      0.048      2.457      0.014
    IESR              -0.012      0.047     -0.253      0.801
    G                  0.474      0.276      1.718      0.086
    P                  2.159      0.225      9.601      0.000
    N                 -0.190      0.183     -1.040      0.298

 MSPSS    ON
    PTGI               0.165      0.053      3.108      0.002
    IESR               0.017      0.047      0.364      0.716
    G                 -0.821      0.225     -3.646      0.000
    P                  0.372      0.206      1.801      0.072
    N                 -0.408      0.192     -2.122      0.034

 NEURO    ON
    PTGI              -0.034      0.026     -1.307      0.191
    IESR               0.020      0.028      0.701      0.483
    G                  0.389      0.298      1.303      0.192
    P                 -0.844      0.109     -7.711      0.000
    N                  1.857      0.125     14.876      0.000

 EXTRA    ON
    PTGI               0.127      0.025      5.036      0.000
    IESR               0.060      0.028      2.146      0.032
    G                 -0.527      0.157     -3.346      0.001
    P                  0.295      0.102      2.882      0.004
    N                 -0.834      0.113     -7.402      0.000

 G        ON
    PTGI              -0.056      0.018     -3.174      0.002
    IESR               0.017      0.021      0.811      0.418

 P        ON
    PTGI               0.063      0.015      4.152      0.000
    IESR              -0.025      0.013     -1.935      0.053

 N        ON
    PTGI              -0.003      0.016     -0.215      0.830
    IESR               0.149      0.014     10.723      0.000

 P        WITH
    G                  0.000      0.000    999.000    999.000

 N        WITH
    G                  0.000      0.000    999.000    999.000
    P                  0.000      0.000    999.000    999.000

 IESR     WITH
    PTGI               4.172      0.676      6.175      0.000

 MSPSS    WITH
    COPE               1.808      0.549      3.291      0.001

 NEURO    WITH
    COPE              -0.829      0.312     -2.654      0.008
    MSPSS             -0.848      0.343     -2.475      0.013

 EXTRA    WITH
    COPE               1.036      0.293      3.542      0.000
    MSPSS              2.123      0.329      6.454      0.000
    NEURO             -1.284      0.210     -6.117      0.000

 SCCH_10  WITH
    SCCH_7             0.505      0.053      9.481      0.000

 SCIS_18  WITH
    SCIS_13            0.367      0.040      9.197      0.000

 SCSK_12  WITH
    SCSK_19            0.245      0.036      6.826      0.000
    SCSK_5             0.192      0.038      5.111      0.000

 Intercepts
    SCSJ_1             3.704      0.040     92.854      0.000
    SCOI_2             2.506      0.049     51.185      0.000
    SCCH_3             3.289      0.040     82.663      0.000
    SCIS_4             2.380      0.049     48.860      0.000
    SCSK_5             2.809      0.043     65.407      0.000
    SCOI_6             2.722      0.048     56.152      0.000
    SCCH_7             2.564      0.047     55.086      0.000
    SCSJ_8             2.888      0.048     59.760      0.000
    SCMI_9             3.524      0.039     91.087      0.000
    SCCH_10            2.627      0.043     60.470      0.000
    SCSJ_11            2.746      0.047     58.903      0.000
    SCSK_12            2.684      0.042     63.572      0.000
    SCIS_13            2.627      0.050     52.572      0.000
    SCMI_14            3.584      0.038     94.844      0.000
    SCCH_15            3.149      0.042     75.393      0.000
    SCSJ_16            2.894      0.048     60.428      0.000
    SCMI_17            3.363      0.037     90.960      0.000
    SCIS_18            2.840      0.048     59.411      0.000
    SCSK_19            2.749      0.042     65.482      0.000
    SCOI_20            2.374      0.045     53.286      0.000
    SCSJ_21            2.789      0.044     63.898      0.000
    SCMI_22            2.863      0.042     67.833      0.000
    SCSK_23            2.759      0.041     66.618      0.000
    SCOI_24            2.006      0.042     47.359      0.000
    SCIS_25            2.635      0.050     52.489      0.000
    SCSK_26            2.803      0.039     71.151      0.000
    PTGI_AL            6.552      0.159     41.227      0.000
    PTGI_NP            8.458      0.238     35.553      0.000
    PTGI_PS           10.025      0.200     50.052      0.000
    PTGI_SP            1.210      0.079     15.272      0.000
    PTGI_RO           13.979      0.349     40.094      0.000
    IESR_A             6.414      0.205     31.262      0.000
    IESR_I             8.477      0.270     31.438      0.000
    IESR_H             3.285      0.167     19.663      0.000
    COPE_PA           33.990      0.182    186.936      0.000
    COPE_PO           33.892      0.207    163.584      0.000
    MSPSS_FA          18.555      0.198     93.753      0.000
    MSPSS_FR          18.278      0.188     97.474      0.000
    MSPSS_SO          19.527      0.187    104.499      0.000
    NEURO_NA           9.195      0.150     61.286      0.000
    NEURO_SR           9.802      0.216     45.344      0.000
    EXTRA_PA          10.392      0.112     92.953      0.000
    EXTRA_SO          11.000      0.107    102.326      0.000
    EXTRA_AC          11.776      0.106    111.553      0.000

 Variances
    PTGI              12.137      0.727     16.700      0.000
    IESR              18.671      1.723     10.839      0.000

 Residual Variances
    SCSJ_1             0.736      0.042     17.332      0.000
    SCOI_2             0.531      0.040     13.169      0.000
    SCCH_3             0.898      0.058     15.458      0.000
    SCIS_4             0.602      0.045     13.421      0.000
    SCSK_5             0.822      0.060     13.749      0.000
    SCOI_6             0.597      0.037     15.997      0.000
    SCCH_7             1.209      0.059     20.556      0.000
    SCSJ_8             0.726      0.052     13.909      0.000
    SCMI_9             0.633      0.048     13.312      0.000
    SCCH_10            1.001      0.053     18.754      0.000
    SCSJ_11            0.700      0.051     13.699      0.000
    SCSK_12            0.726      0.044     16.553      0.000
    SCIS_13            0.882      0.051     17.355      0.000
    SCMI_14            0.481      0.044     10.997      0.000
    SCCH_15            0.680      0.047     14.448      0.000
    SCSJ_16            0.756      0.052     14.581      0.000
    SCMI_17            0.431      0.037     11.674      0.000
    SCIS_18            0.741      0.048     15.482      0.000
    SCSK_19            0.636      0.051     12.544      0.000
    SCOI_20            0.762      0.057     13.452      0.000
    SCSJ_21            0.850      0.048     17.887      0.000
    SCMI_22            0.705      0.046     15.460      0.000
    SCSK_23            0.529      0.055      9.602      0.000
    SCOI_24            0.692      0.045     15.261      0.000
    SCIS_25            0.757      0.051     14.741      0.000
    SCSK_26            0.433      0.048      8.978      0.000
    PTGI_AL            5.697      0.402     14.183      0.000
    PTGI_NP            4.441      0.583      7.620      0.000
    PTGI_PS            9.802      0.642     15.256      0.000
    PTGI_SP            3.188      0.248     12.878      0.000
    PTGI_RO           18.655      1.798     10.376      0.000
    IESR_A            11.045      0.833     13.261      0.000
    IESR_I            11.537      1.385      8.327      0.000
    IESR_H             4.358      0.447      9.750      0.000
    COPE_PA           12.150      1.255      9.680      0.000
    COPE_PO           14.819      1.769      8.378      0.000
    MSPSS_FA          15.455      1.408     10.978      0.000
    MSPSS_FR          11.736      1.400      8.385      0.000
    MSPSS_SO          11.482      1.160      9.901      0.000
    NEURO_NA           7.537      0.484     15.565      0.000
    NEURO_SR           6.528      1.060      6.156      0.000
    EXTRA_PA           4.793      0.350     13.681      0.000
    EXTRA_SO           3.864      0.337     11.449      0.000
    EXTRA_AC           4.983      0.368     13.545      0.000
    G                  1.000      0.000    999.000    999.000
    P                  1.000      0.000    999.000    999.000
    N                  1.000      0.000    999.000    999.000
    COPE               5.665      0.969      5.847      0.000
    MSPSS             10.596      1.260      8.406      0.000
    NEURO              2.231      0.337      6.627      0.000
    EXTRA              2.585      0.322      8.038      0.000


QUALITY OF NUMERICAL RESULTS

     Condition Number for the Information Matrix              0.206E-03
       (ratio of smallest to largest eigenvalue)


STANDARDIZED MODEL RESULTS


STDYX Standardization

                                                    Two-Tailed
                    Estimate       S.E.  Est./S.E.    P-Value

 G        BY
    SCSK_5            -0.301      0.068     -4.432      0.000
    SCSK_12           -0.311      0.074     -4.222      0.000
    SCSK_19           -0.356      0.075     -4.775      0.000
    SCSK_23           -0.508      0.071     -7.135      0.000
    SCSK_26           -0.530      0.060     -8.819      0.000
    SCSJ_1             0.441      0.050      8.831      0.000
    SCSJ_8             0.504      0.067      7.560      0.000
    SCSJ_11            0.515      0.064      8.044      0.000
    SCSJ_16            0.462      0.070      6.628      0.000
    SCSJ_21            0.417      0.055      7.570      0.000
    SCCH_3             0.126      0.058      2.178      0.029
    SCCH_7            -0.103      0.059     -1.757      0.079
    SCCH_10           -0.041      0.067     -0.609      0.543
    SCCH_15           -0.153      0.078     -1.954      0.051
    SCIS_4             0.221      0.091      2.429      0.015
    SCIS_13            0.122      0.086      1.409      0.159
    SCIS_18            0.158      0.084      1.871      0.061
    SCIS_25            0.258      0.086      3.020      0.003
    SCMI_9             0.238      0.077      3.090      0.002
    SCMI_14            0.175      0.098      1.777      0.076
    SCMI_17            0.020      0.101      0.195      0.846
    SCMI_22           -0.177      0.084     -2.104      0.035
    SCOI_2             0.244      0.092      2.641      0.008
    SCOI_6             0.279      0.087      3.209      0.001
    SCOI_20           -0.009      0.083     -0.109      0.913
    SCOI_24            0.033      0.085      0.388      0.698

 P        BY
    SCSK_5             0.504      0.046     10.900      0.000
    SCSK_12            0.539      0.044     12.169      0.000
    SCSK_19            0.579      0.048     12.151      0.000
    SCSK_23            0.502      0.057      8.835      0.000
    SCSK_26            0.549      0.059      9.253      0.000
    SCSJ_1             0.108      0.040      2.675      0.007
    SCSJ_8             0.068      0.032      2.101      0.036
    SCSJ_11            0.057      0.038      1.496      0.135
    SCSJ_16            0.001      0.033      0.019      0.985
    SCSJ_21            0.087      0.037      2.321      0.020
    SCCH_3             0.421      0.046      9.247      0.000
    SCCH_7             0.358      0.041      8.680      0.000
    SCCH_10            0.481      0.037     12.883      0.000
    SCCH_15            0.640      0.031     20.395      0.000
    SCIS_4            -0.120      0.030     -4.036      0.000
    SCIS_13           -0.127      0.030     -4.230      0.000
    SCIS_18           -0.061      0.031     -1.953      0.051
    SCIS_25           -0.102      0.030     -3.366      0.001
    SCMI_9             0.580      0.037     15.496      0.000
    SCMI_14            0.612      0.037     16.540      0.000
    SCMI_17            0.662      0.030     22.255      0.000
    SCMI_22            0.618      0.034     18.288      0.000
    SCOI_2            -0.121      0.027     -4.477      0.000
    SCOI_6            -0.075      0.030     -2.462      0.014
    SCOI_20           -0.073      0.038     -1.932      0.053
    SCOI_24           -0.133      0.034     -3.865      0.000

 N        BY
    SCSK_5             0.126      0.043      2.954      0.003
    SCSK_12           -0.063      0.040     -1.580      0.114
    SCSK_19           -0.088      0.043     -2.071      0.038
    SCSK_23           -0.162      0.059     -2.773      0.006
    SCSK_26            0.019      0.061      0.309      0.758
    SCSJ_1             0.375      0.064      5.894      0.000
    SCSJ_8             0.547      0.074      7.409      0.000
    SCSJ_11            0.522      0.075      6.983      0.000
    SCSJ_16            0.559      0.068      8.221      0.000
    SCSJ_21            0.433      0.061      7.047      0.000
    SCCH_3             0.096      0.046      2.085      0.037
    SCCH_7             0.272      0.034      8.111      0.000
    SCCH_10            0.136      0.039      3.478      0.001
    SCCH_15           -0.063      0.035     -1.805      0.071
    SCIS_4             0.752      0.033     22.574      0.000
    SCIS_13            0.679      0.027     24.784      0.000
    SCIS_18            0.711      0.031     22.880      0.000
    SCIS_25            0.698      0.040     17.611      0.000
    SCMI_9            -0.124      0.045     -2.756      0.006
    SCMI_14           -0.342      0.040     -8.654      0.000
    SCMI_17           -0.322      0.032     -9.918      0.000
    SCMI_22           -0.116      0.036     -3.235      0.001
    SCOI_2             0.774      0.037     20.718      0.000
    SCOI_6             0.740      0.041     18.110      0.000
    SCOI_20            0.670      0.027     24.391      0.000
    SCOI_24            0.655      0.026     24.758      0.000

 PTGI     BY
    PTGI_AL            0.825      0.015     56.841      0.000
    PTGI_NP            0.943      0.008    121.969      0.000
    PTGI_PS            0.809      0.015     53.816      0.000
    PTGI_SP            0.529      0.025     21.019      0.000
    PTGI_RO            0.885      0.013     70.760      0.000

 IESR     BY
    IESR_A             0.793      0.019     41.397      0.000
    IESR_I             0.880      0.016     55.014      0.000
    IESR_H             0.882      0.014     62.230      0.000

 COPE     BY
    COPE_PA            0.692      0.040     17.451      0.000
    COPE_PO            0.715      0.042     17.088      0.000

 MSPSS    BY
    MSPSS_FA           0.664      0.034     19.795      0.000
    MSPSS_FR           0.726      0.035     20.496      0.000
    MSPSS_SO           0.731      0.033     21.831      0.000

 NEURO    BY
    NEURO_NA           0.725      0.023     31.792      0.000
    NEURO_SR           0.896      0.018     49.103      0.000

 EXTRA    BY
    EXTRA_PA           0.676      0.029     23.219      0.000
    EXTRA_SO           0.726      0.030     24.050      0.000
    EXTRA_AC           0.605      0.035     17.333      0.000

 COPE     ON
    PTGI               0.122      0.050      2.447      0.014
    IESR              -0.015      0.060     -0.254      0.800
    G                  0.144      0.085      1.690      0.091
    P                  0.660      0.042     15.798      0.000
    N                 -0.067      0.066     -1.015      0.310

 MSPSS    ON
    PTGI               0.164      0.052      3.174      0.002
    IESR               0.021      0.058      0.366      0.714
    G                 -0.239      0.063     -3.797      0.000
    P                  0.109      0.061      1.784      0.074
    N                 -0.139      0.064     -2.173      0.030

 NEURO    ON
    PTGI              -0.041      0.032     -1.302      0.193
    IESR               0.030      0.042      0.703      0.482
    G                  0.137      0.105      1.305      0.192
    P                 -0.299      0.035     -8.504      0.000
    N                  0.763      0.038     19.939      0.000

 EXTRA    ON
    PTGI               0.220      0.043      5.112      0.000
    IESR               0.128      0.060      2.135      0.033
    G                 -0.267      0.079     -3.380      0.001
    P                  0.150      0.051      2.950      0.003
    N                 -0.493      0.061     -8.130      0.000

 G        ON
    PTGI              -0.192      0.058     -3.287      0.001
    IESR               0.073      0.089      0.814      0.416

 P        ON
    PTGI               0.214      0.049      4.345      0.000
    IESR              -0.107      0.054     -1.992      0.046

 N        ON
    PTGI              -0.010      0.046     -0.215      0.830
    IESR               0.542      0.038     14.412      0.000

 P        WITH
    G                  0.000      0.000    999.000    999.000

 N        WITH
    G                  0.000      0.000    999.000    999.000
    P                  0.000      0.000    999.000    999.000

 IESR     WITH
    PTGI               0.277      0.042      6.530      0.000

 MSPSS    WITH
    COPE               0.233      0.069      3.393      0.001

 NEURO    WITH
    COPE              -0.233      0.088     -2.662      0.008
    MSPSS             -0.175      0.069     -2.515      0.012

 EXTRA    WITH
    COPE               0.271      0.082      3.301      0.001
    MSPSS              0.406      0.054      7.480      0.000
    NEURO             -0.535      0.068     -7.875      0.000

 SCCH_10  WITH
    SCCH_7             0.459      0.037     12.553      0.000

 SCIS_18  WITH
    SCIS_13            0.454      0.037     12.397      0.000

 SCSK_12  WITH
    SCSK_19            0.360      0.045      8.006      0.000
    SCSK_5             0.248      0.044      5.704      0.000

 Intercepts
    SCSJ_1             3.495      0.106     33.117      0.000
    SCOI_2             1.926      0.040     47.812      0.000
    SCCH_3             3.111      0.093     33.346      0.000
    SCIS_4             1.839      0.036     50.763      0.000
    SCSK_5             2.462      0.059     41.421      0.000
    SCOI_6             2.113      0.047     44.609      0.000
    SCCH_7             2.073      0.046     44.865      0.000
    SCSJ_8             2.249      0.055     41.126      0.000
    SCMI_9             3.428      0.103     33.134      0.000
    SCCH_10            2.276      0.054     41.911      0.000
    SCSJ_11            2.217      0.050     43.944      0.000
    SCSK_12            2.428      0.058     41.550      0.000
    SCIS_13            1.979      0.043     46.352      0.000
    SCMI_14            3.569      0.106     33.691      0.000
    SCCH_15            2.837      0.076     37.347      0.000
    SCSJ_16            2.274      0.053     42.643      0.000
    SCMI_17            3.423      0.097     35.421      0.000
    SCIS_18            2.236      0.053     41.861      0.000
    SCSK_19            2.464      0.060     40.924      0.000
    SCOI_20            2.005      0.043     46.289      0.000
    SCSJ_21            2.405      0.059     40.747      0.000
    SCMI_22            2.553      0.065     39.579      0.000
    SCSK_23            2.507      0.061     40.814      0.000
    SCOI_24            1.782      0.036     49.314      0.000
    SCIS_25            1.975      0.044     44.657      0.000
    SCSK_26            2.678      0.068     39.654      0.000
    PTGI_AL            1.552      0.047     32.790      0.000
    PTGI_NP            1.338      0.038     35.318      0.000
    PTGI_PS            1.884      0.060     31.554      0.000
    PTGI_SP            0.575      0.021     27.079      0.000
    PTGI_RO            1.509      0.044     34.485      0.000
    IESR_A             1.177      0.032     36.506      0.000
    IESR_I             1.183      0.031     38.661      0.000
    IESR_H             0.740      0.023     32.451      0.000
    COPE_PA            7.035      0.195     36.044      0.000
    COPE_PO            6.157      0.168     36.565      0.000
    MSPSS_FA           3.528      0.121     29.167      0.000
    MSPSS_FR           3.668      0.124     29.540      0.000
    MSPSS_SO           3.933      0.151     26.123      0.000
    NEURO_NA           2.307      0.066     35.128      0.000
    NEURO_SR           1.707      0.045     38.091      0.000
    EXTRA_PA           3.498      0.099     35.364      0.000
    EXTRA_SO           3.851      0.129     29.862      0.000
    EXTRA_AC           4.198      0.140     29.973      0.000

 Variances
    PTGI               1.000      0.000    999.000    999.000
    IESR               1.000      0.000    999.000    999.000

 Residual Variances
    SCSJ_1             0.655      0.034     19.499      0.000
    SCOI_2             0.314      0.025     12.713      0.000
    SCCH_3             0.804      0.037     21.503      0.000
    SCIS_4             0.359      0.028     12.664      0.000
    SCSK_5             0.631      0.044     14.201      0.000
    SCOI_6             0.360      0.025     14.558      0.000
    SCCH_7             0.791      0.032     24.803      0.000
    SCSJ_8             0.441      0.033     13.317      0.000
    SCMI_9             0.599      0.042     14.245      0.000
    SCCH_10            0.751      0.034     21.973      0.000
    SCSJ_11            0.456      0.035     13.141      0.000
    SCSK_12            0.594      0.038     15.835      0.000
    SCIS_13            0.500      0.030     16.887      0.000
    SCMI_14            0.477      0.043     11.105      0.000
    SCCH_15            0.553      0.036     15.516      0.000
    SCSJ_16            0.467      0.033     14.187      0.000
    SCMI_17            0.447      0.038     11.741      0.000
    SCIS_18            0.459      0.031     14.824      0.000
    SCSK_19            0.511      0.040     12.840      0.000
    SCOI_20            0.544      0.038     14.320      0.000
    SCSJ_21            0.632      0.033     18.938      0.000
    SCMI_22            0.561      0.035     15.982      0.000
    SCSK_23            0.436      0.044      9.920      0.000
    SCOI_24            0.546      0.034     16.238      0.000
    SCIS_25            0.426      0.029     14.564      0.000
    SCSK_26            0.395      0.044      9.037      0.000
    PTGI_AL            0.319      0.024     13.340      0.000
    PTGI_NP            0.111      0.015      7.627      0.000
    PTGI_PS            0.346      0.024     14.239      0.000
    PTGI_SP            0.720      0.027     26.996      0.000
    PTGI_RO            0.217      0.022      9.827      0.000
    IESR_A             0.372      0.030     12.244      0.000
    IESR_I             0.225      0.028      7.975      0.000
    IESR_H             0.221      0.025      8.838      0.000
    COPE_PA            0.521      0.055      9.473      0.000
    COPE_PO            0.489      0.060      8.176      0.000
    MSPSS_FA           0.559      0.045     12.538      0.000
    MSPSS_FR           0.473      0.051      9.189      0.000
    MSPSS_SO           0.466      0.049      9.516      0.000
    NEURO_NA           0.474      0.033     14.337      0.000
    NEURO_SR           0.198      0.033      6.057      0.000
    EXTRA_PA           0.543      0.039     13.800      0.000
    EXTRA_SO           0.474      0.044     10.818      0.000
    EXTRA_AC           0.633      0.042     14.973      0.000
    G                  0.966      0.021     46.071      0.000
    P                  0.955      0.021     46.087      0.000
    N                  0.709      0.038     18.690      0.000
    COPE               0.506      0.053      9.617      0.000
    MSPSS              0.868      0.036     24.212      0.000
    NEURO              0.267      0.035      7.633      0.000
    EXTRA              0.641      0.039     16.430      0.000


R-SQUARE

    Observed                                        Two-Tailed
    Variable        Estimate       S.E.  Est./S.E.    P-Value

    SCSJ_1             0.345      0.034     10.254      0.000
    SCOI_2             0.686      0.025     27.768      0.000
    SCCH_3             0.196      0.037      5.248      0.000
    SCIS_4             0.641      0.028     22.574      0.000
    SCSK_5             0.369      0.044      8.291      0.000
    SCOI_6             0.640      0.025     25.925      0.000
    SCCH_7             0.209      0.032      6.571      0.000
    SCSJ_8             0.559      0.033     16.914      0.000
    SCMI_9             0.401      0.042      9.529      0.000
    SCCH_10            0.249      0.034      7.282      0.000
    SCSJ_11            0.544      0.035     15.669      0.000
    SCSK_12            0.406      0.038     10.823      0.000
    SCIS_13            0.500      0.030     16.865      0.000
    SCMI_14            0.523      0.043     12.186      0.000
    SCCH_15            0.447      0.036     12.564      0.000
    SCSJ_16            0.533      0.033     16.181      0.000
    SCMI_17            0.553      0.038     14.514      0.000
    SCIS_18            0.541      0.031     17.447      0.000
    SCSK_19            0.489      0.040     12.275      0.000
    SCOI_20            0.456      0.038     12.013      0.000
    SCSJ_21            0.368      0.033     11.039      0.000
    SCMI_22            0.439      0.035     12.510      0.000
    SCSK_23            0.564      0.044     12.812      0.000
    SCOI_24            0.454      0.034     13.485      0.000
    SCIS_25            0.574      0.029     19.647      0.000
    SCSK_26            0.605      0.044     13.839      0.000
    PTGI_AL            0.681      0.024     28.420      0.000
    PTGI_NP            0.889      0.015     60.985      0.000
    PTGI_PS            0.654      0.024     26.908      0.000
    PTGI_SP            0.280      0.027     10.509      0.000
    PTGI_RO            0.783      0.022     35.380      0.000
    IESR_A             0.628      0.030     20.699      0.000
    IESR_I             0.775      0.028     27.507      0.000
    IESR_H             0.779      0.025     31.115      0.000
    COPE_PA            0.479      0.055      8.725      0.000
    COPE_PO            0.511      0.060      8.544      0.000
    MSPSS_FA           0.441      0.045      9.898      0.000
    MSPSS_FR           0.527      0.051     10.248      0.000
    MSPSS_SO           0.534      0.049     10.916      0.000
    NEURO_NA           0.526      0.033     15.896      0.000
    NEURO_SR           0.802      0.033     24.552      0.000
    EXTRA_PA           0.457      0.039     11.609      0.000
    EXTRA_SO           0.526      0.044     12.025      0.000
    EXTRA_AC           0.367      0.042      8.666      0.000

     Latent                                         Two-Tailed
    Variable        Estimate       S.E.  Est./S.E.    P-Value

    G                  0.034      0.021      1.640      0.101
    P                  0.045      0.021      2.158      0.031
    N                  0.291      0.038      7.657      0.000
    COPE               0.494      0.053      9.380      0.000
    MSPSS              0.132      0.036      3.666      0.000
    NEURO              0.733      0.035     20.959      0.000
    EXTRA              0.359      0.039      9.198      0.000


MODEL MODIFICATION INDICES

Minimum M.I. value for printing the modification index    10.000

                                   M.I.     E.P.C.  Std E.P.C.  StdYX E.P.C.

ON/BY Statements

SCOI_2   ON NEURO    /
NEURO    BY SCOI_2                11.339     0.096      0.278        0.214
SCIS_4   ON IESR     /
IESR     BY SCIS_4                10.324    -0.032     -0.138       -0.106
SCIS_4   ON MSPSS    /
MSPSS    BY SCIS_4                26.040    -0.059     -0.206       -0.159
SCIS_4   ON NEURO    /
NEURO    BY SCIS_4                10.359     0.096      0.278        0.215
SCIS_4   ON EXTRA    /
EXTRA    BY SCIS_4                24.992    -0.118     -0.236       -0.183
SCSK_5   ON NEURO    /
NEURO    BY SCSK_5                13.158    -0.117     -0.338       -0.296
SCSK_5   ON EXTRA    /
EXTRA    BY SCSK_5                18.226     0.110      0.221        0.194
SCMI_14  ON PTGI     /
PTGI     BY SCMI_14               11.057    -0.032     -0.112       -0.112
SCMI_14  ON MSPSS    /
MSPSS    BY SCMI_14               15.330    -0.043     -0.150       -0.149
SCMI_14  ON EXTRA    /
EXTRA    BY SCMI_14               12.688    -0.079     -0.159       -0.158
SCCH_15  ON COPE     /
COPE     BY SCCH_15               11.476    -0.069     -0.232       -0.209
PTGI_NP  ON MSPSS    /
MSPSS    BY PTGI_NP               20.429    -0.179     -0.625       -0.099
PTGI_PS  ON P        /
P        BY PTGI_PS               13.346    -0.471     -0.526       -0.099
PTGI_PS  ON COPE     /
COPE     BY PTGI_PS               11.728     0.161      0.538        0.101
PTGI_RO  ON MSPSS    /
MSPSS    BY PTGI_RO               17.500     0.272      0.951        0.103
COPE_PA  ON P        /
P        BY COPE_PA               11.210     0.741      0.828        0.171
COPE_PA  ON N        /
N        BY COPE_PA               26.449     1.431      1.493        0.309
COPE_PA  ON NEURO    /
NEURO    BY COPE_PA               16.742     0.322      0.930        0.193
COPE_PA  ON EXTRA    /
EXTRA    BY COPE_PA               18.877    -0.516     -1.035       -0.214
COPE_PO  ON P        /
P        BY COPE_PO               11.210    -0.871     -0.974       -0.177
COPE_PO  ON N        /
N        BY COPE_PO               26.451    -1.683     -1.756       -0.319
COPE_PO  ON NEURO    /
NEURO    BY COPE_PO               16.743    -0.379     -1.095       -0.199
COPE_PO  ON EXTRA    /
EXTRA    BY COPE_PO               18.879     0.607      1.218        0.221
MSPSS_FA ON G        /
G        BY MSPSS_FA              14.578    -0.715     -0.768       -0.146
MSPSS_FA ON NEURO    /
NEURO    BY MSPSS_FA              10.096    -0.223     -0.645       -0.123
MSPSS_SO ON G        /
G        BY MSPSS_SO              13.532     0.651      0.700        0.141
MSPSS_SO ON P        /
P        BY MSPSS_SO              11.298     0.558      0.623        0.126
MSPSS_SO ON NEURO    /
NEURO    BY MSPSS_SO              17.516     0.279      0.806        0.162
EXTRA_SO ON COPE     /
COPE     BY EXTRA_SO              10.679    -0.129     -0.430       -0.151
EXTRA_AC ON G        /
G        BY EXTRA_AC              13.428     0.436      0.469        0.167
EXTRA_AC ON COPE     /
COPE     BY EXTRA_AC              19.395     0.167      0.558        0.199

ON Statements

G        ON EXTRA_AC              13.113     0.092      0.086        0.240
P        ON COPE_PA               19.728     0.097      0.087        0.420
P        ON COPE_PO               19.723    -0.094     -0.084       -0.462
N        ON SCSK_12               10.177    -0.582     -0.558       -0.617
N        ON SCMI_14               10.439     0.780      0.748        0.751
N        ON COPE_PA               30.012     0.125      0.120        0.579
N        ON COPE_PO               30.020    -0.121     -0.116       -0.636
PTGI     ON SCMI_14               10.603    -0.763     -0.219       -0.220
MSPSS    ON SCIS_4                14.115    -0.750     -0.215       -0.278
MSPSS    ON PTGI_NP               15.153    -0.377     -0.108       -0.682
MSPSS    ON PTGI_RO               12.975     0.137      0.039        0.362
NEURO    ON SCIS_18               11.608     0.323      0.112        0.142
NEURO    ON PTGI_RO               11.200     0.067      0.023        0.215
SCSJ_1   ON SCIS_13               13.823    -0.144     -0.144       -0.181
SCOI_2   ON NEURO_SR              10.774     0.030      0.030        0.131
SCCH_3   ON SCCH_7                16.657     0.145      0.145        0.169
SCCH_3   ON SCCH_10               12.860     0.140      0.140        0.153
SCCH_3   ON SCCH_15               18.456     0.210      0.210        0.221
SCCH_3   ON SCSJ_16               15.638    -0.183     -0.183       -0.221
SCCH_3   ON SCSK_19               10.849    -0.169     -0.169       -0.178
SCIS_4   ON SCOI_6                18.453     0.196      0.196        0.195
SCIS_4   ON SCSJ_16               17.336    -0.165     -0.165       -0.162
SCIS_4   ON SCOI_20               10.977    -0.131     -0.131       -0.120
SCIS_4   ON MSPSS_FR              23.062    -0.032     -0.032       -0.125
SCIS_4   ON MSPSS_SO              15.719    -0.027     -0.027       -0.103
SCIS_4   ON EXTRA_SO              14.159    -0.047     -0.047       -0.104
SCIS_4   ON EXTRA_AC              12.484    -0.043     -0.043       -0.094
SCSK_5   ON SCSK_12               70.505     1.132      1.132        1.097
SCSK_5   ON SCMI_17               12.766    -0.213     -0.213       -0.184
SCSK_5   ON SCSK_19               70.502     0.435      0.435        0.426
SCSK_5   ON SCSK_23               19.814    -0.251     -0.251       -0.242
SCSK_5   ON EXTRA_PA              15.714     0.051      0.051        0.134
SCOI_6   ON SCIS_4                18.453     0.194      0.194        0.195
SCOI_6   ON SCIS_25               20.820     0.179      0.179        0.186
SCOI_6   ON PTGI_SP               12.224    -0.054     -0.054       -0.089
SCSJ_8   ON SCMI_14               17.820    -0.248     -0.248       -0.194
SCSJ_8   ON SCSJ_16               25.695     0.228      0.228        0.226
SCSJ_8   ON SCSJ_21               18.608     0.178      0.178        0.161
SCMI_9   ON SCMI_14               19.560     0.255      0.255        0.249
SCCH_10  ON SCSJ_11               20.939     0.208      0.208        0.223
SCSJ_11  ON SCCH_10               20.724     0.165      0.165        0.154
SCSK_12  ON SCMI_22               11.942     0.133      0.133        0.134
SCIS_13  ON SCMI_22               14.708    -0.160     -0.160       -0.135
SCMI_14  ON SCCH_7                18.852    -0.123     -0.123       -0.151
SCMI_14  ON SCSJ_8                17.816    -0.164     -0.164       -0.210
SCMI_14  ON SCMI_9                19.561     0.194      0.194        0.198
SCMI_14  ON SCCH_10               19.347    -0.138     -0.138       -0.158
SCMI_14  ON SCMI_17               12.073     0.188      0.188        0.184
SCMI_14  ON PTGI_RO               14.807    -0.013     -0.013       -0.123
SCMI_14  ON MSPSS_FR              10.185    -0.020     -0.020       -0.100
SCMI_14  ON EXTRA_SO              10.153    -0.037     -0.037       -0.106
SCCH_15  ON SCCH_3                18.456     0.159      0.159        0.152
SCCH_15  ON SCCH_7                16.297     0.129      0.129        0.144
SCCH_15  ON SCCH_10               11.481     0.120      0.120        0.125
SCCH_15  ON COPE_PO               16.683    -0.030     -0.030       -0.150
SCSJ_16  ON SCCH_3                15.639    -0.154     -0.154       -0.128
SCSJ_16  ON SCIS_4                17.336    -0.208     -0.208       -0.211
SCSJ_16  ON SCSJ_8                25.695     0.237      0.237        0.240
SCMI_17  ON SCSK_5                10.883    -0.109     -0.109       -0.126
SCMI_17  ON SCMI_14               12.073     0.169      0.169        0.173
SCIS_18  ON NEURO_SR              20.814     0.040      0.040        0.183
SCSK_19  ON SCSK_5                70.500     0.337      0.337        0.345
SCSK_19  ON SCSK_12               70.483     1.443      1.443        1.430
SCOI_20  ON SCIS_4                10.976    -0.166     -0.166       -0.181
SCOI_20  ON SCMI_22               10.936     0.149      0.149        0.141
SCOI_20  ON NEURO_SR              10.325    -0.034     -0.034       -0.163
SCSJ_21  ON SCSJ_8                18.609     0.208      0.208        0.230
SCMI_22  ON SCIS_13               23.111    -0.184     -0.184       -0.218
SCMI_22  ON SCOI_20               10.936     0.138      0.138        0.145
SCSK_23  ON SCSK_5                27.737    -0.202     -0.202       -0.209
SCSK_23  ON SCCH_7                11.518    -0.101     -0.101       -0.113
SCSK_23  ON SCSK_12               16.754    -0.167     -0.167       -0.168
SCSK_23  ON SCSK_26               37.504     0.396      0.396        0.377
SCOI_24  ON IESR_H                10.075     0.028      0.028        0.112
SCIS_25  ON SCOI_6                20.821     0.228      0.228        0.220
SCIS_25  ON IESR_A                11.974    -0.025     -0.025       -0.104
SCSK_26  ON SCSK_12               14.693    -0.156     -0.156       -0.165
SCSK_26  ON SCSK_23               37.505     0.324      0.324        0.341
PTGI_AL  ON MSPSS_FA              13.647     0.071      0.071        0.089
PTGI_NP  ON MSPSS_FA              16.371    -0.090     -0.090       -0.075
PTGI_NP  ON MSPSS_FR              10.360    -0.076     -0.076       -0.060
PTGI_NP  ON MSPSS_SO              13.024    -0.085     -0.085       -0.067
PTGI_NP  ON EXTRA_SO              10.600    -0.135     -0.135       -0.061
PTGI_PS  ON SCMI_14               13.077     0.471      0.471        0.089
PTGI_PS  ON SCMI_17               10.442     0.431      0.431        0.080
PTGI_PS  ON PTGI_SP               15.900    -0.298     -0.298       -0.118
PTGI_SP  ON PTGI_PS               15.899    -0.097     -0.097       -0.246
PTGI_RO  ON MSPSS_FR              21.716     0.182      0.182        0.098
PTGI_RO  ON EXTRA_SO              14.624     0.263      0.263        0.081
IESR_I   ON MSPSS_SO              11.122     0.114      0.114        0.079
COPE_PA  ON SCCH_3                11.068     0.553      0.553        0.121
COPE_PA  ON SCOI_6                13.566     0.507      0.507        0.135
COPE_PA  ON SCIS_13               13.180     0.477      0.477        0.131
COPE_PA  ON SCIS_18               11.843     0.472      0.472        0.124
COPE_PA  ON SCSK_23               11.959     0.605      0.605        0.138
COPE_PA  ON NEURO_SR              19.328     0.159      0.159        0.189
COPE_PA  ON EXTRA_SO              17.287    -0.272     -0.272       -0.161
COPE_PA  ON EXTRA_AC              16.353    -0.254     -0.254       -0.148
COPE_PO  ON SCCH_7                15.067    -0.605     -0.605       -0.136
COPE_PO  ON SCCH_15               22.064    -0.998     -0.998       -0.201
COPE_PO  ON SCIS_18               17.258    -0.656     -0.656       -0.151
COPE_PO  ON NEURO_SR              17.641    -0.178     -0.178       -0.186
COPE_PO  ON EXTRA_AC              40.435     0.458      0.458        0.233
MSPSS_FA ON SCSJ_8                14.553    -0.538     -0.538       -0.131
MSPSS_FA ON SCSJ_11               12.948    -0.526     -0.526       -0.124
MSPSS_FA ON SCIS_13               14.576    -0.510     -0.510       -0.129
MSPSS_FA ON SCIS_18               18.675    -0.606     -0.606       -0.146
MSPSS_FA ON SCSJ_21               12.458    -0.539     -0.539       -0.119
MSPSS_FA ON SCOI_24               11.062    -0.521     -0.521       -0.112
MSPSS_FA ON SCIS_25               10.160    -0.429     -0.429       -0.109
MSPSS_SO ON SCOI_2                16.764     0.532      0.532        0.139
MSPSS_SO ON SCSJ_11               10.568     0.442      0.442        0.110
MSPSS_SO ON SCIS_13               12.779     0.442      0.442        0.118
MSPSS_SO ON SCSJ_16               11.483     0.447      0.447        0.115
MSPSS_SO ON SCIS_18               19.756     0.578      0.578        0.148
MSPSS_SO ON SCOI_20               10.365     0.442      0.442        0.105
MSPSS_SO ON SCSK_23               11.198    -0.523     -0.523       -0.116
MSPSS_SO ON SCOI_24               11.098     0.482      0.482        0.109
MSPSS_SO ON IESR_I                10.983     0.077      0.077        0.111
MSPSS_SO ON NEURO_NA              13.489     0.155      0.155        0.125
MSPSS_SO ON NEURO_SR              10.708     0.101      0.101        0.117
NEURO_SR ON SCIS_18               29.316     0.865      0.865        0.191
EXTRA_SO ON PTGI_RO               10.167     0.036      0.036        0.117
EXTRA_SO ON COPE_PA               11.936    -0.073     -0.073       -0.123
EXTRA_SO ON NEURO_NA              11.468     0.100      0.100        0.140
EXTRA_AC ON SCMI_9                11.831     0.325      0.325        0.119
EXTRA_AC ON SCSJ_21               13.379     0.322      0.322        0.133
EXTRA_AC ON COPE_PO               35.323     0.110      0.110        0.216

WITH Statements

SCIS_4   WITH MSPSS               14.118    -0.451     -0.139       -0.179
SCOI_6   WITH SCIS_4              18.453     0.117      0.117        0.195
SCSJ_11  WITH SCCH_10             20.940     0.146      0.146        0.174
SCMI_14  WITH N                   10.442     0.375      0.375        0.541
SCMI_14  WITH PTGI                10.599    -0.366     -0.105       -0.152
SCMI_14  WITH SCSJ_8              17.818    -0.119     -0.119       -0.202
SCMI_14  WITH SCMI_9              19.559     0.123      0.123        0.222
SCCH_15  WITH SCCH_3              18.456     0.143      0.143        0.183
SCSJ_16  WITH SCCH_3              15.639    -0.139     -0.139       -0.168
SCSJ_16  WITH SCIS_4              17.337    -0.125     -0.125       -0.185
SCSJ_16  WITH SCSJ_8              25.696     0.172      0.172        0.233
SCMI_17  WITH SCSK_5              12.765    -0.092     -0.092       -0.155
SCMI_17  WITH SCMI_14             12.073     0.081      0.081        0.178
SCIS_18  WITH NEURO               11.832     0.208      0.140        0.162
SCSK_19  WITH SCSK_5              70.501     0.277      0.277        0.383
SCOI_20  WITH SCIS_4              10.976    -0.100     -0.100       -0.148
SCSJ_21  WITH SCSJ_8              18.609     0.151      0.151        0.192
SCMI_22  WITH SCSK_12             11.942     0.093      0.093        0.131
SCMI_22  WITH SCIS_13             14.709    -0.113     -0.113       -0.143
SCMI_22  WITH SCOI_20             10.936     0.105      0.105        0.143
SCSK_23  WITH SCSK_5              19.815    -0.133     -0.133       -0.201
SCIS_25  WITH SCOI_6              20.821     0.136      0.136        0.202
SCSK_26  WITH SCSK_23             37.505     0.171      0.171        0.358
PTGI_NP  WITH MSPSS               15.152    -1.673     -0.514       -0.244
PTGI_SP  WITH PTGI_PS             15.900    -0.952     -0.952       -0.170
PTGI_RO  WITH MSPSS               12.975     2.549      0.783        0.181
PTGI_RO  WITH NEURO               11.200     1.251      0.837        0.194
IESR_I   WITH PTGI_NP             12.453    -1.676     -1.676       -0.234
COPE_PA  WITH P                   19.725     1.180      1.180        0.339
COPE_PA  WITH N                   30.015     1.518      1.518        0.436
COPE_PA  WITH SCOI_24             10.717    -0.446     -0.446       -0.154
COPE_PO  WITH P                   19.726    -1.389     -1.389       -0.361
COPE_PO  WITH N                   30.017    -1.786     -1.786       -0.464
COPE_PO  WITH SCCH_15             13.941    -0.580     -0.580       -0.183
MSPSS_FA WITH PTGI_AL             13.972     1.628      1.628        0.174
MSPSS_FR WITH PTGI_RO             11.574     2.584      2.584        0.175
NEURO_SR WITH SCIS_18             26.904     0.553      0.553        0.251
EXTRA_PA WITH COPE_PO             10.247    -1.424     -1.424       -0.169
EXTRA_SO WITH PTGI_NP             11.971    -0.892     -0.892       -0.215
EXTRA_SO WITH PTGI_RO             23.629     2.099      2.099        0.247
EXTRA_AC WITH G                   13.115     0.459      0.459        0.205
EXTRA_AC WITH COPE_PO             28.948     2.329      2.329        0.271


     Beginning Time:  13:54:22
        Ending Time:  13:54:28
       Elapsed Time:  00:00:06



MUTHEN & MUTHEN
3463 Stoner Ave.
Los Angeles, CA  90066

Tel: (310) 391-9971
Fax: (310) 391-8971
Web: www.StatModel.com
Support: Support@StatModel.com

Copyright (c) 1998-2021 Muthen & Muthen
