Mplus VERSION 8.6 (Mac)
MUTHEN & MUTHEN
10/05/2022   6:13 AM

INPUT INSTRUCTIONS

  TITLE: 2 factor bi-factor ESEM model with correlated residuals.
  DATA: FILE IS semdata.dat;

  VARIABLE:

  NAMES ARE
  scsj1
  scoi2
  scch3
  scis4
  scsk5
  scoi6
  scch7
  scsj8
  scmi9
  scch10
  scsj11
  scsk12
  scis13
  scmi14
  scch15
  scsj16
  scmi17
  scis18
  scsk19
  scoi20
  scsj21
  scmi22
  scsk23
  scoi24
  scis25
  scsk26
  ! PTGI
  appreciation_of_life
  new_possibilities
  personal_strength
  spirituality
  relating_to_others
  ! IESR
  avoiding
  intrusivity
  hyperarousal;

  USEVARIABLES ARE
  scsj1
  scoi2
  scch3
  scis4
  scsk5
  scoi6
  scch7
  scsj8
  scmi9
  scch10
  scsj11
  scsk12
  scis13
  scmi14
  scch15
  scsj16
  scmi17
  scis18
  scsk19
  scoi20
  scsj21
  scmi22
  scsk23
  scoi24
  scis25
  scsk26
  ! PTGI
  appreciation_of_life
  new_possibilities
  personal_strength
  spirituality
  relating_to_others
  ! IESR
  avoiding
  intrusivity
  hyperarousal;

  MISSING ARE ALL(-9);

  ! CATEGORICAL ARE all;

  ANALYSIS:

  ! Requesting the weighted least squares mean- and variance-adjusted estimator
  ESTIMATOR = MLR; ! WLSMV
  PROCESSORS = 6;
  ROTATION = TARGET (orthogonal);

  MODEL:

  ! (*1) indicates that an exploratory model involving your variables will be requested.
  ! (~0) indicates that the non-intended cross-loadings are constrained to be as close
  ! as possible to zero.

  !Global factor - other factors automatically uncorrelated with G by default.
  G BY
  scsk5 scsk12 scsk19 scsk23 scsk26
  scsj1 scsj8 scsj11 scsj16 scsj21
  scch3 scch7 scch10 scch15
  scis4 scis13 scis18 scis25
  scmi9 scmi14 scmi17 scmi22
  scoi2 scoi6 scoi20 scoi24 (*1);

  !Specific factors
  P BY
  scsk5 scsk12 scsk19 scsk23 scsk26
  scsj1~0 scsj8~0 scsj11~0 scsj16~0 scsj21~0
  scch3 scch7 scch10 scch15
  scis4~0 scis13~0 scis18~0 scis25~0
  scmi9 scmi14 scmi17 scmi22
  scoi2~0 scoi6~0 scoi20~0 scoi24~0 (*1);

  N BY
  scsk5~0 scsk12~0 scsk19~0 scsk23~0 scsk26~0
  scsj1 scsj8 scsj11 scsj16 scsj21
  scch3~0 scch7~0 scch10~0 scch15~0
  scis4 scis13 scis18 scis25
  scmi9~0 scmi14~0 scmi17~0 scmi22~0
  scoi2 scoi6 scoi20 scoi24 (*1);

  ! Residual correlations
  scch10 WITH scch7;
  scis18 WITH scis13;
  ! SCSK26 WITH SCSK23;
  SCSK12 WITH SCSK19;
  SCSK5  WITH SCSK12;


  PTGI BY
  appreciation_of_life
  new_possibilities
  personal_strength
  spirituality
  relating_to_others;

  IESR BY
  avoiding
  intrusivity
  hyperarousal;

  G P N on PTGI;
  G P N on IESR;

  ! Requesting standardized parameter estimates and modification indices
  OUTPUT:
  stdyx;
  !tech4;
  MODINDICES (ALL);

  ! scch7: When I'm down and out, I remind myself that there are lots
  ! of other people in the world feeling like I am.
  ! scch10: When I feel inadequate in some way, I try to remind myself
  ! that feelings of inadequacy are shared by most people.

  ! scis13: When I'm feeling down, I tend to feel like most other people
  ! are probably happier than I am.
  ! scis18: When I'm really struggling, I tend to feel like other people
  ! must be having an easier time of it.



*** WARNING in VARIABLE command
  Note that only the first 8 characters of variable names are used in the output.
  Shorten variable names to avoid any confusion.
   1 WARNING(S) FOUND IN THE INPUT INSTRUCTIONS



2 factor bi-factor ESEM model with correlated residuals.

SUMMARY OF ANALYSIS

Number of groups                                                 1
Number of observations                                         706

Number of dependent variables                                   34
Number of independent variables                                  0
Number of continuous latent variables                            5

Observed dependent variables

  Continuous
   SCSJ1       SCOI2       SCCH3       SCIS4       SCSK5       SCOI6
   SCCH7       SCSJ8       SCMI9       SCCH10      SCSJ11      SCSK12
   SCIS13      SCMI14      SCCH15      SCSJ16      SCMI17      SCIS18
   SCSK19      SCOI20      SCSJ21      SCMI22      SCSK23      SCOI24
   SCIS25      SCSK26      APPRECIATI  NEW_POSSIB  PERSONAL_S  SPIRITUALI
   RELATING_T  AVOIDING    INTRUSIVIT  HYPERAROUS

Continuous latent variables
   PTGI        IESR

  EFA factors
  *1:   G           P           N


Estimator                                                      MLR
Rotation                                                    TARGET
Row standardization                                    CORRELATION
Type of rotation                                        ORTHOGONAL
Information matrix                                        OBSERVED
Maximum number of iterations                                  1000
Convergence criterion                                    0.500D-04
Maximum number of steepest descent iterations                   20
Maximum number of iterations for H1                           2000
Convergence criterion for H1                             0.100D-03
Optimization Specifications for the Exploratory Factor Analysis
Rotation Algorithm
  Number of random starts                                       30
  Maximum number of iterations                             1000000
  Derivative convergence criterion                       0.100D-04

Input data file(s)
  semdata.dat

Input data format  FREE


SUMMARY OF DATA

     Number of missing data patterns             1


COVARIANCE COVERAGE OF DATA

Minimum covariance coverage value   0.100


     PROPORTION OF DATA PRESENT


           Covariance Coverage
              SCSJ1         SCOI2         SCCH3         SCIS4         SCSK5
              ________      ________      ________      ________      ________
 SCSJ1          1.000
 SCOI2          1.000         1.000
 SCCH3          1.000         1.000         1.000
 SCIS4          1.000         1.000         1.000         1.000
 SCSK5          1.000         1.000         1.000         1.000         1.000
 SCOI6          1.000         1.000         1.000         1.000         1.000
 SCCH7          1.000         1.000         1.000         1.000         1.000
 SCSJ8          1.000         1.000         1.000         1.000         1.000
 SCMI9          1.000         1.000         1.000         1.000         1.000
 SCCH10         1.000         1.000         1.000         1.000         1.000
 SCSJ11         1.000         1.000         1.000         1.000         1.000
 SCSK12         1.000         1.000         1.000         1.000         1.000
 SCIS13         1.000         1.000         1.000         1.000         1.000
 SCMI14         1.000         1.000         1.000         1.000         1.000
 SCCH15         1.000         1.000         1.000         1.000         1.000
 SCSJ16         1.000         1.000         1.000         1.000         1.000
 SCMI17         1.000         1.000         1.000         1.000         1.000
 SCIS18         1.000         1.000         1.000         1.000         1.000
 SCSK19         1.000         1.000         1.000         1.000         1.000
 SCOI20         1.000         1.000         1.000         1.000         1.000
 SCSJ21         1.000         1.000         1.000         1.000         1.000
 SCMI22         1.000         1.000         1.000         1.000         1.000
 SCSK23         1.000         1.000         1.000         1.000         1.000
 SCOI24         1.000         1.000         1.000         1.000         1.000
 SCIS25         1.000         1.000         1.000         1.000         1.000
 SCSK26         1.000         1.000         1.000         1.000         1.000
 APPRECIA       1.000         1.000         1.000         1.000         1.000
 NEW_POSS       1.000         1.000         1.000         1.000         1.000
 PERSONAL       1.000         1.000         1.000         1.000         1.000
 SPIRITUA       1.000         1.000         1.000         1.000         1.000
 RELATING       1.000         1.000         1.000         1.000         1.000
 AVOIDING       1.000         1.000         1.000         1.000         1.000
 INTRUSIV       1.000         1.000         1.000         1.000         1.000
 HYPERARO       1.000         1.000         1.000         1.000         1.000


           Covariance Coverage
              SCOI6         SCCH7         SCSJ8         SCMI9         SCCH10
              ________      ________      ________      ________      ________
 SCOI6          1.000
 SCCH7          1.000         1.000
 SCSJ8          1.000         1.000         1.000
 SCMI9          1.000         1.000         1.000         1.000
 SCCH10         1.000         1.000         1.000         1.000         1.000
 SCSJ11         1.000         1.000         1.000         1.000         1.000
 SCSK12         1.000         1.000         1.000         1.000         1.000
 SCIS13         1.000         1.000         1.000         1.000         1.000
 SCMI14         1.000         1.000         1.000         1.000         1.000
 SCCH15         1.000         1.000         1.000         1.000         1.000
 SCSJ16         1.000         1.000         1.000         1.000         1.000
 SCMI17         1.000         1.000         1.000         1.000         1.000
 SCIS18         1.000         1.000         1.000         1.000         1.000
 SCSK19         1.000         1.000         1.000         1.000         1.000
 SCOI20         1.000         1.000         1.000         1.000         1.000
 SCSJ21         1.000         1.000         1.000         1.000         1.000
 SCMI22         1.000         1.000         1.000         1.000         1.000
 SCSK23         1.000         1.000         1.000         1.000         1.000
 SCOI24         1.000         1.000         1.000         1.000         1.000
 SCIS25         1.000         1.000         1.000         1.000         1.000
 SCSK26         1.000         1.000         1.000         1.000         1.000
 APPRECIA       1.000         1.000         1.000         1.000         1.000
 NEW_POSS       1.000         1.000         1.000         1.000         1.000
 PERSONAL       1.000         1.000         1.000         1.000         1.000
 SPIRITUA       1.000         1.000         1.000         1.000         1.000
 RELATING       1.000         1.000         1.000         1.000         1.000
 AVOIDING       1.000         1.000         1.000         1.000         1.000
 INTRUSIV       1.000         1.000         1.000         1.000         1.000
 HYPERARO       1.000         1.000         1.000         1.000         1.000


           Covariance Coverage
              SCSJ11        SCSK12        SCIS13        SCMI14        SCCH15
              ________      ________      ________      ________      ________
 SCSJ11         1.000
 SCSK12         1.000         1.000
 SCIS13         1.000         1.000         1.000
 SCMI14         1.000         1.000         1.000         1.000
 SCCH15         1.000         1.000         1.000         1.000         1.000
 SCSJ16         1.000         1.000         1.000         1.000         1.000
 SCMI17         1.000         1.000         1.000         1.000         1.000
 SCIS18         1.000         1.000         1.000         1.000         1.000
 SCSK19         1.000         1.000         1.000         1.000         1.000
 SCOI20         1.000         1.000         1.000         1.000         1.000
 SCSJ21         1.000         1.000         1.000         1.000         1.000
 SCMI22         1.000         1.000         1.000         1.000         1.000
 SCSK23         1.000         1.000         1.000         1.000         1.000
 SCOI24         1.000         1.000         1.000         1.000         1.000
 SCIS25         1.000         1.000         1.000         1.000         1.000
 SCSK26         1.000         1.000         1.000         1.000         1.000
 APPRECIA       1.000         1.000         1.000         1.000         1.000
 NEW_POSS       1.000         1.000         1.000         1.000         1.000
 PERSONAL       1.000         1.000         1.000         1.000         1.000
 SPIRITUA       1.000         1.000         1.000         1.000         1.000
 RELATING       1.000         1.000         1.000         1.000         1.000
 AVOIDING       1.000         1.000         1.000         1.000         1.000
 INTRUSIV       1.000         1.000         1.000         1.000         1.000
 HYPERARO       1.000         1.000         1.000         1.000         1.000


           Covariance Coverage
              SCSJ16        SCMI17        SCIS18        SCSK19        SCOI20
              ________      ________      ________      ________      ________
 SCSJ16         1.000
 SCMI17         1.000         1.000
 SCIS18         1.000         1.000         1.000
 SCSK19         1.000         1.000         1.000         1.000
 SCOI20         1.000         1.000         1.000         1.000         1.000
 SCSJ21         1.000         1.000         1.000         1.000         1.000
 SCMI22         1.000         1.000         1.000         1.000         1.000
 SCSK23         1.000         1.000         1.000         1.000         1.000
 SCOI24         1.000         1.000         1.000         1.000         1.000
 SCIS25         1.000         1.000         1.000         1.000         1.000
 SCSK26         1.000         1.000         1.000         1.000         1.000
 APPRECIA       1.000         1.000         1.000         1.000         1.000
 NEW_POSS       1.000         1.000         1.000         1.000         1.000
 PERSONAL       1.000         1.000         1.000         1.000         1.000
 SPIRITUA       1.000         1.000         1.000         1.000         1.000
 RELATING       1.000         1.000         1.000         1.000         1.000
 AVOIDING       1.000         1.000         1.000         1.000         1.000
 INTRUSIV       1.000         1.000         1.000         1.000         1.000
 HYPERARO       1.000         1.000         1.000         1.000         1.000


           Covariance Coverage
              SCSJ21        SCMI22        SCSK23        SCOI24        SCIS25
              ________      ________      ________      ________      ________
 SCSJ21         1.000
 SCMI22         1.000         1.000
 SCSK23         1.000         1.000         1.000
 SCOI24         1.000         1.000         1.000         1.000
 SCIS25         1.000         1.000         1.000         1.000         1.000
 SCSK26         1.000         1.000         1.000         1.000         1.000
 APPRECIA       1.000         1.000         1.000         1.000         1.000
 NEW_POSS       1.000         1.000         1.000         1.000         1.000
 PERSONAL       1.000         1.000         1.000         1.000         1.000
 SPIRITUA       1.000         1.000         1.000         1.000         1.000
 RELATING       1.000         1.000         1.000         1.000         1.000
 AVOIDING       1.000         1.000         1.000         1.000         1.000
 INTRUSIV       1.000         1.000         1.000         1.000         1.000
 HYPERARO       1.000         1.000         1.000         1.000         1.000


           Covariance Coverage
              SCSK26        APPRECIA      NEW_POSS      PERSONAL      SPIRITUA
              ________      ________      ________      ________      ________
 SCSK26         1.000
 APPRECIA       1.000         1.000
 NEW_POSS       1.000         1.000         1.000
 PERSONAL       1.000         1.000         1.000         1.000
 SPIRITUA       1.000         1.000         1.000         1.000         1.000
 RELATING       1.000         1.000         1.000         1.000         1.000
 AVOIDING       1.000         1.000         1.000         1.000         1.000
 INTRUSIV       1.000         1.000         1.000         1.000         1.000
 HYPERARO       1.000         1.000         1.000         1.000         1.000


           Covariance Coverage
              RELATING      AVOIDING      INTRUSIV      HYPERARO
              ________      ________      ________      ________
 RELATING       1.000
 AVOIDING       1.000         1.000
 INTRUSIV       1.000         1.000         1.000
 HYPERARO       1.000         1.000         1.000         1.000



UNIVARIATE SAMPLE STATISTICS


     UNIVARIATE HIGHER-ORDER MOMENT DESCRIPTIVE STATISTICS

         Variable/         Mean/     Skewness/   Minimum/ % with                Percentiles
        Sample Size      Variance    Kurtosis    Maximum  Min/Max      20%/60%    40%/80%    Median

     SCSJ1                 3.704      -0.531       1.000    3.12%       3.000      4.000      4.000
             706.000       1.123      -0.360       5.000   26.20%       4.000      5.000
     SCOI2                 2.506       0.422       1.000   29.18%       1.000      2.000      2.000
             706.000       1.692      -0.966       5.000    9.07%       3.000      4.000
     SCCH3                 3.289      -0.380       1.000    6.80%       2.000      3.000      3.000
             706.000       1.118      -0.362       5.000   11.05%       4.000      4.000
     SCIS4                 2.380       0.572       1.000   33.00%       1.000      2.000      2.000
             706.000       1.675      -0.843       5.000    8.07%       3.000      4.000
     SCSK5                 2.809       0.156       1.000   13.46%       2.000      2.000      3.000
             706.000       1.302      -0.761       5.000    7.93%       3.000      4.000
     SCOI6                 2.722       0.221       1.000   21.53%       1.000      2.000      3.000
             706.000       1.659      -1.059       5.000   10.62%       3.000      4.000
     SCCH7                 2.564       0.319       1.000   24.93%       1.000      2.000      2.000
             706.000       1.529      -0.913       5.000    7.51%       3.000      4.000
     SCSJ8                 2.888       0.013       1.000   18.56%       2.000      2.000      3.000
             706.000       1.649      -1.099       5.000   11.61%       3.000      4.000
     SCMI9                 3.524      -0.436       1.000    3.82%       3.000      3.000      4.000
             706.000       1.057      -0.277       5.000   17.28%       4.000      4.000
     SCCH10                2.627       0.191       1.000   20.11%       1.000      2.000      3.000
             706.000       1.333      -0.829       5.000    5.52%       3.000      4.000
     SCSJ11                2.746       0.194       1.000   18.56%       2.000      2.000      3.000
             706.000       1.535      -1.001       5.000    9.21%       3.000      4.000
     SCSK12                2.684       0.240       1.000   15.44%       2.000      2.000      3.000
             706.000       1.259      -0.734       5.000    5.95%       3.000      4.000
     SCIS13                2.627       0.273       1.000   26.63%       1.000      2.000      2.000
             706.000       1.763      -1.156       5.000    9.77%       3.000      4.000
     SCMI14                3.584      -0.414       1.000    2.83%       3.000      3.000      4.000
             706.000       1.008      -0.290       5.000   18.84%       4.000      4.000
     SCCH15                3.149      -0.146       1.000    7.93%       2.000      3.000      3.000
             706.000       1.231      -0.679       5.000   11.33%       3.000      4.000
     SCSJ16                2.894       0.059       1.000   16.43%       2.000      2.000      3.000
             706.000       1.619      -1.116       5.000   11.61%       3.000      4.000
     SCMI17                3.363      -0.246       1.000    3.26%       3.000      3.000      3.000
             706.000       0.965      -0.378       5.000   11.61%       4.000      4.000
     SCIS18                2.840       0.053       1.000   18.84%       2.000      2.000      3.000
             706.000       1.613      -1.094       5.000   10.34%       3.000      4.000
     SCSK19                2.749       0.187       1.000   14.16%       2.000      2.000      3.000
             706.000       1.245      -0.669       5.000    6.80%       3.000      4.000
     SCOI20                2.374       0.522       1.000   28.75%       1.000      2.000      2.000
             706.000       1.401      -0.635       5.000    5.67%       3.000      3.000
     SCSJ21                2.789       0.117       1.000   15.58%       2.000      2.000      3.000
             706.000       1.345      -0.796       5.000    7.79%       3.000      4.000
     SCMI22                2.863       0.031       1.000   12.75%       2.000      3.000      3.000
             706.000       1.257      -0.763       5.000    7.08%       3.000      4.000
     SCSK23                2.759       0.193       1.000   13.17%       2.000      2.000      3.000
             706.000       1.211      -0.633       5.000    6.66%       3.000      4.000
     SCOI24                2.006       0.985       1.000   43.20%       1.000      1.000      2.000
             706.000       1.266       0.113       5.000    3.82%       2.000      3.000
     SCIS25                2.635       0.183       1.000   28.61%       1.000      2.000      3.000
             706.000       1.779      -1.238       5.000    8.64%       3.000      4.000
     SCSK26                2.803       0.125       1.000   10.62%       2.000      2.000      3.000
             706.000       1.096      -0.575       5.000    5.38%       3.000      4.000
     APPRECIATION_OF       6.552       0.007       0.000   12.18%       2.000      5.000      7.000
             706.000      17.834      -1.018      15.000    2.12%       8.000     10.000
     NEW_POSSIBILITI       8.458       0.417       0.000   13.31%       2.000      6.000      8.000
             706.000      39.951      -0.722      25.000    0.42%      10.000     15.000
     PERSONAL_STRENG      10.025      -0.269       0.000    6.09%       5.000      9.000     11.000
             706.000      28.325      -0.862      20.000    2.12%      12.000     15.000
     SPIRITUALITY          1.210       1.956       0.000   64.02%       0.000      0.000      0.000
             706.000       4.429       3.359      10.000    0.71%       0.000      2.000
     RELATING_TO_OTH      13.979       0.132       0.000    8.50%       4.000     11.000     14.000
             706.000      85.817      -1.032      35.000    0.85%      17.000     23.000
     AVOIDING              6.414       0.957       0.000   13.60%       1.000      4.000      5.000
             706.000      29.716       0.483      27.000    0.14%       7.000     11.000
     INTRUSIVITY           8.477       0.901       0.000    9.21%       2.000      5.000      7.000
             706.000      51.334       0.079      32.000    0.28%       9.000     14.000
     HYPERAROUSAL          3.285       1.750       0.000   37.82%       0.000      1.000      1.000
             706.000      19.702       2.838      24.000    0.14%       2.000      6.000


THE MODEL ESTIMATION TERMINATED NORMALLY



MODEL FIT INFORMATION

Number of Free Parameters                      162

Loglikelihood

          H0 Value                      -39863.090
          H0 Scaling Correction Factor      1.1513
            for MLR
          H1 Value                      -39243.145
          H1 Scaling Correction Factor      1.1235
            for MLR

Information Criteria

          Akaike (AIC)                   80050.180
          Bayesian (BIC)                 80788.838
          Sample-Size Adjusted BIC       80274.451
            (n* = (n + 2) / 24)

Chi-Square Test of Model Fit

          Value                           1113.219*
          Degrees of Freedom                   467
          P-Value                           0.0000
          Scaling Correction Factor         1.1138
            for MLR

*   The chi-square value for MLM, MLMV, MLR, ULSMV, WLSM and WLSMV cannot be used
    for chi-square difference testing in the regular way.  MLM, MLR and WLSM
    chi-square difference testing is described on the Mplus website.  MLMV, WLSMV,
    and ULSMV difference testing is done using the DIFFTEST option.

RMSEA (Root Mean Square Error Of Approximation)

          Estimate                           0.044
          90 Percent C.I.                    0.041  0.048
          Probability RMSEA <= .05           0.998

CFI/TLI

          CFI                                0.943
          TLI                                0.931

Chi-Square Test of Model Fit for the Baseline Model

          Value                          11839.662
          Degrees of Freedom                   561
          P-Value                           0.0000

SRMR (Standardized Root Mean Square Residual)

          Value                              0.036



MODEL RESULTS

                                                    Two-Tailed
                    Estimate       S.E.  Est./S.E.    P-Value

 G        BY
    SCSK5             -0.335      0.073     -4.555      0.000
    SCSK12            -0.329      0.078     -4.225      0.000
    SCSK19            -0.387      0.078     -4.942      0.000
    SCSK23            -0.557      0.076     -7.299      0.000
    SCSK26            -0.548      0.062     -8.847      0.000
    SCSJ1              0.464      0.056      8.333      0.000
    SCSJ8              0.644      0.087      7.382      0.000
    SCSJ11             0.632      0.081      7.765      0.000
    SCSJ16             0.602      0.089      6.768      0.000
    SCSJ21             0.474      0.066      7.193      0.000
    SCCH3              0.130      0.060      2.163      0.031
    SCCH7             -0.104      0.072     -1.435      0.151
    SCCH10            -0.030      0.077     -0.385      0.700
    SCCH15            -0.158      0.085     -1.863      0.062
    SCIS4              0.282      0.116      2.434      0.015
    SCIS13             0.162      0.113      1.439      0.150
    SCIS18             0.221      0.104      2.122      0.034
    SCIS25             0.334      0.112      2.979      0.003
    SCMI9              0.235      0.079      2.970      0.003
    SCMI14             0.164      0.098      1.675      0.094
    SCMI17             0.015      0.096      0.155      0.877
    SCMI22            -0.192      0.092     -2.094      0.036
    SCOI2              0.327      0.118      2.768      0.006
    SCOI6              0.355      0.111      3.204      0.001
    SCOI20            -0.009      0.098     -0.089      0.929
    SCOI24             0.038      0.095      0.403      0.687

 P        BY
    SCSK5              0.559      0.052     10.671      0.000
    SCSK12             0.583      0.050     11.770      0.000
    SCSK19             0.629      0.053     11.895      0.000
    SCSK23             0.538      0.061      8.830      0.000
    SCSK26             0.565      0.059      9.530      0.000
    SCSJ1              0.112      0.043      2.635      0.008
    SCSJ8              0.086      0.041      2.124      0.034
    SCSJ11             0.066      0.046      1.443      0.149
    SCSJ16             0.010      0.041      0.244      0.807
    SCSJ21             0.095      0.042      2.263      0.024
    SCCH3              0.433      0.051      8.541      0.000
    SCCH7              0.446      0.051      8.723      0.000
    SCCH10             0.553      0.045     12.239      0.000
    SCCH15             0.708      0.038     18.653      0.000
    SCIS4             -0.152      0.038     -4.029      0.000
    SCIS13            -0.167      0.039     -4.249      0.000
    SCIS18            -0.066      0.038     -1.724      0.085
    SCIS25            -0.137      0.039     -3.485      0.000
    SCMI9              0.574      0.045     12.673      0.000
    SCMI14             0.597      0.045     13.295      0.000
    SCMI17             0.632      0.037     16.878      0.000
    SCMI22             0.677      0.041     16.502      0.000
    SCOI2             -0.149      0.035     -4.292      0.000
    SCOI6             -0.100      0.038     -2.631      0.009
    SCOI20            -0.087      0.044     -1.975      0.048
    SCOI24            -0.145      0.038     -3.816      0.000

 N        BY
    SCSK5              0.130      0.041      3.133      0.002
    SCSK12            -0.056      0.038     -1.497      0.134
    SCSK19            -0.077      0.040     -1.897      0.058
    SCSK23            -0.147      0.054     -2.707      0.007
    SCSK26             0.021      0.054      0.392      0.695
    SCSJ1              0.333      0.059      5.610      0.000
    SCSJ8              0.589      0.083      7.120      0.000
    SCSJ11             0.544      0.080      6.787      0.000
    SCSJ16             0.591      0.077      7.722      0.000
    SCSJ21             0.419      0.061      6.831      0.000
    SCCH3              0.083      0.042      2.002      0.045
    SCCH7              0.279      0.036      7.725      0.000
    SCCH10             0.127      0.039      3.270      0.001
    SCCH15            -0.061      0.033     -1.866      0.062
    SCIS4              0.811      0.045     18.038      0.000
    SCIS13             0.755      0.038     19.640      0.000
    SCIS18             0.745      0.043     17.145      0.000
    SCIS25             0.785      0.050     15.702      0.000
    SCMI9             -0.110      0.039     -2.831      0.005
    SCMI14            -0.293      0.035     -8.349      0.000
    SCMI17            -0.271      0.028     -9.633      0.000
    SCMI22            -0.110      0.034     -3.213      0.001
    SCOI2              0.835      0.047     17.749      0.000
    SCOI6              0.797      0.051     15.755      0.000
    SCOI20             0.677      0.033     20.754      0.000
    SCOI24             0.629      0.033     18.988      0.000

 PTGI     BY
    APPRECIATI         1.000      0.000    999.000    999.000
    NEW_POSSIB         1.720      0.051     33.892      0.000
    PERSONAL_S         1.238      0.044     28.103      0.000
    SPIRITUALI         0.320      0.025     12.628      0.000
    RELATING_T         2.349      0.072     32.586      0.000

 IESR     BY
    AVOIDING           1.000      0.000    999.000    999.000
    INTRUSIVIT         1.459      0.064     22.851      0.000
    HYPERAROUS         0.907      0.042     21.518      0.000

 G        ON
    PTGI              -0.055      0.018     -3.098      0.002
    IESR               0.018      0.021      0.854      0.393

 P        ON
    PTGI               0.063      0.015      4.165      0.000
    IESR              -0.025      0.013     -1.887      0.059

 N        ON
    PTGI              -0.003      0.015     -0.201      0.840
    IESR               0.149      0.014     10.659      0.000

 P        WITH
    G                  0.000      0.000    999.000    999.000

 N        WITH
    G                  0.000      0.000    999.000    999.000
    P                  0.000      0.000    999.000    999.000

 IESR     WITH
    PTGI               4.156      0.675      6.158      0.000

 SCCH10   WITH
    SCCH7              0.498      0.053      9.353      0.000

 SCIS18   WITH
    SCIS13             0.384      0.041      9.270      0.000

 SCSK12   WITH
    SCSK19             0.249      0.036      6.909      0.000
    SCSK5              0.196      0.037      5.239      0.000

 Intercepts
    SCSJ1              3.704      0.040     92.854      0.000
    SCOI2              2.506      0.049     51.185      0.000
    SCCH3              3.289      0.040     82.663      0.000
    SCIS4              2.380      0.049     48.860      0.000
    SCSK5              2.809      0.043     65.407      0.000
    SCOI6              2.722      0.048     56.152      0.000
    SCCH7              2.564      0.047     55.086      0.000
    SCSJ8              2.888      0.048     59.760      0.000
    SCMI9              3.524      0.039     91.087      0.000
    SCCH10             2.627      0.043     60.470      0.000
    SCSJ11             2.746      0.047     58.903      0.000
    SCSK12             2.684      0.042     63.572      0.000
    SCIS13             2.627      0.050     52.572      0.000
    SCMI14             3.584      0.038     94.844      0.000
    SCCH15             3.149      0.042     75.393      0.000
    SCSJ16             2.894      0.048     60.428      0.000
    SCMI17             3.363      0.037     90.960      0.000
    SCIS18             2.840      0.048     59.411      0.000
    SCSK19             2.749      0.042     65.482      0.000
    SCOI20             2.374      0.045     53.286      0.000
    SCSJ21             2.789      0.044     63.898      0.000
    SCMI22             2.863      0.042     67.833      0.000
    SCSK23             2.759      0.041     66.618      0.000
    SCOI24             2.006      0.042     47.359      0.000
    SCIS25             2.635      0.050     52.489      0.000
    SCSK26             2.803      0.039     71.151      0.000
    APPRECIATI         6.552      0.159     41.227      0.000
    NEW_POSSIB         8.458      0.238     35.553      0.000
    PERSONAL_S        10.025      0.200     50.052      0.000
    SPIRITUALI         1.210      0.079     15.272      0.000
    RELATING_T        13.979      0.349     40.094      0.000
    AVOIDING           6.414      0.205     31.262      0.000
    INTRUSIVIT         8.477      0.270     31.438      0.000
    HYPERAROUS         3.285      0.167     19.663      0.000

 Variances
    PTGI              12.089      0.726     16.642      0.000
    IESR              18.672      1.726     10.820      0.000

 Residual Variances
    SCSJ1              0.731      0.043     17.102      0.000
    SCOI2              0.552      0.042     13.090      0.000
    SCCH3              0.901      0.059     15.237      0.000
    SCIS4              0.620      0.048     13.014      0.000
    SCSK5              0.827      0.058     14.153      0.000
    SCOI6              0.603      0.038     15.786      0.000
    SCCH7              1.205      0.059     20.459      0.000
    SCSJ8              0.715      0.053     13.540      0.000
    SCMI9              0.645      0.050     12.840      0.000
    SCCH10             0.993      0.054     18.476      0.000
    SCSJ11             0.693      0.051     13.663      0.000
    SCSK12             0.729      0.043     16.780      0.000
    SCIS13             0.888      0.052     17.043      0.000
    SCMI14             0.484      0.047     10.221      0.000
    SCCH15             0.664      0.047     14.228      0.000
    SCSJ16             0.739      0.052     14.305      0.000
    SCMI17             0.433      0.038     11.477      0.000
    SCIS18             0.763      0.049     15.444      0.000
    SCSK19             0.644      0.051     12.701      0.000
    SCOI20             0.743      0.056     13.375      0.000
    SCSJ21             0.853      0.048     17.900      0.000
    SCMI22             0.706      0.047     15.150      0.000
    SCSK23             0.524      0.054      9.734      0.000
    SCOI24             0.678      0.045     15.099      0.000
    SCIS25             0.754      0.052     14.621      0.000
    SCSK26             0.427      0.047      9.021      0.000
    APPRECIATI         5.745      0.404     14.223      0.000
    NEW_POSSIB         4.190      0.572      7.326      0.000
    PERSONAL_S         9.812      0.643     15.251      0.000
    SPIRITUALI         3.188      0.248     12.868      0.000
    RELATING_T        19.125      1.802     10.615      0.000
    AVOIDING          11.044      0.838     13.179      0.000
    INTRUSIVIT        11.563      1.389      8.326      0.000
    HYPERAROUS         4.347      0.449      9.673      0.000
    G                  1.000      0.000    999.000    999.000
    P                  1.000      0.000    999.000    999.000
    N                  1.000      0.000    999.000    999.000


QUALITY OF NUMERICAL RESULTS

     Condition Number for the Information Matrix              0.754E-03
       (ratio of smallest to largest eigenvalue)


STANDARDIZED MODEL RESULTS


STDYX Standardization

                                                    Two-Tailed
                    Estimate       S.E.  Est./S.E.    P-Value

 G        BY
    SCSK5             -0.298      0.066     -4.513      0.000
    SCSK12            -0.303      0.072     -4.218      0.000
    SCSK19            -0.353      0.072     -4.877      0.000
    SCSK23            -0.515      0.070     -7.375      0.000
    SCSK26            -0.532      0.059     -9.003      0.000
    SCSJ1              0.445      0.051      8.726      0.000
    SCSJ8              0.510      0.068      7.470      0.000
    SCSJ11             0.519      0.065      7.960      0.000
    SCSJ16             0.481      0.069      6.947      0.000
    SCSJ21             0.416      0.056      7.387      0.000
    SCCH3              0.125      0.057      2.179      0.029
    SCCH7             -0.085      0.060     -1.433      0.152
    SCCH10            -0.026      0.068     -0.384      0.701
    SCCH15            -0.145      0.078     -1.863      0.062
    SCIS4              0.221      0.091      2.442      0.015
    SCIS13             0.124      0.086      1.437      0.151
    SCIS18             0.177      0.083      2.120      0.034
    SCIS25             0.255      0.086      2.959      0.003
    SCMI9              0.232      0.077      3.033      0.002
    SCMI14             0.166      0.099      1.681      0.093
    SCMI17             0.015      0.099      0.155      0.877
    SCMI22            -0.174      0.084     -2.080      0.038
    SCOI2              0.255      0.092      2.766      0.006
    SCOI6              0.281      0.088      3.198      0.001
    SCOI20            -0.007      0.084     -0.089      0.929
    SCOI24             0.035      0.086      0.402      0.688

 P        BY
    SCSK5              0.501      0.046     10.910      0.000
    SCSK12             0.540      0.044     12.332      0.000
    SCSK19             0.577      0.047     12.268      0.000
    SCSK23             0.500      0.057      8.783      0.000
    SCSK26             0.552      0.058      9.466      0.000
    SCSJ1              0.108      0.041      2.658      0.008
    SCSJ8              0.069      0.032      2.137      0.033
    SCSJ11             0.055      0.038      1.447      0.148
    SCSJ16             0.008      0.033      0.244      0.807
    SCSJ21             0.084      0.037      2.282      0.022
    SCCH3              0.419      0.047      8.991      0.000
    SCCH7              0.369      0.041      9.083      0.000
    SCCH10             0.490      0.037     13.171      0.000
    SCCH15             0.652      0.030     21.642      0.000
    SCIS4             -0.120      0.030     -4.004      0.000
    SCIS13            -0.129      0.030     -4.255      0.000
    SCIS18            -0.053      0.031     -1.725      0.084
    SCIS25            -0.105      0.030     -3.463      0.001
    SCMI9              0.571      0.039     14.789      0.000
    SCMI14             0.608      0.038     15.890      0.000
    SCMI17             0.658      0.031     21.252      0.000
    SCMI22             0.618      0.034     18.002      0.000
    SCOI2             -0.118      0.028     -4.241      0.000
    SCOI6             -0.080      0.030     -2.625      0.009
    SCOI20            -0.075      0.038     -1.984      0.047
    SCOI24            -0.132      0.034     -3.858      0.000

 N        BY
    SCSK5              0.135      0.043      3.155      0.002
    SCSK12            -0.061      0.040     -1.501      0.133
    SCSK19            -0.082      0.043     -1.884      0.060
    SCSK23            -0.159      0.060     -2.665      0.008
    SCSK26             0.024      0.061      0.392      0.695
    SCSJ1              0.374      0.066      5.638      0.000
    SCSJ8              0.545      0.077      7.057      0.000
    SCSJ11             0.521      0.077      6.740      0.000
    SCSJ16             0.552      0.072      7.629      0.000
    SCSJ21             0.430      0.063      6.815      0.000
    SCCH3              0.094      0.047      1.995      0.046
    SCCH7              0.268      0.034      7.843      0.000
    SCCH10             0.130      0.040      3.224      0.001
    SCCH15            -0.066      0.035     -1.865      0.062
    SCIS4              0.744      0.034     21.766      0.000
    SCIS13             0.675      0.028     24.103      0.000
    SCIS18             0.697      0.034     20.557      0.000
    SCIS25             0.699      0.040     17.591      0.000
    SCMI9             -0.128      0.045     -2.823      0.005
    SCMI14            -0.346      0.040     -8.747      0.000
    SCMI17            -0.328      0.033     -9.978      0.000
    SCMI22            -0.116      0.036     -3.221      0.001
    SCOI2              0.763      0.040     19.167      0.000
    SCOI6              0.735      0.042     17.555      0.000
    SCOI20             0.679      0.027     25.391      0.000
    SCOI24             0.664      0.026     25.284      0.000

 PTGI     BY
    APPRECIATI         0.823      0.015     56.366      0.000
    NEW_POSSIB         0.946      0.008    125.811      0.000
    PERSONAL_S         0.808      0.015     53.745      0.000
    SPIRITUALI         0.529      0.025     21.061      0.000
    RELATING_T         0.882      0.013     70.103      0.000

 IESR     BY
    AVOIDING           0.793      0.019     41.169      0.000
    INTRUSIVIT         0.880      0.016     54.665      0.000
    HYPERAROUS         0.883      0.014     62.143      0.000

 G        ON
    PTGI              -0.187      0.058     -3.202      0.001
    IESR               0.078      0.091      0.858      0.391

 P        ON
    PTGI               0.215      0.049      4.359      0.000
    IESR              -0.105      0.054     -1.941      0.052

 N        ON
    PTGI              -0.009      0.045     -0.201      0.840
    IESR               0.543      0.038     14.375      0.000

 P        WITH
    G                  0.000      0.000    999.000    999.000

 N        WITH
    G                  0.000      0.000    999.000    999.000
    P                  0.000      0.000    999.000    999.000

 IESR     WITH
    PTGI               0.277      0.042      6.521      0.000

 SCCH10   WITH
    SCCH7              0.455      0.037     12.372      0.000

 SCIS18   WITH
    SCIS13             0.466      0.036     12.841      0.000

 SCSK12   WITH
    SCSK19             0.363      0.045      8.072      0.000
    SCSK5              0.252      0.043      5.822      0.000

 Intercepts
    SCSJ1              3.495      0.106     33.116      0.000
    SCOI2              1.926      0.040     47.812      0.000
    SCCH3              3.111      0.093     33.346      0.000
    SCIS4              1.839      0.036     50.763      0.000
    SCSK5              2.462      0.059     41.421      0.000
    SCOI6              2.113      0.047     44.608      0.000
    SCCH7              2.073      0.046     44.865      0.000
    SCSJ8              2.249      0.055     41.125      0.000
    SCMI9              3.428      0.103     33.134      0.000
    SCCH10             2.276      0.054     41.911      0.000
    SCSJ11             2.217      0.050     43.944      0.000
    SCSK12             2.430      0.058     41.581      0.000
    SCIS13             1.979      0.043     46.352      0.000
    SCMI14             3.570      0.106     33.691      0.000
    SCCH15             2.837      0.076     37.347      0.000
    SCSJ16             2.274      0.053     42.643      0.000
    SCMI17             3.423      0.097     35.421      0.000
    SCIS18             2.236      0.053     41.861      0.000
    SCSK19             2.464      0.060     40.924      0.000
    SCOI20             2.005      0.043     46.289      0.000
    SCSJ21             2.405      0.059     40.747      0.000
    SCMI22             2.553      0.065     39.579      0.000
    SCSK23             2.507      0.061     40.814      0.000
    SCOI24             1.782      0.036     49.314      0.000
    SCIS25             1.975      0.044     44.657      0.000
    SCSK26             2.678      0.068     39.654      0.000
    APPRECIATI         1.552      0.047     32.790      0.000
    NEW_POSSIB         1.338      0.038     35.317      0.000
    PERSONAL_S         1.884      0.060     31.554      0.000
    SPIRITUALI         0.575      0.021     27.079      0.000
    RELATING_T         1.509      0.044     34.485      0.000
    AVOIDING           1.177      0.032     36.503      0.000
    INTRUSIVIT         1.183      0.031     38.660      0.000
    HYPERAROUS         0.740      0.023     32.451      0.000

 Variances
    PTGI               1.000      0.000    999.000    999.000
    IESR               1.000      0.000    999.000    999.000

 Residual Variances
    SCSJ1              0.651      0.034     19.181      0.000
    SCOI2              0.326      0.026     12.657      0.000
    SCCH3              0.806      0.038     21.064      0.000
    SCIS4              0.370      0.030     12.389      0.000
    SCSK5              0.635      0.043     14.705      0.000
    SCOI6              0.363      0.025     14.359      0.000
    SCCH7              0.788      0.032     24.811      0.000
    SCSJ8              0.434      0.033     12.981      0.000
    SCMI9              0.611      0.045     13.605      0.000
    SCCH10             0.745      0.035     21.525      0.000
    SCSJ11             0.451      0.034     13.103      0.000
    SCSK12             0.598      0.037     16.134      0.000
    SCIS13             0.504      0.030     16.670      0.000
    SCMI14             0.481      0.047     10.320      0.000
    SCCH15             0.539      0.035     15.207      0.000
    SCSJ16             0.456      0.033     13.868      0.000
    SCMI17             0.449      0.039     11.444      0.000
    SCIS18             0.473      0.032     14.921      0.000
    SCSK19             0.517      0.040     13.070      0.000
    SCOI20             0.530      0.038     14.133      0.000
    SCSJ21             0.634      0.033     18.994      0.000
    SCMI22             0.562      0.036     15.679      0.000
    SCSK23             0.433      0.043     10.065      0.000
    SCOI24             0.535      0.034     15.818      0.000
    SCIS25             0.424      0.029     14.437      0.000
    SCSK26             0.389      0.043      9.083      0.000
    APPRECIATI         0.322      0.024     13.393      0.000
    NEW_POSSIB         0.105      0.014      7.370      0.000
    PERSONAL_S         0.346      0.024     14.242      0.000
    SPIRITUALI         0.720      0.027     27.041      0.000
    RELATING_T         0.223      0.022     10.051      0.000
    AVOIDING           0.372      0.031     12.175      0.000
    INTRUSIVIT         0.225      0.028      7.947      0.000
    HYPERAROUS         0.221      0.025      8.796      0.000
    G                  0.967      0.021     46.920      0.000
    P                  0.955      0.021     46.109      0.000
    N                  0.708      0.038     18.512      0.000


R-SQUARE

    Observed                                        Two-Tailed
    Variable        Estimate       S.E.  Est./S.E.    P-Value

    SCSJ1              0.349      0.034     10.279      0.000
    SCOI2              0.674      0.026     26.160      0.000
    SCCH3              0.194      0.038      5.068      0.000
    SCIS4              0.630      0.030     21.055      0.000
    SCSK5              0.365      0.043      8.444      0.000
    SCOI6              0.637      0.025     25.172      0.000
    SCCH7              0.212      0.032      6.668      0.000
    SCSJ8              0.566      0.033     16.949      0.000
    SCMI9              0.389      0.045      8.678      0.000
    SCCH10             0.255      0.035      7.381      0.000
    SCSJ11             0.549      0.034     15.938      0.000
    SCSK12             0.402      0.037     10.862      0.000
    SCIS13             0.496      0.030     16.437      0.000
    SCMI14             0.519      0.047     11.154      0.000
    SCCH15             0.461      0.035     12.996      0.000
    SCSJ16             0.544      0.033     16.527      0.000
    SCMI17             0.551      0.039     14.058      0.000
    SCIS18             0.527      0.032     16.614      0.000
    SCSK19             0.483      0.040     12.191      0.000
    SCOI20             0.470      0.038     12.523      0.000
    SCSJ21             0.366      0.033     10.942      0.000
    SCMI22             0.438      0.036     12.228      0.000
    SCSK23             0.567      0.043     13.186      0.000
    SCOI24             0.465      0.034     13.744      0.000
    SCIS25             0.576      0.029     19.619      0.000
    SCSK26             0.611      0.043     14.237      0.000
    APPRECIA           0.678      0.024     28.183      0.000
    NEW_POSS           0.895      0.014     62.905      0.000
    PERSONAL           0.654      0.024     26.872      0.000
    SPIRITUA           0.280      0.027     10.531      0.000
    RELATING           0.777      0.022     35.051      0.000
    AVOIDING           0.628      0.031     20.584      0.000
    INTRUSIV           0.775      0.028     27.332      0.000
    HYPERARO           0.779      0.025     31.072      0.000

     Latent                                         Two-Tailed
    Variable        Estimate       S.E.  Est./S.E.    P-Value

    G                  0.033      0.021      1.600      0.110
    P                  0.045      0.021      2.166      0.030
    N                  0.292      0.038      7.631      0.000


MODEL MODIFICATION INDICES

Minimum M.I. value for printing the modification index    10.000

                                   M.I.     E.P.C.  Std E.P.C.  StdYX E.P.C.

ON/BY Statements

SCMI14   ON PTGI     /
PTGI     BY SCMI14                10.828    -0.032     -0.112       -0.112
SCSK19   ON IESR     /
IESR     BY SCSK19                10.167    -0.030     -0.129       -0.116
PERSONAL ON P        /
P        BY PERSONAL              12.624    -0.467     -0.522       -0.098

ON Statements

N        ON SCMI14                10.094     0.769      0.737        0.740
PTGI     ON SCMI14                10.453    -0.757     -0.218       -0.219
SCSJ1    ON SCIS13                13.786    -0.146     -0.146       -0.183
SCOI2    ON SCIS4                 16.654     0.183      0.183        0.182
SCCH3    ON SCCH7                 14.980     0.140      0.140        0.163
SCCH3    ON SCCH10                11.839     0.138      0.138        0.150
SCCH3    ON SCCH15                17.277     0.211      0.211        0.221
SCCH3    ON SCSJ16                17.372    -0.200     -0.200       -0.241
SCCH3    ON SCSK19                10.204    -0.165     -0.165       -0.174
SCIS4    ON SCOI2                 16.654     0.206      0.206        0.207
SCIS4    ON SCOI6                 23.042     0.227      0.227        0.226
SCIS4    ON SCSJ16                14.439    -0.159     -0.159       -0.156
SCIS4    ON SCOI20                12.523    -0.149     -0.149       -0.136
SCSK5    ON SCSK12                72.587     1.153      1.153        1.116
SCSK5    ON SCMI17                10.029    -0.194     -0.194       -0.167
SCSK5    ON SCSK19                72.602     0.445      0.445        0.436
SCSK5    ON SCSK23                17.745    -0.243     -0.243       -0.234
SCOI6    ON SCIS4                 23.042     0.220      0.220        0.221
SCOI6    ON SCIS25                21.378     0.188      0.188        0.195
SCOI6    ON SPIRITUA              10.452    -0.051     -0.051       -0.083
SCSJ8    ON SCMI14                15.562    -0.237     -0.237       -0.186
SCSJ8    ON SCSJ16                20.838     0.213      0.213        0.211
SCSJ8    ON SCSJ21                18.189     0.178      0.178        0.160
SCMI9    ON SCMI14                24.665     0.301      0.301        0.294
SCMI9    ON SCCH15                11.247    -0.154     -0.154       -0.166
SCCH10   ON SCSJ11                20.347     0.210      0.210        0.225
SCSJ11   ON SCCH10                19.093     0.161      0.161        0.150
SCSK12   ON SCMI22                11.513     0.132      0.132        0.134
SCIS13   ON SCMI22                13.312    -0.154     -0.154       -0.130
SCMI14   ON SCCH7                 23.424    -0.141     -0.141       -0.174
SCMI14   ON SCSJ8                 15.562    -0.161     -0.161       -0.206
SCMI14   ON SCMI9                 24.663     0.226      0.226        0.231
SCMI14   ON SCCH10                23.511    -0.158     -0.158       -0.182
SCMI14   ON SCMI17                13.836     0.214      0.214        0.209
SCMI14   ON RELATING              16.061    -0.014     -0.014       -0.129
SCCH15   ON SCCH3                 17.277     0.155      0.155        0.148
SCCH15   ON SCCH7                 14.062     0.121      0.121        0.135
SCCH15   ON SCMI9                 11.247    -0.159     -0.159       -0.147
SCSJ16   ON SCCH3                 17.372    -0.164     -0.164       -0.136
SCSJ16   ON SCIS4                 14.440    -0.189     -0.189       -0.192
SCSJ16   ON SCSJ8                 20.839     0.220      0.220        0.222
SCMI17   ON SCMI14                13.837     0.191      0.191        0.195
SCSK19   ON SCSK5                 72.603     0.347      0.347        0.355
SCSK19   ON SCSK12                72.598     1.467      1.467        1.452
SCSK19   ON HYPERARO              10.388    -0.026     -0.026       -0.103
SCOI20   ON SCIS4                 12.523    -0.178     -0.178       -0.195
SCOI20   ON SCMI22                12.532     0.161      0.161        0.153
SCSJ21   ON SCSJ8                 18.189     0.212      0.212        0.235
SCMI22   ON SCIS13                22.171    -0.184     -0.184       -0.217
SCMI22   ON SCOI20                12.531     0.153      0.153        0.162
SCSK23   ON SCSK5                 24.992    -0.193     -0.193       -0.200
SCSK23   ON SCCH7                 10.839    -0.099     -0.099       -0.111
SCSK23   ON SCSK12                14.945    -0.159     -0.159       -0.160
SCSK23   ON SCSK26                34.475     0.393      0.393        0.374
SCIS25   ON SCOI6                 21.377     0.235      0.235        0.227
SCIS25   ON AVOIDING              12.188    -0.026     -0.026       -0.107
SCSK26   ON SCSK12                13.865    -0.153     -0.153       -0.161
SCSK26   ON SCSK23                34.476     0.320      0.320        0.336
PERSONAL ON SCMI14                12.383     0.463      0.463        0.087
PERSONAL ON SCMI17                10.081     0.428      0.428        0.079
PERSONAL ON SPIRITUA              15.467    -0.297     -0.297       -0.118
SPIRITUA ON PERSONAL              15.469    -0.097     -0.097       -0.244

WITH Statements

SCIS4    WITH SCOI2               16.654     0.114      0.114        0.194
SCOI6    WITH SCIS4               23.042     0.137      0.137        0.224
SCSJ11   WITH SCCH10              20.347     0.145      0.145        0.175
SCMI14   WITH N                   10.095     0.373      0.373        0.535
SCMI14   WITH PTGI                10.453    -0.367     -0.105       -0.152
SCMI14   WITH SCSJ8               15.562    -0.115     -0.115       -0.195
SCMI14   WITH SCMI9               24.664     0.146      0.146        0.261
SCCH15   WITH SCCH3               17.277     0.140      0.140        0.181
SCCH15   WITH SCMI9               11.247    -0.102     -0.102       -0.156
SCSJ16   WITH SCCH3               17.372    -0.148     -0.148       -0.181
SCSJ16   WITH SCIS4               14.439    -0.117     -0.117       -0.173
SCSJ16   WITH SCSJ8               20.839     0.157      0.157        0.216
SCMI17   WITH SCSK5               10.029    -0.084     -0.084       -0.140
SCMI17   WITH SCMI14              13.837     0.093      0.093        0.202
SCSK19   WITH P                   10.210     0.260      0.260        0.324
SCSK19   WITH SCSK5               72.604     0.287      0.287        0.393
SCOI20   WITH SCIS4               12.523    -0.110     -0.110       -0.163
SCSJ21   WITH SCSJ8               18.189     0.152      0.152        0.194
SCMI22   WITH SCSK12              11.513     0.093      0.093        0.130
SCMI22   WITH SCIS13              13.312    -0.109     -0.109       -0.137
SCMI22   WITH SCOI20              12.531     0.114      0.114        0.157
SCSK23   WITH SCSK5               17.745    -0.127     -0.127       -0.193
SCIS25   WITH SCOI6               21.378     0.142      0.142        0.210
SCSK26   WITH SCSK23              34.475     0.168      0.168        0.354
SPIRITUA WITH PERSONAL            15.468    -0.948     -0.948       -0.170
INTRUSIV WITH NEW_POSS            12.516    -1.687     -1.687       -0.242


     Beginning Time:  06:13:01
        Ending Time:  06:13:03
       Elapsed Time:  00:00:02



MUTHEN & MUTHEN
3463 Stoner Ave.
Los Angeles, CA  90066

Tel: (310) 391-9971
Fax: (310) 391-8971
Web: www.StatModel.com
Support: Support@StatModel.com

Copyright (c) 1998-2021 Muthen & Muthen
