Mplus VERSION 8.6 (Mac)
MUTHEN & MUTHEN
04/08/2023   1:36 PM

INPUT INSTRUCTIONS

  TITLE:
  model 6 with 5 classes
  DATA:
  FILE = "data_81c78c0cb6869e75ae6a0f08ff71917f.dat";

  VARIABLE:
  NAMES = neuroticism extraversion openness agreeableness conscientiousness
       active_coping avoidance_coping soc_emo_coping iesr_ts mpss_tot;
   MISSING=.;
   CLASSES = c1(5);

  ANALYSIS:
  TYPE = mixture;

  MODEL:
  %c1#1%
  neuroticism (vneuroticism1);
  extraversion (vextraversion1);
  openness (vopenness1);
  agreeableness (vagreeableness1);
  conscientiousness (vconscientiousness1);
  active_coping (vactive_coping1);
  avoidance_coping (vavoidance_coping1);
  soc_emo_coping (vsoc_emo_coping1);
  iesr_ts (viesr_ts1);
  mpss_tot (vmpss_tot1);

  neuroticism WITH extraversion (neuroticismWextraversion1);
  neuroticism WITH openness (neuroticismWopenness1);
  neuroticism WITH agreeableness (neuroticismWagreeableness1);
  neuroticism WITH conscientiousness (neuroticismWconscientiousness1);
  neuroticism WITH active_coping (neuroticismWactive_coping1);
  neuroticism WITH avoidance_coping (neuroticismWavoidance_coping1);
  neuroticism WITH soc_emo_coping (neuroticismWsoc_emo_coping1);
  neuroticism WITH iesr_ts (neuroticismWiesr_ts1);
  neuroticism WITH mpss_tot (neuroticismWmpss_tot1);
  extraversion WITH openness (extraversionWopenness1);
  extraversion WITH agreeableness (extraversionWagreeableness1);
  extraversion WITH conscientiousness (extraversionWconscientiousness1);
  extraversion WITH active_coping (extraversionWactive_coping1);
  extraversion WITH avoidance_coping (extraversionWavoidance_coping1);
  extraversion WITH soc_emo_coping (extraversionWsoc_emo_coping1);
  extraversion WITH iesr_ts (extraversionWiesr_ts1);
  extraversion WITH mpss_tot (extraversionWmpss_tot1);
  openness WITH agreeableness (opennessWagreeableness1);
  openness WITH conscientiousness (opennessWconscientiousness1);
  openness WITH active_coping (opennessWactive_coping1);
  openness WITH avoidance_coping (opennessWavoidance_coping1);
  openness WITH soc_emo_coping (opennessWsoc_emo_coping1);
  openness WITH iesr_ts (opennessWiesr_ts1);
  openness WITH mpss_tot (opennessWmpss_tot1);
  agreeableness WITH conscientiousness (agreeablenessWconscientiousness1);
  agreeableness WITH active_coping (agreeablenessWactive_coping1);
  agreeableness WITH avoidance_coping (agreeablenessWavoidance_coping1);
  agreeableness WITH soc_emo_coping (agreeablenessWsoc_emo_coping1);
  agreeableness WITH iesr_ts (agreeablenessWiesr_ts1);
  agreeableness WITH mpss_tot (agreeablenessWmpss_tot1);
  conscientiousness WITH active_coping (conscientiousnessWactive_coping1);
  conscientiousness WITH avoidance_coping (conscientiousnessWavoidance_coping1);
  conscientiousness WITH soc_emo_coping (conscientiousnessWsoc_emo_coping1);
  conscientiousness WITH iesr_ts (conscientiousnessWiesr_ts1);
  conscientiousness WITH mpss_tot (conscientiousnessWmpss_tot1);
  active_coping WITH avoidance_coping (active_copingWavoidance_coping1);
  active_coping WITH soc_emo_coping (active_copingWsoc_emo_coping1);
  active_coping WITH iesr_ts (active_copingWiesr_ts1);
  active_coping WITH mpss_tot (active_copingWmpss_tot1);
  avoidance_coping WITH soc_emo_coping (avoidance_copingWsoc_emo_coping1);
  avoidance_coping WITH iesr_ts (avoidance_copingWiesr_ts1);
  avoidance_coping WITH mpss_tot (avoidance_copingWmpss_tot1);
  soc_emo_coping WITH iesr_ts (soc_emo_copingWiesr_ts1);
  soc_emo_coping WITH mpss_tot (soc_emo_copingWmpss_tot1);
  iesr_ts WITH mpss_tot (iesr_tsWmpss_tot1);

  %c1#2%
  neuroticism (vneuroticism2);
  extraversion (vextraversion2);
  openness (vopenness2);
  agreeableness (vagreeableness2);
  conscientiousness (vconscientiousness2);
  active_coping (vactive_coping2);
  avoidance_coping (vavoidance_coping2);
  soc_emo_coping (vsoc_emo_coping2);
  iesr_ts (viesr_ts2);
  mpss_tot (vmpss_tot2);

  neuroticism WITH extraversion (neuroticismWextraversion2);
  neuroticism WITH openness (neuroticismWopenness2);
  neuroticism WITH agreeableness (neuroticismWagreeableness2);
  neuroticism WITH conscientiousness (neuroticismWconscientiousness2);
  neuroticism WITH active_coping (neuroticismWactive_coping2);
  neuroticism WITH avoidance_coping (neuroticismWavoidance_coping2);
  neuroticism WITH soc_emo_coping (neuroticismWsoc_emo_coping2);
  neuroticism WITH iesr_ts (neuroticismWiesr_ts2);
  neuroticism WITH mpss_tot (neuroticismWmpss_tot2);
  extraversion WITH openness (extraversionWopenness2);
  extraversion WITH agreeableness (extraversionWagreeableness2);
  extraversion WITH conscientiousness (extraversionWconscientiousness2);
  extraversion WITH active_coping (extraversionWactive_coping2);
  extraversion WITH avoidance_coping (extraversionWavoidance_coping2);
  extraversion WITH soc_emo_coping (extraversionWsoc_emo_coping2);
  extraversion WITH iesr_ts (extraversionWiesr_ts2);
  extraversion WITH mpss_tot (extraversionWmpss_tot2);
  openness WITH agreeableness (opennessWagreeableness2);
  openness WITH conscientiousness (opennessWconscientiousness2);
  openness WITH active_coping (opennessWactive_coping2);
  openness WITH avoidance_coping (opennessWavoidance_coping2);
  openness WITH soc_emo_coping (opennessWsoc_emo_coping2);
  openness WITH iesr_ts (opennessWiesr_ts2);
  openness WITH mpss_tot (opennessWmpss_tot2);
  agreeableness WITH conscientiousness (agreeablenessWconscientiousness2);
  agreeableness WITH active_coping (agreeablenessWactive_coping2);
  agreeableness WITH avoidance_coping (agreeablenessWavoidance_coping2);
  agreeableness WITH soc_emo_coping (agreeablenessWsoc_emo_coping2);
  agreeableness WITH iesr_ts (agreeablenessWiesr_ts2);
  agreeableness WITH mpss_tot (agreeablenessWmpss_tot2);
  conscientiousness WITH active_coping (conscientiousnessWactive_coping2);
  conscientiousness WITH avoidance_coping (conscientiousnessWavoidance_coping2);
  conscientiousness WITH soc_emo_coping (conscientiousnessWsoc_emo_coping2);
  conscientiousness WITH iesr_ts (conscientiousnessWiesr_ts2);
  conscientiousness WITH mpss_tot (conscientiousnessWmpss_tot2);
  active_coping WITH avoidance_coping (active_copingWavoidance_coping2);
  active_coping WITH soc_emo_coping (active_copingWsoc_emo_coping2);
  active_coping WITH iesr_ts (active_copingWiesr_ts2);
  active_coping WITH mpss_tot (active_copingWmpss_tot2);
  avoidance_coping WITH soc_emo_coping (avoidance_copingWsoc_emo_coping2);
  avoidance_coping WITH iesr_ts (avoidance_copingWiesr_ts2);
  avoidance_coping WITH mpss_tot (avoidance_copingWmpss_tot2);
  soc_emo_coping WITH iesr_ts (soc_emo_copingWiesr_ts2);
  soc_emo_coping WITH mpss_tot (soc_emo_copingWmpss_tot2);
  iesr_ts WITH mpss_tot (iesr_tsWmpss_tot2);

  %c1#3%
  neuroticism (vneuroticism3);
  extraversion (vextraversion3);
  openness (vopenness3);
  agreeableness (vagreeableness3);
  conscientiousness (vconscientiousness3);
  active_coping (vactive_coping3);
  avoidance_coping (vavoidance_coping3);
  soc_emo_coping (vsoc_emo_coping3);
  iesr_ts (viesr_ts3);
  mpss_tot (vmpss_tot3);

  neuroticism WITH extraversion (neuroticismWextraversion3);
  neuroticism WITH openness (neuroticismWopenness3);
  neuroticism WITH agreeableness (neuroticismWagreeableness3);
  neuroticism WITH conscientiousness (neuroticismWconscientiousness3);
  neuroticism WITH active_coping (neuroticismWactive_coping3);
  neuroticism WITH avoidance_coping (neuroticismWavoidance_coping3);
  neuroticism WITH soc_emo_coping (neuroticismWsoc_emo_coping3);
  neuroticism WITH iesr_ts (neuroticismWiesr_ts3);
  neuroticism WITH mpss_tot (neuroticismWmpss_tot3);
  extraversion WITH openness (extraversionWopenness3);
  extraversion WITH agreeableness (extraversionWagreeableness3);
  extraversion WITH conscientiousness (extraversionWconscientiousness3);
  extraversion WITH active_coping (extraversionWactive_coping3);
  extraversion WITH avoidance_coping (extraversionWavoidance_coping3);
  extraversion WITH soc_emo_coping (extraversionWsoc_emo_coping3);
  extraversion WITH iesr_ts (extraversionWiesr_ts3);
  extraversion WITH mpss_tot (extraversionWmpss_tot3);
  openness WITH agreeableness (opennessWagreeableness3);
  openness WITH conscientiousness (opennessWconscientiousness3);
  openness WITH active_coping (opennessWactive_coping3);
  openness WITH avoidance_coping (opennessWavoidance_coping3);
  openness WITH soc_emo_coping (opennessWsoc_emo_coping3);
  openness WITH iesr_ts (opennessWiesr_ts3);
  openness WITH mpss_tot (opennessWmpss_tot3);
  agreeableness WITH conscientiousness (agreeablenessWconscientiousness3);
  agreeableness WITH active_coping (agreeablenessWactive_coping3);
  agreeableness WITH avoidance_coping (agreeablenessWavoidance_coping3);
  agreeableness WITH soc_emo_coping (agreeablenessWsoc_emo_coping3);
  agreeableness WITH iesr_ts (agreeablenessWiesr_ts3);
  agreeableness WITH mpss_tot (agreeablenessWmpss_tot3);
  conscientiousness WITH active_coping (conscientiousnessWactive_coping3);
  conscientiousness WITH avoidance_coping (conscientiousnessWavoidance_coping3);
  conscientiousness WITH soc_emo_coping (conscientiousnessWsoc_emo_coping3);
  conscientiousness WITH iesr_ts (conscientiousnessWiesr_ts3);
  conscientiousness WITH mpss_tot (conscientiousnessWmpss_tot3);
  active_coping WITH avoidance_coping (active_copingWavoidance_coping3);
  active_coping WITH soc_emo_coping (active_copingWsoc_emo_coping3);
  active_coping WITH iesr_ts (active_copingWiesr_ts3);
  active_coping WITH mpss_tot (active_copingWmpss_tot3);
  avoidance_coping WITH soc_emo_coping (avoidance_copingWsoc_emo_coping3);
  avoidance_coping WITH iesr_ts (avoidance_copingWiesr_ts3);
  avoidance_coping WITH mpss_tot (avoidance_copingWmpss_tot3);
  soc_emo_coping WITH iesr_ts (soc_emo_copingWiesr_ts3);
  soc_emo_coping WITH mpss_tot (soc_emo_copingWmpss_tot3);
  iesr_ts WITH mpss_tot (iesr_tsWmpss_tot3);

  %c1#4%
  neuroticism (vneuroticism4);
  extraversion (vextraversion4);
  openness (vopenness4);
  agreeableness (vagreeableness4);
  conscientiousness (vconscientiousness4);
  active_coping (vactive_coping4);
  avoidance_coping (vavoidance_coping4);
  soc_emo_coping (vsoc_emo_coping4);
  iesr_ts (viesr_ts4);
  mpss_tot (vmpss_tot4);

  neuroticism WITH extraversion (neuroticismWextraversion4);
  neuroticism WITH openness (neuroticismWopenness4);
  neuroticism WITH agreeableness (neuroticismWagreeableness4);
  neuroticism WITH conscientiousness (neuroticismWconscientiousness4);
  neuroticism WITH active_coping (neuroticismWactive_coping4);
  neuroticism WITH avoidance_coping (neuroticismWavoidance_coping4);
  neuroticism WITH soc_emo_coping (neuroticismWsoc_emo_coping4);
  neuroticism WITH iesr_ts (neuroticismWiesr_ts4);
  neuroticism WITH mpss_tot (neuroticismWmpss_tot4);
  extraversion WITH openness (extraversionWopenness4);
  extraversion WITH agreeableness (extraversionWagreeableness4);
  extraversion WITH conscientiousness (extraversionWconscientiousness4);
  extraversion WITH active_coping (extraversionWactive_coping4);
  extraversion WITH avoidance_coping (extraversionWavoidance_coping4);
  extraversion WITH soc_emo_coping (extraversionWsoc_emo_coping4);
  extraversion WITH iesr_ts (extraversionWiesr_ts4);
  extraversion WITH mpss_tot (extraversionWmpss_tot4);
  openness WITH agreeableness (opennessWagreeableness4);
  openness WITH conscientiousness (opennessWconscientiousness4);
  openness WITH active_coping (opennessWactive_coping4);
  openness WITH avoidance_coping (opennessWavoidance_coping4);
  openness WITH soc_emo_coping (opennessWsoc_emo_coping4);
  openness WITH iesr_ts (opennessWiesr_ts4);
  openness WITH mpss_tot (opennessWmpss_tot4);
  agreeableness WITH conscientiousness (agreeablenessWconscientiousness4);
  agreeableness WITH active_coping (agreeablenessWactive_coping4);
  agreeableness WITH avoidance_coping (agreeablenessWavoidance_coping4);
  agreeableness WITH soc_emo_coping (agreeablenessWsoc_emo_coping4);
  agreeableness WITH iesr_ts (agreeablenessWiesr_ts4);
  agreeableness WITH mpss_tot (agreeablenessWmpss_tot4);
  conscientiousness WITH active_coping (conscientiousnessWactive_coping4);
  conscientiousness WITH avoidance_coping (conscientiousnessWavoidance_coping4);
  conscientiousness WITH soc_emo_coping (conscientiousnessWsoc_emo_coping4);
  conscientiousness WITH iesr_ts (conscientiousnessWiesr_ts4);
  conscientiousness WITH mpss_tot (conscientiousnessWmpss_tot4);
  active_coping WITH avoidance_coping (active_copingWavoidance_coping4);
  active_coping WITH soc_emo_coping (active_copingWsoc_emo_coping4);
  active_coping WITH iesr_ts (active_copingWiesr_ts4);
  active_coping WITH mpss_tot (active_copingWmpss_tot4);
  avoidance_coping WITH soc_emo_coping (avoidance_copingWsoc_emo_coping4);
  avoidance_coping WITH iesr_ts (avoidance_copingWiesr_ts4);
  avoidance_coping WITH mpss_tot (avoidance_copingWmpss_tot4);
  soc_emo_coping WITH iesr_ts (soc_emo_copingWiesr_ts4);
  soc_emo_coping WITH mpss_tot (soc_emo_copingWmpss_tot4);
  iesr_ts WITH mpss_tot (iesr_tsWmpss_tot4);

  %c1#5%
  neuroticism (vneuroticism5);
  extraversion (vextraversion5);
  openness (vopenness5);
  agreeableness (vagreeableness5);
  conscientiousness (vconscientiousness5);
  active_coping (vactive_coping5);
  avoidance_coping (vavoidance_coping5);
  soc_emo_coping (vsoc_emo_coping5);
  iesr_ts (viesr_ts5);
  mpss_tot (vmpss_tot5);

  neuroticism WITH extraversion (neuroticismWextraversion5);
  neuroticism WITH openness (neuroticismWopenness5);
  neuroticism WITH agreeableness (neuroticismWagreeableness5);
  neuroticism WITH conscientiousness (neuroticismWconscientiousness5);
  neuroticism WITH active_coping (neuroticismWactive_coping5);
  neuroticism WITH avoidance_coping (neuroticismWavoidance_coping5);
  neuroticism WITH soc_emo_coping (neuroticismWsoc_emo_coping5);
  neuroticism WITH iesr_ts (neuroticismWiesr_ts5);
  neuroticism WITH mpss_tot (neuroticismWmpss_tot5);
  extraversion WITH openness (extraversionWopenness5);
  extraversion WITH agreeableness (extraversionWagreeableness5);
  extraversion WITH conscientiousness (extraversionWconscientiousness5);
  extraversion WITH active_coping (extraversionWactive_coping5);
  extraversion WITH avoidance_coping (extraversionWavoidance_coping5);
  extraversion WITH soc_emo_coping (extraversionWsoc_emo_coping5);
  extraversion WITH iesr_ts (extraversionWiesr_ts5);
  extraversion WITH mpss_tot (extraversionWmpss_tot5);
  openness WITH agreeableness (opennessWagreeableness5);
  openness WITH conscientiousness (opennessWconscientiousness5);
  openness WITH active_coping (opennessWactive_coping5);
  openness WITH avoidance_coping (opennessWavoidance_coping5);
  openness WITH soc_emo_coping (opennessWsoc_emo_coping5);
  openness WITH iesr_ts (opennessWiesr_ts5);
  openness WITH mpss_tot (opennessWmpss_tot5);
  agreeableness WITH conscientiousness (agreeablenessWconscientiousness5);
  agreeableness WITH active_coping (agreeablenessWactive_coping5);
  agreeableness WITH avoidance_coping (agreeablenessWavoidance_coping5);
  agreeableness WITH soc_emo_coping (agreeablenessWsoc_emo_coping5);
  agreeableness WITH iesr_ts (agreeablenessWiesr_ts5);
  agreeableness WITH mpss_tot (agreeablenessWmpss_tot5);
  conscientiousness WITH active_coping (conscientiousnessWactive_coping5);
  conscientiousness WITH avoidance_coping (conscientiousnessWavoidance_coping5);
  conscientiousness WITH soc_emo_coping (conscientiousnessWsoc_emo_coping5);
  conscientiousness WITH iesr_ts (conscientiousnessWiesr_ts5);
  conscientiousness WITH mpss_tot (conscientiousnessWmpss_tot5);
  active_coping WITH avoidance_coping (active_copingWavoidance_coping5);
  active_coping WITH soc_emo_coping (active_copingWsoc_emo_coping5);
  active_coping WITH iesr_ts (active_copingWiesr_ts5);
  active_coping WITH mpss_tot (active_copingWmpss_tot5);
  avoidance_coping WITH soc_emo_coping (avoidance_copingWsoc_emo_coping5);
  avoidance_coping WITH iesr_ts (avoidance_copingWiesr_ts5);
  avoidance_coping WITH mpss_tot (avoidance_copingWmpss_tot5);
  soc_emo_coping WITH iesr_ts (soc_emo_copingWiesr_ts5);
  soc_emo_coping WITH mpss_tot (soc_emo_copingWmpss_tot5);
  iesr_ts WITH mpss_tot (iesr_tsWmpss_tot5);


  OUTPUT:
  TECH14;

  SAVEDATA:
  FILE IS model_6_class_5.dat;
  SAVE = cprobabilities;



*** WARNING in VARIABLE command
  Note that only the first 8 characters of variable names are used in the output.
  Shorten variable names to avoid any confusion.
*** WARNING in MODEL command
  All variables are uncorrelated with all other variables within class.
  Check that this is what is intended.
   2 WARNING(S) FOUND IN THE INPUT INSTRUCTIONS




model 6 with 5 classes

SUMMARY OF ANALYSIS

Number of groups                                                 1
Number of observations                                         746

Number of dependent variables                                   10
Number of independent variables                                  0
Number of continuous latent variables                            0
Number of categorical latent variables                           1

Observed dependent variables

  Continuous
   NEUROTICIS  EXTRAVERSI  OPENNESS    AGREEABLEN  CONSCIENTI  ACTIVE_COP
   AVOIDANCE_  SOC_EMO_CO  IESR_TS     MPSS_TOT

Categorical latent variables
   C1


Estimator                                                      MLR
Information matrix                                        OBSERVED
Optimization Specifications for the Quasi-Newton Algorithm for
Continuous Outcomes
  Maximum number of iterations                                 100
  Convergence criterion                                  0.100D-05
Optimization Specifications for the EM Algorithm
  Maximum number of iterations                                 500
  Convergence criteria
    Loglikelihood change                                 0.100D-06
    Relative loglikelihood change                        0.100D-06
    Derivative                                           0.100D-05
Optimization Specifications for the M step of the EM Algorithm for
Categorical Latent variables
  Number of M step iterations                                    1
  M step convergence criterion                           0.100D-05
  Basis for M step termination                           ITERATION
Optimization Specifications for the M step of the EM Algorithm for
Censored, Binary or Ordered Categorical (Ordinal), Unordered
Categorical (Nominal) and Count Outcomes
  Number of M step iterations                                    1
  M step convergence criterion                           0.100D-05
  Basis for M step termination                           ITERATION
  Maximum value for logit thresholds                            15
  Minimum value for logit thresholds                           -15
  Minimum expected cell size for chi-square              0.100D-01
Maximum number of iterations for H1                           2000
Convergence criterion for H1                             0.100D-03
Optimization algorithm                                         EMA
Random Starts Specifications
  Number of initial stage random starts                         20
  Number of final stage optimizations                            4
  Number of initial stage iterations                            10
  Initial stage convergence criterion                    0.100D+01
  Random starts scale                                    0.500D+01
  Random seed for generating random starts                       0

Input data file(s)
  data_81c78c0cb6869e75ae6a0f08ff71917f.dat
Input data format  FREE


SUMMARY OF DATA

     Number of missing data patterns             1
     Number of y missing data patterns           1
     Number of u missing data patterns           0


COVARIANCE COVERAGE OF DATA

Minimum covariance coverage value   0.100


     PROPORTION OF DATA PRESENT FOR Y


           Covariance Coverage
              NEUROTIC      EXTRAVER      OPENNESS      AGREEABL      CONSCIEN
              ________      ________      ________      ________      ________
 NEUROTIC       1.000
 EXTRAVER       1.000         1.000
 OPENNESS       1.000         1.000         1.000
 AGREEABL       1.000         1.000         1.000         1.000
 CONSCIEN       1.000         1.000         1.000         1.000         1.000
 ACTIVE_C       1.000         1.000         1.000         1.000         1.000
 AVOIDANC       1.000         1.000         1.000         1.000         1.000
 SOC_EMO_       1.000         1.000         1.000         1.000         1.000
 IESR_TS        1.000         1.000         1.000         1.000         1.000
 MPSS_TOT       1.000         1.000         1.000         1.000         1.000


           Covariance Coverage
              ACTIVE_C      AVOIDANC      SOC_EMO_      IESR_TS       MPSS_TOT
              ________      ________      ________      ________      ________
 ACTIVE_C       1.000
 AVOIDANC       1.000         1.000
 SOC_EMO_       1.000         1.000         1.000
 IESR_TS        1.000         1.000         1.000         1.000
 MPSS_TOT       1.000         1.000         1.000         1.000         1.000



UNIVARIATE SAMPLE STATISTICS


     UNIVARIATE HIGHER-ORDER MOMENT DESCRIPTIVE STATISTICS

         Variable/         Mean/     Skewness/   Minimum/ % with                Percentiles
        Sample Size      Variance    Kurtosis    Maximum  Min/Max      20%/60%    40%/80%    Median

     NEUROTICISM           0.000       0.344      -2.153    0.13%      -0.914     -0.351     -0.013
             746.000       0.999      -0.133       3.141    0.13%       0.212      0.776
     EXTRAVERSION          0.000      -0.567      -3.510    0.40%      -0.889     -0.161      0.130
             746.000       0.999       0.367       2.169    0.13%       0.276      0.858
     OPENNESS              0.000      -0.053      -2.961    0.13%      -0.787     -0.321     -0.010
             746.000       0.999      -0.208       2.630    0.54%       0.301      0.767
     AGREEABLENESS         0.000      -0.495      -4.910    0.13%      -0.773     -0.255      0.089
             746.000       0.999       0.738       2.331    0.13%       0.262      0.779
     CONSCIENTIOUSNE       0.000      -0.517      -3.782    0.13%      -0.722     -0.263      0.043
             746.000       0.999       0.347       1.880    0.94%       0.196      0.962
     ACTIVE_COPING         0.000      -0.164      -3.070    0.13%      -0.793     -0.276     -0.017
             746.000       0.999       0.060       2.726    0.13%       0.242      0.811
     AVOIDANCE_COPIN       0.000       1.136      -1.529    2.14%      -0.837     -0.421     -0.144
             746.000       0.999       1.959       4.843    0.13%      -0.005      0.687
     SOC_EMO_COPING        0.000       0.116      -2.529    0.40%      -0.840     -0.277      0.004
             746.000       0.999      -0.224       2.536    0.54%       0.285      0.848
     IESR_TS               0.000       1.113      -1.187    4.29%      -0.862     -0.538     -0.279
             746.000       0.999       0.732       3.938    0.13%      -0.019      0.759
     MPSS_TOT              0.000      -0.943      -3.410    0.27%      -0.762     -0.061      0.172
             746.000       0.999       0.588       1.263    8.31%       0.406      0.873

RANDOM STARTS RESULTS RANKED FROM THE BEST TO THE WORST LOGLIKELIHOOD VALUES

Unperturbed starting value run did not converge in the initial stage
optimizations.

16 perturbed starting value run(s) did not converge in the initial stage
optimizations.

Final stage loglikelihood values at local maxima, seeds, and initial stage start numbers:

           -9295.824  76974            16
           -9315.099  415931           10
           -9320.719  195873           6
           -9350.077  903420           5



     WARNING:  THE BEST LOGLIKELIHOOD VALUE WAS NOT REPLICATED.  THE
     SOLUTION MAY NOT BE TRUSTWORTHY DUE TO LOCAL MAXIMA.  INCREASE THE
     NUMBER OF RANDOM STARTS.

     THE STANDARD ERRORS OF THE MODEL PARAMETER ESTIMATES MAY NOT BE
     TRUSTWORTHY FOR SOME PARAMETERS DUE TO A NON-POSITIVE DEFINITE
     FIRST-ORDER DERIVATIVE PRODUCT MATRIX.  THIS MAY BE DUE TO THE STARTING
     VALUES BUT MAY ALSO BE AN INDICATION OF MODEL NONIDENTIFICATION.  THE
     CONDITION NUMBER IS      -0.115D-17.  PROBLEM INVOLVING THE FOLLOWING PARAMETER:
     Parameter 110, %C1#2%: SOC_EMO_COPING WITH AVOIDANCE_COPING (equality/label)


THE MODEL ESTIMATION TERMINATED NORMALLY



MODEL FIT INFORMATION

Number of Free Parameters                      329

Loglikelihood

          H0 Value                       -9295.824
          H0 Scaling Correction Factor      1.0292
            for MLR

Information Criteria

          Akaike (AIC)                   19249.648
          Bayesian (BIC)                 20767.893
          Sample-Size Adjusted BIC       19723.194
            (n* = (n + 2) / 24)



FINAL CLASS COUNTS AND PROPORTIONS FOR THE LATENT CLASSES
BASED ON THE ESTIMATED MODEL

    Latent
   Classes

       1        221.94543          0.29751
       2         21.97928          0.02946
       3        342.12334          0.45861
       4        147.97260          0.19835
       5         11.97935          0.01606


FINAL CLASS COUNTS AND PROPORTIONS FOR THE LATENT CLASSES
BASED ON ESTIMATED POSTERIOR PROBABILITIES

    Latent
   Classes

       1        221.94543          0.29751
       2         21.97928          0.02946
       3        342.12334          0.45861
       4        147.97260          0.19835
       5         11.97935          0.01606


FINAL CLASS COUNTS AND PROPORTIONS FOR THE LATENT CLASSES
BASED ON THEIR MOST LIKELY LATENT CLASS MEMBERSHIP

Class Counts and Proportions

    Latent
   Classes

       1              206          0.27614
       2               23          0.03083
       3              365          0.48928
       4              140          0.18767
       5               12          0.01609


CLASSIFICATION QUALITY

     Entropy                         0.815


Average Latent Class Probabilities for Most Likely Latent Class Membership (Row)
by Latent Class (Column)

           1        2        3        4        5

    1   0.893    0.000    0.061    0.046    0.000
    2   0.008    0.948    0.038    0.007    0.000
    3   0.072    0.001    0.881    0.047    0.000
    4   0.082    0.000    0.052    0.866    0.000
    5   0.000    0.000    0.001    0.000    0.998


Classification Probabilities for the Most Likely Latent Class Membership (Column)
by Latent Class (Row)

           1        2        3        4        5

    1   0.829    0.001    0.118    0.052    0.000
    2   0.000    0.992    0.008    0.000    0.000
    3   0.037    0.003    0.940    0.021    0.000
    4   0.064    0.001    0.116    0.819    0.000
    5   0.000    0.000    0.000    0.000    1.000


Logits for the Classification Probabilities for the Most Likely Latent Class Membership (Column)
by Latent Class (Row)

              1        2        3        4        5

    1     11.063    4.092    9.114    8.291    0.000
    2      2.490   13.807    9.026    2.772    0.000
    3      6.595    3.925    9.843    6.057    0.000
    4      9.544    5.501   10.137   12.093    0.000
    5    -13.816  -13.816  -13.816  -13.816    0.000


MODEL RESULTS

                                                    Two-Tailed
                    Estimate       S.E.  Est./S.E.    P-Value

Latent Class 1

 NEUROTIC WITH
    EXTRAVERSI        -0.514      0.090     -5.686      0.000
    OPENNESS           0.144      0.092      1.570      0.116
    AGREEABLEN        -0.082      0.076     -1.074      0.283
    CONSCIENTI        -0.319      0.073     -4.347      0.000
    ACTIVE_COP        -0.118      0.076     -1.542      0.123
    AVOIDANCE_         0.176      0.055      3.183      0.001
    SOC_EMO_CO         0.304      0.088      3.452      0.001
    IESR_TS            0.296      0.089      3.316      0.001
    MPSS_TOT           0.164      0.093      1.758      0.079

 EXTRAVER WITH
    OPENNESS           0.069      0.101      0.686      0.493
    AGREEABLEN         0.280      0.080      3.501      0.000
    CONSCIENTI         0.471      0.111      4.244      0.000
    ACTIVE_COP         0.243      0.090      2.705      0.007
    AVOIDANCE_        -0.145      0.063     -2.287      0.022
    SOC_EMO_CO         0.158      0.104      1.524      0.127
    IESR_TS           -0.058      0.101     -0.573      0.566
    MPSS_TOT           0.057      0.106      0.541      0.588

 OPENNESS WITH
    AGREEABLEN         0.276      0.076      3.627      0.000
    CONSCIENTI         0.090      0.078      1.155      0.248
    ACTIVE_COP         0.248      0.082      3.028      0.002
    AVOIDANCE_        -0.079      0.066     -1.187      0.235
    SOC_EMO_CO         0.229      0.094      2.435      0.015
    IESR_TS           -0.057      0.082     -0.691      0.490
    MPSS_TOT           0.124      0.091      1.358      0.174

 AGREEABL WITH
    CONSCIENTI         0.144      0.087      1.655      0.098
    ACTIVE_COP         0.309      0.096      3.217      0.001
    AVOIDANCE_        -0.069      0.055     -1.260      0.208
    SOC_EMO_CO         0.306      0.095      3.238      0.001
    IESR_TS           -0.002      0.087     -0.028      0.978
    MPSS_TOT           0.334      0.087      3.857      0.000

 CONSCIEN WITH
    ACTIVE_COP         0.210      0.080      2.617      0.009
    AVOIDANCE_        -0.191      0.077     -2.463      0.014
    SOC_EMO_CO         0.023      0.081      0.285      0.776
    IESR_TS           -0.104      0.092     -1.138      0.255
    MPSS_TOT          -0.167      0.095     -1.758      0.079

 ACTIVE_C WITH
    AVOIDANCE_        -0.028      0.073     -0.381      0.703
    SOC_EMO_CO         0.584      0.102      5.708      0.000
    IESR_TS            0.020      0.093      0.218      0.828
    MPSS_TOT           0.358      0.107      3.349      0.001

 AVOIDANC WITH
    SOC_EMO_CO         0.033      0.077      0.436      0.663
    IESR_TS            0.089      0.069      1.294      0.196
    MPSS_TOT          -0.041      0.080     -0.513      0.608

 SOC_EMO_ WITH
    IESR_TS            0.340      0.108      3.156      0.002
    MPSS_TOT           0.704      0.101      6.938      0.000

 IESR_TS  WITH
    MPSS_TOT           0.274      0.100      2.748      0.006

 Means
    NEUROTICIS         0.514      0.119      4.328      0.000
    EXTRAVERSI        -0.484      0.117     -4.122      0.000
    OPENNESS          -0.040      0.084     -0.470      0.638
    AGREEABLEN        -0.055      0.089     -0.621      0.535
    CONSCIENTI        -0.337      0.100     -3.361      0.001
    ACTIVE_COP        -0.176      0.095     -1.858      0.063
    AVOIDANCE_        -0.119      0.085     -1.390      0.165
    SOC_EMO_CO        -0.084      0.101     -0.831      0.406
    IESR_TS            0.313      0.110      2.835      0.005
    MPSS_TOT          -0.870      0.103     -8.448      0.000

 Variances
    NEUROTICIS         0.850      0.088      9.628      0.000
    EXTRAVERSI         1.112      0.121      9.179      0.000
    OPENNESS           1.000      0.107      9.313      0.000
    AGREEABLEN         0.904      0.098      9.177      0.000
    CONSCIENTI         0.942      0.150      6.268      0.000
    ACTIVE_COP         1.219      0.124      9.852      0.000
    AVOIDANCE_         0.609      0.089      6.859      0.000
    SOC_EMO_CO         1.268      0.135      9.423      0.000
    IESR_TS            1.050      0.138      7.617      0.000
    MPSS_TOT           1.180      0.111     10.650      0.000

Latent Class 2

 NEUROTIC WITH
    EXTRAVERSI        -0.111      0.220     -0.503      0.615
    OPENNESS          -0.183      0.238     -0.766      0.444
    AGREEABLEN        -0.458      0.238     -1.923      0.055
    CONSCIENTI         0.040      0.259      0.154      0.878
    ACTIVE_COP         0.169      0.221      0.766      0.444
    AVOIDANCE_         0.019      0.174      0.109      0.913
    SOC_EMO_CO         0.357      0.221      1.612      0.107
    IESR_TS            0.148      0.122      1.205      0.228
    MPSS_TOT           0.210      0.152      1.379      0.168

 EXTRAVER WITH
    OPENNESS          -0.444      0.169     -2.630      0.009
    AGREEABLEN         0.944      0.507      1.860      0.063
    CONSCIENTI         0.646      0.277      2.333      0.020
    ACTIVE_COP        -0.111      0.239     -0.463      0.643
    AVOIDANCE_        -0.511      0.378     -1.353      0.176
    SOC_EMO_CO         0.163      0.240      0.679      0.497
    IESR_TS            0.081      0.169      0.478      0.633
    MPSS_TOT           0.377      0.330      1.141      0.254

 OPENNESS WITH
    AGREEABLEN         0.180      0.256      0.705      0.481
    CONSCIENTI        -0.259      0.322     -0.807      0.420
    ACTIVE_COP         0.053      0.242      0.219      0.827
    AVOIDANCE_         0.074      0.175      0.424      0.672
    SOC_EMO_CO         0.499      0.247      2.017      0.044
    IESR_TS            0.054      0.145      0.370      0.711
    MPSS_TOT           0.306      0.171      1.790      0.073

 AGREEABL WITH
    CONSCIENTI         0.801      0.346      2.316      0.021
    ACTIVE_COP        -0.238      0.303     -0.784      0.433
    AVOIDANCE_        -0.695      0.405     -1.717      0.086
    SOC_EMO_CO         0.216      0.304      0.712      0.477
    IESR_TS            0.188      0.190      0.988      0.323
    MPSS_TOT           0.510      0.349      1.460      0.144

 CONSCIEN WITH
    ACTIVE_COP         0.140      0.373      0.377      0.706
    AVOIDANCE_        -0.958      0.310     -3.090      0.002
    SOC_EMO_CO        -0.095      0.363     -0.261      0.794
    IESR_TS           -0.387      0.257     -1.508      0.131
    MPSS_TOT           0.312      0.282      1.106      0.269

 ACTIVE_C WITH
    AVOIDANCE_        -0.167      0.276     -0.606      0.545
    SOC_EMO_CO         0.495      0.222      2.235      0.025
    IESR_TS            0.096      0.142      0.675      0.499
    MPSS_TOT           0.451      0.238      1.896      0.058

 AVOIDANC WITH
    SOC_EMO_CO         0.058      0.241      0.239      0.811
    IESR_TS            0.127      0.154      0.828      0.408
    MPSS_TOT          -0.394      0.294     -1.338      0.181

 SOC_EMO_ WITH
    IESR_TS            0.436      0.184      2.366      0.018
    MPSS_TOT           0.646      0.183      3.520      0.000

 IESR_TS  WITH
    MPSS_TOT           0.221      0.125      1.769      0.077

 Means
    NEUROTICIS         0.061      0.201      0.304      0.761
    EXTRAVERSI        -0.117      0.241     -0.485      0.628
    OPENNESS          -0.237      0.267     -0.886      0.376
    AGREEABLEN        -1.614      0.296     -5.450      0.000
    CONSCIENTI        -0.551      0.298     -1.847      0.065
    ACTIVE_COP        -0.958      0.266     -3.596      0.000
    AVOIDANCE_        -0.443      0.207     -2.143      0.032
    SOC_EMO_CO        -0.548      0.233     -2.350      0.019
    IESR_TS           -0.310      0.151     -2.055      0.040
    MPSS_TOT           0.336      0.191      1.761      0.078

 Variances
    NEUROTICIS         0.806      0.212      3.807      0.000
    EXTRAVERSI         1.141      0.517      2.206      0.027
    OPENNESS           1.323      0.306      4.325      0.000
    AGREEABLEN         1.617      0.539      2.999      0.003
    CONSCIENTI         1.838      0.494      3.720      0.000
    ACTIVE_COP         1.382      0.403      3.429      0.001
    AVOIDANCE_         0.881      0.313      2.813      0.005
    SOC_EMO_CO         1.058      0.285      3.709      0.000
    IESR_TS            0.412      0.139      2.960      0.003
    MPSS_TOT           0.742      0.228      3.251      0.001

Latent Class 3

 NEUROTIC WITH
    EXTRAVERSI        -0.268      0.052     -5.134      0.000
    OPENNESS          -0.160      0.056     -2.881      0.004
    AGREEABLEN        -0.190      0.047     -4.025      0.000
    CONSCIENTI        -0.306      0.056     -5.446      0.000
    ACTIVE_COP        -0.232      0.047     -4.938      0.000
    AVOIDANCE_         0.156      0.046      3.377      0.001
    SOC_EMO_CO         0.168      0.048      3.514      0.000
    IESR_TS            0.051      0.026      1.979      0.048
    MPSS_TOT          -0.057      0.039     -1.442      0.149

 EXTRAVER WITH
    OPENNESS           0.197      0.060      3.275      0.001
    AGREEABLEN         0.229      0.057      4.000      0.000
    CONSCIENTI         0.307      0.055      5.619      0.000
    ACTIVE_COP         0.240      0.050      4.757      0.000
    AVOIDANCE_         0.013      0.044      0.303      0.762
    SOC_EMO_CO         0.194      0.056      3.502      0.000
    IESR_TS            0.026      0.025      1.022      0.307
    MPSS_TOT           0.190      0.055      3.432      0.001

 OPENNESS WITH
    AGREEABLEN         0.188      0.056      3.377      0.001
    CONSCIENTI         0.014      0.055      0.257      0.797
    ACTIVE_COP         0.084      0.055      1.529      0.126
    AVOIDANCE_        -0.023      0.065     -0.357      0.721
    SOC_EMO_CO         0.123      0.066      1.860      0.063
    IESR_TS           -0.001      0.030     -0.029      0.977
    MPSS_TOT           0.031      0.046      0.674      0.500

 AGREEABL WITH
    CONSCIENTI         0.163      0.060      2.713      0.007
    ACTIVE_COP         0.142      0.061      2.332      0.020
    AVOIDANCE_         0.011      0.044      0.242      0.808
    SOC_EMO_CO         0.057      0.047      1.215      0.224
    IESR_TS           -0.003      0.024     -0.135      0.893
    MPSS_TOT           0.089      0.039      2.281      0.023

 CONSCIEN WITH
    ACTIVE_COP         0.252      0.052      4.817      0.000
    AVOIDANCE_        -0.151      0.052     -2.936      0.003
    SOC_EMO_CO        -0.131      0.051     -2.571      0.010
    IESR_TS            0.005      0.028      0.185      0.853
    MPSS_TOT           0.135      0.043      3.131      0.002

 ACTIVE_C WITH
    AVOIDANCE_         0.036      0.052      0.694      0.488
    SOC_EMO_CO         0.235      0.051      4.567      0.000
    IESR_TS            0.047      0.029      1.658      0.097
    MPSS_TOT           0.139      0.037      3.750      0.000

 AVOIDANC WITH
    SOC_EMO_CO         0.159      0.049      3.266      0.001
    IESR_TS            0.052      0.022      2.378      0.017
    MPSS_TOT           0.002      0.031      0.081      0.936

 SOC_EMO_ WITH
    IESR_TS            0.083      0.026      3.203      0.001
    MPSS_TOT           0.117      0.040      2.948      0.003

 IESR_TS  WITH
    MPSS_TOT           0.028      0.019      1.469      0.142

 Means
    NEUROTICIS        -0.424      0.060     -7.070      0.000
    EXTRAVERSI         0.286      0.069      4.115      0.000
    OPENNESS           0.028      0.072      0.388      0.698
    AGREEABLEN         0.291      0.064      4.563      0.000
    CONSCIENTI         0.177      0.068      2.610      0.009
    ACTIVE_COP        -0.016      0.072     -0.219      0.827
    AVOIDANCE_        -0.267      0.077     -3.478      0.001
    SOC_EMO_CO        -0.098      0.064     -1.537      0.124
    IESR_TS           -0.553      0.060     -9.244      0.000
    MPSS_TOT           0.395      0.081      4.907      0.000

 Variances
    NEUROTICIS         0.618      0.060     10.364      0.000
    EXTRAVERSI         0.737      0.091      8.109      0.000
    OPENNESS           0.871      0.081     10.696      0.000
    AGREEABLEN         0.622      0.045     13.897      0.000
    CONSCIENTI         0.768      0.078      9.871      0.000
    ACTIVE_COP         0.768      0.074     10.410      0.000
    AVOIDANCE_         0.528      0.068      7.789      0.000
    SOC_EMO_CO         0.732      0.070     10.388      0.000
    IESR_TS            0.194      0.040      4.887      0.000
    MPSS_TOT           0.415      0.076      5.455      0.000

Latent Class 4

 NEUROTIC WITH
    EXTRAVERSI        -0.458      0.128     -3.589      0.000
    OPENNESS          -0.232      0.154     -1.510      0.131
    AGREEABLEN        -0.102      0.145     -0.704      0.481
    CONSCIENTI        -0.397      0.116     -3.413      0.001
    ACTIVE_COP        -0.234      0.096     -2.429      0.015
    AVOIDANCE_         0.652      0.161      4.044      0.000
    SOC_EMO_CO         0.334      0.130      2.576      0.010
    IESR_TS            0.336      0.150      2.248      0.025
    MPSS_TOT          -0.162      0.094     -1.736      0.083

 EXTRAVER WITH
    OPENNESS           0.334      0.118      2.829      0.005
    AGREEABLEN         0.117      0.107      1.088      0.277
    CONSCIENTI         0.426      0.131      3.245      0.001
    ACTIVE_COP         0.188      0.090      2.086      0.037
    AVOIDANCE_        -0.261      0.123     -2.125      0.034
    SOC_EMO_CO         0.041      0.119      0.347      0.729
    IESR_TS            0.217      0.172      1.264      0.206
    MPSS_TOT           0.144      0.065      2.206      0.027

 OPENNESS WITH
    AGREEABLEN         0.359      0.143      2.513      0.012
    CONSCIENTI         0.029      0.111      0.257      0.798
    ACTIVE_COP         0.130      0.110      1.187      0.235
    AVOIDANCE_        -0.497      0.163     -3.058      0.002
    SOC_EMO_CO         0.007      0.134      0.051      0.960
    IESR_TS            0.188      0.188      0.998      0.318
    MPSS_TOT           0.088      0.102      0.863      0.388

 AGREEABL WITH
    CONSCIENTI        -0.130      0.115     -1.134      0.257
    ACTIVE_COP        -0.243      0.125     -1.948      0.051
    AVOIDANCE_        -0.035      0.129     -0.275      0.784
    SOC_EMO_CO        -0.192      0.115     -1.669      0.095
    IESR_TS            0.095      0.132      0.722      0.470
    MPSS_TOT           0.180      0.077      2.324      0.020

 CONSCIEN WITH
    ACTIVE_COP         0.244      0.106      2.296      0.022
    AVOIDANCE_        -0.357      0.132     -2.706      0.007
    SOC_EMO_CO         0.131      0.147      0.891      0.373
    IESR_TS            0.249      0.176      1.418      0.156
    MPSS_TOT           0.114      0.069      1.658      0.097

 ACTIVE_C WITH
    AVOIDANCE_        -0.015      0.124     -0.125      0.901
    SOC_EMO_CO         0.181      0.092      1.970      0.049
    IESR_TS           -0.274      0.117     -2.352      0.019
    MPSS_TOT          -0.074      0.093     -0.799      0.424

 AVOIDANC WITH
    SOC_EMO_CO         0.098      0.118      0.831      0.406
    IESR_TS           -0.286      0.172     -1.659      0.097
    MPSS_TOT          -0.271      0.120     -2.257      0.024

 SOC_EMO_ WITH
    IESR_TS            0.327      0.116      2.827      0.005
    MPSS_TOT           0.042      0.075      0.566      0.571

 IESR_TS  WITH
    MPSS_TOT          -0.031      0.119     -0.259      0.796

 Means
    NEUROTICIS         0.164      0.167      0.986      0.324
    EXTRAVERSI         0.055      0.129      0.427      0.669
    OPENNESS           0.034      0.151      0.225      0.822
    AGREEABLEN        -0.423      0.140     -3.013      0.003
    CONSCIENTI         0.083      0.135      0.619      0.536
    ACTIVE_COP         0.358      0.101      3.538      0.000
    AVOIDANCE_         0.861      0.171      5.040      0.000
    SOC_EMO_CO         0.295      0.125      2.357      0.018
    IESR_TS            0.803      0.166      4.840      0.000
    MPSS_TOT           0.258      0.113      2.284      0.022

 Variances
    NEUROTICIS         1.281      0.220      5.813      0.000
    EXTRAVERSI         0.886      0.148      5.965      0.000
    OPENNESS           1.192      0.150      7.947      0.000
    AGREEABLEN         1.098      0.150      7.321      0.000
    CONSCIENTI         1.146      0.234      4.893      0.000
    ACTIVE_COP         0.769      0.102      7.567      0.000
    AVOIDANCE_         1.773      0.286      6.207      0.000
    SOC_EMO_CO         0.824      0.134      6.146      0.000
    IESR_TS            1.324      0.156      8.478      0.000
    MPSS_TOT           0.523      0.100      5.250      0.000

Latent Class 5

 NEUROTIC WITH
    EXTRAVERSI        -0.613      0.187     -3.281      0.001
    OPENNESS          -0.553      0.192     -2.883      0.004
    AGREEABLEN        -0.251      0.181     -1.387      0.166
    CONSCIENTI        -0.148      0.144     -1.022      0.307
    ACTIVE_COP        -0.442      0.293     -1.506      0.132
    AVOIDANCE_        -0.192      0.171     -1.125      0.260
    SOC_EMO_CO         0.191      0.216      0.887      0.375
    IESR_TS            0.635      0.184      3.453      0.001
    MPSS_TOT           0.058      0.055      1.043      0.297

 EXTRAVER WITH
    OPENNESS           0.483      0.254      1.904      0.057
    AGREEABLEN         0.474      0.263      1.805      0.071
    CONSCIENTI        -0.135      0.134     -1.010      0.313
    ACTIVE_COP         0.047      0.219      0.215      0.830
    AVOIDANCE_         0.146      0.165      0.883      0.377
    SOC_EMO_CO         0.050      0.277      0.181      0.857
    IESR_TS           -0.558      0.176     -3.180      0.001
    MPSS_TOT          -0.005      0.039     -0.128      0.898

 OPENNESS WITH
    AGREEABLEN         0.581      0.374      1.552      0.121
    CONSCIENTI        -0.060      0.173     -0.347      0.729
    ACTIVE_COP        -0.168      0.220     -0.764      0.445
    AVOIDANCE_        -0.448      0.215     -2.081      0.037
    SOC_EMO_CO        -0.181      0.213     -0.851      0.395
    IESR_TS           -0.141      0.310     -0.453      0.651
    MPSS_TOT           0.082      0.063      1.297      0.195

 AGREEABL WITH
    CONSCIENTI        -0.194      0.148     -1.309      0.191
    ACTIVE_COP        -0.212      0.268     -0.792      0.428
    AVOIDANCE_        -0.003      0.158     -0.021      0.983
    SOC_EMO_CO         0.104      0.229      0.454      0.650
    IESR_TS           -0.306      0.323     -0.949      0.343
    MPSS_TOT           0.081      0.041      1.983      0.047

 CONSCIEN WITH
    ACTIVE_COP         0.320      0.118      2.721      0.007
    AVOIDANCE_         0.049      0.101      0.484      0.628
    SOC_EMO_CO        -0.186      0.109     -1.709      0.088
    IESR_TS           -0.012      0.154     -0.077      0.938
    MPSS_TOT          -0.019      0.028     -0.697      0.486

 ACTIVE_C WITH
    AVOIDANCE_         0.240      0.108      2.224      0.026
    SOC_EMO_CO        -0.101      0.170     -0.595      0.552
    IESR_TS           -0.238      0.252     -0.943      0.346
    MPSS_TOT          -0.048      0.052     -0.917      0.359

 AVOIDANC WITH
    SOC_EMO_CO        -0.008      0.222     -0.038      0.970
    IESR_TS           -0.471      0.196     -2.405      0.016
    MPSS_TOT          -0.042      0.033     -1.292      0.196

 SOC_EMO_ WITH
    IESR_TS            0.328      0.239      1.372      0.170
    MPSS_TOT           0.013      0.039      0.324      0.746

 IESR_TS  WITH
    MPSS_TOT           0.004      0.055      0.066      0.948

 Means
    NEUROTICIS         0.439      0.282      1.555      0.120
    EXTRAVERSI         0.335      0.236      1.423      0.155
    OPENNESS          -0.049      0.350     -0.141      0.888
    AGREEABLEN         0.908      0.271      3.356      0.001
    CONSCIENTI         1.166      0.154      7.585      0.000
    ACTIVE_COP         1.044      0.244      4.279      0.000
    AVOIDANCE_         0.006      0.203      0.031      0.975
    SOC_EMO_CO         1.716      0.243      7.053      0.000
    IESR_TS            0.652      0.286      2.276      0.023
    MPSS_TOT           1.036      0.058     17.849      0.000

 Variances
    NEUROTICIS         0.936      0.314      2.985      0.003
    EXTRAVERSI         0.655      0.212      3.096      0.002
    OPENNESS           1.444      0.485      2.980      0.003
    AGREEABLEN         0.874      0.435      2.006      0.045
    CONSCIENTI         0.278      0.076      3.660      0.000
    ACTIVE_COP         0.710      0.240      2.954      0.003
    AVOIDANCE_         0.491      0.144      3.399      0.001
    SOC_EMO_CO         0.706      0.295      2.391      0.017
    IESR_TS            0.974      0.257      3.787      0.000
    MPSS_TOT           0.040      0.007      5.387      0.000

Categorical Latent Variables

 Means
    C1#1               2.919      0.313      9.322      0.000
    C1#2               0.607      0.366      1.658      0.097
    C1#3               3.352      0.308     10.899      0.000
    C1#4               2.514      0.365      6.885      0.000


QUALITY OF NUMERICAL RESULTS

     Condition Number for the Information Matrix             -0.115E-17
       (ratio of smallest to largest eigenvalue)


TECHNICAL 1 OUTPUT


     PARAMETER SPECIFICATION FOR LATENT CLASS 1


           NU
              NEUROTIC      EXTRAVER      OPENNESS      AGREEABL      CONSCIEN
              ________      ________      ________      ________      ________
                    1             2             3             4             5


           NU
              ACTIVE_C      AVOIDANC      SOC_EMO_      IESR_TS       MPSS_TOT
              ________      ________      ________      ________      ________
                    6             7             8             9            10


           THETA
              NEUROTIC      EXTRAVER      OPENNESS      AGREEABL      CONSCIEN
              ________      ________      ________      ________      ________
 NEUROTIC          11
 EXTRAVER          12            13
 OPENNESS          14            15            16
 AGREEABL          17            18            19            20
 CONSCIEN          21            22            23            24            25
 ACTIVE_C          26            27            28            29            30
 AVOIDANC          32            33            34            35            36
 SOC_EMO_          39            40            41            42            43
 IESR_TS           47            48            49            50            51
 MPSS_TOT          56            57            58            59            60


           THETA
              ACTIVE_C      AVOIDANC      SOC_EMO_      IESR_TS       MPSS_TOT
              ________      ________      ________      ________      ________
 ACTIVE_C          31
 AVOIDANC          37            38
 SOC_EMO_          44            45            46
 IESR_TS           52            53            54            55
 MPSS_TOT          61            62            63            64            65


     PARAMETER SPECIFICATION FOR LATENT CLASS 2


           NU
              NEUROTIC      EXTRAVER      OPENNESS      AGREEABL      CONSCIEN
              ________      ________      ________      ________      ________
                   66            67            68            69            70


           NU
              ACTIVE_C      AVOIDANC      SOC_EMO_      IESR_TS       MPSS_TOT
              ________      ________      ________      ________      ________
                   71            72            73            74            75


           THETA
              NEUROTIC      EXTRAVER      OPENNESS      AGREEABL      CONSCIEN
              ________      ________      ________      ________      ________
 NEUROTIC          76
 EXTRAVER          77            78
 OPENNESS          79            80            81
 AGREEABL          82            83            84            85
 CONSCIEN          86            87            88            89            90
 ACTIVE_C          91            92            93            94            95
 AVOIDANC          97            98            99           100           101
 SOC_EMO_         104           105           106           107           108
 IESR_TS          112           113           114           115           116
 MPSS_TOT         121           122           123           124           125


           THETA
              ACTIVE_C      AVOIDANC      SOC_EMO_      IESR_TS       MPSS_TOT
              ________      ________      ________      ________      ________
 ACTIVE_C          96
 AVOIDANC         102           103
 SOC_EMO_         109           110           111
 IESR_TS          117           118           119           120
 MPSS_TOT         126           127           128           129           130


     PARAMETER SPECIFICATION FOR LATENT CLASS 3


           NU
              NEUROTIC      EXTRAVER      OPENNESS      AGREEABL      CONSCIEN
              ________      ________      ________      ________      ________
                  131           132           133           134           135


           NU
              ACTIVE_C      AVOIDANC      SOC_EMO_      IESR_TS       MPSS_TOT
              ________      ________      ________      ________      ________
                  136           137           138           139           140


           THETA
              NEUROTIC      EXTRAVER      OPENNESS      AGREEABL      CONSCIEN
              ________      ________      ________      ________      ________
 NEUROTIC         141
 EXTRAVER         142           143
 OPENNESS         144           145           146
 AGREEABL         147           148           149           150
 CONSCIEN         151           152           153           154           155
 ACTIVE_C         156           157           158           159           160
 AVOIDANC         162           163           164           165           166
 SOC_EMO_         169           170           171           172           173
 IESR_TS          177           178           179           180           181
 MPSS_TOT         186           187           188           189           190


           THETA
              ACTIVE_C      AVOIDANC      SOC_EMO_      IESR_TS       MPSS_TOT
              ________      ________      ________      ________      ________
 ACTIVE_C         161
 AVOIDANC         167           168
 SOC_EMO_         174           175           176
 IESR_TS          182           183           184           185
 MPSS_TOT         191           192           193           194           195


     PARAMETER SPECIFICATION FOR LATENT CLASS 4


           NU
              NEUROTIC      EXTRAVER      OPENNESS      AGREEABL      CONSCIEN
              ________      ________      ________      ________      ________
                  196           197           198           199           200


           NU
              ACTIVE_C      AVOIDANC      SOC_EMO_      IESR_TS       MPSS_TOT
              ________      ________      ________      ________      ________
                  201           202           203           204           205


           THETA
              NEUROTIC      EXTRAVER      OPENNESS      AGREEABL      CONSCIEN
              ________      ________      ________      ________      ________
 NEUROTIC         206
 EXTRAVER         207           208
 OPENNESS         209           210           211
 AGREEABL         212           213           214           215
 CONSCIEN         216           217           218           219           220
 ACTIVE_C         221           222           223           224           225
 AVOIDANC         227           228           229           230           231
 SOC_EMO_         234           235           236           237           238
 IESR_TS          242           243           244           245           246
 MPSS_TOT         251           252           253           254           255


           THETA
              ACTIVE_C      AVOIDANC      SOC_EMO_      IESR_TS       MPSS_TOT
              ________      ________      ________      ________      ________
 ACTIVE_C         226
 AVOIDANC         232           233
 SOC_EMO_         239           240           241
 IESR_TS          247           248           249           250
 MPSS_TOT         256           257           258           259           260


     PARAMETER SPECIFICATION FOR LATENT CLASS 5


           NU
              NEUROTIC      EXTRAVER      OPENNESS      AGREEABL      CONSCIEN
              ________      ________      ________      ________      ________
                  261           262           263           264           265


           NU
              ACTIVE_C      AVOIDANC      SOC_EMO_      IESR_TS       MPSS_TOT
              ________      ________      ________      ________      ________
                  266           267           268           269           270


           THETA
              NEUROTIC      EXTRAVER      OPENNESS      AGREEABL      CONSCIEN
              ________      ________      ________      ________      ________
 NEUROTIC         271
 EXTRAVER         272           273
 OPENNESS         274           275           276
 AGREEABL         277           278           279           280
 CONSCIEN         281           282           283           284           285
 ACTIVE_C         286           287           288           289           290
 AVOIDANC         292           293           294           295           296
 SOC_EMO_         299           300           301           302           303
 IESR_TS          307           308           309           310           311
 MPSS_TOT         316           317           318           319           320


           THETA
              ACTIVE_C      AVOIDANC      SOC_EMO_      IESR_TS       MPSS_TOT
              ________      ________      ________      ________      ________
 ACTIVE_C         291
 AVOIDANC         297           298
 SOC_EMO_         304           305           306
 IESR_TS          312           313           314           315
 MPSS_TOT         321           322           323           324           325


     PARAMETER SPECIFICATION FOR LATENT CLASS REGRESSION MODEL PART


           ALPHA(C)
              C1#1          C1#2          C1#3          C1#4          C1#5
              ________      ________      ________      ________      ________
                  326           327           328           329             0


     STARTING VALUES FOR LATENT CLASS 1


           NU
              NEUROTIC      EXTRAVER      OPENNESS      AGREEABL      CONSCIEN
              ________      ________      ________      ________      ________
               -1.999        -1.999        -1.999        -1.999        -1.999


           NU
              ACTIVE_C      AVOIDANC      SOC_EMO_      IESR_TS       MPSS_TOT
              ________      ________      ________      ________      ________
               -1.999        -1.999        -1.999        -1.999        -1.999


           THETA
              NEUROTIC      EXTRAVER      OPENNESS      AGREEABL      CONSCIEN
              ________      ________      ________      ________      ________
 NEUROTIC       0.499
 EXTRAVER       0.000         0.499
 OPENNESS       0.000         0.000         0.499
 AGREEABL       0.000         0.000         0.000         0.499
 CONSCIEN       0.000         0.000         0.000         0.000         0.499
 ACTIVE_C       0.000         0.000         0.000         0.000         0.000
 AVOIDANC       0.000         0.000         0.000         0.000         0.000
 SOC_EMO_       0.000         0.000         0.000         0.000         0.000
 IESR_TS        0.000         0.000         0.000         0.000         0.000
 MPSS_TOT       0.000         0.000         0.000         0.000         0.000


           THETA
              ACTIVE_C      AVOIDANC      SOC_EMO_      IESR_TS       MPSS_TOT
              ________      ________      ________      ________      ________
 ACTIVE_C       0.499
 AVOIDANC       0.000         0.499
 SOC_EMO_       0.000         0.000         0.499
 IESR_TS        0.000         0.000         0.000         0.499
 MPSS_TOT       0.000         0.000         0.000         0.000         0.499


     STARTING VALUES FOR LATENT CLASS 2


           NU
              NEUROTIC      EXTRAVER      OPENNESS      AGREEABL      CONSCIEN
              ________      ________      ________      ________      ________
               -0.999        -0.999        -0.999        -0.999        -0.999


           NU
              ACTIVE_C      AVOIDANC      SOC_EMO_      IESR_TS       MPSS_TOT
              ________      ________      ________      ________      ________
               -0.999        -0.999        -0.999        -0.999        -0.999


           THETA
              NEUROTIC      EXTRAVER      OPENNESS      AGREEABL      CONSCIEN
              ________      ________      ________      ________      ________
 NEUROTIC       0.499
 EXTRAVER       0.000         0.499
 OPENNESS       0.000         0.000         0.499
 AGREEABL       0.000         0.000         0.000         0.499
 CONSCIEN       0.000         0.000         0.000         0.000         0.499
 ACTIVE_C       0.000         0.000         0.000         0.000         0.000
 AVOIDANC       0.000         0.000         0.000         0.000         0.000
 SOC_EMO_       0.000         0.000         0.000         0.000         0.000
 IESR_TS        0.000         0.000         0.000         0.000         0.000
 MPSS_TOT       0.000         0.000         0.000         0.000         0.000


           THETA
              ACTIVE_C      AVOIDANC      SOC_EMO_      IESR_TS       MPSS_TOT
              ________      ________      ________      ________      ________
 ACTIVE_C       0.499
 AVOIDANC       0.000         0.499
 SOC_EMO_       0.000         0.000         0.499
 IESR_TS        0.000         0.000         0.000         0.499
 MPSS_TOT       0.000         0.000         0.000         0.000         0.499


     STARTING VALUES FOR LATENT CLASS 3


           NU
              NEUROTIC      EXTRAVER      OPENNESS      AGREEABL      CONSCIEN
              ________      ________      ________      ________      ________
                0.000         0.000         0.000         0.000         0.000


           NU
              ACTIVE_C      AVOIDANC      SOC_EMO_      IESR_TS       MPSS_TOT
              ________      ________      ________      ________      ________
                0.000         0.000         0.000         0.000         0.000


           THETA
              NEUROTIC      EXTRAVER      OPENNESS      AGREEABL      CONSCIEN
              ________      ________      ________      ________      ________
 NEUROTIC       0.499
 EXTRAVER       0.000         0.499
 OPENNESS       0.000         0.000         0.499
 AGREEABL       0.000         0.000         0.000         0.499
 CONSCIEN       0.000         0.000         0.000         0.000         0.499
 ACTIVE_C       0.000         0.000         0.000         0.000         0.000
 AVOIDANC       0.000         0.000         0.000         0.000         0.000
 SOC_EMO_       0.000         0.000         0.000         0.000         0.000
 IESR_TS        0.000         0.000         0.000         0.000         0.000
 MPSS_TOT       0.000         0.000         0.000         0.000         0.000


           THETA
              ACTIVE_C      AVOIDANC      SOC_EMO_      IESR_TS       MPSS_TOT
              ________      ________      ________      ________      ________
 ACTIVE_C       0.499
 AVOIDANC       0.000         0.499
 SOC_EMO_       0.000         0.000         0.499
 IESR_TS        0.000         0.000         0.000         0.499
 MPSS_TOT       0.000         0.000         0.000         0.000         0.499


     STARTING VALUES FOR LATENT CLASS 4


           NU
              NEUROTIC      EXTRAVER      OPENNESS      AGREEABL      CONSCIEN
              ________      ________      ________      ________      ________
                0.999         0.999         0.999         0.999         0.999


           NU
              ACTIVE_C      AVOIDANC      SOC_EMO_      IESR_TS       MPSS_TOT
              ________      ________      ________      ________      ________
                0.999         0.999         0.999         0.999         0.999


           THETA
              NEUROTIC      EXTRAVER      OPENNESS      AGREEABL      CONSCIEN
              ________      ________      ________      ________      ________
 NEUROTIC       0.499
 EXTRAVER       0.000         0.499
 OPENNESS       0.000         0.000         0.499
 AGREEABL       0.000         0.000         0.000         0.499
 CONSCIEN       0.000         0.000         0.000         0.000         0.499
 ACTIVE_C       0.000         0.000         0.000         0.000         0.000
 AVOIDANC       0.000         0.000         0.000         0.000         0.000
 SOC_EMO_       0.000         0.000         0.000         0.000         0.000
 IESR_TS        0.000         0.000         0.000         0.000         0.000
 MPSS_TOT       0.000         0.000         0.000         0.000         0.000


           THETA
              ACTIVE_C      AVOIDANC      SOC_EMO_      IESR_TS       MPSS_TOT
              ________      ________      ________      ________      ________
 ACTIVE_C       0.499
 AVOIDANC       0.000         0.499
 SOC_EMO_       0.000         0.000         0.499
 IESR_TS        0.000         0.000         0.000         0.499
 MPSS_TOT       0.000         0.000         0.000         0.000         0.499


     STARTING VALUES FOR LATENT CLASS 5


           NU
              NEUROTIC      EXTRAVER      OPENNESS      AGREEABL      CONSCIEN
              ________      ________      ________      ________      ________
                1.999         1.999         1.999         1.999         1.999


           NU
              ACTIVE_C      AVOIDANC      SOC_EMO_      IESR_TS       MPSS_TOT
              ________      ________      ________      ________      ________
                1.999         1.999         1.999         1.999         1.999


           THETA
              NEUROTIC      EXTRAVER      OPENNESS      AGREEABL      CONSCIEN
              ________      ________      ________      ________      ________
 NEUROTIC       0.499
 EXTRAVER       0.000         0.499
 OPENNESS       0.000         0.000         0.499
 AGREEABL       0.000         0.000         0.000         0.499
 CONSCIEN       0.000         0.000         0.000         0.000         0.499
 ACTIVE_C       0.000         0.000         0.000         0.000         0.000
 AVOIDANC       0.000         0.000         0.000         0.000         0.000
 SOC_EMO_       0.000         0.000         0.000         0.000         0.000
 IESR_TS        0.000         0.000         0.000         0.000         0.000
 MPSS_TOT       0.000         0.000         0.000         0.000         0.000


           THETA
              ACTIVE_C      AVOIDANC      SOC_EMO_      IESR_TS       MPSS_TOT
              ________      ________      ________      ________      ________
 ACTIVE_C       0.499
 AVOIDANC       0.000         0.499
 SOC_EMO_       0.000         0.000         0.499
 IESR_TS        0.000         0.000         0.000         0.499
 MPSS_TOT       0.000         0.000         0.000         0.000         0.499


     STARTING VALUES FOR LATENT CLASS REGRESSION MODEL PART


           ALPHA(C)
              C1#1          C1#2          C1#3          C1#4          C1#5
              ________      ________      ________      ________      ________
                0.000         0.000         0.000         0.000         0.000


TECHNICAL 14 OUTPUT

     Random Starts Specifications for the k-1 Class Analysis Model
        Number of initial stage random starts                  20
        Number of final stage optimizations                     4

     Random Starts Specification for the k-1 Class Model for Generated Data
        Number of initial stage random starts                   0
        Number of final stage optimizations for the
           initial stage random starts                          0
     Random Starts Specification for the k Class Model for Generated Data
        Number of initial stage random starts                  40
        Number of final stage optimizations                     8
     Number of bootstrap draws requested                   Varies


     PARAMETRIC BOOTSTRAPPED LIKELIHOOD RATIO TEST FOR 4 (H0) VERSUS 5 CLASSES

          H0 Loglikelihood Value                        -9384.751
          2 Times the Loglikelihood Difference            177.853
          Difference in the Number of Parameters               66
          Approximate P-Value                              0.0000
          Successful Bootstrap Draws                           49

     WARNING:  OF THE 49 BOOTSTRAP DRAWS, 51 DRAWS HAD BOTH A SMALLER LRT VALUE THAN THE
     OBSERVED LRT VALUE AND NOT A REPLICATED BEST LOGLIKELIHOOD VALUE FOR THE 5-CLASS MODEL.
     THIS MEANS THAT THE P-VALUE MAY NOT BE TRUSTWORTHY DUE TO LOCAL MAXIMA.
     INCREASE THE NUMBER OF RANDOM STARTS USING THE LRTSTARTS OPTION.


     WARNING:  32 OUT OF 81 BOOTSTRAP DRAWS DID NOT CONVERGE.
     INCREASE THE NUMBER OF RANDOM STARTS USING THE LRTSTARTS OPTION.



SAVEDATA INFORMATION


  Save file
    model_6_class_5.dat

  Order and format of variables

    NEUROTIC       F10.3
    EXTRAVER       F10.3
    OPENNESS       F10.3
    AGREEABL       F10.3
    CONSCIEN       F10.3
    ACTIVE_C       F10.3
    AVOIDANC       F10.3
    SOC_EMO_       F10.3
    IESR_TS        F10.3
    MPSS_TOT       F10.3
    CPROB1         F10.3
    CPROB2         F10.3
    CPROB3         F10.3
    CPROB4         F10.3
    CPROB5         F10.3
    C1             F10.3

  Save file format
    16F10.3

  Save file record length    10000

  Save missing symbol        *


     Beginning Time:  13:36:13
        Ending Time:  13:44:33
       Elapsed Time:  00:08:20



MUTHEN & MUTHEN
3463 Stoner Ave.
Los Angeles, CA  90066

Tel: (310) 391-9971
Fax: (310) 391-8971
Web: www.StatModel.com
Support: Support@StatModel.com

Copyright (c) 1998-2021 Muthen & Muthen
