Mplus VERSION 8.6 (Mac)
MUTHEN & MUTHEN
04/08/2023   1:27 PM

INPUT INSTRUCTIONS

  TITLE:
  model 1 with 8 classes
  DATA:
  FILE = "data_81c78c0cb6869e75ae6a0f08ff71917f.dat";

  VARIABLE:
  NAMES = neuroticism extraversion openness agreeableness conscientiousness
       active_coping avoidance_coping soc_emo_coping iesr_ts mpss_tot;
   MISSING=.;
   CLASSES = c1(8);

  ANALYSIS:
  TYPE = mixture;

  MODEL:
  %c1#1%
  neuroticism (vneuroticism);
  extraversion (vextraversion);
  openness (vopenness);
  agreeableness (vagreeableness);
  conscientiousness (vconscientiousness);
  active_coping (vactive_coping);
  avoidance_coping (vavoidance_coping);
  soc_emo_coping (vsoc_emo_coping);
  iesr_ts (viesr_ts);
  mpss_tot (vmpss_tot);

  neuroticism WITH extraversion@0;
  neuroticism WITH openness@0;
  neuroticism WITH agreeableness@0;
  neuroticism WITH conscientiousness@0;
  neuroticism WITH active_coping@0;
  neuroticism WITH avoidance_coping@0;
  neuroticism WITH soc_emo_coping@0;
  neuroticism WITH iesr_ts@0;
  neuroticism WITH mpss_tot@0;
  extraversion WITH openness@0;
  extraversion WITH agreeableness@0;
  extraversion WITH conscientiousness@0;
  extraversion WITH active_coping@0;
  extraversion WITH avoidance_coping@0;
  extraversion WITH soc_emo_coping@0;
  extraversion WITH iesr_ts@0;
  extraversion WITH mpss_tot@0;
  openness WITH agreeableness@0;
  openness WITH conscientiousness@0;
  openness WITH active_coping@0;
  openness WITH avoidance_coping@0;
  openness WITH soc_emo_coping@0;
  openness WITH iesr_ts@0;
  openness WITH mpss_tot@0;
  agreeableness WITH conscientiousness@0;
  agreeableness WITH active_coping@0;
  agreeableness WITH avoidance_coping@0;
  agreeableness WITH soc_emo_coping@0;
  agreeableness WITH iesr_ts@0;
  agreeableness WITH mpss_tot@0;
  conscientiousness WITH active_coping@0;
  conscientiousness WITH avoidance_coping@0;
  conscientiousness WITH soc_emo_coping@0;
  conscientiousness WITH iesr_ts@0;
  conscientiousness WITH mpss_tot@0;
  active_coping WITH avoidance_coping@0;
  active_coping WITH soc_emo_coping@0;
  active_coping WITH iesr_ts@0;
  active_coping WITH mpss_tot@0;
  avoidance_coping WITH soc_emo_coping@0;
  avoidance_coping WITH iesr_ts@0;
  avoidance_coping WITH mpss_tot@0;
  soc_emo_coping WITH iesr_ts@0;
  soc_emo_coping WITH mpss_tot@0;
  iesr_ts WITH mpss_tot@0;

  %c1#2%
  neuroticism (vneuroticism);
  extraversion (vextraversion);
  openness (vopenness);
  agreeableness (vagreeableness);
  conscientiousness (vconscientiousness);
  active_coping (vactive_coping);
  avoidance_coping (vavoidance_coping);
  soc_emo_coping (vsoc_emo_coping);
  iesr_ts (viesr_ts);
  mpss_tot (vmpss_tot);

  neuroticism WITH extraversion@0;
  neuroticism WITH openness@0;
  neuroticism WITH agreeableness@0;
  neuroticism WITH conscientiousness@0;
  neuroticism WITH active_coping@0;
  neuroticism WITH avoidance_coping@0;
  neuroticism WITH soc_emo_coping@0;
  neuroticism WITH iesr_ts@0;
  neuroticism WITH mpss_tot@0;
  extraversion WITH openness@0;
  extraversion WITH agreeableness@0;
  extraversion WITH conscientiousness@0;
  extraversion WITH active_coping@0;
  extraversion WITH avoidance_coping@0;
  extraversion WITH soc_emo_coping@0;
  extraversion WITH iesr_ts@0;
  extraversion WITH mpss_tot@0;
  openness WITH agreeableness@0;
  openness WITH conscientiousness@0;
  openness WITH active_coping@0;
  openness WITH avoidance_coping@0;
  openness WITH soc_emo_coping@0;
  openness WITH iesr_ts@0;
  openness WITH mpss_tot@0;
  agreeableness WITH conscientiousness@0;
  agreeableness WITH active_coping@0;
  agreeableness WITH avoidance_coping@0;
  agreeableness WITH soc_emo_coping@0;
  agreeableness WITH iesr_ts@0;
  agreeableness WITH mpss_tot@0;
  conscientiousness WITH active_coping@0;
  conscientiousness WITH avoidance_coping@0;
  conscientiousness WITH soc_emo_coping@0;
  conscientiousness WITH iesr_ts@0;
  conscientiousness WITH mpss_tot@0;
  active_coping WITH avoidance_coping@0;
  active_coping WITH soc_emo_coping@0;
  active_coping WITH iesr_ts@0;
  active_coping WITH mpss_tot@0;
  avoidance_coping WITH soc_emo_coping@0;
  avoidance_coping WITH iesr_ts@0;
  avoidance_coping WITH mpss_tot@0;
  soc_emo_coping WITH iesr_ts@0;
  soc_emo_coping WITH mpss_tot@0;
  iesr_ts WITH mpss_tot@0;

  %c1#3%
  neuroticism (vneuroticism);
  extraversion (vextraversion);
  openness (vopenness);
  agreeableness (vagreeableness);
  conscientiousness (vconscientiousness);
  active_coping (vactive_coping);
  avoidance_coping (vavoidance_coping);
  soc_emo_coping (vsoc_emo_coping);
  iesr_ts (viesr_ts);
  mpss_tot (vmpss_tot);

  neuroticism WITH extraversion@0;
  neuroticism WITH openness@0;
  neuroticism WITH agreeableness@0;
  neuroticism WITH conscientiousness@0;
  neuroticism WITH active_coping@0;
  neuroticism WITH avoidance_coping@0;
  neuroticism WITH soc_emo_coping@0;
  neuroticism WITH iesr_ts@0;
  neuroticism WITH mpss_tot@0;
  extraversion WITH openness@0;
  extraversion WITH agreeableness@0;
  extraversion WITH conscientiousness@0;
  extraversion WITH active_coping@0;
  extraversion WITH avoidance_coping@0;
  extraversion WITH soc_emo_coping@0;
  extraversion WITH iesr_ts@0;
  extraversion WITH mpss_tot@0;
  openness WITH agreeableness@0;
  openness WITH conscientiousness@0;
  openness WITH active_coping@0;
  openness WITH avoidance_coping@0;
  openness WITH soc_emo_coping@0;
  openness WITH iesr_ts@0;
  openness WITH mpss_tot@0;
  agreeableness WITH conscientiousness@0;
  agreeableness WITH active_coping@0;
  agreeableness WITH avoidance_coping@0;
  agreeableness WITH soc_emo_coping@0;
  agreeableness WITH iesr_ts@0;
  agreeableness WITH mpss_tot@0;
  conscientiousness WITH active_coping@0;
  conscientiousness WITH avoidance_coping@0;
  conscientiousness WITH soc_emo_coping@0;
  conscientiousness WITH iesr_ts@0;
  conscientiousness WITH mpss_tot@0;
  active_coping WITH avoidance_coping@0;
  active_coping WITH soc_emo_coping@0;
  active_coping WITH iesr_ts@0;
  active_coping WITH mpss_tot@0;
  avoidance_coping WITH soc_emo_coping@0;
  avoidance_coping WITH iesr_ts@0;
  avoidance_coping WITH mpss_tot@0;
  soc_emo_coping WITH iesr_ts@0;
  soc_emo_coping WITH mpss_tot@0;
  iesr_ts WITH mpss_tot@0;

  %c1#4%
  neuroticism (vneuroticism);
  extraversion (vextraversion);
  openness (vopenness);
  agreeableness (vagreeableness);
  conscientiousness (vconscientiousness);
  active_coping (vactive_coping);
  avoidance_coping (vavoidance_coping);
  soc_emo_coping (vsoc_emo_coping);
  iesr_ts (viesr_ts);
  mpss_tot (vmpss_tot);

  neuroticism WITH extraversion@0;
  neuroticism WITH openness@0;
  neuroticism WITH agreeableness@0;
  neuroticism WITH conscientiousness@0;
  neuroticism WITH active_coping@0;
  neuroticism WITH avoidance_coping@0;
  neuroticism WITH soc_emo_coping@0;
  neuroticism WITH iesr_ts@0;
  neuroticism WITH mpss_tot@0;
  extraversion WITH openness@0;
  extraversion WITH agreeableness@0;
  extraversion WITH conscientiousness@0;
  extraversion WITH active_coping@0;
  extraversion WITH avoidance_coping@0;
  extraversion WITH soc_emo_coping@0;
  extraversion WITH iesr_ts@0;
  extraversion WITH mpss_tot@0;
  openness WITH agreeableness@0;
  openness WITH conscientiousness@0;
  openness WITH active_coping@0;
  openness WITH avoidance_coping@0;
  openness WITH soc_emo_coping@0;
  openness WITH iesr_ts@0;
  openness WITH mpss_tot@0;
  agreeableness WITH conscientiousness@0;
  agreeableness WITH active_coping@0;
  agreeableness WITH avoidance_coping@0;
  agreeableness WITH soc_emo_coping@0;
  agreeableness WITH iesr_ts@0;
  agreeableness WITH mpss_tot@0;
  conscientiousness WITH active_coping@0;
  conscientiousness WITH avoidance_coping@0;
  conscientiousness WITH soc_emo_coping@0;
  conscientiousness WITH iesr_ts@0;
  conscientiousness WITH mpss_tot@0;
  active_coping WITH avoidance_coping@0;
  active_coping WITH soc_emo_coping@0;
  active_coping WITH iesr_ts@0;
  active_coping WITH mpss_tot@0;
  avoidance_coping WITH soc_emo_coping@0;
  avoidance_coping WITH iesr_ts@0;
  avoidance_coping WITH mpss_tot@0;
  soc_emo_coping WITH iesr_ts@0;
  soc_emo_coping WITH mpss_tot@0;
  iesr_ts WITH mpss_tot@0;

  %c1#5%
  neuroticism (vneuroticism);
  extraversion (vextraversion);
  openness (vopenness);
  agreeableness (vagreeableness);
  conscientiousness (vconscientiousness);
  active_coping (vactive_coping);
  avoidance_coping (vavoidance_coping);
  soc_emo_coping (vsoc_emo_coping);
  iesr_ts (viesr_ts);
  mpss_tot (vmpss_tot);

  neuroticism WITH extraversion@0;
  neuroticism WITH openness@0;
  neuroticism WITH agreeableness@0;
  neuroticism WITH conscientiousness@0;
  neuroticism WITH active_coping@0;
  neuroticism WITH avoidance_coping@0;
  neuroticism WITH soc_emo_coping@0;
  neuroticism WITH iesr_ts@0;
  neuroticism WITH mpss_tot@0;
  extraversion WITH openness@0;
  extraversion WITH agreeableness@0;
  extraversion WITH conscientiousness@0;
  extraversion WITH active_coping@0;
  extraversion WITH avoidance_coping@0;
  extraversion WITH soc_emo_coping@0;
  extraversion WITH iesr_ts@0;
  extraversion WITH mpss_tot@0;
  openness WITH agreeableness@0;
  openness WITH conscientiousness@0;
  openness WITH active_coping@0;
  openness WITH avoidance_coping@0;
  openness WITH soc_emo_coping@0;
  openness WITH iesr_ts@0;
  openness WITH mpss_tot@0;
  agreeableness WITH conscientiousness@0;
  agreeableness WITH active_coping@0;
  agreeableness WITH avoidance_coping@0;
  agreeableness WITH soc_emo_coping@0;
  agreeableness WITH iesr_ts@0;
  agreeableness WITH mpss_tot@0;
  conscientiousness WITH active_coping@0;
  conscientiousness WITH avoidance_coping@0;
  conscientiousness WITH soc_emo_coping@0;
  conscientiousness WITH iesr_ts@0;
  conscientiousness WITH mpss_tot@0;
  active_coping WITH avoidance_coping@0;
  active_coping WITH soc_emo_coping@0;
  active_coping WITH iesr_ts@0;
  active_coping WITH mpss_tot@0;
  avoidance_coping WITH soc_emo_coping@0;
  avoidance_coping WITH iesr_ts@0;
  avoidance_coping WITH mpss_tot@0;
  soc_emo_coping WITH iesr_ts@0;
  soc_emo_coping WITH mpss_tot@0;
  iesr_ts WITH mpss_tot@0;

  %c1#6%
  neuroticism (vneuroticism);
  extraversion (vextraversion);
  openness (vopenness);
  agreeableness (vagreeableness);
  conscientiousness (vconscientiousness);
  active_coping (vactive_coping);
  avoidance_coping (vavoidance_coping);
  soc_emo_coping (vsoc_emo_coping);
  iesr_ts (viesr_ts);
  mpss_tot (vmpss_tot);

  neuroticism WITH extraversion@0;
  neuroticism WITH openness@0;
  neuroticism WITH agreeableness@0;
  neuroticism WITH conscientiousness@0;
  neuroticism WITH active_coping@0;
  neuroticism WITH avoidance_coping@0;
  neuroticism WITH soc_emo_coping@0;
  neuroticism WITH iesr_ts@0;
  neuroticism WITH mpss_tot@0;
  extraversion WITH openness@0;
  extraversion WITH agreeableness@0;
  extraversion WITH conscientiousness@0;
  extraversion WITH active_coping@0;
  extraversion WITH avoidance_coping@0;
  extraversion WITH soc_emo_coping@0;
  extraversion WITH iesr_ts@0;
  extraversion WITH mpss_tot@0;
  openness WITH agreeableness@0;
  openness WITH conscientiousness@0;
  openness WITH active_coping@0;
  openness WITH avoidance_coping@0;
  openness WITH soc_emo_coping@0;
  openness WITH iesr_ts@0;
  openness WITH mpss_tot@0;
  agreeableness WITH conscientiousness@0;
  agreeableness WITH active_coping@0;
  agreeableness WITH avoidance_coping@0;
  agreeableness WITH soc_emo_coping@0;
  agreeableness WITH iesr_ts@0;
  agreeableness WITH mpss_tot@0;
  conscientiousness WITH active_coping@0;
  conscientiousness WITH avoidance_coping@0;
  conscientiousness WITH soc_emo_coping@0;
  conscientiousness WITH iesr_ts@0;
  conscientiousness WITH mpss_tot@0;
  active_coping WITH avoidance_coping@0;
  active_coping WITH soc_emo_coping@0;
  active_coping WITH iesr_ts@0;
  active_coping WITH mpss_tot@0;
  avoidance_coping WITH soc_emo_coping@0;
  avoidance_coping WITH iesr_ts@0;
  avoidance_coping WITH mpss_tot@0;
  soc_emo_coping WITH iesr_ts@0;
  soc_emo_coping WITH mpss_tot@0;
  iesr_ts WITH mpss_tot@0;

  %c1#7%
  neuroticism (vneuroticism);
  extraversion (vextraversion);
  openness (vopenness);
  agreeableness (vagreeableness);
  conscientiousness (vconscientiousness);
  active_coping (vactive_coping);
  avoidance_coping (vavoidance_coping);
  soc_emo_coping (vsoc_emo_coping);
  iesr_ts (viesr_ts);
  mpss_tot (vmpss_tot);

  neuroticism WITH extraversion@0;
  neuroticism WITH openness@0;
  neuroticism WITH agreeableness@0;
  neuroticism WITH conscientiousness@0;
  neuroticism WITH active_coping@0;
  neuroticism WITH avoidance_coping@0;
  neuroticism WITH soc_emo_coping@0;
  neuroticism WITH iesr_ts@0;
  neuroticism WITH mpss_tot@0;
  extraversion WITH openness@0;
  extraversion WITH agreeableness@0;
  extraversion WITH conscientiousness@0;
  extraversion WITH active_coping@0;
  extraversion WITH avoidance_coping@0;
  extraversion WITH soc_emo_coping@0;
  extraversion WITH iesr_ts@0;
  extraversion WITH mpss_tot@0;
  openness WITH agreeableness@0;
  openness WITH conscientiousness@0;
  openness WITH active_coping@0;
  openness WITH avoidance_coping@0;
  openness WITH soc_emo_coping@0;
  openness WITH iesr_ts@0;
  openness WITH mpss_tot@0;
  agreeableness WITH conscientiousness@0;
  agreeableness WITH active_coping@0;
  agreeableness WITH avoidance_coping@0;
  agreeableness WITH soc_emo_coping@0;
  agreeableness WITH iesr_ts@0;
  agreeableness WITH mpss_tot@0;
  conscientiousness WITH active_coping@0;
  conscientiousness WITH avoidance_coping@0;
  conscientiousness WITH soc_emo_coping@0;
  conscientiousness WITH iesr_ts@0;
  conscientiousness WITH mpss_tot@0;
  active_coping WITH avoidance_coping@0;
  active_coping WITH soc_emo_coping@0;
  active_coping WITH iesr_ts@0;
  active_coping WITH mpss_tot@0;
  avoidance_coping WITH soc_emo_coping@0;
  avoidance_coping WITH iesr_ts@0;
  avoidance_coping WITH mpss_tot@0;
  soc_emo_coping WITH iesr_ts@0;
  soc_emo_coping WITH mpss_tot@0;
  iesr_ts WITH mpss_tot@0;

  %c1#8%
  neuroticism (vneuroticism);
  extraversion (vextraversion);
  openness (vopenness);
  agreeableness (vagreeableness);
  conscientiousness (vconscientiousness);
  active_coping (vactive_coping);
  avoidance_coping (vavoidance_coping);
  soc_emo_coping (vsoc_emo_coping);
  iesr_ts (viesr_ts);
  mpss_tot (vmpss_tot);

  neuroticism WITH extraversion@0;
  neuroticism WITH openness@0;
  neuroticism WITH agreeableness@0;
  neuroticism WITH conscientiousness@0;
  neuroticism WITH active_coping@0;
  neuroticism WITH avoidance_coping@0;
  neuroticism WITH soc_emo_coping@0;
  neuroticism WITH iesr_ts@0;
  neuroticism WITH mpss_tot@0;
  extraversion WITH openness@0;
  extraversion WITH agreeableness@0;
  extraversion WITH conscientiousness@0;
  extraversion WITH active_coping@0;
  extraversion WITH avoidance_coping@0;
  extraversion WITH soc_emo_coping@0;
  extraversion WITH iesr_ts@0;
  extraversion WITH mpss_tot@0;
  openness WITH agreeableness@0;
  openness WITH conscientiousness@0;
  openness WITH active_coping@0;
  openness WITH avoidance_coping@0;
  openness WITH soc_emo_coping@0;
  openness WITH iesr_ts@0;
  openness WITH mpss_tot@0;
  agreeableness WITH conscientiousness@0;
  agreeableness WITH active_coping@0;
  agreeableness WITH avoidance_coping@0;
  agreeableness WITH soc_emo_coping@0;
  agreeableness WITH iesr_ts@0;
  agreeableness WITH mpss_tot@0;
  conscientiousness WITH active_coping@0;
  conscientiousness WITH avoidance_coping@0;
  conscientiousness WITH soc_emo_coping@0;
  conscientiousness WITH iesr_ts@0;
  conscientiousness WITH mpss_tot@0;
  active_coping WITH avoidance_coping@0;
  active_coping WITH soc_emo_coping@0;
  active_coping WITH iesr_ts@0;
  active_coping WITH mpss_tot@0;
  avoidance_coping WITH soc_emo_coping@0;
  avoidance_coping WITH iesr_ts@0;
  avoidance_coping WITH mpss_tot@0;
  soc_emo_coping WITH iesr_ts@0;
  soc_emo_coping WITH mpss_tot@0;
  iesr_ts WITH mpss_tot@0;


  OUTPUT:
  TECH14;

  SAVEDATA:
  FILE IS model_1_class_8.dat;
  SAVE = cprobabilities;



*** WARNING in VARIABLE command
  Note that only the first 8 characters of variable names are used in the output.
  Shorten variable names to avoid any confusion.
*** WARNING in MODEL command
  All variables are uncorrelated with all other variables within class.
  Check that this is what is intended.
   2 WARNING(S) FOUND IN THE INPUT INSTRUCTIONS




model 1 with 8 classes

SUMMARY OF ANALYSIS

Number of groups                                                 1
Number of observations                                         746

Number of dependent variables                                   10
Number of independent variables                                  0
Number of continuous latent variables                            0
Number of categorical latent variables                           1

Observed dependent variables

  Continuous
   NEUROTICIS  EXTRAVERSI  OPENNESS    AGREEABLEN  CONSCIENTI  ACTIVE_COP
   AVOIDANCE_  SOC_EMO_CO  IESR_TS     MPSS_TOT

Categorical latent variables
   C1


Estimator                                                      MLR
Information matrix                                        OBSERVED
Optimization Specifications for the Quasi-Newton Algorithm for
Continuous Outcomes
  Maximum number of iterations                                 100
  Convergence criterion                                  0.100D-05
Optimization Specifications for the EM Algorithm
  Maximum number of iterations                                 500
  Convergence criteria
    Loglikelihood change                                 0.100D-06
    Relative loglikelihood change                        0.100D-06
    Derivative                                           0.100D-05
Optimization Specifications for the M step of the EM Algorithm for
Categorical Latent variables
  Number of M step iterations                                    1
  M step convergence criterion                           0.100D-05
  Basis for M step termination                           ITERATION
Optimization Specifications for the M step of the EM Algorithm for
Censored, Binary or Ordered Categorical (Ordinal), Unordered
Categorical (Nominal) and Count Outcomes
  Number of M step iterations                                    1
  M step convergence criterion                           0.100D-05
  Basis for M step termination                           ITERATION
  Maximum value for logit thresholds                            15
  Minimum value for logit thresholds                           -15
  Minimum expected cell size for chi-square              0.100D-01
Maximum number of iterations for H1                           2000
Convergence criterion for H1                             0.100D-03
Optimization algorithm                                         EMA
Random Starts Specifications
  Number of initial stage random starts                         20
  Number of final stage optimizations                            4
  Number of initial stage iterations                            10
  Initial stage convergence criterion                    0.100D+01
  Random starts scale                                    0.500D+01
  Random seed for generating random starts                       0

Input data file(s)
  data_81c78c0cb6869e75ae6a0f08ff71917f.dat
Input data format  FREE


SUMMARY OF DATA

     Number of missing data patterns             1
     Number of y missing data patterns           1
     Number of u missing data patterns           0


COVARIANCE COVERAGE OF DATA

Minimum covariance coverage value   0.100


     PROPORTION OF DATA PRESENT FOR Y


           Covariance Coverage
              NEUROTIC      EXTRAVER      OPENNESS      AGREEABL      CONSCIEN
              ________      ________      ________      ________      ________
 NEUROTIC       1.000
 EXTRAVER       1.000         1.000
 OPENNESS       1.000         1.000         1.000
 AGREEABL       1.000         1.000         1.000         1.000
 CONSCIEN       1.000         1.000         1.000         1.000         1.000
 ACTIVE_C       1.000         1.000         1.000         1.000         1.000
 AVOIDANC       1.000         1.000         1.000         1.000         1.000
 SOC_EMO_       1.000         1.000         1.000         1.000         1.000
 IESR_TS        1.000         1.000         1.000         1.000         1.000
 MPSS_TOT       1.000         1.000         1.000         1.000         1.000


           Covariance Coverage
              ACTIVE_C      AVOIDANC      SOC_EMO_      IESR_TS       MPSS_TOT
              ________      ________      ________      ________      ________
 ACTIVE_C       1.000
 AVOIDANC       1.000         1.000
 SOC_EMO_       1.000         1.000         1.000
 IESR_TS        1.000         1.000         1.000         1.000
 MPSS_TOT       1.000         1.000         1.000         1.000         1.000



UNIVARIATE SAMPLE STATISTICS


     UNIVARIATE HIGHER-ORDER MOMENT DESCRIPTIVE STATISTICS

         Variable/         Mean/     Skewness/   Minimum/ % with                Percentiles
        Sample Size      Variance    Kurtosis    Maximum  Min/Max      20%/60%    40%/80%    Median

     NEUROTICISM           0.000       0.344      -2.153    0.13%      -0.914     -0.351     -0.013
             746.000       0.999      -0.133       3.141    0.13%       0.212      0.776
     EXTRAVERSION          0.000      -0.567      -3.510    0.40%      -0.889     -0.161      0.130
             746.000       0.999       0.367       2.169    0.13%       0.276      0.858
     OPENNESS              0.000      -0.053      -2.961    0.13%      -0.787     -0.321     -0.010
             746.000       0.999      -0.208       2.630    0.54%       0.301      0.767
     AGREEABLENESS         0.000      -0.495      -4.910    0.13%      -0.773     -0.255      0.089
             746.000       0.999       0.738       2.331    0.13%       0.262      0.779
     CONSCIENTIOUSNE       0.000      -0.517      -3.782    0.13%      -0.722     -0.263      0.043
             746.000       0.999       0.347       1.880    0.94%       0.196      0.962
     ACTIVE_COPING         0.000      -0.164      -3.070    0.13%      -0.793     -0.276     -0.017
             746.000       0.999       0.060       2.726    0.13%       0.242      0.811
     AVOIDANCE_COPIN       0.000       1.136      -1.529    2.14%      -0.837     -0.421     -0.144
             746.000       0.999       1.959       4.843    0.13%      -0.005      0.687
     SOC_EMO_COPING        0.000       0.116      -2.529    0.40%      -0.840     -0.277      0.004
             746.000       0.999      -0.224       2.536    0.54%       0.285      0.848
     IESR_TS               0.000       1.113      -1.187    4.29%      -0.862     -0.538     -0.279
             746.000       0.999       0.732       3.938    0.13%      -0.019      0.759
     MPSS_TOT              0.000      -0.943      -3.410    0.27%      -0.762     -0.061      0.172
             746.000       0.999       0.588       1.263    8.31%       0.406      0.873

RANDOM STARTS RESULTS RANKED FROM THE BEST TO THE WORST LOGLIKELIHOOD VALUES

Final stage loglikelihood values at local maxima, seeds, and initial stage start numbers:

           -9844.738  107446           12
           -9849.134  285380           1
           -9853.286  399671           13
           -9866.399  76974            16



     WARNING:  THE BEST LOGLIKELIHOOD VALUE WAS NOT REPLICATED.  THE
     SOLUTION MAY NOT BE TRUSTWORTHY DUE TO LOCAL MAXIMA.  INCREASE THE
     NUMBER OF RANDOM STARTS.


THE MODEL ESTIMATION TERMINATED NORMALLY



MODEL FIT INFORMATION

Number of Free Parameters                       97

Loglikelihood

          H0 Value                       -9844.738
          H0 Scaling Correction Factor      1.3981
            for MLR

Information Criteria

          Akaike (AIC)                   19883.475
          Bayesian (BIC)                 20331.104
          Sample-Size Adjusted BIC       20023.092
            (n* = (n + 2) / 24)



FINAL CLASS COUNTS AND PROPORTIONS FOR THE LATENT CLASSES
BASED ON THE ESTIMATED MODEL

    Latent
   Classes

       1         51.47215          0.06900
       2         62.06648          0.08320
       3         46.59058          0.06245
       4        104.86129          0.14056
       5        224.86172          0.30142
       6        196.97861          0.26405
       7         39.54271          0.05301
       8         19.62646          0.02631


FINAL CLASS COUNTS AND PROPORTIONS FOR THE LATENT CLASSES
BASED ON ESTIMATED POSTERIOR PROBABILITIES

    Latent
   Classes

       1         51.47215          0.06900
       2         62.06648          0.08320
       3         46.59058          0.06245
       4        104.86129          0.14056
       5        224.86172          0.30142
       6        196.97861          0.26405
       7         39.54271          0.05301
       8         19.62646          0.02631


FINAL CLASS COUNTS AND PROPORTIONS FOR THE LATENT CLASSES
BASED ON THEIR MOST LIKELY LATENT CLASS MEMBERSHIP

Class Counts and Proportions

    Latent
   Classes

       1               49          0.06568
       2               65          0.08713
       3               51          0.06836
       4               97          0.13003
       5              227          0.30429
       6              200          0.26810
       7               38          0.05094
       8               19          0.02547


CLASSIFICATION QUALITY

     Entropy                         0.779


Average Latent Class Probabilities for Most Likely Latent Class Membership (Row)
by Latent Class (Column)

           1        2        3        4        5        6        7        8

    1   0.847    0.051    0.007    0.031    0.046    0.000    0.000    0.018
    2   0.041    0.835    0.001    0.002    0.088    0.000    0.030    0.002
    3   0.023    0.001    0.773    0.064    0.102    0.033    0.001    0.003
    4   0.021    0.001    0.022    0.808    0.098    0.038    0.000    0.011
    5   0.016    0.017    0.013    0.061    0.791    0.080    0.023    0.000
    6   0.000    0.000    0.008    0.031    0.093    0.857    0.011    0.000
    7   0.000    0.033    0.002    0.009    0.107    0.055    0.795    0.000
    8   0.028    0.000    0.000    0.055    0.000    0.000    0.000    0.917


Classification Probabilities for the Most Likely Latent Class Membership (Column)
by Latent Class (Row)

           1        2        3        4        5        6        7        8

    1   0.806    0.051    0.023    0.040    0.069    0.000    0.000    0.010
    2   0.040    0.875    0.001    0.002    0.061    0.000    0.020    0.000
    3   0.007    0.002    0.846    0.046    0.062    0.035    0.001    0.000
    4   0.015    0.002    0.031    0.747    0.132    0.060    0.003    0.010
    5   0.010    0.025    0.023    0.042    0.799    0.082    0.018    0.000
    6   0.000    0.000    0.009    0.019    0.092    0.870    0.011    0.000
    7   0.000    0.049    0.001    0.001    0.130    0.056    0.764    0.000
    8   0.044    0.008    0.007    0.053    0.000    0.000    0.000    0.888


Logits for the Classification Probabilities for the Most Likely Latent Class Membership (Column)
by Latent Class (Row)

              1        2        3        4        5        6        7        8

    1      4.345    1.594    0.785    1.350    1.886   -7.919   -6.642    0.000
    2      9.127   12.200    5.599    5.894    9.543   -0.428    8.439    0.000
    3      4.500    3.120    9.253    6.351    6.635    6.071    2.842    0.000
    4      0.393   -1.860    1.140    4.325    2.595    1.804   -1.151    0.000
    5      7.193    8.116    8.025    8.625   11.566    9.294    7.778    0.000
    6      1.098    1.445    9.065    9.848   11.429   13.676    9.266    0.000
    7      3.623   10.802    6.764    6.389   11.774   10.931   13.546    0.000
    8     -3.009   -4.734   -4.793   -2.815   -8.074  -13.379   -9.855    0.000


MODEL RESULTS

                                                    Two-Tailed
                    Estimate       S.E.  Est./S.E.    P-Value

Latent Class 1

 NEUROTIC WITH
    EXTRAVERSI         0.000      0.000    999.000    999.000
    OPENNESS           0.000      0.000    999.000    999.000
    AGREEABLEN         0.000      0.000    999.000    999.000
    CONSCIENTI         0.000      0.000    999.000    999.000
    ACTIVE_COP         0.000      0.000    999.000    999.000
    AVOIDANCE_         0.000      0.000    999.000    999.000
    SOC_EMO_CO         0.000      0.000    999.000    999.000
    IESR_TS            0.000      0.000    999.000    999.000
    MPSS_TOT           0.000      0.000    999.000    999.000

 EXTRAVER WITH
    OPENNESS           0.000      0.000    999.000    999.000
    AGREEABLEN         0.000      0.000    999.000    999.000
    CONSCIENTI         0.000      0.000    999.000    999.000
    ACTIVE_COP         0.000      0.000    999.000    999.000
    AVOIDANCE_         0.000      0.000    999.000    999.000
    SOC_EMO_CO         0.000      0.000    999.000    999.000
    IESR_TS            0.000      0.000    999.000    999.000
    MPSS_TOT           0.000      0.000    999.000    999.000

 OPENNESS WITH
    AGREEABLEN         0.000      0.000    999.000    999.000
    CONSCIENTI         0.000      0.000    999.000    999.000
    ACTIVE_COP         0.000      0.000    999.000    999.000
    AVOIDANCE_         0.000      0.000    999.000    999.000
    SOC_EMO_CO         0.000      0.000    999.000    999.000
    IESR_TS            0.000      0.000    999.000    999.000
    MPSS_TOT           0.000      0.000    999.000    999.000

 AGREEABL WITH
    CONSCIENTI         0.000      0.000    999.000    999.000
    ACTIVE_COP         0.000      0.000    999.000    999.000
    AVOIDANCE_         0.000      0.000    999.000    999.000
    SOC_EMO_CO         0.000      0.000    999.000    999.000
    IESR_TS            0.000      0.000    999.000    999.000
    MPSS_TOT           0.000      0.000    999.000    999.000

 CONSCIEN WITH
    ACTIVE_COP         0.000      0.000    999.000    999.000
    AVOIDANCE_         0.000      0.000    999.000    999.000
    SOC_EMO_CO         0.000      0.000    999.000    999.000
    IESR_TS            0.000      0.000    999.000    999.000
    MPSS_TOT           0.000      0.000    999.000    999.000

 ACTIVE_C WITH
    AVOIDANCE_         0.000      0.000    999.000    999.000
    SOC_EMO_CO         0.000      0.000    999.000    999.000
    IESR_TS            0.000      0.000    999.000    999.000
    MPSS_TOT           0.000      0.000    999.000    999.000

 AVOIDANC WITH
    SOC_EMO_CO         0.000      0.000    999.000    999.000
    IESR_TS            0.000      0.000    999.000    999.000
    MPSS_TOT           0.000      0.000    999.000    999.000

 SOC_EMO_ WITH
    IESR_TS            0.000      0.000    999.000    999.000
    MPSS_TOT           0.000      0.000    999.000    999.000

 IESR_TS  WITH
    MPSS_TOT           0.000      0.000    999.000    999.000

 Means
    NEUROTICIS         1.325      0.196      6.777      0.000
    EXTRAVERSI        -1.202      0.257     -4.677      0.000
    OPENNESS          -0.219      0.189     -1.159      0.246
    AGREEABLEN        -0.288      0.260     -1.106      0.269
    CONSCIENTI        -1.533      0.336     -4.566      0.000
    ACTIVE_COP        -0.326      0.189     -1.726      0.084
    AVOIDANCE_         1.162      0.294      3.960      0.000
    SOC_EMO_CO         0.276      0.177      1.556      0.120
    IESR_TS            0.285      0.245      1.164      0.244
    MPSS_TOT          -0.186      0.225     -0.827      0.408

 Variances
    NEUROTICIS         0.401      0.042      9.646      0.000
    EXTRAVERSI         0.561      0.044     12.842      0.000
    OPENNESS           0.886      0.046     19.335      0.000
    AGREEABLEN         0.806      0.054     15.060      0.000
    CONSCIENTI         0.611      0.054     11.349      0.000
    ACTIVE_COP         0.744      0.046     16.334      0.000
    AVOIDANCE_         0.603      0.046     13.150      0.000
    SOC_EMO_CO         0.573      0.054     10.620      0.000
    IESR_TS            0.732      0.073     10.051      0.000
    MPSS_TOT           0.503      0.046     11.023      0.000

Latent Class 2

 NEUROTIC WITH
    EXTRAVERSI         0.000      0.000    999.000    999.000
    OPENNESS           0.000      0.000    999.000    999.000
    AGREEABLEN         0.000      0.000    999.000    999.000
    CONSCIENTI         0.000      0.000    999.000    999.000
    ACTIVE_COP         0.000      0.000    999.000    999.000
    AVOIDANCE_         0.000      0.000    999.000    999.000
    SOC_EMO_CO         0.000      0.000    999.000    999.000
    IESR_TS            0.000      0.000    999.000    999.000
    MPSS_TOT           0.000      0.000    999.000    999.000

 EXTRAVER WITH
    OPENNESS           0.000      0.000    999.000    999.000
    AGREEABLEN         0.000      0.000    999.000    999.000
    CONSCIENTI         0.000      0.000    999.000    999.000
    ACTIVE_COP         0.000      0.000    999.000    999.000
    AVOIDANCE_         0.000      0.000    999.000    999.000
    SOC_EMO_CO         0.000      0.000    999.000    999.000
    IESR_TS            0.000      0.000    999.000    999.000
    MPSS_TOT           0.000      0.000    999.000    999.000

 OPENNESS WITH
    AGREEABLEN         0.000      0.000    999.000    999.000
    CONSCIENTI         0.000      0.000    999.000    999.000
    ACTIVE_COP         0.000      0.000    999.000    999.000
    AVOIDANCE_         0.000      0.000    999.000    999.000
    SOC_EMO_CO         0.000      0.000    999.000    999.000
    IESR_TS            0.000      0.000    999.000    999.000
    MPSS_TOT           0.000      0.000    999.000    999.000

 AGREEABL WITH
    CONSCIENTI         0.000      0.000    999.000    999.000
    ACTIVE_COP         0.000      0.000    999.000    999.000
    AVOIDANCE_         0.000      0.000    999.000    999.000
    SOC_EMO_CO         0.000      0.000    999.000    999.000
    IESR_TS            0.000      0.000    999.000    999.000
    MPSS_TOT           0.000      0.000    999.000    999.000

 CONSCIEN WITH
    ACTIVE_COP         0.000      0.000    999.000    999.000
    AVOIDANCE_         0.000      0.000    999.000    999.000
    SOC_EMO_CO         0.000      0.000    999.000    999.000
    IESR_TS            0.000      0.000    999.000    999.000
    MPSS_TOT           0.000      0.000    999.000    999.000

 ACTIVE_C WITH
    AVOIDANCE_         0.000      0.000    999.000    999.000
    SOC_EMO_CO         0.000      0.000    999.000    999.000
    IESR_TS            0.000      0.000    999.000    999.000
    MPSS_TOT           0.000      0.000    999.000    999.000

 AVOIDANC WITH
    SOC_EMO_CO         0.000      0.000    999.000    999.000
    IESR_TS            0.000      0.000    999.000    999.000
    MPSS_TOT           0.000      0.000    999.000    999.000

 SOC_EMO_ WITH
    IESR_TS            0.000      0.000    999.000    999.000
    MPSS_TOT           0.000      0.000    999.000    999.000

 IESR_TS  WITH
    MPSS_TOT           0.000      0.000    999.000    999.000

 Means
    NEUROTICIS         0.825      0.219      3.769      0.000
    EXTRAVERSI        -1.268      0.209     -6.076      0.000
    OPENNESS          -0.408      0.152     -2.678      0.007
    AGREEABLEN        -0.842      0.219     -3.847      0.000
    CONSCIENTI        -0.685      0.200     -3.434      0.001
    ACTIVE_COP        -0.970      0.165     -5.875      0.000
    AVOIDANCE_         0.031      0.169      0.185      0.853
    SOC_EMO_CO        -1.055      0.214     -4.919      0.000
    IESR_TS            0.133      0.217      0.612      0.541
    MPSS_TOT          -1.701      0.252     -6.741      0.000

 Variances
    NEUROTICIS         0.401      0.042      9.646      0.000
    EXTRAVERSI         0.561      0.044     12.842      0.000
    OPENNESS           0.886      0.046     19.335      0.000
    AGREEABLEN         0.806      0.054     15.060      0.000
    CONSCIENTI         0.611      0.054     11.349      0.000
    ACTIVE_COP         0.744      0.046     16.334      0.000
    AVOIDANCE_         0.603      0.046     13.150      0.000
    SOC_EMO_CO         0.573      0.054     10.620      0.000
    IESR_TS            0.732      0.073     10.051      0.000
    MPSS_TOT           0.503      0.046     11.023      0.000

Latent Class 3

 NEUROTIC WITH
    EXTRAVERSI         0.000      0.000    999.000    999.000
    OPENNESS           0.000      0.000    999.000    999.000
    AGREEABLEN         0.000      0.000    999.000    999.000
    CONSCIENTI         0.000      0.000    999.000    999.000
    ACTIVE_COP         0.000      0.000    999.000    999.000
    AVOIDANCE_         0.000      0.000    999.000    999.000
    SOC_EMO_CO         0.000      0.000    999.000    999.000
    IESR_TS            0.000      0.000    999.000    999.000
    MPSS_TOT           0.000      0.000    999.000    999.000

 EXTRAVER WITH
    OPENNESS           0.000      0.000    999.000    999.000
    AGREEABLEN         0.000      0.000    999.000    999.000
    CONSCIENTI         0.000      0.000    999.000    999.000
    ACTIVE_COP         0.000      0.000    999.000    999.000
    AVOIDANCE_         0.000      0.000    999.000    999.000
    SOC_EMO_CO         0.000      0.000    999.000    999.000
    IESR_TS            0.000      0.000    999.000    999.000
    MPSS_TOT           0.000      0.000    999.000    999.000

 OPENNESS WITH
    AGREEABLEN         0.000      0.000    999.000    999.000
    CONSCIENTI         0.000      0.000    999.000    999.000
    ACTIVE_COP         0.000      0.000    999.000    999.000
    AVOIDANCE_         0.000      0.000    999.000    999.000
    SOC_EMO_CO         0.000      0.000    999.000    999.000
    IESR_TS            0.000      0.000    999.000    999.000
    MPSS_TOT           0.000      0.000    999.000    999.000

 AGREEABL WITH
    CONSCIENTI         0.000      0.000    999.000    999.000
    ACTIVE_COP         0.000      0.000    999.000    999.000
    AVOIDANCE_         0.000      0.000    999.000    999.000
    SOC_EMO_CO         0.000      0.000    999.000    999.000
    IESR_TS            0.000      0.000    999.000    999.000
    MPSS_TOT           0.000      0.000    999.000    999.000

 CONSCIEN WITH
    ACTIVE_COP         0.000      0.000    999.000    999.000
    AVOIDANCE_         0.000      0.000    999.000    999.000
    SOC_EMO_CO         0.000      0.000    999.000    999.000
    IESR_TS            0.000      0.000    999.000    999.000
    MPSS_TOT           0.000      0.000    999.000    999.000

 ACTIVE_C WITH
    AVOIDANCE_         0.000      0.000    999.000    999.000
    SOC_EMO_CO         0.000      0.000    999.000    999.000
    IESR_TS            0.000      0.000    999.000    999.000
    MPSS_TOT           0.000      0.000    999.000    999.000

 AVOIDANC WITH
    SOC_EMO_CO         0.000      0.000    999.000    999.000
    IESR_TS            0.000      0.000    999.000    999.000
    MPSS_TOT           0.000      0.000    999.000    999.000

 SOC_EMO_ WITH
    IESR_TS            0.000      0.000    999.000    999.000
    MPSS_TOT           0.000      0.000    999.000    999.000

 IESR_TS  WITH
    MPSS_TOT           0.000      0.000    999.000    999.000

 Means
    NEUROTICIS         0.014      0.109      0.130      0.897
    EXTRAVERSI         0.309      0.147      2.108      0.035
    OPENNESS          -0.660      0.176     -3.743      0.000
    AGREEABLEN        -0.602      0.175     -3.446      0.001
    CONSCIENTI         0.344      0.148      2.322      0.020
    ACTIVE_COP         0.659      0.149      4.417      0.000
    AVOIDANCE_         1.766      0.357      4.941      0.000
    SOC_EMO_CO         0.466      0.138      3.373      0.001
    IESR_TS            0.239      0.214      1.114      0.265
    MPSS_TOT           0.205      0.175      1.174      0.240

 Variances
    NEUROTICIS         0.401      0.042      9.646      0.000
    EXTRAVERSI         0.561      0.044     12.842      0.000
    OPENNESS           0.886      0.046     19.335      0.000
    AGREEABLEN         0.806      0.054     15.060      0.000
    CONSCIENTI         0.611      0.054     11.349      0.000
    ACTIVE_COP         0.744      0.046     16.334      0.000
    AVOIDANCE_         0.603      0.046     13.150      0.000
    SOC_EMO_CO         0.573      0.054     10.620      0.000
    IESR_TS            0.732      0.073     10.051      0.000
    MPSS_TOT           0.503      0.046     11.023      0.000

Latent Class 4

 NEUROTIC WITH
    EXTRAVERSI         0.000      0.000    999.000    999.000
    OPENNESS           0.000      0.000    999.000    999.000
    AGREEABLEN         0.000      0.000    999.000    999.000
    CONSCIENTI         0.000      0.000    999.000    999.000
    ACTIVE_COP         0.000      0.000    999.000    999.000
    AVOIDANCE_         0.000      0.000    999.000    999.000
    SOC_EMO_CO         0.000      0.000    999.000    999.000
    IESR_TS            0.000      0.000    999.000    999.000
    MPSS_TOT           0.000      0.000    999.000    999.000

 EXTRAVER WITH
    OPENNESS           0.000      0.000    999.000    999.000
    AGREEABLEN         0.000      0.000    999.000    999.000
    CONSCIENTI         0.000      0.000    999.000    999.000
    ACTIVE_COP         0.000      0.000    999.000    999.000
    AVOIDANCE_         0.000      0.000    999.000    999.000
    SOC_EMO_CO         0.000      0.000    999.000    999.000
    IESR_TS            0.000      0.000    999.000    999.000
    MPSS_TOT           0.000      0.000    999.000    999.000

 OPENNESS WITH
    AGREEABLEN         0.000      0.000    999.000    999.000
    CONSCIENTI         0.000      0.000    999.000    999.000
    ACTIVE_COP         0.000      0.000    999.000    999.000
    AVOIDANCE_         0.000      0.000    999.000    999.000
    SOC_EMO_CO         0.000      0.000    999.000    999.000
    IESR_TS            0.000      0.000    999.000    999.000
    MPSS_TOT           0.000      0.000    999.000    999.000

 AGREEABL WITH
    CONSCIENTI         0.000      0.000    999.000    999.000
    ACTIVE_COP         0.000      0.000    999.000    999.000
    AVOIDANCE_         0.000      0.000    999.000    999.000
    SOC_EMO_CO         0.000      0.000    999.000    999.000
    IESR_TS            0.000      0.000    999.000    999.000
    MPSS_TOT           0.000      0.000    999.000    999.000

 CONSCIEN WITH
    ACTIVE_COP         0.000      0.000    999.000    999.000
    AVOIDANCE_         0.000      0.000    999.000    999.000
    SOC_EMO_CO         0.000      0.000    999.000    999.000
    IESR_TS            0.000      0.000    999.000    999.000
    MPSS_TOT           0.000      0.000    999.000    999.000

 ACTIVE_C WITH
    AVOIDANCE_         0.000      0.000    999.000    999.000
    SOC_EMO_CO         0.000      0.000    999.000    999.000
    IESR_TS            0.000      0.000    999.000    999.000
    MPSS_TOT           0.000      0.000    999.000    999.000

 AVOIDANC WITH
    SOC_EMO_CO         0.000      0.000    999.000    999.000
    IESR_TS            0.000      0.000    999.000    999.000
    MPSS_TOT           0.000      0.000    999.000    999.000

 SOC_EMO_ WITH
    IESR_TS            0.000      0.000    999.000    999.000
    MPSS_TOT           0.000      0.000    999.000    999.000

 IESR_TS  WITH
    MPSS_TOT           0.000      0.000    999.000    999.000

 Means
    NEUROTICIS         0.616      0.305      2.022      0.043
    EXTRAVERSI         0.053      0.180      0.295      0.768
    OPENNESS           0.189      0.154      1.228      0.219
    AGREEABLEN         0.248      0.162      1.536      0.125
    CONSCIENTI        -0.039      0.177     -0.222      0.824
    ACTIVE_COP         0.405      0.144      2.808      0.005
    AVOIDANCE_        -0.193      0.102     -1.893      0.058
    SOC_EMO_CO         1.110      0.249      4.451      0.000
    IESR_TS            0.620      0.326      1.899      0.058
    MPSS_TOT           0.359      0.116      3.085      0.002

 Variances
    NEUROTICIS         0.401      0.042      9.646      0.000
    EXTRAVERSI         0.561      0.044     12.842      0.000
    OPENNESS           0.886      0.046     19.335      0.000
    AGREEABLEN         0.806      0.054     15.060      0.000
    CONSCIENTI         0.611      0.054     11.349      0.000
    ACTIVE_COP         0.744      0.046     16.334      0.000
    AVOIDANCE_         0.603      0.046     13.150      0.000
    SOC_EMO_CO         0.573      0.054     10.620      0.000
    IESR_TS            0.732      0.073     10.051      0.000
    MPSS_TOT           0.503      0.046     11.023      0.000

Latent Class 5

 NEUROTIC WITH
    EXTRAVERSI         0.000      0.000    999.000    999.000
    OPENNESS           0.000      0.000    999.000    999.000
    AGREEABLEN         0.000      0.000    999.000    999.000
    CONSCIENTI         0.000      0.000    999.000    999.000
    ACTIVE_COP         0.000      0.000    999.000    999.000
    AVOIDANCE_         0.000      0.000    999.000    999.000
    SOC_EMO_CO         0.000      0.000    999.000    999.000
    IESR_TS            0.000      0.000    999.000    999.000
    MPSS_TOT           0.000      0.000    999.000    999.000

 EXTRAVER WITH
    OPENNESS           0.000      0.000    999.000    999.000
    AGREEABLEN         0.000      0.000    999.000    999.000
    CONSCIENTI         0.000      0.000    999.000    999.000
    ACTIVE_COP         0.000      0.000    999.000    999.000
    AVOIDANCE_         0.000      0.000    999.000    999.000
    SOC_EMO_CO         0.000      0.000    999.000    999.000
    IESR_TS            0.000      0.000    999.000    999.000
    MPSS_TOT           0.000      0.000    999.000    999.000

 OPENNESS WITH
    AGREEABLEN         0.000      0.000    999.000    999.000
    CONSCIENTI         0.000      0.000    999.000    999.000
    ACTIVE_COP         0.000      0.000    999.000    999.000
    AVOIDANCE_         0.000      0.000    999.000    999.000
    SOC_EMO_CO         0.000      0.000    999.000    999.000
    IESR_TS            0.000      0.000    999.000    999.000
    MPSS_TOT           0.000      0.000    999.000    999.000

 AGREEABL WITH
    CONSCIENTI         0.000      0.000    999.000    999.000
    ACTIVE_COP         0.000      0.000    999.000    999.000
    AVOIDANCE_         0.000      0.000    999.000    999.000
    SOC_EMO_CO         0.000      0.000    999.000    999.000
    IESR_TS            0.000      0.000    999.000    999.000
    MPSS_TOT           0.000      0.000    999.000    999.000

 CONSCIEN WITH
    ACTIVE_COP         0.000      0.000    999.000    999.000
    AVOIDANCE_         0.000      0.000    999.000    999.000
    SOC_EMO_CO         0.000      0.000    999.000    999.000
    IESR_TS            0.000      0.000    999.000    999.000
    MPSS_TOT           0.000      0.000    999.000    999.000

 ACTIVE_C WITH
    AVOIDANCE_         0.000      0.000    999.000    999.000
    SOC_EMO_CO         0.000      0.000    999.000    999.000
    IESR_TS            0.000      0.000    999.000    999.000
    MPSS_TOT           0.000      0.000    999.000    999.000

 AVOIDANC WITH
    SOC_EMO_CO         0.000      0.000    999.000    999.000
    IESR_TS            0.000      0.000    999.000    999.000
    MPSS_TOT           0.000      0.000    999.000    999.000

 SOC_EMO_ WITH
    IESR_TS            0.000      0.000    999.000    999.000
    MPSS_TOT           0.000      0.000    999.000    999.000

 IESR_TS  WITH
    MPSS_TOT           0.000      0.000    999.000    999.000

 Means
    NEUROTICIS        -0.072      0.116     -0.621      0.535
    EXTRAVERSI        -0.187      0.162     -1.157      0.247
    OPENNESS          -0.186      0.118     -1.582      0.114
    AGREEABLEN        -0.084      0.112     -0.750      0.453
    CONSCIENTI        -0.242      0.126     -1.928      0.054
    ACTIVE_COP        -0.419      0.209     -2.011      0.044
    AVOIDANCE_        -0.242      0.098     -2.465      0.014
    SOC_EMO_CO        -0.343      0.228     -1.502      0.133
    IESR_TS           -0.299      0.091     -3.273      0.001
    MPSS_TOT           0.087      0.153      0.567      0.570

 Variances
    NEUROTICIS         0.401      0.042      9.646      0.000
    EXTRAVERSI         0.561      0.044     12.842      0.000
    OPENNESS           0.886      0.046     19.335      0.000
    AGREEABLEN         0.806      0.054     15.060      0.000
    CONSCIENTI         0.611      0.054     11.349      0.000
    ACTIVE_COP         0.744      0.046     16.334      0.000
    AVOIDANCE_         0.603      0.046     13.150      0.000
    SOC_EMO_CO         0.573      0.054     10.620      0.000
    IESR_TS            0.732      0.073     10.051      0.000
    MPSS_TOT           0.503      0.046     11.023      0.000

Latent Class 6

 NEUROTIC WITH
    EXTRAVERSI         0.000      0.000    999.000    999.000
    OPENNESS           0.000      0.000    999.000    999.000
    AGREEABLEN         0.000      0.000    999.000    999.000
    CONSCIENTI         0.000      0.000    999.000    999.000
    ACTIVE_COP         0.000      0.000    999.000    999.000
    AVOIDANCE_         0.000      0.000    999.000    999.000
    SOC_EMO_CO         0.000      0.000    999.000    999.000
    IESR_TS            0.000      0.000    999.000    999.000
    MPSS_TOT           0.000      0.000    999.000    999.000

 EXTRAVER WITH
    OPENNESS           0.000      0.000    999.000    999.000
    AGREEABLEN         0.000      0.000    999.000    999.000
    CONSCIENTI         0.000      0.000    999.000    999.000
    ACTIVE_COP         0.000      0.000    999.000    999.000
    AVOIDANCE_         0.000      0.000    999.000    999.000
    SOC_EMO_CO         0.000      0.000    999.000    999.000
    IESR_TS            0.000      0.000    999.000    999.000
    MPSS_TOT           0.000      0.000    999.000    999.000

 OPENNESS WITH
    AGREEABLEN         0.000      0.000    999.000    999.000
    CONSCIENTI         0.000      0.000    999.000    999.000
    ACTIVE_COP         0.000      0.000    999.000    999.000
    AVOIDANCE_         0.000      0.000    999.000    999.000
    SOC_EMO_CO         0.000      0.000    999.000    999.000
    IESR_TS            0.000      0.000    999.000    999.000
    MPSS_TOT           0.000      0.000    999.000    999.000

 AGREEABL WITH
    CONSCIENTI         0.000      0.000    999.000    999.000
    ACTIVE_COP         0.000      0.000    999.000    999.000
    AVOIDANCE_         0.000      0.000    999.000    999.000
    SOC_EMO_CO         0.000      0.000    999.000    999.000
    IESR_TS            0.000      0.000    999.000    999.000
    MPSS_TOT           0.000      0.000    999.000    999.000

 CONSCIEN WITH
    ACTIVE_COP         0.000      0.000    999.000    999.000
    AVOIDANCE_         0.000      0.000    999.000    999.000
    SOC_EMO_CO         0.000      0.000    999.000    999.000
    IESR_TS            0.000      0.000    999.000    999.000
    MPSS_TOT           0.000      0.000    999.000    999.000

 ACTIVE_C WITH
    AVOIDANCE_         0.000      0.000    999.000    999.000
    SOC_EMO_CO         0.000      0.000    999.000    999.000
    IESR_TS            0.000      0.000    999.000    999.000
    MPSS_TOT           0.000      0.000    999.000    999.000

 AVOIDANC WITH
    SOC_EMO_CO         0.000      0.000    999.000    999.000
    IESR_TS            0.000      0.000    999.000    999.000
    MPSS_TOT           0.000      0.000    999.000    999.000

 SOC_EMO_ WITH
    IESR_TS            0.000      0.000    999.000    999.000
    MPSS_TOT           0.000      0.000    999.000    999.000

 IESR_TS  WITH
    MPSS_TOT           0.000      0.000    999.000    999.000

 Means
    NEUROTICIS        -0.911      0.085    -10.674      0.000
    EXTRAVERSI         0.816      0.089      9.152      0.000
    OPENNESS           0.417      0.088      4.736      0.000
    AGREEABLEN         0.557      0.086      6.469      0.000
    CONSCIENTI         0.747      0.102      7.331      0.000
    ACTIVE_COP         0.495      0.117      4.214      0.000
    AVOIDANCE_        -0.356      0.063     -5.660      0.000
    SOC_EMO_CO        -0.023      0.104     -0.222      0.824
    IESR_TS           -0.326      0.080     -4.086      0.000
    MPSS_TOT           0.571      0.063      9.081      0.000

 Variances
    NEUROTICIS         0.401      0.042      9.646      0.000
    EXTRAVERSI         0.561      0.044     12.842      0.000
    OPENNESS           0.886      0.046     19.335      0.000
    AGREEABLEN         0.806      0.054     15.060      0.000
    CONSCIENTI         0.611      0.054     11.349      0.000
    ACTIVE_COP         0.744      0.046     16.334      0.000
    AVOIDANCE_         0.603      0.046     13.150      0.000
    SOC_EMO_CO         0.573      0.054     10.620      0.000
    IESR_TS            0.732      0.073     10.051      0.000
    MPSS_TOT           0.503      0.046     11.023      0.000

Latent Class 7

 NEUROTIC WITH
    EXTRAVERSI         0.000      0.000    999.000    999.000
    OPENNESS           0.000      0.000    999.000    999.000
    AGREEABLEN         0.000      0.000    999.000    999.000
    CONSCIENTI         0.000      0.000    999.000    999.000
    ACTIVE_COP         0.000      0.000    999.000    999.000
    AVOIDANCE_         0.000      0.000    999.000    999.000
    SOC_EMO_CO         0.000      0.000    999.000    999.000
    IESR_TS            0.000      0.000    999.000    999.000
    MPSS_TOT           0.000      0.000    999.000    999.000

 EXTRAVER WITH
    OPENNESS           0.000      0.000    999.000    999.000
    AGREEABLEN         0.000      0.000    999.000    999.000
    CONSCIENTI         0.000      0.000    999.000    999.000
    ACTIVE_COP         0.000      0.000    999.000    999.000
    AVOIDANCE_         0.000      0.000    999.000    999.000
    SOC_EMO_CO         0.000      0.000    999.000    999.000
    IESR_TS            0.000      0.000    999.000    999.000
    MPSS_TOT           0.000      0.000    999.000    999.000

 OPENNESS WITH
    AGREEABLEN         0.000      0.000    999.000    999.000
    CONSCIENTI         0.000      0.000    999.000    999.000
    ACTIVE_COP         0.000      0.000    999.000    999.000
    AVOIDANCE_         0.000      0.000    999.000    999.000
    SOC_EMO_CO         0.000      0.000    999.000    999.000
    IESR_TS            0.000      0.000    999.000    999.000
    MPSS_TOT           0.000      0.000    999.000    999.000

 AGREEABL WITH
    CONSCIENTI         0.000      0.000    999.000    999.000
    ACTIVE_COP         0.000      0.000    999.000    999.000
    AVOIDANCE_         0.000      0.000    999.000    999.000
    SOC_EMO_CO         0.000      0.000    999.000    999.000
    IESR_TS            0.000      0.000    999.000    999.000
    MPSS_TOT           0.000      0.000    999.000    999.000

 CONSCIEN WITH
    ACTIVE_COP         0.000      0.000    999.000    999.000
    AVOIDANCE_         0.000      0.000    999.000    999.000
    SOC_EMO_CO         0.000      0.000    999.000    999.000
    IESR_TS            0.000      0.000    999.000    999.000
    MPSS_TOT           0.000      0.000    999.000    999.000

 ACTIVE_C WITH
    AVOIDANCE_         0.000      0.000    999.000    999.000
    SOC_EMO_CO         0.000      0.000    999.000    999.000
    IESR_TS            0.000      0.000    999.000    999.000
    MPSS_TOT           0.000      0.000    999.000    999.000

 AVOIDANC WITH
    SOC_EMO_CO         0.000      0.000    999.000    999.000
    IESR_TS            0.000      0.000    999.000    999.000
    MPSS_TOT           0.000      0.000    999.000    999.000

 SOC_EMO_ WITH
    IESR_TS            0.000      0.000    999.000    999.000
    MPSS_TOT           0.000      0.000    999.000    999.000

 IESR_TS  WITH
    MPSS_TOT           0.000      0.000    999.000    999.000

 Means
    NEUROTICIS        -0.762      0.265     -2.876      0.004
    EXTRAVERSI         0.299      0.357      0.838      0.402
    OPENNESS          -0.063      0.297     -0.211      0.833
    AGREEABLEN        -0.257      0.148     -1.734      0.083
    CONSCIENTI         0.497      0.224      2.219      0.027
    ACTIVE_COP        -0.069      0.385     -0.179      0.858
    AVOIDANCE_        -0.553      0.193     -2.867      0.004
    SOC_EMO_CO        -0.897      0.222     -4.045      0.000
    IESR_TS           -0.331      0.334     -0.991      0.322
    MPSS_TOT          -1.647      0.325     -5.071      0.000

 Variances
    NEUROTICIS         0.401      0.042      9.646      0.000
    EXTRAVERSI         0.561      0.044     12.842      0.000
    OPENNESS           0.886      0.046     19.335      0.000
    AGREEABLEN         0.806      0.054     15.060      0.000
    CONSCIENTI         0.611      0.054     11.349      0.000
    ACTIVE_COP         0.744      0.046     16.334      0.000
    AVOIDANCE_         0.603      0.046     13.150      0.000
    SOC_EMO_CO         0.573      0.054     10.620      0.000
    IESR_TS            0.732      0.073     10.051      0.000
    MPSS_TOT           0.503      0.046     11.023      0.000

Latent Class 8

 NEUROTIC WITH
    EXTRAVERSI         0.000      0.000    999.000    999.000
    OPENNESS           0.000      0.000    999.000    999.000
    AGREEABLEN         0.000      0.000    999.000    999.000
    CONSCIENTI         0.000      0.000    999.000    999.000
    ACTIVE_COP         0.000      0.000    999.000    999.000
    AVOIDANCE_         0.000      0.000    999.000    999.000
    SOC_EMO_CO         0.000      0.000    999.000    999.000
    IESR_TS            0.000      0.000    999.000    999.000
    MPSS_TOT           0.000      0.000    999.000    999.000

 EXTRAVER WITH
    OPENNESS           0.000      0.000    999.000    999.000
    AGREEABLEN         0.000      0.000    999.000    999.000
    CONSCIENTI         0.000      0.000    999.000    999.000
    ACTIVE_COP         0.000      0.000    999.000    999.000
    AVOIDANCE_         0.000      0.000    999.000    999.000
    SOC_EMO_CO         0.000      0.000    999.000    999.000
    IESR_TS            0.000      0.000    999.000    999.000
    MPSS_TOT           0.000      0.000    999.000    999.000

 OPENNESS WITH
    AGREEABLEN         0.000      0.000    999.000    999.000
    CONSCIENTI         0.000      0.000    999.000    999.000
    ACTIVE_COP         0.000      0.000    999.000    999.000
    AVOIDANCE_         0.000      0.000    999.000    999.000
    SOC_EMO_CO         0.000      0.000    999.000    999.000
    IESR_TS            0.000      0.000    999.000    999.000
    MPSS_TOT           0.000      0.000    999.000    999.000

 AGREEABL WITH
    CONSCIENTI         0.000      0.000    999.000    999.000
    ACTIVE_COP         0.000      0.000    999.000    999.000
    AVOIDANCE_         0.000      0.000    999.000    999.000
    SOC_EMO_CO         0.000      0.000    999.000    999.000
    IESR_TS            0.000      0.000    999.000    999.000
    MPSS_TOT           0.000      0.000    999.000    999.000

 CONSCIEN WITH
    ACTIVE_COP         0.000      0.000    999.000    999.000
    AVOIDANCE_         0.000      0.000    999.000    999.000
    SOC_EMO_CO         0.000      0.000    999.000    999.000
    IESR_TS            0.000      0.000    999.000    999.000
    MPSS_TOT           0.000      0.000    999.000    999.000

 ACTIVE_C WITH
    AVOIDANCE_         0.000      0.000    999.000    999.000
    SOC_EMO_CO         0.000      0.000    999.000    999.000
    IESR_TS            0.000      0.000    999.000    999.000
    MPSS_TOT           0.000      0.000    999.000    999.000

 AVOIDANC WITH
    SOC_EMO_CO         0.000      0.000    999.000    999.000
    IESR_TS            0.000      0.000    999.000    999.000
    MPSS_TOT           0.000      0.000    999.000    999.000

 SOC_EMO_ WITH
    IESR_TS            0.000      0.000    999.000    999.000
    MPSS_TOT           0.000      0.000    999.000    999.000

 IESR_TS  WITH
    MPSS_TOT           0.000      0.000    999.000    999.000

 Means
    NEUROTICIS         2.090      0.192     10.862      0.000
    EXTRAVERSI        -0.505      0.309     -1.636      0.102
    OPENNESS           0.493      0.401      1.228      0.219
    AGREEABLEN        -0.593      0.587     -1.011      0.312
    CONSCIENTI        -0.138      0.336     -0.411      0.681
    ACTIVE_COP         0.172      0.440      0.391      0.696
    AVOIDANCE_         1.153      0.392      2.937      0.003
    SOC_EMO_CO         1.542      0.309      4.984      0.000
    IESR_TS            2.315      0.269      8.595      0.000
    MPSS_TOT           0.047      0.206      0.228      0.820

 Variances
    NEUROTICIS         0.401      0.042      9.646      0.000
    EXTRAVERSI         0.561      0.044     12.842      0.000
    OPENNESS           0.886      0.046     19.335      0.000
    AGREEABLEN         0.806      0.054     15.060      0.000
    CONSCIENTI         0.611      0.054     11.349      0.000
    ACTIVE_COP         0.744      0.046     16.334      0.000
    AVOIDANCE_         0.603      0.046     13.150      0.000
    SOC_EMO_CO         0.573      0.054     10.620      0.000
    IESR_TS            0.732      0.073     10.051      0.000
    MPSS_TOT           0.503      0.046     11.023      0.000

Categorical Latent Variables

 Means
    C1#1               0.964      0.496      1.942      0.052
    C1#2               1.151      0.454      2.534      0.011
    C1#3               0.865      0.456      1.895      0.058
    C1#4               1.676      0.422      3.969      0.000
    C1#5               2.439      0.451      5.409      0.000
    C1#6               2.306      0.356      6.485      0.000
    C1#7               0.701      0.546      1.282      0.200


QUALITY OF NUMERICAL RESULTS

     Condition Number for the Information Matrix              0.838E-03
       (ratio of smallest to largest eigenvalue)


TECHNICAL 14 OUTPUT

     Random Starts Specifications for the k-1 Class Analysis Model
        Number of initial stage random starts                  20
        Number of final stage optimizations                     4

     Random Starts Specification for the k-1 Class Model for Generated Data
        Number of initial stage random starts                   0
        Number of final stage optimizations for the
           initial stage random starts                          0
     Random Starts Specification for the k Class Model for Generated Data
        Number of initial stage random starts                  40
        Number of final stage optimizations                     8
     Number of bootstrap draws requested                   Varies


     PARAMETRIC BOOTSTRAPPED LIKELIHOOD RATIO TEST FOR 7 (H0) VERSUS 8 CLASSES

          H0 Loglikelihood Value                        -9896.090
          2 Times the Loglikelihood Difference            102.706
          Difference in the Number of Parameters               11
          Approximate P-Value                              0.0000
          Successful Bootstrap Draws                            5


SAVEDATA INFORMATION


  Save file
    model_1_class_8.dat

  Order and format of variables

    NEUROTIC       F10.3
    EXTRAVER       F10.3
    OPENNESS       F10.3
    AGREEABL       F10.3
    CONSCIEN       F10.3
    ACTIVE_C       F10.3
    AVOIDANC       F10.3
    SOC_EMO_       F10.3
    IESR_TS        F10.3
    MPSS_TOT       F10.3
    CPROB1         F10.3
    CPROB2         F10.3
    CPROB3         F10.3
    CPROB4         F10.3
    CPROB5         F10.3
    CPROB6         F10.3
    CPROB7         F10.3
    CPROB8         F10.3
    C1             F10.3

  Save file format
    19F10.3

  Save file record length    10000

  Save missing symbol        *


     Beginning Time:  13:27:32
        Ending Time:  13:27:44
       Elapsed Time:  00:00:12



MUTHEN & MUTHEN
3463 Stoner Ave.
Los Angeles, CA  90066

Tel: (310) 391-9971
Fax: (310) 391-8971
Web: www.StatModel.com
Support: Support@StatModel.com

Copyright (c) 1998-2021 Muthen & Muthen
