Mplus VERSION 8.6 (Mac)
MUTHEN & MUTHEN
04/08/2023   1:26 PM

INPUT INSTRUCTIONS

  TITLE:
  model 1 with 1 classes
  DATA:
  FILE = "data_81c78c0cb6869e75ae6a0f08ff71917f.dat";

  VARIABLE:
  NAMES = neuroticism extraversion openness agreeableness conscientiousness
       active_coping avoidance_coping soc_emo_coping iesr_ts mpss_tot;
   MISSING=.;
   CLASSES = c1(1);

  ANALYSIS:
  TYPE = mixture;

  MODEL:
  %c1#1%
  neuroticism (vneuroticism);
  extraversion (vextraversion);
  openness (vopenness);
  agreeableness (vagreeableness);
  conscientiousness (vconscientiousness);
  active_coping (vactive_coping);
  avoidance_coping (vavoidance_coping);
  soc_emo_coping (vsoc_emo_coping);
  iesr_ts (viesr_ts);
  mpss_tot (vmpss_tot);

  neuroticism WITH extraversion@0;
  neuroticism WITH openness@0;
  neuroticism WITH agreeableness@0;
  neuroticism WITH conscientiousness@0;
  neuroticism WITH active_coping@0;
  neuroticism WITH avoidance_coping@0;
  neuroticism WITH soc_emo_coping@0;
  neuroticism WITH iesr_ts@0;
  neuroticism WITH mpss_tot@0;
  extraversion WITH openness@0;
  extraversion WITH agreeableness@0;
  extraversion WITH conscientiousness@0;
  extraversion WITH active_coping@0;
  extraversion WITH avoidance_coping@0;
  extraversion WITH soc_emo_coping@0;
  extraversion WITH iesr_ts@0;
  extraversion WITH mpss_tot@0;
  openness WITH agreeableness@0;
  openness WITH conscientiousness@0;
  openness WITH active_coping@0;
  openness WITH avoidance_coping@0;
  openness WITH soc_emo_coping@0;
  openness WITH iesr_ts@0;
  openness WITH mpss_tot@0;
  agreeableness WITH conscientiousness@0;
  agreeableness WITH active_coping@0;
  agreeableness WITH avoidance_coping@0;
  agreeableness WITH soc_emo_coping@0;
  agreeableness WITH iesr_ts@0;
  agreeableness WITH mpss_tot@0;
  conscientiousness WITH active_coping@0;
  conscientiousness WITH avoidance_coping@0;
  conscientiousness WITH soc_emo_coping@0;
  conscientiousness WITH iesr_ts@0;
  conscientiousness WITH mpss_tot@0;
  active_coping WITH avoidance_coping@0;
  active_coping WITH soc_emo_coping@0;
  active_coping WITH iesr_ts@0;
  active_coping WITH mpss_tot@0;
  avoidance_coping WITH soc_emo_coping@0;
  avoidance_coping WITH iesr_ts@0;
  avoidance_coping WITH mpss_tot@0;
  soc_emo_coping WITH iesr_ts@0;
  soc_emo_coping WITH mpss_tot@0;
  iesr_ts WITH mpss_tot@0;


  OUTPUT:
  TECH14;

  SAVEDATA:
  FILE IS model_1_class_1.dat;
  SAVE = cprobabilities;



*** WARNING in VARIABLE command
  Note that only the first 8 characters of variable names are used in the output.
  Shorten variable names to avoid any confusion.
*** WARNING in MODEL command
  All variables are uncorrelated with all other variables within class.
  Check that this is what is intended.
*** WARNING in OUTPUT command
  TECH14 option is not available for TYPE=MIXTURE with only one class.
  Request for TECH14 is ignored.
   3 WARNING(S) FOUND IN THE INPUT INSTRUCTIONS




model 1 with 1 classes

SUMMARY OF ANALYSIS

Number of groups                                                 1
Number of observations                                         746

Number of dependent variables                                   10
Number of independent variables                                  0
Number of continuous latent variables                            0
Number of categorical latent variables                           1

Observed dependent variables

  Continuous
   NEUROTICIS  EXTRAVERSI  OPENNESS    AGREEABLEN  CONSCIENTI  ACTIVE_COP
   AVOIDANCE_  SOC_EMO_CO  IESR_TS     MPSS_TOT

Categorical latent variables
   C1


Estimator                                                      MLR
Information matrix                                        OBSERVED
Optimization Specifications for the Quasi-Newton Algorithm for
Continuous Outcomes
  Maximum number of iterations                                 100
  Convergence criterion                                  0.100D-05
Optimization Specifications for the EM Algorithm
  Maximum number of iterations                                 500
  Convergence criteria
    Loglikelihood change                                 0.100D-06
    Relative loglikelihood change                        0.100D-06
    Derivative                                           0.100D-05
Optimization Specifications for the M step of the EM Algorithm for
Categorical Latent variables
  Number of M step iterations                                    1
  M step convergence criterion                           0.100D-05
  Basis for M step termination                           ITERATION
Optimization Specifications for the M step of the EM Algorithm for
Censored, Binary or Ordered Categorical (Ordinal), Unordered
Categorical (Nominal) and Count Outcomes
  Number of M step iterations                                    1
  M step convergence criterion                           0.100D-05
  Basis for M step termination                           ITERATION
  Maximum value for logit thresholds                            15
  Minimum value for logit thresholds                           -15
  Minimum expected cell size for chi-square              0.100D-01
Maximum number of iterations for H1                           2000
Convergence criterion for H1                             0.100D-03
Optimization algorithm                                         EMA

Input data file(s)
  data_81c78c0cb6869e75ae6a0f08ff71917f.dat
Input data format  FREE


SUMMARY OF DATA

     Number of missing data patterns             1
     Number of y missing data patterns           1
     Number of u missing data patterns           0


COVARIANCE COVERAGE OF DATA

Minimum covariance coverage value   0.100


     PROPORTION OF DATA PRESENT FOR Y


           Covariance Coverage
              NEUROTIC      EXTRAVER      OPENNESS      AGREEABL      CONSCIEN
              ________      ________      ________      ________      ________
 NEUROTIC       1.000
 EXTRAVER       1.000         1.000
 OPENNESS       1.000         1.000         1.000
 AGREEABL       1.000         1.000         1.000         1.000
 CONSCIEN       1.000         1.000         1.000         1.000         1.000
 ACTIVE_C       1.000         1.000         1.000         1.000         1.000
 AVOIDANC       1.000         1.000         1.000         1.000         1.000
 SOC_EMO_       1.000         1.000         1.000         1.000         1.000
 IESR_TS        1.000         1.000         1.000         1.000         1.000
 MPSS_TOT       1.000         1.000         1.000         1.000         1.000


           Covariance Coverage
              ACTIVE_C      AVOIDANC      SOC_EMO_      IESR_TS       MPSS_TOT
              ________      ________      ________      ________      ________
 ACTIVE_C       1.000
 AVOIDANC       1.000         1.000
 SOC_EMO_       1.000         1.000         1.000
 IESR_TS        1.000         1.000         1.000         1.000
 MPSS_TOT       1.000         1.000         1.000         1.000         1.000



UNIVARIATE SAMPLE STATISTICS


     UNIVARIATE HIGHER-ORDER MOMENT DESCRIPTIVE STATISTICS

         Variable/         Mean/     Skewness/   Minimum/ % with                Percentiles
        Sample Size      Variance    Kurtosis    Maximum  Min/Max      20%/60%    40%/80%    Median

     NEUROTICISM           0.000       0.344      -2.153    0.13%      -0.914     -0.351     -0.013
             746.000       0.999      -0.133       3.141    0.13%       0.212      0.776
     EXTRAVERSION          0.000      -0.567      -3.510    0.40%      -0.889     -0.161      0.130
             746.000       0.999       0.367       2.169    0.13%       0.276      0.858
     OPENNESS              0.000      -0.053      -2.961    0.13%      -0.787     -0.321     -0.010
             746.000       0.999      -0.208       2.630    0.54%       0.301      0.767
     AGREEABLENESS         0.000      -0.495      -4.910    0.13%      -0.773     -0.255      0.089
             746.000       0.999       0.738       2.331    0.13%       0.262      0.779
     CONSCIENTIOUSNE       0.000      -0.517      -3.782    0.13%      -0.722     -0.263      0.043
             746.000       0.999       0.347       1.880    0.94%       0.196      0.962
     ACTIVE_COPING         0.000      -0.164      -3.070    0.13%      -0.793     -0.276     -0.017
             746.000       0.999       0.060       2.726    0.13%       0.242      0.811
     AVOIDANCE_COPIN       0.000       1.136      -1.529    2.14%      -0.837     -0.421     -0.144
             746.000       0.999       1.959       4.843    0.13%      -0.005      0.687
     SOC_EMO_COPING        0.000       0.116      -2.529    0.40%      -0.840     -0.277      0.004
             746.000       0.999      -0.224       2.536    0.54%       0.285      0.848
     IESR_TS               0.000       1.113      -1.187    4.29%      -0.862     -0.538     -0.279
             746.000       0.999       0.732       3.938    0.13%      -0.019      0.759
     MPSS_TOT              0.000      -0.943      -3.410    0.27%      -0.762     -0.061      0.172
             746.000       0.999       0.588       1.263    8.31%       0.406      0.873


THE MODEL ESTIMATION TERMINATED NORMALLY



MODEL FIT INFORMATION

Number of Free Parameters                       20

Loglikelihood

          H0 Value                      -10580.278
          H0 Scaling Correction Factor      1.1056
            for MLR

Information Criteria

          Akaike (AIC)                   21200.556
          Bayesian (BIC)                 21292.851
          Sample-Size Adjusted BIC       21229.343
            (n* = (n + 2) / 24)



FINAL CLASS COUNTS AND PROPORTIONS FOR THE LATENT CLASSES
BASED ON THE ESTIMATED MODEL

    Latent
   Classes

       1        746.00000          1.00000


FINAL CLASS COUNTS AND PROPORTIONS FOR THE LATENT CLASSES
BASED ON ESTIMATED POSTERIOR PROBABILITIES

    Latent
   Classes

       1        746.00000          1.00000


FINAL CLASS COUNTS AND PROPORTIONS FOR THE LATENT CLASSES
BASED ON THEIR MOST LIKELY LATENT CLASS MEMBERSHIP

Class Counts and Proportions

    Latent
   Classes

       1              746          1.00000


Average Latent Class Probabilities for Most Likely Latent Class Membership (Row)
by Latent Class (Column)

           1

    1   1.000


Classification Probabilities for the Most Likely Latent Class Membership (Column)
by Latent Class (Row)

           1

    1   1.000


Logits for the Classification Probabilities for the Most Likely Latent Class Membership (Column)
by Latent Class (Row)

              1

    1      0.000


MODEL RESULTS

                                                    Two-Tailed
                    Estimate       S.E.  Est./S.E.    P-Value

Latent Class 1

 NEUROTIC WITH
    EXTRAVERSI         0.000      0.000    999.000    999.000
    OPENNESS           0.000      0.000    999.000    999.000
    AGREEABLEN         0.000      0.000    999.000    999.000
    CONSCIENTI         0.000      0.000    999.000    999.000
    ACTIVE_COP         0.000      0.000    999.000    999.000
    AVOIDANCE_         0.000      0.000    999.000    999.000
    SOC_EMO_CO         0.000      0.000    999.000    999.000
    IESR_TS            0.000      0.000    999.000    999.000
    MPSS_TOT           0.000      0.000    999.000    999.000

 EXTRAVER WITH
    OPENNESS           0.000      0.000    999.000    999.000
    AGREEABLEN         0.000      0.000    999.000    999.000
    CONSCIENTI         0.000      0.000    999.000    999.000
    ACTIVE_COP         0.000      0.000    999.000    999.000
    AVOIDANCE_         0.000      0.000    999.000    999.000
    SOC_EMO_CO         0.000      0.000    999.000    999.000
    IESR_TS            0.000      0.000    999.000    999.000
    MPSS_TOT           0.000      0.000    999.000    999.000

 OPENNESS WITH
    AGREEABLEN         0.000      0.000    999.000    999.000
    CONSCIENTI         0.000      0.000    999.000    999.000
    ACTIVE_COP         0.000      0.000    999.000    999.000
    AVOIDANCE_         0.000      0.000    999.000    999.000
    SOC_EMO_CO         0.000      0.000    999.000    999.000
    IESR_TS            0.000      0.000    999.000    999.000
    MPSS_TOT           0.000      0.000    999.000    999.000

 AGREEABL WITH
    CONSCIENTI         0.000      0.000    999.000    999.000
    ACTIVE_COP         0.000      0.000    999.000    999.000
    AVOIDANCE_         0.000      0.000    999.000    999.000
    SOC_EMO_CO         0.000      0.000    999.000    999.000
    IESR_TS            0.000      0.000    999.000    999.000
    MPSS_TOT           0.000      0.000    999.000    999.000

 CONSCIEN WITH
    ACTIVE_COP         0.000      0.000    999.000    999.000
    AVOIDANCE_         0.000      0.000    999.000    999.000
    SOC_EMO_CO         0.000      0.000    999.000    999.000
    IESR_TS            0.000      0.000    999.000    999.000
    MPSS_TOT           0.000      0.000    999.000    999.000

 ACTIVE_C WITH
    AVOIDANCE_         0.000      0.000    999.000    999.000
    SOC_EMO_CO         0.000      0.000    999.000    999.000
    IESR_TS            0.000      0.000    999.000    999.000
    MPSS_TOT           0.000      0.000    999.000    999.000

 AVOIDANC WITH
    SOC_EMO_CO         0.000      0.000    999.000    999.000
    IESR_TS            0.000      0.000    999.000    999.000
    MPSS_TOT           0.000      0.000    999.000    999.000

 SOC_EMO_ WITH
    IESR_TS            0.000      0.000    999.000    999.000
    MPSS_TOT           0.000      0.000    999.000    999.000

 IESR_TS  WITH
    MPSS_TOT           0.000      0.000    999.000    999.000

 Means
    NEUROTICIS         0.000      0.037      0.000      1.000
    EXTRAVERSI         0.000      0.037      0.000      1.000
    OPENNESS           0.000      0.037      0.000      1.000
    AGREEABLEN         0.000      0.037      0.000      1.000
    CONSCIENTI         0.000      0.037      0.000      1.000
    ACTIVE_COP         0.000      0.037      0.000      1.000
    AVOIDANCE_         0.000      0.037      0.000      1.000
    SOC_EMO_CO         0.000      0.037      0.000      1.000
    IESR_TS            0.000      0.037      0.000      1.000
    MPSS_TOT           0.000      0.037      0.000      1.000

 Variances
    NEUROTICIS         0.999      0.050     19.990      0.000
    EXTRAVERSI         0.999      0.056     17.754      0.000
    OPENNESS           0.999      0.049     20.403      0.000
    AGREEABLEN         0.999      0.061     16.505      0.000
    CONSCIENTI         0.999      0.056     17.829      0.000
    ACTIVE_COP         0.999      0.052     19.032      0.000
    AVOIDANCE_         0.999      0.073     13.728      0.000
    SOC_EMO_CO         0.999      0.049     20.492      0.000
    IESR_TS            0.999      0.060     16.525      0.000
    MPSS_TOT           0.999      0.059     16.979      0.000


QUALITY OF NUMERICAL RESULTS

     Condition Number for the Information Matrix              0.542E-03
       (ratio of smallest to largest eigenvalue)


SAVEDATA INFORMATION


  Save file
    model_1_class_1.dat

  Order and format of variables

    NEUROTIC       F10.3
    EXTRAVER       F10.3
    OPENNESS       F10.3
    AGREEABL       F10.3
    CONSCIEN       F10.3
    ACTIVE_C       F10.3
    AVOIDANC       F10.3
    SOC_EMO_       F10.3
    IESR_TS        F10.3
    MPSS_TOT       F10.3
    CPROB1         F10.3
    C1             F10.3

  Save file format
    12F10.3

  Save file record length    10000

  Save missing symbol        *


     Beginning Time:  13:26:38
        Ending Time:  13:26:38
       Elapsed Time:  00:00:00



MUTHEN & MUTHEN
3463 Stoner Ave.
Los Angeles, CA  90066

Tel: (310) 391-9971
Fax: (310) 391-8971
Web: www.StatModel.com
Support: Support@StatModel.com

Copyright (c) 1998-2021 Muthen & Muthen
