Mplus VERSION 8.6 (Mac)
MUTHEN & MUTHEN
04/08/2023   1:27 PM

INPUT INSTRUCTIONS

  TITLE:
  model 1 with 10 classes
  DATA:
  FILE = "data_81c78c0cb6869e75ae6a0f08ff71917f.dat";

  VARIABLE:
  NAMES = neuroticism extraversion openness agreeableness conscientiousness
       active_coping avoidance_coping soc_emo_coping iesr_ts mpss_tot;
   MISSING=.;
   CLASSES = c1(10);

  ANALYSIS:
  TYPE = mixture;

  MODEL:
  %c1#1%
  neuroticism (vneuroticism);
  extraversion (vextraversion);
  openness (vopenness);
  agreeableness (vagreeableness);
  conscientiousness (vconscientiousness);
  active_coping (vactive_coping);
  avoidance_coping (vavoidance_coping);
  soc_emo_coping (vsoc_emo_coping);
  iesr_ts (viesr_ts);
  mpss_tot (vmpss_tot);

  neuroticism WITH extraversion@0;
  neuroticism WITH openness@0;
  neuroticism WITH agreeableness@0;
  neuroticism WITH conscientiousness@0;
  neuroticism WITH active_coping@0;
  neuroticism WITH avoidance_coping@0;
  neuroticism WITH soc_emo_coping@0;
  neuroticism WITH iesr_ts@0;
  neuroticism WITH mpss_tot@0;
  extraversion WITH openness@0;
  extraversion WITH agreeableness@0;
  extraversion WITH conscientiousness@0;
  extraversion WITH active_coping@0;
  extraversion WITH avoidance_coping@0;
  extraversion WITH soc_emo_coping@0;
  extraversion WITH iesr_ts@0;
  extraversion WITH mpss_tot@0;
  openness WITH agreeableness@0;
  openness WITH conscientiousness@0;
  openness WITH active_coping@0;
  openness WITH avoidance_coping@0;
  openness WITH soc_emo_coping@0;
  openness WITH iesr_ts@0;
  openness WITH mpss_tot@0;
  agreeableness WITH conscientiousness@0;
  agreeableness WITH active_coping@0;
  agreeableness WITH avoidance_coping@0;
  agreeableness WITH soc_emo_coping@0;
  agreeableness WITH iesr_ts@0;
  agreeableness WITH mpss_tot@0;
  conscientiousness WITH active_coping@0;
  conscientiousness WITH avoidance_coping@0;
  conscientiousness WITH soc_emo_coping@0;
  conscientiousness WITH iesr_ts@0;
  conscientiousness WITH mpss_tot@0;
  active_coping WITH avoidance_coping@0;
  active_coping WITH soc_emo_coping@0;
  active_coping WITH iesr_ts@0;
  active_coping WITH mpss_tot@0;
  avoidance_coping WITH soc_emo_coping@0;
  avoidance_coping WITH iesr_ts@0;
  avoidance_coping WITH mpss_tot@0;
  soc_emo_coping WITH iesr_ts@0;
  soc_emo_coping WITH mpss_tot@0;
  iesr_ts WITH mpss_tot@0;

  %c1#2%
  neuroticism (vneuroticism);
  extraversion (vextraversion);
  openness (vopenness);
  agreeableness (vagreeableness);
  conscientiousness (vconscientiousness);
  active_coping (vactive_coping);
  avoidance_coping (vavoidance_coping);
  soc_emo_coping (vsoc_emo_coping);
  iesr_ts (viesr_ts);
  mpss_tot (vmpss_tot);

  neuroticism WITH extraversion@0;
  neuroticism WITH openness@0;
  neuroticism WITH agreeableness@0;
  neuroticism WITH conscientiousness@0;
  neuroticism WITH active_coping@0;
  neuroticism WITH avoidance_coping@0;
  neuroticism WITH soc_emo_coping@0;
  neuroticism WITH iesr_ts@0;
  neuroticism WITH mpss_tot@0;
  extraversion WITH openness@0;
  extraversion WITH agreeableness@0;
  extraversion WITH conscientiousness@0;
  extraversion WITH active_coping@0;
  extraversion WITH avoidance_coping@0;
  extraversion WITH soc_emo_coping@0;
  extraversion WITH iesr_ts@0;
  extraversion WITH mpss_tot@0;
  openness WITH agreeableness@0;
  openness WITH conscientiousness@0;
  openness WITH active_coping@0;
  openness WITH avoidance_coping@0;
  openness WITH soc_emo_coping@0;
  openness WITH iesr_ts@0;
  openness WITH mpss_tot@0;
  agreeableness WITH conscientiousness@0;
  agreeableness WITH active_coping@0;
  agreeableness WITH avoidance_coping@0;
  agreeableness WITH soc_emo_coping@0;
  agreeableness WITH iesr_ts@0;
  agreeableness WITH mpss_tot@0;
  conscientiousness WITH active_coping@0;
  conscientiousness WITH avoidance_coping@0;
  conscientiousness WITH soc_emo_coping@0;
  conscientiousness WITH iesr_ts@0;
  conscientiousness WITH mpss_tot@0;
  active_coping WITH avoidance_coping@0;
  active_coping WITH soc_emo_coping@0;
  active_coping WITH iesr_ts@0;
  active_coping WITH mpss_tot@0;
  avoidance_coping WITH soc_emo_coping@0;
  avoidance_coping WITH iesr_ts@0;
  avoidance_coping WITH mpss_tot@0;
  soc_emo_coping WITH iesr_ts@0;
  soc_emo_coping WITH mpss_tot@0;
  iesr_ts WITH mpss_tot@0;

  %c1#3%
  neuroticism (vneuroticism);
  extraversion (vextraversion);
  openness (vopenness);
  agreeableness (vagreeableness);
  conscientiousness (vconscientiousness);
  active_coping (vactive_coping);
  avoidance_coping (vavoidance_coping);
  soc_emo_coping (vsoc_emo_coping);
  iesr_ts (viesr_ts);
  mpss_tot (vmpss_tot);

  neuroticism WITH extraversion@0;
  neuroticism WITH openness@0;
  neuroticism WITH agreeableness@0;
  neuroticism WITH conscientiousness@0;
  neuroticism WITH active_coping@0;
  neuroticism WITH avoidance_coping@0;
  neuroticism WITH soc_emo_coping@0;
  neuroticism WITH iesr_ts@0;
  neuroticism WITH mpss_tot@0;
  extraversion WITH openness@0;
  extraversion WITH agreeableness@0;
  extraversion WITH conscientiousness@0;
  extraversion WITH active_coping@0;
  extraversion WITH avoidance_coping@0;
  extraversion WITH soc_emo_coping@0;
  extraversion WITH iesr_ts@0;
  extraversion WITH mpss_tot@0;
  openness WITH agreeableness@0;
  openness WITH conscientiousness@0;
  openness WITH active_coping@0;
  openness WITH avoidance_coping@0;
  openness WITH soc_emo_coping@0;
  openness WITH iesr_ts@0;
  openness WITH mpss_tot@0;
  agreeableness WITH conscientiousness@0;
  agreeableness WITH active_coping@0;
  agreeableness WITH avoidance_coping@0;
  agreeableness WITH soc_emo_coping@0;
  agreeableness WITH iesr_ts@0;
  agreeableness WITH mpss_tot@0;
  conscientiousness WITH active_coping@0;
  conscientiousness WITH avoidance_coping@0;
  conscientiousness WITH soc_emo_coping@0;
  conscientiousness WITH iesr_ts@0;
  conscientiousness WITH mpss_tot@0;
  active_coping WITH avoidance_coping@0;
  active_coping WITH soc_emo_coping@0;
  active_coping WITH iesr_ts@0;
  active_coping WITH mpss_tot@0;
  avoidance_coping WITH soc_emo_coping@0;
  avoidance_coping WITH iesr_ts@0;
  avoidance_coping WITH mpss_tot@0;
  soc_emo_coping WITH iesr_ts@0;
  soc_emo_coping WITH mpss_tot@0;
  iesr_ts WITH mpss_tot@0;

  %c1#4%
  neuroticism (vneuroticism);
  extraversion (vextraversion);
  openness (vopenness);
  agreeableness (vagreeableness);
  conscientiousness (vconscientiousness);
  active_coping (vactive_coping);
  avoidance_coping (vavoidance_coping);
  soc_emo_coping (vsoc_emo_coping);
  iesr_ts (viesr_ts);
  mpss_tot (vmpss_tot);

  neuroticism WITH extraversion@0;
  neuroticism WITH openness@0;
  neuroticism WITH agreeableness@0;
  neuroticism WITH conscientiousness@0;
  neuroticism WITH active_coping@0;
  neuroticism WITH avoidance_coping@0;
  neuroticism WITH soc_emo_coping@0;
  neuroticism WITH iesr_ts@0;
  neuroticism WITH mpss_tot@0;
  extraversion WITH openness@0;
  extraversion WITH agreeableness@0;
  extraversion WITH conscientiousness@0;
  extraversion WITH active_coping@0;
  extraversion WITH avoidance_coping@0;
  extraversion WITH soc_emo_coping@0;
  extraversion WITH iesr_ts@0;
  extraversion WITH mpss_tot@0;
  openness WITH agreeableness@0;
  openness WITH conscientiousness@0;
  openness WITH active_coping@0;
  openness WITH avoidance_coping@0;
  openness WITH soc_emo_coping@0;
  openness WITH iesr_ts@0;
  openness WITH mpss_tot@0;
  agreeableness WITH conscientiousness@0;
  agreeableness WITH active_coping@0;
  agreeableness WITH avoidance_coping@0;
  agreeableness WITH soc_emo_coping@0;
  agreeableness WITH iesr_ts@0;
  agreeableness WITH mpss_tot@0;
  conscientiousness WITH active_coping@0;
  conscientiousness WITH avoidance_coping@0;
  conscientiousness WITH soc_emo_coping@0;
  conscientiousness WITH iesr_ts@0;
  conscientiousness WITH mpss_tot@0;
  active_coping WITH avoidance_coping@0;
  active_coping WITH soc_emo_coping@0;
  active_coping WITH iesr_ts@0;
  active_coping WITH mpss_tot@0;
  avoidance_coping WITH soc_emo_coping@0;
  avoidance_coping WITH iesr_ts@0;
  avoidance_coping WITH mpss_tot@0;
  soc_emo_coping WITH iesr_ts@0;
  soc_emo_coping WITH mpss_tot@0;
  iesr_ts WITH mpss_tot@0;

  %c1#5%
  neuroticism (vneuroticism);
  extraversion (vextraversion);
  openness (vopenness);
  agreeableness (vagreeableness);
  conscientiousness (vconscientiousness);
  active_coping (vactive_coping);
  avoidance_coping (vavoidance_coping);
  soc_emo_coping (vsoc_emo_coping);
  iesr_ts (viesr_ts);
  mpss_tot (vmpss_tot);

  neuroticism WITH extraversion@0;
  neuroticism WITH openness@0;
  neuroticism WITH agreeableness@0;
  neuroticism WITH conscientiousness@0;
  neuroticism WITH active_coping@0;
  neuroticism WITH avoidance_coping@0;
  neuroticism WITH soc_emo_coping@0;
  neuroticism WITH iesr_ts@0;
  neuroticism WITH mpss_tot@0;
  extraversion WITH openness@0;
  extraversion WITH agreeableness@0;
  extraversion WITH conscientiousness@0;
  extraversion WITH active_coping@0;
  extraversion WITH avoidance_coping@0;
  extraversion WITH soc_emo_coping@0;
  extraversion WITH iesr_ts@0;
  extraversion WITH mpss_tot@0;
  openness WITH agreeableness@0;
  openness WITH conscientiousness@0;
  openness WITH active_coping@0;
  openness WITH avoidance_coping@0;
  openness WITH soc_emo_coping@0;
  openness WITH iesr_ts@0;
  openness WITH mpss_tot@0;
  agreeableness WITH conscientiousness@0;
  agreeableness WITH active_coping@0;
  agreeableness WITH avoidance_coping@0;
  agreeableness WITH soc_emo_coping@0;
  agreeableness WITH iesr_ts@0;
  agreeableness WITH mpss_tot@0;
  conscientiousness WITH active_coping@0;
  conscientiousness WITH avoidance_coping@0;
  conscientiousness WITH soc_emo_coping@0;
  conscientiousness WITH iesr_ts@0;
  conscientiousness WITH mpss_tot@0;
  active_coping WITH avoidance_coping@0;
  active_coping WITH soc_emo_coping@0;
  active_coping WITH iesr_ts@0;
  active_coping WITH mpss_tot@0;
  avoidance_coping WITH soc_emo_coping@0;
  avoidance_coping WITH iesr_ts@0;
  avoidance_coping WITH mpss_tot@0;
  soc_emo_coping WITH iesr_ts@0;
  soc_emo_coping WITH mpss_tot@0;
  iesr_ts WITH mpss_tot@0;

  %c1#6%
  neuroticism (vneuroticism);
  extraversion (vextraversion);
  openness (vopenness);
  agreeableness (vagreeableness);
  conscientiousness (vconscientiousness);
  active_coping (vactive_coping);
  avoidance_coping (vavoidance_coping);
  soc_emo_coping (vsoc_emo_coping);
  iesr_ts (viesr_ts);
  mpss_tot (vmpss_tot);

  neuroticism WITH extraversion@0;
  neuroticism WITH openness@0;
  neuroticism WITH agreeableness@0;
  neuroticism WITH conscientiousness@0;
  neuroticism WITH active_coping@0;
  neuroticism WITH avoidance_coping@0;
  neuroticism WITH soc_emo_coping@0;
  neuroticism WITH iesr_ts@0;
  neuroticism WITH mpss_tot@0;
  extraversion WITH openness@0;
  extraversion WITH agreeableness@0;
  extraversion WITH conscientiousness@0;
  extraversion WITH active_coping@0;
  extraversion WITH avoidance_coping@0;
  extraversion WITH soc_emo_coping@0;
  extraversion WITH iesr_ts@0;
  extraversion WITH mpss_tot@0;
  openness WITH agreeableness@0;
  openness WITH conscientiousness@0;
  openness WITH active_coping@0;
  openness WITH avoidance_coping@0;
  openness WITH soc_emo_coping@0;
  openness WITH iesr_ts@0;
  openness WITH mpss_tot@0;
  agreeableness WITH conscientiousness@0;
  agreeableness WITH active_coping@0;
  agreeableness WITH avoidance_coping@0;
  agreeableness WITH soc_emo_coping@0;
  agreeableness WITH iesr_ts@0;
  agreeableness WITH mpss_tot@0;
  conscientiousness WITH active_coping@0;
  conscientiousness WITH avoidance_coping@0;
  conscientiousness WITH soc_emo_coping@0;
  conscientiousness WITH iesr_ts@0;
  conscientiousness WITH mpss_tot@0;
  active_coping WITH avoidance_coping@0;
  active_coping WITH soc_emo_coping@0;
  active_coping WITH iesr_ts@0;
  active_coping WITH mpss_tot@0;
  avoidance_coping WITH soc_emo_coping@0;
  avoidance_coping WITH iesr_ts@0;
  avoidance_coping WITH mpss_tot@0;
  soc_emo_coping WITH iesr_ts@0;
  soc_emo_coping WITH mpss_tot@0;
  iesr_ts WITH mpss_tot@0;

  %c1#7%
  neuroticism (vneuroticism);
  extraversion (vextraversion);
  openness (vopenness);
  agreeableness (vagreeableness);
  conscientiousness (vconscientiousness);
  active_coping (vactive_coping);
  avoidance_coping (vavoidance_coping);
  soc_emo_coping (vsoc_emo_coping);
  iesr_ts (viesr_ts);
  mpss_tot (vmpss_tot);

  neuroticism WITH extraversion@0;
  neuroticism WITH openness@0;
  neuroticism WITH agreeableness@0;
  neuroticism WITH conscientiousness@0;
  neuroticism WITH active_coping@0;
  neuroticism WITH avoidance_coping@0;
  neuroticism WITH soc_emo_coping@0;
  neuroticism WITH iesr_ts@0;
  neuroticism WITH mpss_tot@0;
  extraversion WITH openness@0;
  extraversion WITH agreeableness@0;
  extraversion WITH conscientiousness@0;
  extraversion WITH active_coping@0;
  extraversion WITH avoidance_coping@0;
  extraversion WITH soc_emo_coping@0;
  extraversion WITH iesr_ts@0;
  extraversion WITH mpss_tot@0;
  openness WITH agreeableness@0;
  openness WITH conscientiousness@0;
  openness WITH active_coping@0;
  openness WITH avoidance_coping@0;
  openness WITH soc_emo_coping@0;
  openness WITH iesr_ts@0;
  openness WITH mpss_tot@0;
  agreeableness WITH conscientiousness@0;
  agreeableness WITH active_coping@0;
  agreeableness WITH avoidance_coping@0;
  agreeableness WITH soc_emo_coping@0;
  agreeableness WITH iesr_ts@0;
  agreeableness WITH mpss_tot@0;
  conscientiousness WITH active_coping@0;
  conscientiousness WITH avoidance_coping@0;
  conscientiousness WITH soc_emo_coping@0;
  conscientiousness WITH iesr_ts@0;
  conscientiousness WITH mpss_tot@0;
  active_coping WITH avoidance_coping@0;
  active_coping WITH soc_emo_coping@0;
  active_coping WITH iesr_ts@0;
  active_coping WITH mpss_tot@0;
  avoidance_coping WITH soc_emo_coping@0;
  avoidance_coping WITH iesr_ts@0;
  avoidance_coping WITH mpss_tot@0;
  soc_emo_coping WITH iesr_ts@0;
  soc_emo_coping WITH mpss_tot@0;
  iesr_ts WITH mpss_tot@0;

  %c1#8%
  neuroticism (vneuroticism);
  extraversion (vextraversion);
  openness (vopenness);
  agreeableness (vagreeableness);
  conscientiousness (vconscientiousness);
  active_coping (vactive_coping);
  avoidance_coping (vavoidance_coping);
  soc_emo_coping (vsoc_emo_coping);
  iesr_ts (viesr_ts);
  mpss_tot (vmpss_tot);

  neuroticism WITH extraversion@0;
  neuroticism WITH openness@0;
  neuroticism WITH agreeableness@0;
  neuroticism WITH conscientiousness@0;
  neuroticism WITH active_coping@0;
  neuroticism WITH avoidance_coping@0;
  neuroticism WITH soc_emo_coping@0;
  neuroticism WITH iesr_ts@0;
  neuroticism WITH mpss_tot@0;
  extraversion WITH openness@0;
  extraversion WITH agreeableness@0;
  extraversion WITH conscientiousness@0;
  extraversion WITH active_coping@0;
  extraversion WITH avoidance_coping@0;
  extraversion WITH soc_emo_coping@0;
  extraversion WITH iesr_ts@0;
  extraversion WITH mpss_tot@0;
  openness WITH agreeableness@0;
  openness WITH conscientiousness@0;
  openness WITH active_coping@0;
  openness WITH avoidance_coping@0;
  openness WITH soc_emo_coping@0;
  openness WITH iesr_ts@0;
  openness WITH mpss_tot@0;
  agreeableness WITH conscientiousness@0;
  agreeableness WITH active_coping@0;
  agreeableness WITH avoidance_coping@0;
  agreeableness WITH soc_emo_coping@0;
  agreeableness WITH iesr_ts@0;
  agreeableness WITH mpss_tot@0;
  conscientiousness WITH active_coping@0;
  conscientiousness WITH avoidance_coping@0;
  conscientiousness WITH soc_emo_coping@0;
  conscientiousness WITH iesr_ts@0;
  conscientiousness WITH mpss_tot@0;
  active_coping WITH avoidance_coping@0;
  active_coping WITH soc_emo_coping@0;
  active_coping WITH iesr_ts@0;
  active_coping WITH mpss_tot@0;
  avoidance_coping WITH soc_emo_coping@0;
  avoidance_coping WITH iesr_ts@0;
  avoidance_coping WITH mpss_tot@0;
  soc_emo_coping WITH iesr_ts@0;
  soc_emo_coping WITH mpss_tot@0;
  iesr_ts WITH mpss_tot@0;

  %c1#9%
  neuroticism (vneuroticism);
  extraversion (vextraversion);
  openness (vopenness);
  agreeableness (vagreeableness);
  conscientiousness (vconscientiousness);
  active_coping (vactive_coping);
  avoidance_coping (vavoidance_coping);
  soc_emo_coping (vsoc_emo_coping);
  iesr_ts (viesr_ts);
  mpss_tot (vmpss_tot);

  neuroticism WITH extraversion@0;
  neuroticism WITH openness@0;
  neuroticism WITH agreeableness@0;
  neuroticism WITH conscientiousness@0;
  neuroticism WITH active_coping@0;
  neuroticism WITH avoidance_coping@0;
  neuroticism WITH soc_emo_coping@0;
  neuroticism WITH iesr_ts@0;
  neuroticism WITH mpss_tot@0;
  extraversion WITH openness@0;
  extraversion WITH agreeableness@0;
  extraversion WITH conscientiousness@0;
  extraversion WITH active_coping@0;
  extraversion WITH avoidance_coping@0;
  extraversion WITH soc_emo_coping@0;
  extraversion WITH iesr_ts@0;
  extraversion WITH mpss_tot@0;
  openness WITH agreeableness@0;
  openness WITH conscientiousness@0;
  openness WITH active_coping@0;
  openness WITH avoidance_coping@0;
  openness WITH soc_emo_coping@0;
  openness WITH iesr_ts@0;
  openness WITH mpss_tot@0;
  agreeableness WITH conscientiousness@0;
  agreeableness WITH active_coping@0;
  agreeableness WITH avoidance_coping@0;
  agreeableness WITH soc_emo_coping@0;
  agreeableness WITH iesr_ts@0;
  agreeableness WITH mpss_tot@0;
  conscientiousness WITH active_coping@0;
  conscientiousness WITH avoidance_coping@0;
  conscientiousness WITH soc_emo_coping@0;
  conscientiousness WITH iesr_ts@0;
  conscientiousness WITH mpss_tot@0;
  active_coping WITH avoidance_coping@0;
  active_coping WITH soc_emo_coping@0;
  active_coping WITH iesr_ts@0;
  active_coping WITH mpss_tot@0;
  avoidance_coping WITH soc_emo_coping@0;
  avoidance_coping WITH iesr_ts@0;
  avoidance_coping WITH mpss_tot@0;
  soc_emo_coping WITH iesr_ts@0;
  soc_emo_coping WITH mpss_tot@0;
  iesr_ts WITH mpss_tot@0;

  %c1#10%
  neuroticism (vneuroticism);
  extraversion (vextraversion);
  openness (vopenness);
  agreeableness (vagreeableness);
  conscientiousness (vconscientiousness);
  active_coping (vactive_coping);
  avoidance_coping (vavoidance_coping);
  soc_emo_coping (vsoc_emo_coping);
  iesr_ts (viesr_ts);
  mpss_tot (vmpss_tot);

  neuroticism WITH extraversion@0;
  neuroticism WITH openness@0;
  neuroticism WITH agreeableness@0;
  neuroticism WITH conscientiousness@0;
  neuroticism WITH active_coping@0;
  neuroticism WITH avoidance_coping@0;
  neuroticism WITH soc_emo_coping@0;
  neuroticism WITH iesr_ts@0;
  neuroticism WITH mpss_tot@0;
  extraversion WITH openness@0;
  extraversion WITH agreeableness@0;
  extraversion WITH conscientiousness@0;
  extraversion WITH active_coping@0;
  extraversion WITH avoidance_coping@0;
  extraversion WITH soc_emo_coping@0;
  extraversion WITH iesr_ts@0;
  extraversion WITH mpss_tot@0;
  openness WITH agreeableness@0;
  openness WITH conscientiousness@0;
  openness WITH active_coping@0;
  openness WITH avoidance_coping@0;
  openness WITH soc_emo_coping@0;
  openness WITH iesr_ts@0;
  openness WITH mpss_tot@0;
  agreeableness WITH conscientiousness@0;
  agreeableness WITH active_coping@0;
  agreeableness WITH avoidance_coping@0;
  agreeableness WITH soc_emo_coping@0;
  agreeableness WITH iesr_ts@0;
  agreeableness WITH mpss_tot@0;
  conscientiousness WITH active_coping@0;
  conscientiousness WITH avoidance_coping@0;
  conscientiousness WITH soc_emo_coping@0;
  conscientiousness WITH iesr_ts@0;
  conscientiousness WITH mpss_tot@0;
  active_coping WITH avoidance_coping@0;
  active_coping WITH soc_emo_coping@0;
  active_coping WITH iesr_ts@0;
  active_coping WITH mpss_tot@0;
  avoidance_coping WITH soc_emo_coping@0;
  avoidance_coping WITH iesr_ts@0;
  avoidance_coping WITH mpss_tot@0;
  soc_emo_coping WITH iesr_ts@0;
  soc_emo_coping WITH mpss_tot@0;
  iesr_ts WITH mpss_tot@0;


  OUTPUT:
  TECH14;

  SAVEDATA:
  FILE IS model_1_class_10.dat;
  SAVE = cprobabilities;



*** WARNING in VARIABLE command
  Note that only the first 8 characters of variable names are used in the output.
  Shorten variable names to avoid any confusion.
*** WARNING in MODEL command
  All variables are uncorrelated with all other variables within class.
  Check that this is what is intended.
   2 WARNING(S) FOUND IN THE INPUT INSTRUCTIONS




model 1 with 10 classes

SUMMARY OF ANALYSIS

Number of groups                                                 1
Number of observations                                         746

Number of dependent variables                                   10
Number of independent variables                                  0
Number of continuous latent variables                            0
Number of categorical latent variables                           1

Observed dependent variables

  Continuous
   NEUROTICIS  EXTRAVERSI  OPENNESS    AGREEABLEN  CONSCIENTI  ACTIVE_COP
   AVOIDANCE_  SOC_EMO_CO  IESR_TS     MPSS_TOT

Categorical latent variables
   C1


Estimator                                                      MLR
Information matrix                                        OBSERVED
Optimization Specifications for the Quasi-Newton Algorithm for
Continuous Outcomes
  Maximum number of iterations                                 100
  Convergence criterion                                  0.100D-05
Optimization Specifications for the EM Algorithm
  Maximum number of iterations                                 500
  Convergence criteria
    Loglikelihood change                                 0.100D-06
    Relative loglikelihood change                        0.100D-06
    Derivative                                           0.100D-05
Optimization Specifications for the M step of the EM Algorithm for
Categorical Latent variables
  Number of M step iterations                                    1
  M step convergence criterion                           0.100D-05
  Basis for M step termination                           ITERATION
Optimization Specifications for the M step of the EM Algorithm for
Censored, Binary or Ordered Categorical (Ordinal), Unordered
Categorical (Nominal) and Count Outcomes
  Number of M step iterations                                    1
  M step convergence criterion                           0.100D-05
  Basis for M step termination                           ITERATION
  Maximum value for logit thresholds                            15
  Minimum value for logit thresholds                           -15
  Minimum expected cell size for chi-square              0.100D-01
Maximum number of iterations for H1                           2000
Convergence criterion for H1                             0.100D-03
Optimization algorithm                                         EMA
Random Starts Specifications
  Number of initial stage random starts                         20
  Number of final stage optimizations                            4
  Number of initial stage iterations                            10
  Initial stage convergence criterion                    0.100D+01
  Random starts scale                                    0.500D+01
  Random seed for generating random starts                       0

Input data file(s)
  data_81c78c0cb6869e75ae6a0f08ff71917f.dat
Input data format  FREE


SUMMARY OF DATA

     Number of missing data patterns             1
     Number of y missing data patterns           1
     Number of u missing data patterns           0


COVARIANCE COVERAGE OF DATA

Minimum covariance coverage value   0.100


     PROPORTION OF DATA PRESENT FOR Y


           Covariance Coverage
              NEUROTIC      EXTRAVER      OPENNESS      AGREEABL      CONSCIEN
              ________      ________      ________      ________      ________
 NEUROTIC       1.000
 EXTRAVER       1.000         1.000
 OPENNESS       1.000         1.000         1.000
 AGREEABL       1.000         1.000         1.000         1.000
 CONSCIEN       1.000         1.000         1.000         1.000         1.000
 ACTIVE_C       1.000         1.000         1.000         1.000         1.000
 AVOIDANC       1.000         1.000         1.000         1.000         1.000
 SOC_EMO_       1.000         1.000         1.000         1.000         1.000
 IESR_TS        1.000         1.000         1.000         1.000         1.000
 MPSS_TOT       1.000         1.000         1.000         1.000         1.000


           Covariance Coverage
              ACTIVE_C      AVOIDANC      SOC_EMO_      IESR_TS       MPSS_TOT
              ________      ________      ________      ________      ________
 ACTIVE_C       1.000
 AVOIDANC       1.000         1.000
 SOC_EMO_       1.000         1.000         1.000
 IESR_TS        1.000         1.000         1.000         1.000
 MPSS_TOT       1.000         1.000         1.000         1.000         1.000



UNIVARIATE SAMPLE STATISTICS


     UNIVARIATE HIGHER-ORDER MOMENT DESCRIPTIVE STATISTICS

         Variable/         Mean/     Skewness/   Minimum/ % with                Percentiles
        Sample Size      Variance    Kurtosis    Maximum  Min/Max      20%/60%    40%/80%    Median

     NEUROTICISM           0.000       0.344      -2.153    0.13%      -0.914     -0.351     -0.013
             746.000       0.999      -0.133       3.141    0.13%       0.212      0.776
     EXTRAVERSION          0.000      -0.567      -3.510    0.40%      -0.889     -0.161      0.130
             746.000       0.999       0.367       2.169    0.13%       0.276      0.858
     OPENNESS              0.000      -0.053      -2.961    0.13%      -0.787     -0.321     -0.010
             746.000       0.999      -0.208       2.630    0.54%       0.301      0.767
     AGREEABLENESS         0.000      -0.495      -4.910    0.13%      -0.773     -0.255      0.089
             746.000       0.999       0.738       2.331    0.13%       0.262      0.779
     CONSCIENTIOUSNE       0.000      -0.517      -3.782    0.13%      -0.722     -0.263      0.043
             746.000       0.999       0.347       1.880    0.94%       0.196      0.962
     ACTIVE_COPING         0.000      -0.164      -3.070    0.13%      -0.793     -0.276     -0.017
             746.000       0.999       0.060       2.726    0.13%       0.242      0.811
     AVOIDANCE_COPIN       0.000       1.136      -1.529    2.14%      -0.837     -0.421     -0.144
             746.000       0.999       1.959       4.843    0.13%      -0.005      0.687
     SOC_EMO_COPING        0.000       0.116      -2.529    0.40%      -0.840     -0.277      0.004
             746.000       0.999      -0.224       2.536    0.54%       0.285      0.848
     IESR_TS               0.000       1.113      -1.187    4.29%      -0.862     -0.538     -0.279
             746.000       0.999       0.732       3.938    0.13%      -0.019      0.759
     MPSS_TOT              0.000      -0.943      -3.410    0.27%      -0.762     -0.061      0.172
             746.000       0.999       0.588       1.263    8.31%       0.406      0.873

RANDOM STARTS RESULTS RANKED FROM THE BEST TO THE WORST LOGLIKELIHOOD VALUES

Final stage loglikelihood values at local maxima, seeds, and initial stage start numbers:

           -9779.571  399671           13
           -9780.279  195873           6
           -9781.331  415931           10
           -9787.758  107446           12



     WARNING:  THE BEST LOGLIKELIHOOD VALUE WAS NOT REPLICATED.  THE
     SOLUTION MAY NOT BE TRUSTWORTHY DUE TO LOCAL MAXIMA.  INCREASE THE
     NUMBER OF RANDOM STARTS.


THE MODEL ESTIMATION TERMINATED NORMALLY



MODEL FIT INFORMATION

Number of Free Parameters                      119

Loglikelihood

          H0 Value                       -9779.571
          H0 Scaling Correction Factor      1.4317
            for MLR

Information Criteria

          Akaike (AIC)                   19797.143
          Bayesian (BIC)                 20346.295
          Sample-Size Adjusted BIC       19968.425
            (n* = (n + 2) / 24)



FINAL CLASS COUNTS AND PROPORTIONS FOR THE LATENT CLASSES
BASED ON THE ESTIMATED MODEL

    Latent
   Classes

       1         16.91592          0.02268
       2         54.71471          0.07334
       3        105.57566          0.14152
       4         67.26715          0.09017
       5         89.41380          0.11986
       6         24.12461          0.03234
       7        109.86271          0.14727
       8        227.19240          0.30455
       9         33.30550          0.04465
      10         17.62755          0.02363


FINAL CLASS COUNTS AND PROPORTIONS FOR THE LATENT CLASSES
BASED ON ESTIMATED POSTERIOR PROBABILITIES

    Latent
   Classes

       1         16.91592          0.02268
       2         54.71471          0.07334
       3        105.57566          0.14152
       4         67.26715          0.09017
       5         89.41380          0.11986
       6         24.12461          0.03234
       7        109.86271          0.14727
       8        227.19240          0.30455
       9         33.30550          0.04465
      10         17.62755          0.02363


FINAL CLASS COUNTS AND PROPORTIONS FOR THE LATENT CLASSES
BASED ON THEIR MOST LIKELY LATENT CLASS MEMBERSHIP

Class Counts and Proportions

    Latent
   Classes

       1               17          0.02279
       2               57          0.07641
       3              101          0.13539
       4               64          0.08579
       5               84          0.11260
       6               21          0.02815
       7              108          0.14477
       8              246          0.32976
       9               30          0.04021
      10               18          0.02413


CLASSIFICATION QUALITY

     Entropy                         0.783


Average Latent Class Probabilities for Most Likely Latent Class Membership (Row)
by Latent Class (Column)

           1        2        3        4        5        6        7        8        9

    1   0.861    0.010    0.000    0.000    0.000    0.017    0.112    0.000    0.000
    2   0.002    0.842    0.000    0.028    0.000    0.031    0.041    0.045    0.006
    3   0.000    0.000    0.821    0.005    0.057    0.000    0.000    0.112    0.005
    4   0.000    0.032    0.012    0.850    0.000    0.011    0.001    0.079    0.007
    5   0.000    0.000    0.090    0.000    0.821    0.000    0.019    0.068    0.001
    6   0.011    0.029    0.000    0.007    0.000    0.884    0.045    0.009    0.013
    7   0.018    0.009    0.000    0.000    0.027    0.016    0.812    0.115    0.002
    8   0.000    0.008    0.056    0.036    0.048    0.003    0.062    0.762    0.025
    9   0.000    0.028    0.014    0.027    0.000    0.002    0.002    0.086    0.840
   10   0.000    0.015    0.000    0.050    0.000    0.007    0.000    0.000    0.000

          10

    1   0.000
    2   0.005
    3   0.000
    4   0.009
    5   0.000
    6   0.002
    7   0.000
    8   0.000
    9   0.001
   10   0.927


Classification Probabilities for the Most Likely Latent Class Membership (Column)
by Latent Class (Row)

           1        2        3        4        5        6        7        8        9

    1   0.865    0.005    0.000    0.000    0.000    0.014    0.116    0.000    0.000
    2   0.003    0.877    0.000    0.037    0.000    0.011    0.017    0.034    0.015
    3   0.000    0.000    0.786    0.007    0.072    0.000    0.000    0.131    0.004
    4   0.000    0.024    0.008    0.809    0.000    0.002    0.000    0.131    0.012
    5   0.000    0.000    0.064    0.000    0.771    0.000    0.033    0.132    0.000
    6   0.012    0.074    0.000    0.029    0.000    0.769    0.074    0.034    0.002
    7   0.017    0.021    0.000    0.001    0.015    0.009    0.798    0.138    0.001
    8   0.000    0.011    0.050    0.022    0.025    0.001    0.055    0.825    0.011
    9   0.000    0.010    0.016    0.013    0.004    0.008    0.008    0.185    0.756
   10   0.000    0.016    0.000    0.033    0.000    0.002    0.000    0.000    0.002

          10

    1   0.000
    2   0.005
    3   0.000
    4   0.013
    5   0.000
    6   0.006
    7   0.000
    8   0.000
    9   0.000
   10   0.946


Logits for the Classification Probabilities for the Most Likely Latent Class Membership (Column)
by Latent Class (Row)

              1        2        3        4        5        6        7        8        9

    1     13.670    8.590    0.000    0.000    0.000    9.536   11.659    3.889    4.493
    2     -0.492    5.148   -8.536    1.979   -8.536    0.775    1.218    1.910    1.090
    3      0.000    0.000   13.575    8.871   11.180    4.535    4.991   11.784    8.273
    4     -9.504    0.581   -0.567    4.100   -6.856   -1.839   -3.851    2.282   -0.102
    5      0.000    0.000   11.066    1.881   13.555    2.786   10.393   11.793    4.339
    6      0.774    2.593   -7.351    1.657   -4.274    4.934    2.590    1.818   -0.960
    7      9.762    9.974    4.516    6.625    9.599    9.065   13.590   11.835    6.326
    8      1.058    8.093    9.577    8.770    8.905    5.441    9.672   12.389    8.106
    9     -3.248    5.927    6.424    6.190    4.943    5.800    5.730    8.883   10.289
   10    -13.760   -4.051  -13.760   -3.361  -13.760   -6.226  -13.760   -9.383   -6.020

             10

    1      0.000
    2      0.000
    3      0.000
    4      0.000
    5      0.000
    6      0.000
    7      0.000
    8      0.000
    9      0.000
   10      0.000


MODEL RESULTS

                                                    Two-Tailed
                    Estimate       S.E.  Est./S.E.    P-Value

Latent Class 1

 NEUROTIC WITH
    EXTRAVERSI         0.000      0.000    999.000    999.000
    OPENNESS           0.000      0.000    999.000    999.000
    AGREEABLEN         0.000      0.000    999.000    999.000
    CONSCIENTI         0.000      0.000    999.000    999.000
    ACTIVE_COP         0.000      0.000    999.000    999.000
    AVOIDANCE_         0.000      0.000    999.000    999.000
    SOC_EMO_CO         0.000      0.000    999.000    999.000
    IESR_TS            0.000      0.000    999.000    999.000
    MPSS_TOT           0.000      0.000    999.000    999.000

 EXTRAVER WITH
    OPENNESS           0.000      0.000    999.000    999.000
    AGREEABLEN         0.000      0.000    999.000    999.000
    CONSCIENTI         0.000      0.000    999.000    999.000
    ACTIVE_COP         0.000      0.000    999.000    999.000
    AVOIDANCE_         0.000      0.000    999.000    999.000
    SOC_EMO_CO         0.000      0.000    999.000    999.000
    IESR_TS            0.000      0.000    999.000    999.000
    MPSS_TOT           0.000      0.000    999.000    999.000

 OPENNESS WITH
    AGREEABLEN         0.000      0.000    999.000    999.000
    CONSCIENTI         0.000      0.000    999.000    999.000
    ACTIVE_COP         0.000      0.000    999.000    999.000
    AVOIDANCE_         0.000      0.000    999.000    999.000
    SOC_EMO_CO         0.000      0.000    999.000    999.000
    IESR_TS            0.000      0.000    999.000    999.000
    MPSS_TOT           0.000      0.000    999.000    999.000

 AGREEABL WITH
    CONSCIENTI         0.000      0.000    999.000    999.000
    ACTIVE_COP         0.000      0.000    999.000    999.000
    AVOIDANCE_         0.000      0.000    999.000    999.000
    SOC_EMO_CO         0.000      0.000    999.000    999.000
    IESR_TS            0.000      0.000    999.000    999.000
    MPSS_TOT           0.000      0.000    999.000    999.000

 CONSCIEN WITH
    ACTIVE_COP         0.000      0.000    999.000    999.000
    AVOIDANCE_         0.000      0.000    999.000    999.000
    SOC_EMO_CO         0.000      0.000    999.000    999.000
    IESR_TS            0.000      0.000    999.000    999.000
    MPSS_TOT           0.000      0.000    999.000    999.000

 ACTIVE_C WITH
    AVOIDANCE_         0.000      0.000    999.000    999.000
    SOC_EMO_CO         0.000      0.000    999.000    999.000
    IESR_TS            0.000      0.000    999.000    999.000
    MPSS_TOT           0.000      0.000    999.000    999.000

 AVOIDANC WITH
    SOC_EMO_CO         0.000      0.000    999.000    999.000
    IESR_TS            0.000      0.000    999.000    999.000
    MPSS_TOT           0.000      0.000    999.000    999.000

 SOC_EMO_ WITH
    IESR_TS            0.000      0.000    999.000    999.000
    MPSS_TOT           0.000      0.000    999.000    999.000

 IESR_TS  WITH
    MPSS_TOT           0.000      0.000    999.000    999.000

 Means
    NEUROTICIS         0.815      0.256      3.183      0.001
    EXTRAVERSI        -1.813      0.592     -3.066      0.002
    OPENNESS          -0.406      0.561     -0.723      0.469
    AGREEABLEN        -1.551      0.641     -2.420      0.016
    CONSCIENTI        -1.457      0.906     -1.608      0.108
    ACTIVE_COP        -1.187      0.390     -3.040      0.002
    AVOIDANCE_         0.371      0.361      1.028      0.304
    SOC_EMO_CO        -1.569      0.164     -9.560      0.000
    IESR_TS           -0.541      0.179     -3.029      0.002
    MPSS_TOT          -2.025      0.849     -2.385      0.017

 Variances
    NEUROTICIS         0.327      0.039      8.334      0.000
    EXTRAVERSI         0.532      0.036     14.689      0.000
    OPENNESS           0.887      0.045     19.685      0.000
    AGREEABLEN         0.805      0.051     15.885      0.000
    CONSCIENTI         0.620      0.069      9.036      0.000
    ACTIVE_COP         0.687      0.041     16.831      0.000
    AVOIDANCE_         0.594      0.067      8.852      0.000
    SOC_EMO_CO         0.432      0.040     10.713      0.000
    IESR_TS            0.609      0.073      8.303      0.000
    MPSS_TOT           0.682      0.066     10.390      0.000

Latent Class 2

 NEUROTIC WITH
    EXTRAVERSI         0.000      0.000    999.000    999.000
    OPENNESS           0.000      0.000    999.000    999.000
    AGREEABLEN         0.000      0.000    999.000    999.000
    CONSCIENTI         0.000      0.000    999.000    999.000
    ACTIVE_COP         0.000      0.000    999.000    999.000
    AVOIDANCE_         0.000      0.000    999.000    999.000
    SOC_EMO_CO         0.000      0.000    999.000    999.000
    IESR_TS            0.000      0.000    999.000    999.000
    MPSS_TOT           0.000      0.000    999.000    999.000

 EXTRAVER WITH
    OPENNESS           0.000      0.000    999.000    999.000
    AGREEABLEN         0.000      0.000    999.000    999.000
    CONSCIENTI         0.000      0.000    999.000    999.000
    ACTIVE_COP         0.000      0.000    999.000    999.000
    AVOIDANCE_         0.000      0.000    999.000    999.000
    SOC_EMO_CO         0.000      0.000    999.000    999.000
    IESR_TS            0.000      0.000    999.000    999.000
    MPSS_TOT           0.000      0.000    999.000    999.000

 OPENNESS WITH
    AGREEABLEN         0.000      0.000    999.000    999.000
    CONSCIENTI         0.000      0.000    999.000    999.000
    ACTIVE_COP         0.000      0.000    999.000    999.000
    AVOIDANCE_         0.000      0.000    999.000    999.000
    SOC_EMO_CO         0.000      0.000    999.000    999.000
    IESR_TS            0.000      0.000    999.000    999.000
    MPSS_TOT           0.000      0.000    999.000    999.000

 AGREEABL WITH
    CONSCIENTI         0.000      0.000    999.000    999.000
    ACTIVE_COP         0.000      0.000    999.000    999.000
    AVOIDANCE_         0.000      0.000    999.000    999.000
    SOC_EMO_CO         0.000      0.000    999.000    999.000
    IESR_TS            0.000      0.000    999.000    999.000
    MPSS_TOT           0.000      0.000    999.000    999.000

 CONSCIEN WITH
    ACTIVE_COP         0.000      0.000    999.000    999.000
    AVOIDANCE_         0.000      0.000    999.000    999.000
    SOC_EMO_CO         0.000      0.000    999.000    999.000
    IESR_TS            0.000      0.000    999.000    999.000
    MPSS_TOT           0.000      0.000    999.000    999.000

 ACTIVE_C WITH
    AVOIDANCE_         0.000      0.000    999.000    999.000
    SOC_EMO_CO         0.000      0.000    999.000    999.000
    IESR_TS            0.000      0.000    999.000    999.000
    MPSS_TOT           0.000      0.000    999.000    999.000

 AVOIDANC WITH
    SOC_EMO_CO         0.000      0.000    999.000    999.000
    IESR_TS            0.000      0.000    999.000    999.000
    MPSS_TOT           0.000      0.000    999.000    999.000

 SOC_EMO_ WITH
    IESR_TS            0.000      0.000    999.000    999.000
    MPSS_TOT           0.000      0.000    999.000    999.000

 IESR_TS  WITH
    MPSS_TOT           0.000      0.000    999.000    999.000

 Means
    NEUROTICIS         1.409      0.165      8.549      0.000
    EXTRAVERSI        -1.245      0.205     -6.076      0.000
    OPENNESS          -0.273      0.185     -1.474      0.140
    AGREEABLEN        -0.343      0.194     -1.769      0.077
    CONSCIENTI        -1.373      0.340     -4.040      0.000
    ACTIVE_COP        -0.297      0.155     -1.912      0.056
    AVOIDANCE_         1.064      0.465      2.289      0.022
    SOC_EMO_CO         0.335      0.161      2.077      0.038
    IESR_TS            0.160      0.218      0.733      0.463
    MPSS_TOT          -0.211      0.185     -1.140      0.254

 Variances
    NEUROTICIS         0.327      0.039      8.334      0.000
    EXTRAVERSI         0.532      0.036     14.689      0.000
    OPENNESS           0.887      0.045     19.685      0.000
    AGREEABLEN         0.805      0.051     15.885      0.000
    CONSCIENTI         0.620      0.069      9.036      0.000
    ACTIVE_COP         0.687      0.041     16.831      0.000
    AVOIDANCE_         0.594      0.067      8.852      0.000
    SOC_EMO_CO         0.432      0.040     10.713      0.000
    IESR_TS            0.609      0.073      8.303      0.000
    MPSS_TOT           0.682      0.066     10.390      0.000

Latent Class 3

 NEUROTIC WITH
    EXTRAVERSI         0.000      0.000    999.000    999.000
    OPENNESS           0.000      0.000    999.000    999.000
    AGREEABLEN         0.000      0.000    999.000    999.000
    CONSCIENTI         0.000      0.000    999.000    999.000
    ACTIVE_COP         0.000      0.000    999.000    999.000
    AVOIDANCE_         0.000      0.000    999.000    999.000
    SOC_EMO_CO         0.000      0.000    999.000    999.000
    IESR_TS            0.000      0.000    999.000    999.000
    MPSS_TOT           0.000      0.000    999.000    999.000

 EXTRAVER WITH
    OPENNESS           0.000      0.000    999.000    999.000
    AGREEABLEN         0.000      0.000    999.000    999.000
    CONSCIENTI         0.000      0.000    999.000    999.000
    ACTIVE_COP         0.000      0.000    999.000    999.000
    AVOIDANCE_         0.000      0.000    999.000    999.000
    SOC_EMO_CO         0.000      0.000    999.000    999.000
    IESR_TS            0.000      0.000    999.000    999.000
    MPSS_TOT           0.000      0.000    999.000    999.000

 OPENNESS WITH
    AGREEABLEN         0.000      0.000    999.000    999.000
    CONSCIENTI         0.000      0.000    999.000    999.000
    ACTIVE_COP         0.000      0.000    999.000    999.000
    AVOIDANCE_         0.000      0.000    999.000    999.000
    SOC_EMO_CO         0.000      0.000    999.000    999.000
    IESR_TS            0.000      0.000    999.000    999.000
    MPSS_TOT           0.000      0.000    999.000    999.000

 AGREEABL WITH
    CONSCIENTI         0.000      0.000    999.000    999.000
    ACTIVE_COP         0.000      0.000    999.000    999.000
    AVOIDANCE_         0.000      0.000    999.000    999.000
    SOC_EMO_CO         0.000      0.000    999.000    999.000
    IESR_TS            0.000      0.000    999.000    999.000
    MPSS_TOT           0.000      0.000    999.000    999.000

 CONSCIEN WITH
    ACTIVE_COP         0.000      0.000    999.000    999.000
    AVOIDANCE_         0.000      0.000    999.000    999.000
    SOC_EMO_CO         0.000      0.000    999.000    999.000
    IESR_TS            0.000      0.000    999.000    999.000
    MPSS_TOT           0.000      0.000    999.000    999.000

 ACTIVE_C WITH
    AVOIDANCE_         0.000      0.000    999.000    999.000
    SOC_EMO_CO         0.000      0.000    999.000    999.000
    IESR_TS            0.000      0.000    999.000    999.000
    MPSS_TOT           0.000      0.000    999.000    999.000

 AVOIDANC WITH
    SOC_EMO_CO         0.000      0.000    999.000    999.000
    IESR_TS            0.000      0.000    999.000    999.000
    MPSS_TOT           0.000      0.000    999.000    999.000

 SOC_EMO_ WITH
    IESR_TS            0.000      0.000    999.000    999.000
    MPSS_TOT           0.000      0.000    999.000    999.000

 IESR_TS  WITH
    MPSS_TOT           0.000      0.000    999.000    999.000

 Means
    NEUROTICIS        -0.921      0.137     -6.713      0.000
    EXTRAVERSI         1.024      0.096     10.609      0.000
    OPENNESS           0.625      0.123      5.089      0.000
    AGREEABLEN         0.699      0.111      6.294      0.000
    CONSCIENTI         0.865      0.101      8.558      0.000
    ACTIVE_COP         0.826      0.105      7.886      0.000
    AVOIDANCE_        -0.204      0.092     -2.206      0.027
    SOC_EMO_CO         0.352      0.154      2.289      0.022
    IESR_TS           -0.162      0.126     -1.284      0.199
    MPSS_TOT           0.573      0.106      5.383      0.000

 Variances
    NEUROTICIS         0.327      0.039      8.334      0.000
    EXTRAVERSI         0.532      0.036     14.689      0.000
    OPENNESS           0.887      0.045     19.685      0.000
    AGREEABLEN         0.805      0.051     15.885      0.000
    CONSCIENTI         0.620      0.069      9.036      0.000
    ACTIVE_COP         0.687      0.041     16.831      0.000
    AVOIDANCE_         0.594      0.067      8.852      0.000
    SOC_EMO_CO         0.432      0.040     10.713      0.000
    IESR_TS            0.609      0.073      8.303      0.000
    MPSS_TOT           0.682      0.066     10.390      0.000

Latent Class 4

 NEUROTIC WITH
    EXTRAVERSI         0.000      0.000    999.000    999.000
    OPENNESS           0.000      0.000    999.000    999.000
    AGREEABLEN         0.000      0.000    999.000    999.000
    CONSCIENTI         0.000      0.000    999.000    999.000
    ACTIVE_COP         0.000      0.000    999.000    999.000
    AVOIDANCE_         0.000      0.000    999.000    999.000
    SOC_EMO_CO         0.000      0.000    999.000    999.000
    IESR_TS            0.000      0.000    999.000    999.000
    MPSS_TOT           0.000      0.000    999.000    999.000

 EXTRAVER WITH
    OPENNESS           0.000      0.000    999.000    999.000
    AGREEABLEN         0.000      0.000    999.000    999.000
    CONSCIENTI         0.000      0.000    999.000    999.000
    ACTIVE_COP         0.000      0.000    999.000    999.000
    AVOIDANCE_         0.000      0.000    999.000    999.000
    SOC_EMO_CO         0.000      0.000    999.000    999.000
    IESR_TS            0.000      0.000    999.000    999.000
    MPSS_TOT           0.000      0.000    999.000    999.000

 OPENNESS WITH
    AGREEABLEN         0.000      0.000    999.000    999.000
    CONSCIENTI         0.000      0.000    999.000    999.000
    ACTIVE_COP         0.000      0.000    999.000    999.000
    AVOIDANCE_         0.000      0.000    999.000    999.000
    SOC_EMO_CO         0.000      0.000    999.000    999.000
    IESR_TS            0.000      0.000    999.000    999.000
    MPSS_TOT           0.000      0.000    999.000    999.000

 AGREEABL WITH
    CONSCIENTI         0.000      0.000    999.000    999.000
    ACTIVE_COP         0.000      0.000    999.000    999.000
    AVOIDANCE_         0.000      0.000    999.000    999.000
    SOC_EMO_CO         0.000      0.000    999.000    999.000
    IESR_TS            0.000      0.000    999.000    999.000
    MPSS_TOT           0.000      0.000    999.000    999.000

 CONSCIEN WITH
    ACTIVE_COP         0.000      0.000    999.000    999.000
    AVOIDANCE_         0.000      0.000    999.000    999.000
    SOC_EMO_CO         0.000      0.000    999.000    999.000
    IESR_TS            0.000      0.000    999.000    999.000
    MPSS_TOT           0.000      0.000    999.000    999.000

 ACTIVE_C WITH
    AVOIDANCE_         0.000      0.000    999.000    999.000
    SOC_EMO_CO         0.000      0.000    999.000    999.000
    IESR_TS            0.000      0.000    999.000    999.000
    MPSS_TOT           0.000      0.000    999.000    999.000

 AVOIDANC WITH
    SOC_EMO_CO         0.000      0.000    999.000    999.000
    IESR_TS            0.000      0.000    999.000    999.000
    MPSS_TOT           0.000      0.000    999.000    999.000

 SOC_EMO_ WITH
    IESR_TS            0.000      0.000    999.000    999.000
    MPSS_TOT           0.000      0.000    999.000    999.000

 IESR_TS  WITH
    MPSS_TOT           0.000      0.000    999.000    999.000

 Means
    NEUROTICIS         0.892      0.177      5.035      0.000
    EXTRAVERSI        -0.058      0.223     -0.260      0.795
    OPENNESS           0.241      0.168      1.438      0.151
    AGREEABLEN         0.272      0.175      1.552      0.121
    CONSCIENTI         0.033      0.172      0.191      0.848
    ACTIVE_COP         0.497      0.161      3.089      0.002
    AVOIDANCE_        -0.219      0.106     -2.064      0.039
    SOC_EMO_CO         1.376      0.150      9.160      0.000
    IESR_TS            0.843      0.298      2.825      0.005
    MPSS_TOT           0.312      0.116      2.681      0.007

 Variances
    NEUROTICIS         0.327      0.039      8.334      0.000
    EXTRAVERSI         0.532      0.036     14.689      0.000
    OPENNESS           0.887      0.045     19.685      0.000
    AGREEABLEN         0.805      0.051     15.885      0.000
    CONSCIENTI         0.620      0.069      9.036      0.000
    ACTIVE_COP         0.687      0.041     16.831      0.000
    AVOIDANCE_         0.594      0.067      8.852      0.000
    SOC_EMO_CO         0.432      0.040     10.713      0.000
    IESR_TS            0.609      0.073      8.303      0.000
    MPSS_TOT           0.682      0.066     10.390      0.000

Latent Class 5

 NEUROTIC WITH
    EXTRAVERSI         0.000      0.000    999.000    999.000
    OPENNESS           0.000      0.000    999.000    999.000
    AGREEABLEN         0.000      0.000    999.000    999.000
    CONSCIENTI         0.000      0.000    999.000    999.000
    ACTIVE_COP         0.000      0.000    999.000    999.000
    AVOIDANCE_         0.000      0.000    999.000    999.000
    SOC_EMO_CO         0.000      0.000    999.000    999.000
    IESR_TS            0.000      0.000    999.000    999.000
    MPSS_TOT           0.000      0.000    999.000    999.000

 EXTRAVER WITH
    OPENNESS           0.000      0.000    999.000    999.000
    AGREEABLEN         0.000      0.000    999.000    999.000
    CONSCIENTI         0.000      0.000    999.000    999.000
    ACTIVE_COP         0.000      0.000    999.000    999.000
    AVOIDANCE_         0.000      0.000    999.000    999.000
    SOC_EMO_CO         0.000      0.000    999.000    999.000
    IESR_TS            0.000      0.000    999.000    999.000
    MPSS_TOT           0.000      0.000    999.000    999.000

 OPENNESS WITH
    AGREEABLEN         0.000      0.000    999.000    999.000
    CONSCIENTI         0.000      0.000    999.000    999.000
    ACTIVE_COP         0.000      0.000    999.000    999.000
    AVOIDANCE_         0.000      0.000    999.000    999.000
    SOC_EMO_CO         0.000      0.000    999.000    999.000
    IESR_TS            0.000      0.000    999.000    999.000
    MPSS_TOT           0.000      0.000    999.000    999.000

 AGREEABL WITH
    CONSCIENTI         0.000      0.000    999.000    999.000
    ACTIVE_COP         0.000      0.000    999.000    999.000
    AVOIDANCE_         0.000      0.000    999.000    999.000
    SOC_EMO_CO         0.000      0.000    999.000    999.000
    IESR_TS            0.000      0.000    999.000    999.000
    MPSS_TOT           0.000      0.000    999.000    999.000

 CONSCIEN WITH
    ACTIVE_COP         0.000      0.000    999.000    999.000
    AVOIDANCE_         0.000      0.000    999.000    999.000
    SOC_EMO_CO         0.000      0.000    999.000    999.000
    IESR_TS            0.000      0.000    999.000    999.000
    MPSS_TOT           0.000      0.000    999.000    999.000

 ACTIVE_C WITH
    AVOIDANCE_         0.000      0.000    999.000    999.000
    SOC_EMO_CO         0.000      0.000    999.000    999.000
    IESR_TS            0.000      0.000    999.000    999.000
    MPSS_TOT           0.000      0.000    999.000    999.000

 AVOIDANC WITH
    SOC_EMO_CO         0.000      0.000    999.000    999.000
    IESR_TS            0.000      0.000    999.000    999.000
    MPSS_TOT           0.000      0.000    999.000    999.000

 SOC_EMO_ WITH
    IESR_TS            0.000      0.000    999.000    999.000
    MPSS_TOT           0.000      0.000    999.000    999.000

 IESR_TS  WITH
    MPSS_TOT           0.000      0.000    999.000    999.000

 Means
    NEUROTICIS        -1.188      0.086    -13.866      0.000
    EXTRAVERSI         0.535      0.101      5.285      0.000
    OPENNESS           0.016      0.201      0.077      0.938
    AGREEABLEN         0.283      0.137      2.057      0.040
    CONSCIENTI         0.703      0.103      6.837      0.000
    ACTIVE_COP        -0.090      0.178     -0.505      0.614
    AVOIDANCE_        -0.700      0.096     -7.318      0.000
    SOC_EMO_CO        -0.890      0.151     -5.878      0.000
    IESR_TS           -0.613      0.065     -9.407      0.000
    MPSS_TOT           0.035      0.175      0.198      0.843

 Variances
    NEUROTICIS         0.327      0.039      8.334      0.000
    EXTRAVERSI         0.532      0.036     14.689      0.000
    OPENNESS           0.887      0.045     19.685      0.000
    AGREEABLEN         0.805      0.051     15.885      0.000
    CONSCIENTI         0.620      0.069      9.036      0.000
    ACTIVE_COP         0.687      0.041     16.831      0.000
    AVOIDANCE_         0.594      0.067      8.852      0.000
    SOC_EMO_CO         0.432      0.040     10.713      0.000
    IESR_TS            0.609      0.073      8.303      0.000
    MPSS_TOT           0.682      0.066     10.390      0.000

Latent Class 6

 NEUROTIC WITH
    EXTRAVERSI         0.000      0.000    999.000    999.000
    OPENNESS           0.000      0.000    999.000    999.000
    AGREEABLEN         0.000      0.000    999.000    999.000
    CONSCIENTI         0.000      0.000    999.000    999.000
    ACTIVE_COP         0.000      0.000    999.000    999.000
    AVOIDANCE_         0.000      0.000    999.000    999.000
    SOC_EMO_CO         0.000      0.000    999.000    999.000
    IESR_TS            0.000      0.000    999.000    999.000
    MPSS_TOT           0.000      0.000    999.000    999.000

 EXTRAVER WITH
    OPENNESS           0.000      0.000    999.000    999.000
    AGREEABLEN         0.000      0.000    999.000    999.000
    CONSCIENTI         0.000      0.000    999.000    999.000
    ACTIVE_COP         0.000      0.000    999.000    999.000
    AVOIDANCE_         0.000      0.000    999.000    999.000
    SOC_EMO_CO         0.000      0.000    999.000    999.000
    IESR_TS            0.000      0.000    999.000    999.000
    MPSS_TOT           0.000      0.000    999.000    999.000

 OPENNESS WITH
    AGREEABLEN         0.000      0.000    999.000    999.000
    CONSCIENTI         0.000      0.000    999.000    999.000
    ACTIVE_COP         0.000      0.000    999.000    999.000
    AVOIDANCE_         0.000      0.000    999.000    999.000
    SOC_EMO_CO         0.000      0.000    999.000    999.000
    IESR_TS            0.000      0.000    999.000    999.000
    MPSS_TOT           0.000      0.000    999.000    999.000

 AGREEABL WITH
    CONSCIENTI         0.000      0.000    999.000    999.000
    ACTIVE_COP         0.000      0.000    999.000    999.000
    AVOIDANCE_         0.000      0.000    999.000    999.000
    SOC_EMO_CO         0.000      0.000    999.000    999.000
    IESR_TS            0.000      0.000    999.000    999.000
    MPSS_TOT           0.000      0.000    999.000    999.000

 CONSCIEN WITH
    ACTIVE_COP         0.000      0.000    999.000    999.000
    AVOIDANCE_         0.000      0.000    999.000    999.000
    SOC_EMO_CO         0.000      0.000    999.000    999.000
    IESR_TS            0.000      0.000    999.000    999.000
    MPSS_TOT           0.000      0.000    999.000    999.000

 ACTIVE_C WITH
    AVOIDANCE_         0.000      0.000    999.000    999.000
    SOC_EMO_CO         0.000      0.000    999.000    999.000
    IESR_TS            0.000      0.000    999.000    999.000
    MPSS_TOT           0.000      0.000    999.000    999.000

 AVOIDANC WITH
    SOC_EMO_CO         0.000      0.000    999.000    999.000
    IESR_TS            0.000      0.000    999.000    999.000
    MPSS_TOT           0.000      0.000    999.000    999.000

 SOC_EMO_ WITH
    IESR_TS            0.000      0.000    999.000    999.000
    MPSS_TOT           0.000      0.000    999.000    999.000

 IESR_TS  WITH
    MPSS_TOT           0.000      0.000    999.000    999.000

 Means
    NEUROTICIS         1.011      0.262      3.860      0.000
    EXTRAVERSI        -0.764      0.305     -2.505      0.012
    OPENNESS          -0.245      0.251     -0.978      0.328
    AGREEABLEN        -0.396      0.291     -1.363      0.173
    CONSCIENTI        -0.178      0.365     -0.488      0.626
    ACTIVE_COP        -0.927      0.375     -2.469      0.014
    AVOIDANCE_         0.299      0.219      1.365      0.172
    SOC_EMO_CO        -0.586      0.605     -0.969      0.333
    IESR_TS            1.781      0.418      4.265      0.000
    MPSS_TOT          -1.432      0.411     -3.484      0.000

 Variances
    NEUROTICIS         0.327      0.039      8.334      0.000
    EXTRAVERSI         0.532      0.036     14.689      0.000
    OPENNESS           0.887      0.045     19.685      0.000
    AGREEABLEN         0.805      0.051     15.885      0.000
    CONSCIENTI         0.620      0.069      9.036      0.000
    ACTIVE_COP         0.687      0.041     16.831      0.000
    AVOIDANCE_         0.594      0.067      8.852      0.000
    SOC_EMO_CO         0.432      0.040     10.713      0.000
    IESR_TS            0.609      0.073      8.303      0.000
    MPSS_TOT           0.682      0.066     10.390      0.000

Latent Class 7

 NEUROTIC WITH
    EXTRAVERSI         0.000      0.000    999.000    999.000
    OPENNESS           0.000      0.000    999.000    999.000
    AGREEABLEN         0.000      0.000    999.000    999.000
    CONSCIENTI         0.000      0.000    999.000    999.000
    ACTIVE_COP         0.000      0.000    999.000    999.000
    AVOIDANCE_         0.000      0.000    999.000    999.000
    SOC_EMO_CO         0.000      0.000    999.000    999.000
    IESR_TS            0.000      0.000    999.000    999.000
    MPSS_TOT           0.000      0.000    999.000    999.000

 EXTRAVER WITH
    OPENNESS           0.000      0.000    999.000    999.000
    AGREEABLEN         0.000      0.000    999.000    999.000
    CONSCIENTI         0.000      0.000    999.000    999.000
    ACTIVE_COP         0.000      0.000    999.000    999.000
    AVOIDANCE_         0.000      0.000    999.000    999.000
    SOC_EMO_CO         0.000      0.000    999.000    999.000
    IESR_TS            0.000      0.000    999.000    999.000
    MPSS_TOT           0.000      0.000    999.000    999.000

 OPENNESS WITH
    AGREEABLEN         0.000      0.000    999.000    999.000
    CONSCIENTI         0.000      0.000    999.000    999.000
    ACTIVE_COP         0.000      0.000    999.000    999.000
    AVOIDANCE_         0.000      0.000    999.000    999.000
    SOC_EMO_CO         0.000      0.000    999.000    999.000
    IESR_TS            0.000      0.000    999.000    999.000
    MPSS_TOT           0.000      0.000    999.000    999.000

 AGREEABL WITH
    CONSCIENTI         0.000      0.000    999.000    999.000
    ACTIVE_COP         0.000      0.000    999.000    999.000
    AVOIDANCE_         0.000      0.000    999.000    999.000
    SOC_EMO_CO         0.000      0.000    999.000    999.000
    IESR_TS            0.000      0.000    999.000    999.000
    MPSS_TOT           0.000      0.000    999.000    999.000

 CONSCIEN WITH
    ACTIVE_COP         0.000      0.000    999.000    999.000
    AVOIDANCE_         0.000      0.000    999.000    999.000
    SOC_EMO_CO         0.000      0.000    999.000    999.000
    IESR_TS            0.000      0.000    999.000    999.000
    MPSS_TOT           0.000      0.000    999.000    999.000

 ACTIVE_C WITH
    AVOIDANCE_         0.000      0.000    999.000    999.000
    SOC_EMO_CO         0.000      0.000    999.000    999.000
    IESR_TS            0.000      0.000    999.000    999.000
    MPSS_TOT           0.000      0.000    999.000    999.000

 AVOIDANC WITH
    SOC_EMO_CO         0.000      0.000    999.000    999.000
    IESR_TS            0.000      0.000    999.000    999.000
    MPSS_TOT           0.000      0.000    999.000    999.000

 SOC_EMO_ WITH
    IESR_TS            0.000      0.000    999.000    999.000
    MPSS_TOT           0.000      0.000    999.000    999.000

 IESR_TS  WITH
    MPSS_TOT           0.000      0.000    999.000    999.000

 Means
    NEUROTICIS         0.133      0.131      1.013      0.311
    EXTRAVERSI        -0.635      0.146     -4.359      0.000
    OPENNESS          -0.317      0.136     -2.333      0.020
    AGREEABLEN        -0.267      0.136     -1.962      0.050
    CONSCIENTI        -0.341      0.166     -2.053      0.040
    ACTIVE_COP        -0.822      0.183     -4.490      0.000
    AVOIDANCE_        -0.331      0.119     -2.789      0.005
    SOC_EMO_CO        -0.944      0.185     -5.104      0.000
    IESR_TS           -0.373      0.085     -4.365      0.000
    MPSS_TOT          -0.699      0.358     -1.952      0.051

 Variances
    NEUROTICIS         0.327      0.039      8.334      0.000
    EXTRAVERSI         0.532      0.036     14.689      0.000
    OPENNESS           0.887      0.045     19.685      0.000
    AGREEABLEN         0.805      0.051     15.885      0.000
    CONSCIENTI         0.620      0.069      9.036      0.000
    ACTIVE_COP         0.687      0.041     16.831      0.000
    AVOIDANCE_         0.594      0.067      8.852      0.000
    SOC_EMO_CO         0.432      0.040     10.713      0.000
    IESR_TS            0.609      0.073      8.303      0.000
    MPSS_TOT           0.682      0.066     10.390      0.000

Latent Class 8

 NEUROTIC WITH
    EXTRAVERSI         0.000      0.000    999.000    999.000
    OPENNESS           0.000      0.000    999.000    999.000
    AGREEABLEN         0.000      0.000    999.000    999.000
    CONSCIENTI         0.000      0.000    999.000    999.000
    ACTIVE_COP         0.000      0.000    999.000    999.000
    AVOIDANCE_         0.000      0.000    999.000    999.000
    SOC_EMO_CO         0.000      0.000    999.000    999.000
    IESR_TS            0.000      0.000    999.000    999.000
    MPSS_TOT           0.000      0.000    999.000    999.000

 EXTRAVER WITH
    OPENNESS           0.000      0.000    999.000    999.000
    AGREEABLEN         0.000      0.000    999.000    999.000
    CONSCIENTI         0.000      0.000    999.000    999.000
    ACTIVE_COP         0.000      0.000    999.000    999.000
    AVOIDANCE_         0.000      0.000    999.000    999.000
    SOC_EMO_CO         0.000      0.000    999.000    999.000
    IESR_TS            0.000      0.000    999.000    999.000
    MPSS_TOT           0.000      0.000    999.000    999.000

 OPENNESS WITH
    AGREEABLEN         0.000      0.000    999.000    999.000
    CONSCIENTI         0.000      0.000    999.000    999.000
    ACTIVE_COP         0.000      0.000    999.000    999.000
    AVOIDANCE_         0.000      0.000    999.000    999.000
    SOC_EMO_CO         0.000      0.000    999.000    999.000
    IESR_TS            0.000      0.000    999.000    999.000
    MPSS_TOT           0.000      0.000    999.000    999.000

 AGREEABL WITH
    CONSCIENTI         0.000      0.000    999.000    999.000
    ACTIVE_COP         0.000      0.000    999.000    999.000
    AVOIDANCE_         0.000      0.000    999.000    999.000
    SOC_EMO_CO         0.000      0.000    999.000    999.000
    IESR_TS            0.000      0.000    999.000    999.000
    MPSS_TOT           0.000      0.000    999.000    999.000

 CONSCIEN WITH
    ACTIVE_COP         0.000      0.000    999.000    999.000
    AVOIDANCE_         0.000      0.000    999.000    999.000
    SOC_EMO_CO         0.000      0.000    999.000    999.000
    IESR_TS            0.000      0.000    999.000    999.000
    MPSS_TOT           0.000      0.000    999.000    999.000

 ACTIVE_C WITH
    AVOIDANCE_         0.000      0.000    999.000    999.000
    SOC_EMO_CO         0.000      0.000    999.000    999.000
    IESR_TS            0.000      0.000    999.000    999.000
    MPSS_TOT           0.000      0.000    999.000    999.000

 AVOIDANC WITH
    SOC_EMO_CO         0.000      0.000    999.000    999.000
    IESR_TS            0.000      0.000    999.000    999.000
    MPSS_TOT           0.000      0.000    999.000    999.000

 SOC_EMO_ WITH
    IESR_TS            0.000      0.000    999.000    999.000
    MPSS_TOT           0.000      0.000    999.000    999.000

 IESR_TS  WITH
    MPSS_TOT           0.000      0.000    999.000    999.000

 Means
    NEUROTICIS        -0.106      0.077     -1.380      0.168
    EXTRAVERSI         0.139      0.138      1.004      0.315
    OPENNESS          -0.046      0.112     -0.411      0.681
    AGREEABLEN         0.000      0.095      0.000      1.000
    CONSCIENTI        -0.099      0.138     -0.720      0.471
    ACTIVE_COP         0.033      0.148      0.222      0.824
    AVOIDANCE_        -0.119      0.113     -1.054      0.292
    SOC_EMO_CO         0.137      0.169      0.813      0.416
    IESR_TS           -0.164      0.117     -1.399      0.162
    MPSS_TOT           0.293      0.103      2.830      0.005

 Variances
    NEUROTICIS         0.327      0.039      8.334      0.000
    EXTRAVERSI         0.532      0.036     14.689      0.000
    OPENNESS           0.887      0.045     19.685      0.000
    AGREEABLEN         0.805      0.051     15.885      0.000
    CONSCIENTI         0.620      0.069      9.036      0.000
    ACTIVE_COP         0.687      0.041     16.831      0.000
    AVOIDANCE_         0.594      0.067      8.852      0.000
    SOC_EMO_CO         0.432      0.040     10.713      0.000
    IESR_TS            0.609      0.073      8.303      0.000
    MPSS_TOT           0.682      0.066     10.390      0.000

Latent Class 9

 NEUROTIC WITH
    EXTRAVERSI         0.000      0.000    999.000    999.000
    OPENNESS           0.000      0.000    999.000    999.000
    AGREEABLEN         0.000      0.000    999.000    999.000
    CONSCIENTI         0.000      0.000    999.000    999.000
    ACTIVE_COP         0.000      0.000    999.000    999.000
    AVOIDANCE_         0.000      0.000    999.000    999.000
    SOC_EMO_CO         0.000      0.000    999.000    999.000
    IESR_TS            0.000      0.000    999.000    999.000
    MPSS_TOT           0.000      0.000    999.000    999.000

 EXTRAVER WITH
    OPENNESS           0.000      0.000    999.000    999.000
    AGREEABLEN         0.000      0.000    999.000    999.000
    CONSCIENTI         0.000      0.000    999.000    999.000
    ACTIVE_COP         0.000      0.000    999.000    999.000
    AVOIDANCE_         0.000      0.000    999.000    999.000
    SOC_EMO_CO         0.000      0.000    999.000    999.000
    IESR_TS            0.000      0.000    999.000    999.000
    MPSS_TOT           0.000      0.000    999.000    999.000

 OPENNESS WITH
    AGREEABLEN         0.000      0.000    999.000    999.000
    CONSCIENTI         0.000      0.000    999.000    999.000
    ACTIVE_COP         0.000      0.000    999.000    999.000
    AVOIDANCE_         0.000      0.000    999.000    999.000
    SOC_EMO_CO         0.000      0.000    999.000    999.000
    IESR_TS            0.000      0.000    999.000    999.000
    MPSS_TOT           0.000      0.000    999.000    999.000

 AGREEABL WITH
    CONSCIENTI         0.000      0.000    999.000    999.000
    ACTIVE_COP         0.000      0.000    999.000    999.000
    AVOIDANCE_         0.000      0.000    999.000    999.000
    SOC_EMO_CO         0.000      0.000    999.000    999.000
    IESR_TS            0.000      0.000    999.000    999.000
    MPSS_TOT           0.000      0.000    999.000    999.000

 CONSCIEN WITH
    ACTIVE_COP         0.000      0.000    999.000    999.000
    AVOIDANCE_         0.000      0.000    999.000    999.000
    SOC_EMO_CO         0.000      0.000    999.000    999.000
    IESR_TS            0.000      0.000    999.000    999.000
    MPSS_TOT           0.000      0.000    999.000    999.000

 ACTIVE_C WITH
    AVOIDANCE_         0.000      0.000    999.000    999.000
    SOC_EMO_CO         0.000      0.000    999.000    999.000
    IESR_TS            0.000      0.000    999.000    999.000
    MPSS_TOT           0.000      0.000    999.000    999.000

 AVOIDANC WITH
    SOC_EMO_CO         0.000      0.000    999.000    999.000
    IESR_TS            0.000      0.000    999.000    999.000
    MPSS_TOT           0.000      0.000    999.000    999.000

 SOC_EMO_ WITH
    IESR_TS            0.000      0.000    999.000    999.000
    MPSS_TOT           0.000      0.000    999.000    999.000

 IESR_TS  WITH
    MPSS_TOT           0.000      0.000    999.000    999.000

 Means
    NEUROTICIS        -0.016      0.137     -0.120      0.905
    EXTRAVERSI         0.354      0.215      1.645      0.100
    OPENNESS          -0.613      0.262     -2.342      0.019
    AGREEABLEN        -0.655      0.228     -2.877      0.004
    CONSCIENTI         0.325      0.212      1.537      0.124
    ACTIVE_COP         0.742      0.219      3.383      0.001
    AVOIDANCE_         2.067      0.499      4.142      0.000
    SOC_EMO_CO         0.501      0.229      2.192      0.028
    IESR_TS            0.267      0.327      0.815      0.415
    MPSS_TOT           0.139      0.210      0.661      0.508

 Variances
    NEUROTICIS         0.327      0.039      8.334      0.000
    EXTRAVERSI         0.532      0.036     14.689      0.000
    OPENNESS           0.887      0.045     19.685      0.000
    AGREEABLEN         0.805      0.051     15.885      0.000
    CONSCIENTI         0.620      0.069      9.036      0.000
    ACTIVE_COP         0.687      0.041     16.831      0.000
    AVOIDANCE_         0.594      0.067      8.852      0.000
    SOC_EMO_CO         0.432      0.040     10.713      0.000
    IESR_TS            0.609      0.073      8.303      0.000
    MPSS_TOT           0.682      0.066     10.390      0.000

Latent Class 10

 NEUROTIC WITH
    EXTRAVERSI         0.000      0.000    999.000    999.000
    OPENNESS           0.000      0.000    999.000    999.000
    AGREEABLEN         0.000      0.000    999.000    999.000
    CONSCIENTI         0.000      0.000    999.000    999.000
    ACTIVE_COP         0.000      0.000    999.000    999.000
    AVOIDANCE_         0.000      0.000    999.000    999.000
    SOC_EMO_CO         0.000      0.000    999.000    999.000
    IESR_TS            0.000      0.000    999.000    999.000
    MPSS_TOT           0.000      0.000    999.000    999.000

 EXTRAVER WITH
    OPENNESS           0.000      0.000    999.000    999.000
    AGREEABLEN         0.000      0.000    999.000    999.000
    CONSCIENTI         0.000      0.000    999.000    999.000
    ACTIVE_COP         0.000      0.000    999.000    999.000
    AVOIDANCE_         0.000      0.000    999.000    999.000
    SOC_EMO_CO         0.000      0.000    999.000    999.000
    IESR_TS            0.000      0.000    999.000    999.000
    MPSS_TOT           0.000      0.000    999.000    999.000

 OPENNESS WITH
    AGREEABLEN         0.000      0.000    999.000    999.000
    CONSCIENTI         0.000      0.000    999.000    999.000
    ACTIVE_COP         0.000      0.000    999.000    999.000
    AVOIDANCE_         0.000      0.000    999.000    999.000
    SOC_EMO_CO         0.000      0.000    999.000    999.000
    IESR_TS            0.000      0.000    999.000    999.000
    MPSS_TOT           0.000      0.000    999.000    999.000

 AGREEABL WITH
    CONSCIENTI         0.000      0.000    999.000    999.000
    ACTIVE_COP         0.000      0.000    999.000    999.000
    AVOIDANCE_         0.000      0.000    999.000    999.000
    SOC_EMO_CO         0.000      0.000    999.000    999.000
    IESR_TS            0.000      0.000    999.000    999.000
    MPSS_TOT           0.000      0.000    999.000    999.000

 CONSCIEN WITH
    ACTIVE_COP         0.000      0.000    999.000    999.000
    AVOIDANCE_         0.000      0.000    999.000    999.000
    SOC_EMO_CO         0.000      0.000    999.000    999.000
    IESR_TS            0.000      0.000    999.000    999.000
    MPSS_TOT           0.000      0.000    999.000    999.000

 ACTIVE_C WITH
    AVOIDANCE_         0.000      0.000    999.000    999.000
    SOC_EMO_CO         0.000      0.000    999.000    999.000
    IESR_TS            0.000      0.000    999.000    999.000
    MPSS_TOT           0.000      0.000    999.000    999.000

 AVOIDANC WITH
    SOC_EMO_CO         0.000      0.000    999.000    999.000
    IESR_TS            0.000      0.000    999.000    999.000
    MPSS_TOT           0.000      0.000    999.000    999.000

 SOC_EMO_ WITH
    IESR_TS            0.000      0.000    999.000    999.000
    MPSS_TOT           0.000      0.000    999.000    999.000

 IESR_TS  WITH
    MPSS_TOT           0.000      0.000    999.000    999.000

 Means
    NEUROTICIS         2.166      0.132     16.419      0.000
    EXTRAVERSI        -0.480      0.288     -1.664      0.096
    OPENNESS           0.560      0.367      1.526      0.127
    AGREEABLEN        -0.655      0.416     -1.577      0.115
    CONSCIENTI        -0.182      0.309     -0.591      0.554
    ACTIVE_COP         0.241      0.276      0.873      0.382
    AVOIDANCE_         1.232      0.321      3.834      0.000
    SOC_EMO_CO         1.588      0.154     10.338      0.000
    IESR_TS            2.381      0.228     10.463      0.000
    MPSS_TOT           0.084      0.187      0.450      0.653

 Variances
    NEUROTICIS         0.327      0.039      8.334      0.000
    EXTRAVERSI         0.532      0.036     14.689      0.000
    OPENNESS           0.887      0.045     19.685      0.000
    AGREEABLEN         0.805      0.051     15.885      0.000
    CONSCIENTI         0.620      0.069      9.036      0.000
    ACTIVE_COP         0.687      0.041     16.831      0.000
    AVOIDANCE_         0.594      0.067      8.852      0.000
    SOC_EMO_CO         0.432      0.040     10.713      0.000
    IESR_TS            0.609      0.073      8.303      0.000
    MPSS_TOT           0.682      0.066     10.390      0.000

Categorical Latent Variables

 Means
    C1#1              -0.041      0.568     -0.073      0.942
    C1#2               1.133      0.409      2.770      0.006
    C1#3               1.790      0.364      4.915      0.000
    C1#4               1.339      0.354      3.779      0.000
    C1#5               1.624      0.363      4.472      0.000
    C1#6               0.314      0.600      0.523      0.601
    C1#7               1.830      0.391      4.680      0.000
    C1#8               2.556      0.301      8.488      0.000
    C1#9               0.636      0.585      1.088      0.277


QUALITY OF NUMERICAL RESULTS

     Condition Number for the Information Matrix              0.151E-03
       (ratio of smallest to largest eigenvalue)


TECHNICAL 14 OUTPUT

     Random Starts Specifications for the k-1 Class Analysis Model
        Number of initial stage random starts                  20
        Number of final stage optimizations                     4

     Random Starts Specification for the k-1 Class Model for Generated Data
        Number of initial stage random starts                   0
        Number of final stage optimizations for the
           initial stage random starts                          0
     Random Starts Specification for the k Class Model for Generated Data
        Number of initial stage random starts                  40
        Number of final stage optimizations                     8
     Number of bootstrap draws requested                   Varies


     PARAMETRIC BOOTSTRAPPED LIKELIHOOD RATIO TEST FOR 9 (H0) VERSUS 10 CLASSES

          H0 Loglikelihood Value                        -9814.254
          2 Times the Loglikelihood Difference             69.365
          Difference in the Number of Parameters               11
          Approximate P-Value                              0.0000
          Successful Bootstrap Draws                           10

     WARNING:  OF THE 10 BOOTSTRAP DRAWS, 8 DRAWS HAD BOTH A SMALLER LRT VALUE THAN THE
     OBSERVED LRT VALUE AND NOT A REPLICATED BEST LOGLIKELIHOOD VALUE FOR THE 10-CLASS MODEL.
     THIS MEANS THAT THE P-VALUE MAY NOT BE TRUSTWORTHY DUE TO LOCAL MAXIMA.
     INCREASE THE NUMBER OF RANDOM STARTS USING THE LRTSTARTS OPTION.



SAVEDATA INFORMATION


  Save file
    model_1_class_10.dat

  Order and format of variables

    NEUROTIC       F10.3
    EXTRAVER       F10.3
    OPENNESS       F10.3
    AGREEABL       F10.3
    CONSCIEN       F10.3
    ACTIVE_C       F10.3
    AVOIDANC       F10.3
    SOC_EMO_       F10.3
    IESR_TS        F10.3
    MPSS_TOT       F10.3
    CPROB1         F10.3
    CPROB2         F10.3
    CPROB3         F10.3
    CPROB4         F10.3
    CPROB5         F10.3
    CPROB6         F10.3
    CPROB7         F10.3
    CPROB8         F10.3
    CPROB9         F10.3
    CPROB10        F10.3
    C1             F10.3

  Save file format
    21F10.3

  Save file record length    10000

  Save missing symbol        *


     Beginning Time:  13:27:58
        Ending Time:  13:28:26
       Elapsed Time:  00:00:28



MUTHEN & MUTHEN
3463 Stoner Ave.
Los Angeles, CA  90066

Tel: (310) 391-9971
Fax: (310) 391-8971
Web: www.StatModel.com
Support: Support@StatModel.com

Copyright (c) 1998-2021 Muthen & Muthen
