Mplus VERSION 8.6 (Mac)
MUTHEN & MUTHEN
04/08/2023   1:27 PM

INPUT INSTRUCTIONS

  TITLE:
  model 1 with 9 classes
  DATA:
  FILE = "data_81c78c0cb6869e75ae6a0f08ff71917f.dat";

  VARIABLE:
  NAMES = neuroticism extraversion openness agreeableness conscientiousness
       active_coping avoidance_coping soc_emo_coping iesr_ts mpss_tot;
   MISSING=.;
   CLASSES = c1(9);

  ANALYSIS:
  TYPE = mixture;

  MODEL:
  %c1#1%
  neuroticism (vneuroticism);
  extraversion (vextraversion);
  openness (vopenness);
  agreeableness (vagreeableness);
  conscientiousness (vconscientiousness);
  active_coping (vactive_coping);
  avoidance_coping (vavoidance_coping);
  soc_emo_coping (vsoc_emo_coping);
  iesr_ts (viesr_ts);
  mpss_tot (vmpss_tot);

  neuroticism WITH extraversion@0;
  neuroticism WITH openness@0;
  neuroticism WITH agreeableness@0;
  neuroticism WITH conscientiousness@0;
  neuroticism WITH active_coping@0;
  neuroticism WITH avoidance_coping@0;
  neuroticism WITH soc_emo_coping@0;
  neuroticism WITH iesr_ts@0;
  neuroticism WITH mpss_tot@0;
  extraversion WITH openness@0;
  extraversion WITH agreeableness@0;
  extraversion WITH conscientiousness@0;
  extraversion WITH active_coping@0;
  extraversion WITH avoidance_coping@0;
  extraversion WITH soc_emo_coping@0;
  extraversion WITH iesr_ts@0;
  extraversion WITH mpss_tot@0;
  openness WITH agreeableness@0;
  openness WITH conscientiousness@0;
  openness WITH active_coping@0;
  openness WITH avoidance_coping@0;
  openness WITH soc_emo_coping@0;
  openness WITH iesr_ts@0;
  openness WITH mpss_tot@0;
  agreeableness WITH conscientiousness@0;
  agreeableness WITH active_coping@0;
  agreeableness WITH avoidance_coping@0;
  agreeableness WITH soc_emo_coping@0;
  agreeableness WITH iesr_ts@0;
  agreeableness WITH mpss_tot@0;
  conscientiousness WITH active_coping@0;
  conscientiousness WITH avoidance_coping@0;
  conscientiousness WITH soc_emo_coping@0;
  conscientiousness WITH iesr_ts@0;
  conscientiousness WITH mpss_tot@0;
  active_coping WITH avoidance_coping@0;
  active_coping WITH soc_emo_coping@0;
  active_coping WITH iesr_ts@0;
  active_coping WITH mpss_tot@0;
  avoidance_coping WITH soc_emo_coping@0;
  avoidance_coping WITH iesr_ts@0;
  avoidance_coping WITH mpss_tot@0;
  soc_emo_coping WITH iesr_ts@0;
  soc_emo_coping WITH mpss_tot@0;
  iesr_ts WITH mpss_tot@0;

  %c1#2%
  neuroticism (vneuroticism);
  extraversion (vextraversion);
  openness (vopenness);
  agreeableness (vagreeableness);
  conscientiousness (vconscientiousness);
  active_coping (vactive_coping);
  avoidance_coping (vavoidance_coping);
  soc_emo_coping (vsoc_emo_coping);
  iesr_ts (viesr_ts);
  mpss_tot (vmpss_tot);

  neuroticism WITH extraversion@0;
  neuroticism WITH openness@0;
  neuroticism WITH agreeableness@0;
  neuroticism WITH conscientiousness@0;
  neuroticism WITH active_coping@0;
  neuroticism WITH avoidance_coping@0;
  neuroticism WITH soc_emo_coping@0;
  neuroticism WITH iesr_ts@0;
  neuroticism WITH mpss_tot@0;
  extraversion WITH openness@0;
  extraversion WITH agreeableness@0;
  extraversion WITH conscientiousness@0;
  extraversion WITH active_coping@0;
  extraversion WITH avoidance_coping@0;
  extraversion WITH soc_emo_coping@0;
  extraversion WITH iesr_ts@0;
  extraversion WITH mpss_tot@0;
  openness WITH agreeableness@0;
  openness WITH conscientiousness@0;
  openness WITH active_coping@0;
  openness WITH avoidance_coping@0;
  openness WITH soc_emo_coping@0;
  openness WITH iesr_ts@0;
  openness WITH mpss_tot@0;
  agreeableness WITH conscientiousness@0;
  agreeableness WITH active_coping@0;
  agreeableness WITH avoidance_coping@0;
  agreeableness WITH soc_emo_coping@0;
  agreeableness WITH iesr_ts@0;
  agreeableness WITH mpss_tot@0;
  conscientiousness WITH active_coping@0;
  conscientiousness WITH avoidance_coping@0;
  conscientiousness WITH soc_emo_coping@0;
  conscientiousness WITH iesr_ts@0;
  conscientiousness WITH mpss_tot@0;
  active_coping WITH avoidance_coping@0;
  active_coping WITH soc_emo_coping@0;
  active_coping WITH iesr_ts@0;
  active_coping WITH mpss_tot@0;
  avoidance_coping WITH soc_emo_coping@0;
  avoidance_coping WITH iesr_ts@0;
  avoidance_coping WITH mpss_tot@0;
  soc_emo_coping WITH iesr_ts@0;
  soc_emo_coping WITH mpss_tot@0;
  iesr_ts WITH mpss_tot@0;

  %c1#3%
  neuroticism (vneuroticism);
  extraversion (vextraversion);
  openness (vopenness);
  agreeableness (vagreeableness);
  conscientiousness (vconscientiousness);
  active_coping (vactive_coping);
  avoidance_coping (vavoidance_coping);
  soc_emo_coping (vsoc_emo_coping);
  iesr_ts (viesr_ts);
  mpss_tot (vmpss_tot);

  neuroticism WITH extraversion@0;
  neuroticism WITH openness@0;
  neuroticism WITH agreeableness@0;
  neuroticism WITH conscientiousness@0;
  neuroticism WITH active_coping@0;
  neuroticism WITH avoidance_coping@0;
  neuroticism WITH soc_emo_coping@0;
  neuroticism WITH iesr_ts@0;
  neuroticism WITH mpss_tot@0;
  extraversion WITH openness@0;
  extraversion WITH agreeableness@0;
  extraversion WITH conscientiousness@0;
  extraversion WITH active_coping@0;
  extraversion WITH avoidance_coping@0;
  extraversion WITH soc_emo_coping@0;
  extraversion WITH iesr_ts@0;
  extraversion WITH mpss_tot@0;
  openness WITH agreeableness@0;
  openness WITH conscientiousness@0;
  openness WITH active_coping@0;
  openness WITH avoidance_coping@0;
  openness WITH soc_emo_coping@0;
  openness WITH iesr_ts@0;
  openness WITH mpss_tot@0;
  agreeableness WITH conscientiousness@0;
  agreeableness WITH active_coping@0;
  agreeableness WITH avoidance_coping@0;
  agreeableness WITH soc_emo_coping@0;
  agreeableness WITH iesr_ts@0;
  agreeableness WITH mpss_tot@0;
  conscientiousness WITH active_coping@0;
  conscientiousness WITH avoidance_coping@0;
  conscientiousness WITH soc_emo_coping@0;
  conscientiousness WITH iesr_ts@0;
  conscientiousness WITH mpss_tot@0;
  active_coping WITH avoidance_coping@0;
  active_coping WITH soc_emo_coping@0;
  active_coping WITH iesr_ts@0;
  active_coping WITH mpss_tot@0;
  avoidance_coping WITH soc_emo_coping@0;
  avoidance_coping WITH iesr_ts@0;
  avoidance_coping WITH mpss_tot@0;
  soc_emo_coping WITH iesr_ts@0;
  soc_emo_coping WITH mpss_tot@0;
  iesr_ts WITH mpss_tot@0;

  %c1#4%
  neuroticism (vneuroticism);
  extraversion (vextraversion);
  openness (vopenness);
  agreeableness (vagreeableness);
  conscientiousness (vconscientiousness);
  active_coping (vactive_coping);
  avoidance_coping (vavoidance_coping);
  soc_emo_coping (vsoc_emo_coping);
  iesr_ts (viesr_ts);
  mpss_tot (vmpss_tot);

  neuroticism WITH extraversion@0;
  neuroticism WITH openness@0;
  neuroticism WITH agreeableness@0;
  neuroticism WITH conscientiousness@0;
  neuroticism WITH active_coping@0;
  neuroticism WITH avoidance_coping@0;
  neuroticism WITH soc_emo_coping@0;
  neuroticism WITH iesr_ts@0;
  neuroticism WITH mpss_tot@0;
  extraversion WITH openness@0;
  extraversion WITH agreeableness@0;
  extraversion WITH conscientiousness@0;
  extraversion WITH active_coping@0;
  extraversion WITH avoidance_coping@0;
  extraversion WITH soc_emo_coping@0;
  extraversion WITH iesr_ts@0;
  extraversion WITH mpss_tot@0;
  openness WITH agreeableness@0;
  openness WITH conscientiousness@0;
  openness WITH active_coping@0;
  openness WITH avoidance_coping@0;
  openness WITH soc_emo_coping@0;
  openness WITH iesr_ts@0;
  openness WITH mpss_tot@0;
  agreeableness WITH conscientiousness@0;
  agreeableness WITH active_coping@0;
  agreeableness WITH avoidance_coping@0;
  agreeableness WITH soc_emo_coping@0;
  agreeableness WITH iesr_ts@0;
  agreeableness WITH mpss_tot@0;
  conscientiousness WITH active_coping@0;
  conscientiousness WITH avoidance_coping@0;
  conscientiousness WITH soc_emo_coping@0;
  conscientiousness WITH iesr_ts@0;
  conscientiousness WITH mpss_tot@0;
  active_coping WITH avoidance_coping@0;
  active_coping WITH soc_emo_coping@0;
  active_coping WITH iesr_ts@0;
  active_coping WITH mpss_tot@0;
  avoidance_coping WITH soc_emo_coping@0;
  avoidance_coping WITH iesr_ts@0;
  avoidance_coping WITH mpss_tot@0;
  soc_emo_coping WITH iesr_ts@0;
  soc_emo_coping WITH mpss_tot@0;
  iesr_ts WITH mpss_tot@0;

  %c1#5%
  neuroticism (vneuroticism);
  extraversion (vextraversion);
  openness (vopenness);
  agreeableness (vagreeableness);
  conscientiousness (vconscientiousness);
  active_coping (vactive_coping);
  avoidance_coping (vavoidance_coping);
  soc_emo_coping (vsoc_emo_coping);
  iesr_ts (viesr_ts);
  mpss_tot (vmpss_tot);

  neuroticism WITH extraversion@0;
  neuroticism WITH openness@0;
  neuroticism WITH agreeableness@0;
  neuroticism WITH conscientiousness@0;
  neuroticism WITH active_coping@0;
  neuroticism WITH avoidance_coping@0;
  neuroticism WITH soc_emo_coping@0;
  neuroticism WITH iesr_ts@0;
  neuroticism WITH mpss_tot@0;
  extraversion WITH openness@0;
  extraversion WITH agreeableness@0;
  extraversion WITH conscientiousness@0;
  extraversion WITH active_coping@0;
  extraversion WITH avoidance_coping@0;
  extraversion WITH soc_emo_coping@0;
  extraversion WITH iesr_ts@0;
  extraversion WITH mpss_tot@0;
  openness WITH agreeableness@0;
  openness WITH conscientiousness@0;
  openness WITH active_coping@0;
  openness WITH avoidance_coping@0;
  openness WITH soc_emo_coping@0;
  openness WITH iesr_ts@0;
  openness WITH mpss_tot@0;
  agreeableness WITH conscientiousness@0;
  agreeableness WITH active_coping@0;
  agreeableness WITH avoidance_coping@0;
  agreeableness WITH soc_emo_coping@0;
  agreeableness WITH iesr_ts@0;
  agreeableness WITH mpss_tot@0;
  conscientiousness WITH active_coping@0;
  conscientiousness WITH avoidance_coping@0;
  conscientiousness WITH soc_emo_coping@0;
  conscientiousness WITH iesr_ts@0;
  conscientiousness WITH mpss_tot@0;
  active_coping WITH avoidance_coping@0;
  active_coping WITH soc_emo_coping@0;
  active_coping WITH iesr_ts@0;
  active_coping WITH mpss_tot@0;
  avoidance_coping WITH soc_emo_coping@0;
  avoidance_coping WITH iesr_ts@0;
  avoidance_coping WITH mpss_tot@0;
  soc_emo_coping WITH iesr_ts@0;
  soc_emo_coping WITH mpss_tot@0;
  iesr_ts WITH mpss_tot@0;

  %c1#6%
  neuroticism (vneuroticism);
  extraversion (vextraversion);
  openness (vopenness);
  agreeableness (vagreeableness);
  conscientiousness (vconscientiousness);
  active_coping (vactive_coping);
  avoidance_coping (vavoidance_coping);
  soc_emo_coping (vsoc_emo_coping);
  iesr_ts (viesr_ts);
  mpss_tot (vmpss_tot);

  neuroticism WITH extraversion@0;
  neuroticism WITH openness@0;
  neuroticism WITH agreeableness@0;
  neuroticism WITH conscientiousness@0;
  neuroticism WITH active_coping@0;
  neuroticism WITH avoidance_coping@0;
  neuroticism WITH soc_emo_coping@0;
  neuroticism WITH iesr_ts@0;
  neuroticism WITH mpss_tot@0;
  extraversion WITH openness@0;
  extraversion WITH agreeableness@0;
  extraversion WITH conscientiousness@0;
  extraversion WITH active_coping@0;
  extraversion WITH avoidance_coping@0;
  extraversion WITH soc_emo_coping@0;
  extraversion WITH iesr_ts@0;
  extraversion WITH mpss_tot@0;
  openness WITH agreeableness@0;
  openness WITH conscientiousness@0;
  openness WITH active_coping@0;
  openness WITH avoidance_coping@0;
  openness WITH soc_emo_coping@0;
  openness WITH iesr_ts@0;
  openness WITH mpss_tot@0;
  agreeableness WITH conscientiousness@0;
  agreeableness WITH active_coping@0;
  agreeableness WITH avoidance_coping@0;
  agreeableness WITH soc_emo_coping@0;
  agreeableness WITH iesr_ts@0;
  agreeableness WITH mpss_tot@0;
  conscientiousness WITH active_coping@0;
  conscientiousness WITH avoidance_coping@0;
  conscientiousness WITH soc_emo_coping@0;
  conscientiousness WITH iesr_ts@0;
  conscientiousness WITH mpss_tot@0;
  active_coping WITH avoidance_coping@0;
  active_coping WITH soc_emo_coping@0;
  active_coping WITH iesr_ts@0;
  active_coping WITH mpss_tot@0;
  avoidance_coping WITH soc_emo_coping@0;
  avoidance_coping WITH iesr_ts@0;
  avoidance_coping WITH mpss_tot@0;
  soc_emo_coping WITH iesr_ts@0;
  soc_emo_coping WITH mpss_tot@0;
  iesr_ts WITH mpss_tot@0;

  %c1#7%
  neuroticism (vneuroticism);
  extraversion (vextraversion);
  openness (vopenness);
  agreeableness (vagreeableness);
  conscientiousness (vconscientiousness);
  active_coping (vactive_coping);
  avoidance_coping (vavoidance_coping);
  soc_emo_coping (vsoc_emo_coping);
  iesr_ts (viesr_ts);
  mpss_tot (vmpss_tot);

  neuroticism WITH extraversion@0;
  neuroticism WITH openness@0;
  neuroticism WITH agreeableness@0;
  neuroticism WITH conscientiousness@0;
  neuroticism WITH active_coping@0;
  neuroticism WITH avoidance_coping@0;
  neuroticism WITH soc_emo_coping@0;
  neuroticism WITH iesr_ts@0;
  neuroticism WITH mpss_tot@0;
  extraversion WITH openness@0;
  extraversion WITH agreeableness@0;
  extraversion WITH conscientiousness@0;
  extraversion WITH active_coping@0;
  extraversion WITH avoidance_coping@0;
  extraversion WITH soc_emo_coping@0;
  extraversion WITH iesr_ts@0;
  extraversion WITH mpss_tot@0;
  openness WITH agreeableness@0;
  openness WITH conscientiousness@0;
  openness WITH active_coping@0;
  openness WITH avoidance_coping@0;
  openness WITH soc_emo_coping@0;
  openness WITH iesr_ts@0;
  openness WITH mpss_tot@0;
  agreeableness WITH conscientiousness@0;
  agreeableness WITH active_coping@0;
  agreeableness WITH avoidance_coping@0;
  agreeableness WITH soc_emo_coping@0;
  agreeableness WITH iesr_ts@0;
  agreeableness WITH mpss_tot@0;
  conscientiousness WITH active_coping@0;
  conscientiousness WITH avoidance_coping@0;
  conscientiousness WITH soc_emo_coping@0;
  conscientiousness WITH iesr_ts@0;
  conscientiousness WITH mpss_tot@0;
  active_coping WITH avoidance_coping@0;
  active_coping WITH soc_emo_coping@0;
  active_coping WITH iesr_ts@0;
  active_coping WITH mpss_tot@0;
  avoidance_coping WITH soc_emo_coping@0;
  avoidance_coping WITH iesr_ts@0;
  avoidance_coping WITH mpss_tot@0;
  soc_emo_coping WITH iesr_ts@0;
  soc_emo_coping WITH mpss_tot@0;
  iesr_ts WITH mpss_tot@0;

  %c1#8%
  neuroticism (vneuroticism);
  extraversion (vextraversion);
  openness (vopenness);
  agreeableness (vagreeableness);
  conscientiousness (vconscientiousness);
  active_coping (vactive_coping);
  avoidance_coping (vavoidance_coping);
  soc_emo_coping (vsoc_emo_coping);
  iesr_ts (viesr_ts);
  mpss_tot (vmpss_tot);

  neuroticism WITH extraversion@0;
  neuroticism WITH openness@0;
  neuroticism WITH agreeableness@0;
  neuroticism WITH conscientiousness@0;
  neuroticism WITH active_coping@0;
  neuroticism WITH avoidance_coping@0;
  neuroticism WITH soc_emo_coping@0;
  neuroticism WITH iesr_ts@0;
  neuroticism WITH mpss_tot@0;
  extraversion WITH openness@0;
  extraversion WITH agreeableness@0;
  extraversion WITH conscientiousness@0;
  extraversion WITH active_coping@0;
  extraversion WITH avoidance_coping@0;
  extraversion WITH soc_emo_coping@0;
  extraversion WITH iesr_ts@0;
  extraversion WITH mpss_tot@0;
  openness WITH agreeableness@0;
  openness WITH conscientiousness@0;
  openness WITH active_coping@0;
  openness WITH avoidance_coping@0;
  openness WITH soc_emo_coping@0;
  openness WITH iesr_ts@0;
  openness WITH mpss_tot@0;
  agreeableness WITH conscientiousness@0;
  agreeableness WITH active_coping@0;
  agreeableness WITH avoidance_coping@0;
  agreeableness WITH soc_emo_coping@0;
  agreeableness WITH iesr_ts@0;
  agreeableness WITH mpss_tot@0;
  conscientiousness WITH active_coping@0;
  conscientiousness WITH avoidance_coping@0;
  conscientiousness WITH soc_emo_coping@0;
  conscientiousness WITH iesr_ts@0;
  conscientiousness WITH mpss_tot@0;
  active_coping WITH avoidance_coping@0;
  active_coping WITH soc_emo_coping@0;
  active_coping WITH iesr_ts@0;
  active_coping WITH mpss_tot@0;
  avoidance_coping WITH soc_emo_coping@0;
  avoidance_coping WITH iesr_ts@0;
  avoidance_coping WITH mpss_tot@0;
  soc_emo_coping WITH iesr_ts@0;
  soc_emo_coping WITH mpss_tot@0;
  iesr_ts WITH mpss_tot@0;

  %c1#9%
  neuroticism (vneuroticism);
  extraversion (vextraversion);
  openness (vopenness);
  agreeableness (vagreeableness);
  conscientiousness (vconscientiousness);
  active_coping (vactive_coping);
  avoidance_coping (vavoidance_coping);
  soc_emo_coping (vsoc_emo_coping);
  iesr_ts (viesr_ts);
  mpss_tot (vmpss_tot);

  neuroticism WITH extraversion@0;
  neuroticism WITH openness@0;
  neuroticism WITH agreeableness@0;
  neuroticism WITH conscientiousness@0;
  neuroticism WITH active_coping@0;
  neuroticism WITH avoidance_coping@0;
  neuroticism WITH soc_emo_coping@0;
  neuroticism WITH iesr_ts@0;
  neuroticism WITH mpss_tot@0;
  extraversion WITH openness@0;
  extraversion WITH agreeableness@0;
  extraversion WITH conscientiousness@0;
  extraversion WITH active_coping@0;
  extraversion WITH avoidance_coping@0;
  extraversion WITH soc_emo_coping@0;
  extraversion WITH iesr_ts@0;
  extraversion WITH mpss_tot@0;
  openness WITH agreeableness@0;
  openness WITH conscientiousness@0;
  openness WITH active_coping@0;
  openness WITH avoidance_coping@0;
  openness WITH soc_emo_coping@0;
  openness WITH iesr_ts@0;
  openness WITH mpss_tot@0;
  agreeableness WITH conscientiousness@0;
  agreeableness WITH active_coping@0;
  agreeableness WITH avoidance_coping@0;
  agreeableness WITH soc_emo_coping@0;
  agreeableness WITH iesr_ts@0;
  agreeableness WITH mpss_tot@0;
  conscientiousness WITH active_coping@0;
  conscientiousness WITH avoidance_coping@0;
  conscientiousness WITH soc_emo_coping@0;
  conscientiousness WITH iesr_ts@0;
  conscientiousness WITH mpss_tot@0;
  active_coping WITH avoidance_coping@0;
  active_coping WITH soc_emo_coping@0;
  active_coping WITH iesr_ts@0;
  active_coping WITH mpss_tot@0;
  avoidance_coping WITH soc_emo_coping@0;
  avoidance_coping WITH iesr_ts@0;
  avoidance_coping WITH mpss_tot@0;
  soc_emo_coping WITH iesr_ts@0;
  soc_emo_coping WITH mpss_tot@0;
  iesr_ts WITH mpss_tot@0;


  OUTPUT:
  TECH14;

  SAVEDATA:
  FILE IS model_1_class_9.dat;
  SAVE = cprobabilities;



*** WARNING in VARIABLE command
  Note that only the first 8 characters of variable names are used in the output.
  Shorten variable names to avoid any confusion.
*** WARNING in MODEL command
  All variables are uncorrelated with all other variables within class.
  Check that this is what is intended.
   2 WARNING(S) FOUND IN THE INPUT INSTRUCTIONS




model 1 with 9 classes

SUMMARY OF ANALYSIS

Number of groups                                                 1
Number of observations                                         746

Number of dependent variables                                   10
Number of independent variables                                  0
Number of continuous latent variables                            0
Number of categorical latent variables                           1

Observed dependent variables

  Continuous
   NEUROTICIS  EXTRAVERSI  OPENNESS    AGREEABLEN  CONSCIENTI  ACTIVE_COP
   AVOIDANCE_  SOC_EMO_CO  IESR_TS     MPSS_TOT

Categorical latent variables
   C1


Estimator                                                      MLR
Information matrix                                        OBSERVED
Optimization Specifications for the Quasi-Newton Algorithm for
Continuous Outcomes
  Maximum number of iterations                                 100
  Convergence criterion                                  0.100D-05
Optimization Specifications for the EM Algorithm
  Maximum number of iterations                                 500
  Convergence criteria
    Loglikelihood change                                 0.100D-06
    Relative loglikelihood change                        0.100D-06
    Derivative                                           0.100D-05
Optimization Specifications for the M step of the EM Algorithm for
Categorical Latent variables
  Number of M step iterations                                    1
  M step convergence criterion                           0.100D-05
  Basis for M step termination                           ITERATION
Optimization Specifications for the M step of the EM Algorithm for
Censored, Binary or Ordered Categorical (Ordinal), Unordered
Categorical (Nominal) and Count Outcomes
  Number of M step iterations                                    1
  M step convergence criterion                           0.100D-05
  Basis for M step termination                           ITERATION
  Maximum value for logit thresholds                            15
  Minimum value for logit thresholds                           -15
  Minimum expected cell size for chi-square              0.100D-01
Maximum number of iterations for H1                           2000
Convergence criterion for H1                             0.100D-03
Optimization algorithm                                         EMA
Random Starts Specifications
  Number of initial stage random starts                         20
  Number of final stage optimizations                            4
  Number of initial stage iterations                            10
  Initial stage convergence criterion                    0.100D+01
  Random starts scale                                    0.500D+01
  Random seed for generating random starts                       0

Input data file(s)
  data_81c78c0cb6869e75ae6a0f08ff71917f.dat
Input data format  FREE


SUMMARY OF DATA

     Number of missing data patterns             1
     Number of y missing data patterns           1
     Number of u missing data patterns           0


COVARIANCE COVERAGE OF DATA

Minimum covariance coverage value   0.100


     PROPORTION OF DATA PRESENT FOR Y


           Covariance Coverage
              NEUROTIC      EXTRAVER      OPENNESS      AGREEABL      CONSCIEN
              ________      ________      ________      ________      ________
 NEUROTIC       1.000
 EXTRAVER       1.000         1.000
 OPENNESS       1.000         1.000         1.000
 AGREEABL       1.000         1.000         1.000         1.000
 CONSCIEN       1.000         1.000         1.000         1.000         1.000
 ACTIVE_C       1.000         1.000         1.000         1.000         1.000
 AVOIDANC       1.000         1.000         1.000         1.000         1.000
 SOC_EMO_       1.000         1.000         1.000         1.000         1.000
 IESR_TS        1.000         1.000         1.000         1.000         1.000
 MPSS_TOT       1.000         1.000         1.000         1.000         1.000


           Covariance Coverage
              ACTIVE_C      AVOIDANC      SOC_EMO_      IESR_TS       MPSS_TOT
              ________      ________      ________      ________      ________
 ACTIVE_C       1.000
 AVOIDANC       1.000         1.000
 SOC_EMO_       1.000         1.000         1.000
 IESR_TS        1.000         1.000         1.000         1.000
 MPSS_TOT       1.000         1.000         1.000         1.000         1.000



UNIVARIATE SAMPLE STATISTICS


     UNIVARIATE HIGHER-ORDER MOMENT DESCRIPTIVE STATISTICS

         Variable/         Mean/     Skewness/   Minimum/ % with                Percentiles
        Sample Size      Variance    Kurtosis    Maximum  Min/Max      20%/60%    40%/80%    Median

     NEUROTICISM           0.000       0.344      -2.153    0.13%      -0.914     -0.351     -0.013
             746.000       0.999      -0.133       3.141    0.13%       0.212      0.776
     EXTRAVERSION          0.000      -0.567      -3.510    0.40%      -0.889     -0.161      0.130
             746.000       0.999       0.367       2.169    0.13%       0.276      0.858
     OPENNESS              0.000      -0.053      -2.961    0.13%      -0.787     -0.321     -0.010
             746.000       0.999      -0.208       2.630    0.54%       0.301      0.767
     AGREEABLENESS         0.000      -0.495      -4.910    0.13%      -0.773     -0.255      0.089
             746.000       0.999       0.738       2.331    0.13%       0.262      0.779
     CONSCIENTIOUSNE       0.000      -0.517      -3.782    0.13%      -0.722     -0.263      0.043
             746.000       0.999       0.347       1.880    0.94%       0.196      0.962
     ACTIVE_COPING         0.000      -0.164      -3.070    0.13%      -0.793     -0.276     -0.017
             746.000       0.999       0.060       2.726    0.13%       0.242      0.811
     AVOIDANCE_COPIN       0.000       1.136      -1.529    2.14%      -0.837     -0.421     -0.144
             746.000       0.999       1.959       4.843    0.13%      -0.005      0.687
     SOC_EMO_COPING        0.000       0.116      -2.529    0.40%      -0.840     -0.277      0.004
             746.000       0.999      -0.224       2.536    0.54%       0.285      0.848
     IESR_TS               0.000       1.113      -1.187    4.29%      -0.862     -0.538     -0.279
             746.000       0.999       0.732       3.938    0.13%      -0.019      0.759
     MPSS_TOT              0.000      -0.943      -3.410    0.27%      -0.762     -0.061      0.172
             746.000       0.999       0.588       1.263    8.31%       0.406      0.873

RANDOM STARTS RESULTS RANKED FROM THE BEST TO THE WORST LOGLIKELIHOOD VALUES

Final stage loglikelihood values at local maxima, seeds, and initial stage start numbers:

           -9807.386  851945           18
           -9823.736  195873           6
           -9827.010  573096           20
           -9830.913  415931           10



     WARNING:  THE BEST LOGLIKELIHOOD VALUE WAS NOT REPLICATED.  THE
     SOLUTION MAY NOT BE TRUSTWORTHY DUE TO LOCAL MAXIMA.  INCREASE THE
     NUMBER OF RANDOM STARTS.


THE MODEL ESTIMATION TERMINATED NORMALLY



MODEL FIT INFORMATION

Number of Free Parameters                      108

Loglikelihood

          H0 Value                       -9807.386
          H0 Scaling Correction Factor      1.3889
            for MLR

Information Criteria

          Akaike (AIC)                   19830.772
          Bayesian (BIC)                 20329.162
          Sample-Size Adjusted BIC       19986.221
            (n* = (n + 2) / 24)



FINAL CLASS COUNTS AND PROPORTIONS FOR THE LATENT CLASSES
BASED ON THE ESTIMATED MODEL

    Latent
   Classes

       1         21.98944          0.02948
       2         87.82341          0.11773
       3        116.92606          0.15674
       4         65.32701          0.08757
       5        228.94962          0.30690
       6         36.37205          0.04876
       7         18.02701          0.02416
       8         64.67114          0.08669
       9        105.91426          0.14198


FINAL CLASS COUNTS AND PROPORTIONS FOR THE LATENT CLASSES
BASED ON ESTIMATED POSTERIOR PROBABILITIES

    Latent
   Classes

       1         21.98944          0.02948
       2         87.82341          0.11773
       3        116.92606          0.15674
       4         65.32701          0.08757
       5        228.94962          0.30690
       6         36.37205          0.04876
       7         18.02701          0.02416
       8         64.67114          0.08669
       9        105.91426          0.14198


FINAL CLASS COUNTS AND PROPORTIONS FOR THE LATENT CLASSES
BASED ON THEIR MOST LIKELY LATENT CLASS MEMBERSHIP

Class Counts and Proportions

    Latent
   Classes

       1               22          0.02949
       2               81          0.10858
       3              116          0.15550
       4               67          0.08981
       5              248          0.33244
       6               33          0.04424
       7               17          0.02279
       8               61          0.08177
       9              101          0.13539


CLASSIFICATION QUALITY

     Entropy                         0.776


Average Latent Class Probabilities for Most Likely Latent Class Membership (Row)
by Latent Class (Column)

           1        2        3        4        5        6        7        8        9

    1   0.865    0.000    0.117    0.018    0.000    0.000    0.000    0.000    0.000
    2   0.000    0.832    0.016    0.000    0.067    0.001    0.000    0.000    0.084
    3   0.022    0.026    0.817    0.020    0.112    0.003    0.000    0.000    0.000
    4   0.006    0.000    0.045    0.856    0.040    0.006    0.008    0.038    0.000
    5   0.000    0.047    0.060    0.008    0.762    0.028    0.000    0.033    0.061
    6   0.000    0.001    0.006    0.027    0.100    0.829    0.001    0.021    0.014
    7   0.000    0.000    0.000    0.011    0.000    0.000    0.963    0.026    0.000
    8   0.000    0.000    0.002    0.035    0.076    0.008    0.018    0.854    0.007
    9   0.000    0.056    0.000    0.000    0.109    0.006    0.000    0.006    0.823



Classification Probabilities for the Most Likely Latent Class Membership (Column)
by Latent Class (Row)

           1        2        3        4        5        6        7        8        9

    1   0.865    0.000    0.115    0.020    0.000    0.000    0.000    0.000    0.000
    2   0.000    0.767    0.034    0.000    0.134    0.000    0.000    0.000    0.065
    3   0.022    0.011    0.811    0.026    0.128    0.002    0.000    0.001    0.000
    4   0.006    0.000    0.035    0.878    0.031    0.014    0.003    0.032    0.000
    5   0.000    0.024    0.057    0.012    0.825    0.014    0.000    0.020    0.048
    6   0.000    0.003    0.009    0.011    0.194    0.753    0.000    0.014    0.017
    7   0.000    0.000    0.000    0.029    0.000    0.002    0.908    0.060    0.000
    8   0.000    0.000    0.000    0.039    0.127    0.011    0.007    0.806    0.009
    9   0.000    0.065    0.000    0.000    0.142    0.004    0.000    0.004    0.785



Logits for the Classification Probabilities for the Most Likely Latent Class Membership (Column)
by Latent Class (Row)

              1        2        3        4        5        6        7        8        9

    1     13.671    0.000   11.652    9.880    3.332    4.019    0.000    0.798    0.000
    2    -11.076    2.474   -0.637  -11.076    0.730   -5.612  -11.076  -10.387    0.000
    3      5.670    4.970    9.274    5.825    7.427    3.165   -4.331    2.590    0.000
    4      8.692    0.000   10.475   13.686   10.346    9.534    7.951   10.387    0.000
    5     -8.938   -0.707    0.171   -1.404    2.845   -1.206   -9.490   -0.866    0.000
    6     -9.624   -1.671   -0.667   -0.398    2.460    3.814   -5.227   -0.190    0.000
    7      0.000    0.000    2.196   10.288    5.195    7.696   13.719   11.002    0.000
    8     -9.156   -8.095   -3.132    1.422    2.599    0.126   -0.336    4.443    0.000
    9    -13.573   -2.498   -8.451  -13.499   -1.710   -5.175  -13.573   -5.227    0.000



MODEL RESULTS

                                                    Two-Tailed
                    Estimate       S.E.  Est./S.E.    P-Value

Latent Class 1

 NEUROTIC WITH
    EXTRAVERSI         0.000      0.000    999.000    999.000
    OPENNESS           0.000      0.000    999.000    999.000
    AGREEABLEN         0.000      0.000    999.000    999.000
    CONSCIENTI         0.000      0.000    999.000    999.000
    ACTIVE_COP         0.000      0.000    999.000    999.000
    AVOIDANCE_         0.000      0.000    999.000    999.000
    SOC_EMO_CO         0.000      0.000    999.000    999.000
    IESR_TS            0.000      0.000    999.000    999.000
    MPSS_TOT           0.000      0.000    999.000    999.000

 EXTRAVER WITH
    OPENNESS           0.000      0.000    999.000    999.000
    AGREEABLEN         0.000      0.000    999.000    999.000
    CONSCIENTI         0.000      0.000    999.000    999.000
    ACTIVE_COP         0.000      0.000    999.000    999.000
    AVOIDANCE_         0.000      0.000    999.000    999.000
    SOC_EMO_CO         0.000      0.000    999.000    999.000
    IESR_TS            0.000      0.000    999.000    999.000
    MPSS_TOT           0.000      0.000    999.000    999.000

 OPENNESS WITH
    AGREEABLEN         0.000      0.000    999.000    999.000
    CONSCIENTI         0.000      0.000    999.000    999.000
    ACTIVE_COP         0.000      0.000    999.000    999.000
    AVOIDANCE_         0.000      0.000    999.000    999.000
    SOC_EMO_CO         0.000      0.000    999.000    999.000
    IESR_TS            0.000      0.000    999.000    999.000
    MPSS_TOT           0.000      0.000    999.000    999.000

 AGREEABL WITH
    CONSCIENTI         0.000      0.000    999.000    999.000
    ACTIVE_COP         0.000      0.000    999.000    999.000
    AVOIDANCE_         0.000      0.000    999.000    999.000
    SOC_EMO_CO         0.000      0.000    999.000    999.000
    IESR_TS            0.000      0.000    999.000    999.000
    MPSS_TOT           0.000      0.000    999.000    999.000

 CONSCIEN WITH
    ACTIVE_COP         0.000      0.000    999.000    999.000
    AVOIDANCE_         0.000      0.000    999.000    999.000
    SOC_EMO_CO         0.000      0.000    999.000    999.000
    IESR_TS            0.000      0.000    999.000    999.000
    MPSS_TOT           0.000      0.000    999.000    999.000

 ACTIVE_C WITH
    AVOIDANCE_         0.000      0.000    999.000    999.000
    SOC_EMO_CO         0.000      0.000    999.000    999.000
    IESR_TS            0.000      0.000    999.000    999.000
    MPSS_TOT           0.000      0.000    999.000    999.000

 AVOIDANC WITH
    SOC_EMO_CO         0.000      0.000    999.000    999.000
    IESR_TS            0.000      0.000    999.000    999.000
    MPSS_TOT           0.000      0.000    999.000    999.000

 SOC_EMO_ WITH
    IESR_TS            0.000      0.000    999.000    999.000
    MPSS_TOT           0.000      0.000    999.000    999.000

 IESR_TS  WITH
    MPSS_TOT           0.000      0.000    999.000    999.000

 Means
    NEUROTICIS         0.934      0.210      4.442      0.000
    EXTRAVERSI        -1.821      0.366     -4.980      0.000
    OPENNESS          -0.346      0.344     -1.005      0.315
    AGREEABLEN        -1.366      0.893     -1.529      0.126
    CONSCIENTI        -1.207      1.253     -0.963      0.335
    ACTIVE_COP        -1.322      0.303     -4.358      0.000
    AVOIDANCE_         0.282      0.431      0.656      0.512
    SOC_EMO_CO        -1.540      0.183     -8.432      0.000
    IESR_TS           -0.010      0.522     -0.019      0.985
    MPSS_TOT          -1.991      0.521     -3.823      0.000

 Variances
    NEUROTICIS         0.322      0.042      7.612      0.000
    EXTRAVERSI         0.513      0.052      9.812      0.000
    OPENNESS           0.881      0.045     19.560      0.000
    AGREEABLEN         0.806      0.053     15.137      0.000
    CONSCIENTI         0.635      0.090      7.037      0.000
    ACTIVE_COP         0.686      0.041     16.808      0.000
    AVOIDANCE_         0.606      0.060     10.099      0.000
    SOC_EMO_CO         0.415      0.034     12.047      0.000
    IESR_TS            0.744      0.057     13.002      0.000
    MPSS_TOT           0.705      0.063     11.225      0.000

Latent Class 2

 NEUROTIC WITH
    EXTRAVERSI         0.000      0.000    999.000    999.000
    OPENNESS           0.000      0.000    999.000    999.000
    AGREEABLEN         0.000      0.000    999.000    999.000
    CONSCIENTI         0.000      0.000    999.000    999.000
    ACTIVE_COP         0.000      0.000    999.000    999.000
    AVOIDANCE_         0.000      0.000    999.000    999.000
    SOC_EMO_CO         0.000      0.000    999.000    999.000
    IESR_TS            0.000      0.000    999.000    999.000
    MPSS_TOT           0.000      0.000    999.000    999.000

 EXTRAVER WITH
    OPENNESS           0.000      0.000    999.000    999.000
    AGREEABLEN         0.000      0.000    999.000    999.000
    CONSCIENTI         0.000      0.000    999.000    999.000
    ACTIVE_COP         0.000      0.000    999.000    999.000
    AVOIDANCE_         0.000      0.000    999.000    999.000
    SOC_EMO_CO         0.000      0.000    999.000    999.000
    IESR_TS            0.000      0.000    999.000    999.000
    MPSS_TOT           0.000      0.000    999.000    999.000

 OPENNESS WITH
    AGREEABLEN         0.000      0.000    999.000    999.000
    CONSCIENTI         0.000      0.000    999.000    999.000
    ACTIVE_COP         0.000      0.000    999.000    999.000
    AVOIDANCE_         0.000      0.000    999.000    999.000
    SOC_EMO_CO         0.000      0.000    999.000    999.000
    IESR_TS            0.000      0.000    999.000    999.000
    MPSS_TOT           0.000      0.000    999.000    999.000

 AGREEABL WITH
    CONSCIENTI         0.000      0.000    999.000    999.000
    ACTIVE_COP         0.000      0.000    999.000    999.000
    AVOIDANCE_         0.000      0.000    999.000    999.000
    SOC_EMO_CO         0.000      0.000    999.000    999.000
    IESR_TS            0.000      0.000    999.000    999.000
    MPSS_TOT           0.000      0.000    999.000    999.000

 CONSCIEN WITH
    ACTIVE_COP         0.000      0.000    999.000    999.000
    AVOIDANCE_         0.000      0.000    999.000    999.000
    SOC_EMO_CO         0.000      0.000    999.000    999.000
    IESR_TS            0.000      0.000    999.000    999.000
    MPSS_TOT           0.000      0.000    999.000    999.000

 ACTIVE_C WITH
    AVOIDANCE_         0.000      0.000    999.000    999.000
    SOC_EMO_CO         0.000      0.000    999.000    999.000
    IESR_TS            0.000      0.000    999.000    999.000
    MPSS_TOT           0.000      0.000    999.000    999.000

 AVOIDANC WITH
    SOC_EMO_CO         0.000      0.000    999.000    999.000
    IESR_TS            0.000      0.000    999.000    999.000
    MPSS_TOT           0.000      0.000    999.000    999.000

 SOC_EMO_ WITH
    IESR_TS            0.000      0.000    999.000    999.000
    MPSS_TOT           0.000      0.000    999.000    999.000

 IESR_TS  WITH
    MPSS_TOT           0.000      0.000    999.000    999.000

 Means
    NEUROTICIS        -1.195      0.083    -14.439      0.000
    EXTRAVERSI         0.535      0.102      5.221      0.000
    OPENNESS          -0.001      0.203     -0.004      0.997
    AGREEABLEN         0.276      0.138      2.003      0.045
    CONSCIENTI         0.707      0.102      6.921      0.000
    ACTIVE_COP        -0.102      0.179     -0.572      0.567
    AVOIDANCE_        -0.698      0.096     -7.252      0.000
    SOC_EMO_CO        -0.912      0.153     -5.954      0.000
    IESR_TS           -0.602      0.068     -8.898      0.000
    MPSS_TOT           0.038      0.168      0.226      0.821

 Variances
    NEUROTICIS         0.322      0.042      7.612      0.000
    EXTRAVERSI         0.513      0.052      9.812      0.000
    OPENNESS           0.881      0.045     19.560      0.000
    AGREEABLEN         0.806      0.053     15.137      0.000
    CONSCIENTI         0.635      0.090      7.037      0.000
    ACTIVE_COP         0.686      0.041     16.808      0.000
    AVOIDANCE_         0.606      0.060     10.099      0.000
    SOC_EMO_CO         0.415      0.034     12.047      0.000
    IESR_TS            0.744      0.057     13.002      0.000
    MPSS_TOT           0.705      0.063     11.225      0.000

Latent Class 3

 NEUROTIC WITH
    EXTRAVERSI         0.000      0.000    999.000    999.000
    OPENNESS           0.000      0.000    999.000    999.000
    AGREEABLEN         0.000      0.000    999.000    999.000
    CONSCIENTI         0.000      0.000    999.000    999.000
    ACTIVE_COP         0.000      0.000    999.000    999.000
    AVOIDANCE_         0.000      0.000    999.000    999.000
    SOC_EMO_CO         0.000      0.000    999.000    999.000
    IESR_TS            0.000      0.000    999.000    999.000
    MPSS_TOT           0.000      0.000    999.000    999.000

 EXTRAVER WITH
    OPENNESS           0.000      0.000    999.000    999.000
    AGREEABLEN         0.000      0.000    999.000    999.000
    CONSCIENTI         0.000      0.000    999.000    999.000
    ACTIVE_COP         0.000      0.000    999.000    999.000
    AVOIDANCE_         0.000      0.000    999.000    999.000
    SOC_EMO_CO         0.000      0.000    999.000    999.000
    IESR_TS            0.000      0.000    999.000    999.000
    MPSS_TOT           0.000      0.000    999.000    999.000

 OPENNESS WITH
    AGREEABLEN         0.000      0.000    999.000    999.000
    CONSCIENTI         0.000      0.000    999.000    999.000
    ACTIVE_COP         0.000      0.000    999.000    999.000
    AVOIDANCE_         0.000      0.000    999.000    999.000
    SOC_EMO_CO         0.000      0.000    999.000    999.000
    IESR_TS            0.000      0.000    999.000    999.000
    MPSS_TOT           0.000      0.000    999.000    999.000

 AGREEABL WITH
    CONSCIENTI         0.000      0.000    999.000    999.000
    ACTIVE_COP         0.000      0.000    999.000    999.000
    AVOIDANCE_         0.000      0.000    999.000    999.000
    SOC_EMO_CO         0.000      0.000    999.000    999.000
    IESR_TS            0.000      0.000    999.000    999.000
    MPSS_TOT           0.000      0.000    999.000    999.000

 CONSCIEN WITH
    ACTIVE_COP         0.000      0.000    999.000    999.000
    AVOIDANCE_         0.000      0.000    999.000    999.000
    SOC_EMO_CO         0.000      0.000    999.000    999.000
    IESR_TS            0.000      0.000    999.000    999.000
    MPSS_TOT           0.000      0.000    999.000    999.000

 ACTIVE_C WITH
    AVOIDANCE_         0.000      0.000    999.000    999.000
    SOC_EMO_CO         0.000      0.000    999.000    999.000
    IESR_TS            0.000      0.000    999.000    999.000
    MPSS_TOT           0.000      0.000    999.000    999.000

 AVOIDANC WITH
    SOC_EMO_CO         0.000      0.000    999.000    999.000
    IESR_TS            0.000      0.000    999.000    999.000
    MPSS_TOT           0.000      0.000    999.000    999.000

 SOC_EMO_ WITH
    IESR_TS            0.000      0.000    999.000    999.000
    MPSS_TOT           0.000      0.000    999.000    999.000

 IESR_TS  WITH
    MPSS_TOT           0.000      0.000    999.000    999.000

 Means
    NEUROTICIS         0.174      0.199      0.870      0.384
    EXTRAVERSI        -0.615      0.233     -2.639      0.008
    OPENNESS          -0.337      0.137     -2.461      0.014
    AGREEABLEN        -0.260      0.113     -2.296      0.022
    CONSCIENTI        -0.329      0.237     -1.386      0.166
    ACTIVE_COP        -0.800      0.200     -4.011      0.000
    AVOIDANCE_        -0.284      0.114     -2.491      0.013
    SOC_EMO_CO        -0.937      0.203     -4.614      0.000
    IESR_TS           -0.242      0.177     -1.366      0.172
    MPSS_TOT          -0.748      0.450     -1.661      0.097

 Variances
    NEUROTICIS         0.322      0.042      7.612      0.000
    EXTRAVERSI         0.513      0.052      9.812      0.000
    OPENNESS           0.881      0.045     19.560      0.000
    AGREEABLEN         0.806      0.053     15.137      0.000
    CONSCIENTI         0.635      0.090      7.037      0.000
    ACTIVE_COP         0.686      0.041     16.808      0.000
    AVOIDANCE_         0.606      0.060     10.099      0.000
    SOC_EMO_CO         0.415      0.034     12.047      0.000
    IESR_TS            0.744      0.057     13.002      0.000
    MPSS_TOT           0.705      0.063     11.225      0.000

Latent Class 4

 NEUROTIC WITH
    EXTRAVERSI         0.000      0.000    999.000    999.000
    OPENNESS           0.000      0.000    999.000    999.000
    AGREEABLEN         0.000      0.000    999.000    999.000
    CONSCIENTI         0.000      0.000    999.000    999.000
    ACTIVE_COP         0.000      0.000    999.000    999.000
    AVOIDANCE_         0.000      0.000    999.000    999.000
    SOC_EMO_CO         0.000      0.000    999.000    999.000
    IESR_TS            0.000      0.000    999.000    999.000
    MPSS_TOT           0.000      0.000    999.000    999.000

 EXTRAVER WITH
    OPENNESS           0.000      0.000    999.000    999.000
    AGREEABLEN         0.000      0.000    999.000    999.000
    CONSCIENTI         0.000      0.000    999.000    999.000
    ACTIVE_COP         0.000      0.000    999.000    999.000
    AVOIDANCE_         0.000      0.000    999.000    999.000
    SOC_EMO_CO         0.000      0.000    999.000    999.000
    IESR_TS            0.000      0.000    999.000    999.000
    MPSS_TOT           0.000      0.000    999.000    999.000

 OPENNESS WITH
    AGREEABLEN         0.000      0.000    999.000    999.000
    CONSCIENTI         0.000      0.000    999.000    999.000
    ACTIVE_COP         0.000      0.000    999.000    999.000
    AVOIDANCE_         0.000      0.000    999.000    999.000
    SOC_EMO_CO         0.000      0.000    999.000    999.000
    IESR_TS            0.000      0.000    999.000    999.000
    MPSS_TOT           0.000      0.000    999.000    999.000

 AGREEABL WITH
    CONSCIENTI         0.000      0.000    999.000    999.000
    ACTIVE_COP         0.000      0.000    999.000    999.000
    AVOIDANCE_         0.000      0.000    999.000    999.000
    SOC_EMO_CO         0.000      0.000    999.000    999.000
    IESR_TS            0.000      0.000    999.000    999.000
    MPSS_TOT           0.000      0.000    999.000    999.000

 CONSCIEN WITH
    ACTIVE_COP         0.000      0.000    999.000    999.000
    AVOIDANCE_         0.000      0.000    999.000    999.000
    SOC_EMO_CO         0.000      0.000    999.000    999.000
    IESR_TS            0.000      0.000    999.000    999.000
    MPSS_TOT           0.000      0.000    999.000    999.000

 ACTIVE_C WITH
    AVOIDANCE_         0.000      0.000    999.000    999.000
    SOC_EMO_CO         0.000      0.000    999.000    999.000
    IESR_TS            0.000      0.000    999.000    999.000
    MPSS_TOT           0.000      0.000    999.000    999.000

 AVOIDANC WITH
    SOC_EMO_CO         0.000      0.000    999.000    999.000
    IESR_TS            0.000      0.000    999.000    999.000
    MPSS_TOT           0.000      0.000    999.000    999.000

 SOC_EMO_ WITH
    IESR_TS            0.000      0.000    999.000    999.000
    MPSS_TOT           0.000      0.000    999.000    999.000

 IESR_TS  WITH
    MPSS_TOT           0.000      0.000    999.000    999.000

 Means
    NEUROTICIS         1.383      0.138     10.038      0.000
    EXTRAVERSI        -1.197      0.172     -6.950      0.000
    OPENNESS          -0.268      0.151     -1.773      0.076
    AGREEABLEN        -0.344      0.178     -1.932      0.053
    CONSCIENTI        -1.219      0.246     -4.964      0.000
    ACTIVE_COP        -0.411      0.130     -3.151      0.002
    AVOIDANCE_         0.931      0.279      3.341      0.001
    SOC_EMO_CO         0.280      0.151      1.856      0.063
    IESR_TS            0.380      0.171      2.213      0.027
    MPSS_TOT          -0.347      0.157     -2.216      0.027

 Variances
    NEUROTICIS         0.322      0.042      7.612      0.000
    EXTRAVERSI         0.513      0.052      9.812      0.000
    OPENNESS           0.881      0.045     19.560      0.000
    AGREEABLEN         0.806      0.053     15.137      0.000
    CONSCIENTI         0.635      0.090      7.037      0.000
    ACTIVE_COP         0.686      0.041     16.808      0.000
    AVOIDANCE_         0.606      0.060     10.099      0.000
    SOC_EMO_CO         0.415      0.034     12.047      0.000
    IESR_TS            0.744      0.057     13.002      0.000
    MPSS_TOT           0.705      0.063     11.225      0.000

Latent Class 5

 NEUROTIC WITH
    EXTRAVERSI         0.000      0.000    999.000    999.000
    OPENNESS           0.000      0.000    999.000    999.000
    AGREEABLEN         0.000      0.000    999.000    999.000
    CONSCIENTI         0.000      0.000    999.000    999.000
    ACTIVE_COP         0.000      0.000    999.000    999.000
    AVOIDANCE_         0.000      0.000    999.000    999.000
    SOC_EMO_CO         0.000      0.000    999.000    999.000
    IESR_TS            0.000      0.000    999.000    999.000
    MPSS_TOT           0.000      0.000    999.000    999.000

 EXTRAVER WITH
    OPENNESS           0.000      0.000    999.000    999.000
    AGREEABLEN         0.000      0.000    999.000    999.000
    CONSCIENTI         0.000      0.000    999.000    999.000
    ACTIVE_COP         0.000      0.000    999.000    999.000
    AVOIDANCE_         0.000      0.000    999.000    999.000
    SOC_EMO_CO         0.000      0.000    999.000    999.000
    IESR_TS            0.000      0.000    999.000    999.000
    MPSS_TOT           0.000      0.000    999.000    999.000

 OPENNESS WITH
    AGREEABLEN         0.000      0.000    999.000    999.000
    CONSCIENTI         0.000      0.000    999.000    999.000
    ACTIVE_COP         0.000      0.000    999.000    999.000
    AVOIDANCE_         0.000      0.000    999.000    999.000
    SOC_EMO_CO         0.000      0.000    999.000    999.000
    IESR_TS            0.000      0.000    999.000    999.000
    MPSS_TOT           0.000      0.000    999.000    999.000

 AGREEABL WITH
    CONSCIENTI         0.000      0.000    999.000    999.000
    ACTIVE_COP         0.000      0.000    999.000    999.000
    AVOIDANCE_         0.000      0.000    999.000    999.000
    SOC_EMO_CO         0.000      0.000    999.000    999.000
    IESR_TS            0.000      0.000    999.000    999.000
    MPSS_TOT           0.000      0.000    999.000    999.000

 CONSCIEN WITH
    ACTIVE_COP         0.000      0.000    999.000    999.000
    AVOIDANCE_         0.000      0.000    999.000    999.000
    SOC_EMO_CO         0.000      0.000    999.000    999.000
    IESR_TS            0.000      0.000    999.000    999.000
    MPSS_TOT           0.000      0.000    999.000    999.000

 ACTIVE_C WITH
    AVOIDANCE_         0.000      0.000    999.000    999.000
    SOC_EMO_CO         0.000      0.000    999.000    999.000
    IESR_TS            0.000      0.000    999.000    999.000
    MPSS_TOT           0.000      0.000    999.000    999.000

 AVOIDANC WITH
    SOC_EMO_CO         0.000      0.000    999.000    999.000
    IESR_TS            0.000      0.000    999.000    999.000
    MPSS_TOT           0.000      0.000    999.000    999.000

 SOC_EMO_ WITH
    IESR_TS            0.000      0.000    999.000    999.000
    MPSS_TOT           0.000      0.000    999.000    999.000

 IESR_TS  WITH
    MPSS_TOT           0.000      0.000    999.000    999.000

 Means
    NEUROTICIS        -0.120      0.073     -1.632      0.103
    EXTRAVERSI         0.146      0.171      0.856      0.392
    OPENNESS          -0.022      0.110     -0.202      0.840
    AGREEABLEN         0.000      0.105      0.004      0.997
    CONSCIENTI        -0.083      0.169     -0.489      0.625
    ACTIVE_COP         0.034      0.171      0.198      0.843
    AVOIDANCE_        -0.138      0.109     -1.272      0.203
    SOC_EMO_CO         0.131      0.204      0.639      0.523
    IESR_TS           -0.121      0.129     -0.939      0.347
    MPSS_TOT           0.282      0.116      2.438      0.015

 Variances
    NEUROTICIS         0.322      0.042      7.612      0.000
    EXTRAVERSI         0.513      0.052      9.812      0.000
    OPENNESS           0.881      0.045     19.560      0.000
    AGREEABLEN         0.806      0.053     15.137      0.000
    CONSCIENTI         0.635      0.090      7.037      0.000
    ACTIVE_COP         0.686      0.041     16.808      0.000
    AVOIDANCE_         0.606      0.060     10.099      0.000
    SOC_EMO_CO         0.415      0.034     12.047      0.000
    IESR_TS            0.744      0.057     13.002      0.000
    MPSS_TOT           0.705      0.063     11.225      0.000

Latent Class 6

 NEUROTIC WITH
    EXTRAVERSI         0.000      0.000    999.000    999.000
    OPENNESS           0.000      0.000    999.000    999.000
    AGREEABLEN         0.000      0.000    999.000    999.000
    CONSCIENTI         0.000      0.000    999.000    999.000
    ACTIVE_COP         0.000      0.000    999.000    999.000
    AVOIDANCE_         0.000      0.000    999.000    999.000
    SOC_EMO_CO         0.000      0.000    999.000    999.000
    IESR_TS            0.000      0.000    999.000    999.000
    MPSS_TOT           0.000      0.000    999.000    999.000

 EXTRAVER WITH
    OPENNESS           0.000      0.000    999.000    999.000
    AGREEABLEN         0.000      0.000    999.000    999.000
    CONSCIENTI         0.000      0.000    999.000    999.000
    ACTIVE_COP         0.000      0.000    999.000    999.000
    AVOIDANCE_         0.000      0.000    999.000    999.000
    SOC_EMO_CO         0.000      0.000    999.000    999.000
    IESR_TS            0.000      0.000    999.000    999.000
    MPSS_TOT           0.000      0.000    999.000    999.000

 OPENNESS WITH
    AGREEABLEN         0.000      0.000    999.000    999.000
    CONSCIENTI         0.000      0.000    999.000    999.000
    ACTIVE_COP         0.000      0.000    999.000    999.000
    AVOIDANCE_         0.000      0.000    999.000    999.000
    SOC_EMO_CO         0.000      0.000    999.000    999.000
    IESR_TS            0.000      0.000    999.000    999.000
    MPSS_TOT           0.000      0.000    999.000    999.000

 AGREEABL WITH
    CONSCIENTI         0.000      0.000    999.000    999.000
    ACTIVE_COP         0.000      0.000    999.000    999.000
    AVOIDANCE_         0.000      0.000    999.000    999.000
    SOC_EMO_CO         0.000      0.000    999.000    999.000
    IESR_TS            0.000      0.000    999.000    999.000
    MPSS_TOT           0.000      0.000    999.000    999.000

 CONSCIEN WITH
    ACTIVE_COP         0.000      0.000    999.000    999.000
    AVOIDANCE_         0.000      0.000    999.000    999.000
    SOC_EMO_CO         0.000      0.000    999.000    999.000
    IESR_TS            0.000      0.000    999.000    999.000
    MPSS_TOT           0.000      0.000    999.000    999.000

 ACTIVE_C WITH
    AVOIDANCE_         0.000      0.000    999.000    999.000
    SOC_EMO_CO         0.000      0.000    999.000    999.000
    IESR_TS            0.000      0.000    999.000    999.000
    MPSS_TOT           0.000      0.000    999.000    999.000

 AVOIDANC WITH
    SOC_EMO_CO         0.000      0.000    999.000    999.000
    IESR_TS            0.000      0.000    999.000    999.000
    MPSS_TOT           0.000      0.000    999.000    999.000

 SOC_EMO_ WITH
    IESR_TS            0.000      0.000    999.000    999.000
    MPSS_TOT           0.000      0.000    999.000    999.000

 IESR_TS  WITH
    MPSS_TOT           0.000      0.000    999.000    999.000

 Means
    NEUROTICIS         0.030      0.142      0.214      0.830
    EXTRAVERSI         0.338      0.196      1.726      0.084
    OPENNESS          -0.643      0.233     -2.756      0.006
    AGREEABLEN        -0.651      0.210     -3.096      0.002
    CONSCIENTI         0.354      0.210      1.684      0.092
    ACTIVE_COP         0.695      0.207      3.359      0.001
    AVOIDANCE_         1.985      0.446      4.454      0.000
    SOC_EMO_CO         0.471      0.200      2.359      0.018
    IESR_TS            0.289      0.275      1.052      0.293
    MPSS_TOT           0.125      0.201      0.621      0.535

 Variances
    NEUROTICIS         0.322      0.042      7.612      0.000
    EXTRAVERSI         0.513      0.052      9.812      0.000
    OPENNESS           0.881      0.045     19.560      0.000
    AGREEABLEN         0.806      0.053     15.137      0.000
    CONSCIENTI         0.635      0.090      7.037      0.000
    ACTIVE_COP         0.686      0.041     16.808      0.000
    AVOIDANCE_         0.606      0.060     10.099      0.000
    SOC_EMO_CO         0.415      0.034     12.047      0.000
    IESR_TS            0.744      0.057     13.002      0.000
    MPSS_TOT           0.705      0.063     11.225      0.000

Latent Class 7

 NEUROTIC WITH
    EXTRAVERSI         0.000      0.000    999.000    999.000
    OPENNESS           0.000      0.000    999.000    999.000
    AGREEABLEN         0.000      0.000    999.000    999.000
    CONSCIENTI         0.000      0.000    999.000    999.000
    ACTIVE_COP         0.000      0.000    999.000    999.000
    AVOIDANCE_         0.000      0.000    999.000    999.000
    SOC_EMO_CO         0.000      0.000    999.000    999.000
    IESR_TS            0.000      0.000    999.000    999.000
    MPSS_TOT           0.000      0.000    999.000    999.000

 EXTRAVER WITH
    OPENNESS           0.000      0.000    999.000    999.000
    AGREEABLEN         0.000      0.000    999.000    999.000
    CONSCIENTI         0.000      0.000    999.000    999.000
    ACTIVE_COP         0.000      0.000    999.000    999.000
    AVOIDANCE_         0.000      0.000    999.000    999.000
    SOC_EMO_CO         0.000      0.000    999.000    999.000
    IESR_TS            0.000      0.000    999.000    999.000
    MPSS_TOT           0.000      0.000    999.000    999.000

 OPENNESS WITH
    AGREEABLEN         0.000      0.000    999.000    999.000
    CONSCIENTI         0.000      0.000    999.000    999.000
    ACTIVE_COP         0.000      0.000    999.000    999.000
    AVOIDANCE_         0.000      0.000    999.000    999.000
    SOC_EMO_CO         0.000      0.000    999.000    999.000
    IESR_TS            0.000      0.000    999.000    999.000
    MPSS_TOT           0.000      0.000    999.000    999.000

 AGREEABL WITH
    CONSCIENTI         0.000      0.000    999.000    999.000
    ACTIVE_COP         0.000      0.000    999.000    999.000
    AVOIDANCE_         0.000      0.000    999.000    999.000
    SOC_EMO_CO         0.000      0.000    999.000    999.000
    IESR_TS            0.000      0.000    999.000    999.000
    MPSS_TOT           0.000      0.000    999.000    999.000

 CONSCIEN WITH
    ACTIVE_COP         0.000      0.000    999.000    999.000
    AVOIDANCE_         0.000      0.000    999.000    999.000
    SOC_EMO_CO         0.000      0.000    999.000    999.000
    IESR_TS            0.000      0.000    999.000    999.000
    MPSS_TOT           0.000      0.000    999.000    999.000

 ACTIVE_C WITH
    AVOIDANCE_         0.000      0.000    999.000    999.000
    SOC_EMO_CO         0.000      0.000    999.000    999.000
    IESR_TS            0.000      0.000    999.000    999.000
    MPSS_TOT           0.000      0.000    999.000    999.000

 AVOIDANC WITH
    SOC_EMO_CO         0.000      0.000    999.000    999.000
    IESR_TS            0.000      0.000    999.000    999.000
    MPSS_TOT           0.000      0.000    999.000    999.000

 SOC_EMO_ WITH
    IESR_TS            0.000      0.000    999.000    999.000
    MPSS_TOT           0.000      0.000    999.000    999.000

 IESR_TS  WITH
    MPSS_TOT           0.000      0.000    999.000    999.000

 Means
    NEUROTICIS         2.162      0.134     16.111      0.000
    EXTRAVERSI        -0.469      0.270     -1.735      0.083
    OPENNESS           0.583      0.302      1.930      0.054
    AGREEABLEN        -0.629      0.362     -1.738      0.082
    CONSCIENTI        -0.201      0.256     -0.786      0.432
    ACTIVE_COP         0.246      0.273      0.901      0.368
    AVOIDANCE_         1.236      0.317      3.898      0.000
    SOC_EMO_CO         1.586      0.155     10.226      0.000
    IESR_TS            2.327      0.217     10.742      0.000
    MPSS_TOT           0.090      0.172      0.521      0.602

 Variances
    NEUROTICIS         0.322      0.042      7.612      0.000
    EXTRAVERSI         0.513      0.052      9.812      0.000
    OPENNESS           0.881      0.045     19.560      0.000
    AGREEABLEN         0.806      0.053     15.137      0.000
    CONSCIENTI         0.635      0.090      7.037      0.000
    ACTIVE_COP         0.686      0.041     16.808      0.000
    AVOIDANCE_         0.606      0.060     10.099      0.000
    SOC_EMO_CO         0.415      0.034     12.047      0.000
    IESR_TS            0.744      0.057     13.002      0.000
    MPSS_TOT           0.705      0.063     11.225      0.000

Latent Class 8

 NEUROTIC WITH
    EXTRAVERSI         0.000      0.000    999.000    999.000
    OPENNESS           0.000      0.000    999.000    999.000
    AGREEABLEN         0.000      0.000    999.000    999.000
    CONSCIENTI         0.000      0.000    999.000    999.000
    ACTIVE_COP         0.000      0.000    999.000    999.000
    AVOIDANCE_         0.000      0.000    999.000    999.000
    SOC_EMO_CO         0.000      0.000    999.000    999.000
    IESR_TS            0.000      0.000    999.000    999.000
    MPSS_TOT           0.000      0.000    999.000    999.000

 EXTRAVER WITH
    OPENNESS           0.000      0.000    999.000    999.000
    AGREEABLEN         0.000      0.000    999.000    999.000
    CONSCIENTI         0.000      0.000    999.000    999.000
    ACTIVE_COP         0.000      0.000    999.000    999.000
    AVOIDANCE_         0.000      0.000    999.000    999.000
    SOC_EMO_CO         0.000      0.000    999.000    999.000
    IESR_TS            0.000      0.000    999.000    999.000
    MPSS_TOT           0.000      0.000    999.000    999.000

 OPENNESS WITH
    AGREEABLEN         0.000      0.000    999.000    999.000
    CONSCIENTI         0.000      0.000    999.000    999.000
    ACTIVE_COP         0.000      0.000    999.000    999.000
    AVOIDANCE_         0.000      0.000    999.000    999.000
    SOC_EMO_CO         0.000      0.000    999.000    999.000
    IESR_TS            0.000      0.000    999.000    999.000
    MPSS_TOT           0.000      0.000    999.000    999.000

 AGREEABL WITH
    CONSCIENTI         0.000      0.000    999.000    999.000
    ACTIVE_COP         0.000      0.000    999.000    999.000
    AVOIDANCE_         0.000      0.000    999.000    999.000
    SOC_EMO_CO         0.000      0.000    999.000    999.000
    IESR_TS            0.000      0.000    999.000    999.000
    MPSS_TOT           0.000      0.000    999.000    999.000

 CONSCIEN WITH
    ACTIVE_COP         0.000      0.000    999.000    999.000
    AVOIDANCE_         0.000      0.000    999.000    999.000
    SOC_EMO_CO         0.000      0.000    999.000    999.000
    IESR_TS            0.000      0.000    999.000    999.000
    MPSS_TOT           0.000      0.000    999.000    999.000

 ACTIVE_C WITH
    AVOIDANCE_         0.000      0.000    999.000    999.000
    SOC_EMO_CO         0.000      0.000    999.000    999.000
    IESR_TS            0.000      0.000    999.000    999.000
    MPSS_TOT           0.000      0.000    999.000    999.000

 AVOIDANC WITH
    SOC_EMO_CO         0.000      0.000    999.000    999.000
    IESR_TS            0.000      0.000    999.000    999.000
    MPSS_TOT           0.000      0.000    999.000    999.000

 SOC_EMO_ WITH
    IESR_TS            0.000      0.000    999.000    999.000
    MPSS_TOT           0.000      0.000    999.000    999.000

 IESR_TS  WITH
    MPSS_TOT           0.000      0.000    999.000    999.000

 Means
    NEUROTICIS         0.910      0.157      5.794      0.000
    EXTRAVERSI        -0.056      0.228     -0.244      0.807
    OPENNESS           0.245      0.160      1.538      0.124
    AGREEABLEN         0.301      0.179      1.678      0.093
    CONSCIENTI         0.014      0.143      0.098      0.922
    ACTIVE_COP         0.529      0.184      2.879      0.004
    AVOIDANCE_        -0.210      0.106     -1.990      0.047
    SOC_EMO_CO         1.431      0.158      9.075      0.000
    IESR_TS            0.737      0.208      3.548      0.000
    MPSS_TOT           0.312      0.114      2.736      0.006

 Variances
    NEUROTICIS         0.322      0.042      7.612      0.000
    EXTRAVERSI         0.513      0.052      9.812      0.000
    OPENNESS           0.881      0.045     19.560      0.000
    AGREEABLEN         0.806      0.053     15.137      0.000
    CONSCIENTI         0.635      0.090      7.037      0.000
    ACTIVE_COP         0.686      0.041     16.808      0.000
    AVOIDANCE_         0.606      0.060     10.099      0.000
    SOC_EMO_CO         0.415      0.034     12.047      0.000
    IESR_TS            0.744      0.057     13.002      0.000
    MPSS_TOT           0.705      0.063     11.225      0.000

Latent Class 9

 NEUROTIC WITH
    EXTRAVERSI         0.000      0.000    999.000    999.000
    OPENNESS           0.000      0.000    999.000    999.000
    AGREEABLEN         0.000      0.000    999.000    999.000
    CONSCIENTI         0.000      0.000    999.000    999.000
    ACTIVE_COP         0.000      0.000    999.000    999.000
    AVOIDANCE_         0.000      0.000    999.000    999.000
    SOC_EMO_CO         0.000      0.000    999.000    999.000
    IESR_TS            0.000      0.000    999.000    999.000
    MPSS_TOT           0.000      0.000    999.000    999.000

 EXTRAVER WITH
    OPENNESS           0.000      0.000    999.000    999.000
    AGREEABLEN         0.000      0.000    999.000    999.000
    CONSCIENTI         0.000      0.000    999.000    999.000
    ACTIVE_COP         0.000      0.000    999.000    999.000
    AVOIDANCE_         0.000      0.000    999.000    999.000
    SOC_EMO_CO         0.000      0.000    999.000    999.000
    IESR_TS            0.000      0.000    999.000    999.000
    MPSS_TOT           0.000      0.000    999.000    999.000

 OPENNESS WITH
    AGREEABLEN         0.000      0.000    999.000    999.000
    CONSCIENTI         0.000      0.000    999.000    999.000
    ACTIVE_COP         0.000      0.000    999.000    999.000
    AVOIDANCE_         0.000      0.000    999.000    999.000
    SOC_EMO_CO         0.000      0.000    999.000    999.000
    IESR_TS            0.000      0.000    999.000    999.000
    MPSS_TOT           0.000      0.000    999.000    999.000

 AGREEABL WITH
    CONSCIENTI         0.000      0.000    999.000    999.000
    ACTIVE_COP         0.000      0.000    999.000    999.000
    AVOIDANCE_         0.000      0.000    999.000    999.000
    SOC_EMO_CO         0.000      0.000    999.000    999.000
    IESR_TS            0.000      0.000    999.000    999.000
    MPSS_TOT           0.000      0.000    999.000    999.000

 CONSCIEN WITH
    ACTIVE_COP         0.000      0.000    999.000    999.000
    AVOIDANCE_         0.000      0.000    999.000    999.000
    SOC_EMO_CO         0.000      0.000    999.000    999.000
    IESR_TS            0.000      0.000    999.000    999.000
    MPSS_TOT           0.000      0.000    999.000    999.000

 ACTIVE_C WITH
    AVOIDANCE_         0.000      0.000    999.000    999.000
    SOC_EMO_CO         0.000      0.000    999.000    999.000
    IESR_TS            0.000      0.000    999.000    999.000
    MPSS_TOT           0.000      0.000    999.000    999.000

 AVOIDANC WITH
    SOC_EMO_CO         0.000      0.000    999.000    999.000
    IESR_TS            0.000      0.000    999.000    999.000
    MPSS_TOT           0.000      0.000    999.000    999.000

 SOC_EMO_ WITH
    IESR_TS            0.000      0.000    999.000    999.000
    MPSS_TOT           0.000      0.000    999.000    999.000

 IESR_TS  WITH
    MPSS_TOT           0.000      0.000    999.000    999.000

 Means
    NEUROTICIS        -0.924      0.151     -6.105      0.000
    EXTRAVERSI         1.033      0.112      9.238      0.000
    OPENNESS           0.629      0.128      4.914      0.000
    AGREEABLEN         0.700      0.114      6.148      0.000
    CONSCIENTI         0.862      0.099      8.697      0.000
    ACTIVE_COP         0.819      0.112      7.340      0.000
    AVOIDANCE_        -0.205      0.092     -2.224      0.026
    SOC_EMO_CO         0.351      0.155      2.259      0.024
    IESR_TS           -0.148      0.126     -1.178      0.239
    MPSS_TOT           0.563      0.111      5.094      0.000

 Variances
    NEUROTICIS         0.322      0.042      7.612      0.000
    EXTRAVERSI         0.513      0.052      9.812      0.000
    OPENNESS           0.881      0.045     19.560      0.000
    AGREEABLEN         0.806      0.053     15.137      0.000
    CONSCIENTI         0.635      0.090      7.037      0.000
    ACTIVE_COP         0.686      0.041     16.808      0.000
    AVOIDANCE_         0.606      0.060     10.099      0.000
    SOC_EMO_CO         0.415      0.034     12.047      0.000
    IESR_TS            0.744      0.057     13.002      0.000
    MPSS_TOT           0.705      0.063     11.225      0.000

Categorical Latent Variables

 Means
    C1#1              -1.572      0.787     -1.997      0.046
    C1#2              -0.187      0.434     -0.432      0.666
    C1#3               0.099      0.514      0.192      0.847
    C1#4              -0.483      0.364     -1.327      0.185
    C1#5               0.771      0.275      2.799      0.005
    C1#6              -1.069      0.484     -2.207      0.027
    C1#7              -1.771      0.374     -4.740      0.000
    C1#8              -0.493      0.274     -1.800      0.072


QUALITY OF NUMERICAL RESULTS

     Condition Number for the Information Matrix              0.587E-04
       (ratio of smallest to largest eigenvalue)


TECHNICAL 14 OUTPUT

     Random Starts Specifications for the k-1 Class Analysis Model
        Number of initial stage random starts                  20
        Number of final stage optimizations                     4

     Random Starts Specification for the k-1 Class Model for Generated Data
        Number of initial stage random starts                   0
        Number of final stage optimizations for the
           initial stage random starts                          0
     Random Starts Specification for the k Class Model for Generated Data
        Number of initial stage random starts                  40
        Number of final stage optimizations                     8
     Number of bootstrap draws requested                   Varies


     PARAMETRIC BOOTSTRAPPED LIKELIHOOD RATIO TEST FOR 8 (H0) VERSUS 9 CLASSES

          H0 Loglikelihood Value                        -9845.445
          2 Times the Loglikelihood Difference             76.118
          Difference in the Number of Parameters               11
          Approximate P-Value                              0.0000
          Successful Bootstrap Draws                            5

     WARNING:  OF THE 5 BOOTSTRAP DRAWS, 4 DRAWS HAD BOTH A SMALLER LRT VALUE THAN THE
     OBSERVED LRT VALUE AND NOT A REPLICATED BEST LOGLIKELIHOOD VALUE FOR THE 9-CLASS MODEL.
     THIS MEANS THAT THE P-VALUE MAY NOT BE TRUSTWORTHY DUE TO LOCAL MAXIMA.
     INCREASE THE NUMBER OF RANDOM STARTS USING THE LRTSTARTS OPTION.



SAVEDATA INFORMATION


  Save file
    model_1_class_9.dat

  Order and format of variables

    NEUROTIC       F10.3
    EXTRAVER       F10.3
    OPENNESS       F10.3
    AGREEABL       F10.3
    CONSCIEN       F10.3
    ACTIVE_C       F10.3
    AVOIDANC       F10.3
    SOC_EMO_       F10.3
    IESR_TS        F10.3
    MPSS_TOT       F10.3
    CPROB1         F10.3
    CPROB2         F10.3
    CPROB3         F10.3
    CPROB4         F10.3
    CPROB5         F10.3
    CPROB6         F10.3
    CPROB7         F10.3
    CPROB8         F10.3
    CPROB9         F10.3
    C1             F10.3

  Save file format
    20F10.3

  Save file record length    10000

  Save missing symbol        *


     Beginning Time:  13:27:44
        Ending Time:  13:27:58
       Elapsed Time:  00:00:14



MUTHEN & MUTHEN
3463 Stoner Ave.
Los Angeles, CA  90066

Tel: (310) 391-9971
Fax: (310) 391-8971
Web: www.StatModel.com
Support: Support@StatModel.com

Copyright (c) 1998-2021 Muthen & Muthen
