Mplus VERSION 8.6 (Mac)
MUTHEN & MUTHEN
04/08/2023   1:44 PM

INPUT INSTRUCTIONS

  TITLE:
  model 6 with 6 classes
  DATA:
  FILE = "data_81c78c0cb6869e75ae6a0f08ff71917f.dat";

  VARIABLE:
  NAMES = neuroticism extraversion openness agreeableness conscientiousness
       active_coping avoidance_coping soc_emo_coping iesr_ts mpss_tot;
   MISSING=.;
   CLASSES = c1(6);

  ANALYSIS:
  TYPE = mixture;

  MODEL:
  %c1#1%
  neuroticism (vneuroticism1);
  extraversion (vextraversion1);
  openness (vopenness1);
  agreeableness (vagreeableness1);
  conscientiousness (vconscientiousness1);
  active_coping (vactive_coping1);
  avoidance_coping (vavoidance_coping1);
  soc_emo_coping (vsoc_emo_coping1);
  iesr_ts (viesr_ts1);
  mpss_tot (vmpss_tot1);

  neuroticism WITH extraversion (neuroticismWextraversion1);
  neuroticism WITH openness (neuroticismWopenness1);
  neuroticism WITH agreeableness (neuroticismWagreeableness1);
  neuroticism WITH conscientiousness (neuroticismWconscientiousness1);
  neuroticism WITH active_coping (neuroticismWactive_coping1);
  neuroticism WITH avoidance_coping (neuroticismWavoidance_coping1);
  neuroticism WITH soc_emo_coping (neuroticismWsoc_emo_coping1);
  neuroticism WITH iesr_ts (neuroticismWiesr_ts1);
  neuroticism WITH mpss_tot (neuroticismWmpss_tot1);
  extraversion WITH openness (extraversionWopenness1);
  extraversion WITH agreeableness (extraversionWagreeableness1);
  extraversion WITH conscientiousness (extraversionWconscientiousness1);
  extraversion WITH active_coping (extraversionWactive_coping1);
  extraversion WITH avoidance_coping (extraversionWavoidance_coping1);
  extraversion WITH soc_emo_coping (extraversionWsoc_emo_coping1);
  extraversion WITH iesr_ts (extraversionWiesr_ts1);
  extraversion WITH mpss_tot (extraversionWmpss_tot1);
  openness WITH agreeableness (opennessWagreeableness1);
  openness WITH conscientiousness (opennessWconscientiousness1);
  openness WITH active_coping (opennessWactive_coping1);
  openness WITH avoidance_coping (opennessWavoidance_coping1);
  openness WITH soc_emo_coping (opennessWsoc_emo_coping1);
  openness WITH iesr_ts (opennessWiesr_ts1);
  openness WITH mpss_tot (opennessWmpss_tot1);
  agreeableness WITH conscientiousness (agreeablenessWconscientiousness1);
  agreeableness WITH active_coping (agreeablenessWactive_coping1);
  agreeableness WITH avoidance_coping (agreeablenessWavoidance_coping1);
  agreeableness WITH soc_emo_coping (agreeablenessWsoc_emo_coping1);
  agreeableness WITH iesr_ts (agreeablenessWiesr_ts1);
  agreeableness WITH mpss_tot (agreeablenessWmpss_tot1);
  conscientiousness WITH active_coping (conscientiousnessWactive_coping1);
  conscientiousness WITH avoidance_coping (conscientiousnessWavoidance_coping1);
  conscientiousness WITH soc_emo_coping (conscientiousnessWsoc_emo_coping1);
  conscientiousness WITH iesr_ts (conscientiousnessWiesr_ts1);
  conscientiousness WITH mpss_tot (conscientiousnessWmpss_tot1);
  active_coping WITH avoidance_coping (active_copingWavoidance_coping1);
  active_coping WITH soc_emo_coping (active_copingWsoc_emo_coping1);
  active_coping WITH iesr_ts (active_copingWiesr_ts1);
  active_coping WITH mpss_tot (active_copingWmpss_tot1);
  avoidance_coping WITH soc_emo_coping (avoidance_copingWsoc_emo_coping1);
  avoidance_coping WITH iesr_ts (avoidance_copingWiesr_ts1);
  avoidance_coping WITH mpss_tot (avoidance_copingWmpss_tot1);
  soc_emo_coping WITH iesr_ts (soc_emo_copingWiesr_ts1);
  soc_emo_coping WITH mpss_tot (soc_emo_copingWmpss_tot1);
  iesr_ts WITH mpss_tot (iesr_tsWmpss_tot1);

  %c1#2%
  neuroticism (vneuroticism2);
  extraversion (vextraversion2);
  openness (vopenness2);
  agreeableness (vagreeableness2);
  conscientiousness (vconscientiousness2);
  active_coping (vactive_coping2);
  avoidance_coping (vavoidance_coping2);
  soc_emo_coping (vsoc_emo_coping2);
  iesr_ts (viesr_ts2);
  mpss_tot (vmpss_tot2);

  neuroticism WITH extraversion (neuroticismWextraversion2);
  neuroticism WITH openness (neuroticismWopenness2);
  neuroticism WITH agreeableness (neuroticismWagreeableness2);
  neuroticism WITH conscientiousness (neuroticismWconscientiousness2);
  neuroticism WITH active_coping (neuroticismWactive_coping2);
  neuroticism WITH avoidance_coping (neuroticismWavoidance_coping2);
  neuroticism WITH soc_emo_coping (neuroticismWsoc_emo_coping2);
  neuroticism WITH iesr_ts (neuroticismWiesr_ts2);
  neuroticism WITH mpss_tot (neuroticismWmpss_tot2);
  extraversion WITH openness (extraversionWopenness2);
  extraversion WITH agreeableness (extraversionWagreeableness2);
  extraversion WITH conscientiousness (extraversionWconscientiousness2);
  extraversion WITH active_coping (extraversionWactive_coping2);
  extraversion WITH avoidance_coping (extraversionWavoidance_coping2);
  extraversion WITH soc_emo_coping (extraversionWsoc_emo_coping2);
  extraversion WITH iesr_ts (extraversionWiesr_ts2);
  extraversion WITH mpss_tot (extraversionWmpss_tot2);
  openness WITH agreeableness (opennessWagreeableness2);
  openness WITH conscientiousness (opennessWconscientiousness2);
  openness WITH active_coping (opennessWactive_coping2);
  openness WITH avoidance_coping (opennessWavoidance_coping2);
  openness WITH soc_emo_coping (opennessWsoc_emo_coping2);
  openness WITH iesr_ts (opennessWiesr_ts2);
  openness WITH mpss_tot (opennessWmpss_tot2);
  agreeableness WITH conscientiousness (agreeablenessWconscientiousness2);
  agreeableness WITH active_coping (agreeablenessWactive_coping2);
  agreeableness WITH avoidance_coping (agreeablenessWavoidance_coping2);
  agreeableness WITH soc_emo_coping (agreeablenessWsoc_emo_coping2);
  agreeableness WITH iesr_ts (agreeablenessWiesr_ts2);
  agreeableness WITH mpss_tot (agreeablenessWmpss_tot2);
  conscientiousness WITH active_coping (conscientiousnessWactive_coping2);
  conscientiousness WITH avoidance_coping (conscientiousnessWavoidance_coping2);
  conscientiousness WITH soc_emo_coping (conscientiousnessWsoc_emo_coping2);
  conscientiousness WITH iesr_ts (conscientiousnessWiesr_ts2);
  conscientiousness WITH mpss_tot (conscientiousnessWmpss_tot2);
  active_coping WITH avoidance_coping (active_copingWavoidance_coping2);
  active_coping WITH soc_emo_coping (active_copingWsoc_emo_coping2);
  active_coping WITH iesr_ts (active_copingWiesr_ts2);
  active_coping WITH mpss_tot (active_copingWmpss_tot2);
  avoidance_coping WITH soc_emo_coping (avoidance_copingWsoc_emo_coping2);
  avoidance_coping WITH iesr_ts (avoidance_copingWiesr_ts2);
  avoidance_coping WITH mpss_tot (avoidance_copingWmpss_tot2);
  soc_emo_coping WITH iesr_ts (soc_emo_copingWiesr_ts2);
  soc_emo_coping WITH mpss_tot (soc_emo_copingWmpss_tot2);
  iesr_ts WITH mpss_tot (iesr_tsWmpss_tot2);

  %c1#3%
  neuroticism (vneuroticism3);
  extraversion (vextraversion3);
  openness (vopenness3);
  agreeableness (vagreeableness3);
  conscientiousness (vconscientiousness3);
  active_coping (vactive_coping3);
  avoidance_coping (vavoidance_coping3);
  soc_emo_coping (vsoc_emo_coping3);
  iesr_ts (viesr_ts3);
  mpss_tot (vmpss_tot3);

  neuroticism WITH extraversion (neuroticismWextraversion3);
  neuroticism WITH openness (neuroticismWopenness3);
  neuroticism WITH agreeableness (neuroticismWagreeableness3);
  neuroticism WITH conscientiousness (neuroticismWconscientiousness3);
  neuroticism WITH active_coping (neuroticismWactive_coping3);
  neuroticism WITH avoidance_coping (neuroticismWavoidance_coping3);
  neuroticism WITH soc_emo_coping (neuroticismWsoc_emo_coping3);
  neuroticism WITH iesr_ts (neuroticismWiesr_ts3);
  neuroticism WITH mpss_tot (neuroticismWmpss_tot3);
  extraversion WITH openness (extraversionWopenness3);
  extraversion WITH agreeableness (extraversionWagreeableness3);
  extraversion WITH conscientiousness (extraversionWconscientiousness3);
  extraversion WITH active_coping (extraversionWactive_coping3);
  extraversion WITH avoidance_coping (extraversionWavoidance_coping3);
  extraversion WITH soc_emo_coping (extraversionWsoc_emo_coping3);
  extraversion WITH iesr_ts (extraversionWiesr_ts3);
  extraversion WITH mpss_tot (extraversionWmpss_tot3);
  openness WITH agreeableness (opennessWagreeableness3);
  openness WITH conscientiousness (opennessWconscientiousness3);
  openness WITH active_coping (opennessWactive_coping3);
  openness WITH avoidance_coping (opennessWavoidance_coping3);
  openness WITH soc_emo_coping (opennessWsoc_emo_coping3);
  openness WITH iesr_ts (opennessWiesr_ts3);
  openness WITH mpss_tot (opennessWmpss_tot3);
  agreeableness WITH conscientiousness (agreeablenessWconscientiousness3);
  agreeableness WITH active_coping (agreeablenessWactive_coping3);
  agreeableness WITH avoidance_coping (agreeablenessWavoidance_coping3);
  agreeableness WITH soc_emo_coping (agreeablenessWsoc_emo_coping3);
  agreeableness WITH iesr_ts (agreeablenessWiesr_ts3);
  agreeableness WITH mpss_tot (agreeablenessWmpss_tot3);
  conscientiousness WITH active_coping (conscientiousnessWactive_coping3);
  conscientiousness WITH avoidance_coping (conscientiousnessWavoidance_coping3);
  conscientiousness WITH soc_emo_coping (conscientiousnessWsoc_emo_coping3);
  conscientiousness WITH iesr_ts (conscientiousnessWiesr_ts3);
  conscientiousness WITH mpss_tot (conscientiousnessWmpss_tot3);
  active_coping WITH avoidance_coping (active_copingWavoidance_coping3);
  active_coping WITH soc_emo_coping (active_copingWsoc_emo_coping3);
  active_coping WITH iesr_ts (active_copingWiesr_ts3);
  active_coping WITH mpss_tot (active_copingWmpss_tot3);
  avoidance_coping WITH soc_emo_coping (avoidance_copingWsoc_emo_coping3);
  avoidance_coping WITH iesr_ts (avoidance_copingWiesr_ts3);
  avoidance_coping WITH mpss_tot (avoidance_copingWmpss_tot3);
  soc_emo_coping WITH iesr_ts (soc_emo_copingWiesr_ts3);
  soc_emo_coping WITH mpss_tot (soc_emo_copingWmpss_tot3);
  iesr_ts WITH mpss_tot (iesr_tsWmpss_tot3);

  %c1#4%
  neuroticism (vneuroticism4);
  extraversion (vextraversion4);
  openness (vopenness4);
  agreeableness (vagreeableness4);
  conscientiousness (vconscientiousness4);
  active_coping (vactive_coping4);
  avoidance_coping (vavoidance_coping4);
  soc_emo_coping (vsoc_emo_coping4);
  iesr_ts (viesr_ts4);
  mpss_tot (vmpss_tot4);

  neuroticism WITH extraversion (neuroticismWextraversion4);
  neuroticism WITH openness (neuroticismWopenness4);
  neuroticism WITH agreeableness (neuroticismWagreeableness4);
  neuroticism WITH conscientiousness (neuroticismWconscientiousness4);
  neuroticism WITH active_coping (neuroticismWactive_coping4);
  neuroticism WITH avoidance_coping (neuroticismWavoidance_coping4);
  neuroticism WITH soc_emo_coping (neuroticismWsoc_emo_coping4);
  neuroticism WITH iesr_ts (neuroticismWiesr_ts4);
  neuroticism WITH mpss_tot (neuroticismWmpss_tot4);
  extraversion WITH openness (extraversionWopenness4);
  extraversion WITH agreeableness (extraversionWagreeableness4);
  extraversion WITH conscientiousness (extraversionWconscientiousness4);
  extraversion WITH active_coping (extraversionWactive_coping4);
  extraversion WITH avoidance_coping (extraversionWavoidance_coping4);
  extraversion WITH soc_emo_coping (extraversionWsoc_emo_coping4);
  extraversion WITH iesr_ts (extraversionWiesr_ts4);
  extraversion WITH mpss_tot (extraversionWmpss_tot4);
  openness WITH agreeableness (opennessWagreeableness4);
  openness WITH conscientiousness (opennessWconscientiousness4);
  openness WITH active_coping (opennessWactive_coping4);
  openness WITH avoidance_coping (opennessWavoidance_coping4);
  openness WITH soc_emo_coping (opennessWsoc_emo_coping4);
  openness WITH iesr_ts (opennessWiesr_ts4);
  openness WITH mpss_tot (opennessWmpss_tot4);
  agreeableness WITH conscientiousness (agreeablenessWconscientiousness4);
  agreeableness WITH active_coping (agreeablenessWactive_coping4);
  agreeableness WITH avoidance_coping (agreeablenessWavoidance_coping4);
  agreeableness WITH soc_emo_coping (agreeablenessWsoc_emo_coping4);
  agreeableness WITH iesr_ts (agreeablenessWiesr_ts4);
  agreeableness WITH mpss_tot (agreeablenessWmpss_tot4);
  conscientiousness WITH active_coping (conscientiousnessWactive_coping4);
  conscientiousness WITH avoidance_coping (conscientiousnessWavoidance_coping4);
  conscientiousness WITH soc_emo_coping (conscientiousnessWsoc_emo_coping4);
  conscientiousness WITH iesr_ts (conscientiousnessWiesr_ts4);
  conscientiousness WITH mpss_tot (conscientiousnessWmpss_tot4);
  active_coping WITH avoidance_coping (active_copingWavoidance_coping4);
  active_coping WITH soc_emo_coping (active_copingWsoc_emo_coping4);
  active_coping WITH iesr_ts (active_copingWiesr_ts4);
  active_coping WITH mpss_tot (active_copingWmpss_tot4);
  avoidance_coping WITH soc_emo_coping (avoidance_copingWsoc_emo_coping4);
  avoidance_coping WITH iesr_ts (avoidance_copingWiesr_ts4);
  avoidance_coping WITH mpss_tot (avoidance_copingWmpss_tot4);
  soc_emo_coping WITH iesr_ts (soc_emo_copingWiesr_ts4);
  soc_emo_coping WITH mpss_tot (soc_emo_copingWmpss_tot4);
  iesr_ts WITH mpss_tot (iesr_tsWmpss_tot4);

  %c1#5%
  neuroticism (vneuroticism5);
  extraversion (vextraversion5);
  openness (vopenness5);
  agreeableness (vagreeableness5);
  conscientiousness (vconscientiousness5);
  active_coping (vactive_coping5);
  avoidance_coping (vavoidance_coping5);
  soc_emo_coping (vsoc_emo_coping5);
  iesr_ts (viesr_ts5);
  mpss_tot (vmpss_tot5);

  neuroticism WITH extraversion (neuroticismWextraversion5);
  neuroticism WITH openness (neuroticismWopenness5);
  neuroticism WITH agreeableness (neuroticismWagreeableness5);
  neuroticism WITH conscientiousness (neuroticismWconscientiousness5);
  neuroticism WITH active_coping (neuroticismWactive_coping5);
  neuroticism WITH avoidance_coping (neuroticismWavoidance_coping5);
  neuroticism WITH soc_emo_coping (neuroticismWsoc_emo_coping5);
  neuroticism WITH iesr_ts (neuroticismWiesr_ts5);
  neuroticism WITH mpss_tot (neuroticismWmpss_tot5);
  extraversion WITH openness (extraversionWopenness5);
  extraversion WITH agreeableness (extraversionWagreeableness5);
  extraversion WITH conscientiousness (extraversionWconscientiousness5);
  extraversion WITH active_coping (extraversionWactive_coping5);
  extraversion WITH avoidance_coping (extraversionWavoidance_coping5);
  extraversion WITH soc_emo_coping (extraversionWsoc_emo_coping5);
  extraversion WITH iesr_ts (extraversionWiesr_ts5);
  extraversion WITH mpss_tot (extraversionWmpss_tot5);
  openness WITH agreeableness (opennessWagreeableness5);
  openness WITH conscientiousness (opennessWconscientiousness5);
  openness WITH active_coping (opennessWactive_coping5);
  openness WITH avoidance_coping (opennessWavoidance_coping5);
  openness WITH soc_emo_coping (opennessWsoc_emo_coping5);
  openness WITH iesr_ts (opennessWiesr_ts5);
  openness WITH mpss_tot (opennessWmpss_tot5);
  agreeableness WITH conscientiousness (agreeablenessWconscientiousness5);
  agreeableness WITH active_coping (agreeablenessWactive_coping5);
  agreeableness WITH avoidance_coping (agreeablenessWavoidance_coping5);
  agreeableness WITH soc_emo_coping (agreeablenessWsoc_emo_coping5);
  agreeableness WITH iesr_ts (agreeablenessWiesr_ts5);
  agreeableness WITH mpss_tot (agreeablenessWmpss_tot5);
  conscientiousness WITH active_coping (conscientiousnessWactive_coping5);
  conscientiousness WITH avoidance_coping (conscientiousnessWavoidance_coping5);
  conscientiousness WITH soc_emo_coping (conscientiousnessWsoc_emo_coping5);
  conscientiousness WITH iesr_ts (conscientiousnessWiesr_ts5);
  conscientiousness WITH mpss_tot (conscientiousnessWmpss_tot5);
  active_coping WITH avoidance_coping (active_copingWavoidance_coping5);
  active_coping WITH soc_emo_coping (active_copingWsoc_emo_coping5);
  active_coping WITH iesr_ts (active_copingWiesr_ts5);
  active_coping WITH mpss_tot (active_copingWmpss_tot5);
  avoidance_coping WITH soc_emo_coping (avoidance_copingWsoc_emo_coping5);
  avoidance_coping WITH iesr_ts (avoidance_copingWiesr_ts5);
  avoidance_coping WITH mpss_tot (avoidance_copingWmpss_tot5);
  soc_emo_coping WITH iesr_ts (soc_emo_copingWiesr_ts5);
  soc_emo_coping WITH mpss_tot (soc_emo_copingWmpss_tot5);
  iesr_ts WITH mpss_tot (iesr_tsWmpss_tot5);

  %c1#6%
  neuroticism (vneuroticism6);
  extraversion (vextraversion6);
  openness (vopenness6);
  agreeableness (vagreeableness6);
  conscientiousness (vconscientiousness6);
  active_coping (vactive_coping6);
  avoidance_coping (vavoidance_coping6);
  soc_emo_coping (vsoc_emo_coping6);
  iesr_ts (viesr_ts6);
  mpss_tot (vmpss_tot6);

  neuroticism WITH extraversion (neuroticismWextraversion6);
  neuroticism WITH openness (neuroticismWopenness6);
  neuroticism WITH agreeableness (neuroticismWagreeableness6);
  neuroticism WITH conscientiousness (neuroticismWconscientiousness6);
  neuroticism WITH active_coping (neuroticismWactive_coping6);
  neuroticism WITH avoidance_coping (neuroticismWavoidance_coping6);
  neuroticism WITH soc_emo_coping (neuroticismWsoc_emo_coping6);
  neuroticism WITH iesr_ts (neuroticismWiesr_ts6);
  neuroticism WITH mpss_tot (neuroticismWmpss_tot6);
  extraversion WITH openness (extraversionWopenness6);
  extraversion WITH agreeableness (extraversionWagreeableness6);
  extraversion WITH conscientiousness (extraversionWconscientiousness6);
  extraversion WITH active_coping (extraversionWactive_coping6);
  extraversion WITH avoidance_coping (extraversionWavoidance_coping6);
  extraversion WITH soc_emo_coping (extraversionWsoc_emo_coping6);
  extraversion WITH iesr_ts (extraversionWiesr_ts6);
  extraversion WITH mpss_tot (extraversionWmpss_tot6);
  openness WITH agreeableness (opennessWagreeableness6);
  openness WITH conscientiousness (opennessWconscientiousness6);
  openness WITH active_coping (opennessWactive_coping6);
  openness WITH avoidance_coping (opennessWavoidance_coping6);
  openness WITH soc_emo_coping (opennessWsoc_emo_coping6);
  openness WITH iesr_ts (opennessWiesr_ts6);
  openness WITH mpss_tot (opennessWmpss_tot6);
  agreeableness WITH conscientiousness (agreeablenessWconscientiousness6);
  agreeableness WITH active_coping (agreeablenessWactive_coping6);
  agreeableness WITH avoidance_coping (agreeablenessWavoidance_coping6);
  agreeableness WITH soc_emo_coping (agreeablenessWsoc_emo_coping6);
  agreeableness WITH iesr_ts (agreeablenessWiesr_ts6);
  agreeableness WITH mpss_tot (agreeablenessWmpss_tot6);
  conscientiousness WITH active_coping (conscientiousnessWactive_coping6);
  conscientiousness WITH avoidance_coping (conscientiousnessWavoidance_coping6);
  conscientiousness WITH soc_emo_coping (conscientiousnessWsoc_emo_coping6);
  conscientiousness WITH iesr_ts (conscientiousnessWiesr_ts6);
  conscientiousness WITH mpss_tot (conscientiousnessWmpss_tot6);
  active_coping WITH avoidance_coping (active_copingWavoidance_coping6);
  active_coping WITH soc_emo_coping (active_copingWsoc_emo_coping6);
  active_coping WITH iesr_ts (active_copingWiesr_ts6);
  active_coping WITH mpss_tot (active_copingWmpss_tot6);
  avoidance_coping WITH soc_emo_coping (avoidance_copingWsoc_emo_coping6);
  avoidance_coping WITH iesr_ts (avoidance_copingWiesr_ts6);
  avoidance_coping WITH mpss_tot (avoidance_copingWmpss_tot6);
  soc_emo_coping WITH iesr_ts (soc_emo_copingWiesr_ts6);
  soc_emo_coping WITH mpss_tot (soc_emo_copingWmpss_tot6);
  iesr_ts WITH mpss_tot (iesr_tsWmpss_tot6);


  OUTPUT:
  TECH14;

  SAVEDATA:
  FILE IS model_6_class_6.dat;
  SAVE = cprobabilities;



*** WARNING in VARIABLE command
  Note that only the first 8 characters of variable names are used in the output.
  Shorten variable names to avoid any confusion.
*** WARNING in MODEL command
  All variables are uncorrelated with all other variables within class.
  Check that this is what is intended.
   2 WARNING(S) FOUND IN THE INPUT INSTRUCTIONS




model 6 with 6 classes

SUMMARY OF ANALYSIS

Number of groups                                                 1
Number of observations                                         746

Number of dependent variables                                   10
Number of independent variables                                  0
Number of continuous latent variables                            0
Number of categorical latent variables                           1

Observed dependent variables

  Continuous
   NEUROTICIS  EXTRAVERSI  OPENNESS    AGREEABLEN  CONSCIENTI  ACTIVE_COP
   AVOIDANCE_  SOC_EMO_CO  IESR_TS     MPSS_TOT

Categorical latent variables
   C1


Estimator                                                      MLR
Information matrix                                        OBSERVED
Optimization Specifications for the Quasi-Newton Algorithm for
Continuous Outcomes
  Maximum number of iterations                                 100
  Convergence criterion                                  0.100D-05
Optimization Specifications for the EM Algorithm
  Maximum number of iterations                                 500
  Convergence criteria
    Loglikelihood change                                 0.100D-06
    Relative loglikelihood change                        0.100D-06
    Derivative                                           0.100D-05
Optimization Specifications for the M step of the EM Algorithm for
Categorical Latent variables
  Number of M step iterations                                    1
  M step convergence criterion                           0.100D-05
  Basis for M step termination                           ITERATION
Optimization Specifications for the M step of the EM Algorithm for
Censored, Binary or Ordered Categorical (Ordinal), Unordered
Categorical (Nominal) and Count Outcomes
  Number of M step iterations                                    1
  M step convergence criterion                           0.100D-05
  Basis for M step termination                           ITERATION
  Maximum value for logit thresholds                            15
  Minimum value for logit thresholds                           -15
  Minimum expected cell size for chi-square              0.100D-01
Maximum number of iterations for H1                           2000
Convergence criterion for H1                             0.100D-03
Optimization algorithm                                         EMA
Random Starts Specifications
  Number of initial stage random starts                         20
  Number of final stage optimizations                            4
  Number of initial stage iterations                            10
  Initial stage convergence criterion                    0.100D+01
  Random starts scale                                    0.500D+01
  Random seed for generating random starts                       0

Input data file(s)
  data_81c78c0cb6869e75ae6a0f08ff71917f.dat
Input data format  FREE


SUMMARY OF DATA

     Number of missing data patterns             1
     Number of y missing data patterns           1
     Number of u missing data patterns           0


COVARIANCE COVERAGE OF DATA

Minimum covariance coverage value   0.100


     PROPORTION OF DATA PRESENT FOR Y


           Covariance Coverage
              NEUROTIC      EXTRAVER      OPENNESS      AGREEABL      CONSCIEN
              ________      ________      ________      ________      ________
 NEUROTIC       1.000
 EXTRAVER       1.000         1.000
 OPENNESS       1.000         1.000         1.000
 AGREEABL       1.000         1.000         1.000         1.000
 CONSCIEN       1.000         1.000         1.000         1.000         1.000
 ACTIVE_C       1.000         1.000         1.000         1.000         1.000
 AVOIDANC       1.000         1.000         1.000         1.000         1.000
 SOC_EMO_       1.000         1.000         1.000         1.000         1.000
 IESR_TS        1.000         1.000         1.000         1.000         1.000
 MPSS_TOT       1.000         1.000         1.000         1.000         1.000


           Covariance Coverage
              ACTIVE_C      AVOIDANC      SOC_EMO_      IESR_TS       MPSS_TOT
              ________      ________      ________      ________      ________
 ACTIVE_C       1.000
 AVOIDANC       1.000         1.000
 SOC_EMO_       1.000         1.000         1.000
 IESR_TS        1.000         1.000         1.000         1.000
 MPSS_TOT       1.000         1.000         1.000         1.000         1.000



UNIVARIATE SAMPLE STATISTICS


     UNIVARIATE HIGHER-ORDER MOMENT DESCRIPTIVE STATISTICS

         Variable/         Mean/     Skewness/   Minimum/ % with                Percentiles
        Sample Size      Variance    Kurtosis    Maximum  Min/Max      20%/60%    40%/80%    Median

     NEUROTICISM           0.000       0.344      -2.153    0.13%      -0.914     -0.351     -0.013
             746.000       0.999      -0.133       3.141    0.13%       0.212      0.776
     EXTRAVERSION          0.000      -0.567      -3.510    0.40%      -0.889     -0.161      0.130
             746.000       0.999       0.367       2.169    0.13%       0.276      0.858
     OPENNESS              0.000      -0.053      -2.961    0.13%      -0.787     -0.321     -0.010
             746.000       0.999      -0.208       2.630    0.54%       0.301      0.767
     AGREEABLENESS         0.000      -0.495      -4.910    0.13%      -0.773     -0.255      0.089
             746.000       0.999       0.738       2.331    0.13%       0.262      0.779
     CONSCIENTIOUSNE       0.000      -0.517      -3.782    0.13%      -0.722     -0.263      0.043
             746.000       0.999       0.347       1.880    0.94%       0.196      0.962
     ACTIVE_COPING         0.000      -0.164      -3.070    0.13%      -0.793     -0.276     -0.017
             746.000       0.999       0.060       2.726    0.13%       0.242      0.811
     AVOIDANCE_COPIN       0.000       1.136      -1.529    2.14%      -0.837     -0.421     -0.144
             746.000       0.999       1.959       4.843    0.13%      -0.005      0.687
     SOC_EMO_COPING        0.000       0.116      -2.529    0.40%      -0.840     -0.277      0.004
             746.000       0.999      -0.224       2.536    0.54%       0.285      0.848
     IESR_TS               0.000       1.113      -1.187    4.29%      -0.862     -0.538     -0.279
             746.000       0.999       0.732       3.938    0.13%      -0.019      0.759
     MPSS_TOT              0.000      -0.943      -3.410    0.27%      -0.762     -0.061      0.172
             746.000       0.999       0.588       1.263    8.31%       0.406      0.873

RANDOM STARTS RESULTS RANKED FROM THE BEST TO THE WORST LOGLIKELIHOOD VALUES

Unperturbed starting value run did not converge in the initial stage
optimizations.

17 perturbed starting value run(s) did not converge in the initial stage
optimizations.

Final stage loglikelihood values at local maxima, seeds, and initial stage start numbers:

           -9253.764  608496           4
           -9264.524  903420           5
           -9281.633  107446           12

1 perturbed starting value run(s) did not converge.



     WARNING:  THE BEST LOGLIKELIHOOD VALUE WAS NOT REPLICATED.  THE
     SOLUTION MAY NOT BE TRUSTWORTHY DUE TO LOCAL MAXIMA.  INCREASE THE
     NUMBER OF RANDOM STARTS.

     THE STANDARD ERRORS OF THE MODEL PARAMETER ESTIMATES MAY NOT BE
     TRUSTWORTHY FOR SOME PARAMETERS DUE TO A NON-POSITIVE DEFINITE
     FIRST-ORDER DERIVATIVE PRODUCT MATRIX.  THIS MAY BE DUE TO THE STARTING
     VALUES BUT MAY ALSO BE AN INDICATION OF MODEL NONIDENTIFICATION.  THE
     CONDITION NUMBER IS      -0.638D-18.  PROBLEM INVOLVING THE FOLLOWING PARAMETER:
     Parameter 34, %C1#1%: AVOIDANCE_COPING WITH OPENNESS (equality/label)


THE MODEL ESTIMATION TERMINATED NORMALLY



MODEL FIT INFORMATION

Number of Free Parameters                      395

Loglikelihood

          H0 Value                       -9253.764
          H0 Scaling Correction Factor      1.0560
            for MLR

Information Criteria

          Akaike (AIC)                   19297.529
          Bayesian (BIC)                 21120.345
          Sample-Size Adjusted BIC       19866.072
            (n* = (n + 2) / 24)



FINAL CLASS COUNTS AND PROPORTIONS FOR THE LATENT CLASSES
BASED ON THE ESTIMATED MODEL

    Latent
   Classes

       1         19.10794          0.02561
       2        362.97236          0.48656
       3        123.34938          0.16535
       4        194.79543          0.26112
       5         22.73929          0.03048
       6         23.03560          0.03088


FINAL CLASS COUNTS AND PROPORTIONS FOR THE LATENT CLASSES
BASED ON ESTIMATED POSTERIOR PROBABILITIES

    Latent
   Classes

       1         19.10794          0.02561
       2        362.97236          0.48656
       3        123.34938          0.16535
       4        194.79543          0.26112
       5         22.73929          0.03048
       6         23.03560          0.03088


FINAL CLASS COUNTS AND PROPORTIONS FOR THE LATENT CLASSES
BASED ON THEIR MOST LIKELY LATENT CLASS MEMBERSHIP

Class Counts and Proportions

    Latent
   Classes

       1               20          0.02681
       2              378          0.50670
       3              114          0.15282
       4              188          0.25201
       5               23          0.03083
       6               23          0.03083


CLASSIFICATION QUALITY

     Entropy                         0.861


Average Latent Class Probabilities for Most Likely Latent Class Membership (Row)
by Latent Class (Column)

           1        2        3        4        5        6

    1   0.955    0.036    0.001    0.008    0.000    0.000
    2   0.000    0.913    0.024    0.060    0.001    0.001
    3   0.000    0.038    0.896    0.066    0.000    0.000
    4   0.000    0.064    0.063    0.873    0.000    0.000
    5   0.000    0.023    0.007    0.000    0.970    0.000
    6   0.000    0.009    0.005    0.006    0.000    0.979


Classification Probabilities for the Most Likely Latent Class Membership (Column)
by Latent Class (Row)

           1        2        3        4        5        6

    1   1.000    0.000    0.000    0.000    0.000    0.000
    2   0.002    0.951    0.012    0.033    0.001    0.001
    3   0.000    0.074    0.828    0.096    0.001    0.001
    4   0.001    0.117    0.039    0.843    0.000    0.001
    5   0.000    0.019    0.000    0.000    0.981    0.000
    6   0.000    0.022    0.000    0.000    0.000    0.978


Logits for the Classification Probabilities for the Most Likely Latent Class Membership (Column)
by Latent Class (Row)

              1        2        3        4        5        6

    1     13.815    5.199    3.847    0.000    0.000    0.000
    2      1.209    7.383    3.004    4.025    0.921    0.000
    3     -2.292    4.299    6.714    4.554    0.221    0.000
    4      0.143    5.071    3.963    7.046   -4.319    0.000
    5     -0.565    9.285    4.526   -0.565   13.231    0.000
    6    -13.793   -3.791   -7.962  -10.033  -13.793    0.000


MODEL RESULTS

                                                    Two-Tailed
                    Estimate       S.E.  Est./S.E.    P-Value

Latent Class 1

 NEUROTIC WITH
    EXTRAVERSI        -0.113      0.106     -1.066      0.286
    OPENNESS          -0.074      0.088     -0.833      0.405
    AGREEABLEN        -0.166      0.164     -1.011      0.312
    CONSCIENTI        -0.173      0.149     -1.164      0.244
    ACTIVE_COP         0.187      0.079      2.351      0.019
    AVOIDANCE_         0.084      0.082      1.032      0.302
    SOC_EMO_CO         0.161      0.069      2.317      0.021
    IESR_TS            0.037      0.026      1.443      0.149
    MPSS_TOT          -0.067      0.140     -0.478      0.632

 EXTRAVER WITH
    OPENNESS           0.145      0.171      0.846      0.397
    AGREEABLEN        -0.165      0.214     -0.772      0.440
    CONSCIENTI         0.027      0.227      0.121      0.904
    ACTIVE_COP        -0.203      0.150     -1.355      0.175
    AVOIDANCE_        -0.206      0.137     -1.507      0.132
    SOC_EMO_CO        -0.179      0.096     -1.866      0.062
    IESR_TS            0.004      0.033      0.126      0.899
    MPSS_TOT           0.359      0.134      2.685      0.007

 OPENNESS WITH
    AGREEABLEN         0.199      0.198      1.008      0.314
    CONSCIENTI        -0.074      0.157     -0.469      0.639
    ACTIVE_COP        -0.117      0.102     -1.141      0.254
    AVOIDANCE_         0.038      0.073      0.514      0.608
    SOC_EMO_CO         0.021      0.068      0.305      0.761
    IESR_TS           -0.048      0.028     -1.721      0.085
    MPSS_TOT          -0.147      0.125     -1.173      0.241

 AGREEABL WITH
    CONSCIENTI         0.849      0.443      1.918      0.055
    ACTIVE_COP         0.407      0.311      1.310      0.190
    AVOIDANCE_        -0.518      0.310     -1.673      0.094
    SOC_EMO_CO         0.230      0.187      1.229      0.219
    IESR_TS           -0.124      0.072     -1.716      0.086
    MPSS_TOT           0.640      0.376      1.701      0.089

 CONSCIEN WITH
    ACTIVE_COP         0.014      0.268      0.051      0.959
    AVOIDANCE_        -0.760      0.291     -2.614      0.009
    SOC_EMO_CO        -0.044      0.194     -0.229      0.819
    IESR_TS           -0.017      0.068     -0.256      0.798
    MPSS_TOT           0.488      0.216      2.254      0.024

 ACTIVE_C WITH
    AVOIDANCE_        -0.129      0.185     -0.698      0.485
    SOC_EMO_CO         0.244      0.137      1.781      0.075
    IESR_TS           -0.045      0.036     -1.253      0.210
    MPSS_TOT           0.333      0.250      1.331      0.183

 AVOIDANC WITH
    SOC_EMO_CO         0.019      0.111      0.167      0.867
    IESR_TS            0.019      0.032      0.584      0.559
    MPSS_TOT          -0.471      0.163     -2.886      0.004

 SOC_EMO_ WITH
    IESR_TS            0.012      0.035      0.339      0.735
    MPSS_TOT           0.018      0.240      0.074      0.941

 IESR_TS  WITH
    MPSS_TOT           0.003      0.043      0.078      0.938

 Means
    NEUROTICIS         0.127      0.126      1.006      0.315
    EXTRAVERSI        -0.929      0.193     -4.809      0.000
    OPENNESS          -0.955      0.147     -6.497      0.000
    AGREEABLEN        -0.844      0.306     -2.759      0.006
    CONSCIENTI        -0.423      0.291     -1.452      0.146
    ACTIVE_COP        -1.616      0.191     -8.464      0.000
    AVOIDANCE_        -0.463      0.191     -2.430      0.015
    SOC_EMO_CO        -1.376      0.162     -8.475      0.000
    IESR_TS           -0.944      0.048    -19.773      0.000
    MPSS_TOT          -0.458      0.291     -1.578      0.115

 Variances
    NEUROTICIS         0.268      0.071      3.775      0.000
    EXTRAVERSI         0.654      0.230      2.838      0.005
    OPENNESS           0.347      0.125      2.771      0.006
    AGREEABLEN         1.641      0.624      2.630      0.009
    CONSCIENTI         1.393      0.371      3.756      0.000
    ACTIVE_COP         0.569      0.178      3.202      0.001
    AVOIDANCE_         0.642      0.244      2.627      0.009
    SOC_EMO_CO         0.398      0.098      4.059      0.000
    IESR_TS            0.037      0.013      2.747      0.006
    MPSS_TOT           1.298      0.507      2.560      0.010

Latent Class 2

 NEUROTIC WITH
    EXTRAVERSI        -0.286      0.054     -5.310      0.000
    OPENNESS          -0.143      0.048     -2.945      0.003
    AGREEABLEN        -0.258      0.054     -4.764      0.000
    CONSCIENTI        -0.326      0.050     -6.495      0.000
    ACTIVE_COP        -0.227      0.048     -4.776      0.000
    AVOIDANCE_         0.153      0.040      3.811      0.000
    SOC_EMO_CO         0.184      0.045      4.102      0.000
    IESR_TS            0.083      0.022      3.828      0.000
    MPSS_TOT          -0.057      0.035     -1.605      0.108

 EXTRAVER WITH
    OPENNESS           0.128      0.043      2.998      0.003
    AGREEABLEN         0.214      0.050      4.308      0.000
    CONSCIENTI         0.310      0.045      6.837      0.000
    ACTIVE_COP         0.200      0.046      4.331      0.000
    AVOIDANCE_         0.003      0.042      0.069      0.945
    SOC_EMO_CO         0.108      0.044      2.456      0.014
    IESR_TS            0.010      0.025      0.389      0.697
    MPSS_TOT           0.139      0.036      3.822      0.000

 OPENNESS WITH
    AGREEABLEN         0.215      0.050      4.329      0.000
    CONSCIENTI         0.005      0.059      0.088      0.930
    ACTIVE_COP         0.008      0.048      0.172      0.863
    AVOIDANCE_        -0.054      0.048     -1.134      0.257
    SOC_EMO_CO         0.093      0.049      1.893      0.058
    IESR_TS           -0.043      0.028     -1.537      0.124
    MPSS_TOT           0.051      0.037      1.390      0.165

 AGREEABL WITH
    CONSCIENTI         0.142      0.052      2.738      0.006
    ACTIVE_COP         0.126      0.053      2.363      0.018
    AVOIDANCE_         0.024      0.048      0.499      0.617
    SOC_EMO_CO         0.016      0.045      0.348      0.728
    IESR_TS           -0.045      0.033     -1.358      0.174
    MPSS_TOT           0.065      0.031      2.097      0.036

 CONSCIEN WITH
    ACTIVE_COP         0.304      0.053      5.744      0.000
    AVOIDANCE_        -0.111      0.049     -2.288      0.022
    SOC_EMO_CO        -0.131      0.047     -2.818      0.005
    IESR_TS           -0.015      0.027     -0.559      0.576
    MPSS_TOT           0.123      0.034      3.638      0.000

 ACTIVE_C WITH
    AVOIDANCE_         0.070      0.047      1.487      0.137
    SOC_EMO_CO         0.209      0.046      4.494      0.000
    IESR_TS            0.031      0.029      1.074      0.283
    MPSS_TOT           0.139      0.033      4.149      0.000

 AVOIDANC WITH
    SOC_EMO_CO         0.164      0.046      3.562      0.000
    IESR_TS            0.064      0.031      2.072      0.038
    MPSS_TOT           0.017      0.034      0.495      0.621

 SOC_EMO_ WITH
    IESR_TS            0.093      0.026      3.648      0.000
    MPSS_TOT           0.084      0.033      2.524      0.012

 IESR_TS  WITH
    MPSS_TOT           0.037      0.018      1.997      0.046

 Means
    NEUROTICIS        -0.374      0.056     -6.731      0.000
    EXTRAVERSI         0.323      0.063      5.100      0.000
    OPENNESS          -0.019      0.064     -0.292      0.770
    AGREEABLEN         0.188      0.060      3.117      0.002
    CONSCIENTI         0.192      0.064      2.994      0.003
    ACTIVE_COP         0.038      0.058      0.650      0.516
    AVOIDANCE_        -0.231      0.069     -3.354      0.001
    SOC_EMO_CO         0.001      0.057      0.013      0.990
    IESR_TS           -0.481      0.053     -9.002      0.000
    MPSS_TOT           0.464      0.056      8.223      0.000

 Variances
    NEUROTICIS         0.675      0.063     10.730      0.000
    EXTRAVERSI         0.662      0.056     11.760      0.000
    OPENNESS           0.854      0.069     12.373      0.000
    AGREEABLEN         0.788      0.064     12.330      0.000
    CONSCIENTI         0.782      0.063     12.342      0.000
    ACTIVE_COP         0.815      0.069     11.825      0.000
    AVOIDANCE_         0.591      0.073      8.132      0.000
    SOC_EMO_CO         0.680      0.058     11.647      0.000
    IESR_TS            0.232      0.037      6.339      0.000
    MPSS_TOT           0.370      0.047      7.847      0.000

Latent Class 3

 NEUROTIC WITH
    EXTRAVERSI        -0.389      0.182     -2.139      0.032
    OPENNESS           0.141      0.193      0.731      0.465
    AGREEABLEN        -0.122      0.158     -0.767      0.443
    CONSCIENTI        -0.399      0.187     -2.136      0.033
    ACTIVE_COP        -0.317      0.129     -2.464      0.014
    AVOIDANCE_         0.044      0.144      0.307      0.759
    SOC_EMO_CO         0.261      0.125      2.097      0.036
    IESR_TS            0.227      0.172      1.318      0.188
    MPSS_TOT           0.000      0.218      0.001      1.000

 EXTRAVER WITH
    OPENNESS           0.212      0.138      1.530      0.126
    AGREEABLEN         0.061      0.165      0.372      0.710
    CONSCIENTI         0.396      0.157      2.522      0.012
    ACTIVE_COP         0.334      0.152      2.190      0.029
    AVOIDANCE_         0.270      0.232      1.161      0.246
    SOC_EMO_CO         0.138      0.200      0.693      0.489
    IESR_TS            0.294      0.248      1.189      0.234
    MPSS_TOT           0.275      0.177      1.553      0.120

 OPENNESS WITH
    AGREEABLEN         0.462      0.157      2.939      0.003
    CONSCIENTI        -0.060      0.167     -0.362      0.718
    ACTIVE_COP        -0.039      0.123     -0.314      0.754
    AVOIDANCE_        -0.377      0.205     -1.836      0.066
    SOC_EMO_CO         0.234      0.145      1.615      0.106
    IESR_TS            0.121      0.158      0.763      0.445
    MPSS_TOT          -0.001      0.146     -0.006      0.995

 AGREEABL WITH
    CONSCIENTI        -0.164      0.135     -1.212      0.225
    ACTIVE_COP        -0.159      0.144     -1.105      0.269
    AVOIDANCE_        -0.235      0.154     -1.528      0.127
    SOC_EMO_CO        -0.234      0.121     -1.930      0.054
    IESR_TS           -0.060      0.168     -0.357      0.721
    MPSS_TOT           0.081      0.117      0.691      0.490

 CONSCIEN WITH
    ACTIVE_COP         0.290      0.126      2.303      0.021
    AVOIDANCE_        -0.091      0.127     -0.713      0.476
    SOC_EMO_CO         0.116      0.150      0.774      0.439
    IESR_TS            0.166      0.185      0.896      0.370
    MPSS_TOT           0.147      0.160      0.917      0.359

 ACTIVE_C WITH
    AVOIDANCE_         0.121      0.185      0.652      0.514
    SOC_EMO_CO         0.343      0.160      2.142      0.032
    IESR_TS           -0.100      0.160     -0.628      0.530
    MPSS_TOT           0.161      0.149      1.079      0.281

 AVOIDANC WITH
    SOC_EMO_CO        -0.121      0.128     -0.944      0.345
    IESR_TS           -0.120      0.179     -0.672      0.501
    MPSS_TOT           0.126      0.216      0.585      0.558

 SOC_EMO_ WITH
    IESR_TS            0.387      0.160      2.424      0.015
    MPSS_TOT           0.670      0.298      2.249      0.025

 IESR_TS  WITH
    MPSS_TOT           0.207      0.265      0.779      0.436

 Means
    NEUROTICIS         0.919      0.293      3.132      0.002
    EXTRAVERSI        -0.500      0.240     -2.081      0.037
    OPENNESS          -0.032      0.157     -0.205      0.838
    AGREEABLEN        -0.124      0.196     -0.634      0.526
    CONSCIENTI         0.039      0.184      0.211      0.833
    ACTIVE_COP         0.271      0.141      1.919      0.055
    AVOIDANCE_         0.935      0.230      4.068      0.000
    SOC_EMO_CO         0.387      0.128      3.035      0.002
    IESR_TS            0.871      0.203      4.290      0.000
    MPSS_TOT          -0.510      0.289     -1.763      0.078

 Variances
    NEUROTICIS         1.033      0.202      5.123      0.000
    EXTRAVERSI         1.187      0.213      5.578      0.000
    OPENNESS           1.075      0.179      5.989      0.000
    AGREEABLEN         1.221      0.193      6.328      0.000
    CONSCIENTI         0.871      0.143      6.100      0.000
    ACTIVE_COP         0.891      0.180      4.948      0.000
    AVOIDANCE_         1.542      0.308      4.999      0.000
    SOC_EMO_CO         1.158      0.263      4.402      0.000
    IESR_TS            1.476      0.273      5.406      0.000
    MPSS_TOT           1.203      0.233      5.172      0.000

Latent Class 4

 NEUROTIC WITH
    EXTRAVERSI        -0.550      0.118     -4.674      0.000
    OPENNESS          -0.200      0.091     -2.187      0.029
    AGREEABLEN        -0.126      0.121     -1.045      0.296
    CONSCIENTI        -0.481      0.099     -4.846      0.000
    ACTIVE_COP        -0.358      0.095     -3.775      0.000
    AVOIDANCE_         0.120      0.061      1.974      0.048
    SOC_EMO_CO         0.065      0.078      0.827      0.408
    IESR_TS            0.280      0.084      3.336      0.001
    MPSS_TOT          -0.087      0.104     -0.839      0.401

 EXTRAVER WITH
    OPENNESS           0.136      0.100      1.353      0.176
    AGREEABLEN         0.292      0.132      2.206      0.027
    CONSCIENTI         0.639      0.148      4.328      0.000
    ACTIVE_COP         0.312      0.092      3.409      0.001
    AVOIDANCE_        -0.124      0.115     -1.079      0.281
    SOC_EMO_CO         0.182      0.087      2.098      0.036
    IESR_TS            0.047      0.099      0.471      0.638
    MPSS_TOT           0.140      0.100      1.405      0.160

 OPENNESS WITH
    AGREEABLEN         0.099      0.075      1.320      0.187
    CONSCIENTI         0.127      0.119      1.070      0.285
    ACTIVE_COP         0.323      0.115      2.805      0.005
    AVOIDANCE_        -0.071      0.061     -1.153      0.249
    SOC_EMO_CO         0.088      0.107      0.821      0.412
    IESR_TS           -0.026      0.089     -0.296      0.767
    MPSS_TOT           0.274      0.149      1.836      0.066

 AGREEABL WITH
    CONSCIENTI         0.121      0.124      0.976      0.329
    ACTIVE_COP         0.118      0.101      1.160      0.246
    AVOIDANCE_        -0.123      0.113     -1.088      0.277
    SOC_EMO_CO         0.137      0.084      1.643      0.100
    IESR_TS           -0.046      0.081     -0.573      0.567
    MPSS_TOT           0.202      0.102      1.991      0.046

 CONSCIEN WITH
    ACTIVE_COP         0.294      0.131      2.251      0.024
    AVOIDANCE_        -0.361      0.131     -2.751      0.006
    SOC_EMO_CO         0.017      0.105      0.165      0.869
    IESR_TS           -0.055      0.099     -0.552      0.581
    MPSS_TOT          -0.076      0.156     -0.487      0.626

 ACTIVE_C WITH
    AVOIDANCE_        -0.124      0.081     -1.541      0.123
    SOC_EMO_CO         0.402      0.096      4.186      0.000
    IESR_TS           -0.026      0.099     -0.269      0.788
    MPSS_TOT           0.309      0.094      3.286      0.001

 AVOIDANC WITH
    SOC_EMO_CO         0.021      0.063      0.343      0.731
    IESR_TS            0.045      0.066      0.681      0.496
    MPSS_TOT           0.089      0.078      1.147      0.251

 SOC_EMO_ WITH
    IESR_TS            0.448      0.094      4.784      0.000
    MPSS_TOT           0.363      0.102      3.575      0.000

 IESR_TS  WITH
    MPSS_TOT           0.497      0.121      4.100      0.000

 Means
    NEUROTICIS        -0.064      0.101     -0.636      0.525
    EXTRAVERSI        -0.221      0.141     -1.561      0.119
    OPENNESS           0.092      0.116      0.789      0.430
    AGREEABLEN        -0.282      0.161     -1.747      0.081
    CONSCIENTI        -0.377      0.165     -2.283      0.022
    ACTIVE_COP        -0.132      0.159     -0.832      0.405
    AVOIDANCE_        -0.214      0.150     -1.426      0.154
    SOC_EMO_CO        -0.374      0.132     -2.840      0.005
    IESR_TS            0.389      0.105      3.715      0.000
    MPSS_TOT          -0.570      0.171     -3.334      0.001

 Variances
    NEUROTICIS         0.808      0.091      8.840      0.000
    EXTRAVERSI         1.052      0.161      6.542      0.000
    OPENNESS           1.009      0.151      6.697      0.000
    AGREEABLEN         0.915      0.183      5.010      0.000
    CONSCIENTI         1.236      0.176      7.032      0.000
    ACTIVE_COP         1.107      0.129      8.604      0.000
    AVOIDANCE_         0.517      0.109      4.734      0.000
    SOC_EMO_CO         0.819      0.109      7.515      0.000
    IESR_TS            1.006      0.131      7.678      0.000
    MPSS_TOT           1.152      0.149      7.730      0.000

Latent Class 5

 NEUROTIC WITH
    EXTRAVERSI        -0.569      0.308     -1.846      0.065
    OPENNESS           0.020      0.360      0.056      0.956
    AGREEABLEN        -0.161      0.338     -0.476      0.634
    CONSCIENTI        -0.533      0.172     -3.097      0.002
    ACTIVE_COP         0.410      0.172      2.381      0.017
    AVOIDANCE_        -0.174      0.245     -0.712      0.477
    SOC_EMO_CO         0.221      0.121      1.824      0.068
    IESR_TS            0.240      0.181      1.324      0.185
    MPSS_TOT           0.027      0.130      0.204      0.838

 EXTRAVER WITH
    OPENNESS           0.640      0.364      1.759      0.079
    AGREEABLEN         0.845      0.342      2.468      0.014
    CONSCIENTI         0.438      0.213      2.057      0.040
    ACTIVE_COP        -0.111      0.223     -0.499      0.618
    AVOIDANCE_        -0.565      0.307     -1.840      0.066
    SOC_EMO_CO         0.190      0.189      1.001      0.317
    IESR_TS            0.056      0.231      0.244      0.807
    MPSS_TOT           0.043      0.147      0.290      0.772

 OPENNESS WITH
    AGREEABLEN         0.784      0.380      2.061      0.039
    CONSCIENTI         0.271      0.287      0.947      0.344
    ACTIVE_COP         0.626      0.243      2.576      0.010
    AVOIDANCE_        -0.737      0.395     -1.867      0.062
    SOC_EMO_CO         0.299      0.184      1.621      0.105
    IESR_TS            0.257      0.193      1.333      0.183
    MPSS_TOT           0.025      0.196      0.128      0.898

 AGREEABL WITH
    CONSCIENTI         0.209      0.195      1.070      0.285
    ACTIVE_COP         0.139      0.200      0.696      0.486
    AVOIDANCE_        -1.017      0.283     -3.590      0.000
    SOC_EMO_CO         0.225      0.164      1.369      0.171
    IESR_TS           -0.046      0.158     -0.289      0.773
    MPSS_TOT           0.181      0.145      1.250      0.211

 CONSCIEN WITH
    ACTIVE_COP        -0.024      0.132     -0.185      0.853
    AVOIDANCE_        -0.427      0.187     -2.283      0.022
    SOC_EMO_CO         0.061      0.125      0.484      0.628
    IESR_TS           -0.126      0.134     -0.946      0.344
    MPSS_TOT           0.061      0.109      0.559      0.576

 ACTIVE_C WITH
    AVOIDANCE_        -0.356      0.268     -1.327      0.184
    SOC_EMO_CO         0.514      0.140      3.674      0.000
    IESR_TS            0.503      0.219      2.300      0.021
    MPSS_TOT           0.230      0.110      2.090      0.037

 AVOIDANC WITH
    SOC_EMO_CO        -0.461      0.238     -1.934      0.053
    IESR_TS            0.220      0.210      1.048      0.295
    MPSS_TOT          -0.327      0.162     -2.017      0.044

 SOC_EMO_ WITH
    IESR_TS            0.329      0.136      2.419      0.016
    MPSS_TOT           0.165      0.099      1.677      0.094

 IESR_TS  WITH
    MPSS_TOT           0.091      0.090      1.009      0.313

 Means
    NEUROTICIS         0.711      0.206      3.443      0.001
    EXTRAVERSI        -0.095      0.267     -0.358      0.721
    OPENNESS           0.093      0.320      0.289      0.773
    AGREEABLEN        -0.001      0.266     -0.002      0.998
    CONSCIENTI        -0.554      0.178     -3.122      0.002
    ACTIVE_COP         0.636      0.196      3.242      0.001
    AVOIDANCE_         1.196      0.322      3.714      0.000
    SOC_EMO_CO         1.208      0.183      6.599      0.000
    IESR_TS           -0.398      0.172     -2.308      0.021
    MPSS_TOT           0.429      0.134      3.209      0.001

 Variances
    NEUROTICIS         0.938      0.269      3.481      0.000
    EXTRAVERSI         1.452      0.362      4.007      0.000
    OPENNESS           2.098      0.498      4.210      0.000
    AGREEABLEN         1.329      0.313      4.244      0.000
    CONSCIENTI         0.620      0.163      3.794      0.000
    ACTIVE_COP         0.771      0.201      3.845      0.000
    AVOIDANCE_         1.790      0.387      4.623      0.000
    SOC_EMO_CO         0.519      0.136      3.807      0.000
    IESR_TS            0.620      0.269      2.303      0.021
    MPSS_TOT           0.366      0.088      4.169      0.000

Latent Class 6

 NEUROTIC WITH
    EXTRAVERSI        -0.285      0.107     -2.674      0.007
    OPENNESS          -0.218      0.149     -1.463      0.143
    AGREEABLEN        -0.091      0.079     -1.146      0.252
    CONSCIENTI        -0.092      0.067     -1.374      0.170
    ACTIVE_COP         0.081      0.111      0.732      0.464
    AVOIDANCE_        -0.068      0.068     -1.002      0.316
    SOC_EMO_CO         0.150      0.173      0.869      0.385
    IESR_TS           -0.006      0.193     -0.031      0.975
    MPSS_TOT          -0.139      0.135     -1.032      0.302

 EXTRAVER WITH
    OPENNESS           0.183      0.140      1.303      0.192
    AGREEABLEN         0.090      0.105      0.862      0.389
    CONSCIENTI        -0.078      0.077     -1.009      0.313
    ACTIVE_COP         0.076      0.144      0.525      0.599
    AVOIDANCE_        -0.082      0.135     -0.605      0.545
    SOC_EMO_CO         0.351      0.267      1.313      0.189
    IESR_TS           -0.059      0.170     -0.347      0.729
    MPSS_TOT           0.271      0.191      1.418      0.156

 OPENNESS WITH
    AGREEABLEN         0.244      0.175      1.398      0.162
    CONSCIENTI         0.002      0.101      0.016      0.987
    ACTIVE_COP         0.500      0.226      2.210      0.027
    AVOIDANCE_        -0.142      0.171     -0.832      0.405
    SOC_EMO_CO        -0.418      0.280     -1.496      0.135
    IESR_TS           -0.768      0.241     -3.183      0.001
    MPSS_TOT          -0.006      0.209     -0.028      0.978

 AGREEABL WITH
    CONSCIENTI         0.043      0.052      0.832      0.405
    ACTIVE_COP         0.394      0.161      2.446      0.014
    AVOIDANCE_        -0.038      0.112     -0.341      0.733
    SOC_EMO_CO         0.329      0.196      1.680      0.093
    IESR_TS           -0.194      0.155     -1.252      0.211
    MPSS_TOT           0.249      0.157      1.585      0.113

 CONSCIEN WITH
    ACTIVE_COP         0.030      0.073      0.411      0.681
    AVOIDANCE_         0.074      0.056      1.323      0.186
    SOC_EMO_CO        -0.263      0.090     -2.930      0.003
    IESR_TS            0.050      0.096      0.515      0.606
    MPSS_TOT           0.116      0.068      1.700      0.089

 ACTIVE_C WITH
    AVOIDANCE_        -0.351      0.173     -2.032      0.042
    SOC_EMO_CO         0.371      0.234      1.585      0.113
    IESR_TS           -0.371      0.235     -1.583      0.113
    MPSS_TOT           0.499      0.211      2.363      0.018

 AVOIDANC WITH
    SOC_EMO_CO        -0.166      0.222     -0.749      0.454
    IESR_TS            0.098      0.130      0.759      0.448
    MPSS_TOT          -0.169      0.187     -0.902      0.367

 SOC_EMO_ WITH
    IESR_TS            0.356      0.220      1.617      0.106
    MPSS_TOT           0.646      0.368      1.754      0.079

 IESR_TS  WITH
    MPSS_TOT           0.246      0.174      1.415      0.157

 Means
    NEUROTICIS         0.709      0.142      4.996      0.000
    EXTRAVERSI         0.314      0.155      2.029      0.042
    OPENNESS           0.390      0.249      1.569      0.117
    AGREEABLEN         0.790      0.149      5.317      0.000
    CONSCIENTI         0.848      0.095      8.926      0.000
    ACTIVE_COP        -0.214      0.212     -1.010      0.313
    AVOIDANCE_        -0.358      0.149     -2.412      0.016
    SOC_EMO_CO         1.024      0.278      3.688      0.000
    IESR_TS            0.810      0.238      3.404      0.001
    MPSS_TOT           0.191      0.221      0.867      0.386

 Variances
    NEUROTICIS         0.419      0.104      4.022      0.000
    EXTRAVERSI         0.459      0.149      3.073      0.002
    OPENNESS           1.238      0.294      4.209      0.000
    AGREEABLEN         0.453      0.077      5.910      0.000
    CONSCIENTI         0.179      0.044      4.045      0.000
    ACTIVE_COP         0.963      0.217      4.437      0.000
    AVOIDANCE_         0.478      0.153      3.128      0.002
    SOC_EMO_CO         1.621      0.510      3.177      0.001
    IESR_TS            1.097      0.277      3.965      0.000
    MPSS_TOT           0.947      0.270      3.507      0.000

Categorical Latent Variables

 Means
    C1#1              -0.187      0.321     -0.582      0.561
    C1#2               2.757      0.233     11.836      0.000
    C1#3               1.678      0.433      3.874      0.000
    C1#4               2.135      0.325      6.571      0.000
    C1#5              -0.013      0.311     -0.042      0.967


QUALITY OF NUMERICAL RESULTS

     Condition Number for the Information Matrix             -0.638E-18
       (ratio of smallest to largest eigenvalue)


TECHNICAL 1 OUTPUT


     PARAMETER SPECIFICATION FOR LATENT CLASS 1


           NU
              NEUROTIC      EXTRAVER      OPENNESS      AGREEABL      CONSCIEN
              ________      ________      ________      ________      ________
                    1             2             3             4             5


           NU
              ACTIVE_C      AVOIDANC      SOC_EMO_      IESR_TS       MPSS_TOT
              ________      ________      ________      ________      ________
                    6             7             8             9            10


           THETA
              NEUROTIC      EXTRAVER      OPENNESS      AGREEABL      CONSCIEN
              ________      ________      ________      ________      ________
 NEUROTIC          11
 EXTRAVER          12            13
 OPENNESS          14            15            16
 AGREEABL          17            18            19            20
 CONSCIEN          21            22            23            24            25
 ACTIVE_C          26            27            28            29            30
 AVOIDANC          32            33            34            35            36
 SOC_EMO_          39            40            41            42            43
 IESR_TS           47            48            49            50            51
 MPSS_TOT          56            57            58            59            60


           THETA
              ACTIVE_C      AVOIDANC      SOC_EMO_      IESR_TS       MPSS_TOT
              ________      ________      ________      ________      ________
 ACTIVE_C          31
 AVOIDANC          37            38
 SOC_EMO_          44            45            46
 IESR_TS           52            53            54            55
 MPSS_TOT          61            62            63            64            65


     PARAMETER SPECIFICATION FOR LATENT CLASS 2


           NU
              NEUROTIC      EXTRAVER      OPENNESS      AGREEABL      CONSCIEN
              ________      ________      ________      ________      ________
                   66            67            68            69            70


           NU
              ACTIVE_C      AVOIDANC      SOC_EMO_      IESR_TS       MPSS_TOT
              ________      ________      ________      ________      ________
                   71            72            73            74            75


           THETA
              NEUROTIC      EXTRAVER      OPENNESS      AGREEABL      CONSCIEN
              ________      ________      ________      ________      ________
 NEUROTIC          76
 EXTRAVER          77            78
 OPENNESS          79            80            81
 AGREEABL          82            83            84            85
 CONSCIEN          86            87            88            89            90
 ACTIVE_C          91            92            93            94            95
 AVOIDANC          97            98            99           100           101
 SOC_EMO_         104           105           106           107           108
 IESR_TS          112           113           114           115           116
 MPSS_TOT         121           122           123           124           125


           THETA
              ACTIVE_C      AVOIDANC      SOC_EMO_      IESR_TS       MPSS_TOT
              ________      ________      ________      ________      ________
 ACTIVE_C          96
 AVOIDANC         102           103
 SOC_EMO_         109           110           111
 IESR_TS          117           118           119           120
 MPSS_TOT         126           127           128           129           130


     PARAMETER SPECIFICATION FOR LATENT CLASS 3


           NU
              NEUROTIC      EXTRAVER      OPENNESS      AGREEABL      CONSCIEN
              ________      ________      ________      ________      ________
                  131           132           133           134           135


           NU
              ACTIVE_C      AVOIDANC      SOC_EMO_      IESR_TS       MPSS_TOT
              ________      ________      ________      ________      ________
                  136           137           138           139           140


           THETA
              NEUROTIC      EXTRAVER      OPENNESS      AGREEABL      CONSCIEN
              ________      ________      ________      ________      ________
 NEUROTIC         141
 EXTRAVER         142           143
 OPENNESS         144           145           146
 AGREEABL         147           148           149           150
 CONSCIEN         151           152           153           154           155
 ACTIVE_C         156           157           158           159           160
 AVOIDANC         162           163           164           165           166
 SOC_EMO_         169           170           171           172           173
 IESR_TS          177           178           179           180           181
 MPSS_TOT         186           187           188           189           190


           THETA
              ACTIVE_C      AVOIDANC      SOC_EMO_      IESR_TS       MPSS_TOT
              ________      ________      ________      ________      ________
 ACTIVE_C         161
 AVOIDANC         167           168
 SOC_EMO_         174           175           176
 IESR_TS          182           183           184           185
 MPSS_TOT         191           192           193           194           195


     PARAMETER SPECIFICATION FOR LATENT CLASS 4


           NU
              NEUROTIC      EXTRAVER      OPENNESS      AGREEABL      CONSCIEN
              ________      ________      ________      ________      ________
                  196           197           198           199           200


           NU
              ACTIVE_C      AVOIDANC      SOC_EMO_      IESR_TS       MPSS_TOT
              ________      ________      ________      ________      ________
                  201           202           203           204           205


           THETA
              NEUROTIC      EXTRAVER      OPENNESS      AGREEABL      CONSCIEN
              ________      ________      ________      ________      ________
 NEUROTIC         206
 EXTRAVER         207           208
 OPENNESS         209           210           211
 AGREEABL         212           213           214           215
 CONSCIEN         216           217           218           219           220
 ACTIVE_C         221           222           223           224           225
 AVOIDANC         227           228           229           230           231
 SOC_EMO_         234           235           236           237           238
 IESR_TS          242           243           244           245           246
 MPSS_TOT         251           252           253           254           255


           THETA
              ACTIVE_C      AVOIDANC      SOC_EMO_      IESR_TS       MPSS_TOT
              ________      ________      ________      ________      ________
 ACTIVE_C         226
 AVOIDANC         232           233
 SOC_EMO_         239           240           241
 IESR_TS          247           248           249           250
 MPSS_TOT         256           257           258           259           260


     PARAMETER SPECIFICATION FOR LATENT CLASS 5


           NU
              NEUROTIC      EXTRAVER      OPENNESS      AGREEABL      CONSCIEN
              ________      ________      ________      ________      ________
                  261           262           263           264           265


           NU
              ACTIVE_C      AVOIDANC      SOC_EMO_      IESR_TS       MPSS_TOT
              ________      ________      ________      ________      ________
                  266           267           268           269           270


           THETA
              NEUROTIC      EXTRAVER      OPENNESS      AGREEABL      CONSCIEN
              ________      ________      ________      ________      ________
 NEUROTIC         271
 EXTRAVER         272           273
 OPENNESS         274           275           276
 AGREEABL         277           278           279           280
 CONSCIEN         281           282           283           284           285
 ACTIVE_C         286           287           288           289           290
 AVOIDANC         292           293           294           295           296
 SOC_EMO_         299           300           301           302           303
 IESR_TS          307           308           309           310           311
 MPSS_TOT         316           317           318           319           320


           THETA
              ACTIVE_C      AVOIDANC      SOC_EMO_      IESR_TS       MPSS_TOT
              ________      ________      ________      ________      ________
 ACTIVE_C         291
 AVOIDANC         297           298
 SOC_EMO_         304           305           306
 IESR_TS          312           313           314           315
 MPSS_TOT         321           322           323           324           325


     PARAMETER SPECIFICATION FOR LATENT CLASS 6


           NU
              NEUROTIC      EXTRAVER      OPENNESS      AGREEABL      CONSCIEN
              ________      ________      ________      ________      ________
                  326           327           328           329           330


           NU
              ACTIVE_C      AVOIDANC      SOC_EMO_      IESR_TS       MPSS_TOT
              ________      ________      ________      ________      ________
                  331           332           333           334           335


           THETA
              NEUROTIC      EXTRAVER      OPENNESS      AGREEABL      CONSCIEN
              ________      ________      ________      ________      ________
 NEUROTIC         336
 EXTRAVER         337           338
 OPENNESS         339           340           341
 AGREEABL         342           343           344           345
 CONSCIEN         346           347           348           349           350
 ACTIVE_C         351           352           353           354           355
 AVOIDANC         357           358           359           360           361
 SOC_EMO_         364           365           366           367           368
 IESR_TS          372           373           374           375           376
 MPSS_TOT         381           382           383           384           385


           THETA
              ACTIVE_C      AVOIDANC      SOC_EMO_      IESR_TS       MPSS_TOT
              ________      ________      ________      ________      ________
 ACTIVE_C         356
 AVOIDANC         362           363
 SOC_EMO_         369           370           371
 IESR_TS          377           378           379           380
 MPSS_TOT         386           387           388           389           390


     PARAMETER SPECIFICATION FOR LATENT CLASS REGRESSION MODEL PART


           ALPHA(C)
              C1#1          C1#2          C1#3          C1#4          C1#5
              ________      ________      ________      ________      ________
                  391           392           393           394           395


           ALPHA(C)
              C1#6
              ________
                    0


     STARTING VALUES FOR LATENT CLASS 1


           NU
              NEUROTIC      EXTRAVER      OPENNESS      AGREEABL      CONSCIEN
              ________      ________      ________      ________      ________
               -1.999        -1.999        -1.999        -1.999        -1.999


           NU
              ACTIVE_C      AVOIDANC      SOC_EMO_      IESR_TS       MPSS_TOT
              ________      ________      ________      ________      ________
               -1.999        -1.999        -1.999        -1.999        -1.999


           THETA
              NEUROTIC      EXTRAVER      OPENNESS      AGREEABL      CONSCIEN
              ________      ________      ________      ________      ________
 NEUROTIC       0.499
 EXTRAVER       0.000         0.499
 OPENNESS       0.000         0.000         0.499
 AGREEABL       0.000         0.000         0.000         0.499
 CONSCIEN       0.000         0.000         0.000         0.000         0.499
 ACTIVE_C       0.000         0.000         0.000         0.000         0.000
 AVOIDANC       0.000         0.000         0.000         0.000         0.000
 SOC_EMO_       0.000         0.000         0.000         0.000         0.000
 IESR_TS        0.000         0.000         0.000         0.000         0.000
 MPSS_TOT       0.000         0.000         0.000         0.000         0.000


           THETA
              ACTIVE_C      AVOIDANC      SOC_EMO_      IESR_TS       MPSS_TOT
              ________      ________      ________      ________      ________
 ACTIVE_C       0.499
 AVOIDANC       0.000         0.499
 SOC_EMO_       0.000         0.000         0.499
 IESR_TS        0.000         0.000         0.000         0.499
 MPSS_TOT       0.000         0.000         0.000         0.000         0.499


     STARTING VALUES FOR LATENT CLASS 2


           NU
              NEUROTIC      EXTRAVER      OPENNESS      AGREEABL      CONSCIEN
              ________      ________      ________      ________      ________
               -0.999        -0.999        -0.999        -0.999        -0.999


           NU
              ACTIVE_C      AVOIDANC      SOC_EMO_      IESR_TS       MPSS_TOT
              ________      ________      ________      ________      ________
               -0.999        -0.999        -0.999        -0.999        -0.999


           THETA
              NEUROTIC      EXTRAVER      OPENNESS      AGREEABL      CONSCIEN
              ________      ________      ________      ________      ________
 NEUROTIC       0.499
 EXTRAVER       0.000         0.499
 OPENNESS       0.000         0.000         0.499
 AGREEABL       0.000         0.000         0.000         0.499
 CONSCIEN       0.000         0.000         0.000         0.000         0.499
 ACTIVE_C       0.000         0.000         0.000         0.000         0.000
 AVOIDANC       0.000         0.000         0.000         0.000         0.000
 SOC_EMO_       0.000         0.000         0.000         0.000         0.000
 IESR_TS        0.000         0.000         0.000         0.000         0.000
 MPSS_TOT       0.000         0.000         0.000         0.000         0.000


           THETA
              ACTIVE_C      AVOIDANC      SOC_EMO_      IESR_TS       MPSS_TOT
              ________      ________      ________      ________      ________
 ACTIVE_C       0.499
 AVOIDANC       0.000         0.499
 SOC_EMO_       0.000         0.000         0.499
 IESR_TS        0.000         0.000         0.000         0.499
 MPSS_TOT       0.000         0.000         0.000         0.000         0.499


     STARTING VALUES FOR LATENT CLASS 3


           NU
              NEUROTIC      EXTRAVER      OPENNESS      AGREEABL      CONSCIEN
              ________      ________      ________      ________      ________
                0.000         0.000         0.000         0.000         0.000


           NU
              ACTIVE_C      AVOIDANC      SOC_EMO_      IESR_TS       MPSS_TOT
              ________      ________      ________      ________      ________
                0.000         0.000         0.000         0.000         0.000


           THETA
              NEUROTIC      EXTRAVER      OPENNESS      AGREEABL      CONSCIEN
              ________      ________      ________      ________      ________
 NEUROTIC       0.499
 EXTRAVER       0.000         0.499
 OPENNESS       0.000         0.000         0.499
 AGREEABL       0.000         0.000         0.000         0.499
 CONSCIEN       0.000         0.000         0.000         0.000         0.499
 ACTIVE_C       0.000         0.000         0.000         0.000         0.000
 AVOIDANC       0.000         0.000         0.000         0.000         0.000
 SOC_EMO_       0.000         0.000         0.000         0.000         0.000
 IESR_TS        0.000         0.000         0.000         0.000         0.000
 MPSS_TOT       0.000         0.000         0.000         0.000         0.000


           THETA
              ACTIVE_C      AVOIDANC      SOC_EMO_      IESR_TS       MPSS_TOT
              ________      ________      ________      ________      ________
 ACTIVE_C       0.499
 AVOIDANC       0.000         0.499
 SOC_EMO_       0.000         0.000         0.499
 IESR_TS        0.000         0.000         0.000         0.499
 MPSS_TOT       0.000         0.000         0.000         0.000         0.499


     STARTING VALUES FOR LATENT CLASS 4


           NU
              NEUROTIC      EXTRAVER      OPENNESS      AGREEABL      CONSCIEN
              ________      ________      ________      ________      ________
                0.000         0.000         0.000         0.000         0.000


           NU
              ACTIVE_C      AVOIDANC      SOC_EMO_      IESR_TS       MPSS_TOT
              ________      ________      ________      ________      ________
                0.000         0.000         0.000         0.000         0.000


           THETA
              NEUROTIC      EXTRAVER      OPENNESS      AGREEABL      CONSCIEN
              ________      ________      ________      ________      ________
 NEUROTIC       0.499
 EXTRAVER       0.000         0.499
 OPENNESS       0.000         0.000         0.499
 AGREEABL       0.000         0.000         0.000         0.499
 CONSCIEN       0.000         0.000         0.000         0.000         0.499
 ACTIVE_C       0.000         0.000         0.000         0.000         0.000
 AVOIDANC       0.000         0.000         0.000         0.000         0.000
 SOC_EMO_       0.000         0.000         0.000         0.000         0.000
 IESR_TS        0.000         0.000         0.000         0.000         0.000
 MPSS_TOT       0.000         0.000         0.000         0.000         0.000


           THETA
              ACTIVE_C      AVOIDANC      SOC_EMO_      IESR_TS       MPSS_TOT
              ________      ________      ________      ________      ________
 ACTIVE_C       0.499
 AVOIDANC       0.000         0.499
 SOC_EMO_       0.000         0.000         0.499
 IESR_TS        0.000         0.000         0.000         0.499
 MPSS_TOT       0.000         0.000         0.000         0.000         0.499


     STARTING VALUES FOR LATENT CLASS 5


           NU
              NEUROTIC      EXTRAVER      OPENNESS      AGREEABL      CONSCIEN
              ________      ________      ________      ________      ________
                0.999         0.999         0.999         0.999         0.999


           NU
              ACTIVE_C      AVOIDANC      SOC_EMO_      IESR_TS       MPSS_TOT
              ________      ________      ________      ________      ________
                0.999         0.999         0.999         0.999         0.999


           THETA
              NEUROTIC      EXTRAVER      OPENNESS      AGREEABL      CONSCIEN
              ________      ________      ________      ________      ________
 NEUROTIC       0.499
 EXTRAVER       0.000         0.499
 OPENNESS       0.000         0.000         0.499
 AGREEABL       0.000         0.000         0.000         0.499
 CONSCIEN       0.000         0.000         0.000         0.000         0.499
 ACTIVE_C       0.000         0.000         0.000         0.000         0.000
 AVOIDANC       0.000         0.000         0.000         0.000         0.000
 SOC_EMO_       0.000         0.000         0.000         0.000         0.000
 IESR_TS        0.000         0.000         0.000         0.000         0.000
 MPSS_TOT       0.000         0.000         0.000         0.000         0.000


           THETA
              ACTIVE_C      AVOIDANC      SOC_EMO_      IESR_TS       MPSS_TOT
              ________      ________      ________      ________      ________
 ACTIVE_C       0.499
 AVOIDANC       0.000         0.499
 SOC_EMO_       0.000         0.000         0.499
 IESR_TS        0.000         0.000         0.000         0.499
 MPSS_TOT       0.000         0.000         0.000         0.000         0.499


     STARTING VALUES FOR LATENT CLASS 6


           NU
              NEUROTIC      EXTRAVER      OPENNESS      AGREEABL      CONSCIEN
              ________      ________      ________      ________      ________
                1.999         1.999         1.999         1.999         1.999


           NU
              ACTIVE_C      AVOIDANC      SOC_EMO_      IESR_TS       MPSS_TOT
              ________      ________      ________      ________      ________
                1.999         1.999         1.999         1.999         1.999


           THETA
              NEUROTIC      EXTRAVER      OPENNESS      AGREEABL      CONSCIEN
              ________      ________      ________      ________      ________
 NEUROTIC       0.499
 EXTRAVER       0.000         0.499
 OPENNESS       0.000         0.000         0.499
 AGREEABL       0.000         0.000         0.000         0.499
 CONSCIEN       0.000         0.000         0.000         0.000         0.499
 ACTIVE_C       0.000         0.000         0.000         0.000         0.000
 AVOIDANC       0.000         0.000         0.000         0.000         0.000
 SOC_EMO_       0.000         0.000         0.000         0.000         0.000
 IESR_TS        0.000         0.000         0.000         0.000         0.000
 MPSS_TOT       0.000         0.000         0.000         0.000         0.000


           THETA
              ACTIVE_C      AVOIDANC      SOC_EMO_      IESR_TS       MPSS_TOT
              ________      ________      ________      ________      ________
 ACTIVE_C       0.499
 AVOIDANC       0.000         0.499
 SOC_EMO_       0.000         0.000         0.499
 IESR_TS        0.000         0.000         0.000         0.499
 MPSS_TOT       0.000         0.000         0.000         0.000         0.499


     STARTING VALUES FOR LATENT CLASS REGRESSION MODEL PART


           ALPHA(C)
              C1#1          C1#2          C1#3          C1#4          C1#5
              ________      ________      ________      ________      ________
                0.000         0.000         0.000         0.000         0.000


           ALPHA(C)
              C1#6
              ________
                0.000


TECHNICAL 14 OUTPUT

     Random Starts Specifications for the k-1 Class Analysis Model
        Number of initial stage random starts                  20
        Number of final stage optimizations                     4

     Random Starts Specification for the k-1 Class Model for Generated Data
        Number of initial stage random starts                   0
        Number of final stage optimizations for the
           initial stage random starts                          0
     Random Starts Specification for the k Class Model for Generated Data
        Number of initial stage random starts                  40
        Number of final stage optimizations                     8
     Number of bootstrap draws requested                   Varies


     PARAMETRIC BOOTSTRAPPED LIKELIHOOD RATIO TEST FOR 5 (H0) VERSUS 6 CLASSES

          H0 Loglikelihood Value                        -9317.510
          2 Times the Loglikelihood Difference            127.491
          Difference in the Number of Parameters               66
          Approximate P-Value                              0.0000
          Successful Bootstrap Draws                            0

     WARNING:  OF THE 0 BOOTSTRAP DRAWS, 100 DRAWS HAD BOTH A SMALLER LRT VALUE THAN THE
     OBSERVED LRT VALUE AND NOT A REPLICATED BEST LOGLIKELIHOOD VALUE FOR THE 6-CLASS MODEL.
     THIS MEANS THAT THE P-VALUE MAY NOT BE TRUSTWORTHY DUE TO LOCAL MAXIMA.
     INCREASE THE NUMBER OF RANDOM STARTS USING THE LRTSTARTS OPTION.


     WARNING:  100 OUT OF 100 BOOTSTRAP DRAWS DID NOT CONVERGE.
     THE P-VALUE MAY NOT BE TRUSTWORTHY.
     INCREASE THE NUMBER OF RANDOM STARTS USING THE LRTSTARTS OPTION.



SAVEDATA INFORMATION


  Save file
    model_6_class_6.dat

  Order and format of variables

    NEUROTIC       F10.3
    EXTRAVER       F10.3
    OPENNESS       F10.3
    AGREEABL       F10.3
    CONSCIEN       F10.3
    ACTIVE_C       F10.3
    AVOIDANC       F10.3
    SOC_EMO_       F10.3
    IESR_TS        F10.3
    MPSS_TOT       F10.3
    CPROB1         F10.3
    CPROB2         F10.3
    CPROB3         F10.3
    CPROB4         F10.3
    CPROB5         F10.3
    CPROB6         F10.3
    C1             F10.3

  Save file format
    17F10.3

  Save file record length    10000

  Save missing symbol        *


     Beginning Time:  13:44:33
        Ending Time:  14:09:48
       Elapsed Time:  00:25:15



MUTHEN & MUTHEN
3463 Stoner Ave.
Los Angeles, CA  90066

Tel: (310) 391-9971
Fax: (310) 391-8971
Web: www.StatModel.com
Support: Support@StatModel.com

Copyright (c) 1998-2021 Muthen & Muthen
