Mplus VERSION 8.6 (Mac)
MUTHEN & MUTHEN
04/08/2023   1:28 PM

INPUT INSTRUCTIONS

  TITLE:
  model 6 with 3 classes
  DATA:
  FILE = "data_81c78c0cb6869e75ae6a0f08ff71917f.dat";

  VARIABLE:
  NAMES = neuroticism extraversion openness agreeableness conscientiousness
       active_coping avoidance_coping soc_emo_coping iesr_ts mpss_tot;
   MISSING=.;
   CLASSES = c1(3);

  ANALYSIS:
  TYPE = mixture;

  MODEL:
  %c1#1%
  neuroticism (vneuroticism1);
  extraversion (vextraversion1);
  openness (vopenness1);
  agreeableness (vagreeableness1);
  conscientiousness (vconscientiousness1);
  active_coping (vactive_coping1);
  avoidance_coping (vavoidance_coping1);
  soc_emo_coping (vsoc_emo_coping1);
  iesr_ts (viesr_ts1);
  mpss_tot (vmpss_tot1);

  neuroticism WITH extraversion (neuroticismWextraversion1);
  neuroticism WITH openness (neuroticismWopenness1);
  neuroticism WITH agreeableness (neuroticismWagreeableness1);
  neuroticism WITH conscientiousness (neuroticismWconscientiousness1);
  neuroticism WITH active_coping (neuroticismWactive_coping1);
  neuroticism WITH avoidance_coping (neuroticismWavoidance_coping1);
  neuroticism WITH soc_emo_coping (neuroticismWsoc_emo_coping1);
  neuroticism WITH iesr_ts (neuroticismWiesr_ts1);
  neuroticism WITH mpss_tot (neuroticismWmpss_tot1);
  extraversion WITH openness (extraversionWopenness1);
  extraversion WITH agreeableness (extraversionWagreeableness1);
  extraversion WITH conscientiousness (extraversionWconscientiousness1);
  extraversion WITH active_coping (extraversionWactive_coping1);
  extraversion WITH avoidance_coping (extraversionWavoidance_coping1);
  extraversion WITH soc_emo_coping (extraversionWsoc_emo_coping1);
  extraversion WITH iesr_ts (extraversionWiesr_ts1);
  extraversion WITH mpss_tot (extraversionWmpss_tot1);
  openness WITH agreeableness (opennessWagreeableness1);
  openness WITH conscientiousness (opennessWconscientiousness1);
  openness WITH active_coping (opennessWactive_coping1);
  openness WITH avoidance_coping (opennessWavoidance_coping1);
  openness WITH soc_emo_coping (opennessWsoc_emo_coping1);
  openness WITH iesr_ts (opennessWiesr_ts1);
  openness WITH mpss_tot (opennessWmpss_tot1);
  agreeableness WITH conscientiousness (agreeablenessWconscientiousness1);
  agreeableness WITH active_coping (agreeablenessWactive_coping1);
  agreeableness WITH avoidance_coping (agreeablenessWavoidance_coping1);
  agreeableness WITH soc_emo_coping (agreeablenessWsoc_emo_coping1);
  agreeableness WITH iesr_ts (agreeablenessWiesr_ts1);
  agreeableness WITH mpss_tot (agreeablenessWmpss_tot1);
  conscientiousness WITH active_coping (conscientiousnessWactive_coping1);
  conscientiousness WITH avoidance_coping (conscientiousnessWavoidance_coping1);
  conscientiousness WITH soc_emo_coping (conscientiousnessWsoc_emo_coping1);
  conscientiousness WITH iesr_ts (conscientiousnessWiesr_ts1);
  conscientiousness WITH mpss_tot (conscientiousnessWmpss_tot1);
  active_coping WITH avoidance_coping (active_copingWavoidance_coping1);
  active_coping WITH soc_emo_coping (active_copingWsoc_emo_coping1);
  active_coping WITH iesr_ts (active_copingWiesr_ts1);
  active_coping WITH mpss_tot (active_copingWmpss_tot1);
  avoidance_coping WITH soc_emo_coping (avoidance_copingWsoc_emo_coping1);
  avoidance_coping WITH iesr_ts (avoidance_copingWiesr_ts1);
  avoidance_coping WITH mpss_tot (avoidance_copingWmpss_tot1);
  soc_emo_coping WITH iesr_ts (soc_emo_copingWiesr_ts1);
  soc_emo_coping WITH mpss_tot (soc_emo_copingWmpss_tot1);
  iesr_ts WITH mpss_tot (iesr_tsWmpss_tot1);

  %c1#2%
  neuroticism (vneuroticism2);
  extraversion (vextraversion2);
  openness (vopenness2);
  agreeableness (vagreeableness2);
  conscientiousness (vconscientiousness2);
  active_coping (vactive_coping2);
  avoidance_coping (vavoidance_coping2);
  soc_emo_coping (vsoc_emo_coping2);
  iesr_ts (viesr_ts2);
  mpss_tot (vmpss_tot2);

  neuroticism WITH extraversion (neuroticismWextraversion2);
  neuroticism WITH openness (neuroticismWopenness2);
  neuroticism WITH agreeableness (neuroticismWagreeableness2);
  neuroticism WITH conscientiousness (neuroticismWconscientiousness2);
  neuroticism WITH active_coping (neuroticismWactive_coping2);
  neuroticism WITH avoidance_coping (neuroticismWavoidance_coping2);
  neuroticism WITH soc_emo_coping (neuroticismWsoc_emo_coping2);
  neuroticism WITH iesr_ts (neuroticismWiesr_ts2);
  neuroticism WITH mpss_tot (neuroticismWmpss_tot2);
  extraversion WITH openness (extraversionWopenness2);
  extraversion WITH agreeableness (extraversionWagreeableness2);
  extraversion WITH conscientiousness (extraversionWconscientiousness2);
  extraversion WITH active_coping (extraversionWactive_coping2);
  extraversion WITH avoidance_coping (extraversionWavoidance_coping2);
  extraversion WITH soc_emo_coping (extraversionWsoc_emo_coping2);
  extraversion WITH iesr_ts (extraversionWiesr_ts2);
  extraversion WITH mpss_tot (extraversionWmpss_tot2);
  openness WITH agreeableness (opennessWagreeableness2);
  openness WITH conscientiousness (opennessWconscientiousness2);
  openness WITH active_coping (opennessWactive_coping2);
  openness WITH avoidance_coping (opennessWavoidance_coping2);
  openness WITH soc_emo_coping (opennessWsoc_emo_coping2);
  openness WITH iesr_ts (opennessWiesr_ts2);
  openness WITH mpss_tot (opennessWmpss_tot2);
  agreeableness WITH conscientiousness (agreeablenessWconscientiousness2);
  agreeableness WITH active_coping (agreeablenessWactive_coping2);
  agreeableness WITH avoidance_coping (agreeablenessWavoidance_coping2);
  agreeableness WITH soc_emo_coping (agreeablenessWsoc_emo_coping2);
  agreeableness WITH iesr_ts (agreeablenessWiesr_ts2);
  agreeableness WITH mpss_tot (agreeablenessWmpss_tot2);
  conscientiousness WITH active_coping (conscientiousnessWactive_coping2);
  conscientiousness WITH avoidance_coping (conscientiousnessWavoidance_coping2);
  conscientiousness WITH soc_emo_coping (conscientiousnessWsoc_emo_coping2);
  conscientiousness WITH iesr_ts (conscientiousnessWiesr_ts2);
  conscientiousness WITH mpss_tot (conscientiousnessWmpss_tot2);
  active_coping WITH avoidance_coping (active_copingWavoidance_coping2);
  active_coping WITH soc_emo_coping (active_copingWsoc_emo_coping2);
  active_coping WITH iesr_ts (active_copingWiesr_ts2);
  active_coping WITH mpss_tot (active_copingWmpss_tot2);
  avoidance_coping WITH soc_emo_coping (avoidance_copingWsoc_emo_coping2);
  avoidance_coping WITH iesr_ts (avoidance_copingWiesr_ts2);
  avoidance_coping WITH mpss_tot (avoidance_copingWmpss_tot2);
  soc_emo_coping WITH iesr_ts (soc_emo_copingWiesr_ts2);
  soc_emo_coping WITH mpss_tot (soc_emo_copingWmpss_tot2);
  iesr_ts WITH mpss_tot (iesr_tsWmpss_tot2);

  %c1#3%
  neuroticism (vneuroticism3);
  extraversion (vextraversion3);
  openness (vopenness3);
  agreeableness (vagreeableness3);
  conscientiousness (vconscientiousness3);
  active_coping (vactive_coping3);
  avoidance_coping (vavoidance_coping3);
  soc_emo_coping (vsoc_emo_coping3);
  iesr_ts (viesr_ts3);
  mpss_tot (vmpss_tot3);

  neuroticism WITH extraversion (neuroticismWextraversion3);
  neuroticism WITH openness (neuroticismWopenness3);
  neuroticism WITH agreeableness (neuroticismWagreeableness3);
  neuroticism WITH conscientiousness (neuroticismWconscientiousness3);
  neuroticism WITH active_coping (neuroticismWactive_coping3);
  neuroticism WITH avoidance_coping (neuroticismWavoidance_coping3);
  neuroticism WITH soc_emo_coping (neuroticismWsoc_emo_coping3);
  neuroticism WITH iesr_ts (neuroticismWiesr_ts3);
  neuroticism WITH mpss_tot (neuroticismWmpss_tot3);
  extraversion WITH openness (extraversionWopenness3);
  extraversion WITH agreeableness (extraversionWagreeableness3);
  extraversion WITH conscientiousness (extraversionWconscientiousness3);
  extraversion WITH active_coping (extraversionWactive_coping3);
  extraversion WITH avoidance_coping (extraversionWavoidance_coping3);
  extraversion WITH soc_emo_coping (extraversionWsoc_emo_coping3);
  extraversion WITH iesr_ts (extraversionWiesr_ts3);
  extraversion WITH mpss_tot (extraversionWmpss_tot3);
  openness WITH agreeableness (opennessWagreeableness3);
  openness WITH conscientiousness (opennessWconscientiousness3);
  openness WITH active_coping (opennessWactive_coping3);
  openness WITH avoidance_coping (opennessWavoidance_coping3);
  openness WITH soc_emo_coping (opennessWsoc_emo_coping3);
  openness WITH iesr_ts (opennessWiesr_ts3);
  openness WITH mpss_tot (opennessWmpss_tot3);
  agreeableness WITH conscientiousness (agreeablenessWconscientiousness3);
  agreeableness WITH active_coping (agreeablenessWactive_coping3);
  agreeableness WITH avoidance_coping (agreeablenessWavoidance_coping3);
  agreeableness WITH soc_emo_coping (agreeablenessWsoc_emo_coping3);
  agreeableness WITH iesr_ts (agreeablenessWiesr_ts3);
  agreeableness WITH mpss_tot (agreeablenessWmpss_tot3);
  conscientiousness WITH active_coping (conscientiousnessWactive_coping3);
  conscientiousness WITH avoidance_coping (conscientiousnessWavoidance_coping3);
  conscientiousness WITH soc_emo_coping (conscientiousnessWsoc_emo_coping3);
  conscientiousness WITH iesr_ts (conscientiousnessWiesr_ts3);
  conscientiousness WITH mpss_tot (conscientiousnessWmpss_tot3);
  active_coping WITH avoidance_coping (active_copingWavoidance_coping3);
  active_coping WITH soc_emo_coping (active_copingWsoc_emo_coping3);
  active_coping WITH iesr_ts (active_copingWiesr_ts3);
  active_coping WITH mpss_tot (active_copingWmpss_tot3);
  avoidance_coping WITH soc_emo_coping (avoidance_copingWsoc_emo_coping3);
  avoidance_coping WITH iesr_ts (avoidance_copingWiesr_ts3);
  avoidance_coping WITH mpss_tot (avoidance_copingWmpss_tot3);
  soc_emo_coping WITH iesr_ts (soc_emo_copingWiesr_ts3);
  soc_emo_coping WITH mpss_tot (soc_emo_copingWmpss_tot3);
  iesr_ts WITH mpss_tot (iesr_tsWmpss_tot3);


  OUTPUT:
  TECH14;

  SAVEDATA:
  FILE IS model_6_class_3.dat;
  SAVE = cprobabilities;



*** WARNING in VARIABLE command
  Note that only the first 8 characters of variable names are used in the output.
  Shorten variable names to avoid any confusion.
*** WARNING in MODEL command
  All variables are uncorrelated with all other variables within class.
  Check that this is what is intended.
   2 WARNING(S) FOUND IN THE INPUT INSTRUCTIONS




model 6 with 3 classes

SUMMARY OF ANALYSIS

Number of groups                                                 1
Number of observations                                         746

Number of dependent variables                                   10
Number of independent variables                                  0
Number of continuous latent variables                            0
Number of categorical latent variables                           1

Observed dependent variables

  Continuous
   NEUROTICIS  EXTRAVERSI  OPENNESS    AGREEABLEN  CONSCIENTI  ACTIVE_COP
   AVOIDANCE_  SOC_EMO_CO  IESR_TS     MPSS_TOT

Categorical latent variables
   C1


Estimator                                                      MLR
Information matrix                                        OBSERVED
Optimization Specifications for the Quasi-Newton Algorithm for
Continuous Outcomes
  Maximum number of iterations                                 100
  Convergence criterion                                  0.100D-05
Optimization Specifications for the EM Algorithm
  Maximum number of iterations                                 500
  Convergence criteria
    Loglikelihood change                                 0.100D-06
    Relative loglikelihood change                        0.100D-06
    Derivative                                           0.100D-05
Optimization Specifications for the M step of the EM Algorithm for
Categorical Latent variables
  Number of M step iterations                                    1
  M step convergence criterion                           0.100D-05
  Basis for M step termination                           ITERATION
Optimization Specifications for the M step of the EM Algorithm for
Censored, Binary or Ordered Categorical (Ordinal), Unordered
Categorical (Nominal) and Count Outcomes
  Number of M step iterations                                    1
  M step convergence criterion                           0.100D-05
  Basis for M step termination                           ITERATION
  Maximum value for logit thresholds                            15
  Minimum value for logit thresholds                           -15
  Minimum expected cell size for chi-square              0.100D-01
Maximum number of iterations for H1                           2000
Convergence criterion for H1                             0.100D-03
Optimization algorithm                                         EMA
Random Starts Specifications
  Number of initial stage random starts                         20
  Number of final stage optimizations                            4
  Number of initial stage iterations                            10
  Initial stage convergence criterion                    0.100D+01
  Random starts scale                                    0.500D+01
  Random seed for generating random starts                       0

Input data file(s)
  data_81c78c0cb6869e75ae6a0f08ff71917f.dat
Input data format  FREE


SUMMARY OF DATA

     Number of missing data patterns             1
     Number of y missing data patterns           1
     Number of u missing data patterns           0


COVARIANCE COVERAGE OF DATA

Minimum covariance coverage value   0.100


     PROPORTION OF DATA PRESENT FOR Y


           Covariance Coverage
              NEUROTIC      EXTRAVER      OPENNESS      AGREEABL      CONSCIEN
              ________      ________      ________      ________      ________
 NEUROTIC       1.000
 EXTRAVER       1.000         1.000
 OPENNESS       1.000         1.000         1.000
 AGREEABL       1.000         1.000         1.000         1.000
 CONSCIEN       1.000         1.000         1.000         1.000         1.000
 ACTIVE_C       1.000         1.000         1.000         1.000         1.000
 AVOIDANC       1.000         1.000         1.000         1.000         1.000
 SOC_EMO_       1.000         1.000         1.000         1.000         1.000
 IESR_TS        1.000         1.000         1.000         1.000         1.000
 MPSS_TOT       1.000         1.000         1.000         1.000         1.000


           Covariance Coverage
              ACTIVE_C      AVOIDANC      SOC_EMO_      IESR_TS       MPSS_TOT
              ________      ________      ________      ________      ________
 ACTIVE_C       1.000
 AVOIDANC       1.000         1.000
 SOC_EMO_       1.000         1.000         1.000
 IESR_TS        1.000         1.000         1.000         1.000
 MPSS_TOT       1.000         1.000         1.000         1.000         1.000



UNIVARIATE SAMPLE STATISTICS


     UNIVARIATE HIGHER-ORDER MOMENT DESCRIPTIVE STATISTICS

         Variable/         Mean/     Skewness/   Minimum/ % with                Percentiles
        Sample Size      Variance    Kurtosis    Maximum  Min/Max      20%/60%    40%/80%    Median

     NEUROTICISM           0.000       0.344      -2.153    0.13%      -0.914     -0.351     -0.013
             746.000       0.999      -0.133       3.141    0.13%       0.212      0.776
     EXTRAVERSION          0.000      -0.567      -3.510    0.40%      -0.889     -0.161      0.130
             746.000       0.999       0.367       2.169    0.13%       0.276      0.858
     OPENNESS              0.000      -0.053      -2.961    0.13%      -0.787     -0.321     -0.010
             746.000       0.999      -0.208       2.630    0.54%       0.301      0.767
     AGREEABLENESS         0.000      -0.495      -4.910    0.13%      -0.773     -0.255      0.089
             746.000       0.999       0.738       2.331    0.13%       0.262      0.779
     CONSCIENTIOUSNE       0.000      -0.517      -3.782    0.13%      -0.722     -0.263      0.043
             746.000       0.999       0.347       1.880    0.94%       0.196      0.962
     ACTIVE_COPING         0.000      -0.164      -3.070    0.13%      -0.793     -0.276     -0.017
             746.000       0.999       0.060       2.726    0.13%       0.242      0.811
     AVOIDANCE_COPIN       0.000       1.136      -1.529    2.14%      -0.837     -0.421     -0.144
             746.000       0.999       1.959       4.843    0.13%      -0.005      0.687
     SOC_EMO_COPING        0.000       0.116      -2.529    0.40%      -0.840     -0.277      0.004
             746.000       0.999      -0.224       2.536    0.54%       0.285      0.848
     IESR_TS               0.000       1.113      -1.187    4.29%      -0.862     -0.538     -0.279
             746.000       0.999       0.732       3.938    0.13%      -0.019      0.759
     MPSS_TOT              0.000      -0.943      -3.410    0.27%      -0.762     -0.061      0.172
             746.000       0.999       0.588       1.263    8.31%       0.406      0.873

RANDOM STARTS RESULTS RANKED FROM THE BEST TO THE WORST LOGLIKELIHOOD VALUES

2 perturbed starting value run(s) did not converge in the initial stage
optimizations.

Final stage loglikelihood values at local maxima, seeds, and initial stage start numbers:

           -9450.085  851945           18
           -9474.607  399671           13
           -9490.047  76974            16
           -9491.009  127215           9



     WARNING:  THE BEST LOGLIKELIHOOD VALUE WAS NOT REPLICATED.  THE
     SOLUTION MAY NOT BE TRUSTWORTHY DUE TO LOCAL MAXIMA.  INCREASE THE
     NUMBER OF RANDOM STARTS.


THE MODEL ESTIMATION TERMINATED NORMALLY



MODEL FIT INFORMATION

Number of Free Parameters                      197

Loglikelihood

          H0 Value                       -9450.085
          H0 Scaling Correction Factor      1.1830
            for MLR

Information Criteria

          Akaike (AIC)                   19294.170
          Bayesian (BIC)                 20203.271
          Sample-Size Adjusted BIC       19577.722
            (n* = (n + 2) / 24)



FINAL CLASS COUNTS AND PROPORTIONS FOR THE LATENT CLASSES
BASED ON THE ESTIMATED MODEL

    Latent
   Classes

       1        168.49684          0.22587
       2        305.50626          0.40953
       3        271.99691          0.36461


FINAL CLASS COUNTS AND PROPORTIONS FOR THE LATENT CLASSES
BASED ON ESTIMATED POSTERIOR PROBABILITIES

    Latent
   Classes

       1        168.49684          0.22587
       2        305.50626          0.40953
       3        271.99691          0.36461


FINAL CLASS COUNTS AND PROPORTIONS FOR THE LATENT CLASSES
BASED ON THEIR MOST LIKELY LATENT CLASS MEMBERSHIP

Class Counts and Proportions

    Latent
   Classes

       1              174          0.23324
       2              289          0.38740
       3              283          0.37936


CLASSIFICATION QUALITY

     Entropy                         0.738


Average Latent Class Probabilities for Most Likely Latent Class Membership (Row)
by Latent Class (Column)

           1        2        3

    1   0.854    0.048    0.097
    2   0.012    0.936    0.052
    3   0.058    0.094    0.849


Classification Probabilities for the Most Likely Latent Class Membership (Column)
by Latent Class (Row)

           1        2        3

    1   0.882    0.021    0.097
    2   0.027    0.886    0.087
    3   0.062    0.055    0.883


Logits for the Classification Probabilities for the Most Likely Latent Class Membership (Column)
by Latent Class (Row)

              1        2        3

    1      2.211   -1.534    0.000
    2     -1.153    2.321    0.000
    3     -2.652   -2.777    0.000


MODEL RESULTS

                                                    Two-Tailed
                    Estimate       S.E.  Est./S.E.    P-Value

Latent Class 1

 NEUROTIC WITH
    EXTRAVERSI        -0.380      0.089     -4.284      0.000
    OPENNESS          -0.114      0.074     -1.543      0.123
    AGREEABLEN        -0.214      0.069     -3.106      0.002
    CONSCIENTI        -0.289      0.066     -4.401      0.000
    ACTIVE_COP        -0.251      0.094     -2.683      0.007
    AVOIDANCE_         0.065      0.045      1.424      0.154
    SOC_EMO_CO         0.041      0.063      0.645      0.519
    IESR_TS            0.005      0.027      0.190      0.850
    MPSS_TOT          -0.244      0.104     -2.352      0.019

 EXTRAVER WITH
    OPENNESS           0.303      0.116      2.617      0.009
    AGREEABLEN         0.298      0.099      2.997      0.003
    CONSCIENTI         0.281      0.107      2.634      0.008
    ACTIVE_COP         0.234      0.093      2.530      0.011
    AVOIDANCE_        -0.023      0.066     -0.348      0.728
    SOC_EMO_CO         0.134      0.077      1.748      0.081
    IESR_TS            0.008      0.026      0.319      0.750
    MPSS_TOT           0.285      0.124      2.307      0.021

 OPENNESS WITH
    AGREEABLEN         0.100      0.074      1.345      0.179
    CONSCIENTI        -0.125      0.145     -0.863      0.388
    ACTIVE_COP         0.189      0.116      1.636      0.102
    AVOIDANCE_         0.021      0.070      0.305      0.760
    SOC_EMO_CO         0.179      0.075      2.379      0.017
    IESR_TS           -0.020      0.026     -0.784      0.433
    MPSS_TOT          -0.048      0.372     -0.130      0.897

 AGREEABL WITH
    CONSCIENTI         0.205      0.062      3.280      0.001
    ACTIVE_COP         0.206      0.090      2.288      0.022
    AVOIDANCE_         0.007      0.053      0.138      0.890
    SOC_EMO_CO         0.033      0.104      0.317      0.751
    IESR_TS            0.059      0.023      2.618      0.009
    MPSS_TOT           0.221      0.133      1.660      0.097

 CONSCIEN WITH
    ACTIVE_COP         0.215      0.106      2.035      0.042
    AVOIDANCE_        -0.158      0.066     -2.409      0.016
    SOC_EMO_CO        -0.152      0.066     -2.311      0.021
    IESR_TS            0.015      0.025      0.595      0.552
    MPSS_TOT           0.130      0.147      0.884      0.377

 ACTIVE_C WITH
    AVOIDANCE_         0.037      0.081      0.463      0.643
    SOC_EMO_CO         0.238      0.086      2.784      0.005
    IESR_TS            0.046      0.028      1.664      0.096
    MPSS_TOT           0.082      0.108      0.757      0.449

 AVOIDANC WITH
    SOC_EMO_CO         0.112      0.053      2.119      0.034
    IESR_TS            0.038      0.033      1.150      0.250
    MPSS_TOT          -0.097      0.081     -1.191      0.234

 SOC_EMO_ WITH
    IESR_TS            0.029      0.029      1.024      0.306
    MPSS_TOT           0.066      0.131      0.505      0.614

 IESR_TS  WITH
    MPSS_TOT           0.011      0.037      0.290      0.772

 Means
    NEUROTICIS        -0.667      0.087     -7.670      0.000
    EXTRAVERSI         0.091      0.110      0.825      0.409
    OPENNESS          -0.047      0.107     -0.435      0.663
    AGREEABLEN         0.228      0.191      1.197      0.231
    CONSCIENTI         0.170      0.117      1.454      0.146
    ACTIVE_COP        -0.224      0.114     -1.962      0.050
    AVOIDANCE_        -0.581      0.084     -6.924      0.000
    SOC_EMO_CO        -0.658      0.117     -5.617      0.000
    IESR_TS           -0.820      0.034    -24.387      0.000
    MPSS_TOT          -0.239      0.138     -1.724      0.085

 Variances
    NEUROTICIS         0.544      0.069      7.866      0.000
    EXTRAVERSI         0.869      0.178      4.886      0.000
    OPENNESS           0.868      0.271      3.198      0.001
    AGREEABLEN         0.719      0.099      7.256      0.000
    CONSCIENTI         0.731      0.145      5.034      0.000
    ACTIVE_COP         0.927      0.149      6.229      0.000
    AVOIDANCE_         0.322      0.043      7.420      0.000
    SOC_EMO_CO         0.480      0.116      4.138      0.000
    IESR_TS            0.058      0.012      4.967      0.000
    MPSS_TOT           1.132      0.240      4.718      0.000

Latent Class 2

 NEUROTIC WITH
    EXTRAVERSI        -0.508      0.081     -6.296      0.000
    OPENNESS           0.026      0.134      0.194      0.846
    AGREEABLEN        -0.032      0.077     -0.411      0.681
    CONSCIENTI        -0.277      0.077     -3.578      0.000
    ACTIVE_COP        -0.180      0.077     -2.323      0.020
    AVOIDANCE_         0.240      0.095      2.519      0.012
    SOC_EMO_CO         0.256      0.069      3.695      0.000
    IESR_TS            0.191      0.100      1.907      0.057
    MPSS_TOT          -0.076      0.092     -0.831      0.406

 EXTRAVER WITH
    OPENNESS           0.144      0.101      1.425      0.154
    AGREEABLEN         0.248      0.089      2.793      0.005
    CONSCIENTI         0.528      0.085      6.252      0.000
    ACTIVE_COP         0.270      0.072      3.750      0.000
    AVOIDANCE_        -0.040      0.087     -0.463      0.644
    SOC_EMO_CO         0.211      0.089      2.382      0.017
    IESR_TS            0.231      0.118      1.962      0.050
    MPSS_TOT           0.226      0.091      2.477      0.013

 OPENNESS WITH
    AGREEABLEN         0.251      0.067      3.723      0.000
    CONSCIENTI         0.014      0.067      0.214      0.830
    ACTIVE_COP         0.144      0.071      2.028      0.043
    AVOIDANCE_        -0.210      0.148     -1.420      0.155
    SOC_EMO_CO         0.138      0.095      1.456      0.145
    IESR_TS            0.114      0.141      0.809      0.418
    MPSS_TOT           0.164      0.115      1.434      0.152

 AGREEABL WITH
    CONSCIENTI         0.109      0.083      1.316      0.188
    ACTIVE_COP         0.067      0.086      0.774      0.439
    AVOIDANCE_        -0.155      0.075     -2.058      0.040
    SOC_EMO_CO         0.121      0.085      1.424      0.155
    IESR_TS            0.124      0.081      1.520      0.128
    MPSS_TOT           0.213      0.078      2.717      0.007

 CONSCIEN WITH
    ACTIVE_COP         0.316      0.077      4.104      0.000
    AVOIDANCE_        -0.202      0.075     -2.684      0.007
    SOC_EMO_CO         0.236      0.082      2.871      0.004
    IESR_TS            0.235      0.099      2.367      0.018
    MPSS_TOT           0.107      0.083      1.290      0.197

 ACTIVE_C WITH
    AVOIDANCE_         0.106      0.091      1.169      0.242
    SOC_EMO_CO         0.536      0.089      6.055      0.000
    IESR_TS            0.022      0.083      0.271      0.787
    MPSS_TOT           0.324      0.082      3.953      0.000

 AVOIDANC WITH
    SOC_EMO_CO         0.098      0.086      1.142      0.254
    IESR_TS           -0.133      0.117     -1.141      0.254
    MPSS_TOT           0.078      0.111      0.698      0.485

 SOC_EMO_ WITH
    IESR_TS            0.386      0.079      4.900      0.000
    MPSS_TOT           0.565      0.095      5.912      0.000

 IESR_TS  WITH
    MPSS_TOT           0.243      0.114      2.135      0.033

 Means
    NEUROTICIS         0.531      0.111      4.786      0.000
    EXTRAVERSI        -0.378      0.096     -3.952      0.000
    OPENNESS          -0.052      0.124     -0.422      0.673
    AGREEABLEN        -0.291      0.074     -3.911      0.000
    CONSCIENTI        -0.261      0.090     -2.906      0.004
    ACTIVE_COP        -0.010      0.083     -0.120      0.905
    AVOIDANCE_         0.418      0.101      4.152      0.000
    SOC_EMO_CO         0.171      0.076      2.243      0.025
    IESR_TS            0.725      0.106      6.842      0.000
    MPSS_TOT          -0.386      0.100     -3.861      0.000

 Variances
    NEUROTICIS         1.021      0.097     10.496      0.000
    EXTRAVERSI         1.152      0.108     10.666      0.000
    OPENNESS           1.069      0.126      8.484      0.000
    AGREEABLEN         1.164      0.145      8.008      0.000
    CONSCIENTI         1.219      0.129      9.461      0.000
    ACTIVE_COP         1.153      0.107     10.766      0.000
    AVOIDANCE_         1.388      0.140      9.929      0.000
    SOC_EMO_CO         1.232      0.102     12.016      0.000
    IESR_TS            1.177      0.092     12.748      0.000
    MPSS_TOT           1.105      0.106     10.460      0.000

Latent Class 3

 NEUROTIC WITH
    EXTRAVERSI        -0.249      0.064     -3.915      0.000
    OPENNESS          -0.210      0.067     -3.156      0.002
    AGREEABLEN        -0.145      0.071     -2.051      0.040
    CONSCIENTI        -0.322      0.060     -5.387      0.000
    ACTIVE_COP        -0.240      0.061     -3.953      0.000
    AVOIDANCE_         0.036      0.053      0.680      0.497
    SOC_EMO_CO         0.105      0.064      1.639      0.101
    IESR_TS           -0.007      0.047     -0.153      0.878
    MPSS_TOT          -0.062      0.037     -1.661      0.097

 EXTRAVER WITH
    OPENNESS           0.097      0.057      1.703      0.089
    AGREEABLEN         0.152      0.060      2.522      0.012
    CONSCIENTI         0.313      0.072      4.322      0.000
    ACTIVE_COP         0.200      0.061      3.283      0.001
    AVOIDANCE_         0.013      0.057      0.228      0.819
    SOC_EMO_CO         0.159      0.067      2.380      0.017
    IESR_TS            0.002      0.045      0.037      0.971
    MPSS_TOT           0.105      0.049      2.139      0.032

 OPENNESS WITH
    AGREEABLEN         0.359      0.100      3.585      0.000
    CONSCIENTI         0.144      0.063      2.284      0.022
    ACTIVE_COP         0.105      0.082      1.279      0.201
    AVOIDANCE_        -0.118      0.067     -1.757      0.079
    SOC_EMO_CO         0.096      0.077      1.243      0.214
    IESR_TS           -0.027      0.050     -0.542      0.588
    MPSS_TOT           0.019      0.042      0.460      0.645

 AGREEABL WITH
    CONSCIENTI         0.093      0.082      1.133      0.257
    ACTIVE_COP         0.154      0.097      1.588      0.112
    AVOIDANCE_         0.058      0.076      0.758      0.448
    SOC_EMO_CO         0.233      0.073      3.208      0.001
    IESR_TS           -0.053      0.074     -0.723      0.470
    MPSS_TOT           0.074      0.050      1.476      0.140

 CONSCIEN WITH
    ACTIVE_COP         0.307      0.065      4.756      0.000
    AVOIDANCE_        -0.054      0.062     -0.863      0.388
    SOC_EMO_CO        -0.056      0.080     -0.706      0.480
    IESR_TS           -0.018      0.046     -0.382      0.703
    MPSS_TOT           0.099      0.035      2.835      0.005

 ACTIVE_C WITH
    AVOIDANCE_         0.034      0.055      0.628      0.530
    SOC_EMO_CO         0.227      0.071      3.208      0.001
    IESR_TS           -0.012      0.056     -0.223      0.823
    MPSS_TOT           0.111      0.055      2.016      0.044

 AVOIDANC WITH
    SOC_EMO_CO         0.010      0.051      0.195      0.846
    IESR_TS           -0.028      0.046     -0.612      0.541
    MPSS_TOT          -0.019      0.036     -0.523      0.601

 SOC_EMO_ WITH
    IESR_TS           -0.010      0.040     -0.255      0.799
    MPSS_TOT           0.090      0.044      2.026      0.043

 IESR_TS  WITH
    MPSS_TOT          -0.011      0.025     -0.454      0.650

 Means
    NEUROTICIS        -0.184      0.077     -2.386      0.017
    EXTRAVERSI         0.368      0.087      4.252      0.000
    OPENNESS           0.088      0.113      0.779      0.436
    AGREEABLEN         0.185      0.086      2.150      0.032
    CONSCIENTI         0.189      0.089      2.118      0.034
    ACTIVE_COP         0.150      0.095      1.580      0.114
    AVOIDANCE_        -0.110      0.097     -1.136      0.256
    SOC_EMO_CO         0.216      0.076      2.854      0.004
    IESR_TS           -0.306      0.088     -3.463      0.001
    MPSS_TOT           0.581      0.096      6.052      0.000

 Variances
    NEUROTICIS         0.628      0.070      8.920      0.000
    EXTRAVERSI         0.606      0.070      8.674      0.000
    OPENNESS           0.989      0.097     10.236      0.000
    AGREEABLEN         0.825      0.106      7.816      0.000
    CONSCIENTI         0.787      0.087      9.065      0.000
    ACTIVE_COP         0.816      0.095      8.614      0.000
    AVOIDANCE_         0.562      0.064      8.789      0.000
    SOC_EMO_CO         0.710      0.087      8.184      0.000
    IESR_TS            0.282      0.047      5.992      0.000
    MPSS_TOT           0.256      0.060      4.288      0.000

Categorical Latent Variables

 Means
    C1#1              -0.479      0.254     -1.887      0.059
    C1#2               0.116      0.178      0.651      0.515


QUALITY OF NUMERICAL RESULTS

     Condition Number for the Information Matrix              0.140E-04
       (ratio of smallest to largest eigenvalue)


TECHNICAL 14 OUTPUT

     Random Starts Specifications for the k-1 Class Analysis Model
        Number of initial stage random starts                  20
        Number of final stage optimizations                     4

     Random Starts Specification for the k-1 Class Model for Generated Data
        Number of initial stage random starts                   0
        Number of final stage optimizations for the
           initial stage random starts                          0
     Random Starts Specification for the k Class Model for Generated Data
        Number of initial stage random starts                  40
        Number of final stage optimizations                     8
     Number of bootstrap draws requested                   Varies


     PARAMETRIC BOOTSTRAPPED LIKELIHOOD RATIO TEST FOR 2 (H0) VERSUS 3 CLASSES

          H0 Loglikelihood Value                        -9562.553
          2 Times the Loglikelihood Difference            224.936
          Difference in the Number of Parameters               66
          Approximate P-Value                              0.0000
          Successful Bootstrap Draws                           20

     WARNING:  OF THE 20 BOOTSTRAP DRAWS, 19 DRAWS HAD BOTH A SMALLER LRT VALUE THAN THE
     OBSERVED LRT VALUE AND NOT A REPLICATED BEST LOGLIKELIHOOD VALUE FOR THE 3-CLASS MODEL.
     THIS MEANS THAT THE P-VALUE MAY NOT BE TRUSTWORTHY DUE TO LOCAL MAXIMA.
     INCREASE THE NUMBER OF RANDOM STARTS USING THE LRTSTARTS OPTION.



SAVEDATA INFORMATION


  Save file
    model_6_class_3.dat

  Order and format of variables

    NEUROTIC       F10.3
    EXTRAVER       F10.3
    OPENNESS       F10.3
    AGREEABL       F10.3
    CONSCIEN       F10.3
    ACTIVE_C       F10.3
    AVOIDANC       F10.3
    SOC_EMO_       F10.3
    IESR_TS        F10.3
    MPSS_TOT       F10.3
    CPROB1         F10.3
    CPROB2         F10.3
    CPROB3         F10.3
    C1             F10.3

  Save file format
    14F10.3

  Save file record length    10000

  Save missing symbol        *


     Beginning Time:  13:28:34
        Ending Time:  13:29:23
       Elapsed Time:  00:00:49



MUTHEN & MUTHEN
3463 Stoner Ave.
Los Angeles, CA  90066

Tel: (310) 391-9971
Fax: (310) 391-8971
Web: www.StatModel.com
Support: Support@StatModel.com

Copyright (c) 1998-2021 Muthen & Muthen
