Mplus VERSION 8.6 (Mac)
MUTHEN & MUTHEN
11/09/2022  10:37 AM

INPUT INSTRUCTIONS

  TITLE: Model 4b: Bifactor-ESEM (1 G- and 6 S-factors).
  DATA:
  FILE = "semdata.dat";

  VARIABLE:
  NAMES =
    scsj1 scoi2 scch3 scis4 scsk5 scoi6 scch7 scsj8 scmi9 scch10 scsj11 scsk12
    scis13 scmi14 scch15 scsj16 scmi17 scis18 scsk19 scoi20 scsj21 scmi22 scsk23
    scoi24 scis25 scsk26
    pos_sc neg_sc ts_sc
    ptgi_al ptgi_np ptgi_ps ptgi_sp ptgi_ro
    iesr_a iesr_i iesr_h
    cope_pa cope_po
    mspss_fa mspss_fr mspss_so
    neuro_na neuro_sr
    extra_pa extra_so extra_ac
    group
    ;

  MISSING = .;

  USEVARIABLES ARE
    scsj1 scoi2 scch3 scis4 scsk5 scoi6 scch7 scsj8 scmi9 scch10 scsj11 scsk12
    scis13 scmi14 scch15 scsj16 scmi17 scis18 scsk19 scoi20 scsj21 scmi22 scsk23
    scoi24 scis25 scsk26
    ;

  ! Specifying that we're treating the variables as categorical.
  CATEGORICAL ARE all;

  ANALYSIS:
    ESTIMATOR = WLSMV;
    PROCESSORS = 6;
    ROTATION = TARGET (ORTHOGONAL);

  MODEL:

  sc BY
    scsk5 scsk12 scsk19 scsk23 scsk26 scsj1 scsj8 scsj11 scsj16
    scsj21 scch3 scch7 scch10 scch15 scis4 scis13 scis18 scis25
    scmi9 scmi14 scmi17 scmi22 scoi2 scoi6 scoi20 scoi24 (*1);

  sk BY
    scsk5 scsk12 scsk19 scsk23 scsk26 scsj1~0 scsj8~0 scsj11~0 scsj16~0
    scsj21~0 scch3~0 scch7~0 scch10~0 scch15~0 scis4~0 scis13~0 scis18~0
    scis25~0 scmi9~0 scmi14~0 scmi17~0 scmi22~0 scoi2~0 scoi6~0 scoi20~0
    scoi24~0 (*1);

  sj BY
    scsk5~0 scsk12~0 scsk19~0 scsk23~0 scsk26~0 scsj1 scsj8 scsj11
    scsj16 scsj21 scch3~0 scch7~0 scch10~0 scch15~0 scis4~0 scis13~0
    scis18~0 scis25~0 scmi9~0 scmi14~0 scmi17~0 scmi22~0 scoi2~0 scoi6~0
    scoi20~0 scoi24~0 (*1);

  ch BY
    scsk5~0 scsk12~0 scsk19~0 scsk23~0 scsk26~0 scsj1~0 scsj8~0 scsj11~0
    scsj16~0 scsj21~0 scch3 scch7 scch10 scch15 scis4~0 scis13~0 scis18~0
    scis25~0 scmi9~0 scmi14~0 scmi17~0 scmi22~0 scoi2~0 scoi6~0 scoi20~0
    scoi24~0 (*1);

  is BY
    scsk5~0 scsk12~0 scsk19~0 scsk23~0 scsk26~0 scsj1~0 scsj8~0
    scsj11~0 scsj16~0 scsj21~0 scch3~0 scch7~0 scch10~0 scch15~0
    scis4 scis13 scis18 scis25 scmi9~0 scmi14~0 scmi17~0 scmi22~0
    scoi2~0 scoi6~0 scoi20~0 scoi24~0 (*1);

  mi BY
    scsk5~0 scsk12~0 scsk19~0 scsk23~0 scsk26~0 scsj1~0 scsj8~0
    scsj11~0 scsj16~0 scsj21~0 scch3~0 scch7~0 scch10~0 scch15~0 scis4~0
    scis13~0 scis18~0 scis25~0 scmi9 scmi14 scmi17 scmi22 scoi2~0 scoi6~0
    scoi20~0 scoi24~0 (*1);

  oi BY
    scsk5~0 scsk12~0 scsk19~0 scsk23~0 scsk26~0 scsj1~0 scsj8~0 scsj11~0
    scsj16~0 scsj21~0 scch3~0 scch7~0 scch10~0 scch15~0 scis4~0 scis13~0
    scis18~0 scis25~0 scmi9~0 scmi14~0 scmi17~0 scmi22~0 scoi2 scoi6
    scoi20 scoi24 (*1);


  ! Requesting standardized parameter estimates and modification indices
  OUTPUT:
    stdyx;
    ! MODINDICES (ALL);

  savedata:
    file is m4b_scores.txt;
    save = fscores;



INPUT READING TERMINATED NORMALLY



Model 4b: Bifactor-ESEM (1 G- and 6 S-factors).

SUMMARY OF ANALYSIS

Number of groups                                                 1
Number of observations                                        1068

Number of dependent variables                                   26
Number of independent variables                                  0
Number of continuous latent variables                            7

Observed dependent variables

  Binary and ordered categorical (ordinal)
   SCSJ1       SCOI2       SCCH3       SCIS4       SCSK5       SCOI6
   SCCH7       SCSJ8       SCMI9       SCCH10      SCSJ11      SCSK12
   SCIS13      SCMI14      SCCH15      SCSJ16      SCMI17      SCIS18
   SCSK19      SCOI20      SCSJ21      SCMI22      SCSK23      SCOI24
   SCIS25      SCSK26

Continuous latent variables

  EFA factors
  *1:   SC          SK          SJ          CH          IS          MI
   OI


Estimator                                                    WLSMV
Rotation                                                    TARGET
Row standardization                                    CORRELATION
Type of rotation                                        ORTHOGONAL
Maximum number of iterations                                  1000
Convergence criterion                                    0.500D-04
Maximum number of steepest descent iterations                   20
Maximum number of iterations for H1                           2000
Convergence criterion for H1                             0.100D-03
Optimization Specifications for the Exploratory Factor Analysis
Rotation Algorithm
  Number of random starts                                       30
  Maximum number of iterations                             1000000
  Derivative convergence criterion                       0.100D-04
Parameterization                                             DELTA
Link                                                        PROBIT

Input data file(s)
  semdata.dat

Input data format  FREE


SUMMARY OF DATA

     Number of missing data patterns             1


COVARIANCE COVERAGE OF DATA

Minimum covariance coverage value   0.100


     PROPORTION OF DATA PRESENT


           Covariance Coverage
              SCSJ1         SCOI2         SCCH3         SCIS4         SCSK5
              ________      ________      ________      ________      ________
 SCSJ1          1.000
 SCOI2          1.000         1.000
 SCCH3          1.000         1.000         1.000
 SCIS4          1.000         1.000         1.000         1.000
 SCSK5          1.000         1.000         1.000         1.000         1.000
 SCOI6          1.000         1.000         1.000         1.000         1.000
 SCCH7          1.000         1.000         1.000         1.000         1.000
 SCSJ8          1.000         1.000         1.000         1.000         1.000
 SCMI9          1.000         1.000         1.000         1.000         1.000
 SCCH10         1.000         1.000         1.000         1.000         1.000
 SCSJ11         1.000         1.000         1.000         1.000         1.000
 SCSK12         1.000         1.000         1.000         1.000         1.000
 SCIS13         1.000         1.000         1.000         1.000         1.000
 SCMI14         1.000         1.000         1.000         1.000         1.000
 SCCH15         1.000         1.000         1.000         1.000         1.000
 SCSJ16         1.000         1.000         1.000         1.000         1.000
 SCMI17         1.000         1.000         1.000         1.000         1.000
 SCIS18         1.000         1.000         1.000         1.000         1.000
 SCSK19         1.000         1.000         1.000         1.000         1.000
 SCOI20         1.000         1.000         1.000         1.000         1.000
 SCSJ21         1.000         1.000         1.000         1.000         1.000
 SCMI22         1.000         1.000         1.000         1.000         1.000
 SCSK23         1.000         1.000         1.000         1.000         1.000
 SCOI24         1.000         1.000         1.000         1.000         1.000
 SCIS25         1.000         1.000         1.000         1.000         1.000
 SCSK26         1.000         1.000         1.000         1.000         1.000


           Covariance Coverage
              SCOI6         SCCH7         SCSJ8         SCMI9         SCCH10
              ________      ________      ________      ________      ________
 SCOI6          1.000
 SCCH7          1.000         1.000
 SCSJ8          1.000         1.000         1.000
 SCMI9          1.000         1.000         1.000         1.000
 SCCH10         1.000         1.000         1.000         1.000         1.000
 SCSJ11         1.000         1.000         1.000         1.000         1.000
 SCSK12         1.000         1.000         1.000         1.000         1.000
 SCIS13         1.000         1.000         1.000         1.000         1.000
 SCMI14         1.000         1.000         1.000         1.000         1.000
 SCCH15         1.000         1.000         1.000         1.000         1.000
 SCSJ16         1.000         1.000         1.000         1.000         1.000
 SCMI17         1.000         1.000         1.000         1.000         1.000
 SCIS18         1.000         1.000         1.000         1.000         1.000
 SCSK19         1.000         1.000         1.000         1.000         1.000
 SCOI20         1.000         1.000         1.000         1.000         1.000
 SCSJ21         1.000         1.000         1.000         1.000         1.000
 SCMI22         1.000         1.000         1.000         1.000         1.000
 SCSK23         1.000         1.000         1.000         1.000         1.000
 SCOI24         1.000         1.000         1.000         1.000         1.000
 SCIS25         1.000         1.000         1.000         1.000         1.000
 SCSK26         1.000         1.000         1.000         1.000         1.000


           Covariance Coverage
              SCSJ11        SCSK12        SCIS13        SCMI14        SCCH15
              ________      ________      ________      ________      ________
 SCSJ11         1.000
 SCSK12         1.000         1.000
 SCIS13         1.000         1.000         1.000
 SCMI14         1.000         1.000         1.000         1.000
 SCCH15         1.000         1.000         1.000         1.000         1.000
 SCSJ16         1.000         1.000         1.000         1.000         1.000
 SCMI17         1.000         1.000         1.000         1.000         1.000
 SCIS18         1.000         1.000         1.000         1.000         1.000
 SCSK19         1.000         1.000         1.000         1.000         1.000
 SCOI20         1.000         1.000         1.000         1.000         1.000
 SCSJ21         1.000         1.000         1.000         1.000         1.000
 SCMI22         1.000         1.000         1.000         1.000         1.000
 SCSK23         1.000         1.000         1.000         1.000         1.000
 SCOI24         1.000         1.000         1.000         1.000         1.000
 SCIS25         1.000         1.000         1.000         1.000         1.000
 SCSK26         1.000         1.000         1.000         1.000         1.000


           Covariance Coverage
              SCSJ16        SCMI17        SCIS18        SCSK19        SCOI20
              ________      ________      ________      ________      ________
 SCSJ16         1.000
 SCMI17         1.000         1.000
 SCIS18         1.000         1.000         1.000
 SCSK19         1.000         1.000         1.000         1.000
 SCOI20         1.000         1.000         1.000         1.000         1.000
 SCSJ21         1.000         1.000         1.000         1.000         1.000
 SCMI22         1.000         1.000         1.000         1.000         1.000
 SCSK23         1.000         1.000         1.000         1.000         1.000
 SCOI24         1.000         1.000         1.000         1.000         1.000
 SCIS25         1.000         1.000         1.000         1.000         1.000
 SCSK26         1.000         1.000         1.000         1.000         1.000


           Covariance Coverage
              SCSJ21        SCMI22        SCSK23        SCOI24        SCIS25
              ________      ________      ________      ________      ________
 SCSJ21         1.000
 SCMI22         1.000         1.000
 SCSK23         1.000         1.000         1.000
 SCOI24         1.000         1.000         1.000         1.000
 SCIS25         1.000         1.000         1.000         1.000         1.000
 SCSK26         1.000         1.000         1.000         1.000         1.000


           Covariance Coverage
              SCSK26
              ________
 SCSK26         1.000


UNIVARIATE PROPORTIONS AND COUNTS FOR CATEGORICAL VARIABLES

    SCSJ1
      Category 1    0.043           46.000
      Category 2    0.092           98.000
      Category 3    0.247          264.000
      Category 4    0.332          355.000
      Category 5    0.286          305.000
    SCOI2
      Category 1    0.235          251.000
      Category 2    0.225          240.000
      Category 3    0.204          218.000
      Category 4    0.196          209.000
      Category 5    0.140          150.000
    SCCH3
      Category 1    0.063           67.000
      Category 2    0.144          154.000
      Category 3    0.326          348.000
      Category 4    0.331          354.000
      Category 5    0.136          145.000
    SCIS4
      Category 1    0.273          292.000
      Category 2    0.256          273.000
      Category 3    0.189          202.000
      Category 4    0.177          189.000
      Category 5    0.105          112.000
    SCSK5
      Category 1    0.138          147.000
      Category 2    0.272          290.000
      Category 3    0.287          306.000
      Category 4    0.205          219.000
      Category 5    0.099          106.000
    SCOI6
      Category 1    0.172          184.000
      Category 2    0.219          234.000
      Category 3    0.230          246.000
      Category 4    0.218          233.000
      Category 5    0.160          171.000
    SCCH7
      Category 1    0.228          243.000
      Category 2    0.263          281.000
      Category 3    0.259          277.000
      Category 4    0.169          180.000
      Category 5    0.081           87.000
    SCSJ8
      Category 1    0.159          170.000
      Category 2    0.222          237.000
      Category 3    0.235          251.000
      Category 4    0.244          261.000
      Category 5    0.140          149.000
    SCMI9
      Category 1    0.039           42.000
      Category 2    0.130          139.000
      Category 3    0.320          342.000
      Category 4    0.346          370.000
      Category 5    0.164          175.000
    SCCH10
      Category 1    0.203          217.000
      Category 2    0.272          290.000
      Category 3    0.288          308.000
      Category 4    0.179          191.000
      Category 5    0.058           62.000
    SCSJ11
      Category 1    0.170          182.000
      Category 2    0.258          276.000
      Category 3    0.240          256.000
      Category 4    0.217          232.000
      Category 5    0.114          122.000
    SCSK12
      Category 1    0.161          172.000
      Category 2    0.313          334.000
      Category 3    0.277          296.000
      Category 4    0.176          188.000
      Category 5    0.073           78.000
    SCIS13
      Category 1    0.214          229.000
      Category 2    0.219          234.000
      Category 3    0.198          211.000
      Category 4    0.245          262.000
      Category 5    0.124          132.000
    SCMI14
      Category 1    0.044           47.000
      Category 2    0.140          150.000
      Category 3    0.304          325.000
      Category 4    0.348          372.000
      Category 5    0.163          174.000
    SCCH15
      Category 1    0.090           96.000
      Category 2    0.199          212.000
      Category 3    0.319          341.000
      Category 4    0.270          288.000
      Category 5    0.123          131.000
    SCSJ16
      Category 1    0.165          176.000
      Category 2    0.221          236.000
      Category 3    0.222          237.000
      Category 4    0.256          273.000
      Category 5    0.137          146.000
    SCMI17
      Category 1    0.046           49.000
      Category 2    0.177          189.000
      Category 3    0.346          369.000
      Category 4    0.327          349.000
      Category 5    0.105          112.000
    SCIS18
      Category 1    0.160          171.000
      Category 2    0.201          215.000
      Category 3    0.228          244.000
      Category 4    0.265          283.000
      Category 5    0.145          155.000
    SCSK19
      Category 1    0.145          155.000
      Category 2    0.278          297.000
      Category 3    0.314          335.000
      Category 4    0.185          198.000
      Category 5    0.078           83.000
    SCOI20
      Category 1    0.227          242.000
      Category 2    0.264          282.000
      Category 3    0.254          271.000
      Category 4    0.164          175.000
      Category 5    0.092           98.000
    SCSJ21
      Category 1    0.138          147.000
      Category 2    0.247          264.000
      Category 3    0.298          318.000
      Category 4    0.226          241.000
      Category 5    0.092           98.000
    SCMI22
      Category 1    0.120          128.000
      Category 2    0.255          272.000
      Category 3    0.317          339.000
      Category 4    0.226          241.000
      Category 5    0.082           88.000
    SCSK23
      Category 1    0.145          155.000
      Category 2    0.301          321.000
      Category 3    0.297          317.000
      Category 4    0.183          195.000
      Category 5    0.075           80.000
    SCOI24
      Category 1    0.356          380.000
      Category 2    0.286          305.000
      Category 3    0.178          190.000
      Category 4    0.120          128.000
      Category 5    0.061           65.000
    SCIS25
      Category 1    0.237          253.000
      Category 2    0.196          209.000
      Category 3    0.212          226.000
      Category 4    0.224          239.000
      Category 5    0.132          141.000
    SCSK26
      Category 1    0.117          125.000
      Category 2    0.305          326.000
      Category 3    0.326          348.000
      Category 4    0.199          212.000
      Category 5    0.053           57.000



THE MODEL ESTIMATION TERMINATED NORMALLY



MODEL FIT INFORMATION

Number of Free Parameters                      265

Chi-Square Test of Model Fit

          Value                            542.343*
          Degrees of Freedom                   164
          P-Value                           0.0000

*   The chi-square value for MLM, MLMV, MLR, ULSMV, WLSM and WLSMV cannot be used
    for chi-square difference testing in the regular way.  MLM, MLR and WLSM
    chi-square difference testing is described on the Mplus website.  MLMV, WLSMV,
    and ULSMV difference testing is done using the DIFFTEST option.

RMSEA (Root Mean Square Error Of Approximation)

          Estimate                           0.046
          90 Percent C.I.                    0.042  0.051
          Probability RMSEA <= .05           0.907

CFI/TLI

          CFI                                0.987
          TLI                                0.975

Chi-Square Test of Model Fit for the Baseline Model

          Value                          29932.742
          Degrees of Freedom                   325
          P-Value                           0.0000

SRMR (Standardized Root Mean Square Residual)

          Value                              0.014

Optimum Function Value for Weighted Least-Squares Estimator

          Value                     0.63555673D-01



MODEL RESULTS

                                                    Two-Tailed
                    Estimate       S.E.  Est./S.E.    P-Value

 SC       BY
    SCSK5             -0.213      0.037     -5.781      0.000
    SCSK12            -0.341      0.034    -10.014      0.000
    SCSK19            -0.408      0.033    -12.378      0.000
    SCSK23            -0.642      0.032    -20.205      0.000
    SCSK26            -0.494      0.036    -13.870      0.000
    SCSJ1              0.585      0.024     24.491      0.000
    SCSJ8              0.683      0.021     32.348      0.000
    SCSJ11             0.709      0.019     38.018      0.000
    SCSJ16             0.711      0.019     37.834      0.000
    SCSJ21             0.511      0.026     19.286      0.000
    SCCH3             -0.021      0.037     -0.557      0.578
    SCCH7              0.008      0.036      0.228      0.820
    SCCH10            -0.133      0.035     -3.796      0.000
    SCCH15            -0.406      0.035    -11.690      0.000
    SCIS4              0.793      0.017     47.956      0.000
    SCIS13             0.686      0.020     33.927      0.000
    SCIS18             0.729      0.018     39.584      0.000
    SCIS25             0.770      0.017     45.932      0.000
    SCMI9             -0.182      0.035     -5.214      0.000
    SCMI14            -0.399      0.031    -12.746      0.000
    SCMI17            -0.531      0.029    -18.092      0.000
    SCMI22            -0.388      0.036    -10.887      0.000
    SCOI2              0.814      0.016     52.286      0.000
    SCOI6              0.812      0.014     56.957      0.000
    SCOI20             0.578      0.024     23.688      0.000
    SCOI24             0.627      0.023     27.605      0.000

 SK       BY
    SCSK5              0.692      0.018     37.767      0.000
    SCSK12             0.755      0.017     44.407      0.000
    SCSK19             0.749      0.019     39.906      0.000
    SCSK23             0.300      0.041      7.275      0.000
    SCSK26             0.435      0.034     12.818      0.000
    SCSJ1             -0.019      0.026     -0.732      0.464
    SCSJ8             -0.104      0.019     -5.500      0.000
    SCSJ11            -0.018      0.023     -0.791      0.429
    SCSJ16            -0.009      0.023     -0.401      0.689
    SCSJ21            -0.149      0.024     -6.254      0.000
    SCCH3              0.149      0.028      5.235      0.000
    SCCH7              0.279      0.023     12.224      0.000
    SCCH10             0.238      0.022     10.609      0.000
    SCCH15             0.253      0.030      8.542      0.000
    SCIS4              0.037      0.021      1.770      0.077
    SCIS13             0.084      0.019      4.323      0.000
    SCIS18             0.108      0.019      5.592      0.000
    SCIS25             0.104      0.021      4.923      0.000
    SCMI9              0.134      0.024      5.638      0.000
    SCMI14             0.130      0.022      5.848      0.000
    SCMI17             0.206      0.024      8.429      0.000
    SCMI22             0.428      0.027     15.876      0.000
    SCOI2              0.068      0.019      3.558      0.000
    SCOI6              0.098      0.020      4.814      0.000
    SCOI20             0.295      0.025     11.851      0.000
    SCOI24             0.182      0.025      7.347      0.000

 SJ       BY
    SCSK5             -0.070      0.025     -2.849      0.004
    SCSK12             0.026      0.027      0.974      0.330
    SCSK19            -0.051      0.023     -2.253      0.024
    SCSK23            -0.005      0.046     -0.116      0.908
    SCSK26            -0.086      0.035     -2.489      0.013
    SCSJ1              0.265      0.045      5.944      0.000
    SCSJ8              0.465      0.036     12.828      0.000
    SCSJ11             0.317      0.031     10.201      0.000
    SCSJ16             0.400      0.031     12.872      0.000
    SCSJ21             0.292      0.047      6.250      0.000
    SCCH3             -0.080      0.044     -1.820      0.069
    SCCH7              0.080      0.027      2.944      0.003
    SCCH10             0.178      0.026      6.806      0.000
    SCCH15             0.008      0.035      0.228      0.819
    SCIS4             -0.012      0.029     -0.401      0.688
    SCIS13            -0.069      0.020     -3.532      0.000
    SCIS18             0.042      0.021      1.982      0.048
    SCIS25             0.064      0.028      2.310      0.021
    SCMI9              0.130      0.028      4.703      0.000
    SCMI14             0.070      0.025      2.840      0.005
    SCMI17             0.174      0.025      7.077      0.000
    SCMI22             0.196      0.031      6.243      0.000
    SCOI2              0.027      0.027      1.018      0.309
    SCOI6              0.029      0.024      1.189      0.234
    SCOI20             0.140      0.028      4.974      0.000
    SCOI24             0.034      0.028      1.187      0.235

 CH       BY
    SCSK5              0.243      0.021     11.352      0.000
    SCSK12             0.206      0.019     11.050      0.000
    SCSK19             0.118      0.019      6.057      0.000
    SCSK23             0.156      0.026      5.971      0.000
    SCSK26             0.249      0.024     10.206      0.000
    SCSJ1              0.106      0.028      3.814      0.000
    SCSJ8              0.112      0.021      5.325      0.000
    SCSJ11             0.139      0.022      6.190      0.000
    SCSJ16             0.022      0.022      1.036      0.300
    SCSJ21             0.086      0.027      3.178      0.001
    SCCH3              0.473      0.030     15.645      0.000
    SCCH7              0.739      0.027     26.906      0.000
    SCCH10             0.755      0.028     26.640      0.000
    SCCH15             0.438      0.027     16.124      0.000
    SCIS4              0.095      0.022      4.236      0.000
    SCIS13             0.086      0.019      4.485      0.000
    SCIS18             0.100      0.019      5.230      0.000
    SCIS25             0.010      0.022      0.448      0.654
    SCMI9              0.165      0.025      6.581      0.000
    SCMI14             0.089      0.021      4.179      0.000
    SCMI17             0.198      0.024      8.396      0.000
    SCMI22             0.278      0.026     10.850      0.000
    SCOI2              0.098      0.021      4.665      0.000
    SCOI6              0.060      0.021      2.893      0.004
    SCOI20             0.002      0.025      0.087      0.931
    SCOI24             0.049      0.026      1.876      0.061

 IS       BY
    SCSK5              0.022      0.024      0.923      0.356
    SCSK12            -0.080      0.021     -3.809      0.000
    SCSK19             0.041      0.019      2.227      0.026
    SCSK23             0.194      0.034      5.739      0.000
    SCSK26             0.175      0.029      6.107      0.000
    SCSJ1             -0.146      0.032     -4.506      0.000
    SCSJ8             -0.001      0.022     -0.052      0.958
    SCSJ11            -0.005      0.021     -0.232      0.816
    SCSJ16             0.074      0.021      3.518      0.000
    SCSJ21             0.015      0.029      0.524      0.600
    SCCH3             -0.116      0.034     -3.455      0.001
    SCCH7              0.122      0.023      5.371      0.000
    SCCH10             0.072      0.022      3.321      0.001
    SCCH15             0.045      0.027      1.636      0.102
    SCIS4              0.132      0.034      3.872      0.000
    SCIS13             0.533      0.032     16.639      0.000
    SCIS18             0.489      0.029     16.704      0.000
    SCIS25             0.174      0.030      5.717      0.000
    SCMI9              0.056      0.025      2.266      0.023
    SCMI14             0.013      0.019      0.671      0.502
    SCMI17             0.016      0.023      0.690      0.490
    SCMI22            -0.077      0.029     -2.690      0.007
    SCOI2              0.034      0.023      1.491      0.136
    SCOI6              0.086      0.025      3.457      0.001
    SCOI20             0.158      0.026      6.038      0.000
    SCOI24             0.102      0.027      3.816      0.000

 MI       BY
    SCSK5              0.104      0.021      4.864      0.000
    SCSK12             0.092      0.021      4.344      0.000
    SCSK19             0.161      0.017      9.268      0.000
    SCSK23             0.101      0.036      2.775      0.006
    SCSK26             0.148      0.028      5.245      0.000
    SCSJ1              0.233      0.027      8.469      0.000
    SCSJ8              0.127      0.023      5.560      0.000
    SCSJ11             0.119      0.022      5.416      0.000
    SCSJ16             0.089      0.021      4.226      0.000
    SCSJ21             0.190      0.028      6.882      0.000
    SCCH3              0.358      0.026     13.536      0.000
    SCCH7             -0.040      0.025     -1.585      0.113
    SCCH10             0.049      0.025      2.008      0.045
    SCCH15             0.309      0.026     11.983      0.000
    SCIS4              0.038      0.022      1.726      0.084
    SCIS13             0.011      0.020      0.532      0.595
    SCIS18             0.035      0.018      1.962      0.050
    SCIS25             0.038      0.021      1.805      0.071
    SCMI9              0.619      0.024     26.065      0.000
    SCMI14             0.707      0.023     30.368      0.000
    SCMI17             0.451      0.028     16.171      0.000
    SCMI22             0.209      0.032      6.586      0.000
    SCOI2             -0.002      0.019     -0.123      0.902
    SCOI6              0.080      0.021      3.856      0.000
    SCOI20            -0.213      0.023     -9.355      0.000
    SCOI24            -0.164      0.024     -6.890      0.000

 OI       BY
    SCSK5              0.002      0.025      0.089      0.929
    SCSK12            -0.082      0.026     -3.162      0.002
    SCSK19            -0.027      0.023     -1.156      0.248
    SCSK23             0.419      0.030     13.742      0.000
    SCSK26             0.307      0.022     14.016      0.000
    SCSJ1              0.002      0.031      0.066      0.947
    SCSJ8              0.119      0.022      5.492      0.000
    SCSJ11            -0.040      0.022     -1.805      0.071
    SCSJ16            -0.065      0.023     -2.881      0.004
    SCSJ21             0.166      0.026      6.359      0.000
    SCCH3              0.098      0.044      2.240      0.025
    SCCH7             -0.044      0.026     -1.676      0.094
    SCCH10            -0.060      0.026     -2.302      0.021
    SCCH15             0.188      0.024      7.874      0.000
    SCIS4              0.208      0.027      7.709      0.000
    SCIS13             0.053      0.018      2.972      0.003
    SCIS18             0.028      0.019      1.524      0.128
    SCIS25             0.190      0.024      7.783      0.000
    SCMI9             -0.105      0.023     -4.587      0.000
    SCMI14            -0.102      0.023     -4.436      0.000
    SCMI17             0.005      0.021      0.244      0.807
    SCMI22             0.169      0.028      6.060      0.000
    SCOI2              0.264      0.032      8.132      0.000
    SCOI6              0.175      0.032      5.417      0.000
    SCOI20             0.314      0.044      7.159      0.000
    SCOI24             0.282      0.036      7.766      0.000

 SK       WITH
    SC                 0.000      0.000    999.000    999.000

 SJ       WITH
    SC                 0.000      0.000    999.000    999.000
    SK                 0.000      0.000    999.000    999.000

 CH       WITH
    SC                 0.000      0.000    999.000    999.000
    SK                 0.000      0.000    999.000    999.000
    SJ                 0.000      0.000    999.000    999.000

 IS       WITH
    SC                 0.000      0.000    999.000    999.000
    SK                 0.000      0.000    999.000    999.000
    SJ                 0.000      0.000    999.000    999.000
    CH                 0.000      0.000    999.000    999.000

 MI       WITH
    SC                 0.000      0.000    999.000    999.000
    SK                 0.000      0.000    999.000    999.000
    SJ                 0.000      0.000    999.000    999.000
    CH                 0.000      0.000    999.000    999.000
    IS                 0.000      0.000    999.000    999.000

 OI       WITH
    SC                 0.000      0.000    999.000    999.000
    SK                 0.000      0.000    999.000    999.000
    SJ                 0.000      0.000    999.000    999.000
    CH                 0.000      0.000    999.000    999.000
    IS                 0.000      0.000    999.000    999.000
    MI                 0.000      0.000    999.000    999.000

 Thresholds
    SCSJ1$1           -1.716      0.068    -25.276      0.000
    SCSJ1$2           -1.104      0.048    -22.912      0.000
    SCSJ1$3           -0.300      0.039     -7.700      0.000
    SCSJ1$4            0.566      0.041     13.925      0.000
    SCOI2$1           -0.722      0.042    -17.111      0.000
    SCOI2$2           -0.101      0.038     -2.631      0.009
    SCOI2$3            0.423      0.040     10.676      0.000
    SCOI2$4            1.078      0.048     22.623      0.000
    SCCH3$1           -1.532      0.060    -25.471      0.000
    SCCH3$2           -0.817      0.043    -18.833      0.000
    SCCH3$3            0.082      0.038      2.142      0.032
    SCCH3$4            1.100      0.048     22.865      0.000
    SCIS4$1           -0.603      0.041    -14.699      0.000
    SCIS4$2            0.073      0.038      1.897      0.058
    SCIS4$3            0.577      0.041     14.163      0.000
    SCIS4$4            1.254      0.052     24.305      0.000
    SCSK5$1           -1.091      0.048    -22.769      0.000
    SCSK5$2           -0.230      0.039     -5.931      0.000
    SCSK5$3            0.512      0.040     12.727      0.000
    SCSK5$4            1.286      0.052     24.529      0.000
    SCOI6$1           -0.945      0.045    -20.876      0.000
    SCOI6$2           -0.276      0.039     -7.090      0.000
    SCOI6$3            0.310      0.039      7.943      0.000
    SCOI6$4            0.994      0.046     21.563      0.000
    SCCH7$1           -0.747      0.043    -17.575      0.000
    SCCH7$2           -0.023      0.038     -0.612      0.541
    SCCH7$3            0.674      0.042     16.176      0.000
    SCCH7$4            1.395      0.056     25.124      0.000
    SCSJ8$1           -0.998      0.046    -21.615      0.000
    SCSJ8$2           -0.303      0.039     -7.761      0.000
    SCSJ8$3            0.295      0.039      7.578      0.000
    SCSJ8$4            1.083      0.048     22.672      0.000
    SCMI9$1           -1.759      0.070    -25.130      0.000
    SCMI9$2           -0.956      0.045    -21.037      0.000
    SCMI9$3           -0.026      0.038     -0.673      0.501
    SCMI9$4            0.979      0.046     21.354      0.000
    SCCH10$1          -0.830      0.044    -19.059      0.000
    SCCH10$2          -0.063      0.038     -1.652      0.098
    SCCH10$3           0.716      0.042     16.995      0.000
    SCCH10$4           1.571      0.062     25.491      0.000
    SCSJ11$1          -0.953      0.045    -20.983      0.000
    SCSJ11$2          -0.179      0.039     -4.649      0.000
    SCSJ11$3           0.436      0.040     10.978      0.000
    SCSJ11$4           1.204      0.050     23.902      0.000
    SCSK12$1          -0.990      0.046    -21.511      0.000
    SCSK12$2          -0.066      0.038     -1.713      0.087
    SCSK12$3           0.677      0.042     16.235      0.000
    SCSK12$4           1.454      0.057     25.324      0.000
    SCIS13$1          -0.791      0.043    -18.379      0.000
    SCIS13$2          -0.167      0.039     -4.343      0.000
    SCIS13$3           0.335      0.039      8.552      0.000
    SCIS13$4           1.157      0.049     23.467      0.000
    SCMI14$1          -1.706      0.067    -25.305      0.000
    SCMI14$2          -0.899      0.045    -20.172      0.000
    SCMI14$3          -0.028      0.038     -0.734      0.463
    SCMI14$4           0.983      0.046     21.406      0.000
    SCCH15$1          -1.341      0.054    -24.867      0.000
    SCCH15$2          -0.558      0.041    -13.745      0.000
    SCCH15$3           0.273      0.039      7.029      0.000
    SCCH15$4           1.162      0.049     23.512      0.000
    SCSJ16$1          -0.975      0.046    -21.301      0.000
    SCSJ16$2          -0.290      0.039     -7.456      0.000
    SCSJ16$3           0.273      0.039      7.029      0.000
    SCSJ16$4           1.095      0.048     22.817      0.000
    SCMI17$1          -1.686      0.066    -25.357      0.000
    SCMI17$2          -0.763      0.043    -17.863      0.000
    SCMI17$3           0.172      0.039      4.465      0.000
    SCMI17$4           1.254      0.052     24.305      0.000
    SCIS18$1          -0.994      0.046    -21.563      0.000
    SCIS18$2          -0.355      0.039     -9.038      0.000
    SCIS18$3           0.227      0.039      5.870      0.000
    SCIS18$4           1.058      0.047     22.377      0.000
    SCSK19$1          -1.058      0.047    -22.377      0.000
    SCSK19$2          -0.194      0.039     -5.015      0.000
    SCSK19$3           0.634      0.041     15.351      0.000
    SCSK19$4           1.421      0.056     25.220      0.000
    SCOI20$1          -0.750      0.043    -17.633      0.000
    SCOI20$2          -0.023      0.038     -0.612      0.541
    SCOI20$3           0.657      0.042     15.824      0.000
    SCOI20$4           1.330      0.054     24.803      0.000
    SCSJ21$1          -1.091      0.048    -22.769      0.000
    SCSJ21$2          -0.293      0.039     -7.517      0.000
    SCSJ21$3           0.475      0.040     11.884      0.000
    SCSJ21$4           1.330      0.054     24.803      0.000
    SCMI22$1          -1.176      0.050    -23.645      0.000
    SCMI22$2          -0.320      0.039     -8.187      0.000
    SCMI22$3           0.501      0.040     12.486      0.000
    SCMI22$4           1.389      0.055     25.098      0.000
    SCSK23$1          -1.058      0.047    -22.377      0.000
    SCSK23$2          -0.137      0.038     -3.549      0.000
    SCSK23$3           0.651      0.041     15.706      0.000
    SCSK23$4           1.440      0.057     25.285      0.000
    SCOI24$1          -0.370      0.039     -9.403      0.000
    SCOI24$2           0.362      0.039      9.220      0.000
    SCOI24$3           0.913      0.045     20.390      0.000
    SCOI24$4           1.548      0.061     25.483      0.000
    SCIS25$1          -0.716      0.042    -16.995      0.000
    SCIS25$2          -0.170      0.039     -4.404      0.000
    SCIS25$3           0.370      0.039      9.403      0.000
    SCIS25$4           1.117      0.048     23.054      0.000
    SCSK26$1          -1.190      0.050    -23.775      0.000
    SCSK26$2          -0.196      0.039     -5.076      0.000
    SCSK26$3           0.669      0.042     16.059      0.000
    SCSK26$4           1.613      0.063     25.475      0.000

 Variances
    SC                 1.000      0.000    999.000    999.000
    SK                 1.000      0.000    999.000    999.000
    SJ                 1.000      0.000    999.000    999.000
    CH                 1.000      0.000    999.000    999.000
    IS                 1.000      0.000    999.000    999.000
    MI                 1.000      0.000    999.000    999.000
    OI                 1.000      0.000    999.000    999.000


QUALITY OF NUMERICAL RESULTS

     Condition Number for the Information Matrix              0.117E-04
       (ratio of smallest to largest eigenvalue)


STANDARDIZED MODEL RESULTS


STDYX Standardization

                                                    Two-Tailed
                    Estimate       S.E.  Est./S.E.    P-Value

 SC       BY
    SCSK5             -0.213      0.037     -5.781      0.000
    SCSK12            -0.341      0.034    -10.014      0.000
    SCSK19            -0.408      0.033    -12.378      0.000
    SCSK23            -0.642      0.032    -20.205      0.000
    SCSK26            -0.494      0.036    -13.870      0.000
    SCSJ1              0.585      0.024     24.491      0.000
    SCSJ8              0.683      0.021     32.348      0.000
    SCSJ11             0.709      0.019     38.018      0.000
    SCSJ16             0.711      0.019     37.834      0.000
    SCSJ21             0.511      0.026     19.286      0.000
    SCCH3             -0.021      0.037     -0.557      0.578
    SCCH7              0.008      0.036      0.228      0.820
    SCCH10            -0.133      0.035     -3.796      0.000
    SCCH15            -0.406      0.035    -11.690      0.000
    SCIS4              0.793      0.017     47.956      0.000
    SCIS13             0.686      0.020     33.927      0.000
    SCIS18             0.729      0.018     39.584      0.000
    SCIS25             0.770      0.017     45.932      0.000
    SCMI9             -0.182      0.035     -5.214      0.000
    SCMI14            -0.399      0.031    -12.746      0.000
    SCMI17            -0.531      0.029    -18.092      0.000
    SCMI22            -0.388      0.036    -10.887      0.000
    SCOI2              0.814      0.016     52.286      0.000
    SCOI6              0.812      0.014     56.957      0.000
    SCOI20             0.578      0.024     23.688      0.000
    SCOI24             0.627      0.023     27.605      0.000

 SK       BY
    SCSK5              0.692      0.018     37.767      0.000
    SCSK12             0.755      0.017     44.407      0.000
    SCSK19             0.749      0.019     39.906      0.000
    SCSK23             0.300      0.041      7.275      0.000
    SCSK26             0.435      0.034     12.818      0.000
    SCSJ1             -0.019      0.026     -0.732      0.464
    SCSJ8             -0.104      0.019     -5.500      0.000
    SCSJ11            -0.018      0.023     -0.791      0.429
    SCSJ16            -0.009      0.023     -0.401      0.689
    SCSJ21            -0.149      0.024     -6.254      0.000
    SCCH3              0.149      0.028      5.235      0.000
    SCCH7              0.279      0.023     12.224      0.000
    SCCH10             0.238      0.022     10.609      0.000
    SCCH15             0.253      0.030      8.542      0.000
    SCIS4              0.037      0.021      1.770      0.077
    SCIS13             0.084      0.019      4.323      0.000
    SCIS18             0.108      0.019      5.592      0.000
    SCIS25             0.104      0.021      4.923      0.000
    SCMI9              0.134      0.024      5.638      0.000
    SCMI14             0.130      0.022      5.848      0.000
    SCMI17             0.206      0.024      8.429      0.000
    SCMI22             0.428      0.027     15.876      0.000
    SCOI2              0.068      0.019      3.558      0.000
    SCOI6              0.098      0.020      4.814      0.000
    SCOI20             0.295      0.025     11.851      0.000
    SCOI24             0.182      0.025      7.347      0.000

 SJ       BY
    SCSK5             -0.070      0.025     -2.849      0.004
    SCSK12             0.026      0.027      0.974      0.330
    SCSK19            -0.051      0.023     -2.253      0.024
    SCSK23            -0.005      0.046     -0.116      0.908
    SCSK26            -0.086      0.035     -2.489      0.013
    SCSJ1              0.265      0.045      5.944      0.000
    SCSJ8              0.465      0.036     12.828      0.000
    SCSJ11             0.317      0.031     10.201      0.000
    SCSJ16             0.400      0.031     12.872      0.000
    SCSJ21             0.292      0.047      6.250      0.000
    SCCH3             -0.080      0.044     -1.820      0.069
    SCCH7              0.080      0.027      2.944      0.003
    SCCH10             0.178      0.026      6.806      0.000
    SCCH15             0.008      0.035      0.228      0.819
    SCIS4             -0.012      0.029     -0.401      0.688
    SCIS13            -0.069      0.020     -3.532      0.000
    SCIS18             0.042      0.021      1.982      0.048
    SCIS25             0.064      0.028      2.310      0.021
    SCMI9              0.130      0.028      4.703      0.000
    SCMI14             0.070      0.025      2.840      0.005
    SCMI17             0.174      0.025      7.077      0.000
    SCMI22             0.196      0.031      6.243      0.000
    SCOI2              0.027      0.027      1.018      0.309
    SCOI6              0.029      0.024      1.189      0.234
    SCOI20             0.140      0.028      4.974      0.000
    SCOI24             0.034      0.028      1.187      0.235

 CH       BY
    SCSK5              0.243      0.021     11.352      0.000
    SCSK12             0.206      0.019     11.050      0.000
    SCSK19             0.118      0.019      6.057      0.000
    SCSK23             0.156      0.026      5.971      0.000
    SCSK26             0.249      0.024     10.206      0.000
    SCSJ1              0.106      0.028      3.814      0.000
    SCSJ8              0.112      0.021      5.325      0.000
    SCSJ11             0.139      0.022      6.190      0.000
    SCSJ16             0.022      0.022      1.036      0.300
    SCSJ21             0.086      0.027      3.178      0.001
    SCCH3              0.473      0.030     15.645      0.000
    SCCH7              0.739      0.027     26.906      0.000
    SCCH10             0.755      0.028     26.640      0.000
    SCCH15             0.438      0.027     16.124      0.000
    SCIS4              0.095      0.022      4.236      0.000
    SCIS13             0.086      0.019      4.485      0.000
    SCIS18             0.100      0.019      5.230      0.000
    SCIS25             0.010      0.022      0.448      0.654
    SCMI9              0.165      0.025      6.581      0.000
    SCMI14             0.089      0.021      4.179      0.000
    SCMI17             0.198      0.024      8.396      0.000
    SCMI22             0.278      0.026     10.850      0.000
    SCOI2              0.098      0.021      4.665      0.000
    SCOI6              0.060      0.021      2.893      0.004
    SCOI20             0.002      0.025      0.087      0.931
    SCOI24             0.049      0.026      1.876      0.061

 IS       BY
    SCSK5              0.022      0.024      0.923      0.356
    SCSK12            -0.080      0.021     -3.809      0.000
    SCSK19             0.041      0.019      2.227      0.026
    SCSK23             0.194      0.034      5.739      0.000
    SCSK26             0.175      0.029      6.107      0.000
    SCSJ1             -0.146      0.032     -4.506      0.000
    SCSJ8             -0.001      0.022     -0.052      0.958
    SCSJ11            -0.005      0.021     -0.232      0.816
    SCSJ16             0.074      0.021      3.518      0.000
    SCSJ21             0.015      0.029      0.524      0.600
    SCCH3             -0.116      0.034     -3.455      0.001
    SCCH7              0.122      0.023      5.371      0.000
    SCCH10             0.072      0.022      3.321      0.001
    SCCH15             0.045      0.027      1.636      0.102
    SCIS4              0.132      0.034      3.872      0.000
    SCIS13             0.533      0.032     16.639      0.000
    SCIS18             0.489      0.029     16.704      0.000
    SCIS25             0.174      0.030      5.717      0.000
    SCMI9              0.056      0.025      2.266      0.023
    SCMI14             0.013      0.019      0.671      0.502
    SCMI17             0.016      0.023      0.690      0.490
    SCMI22            -0.077      0.029     -2.690      0.007
    SCOI2              0.034      0.023      1.491      0.136
    SCOI6              0.086      0.025      3.457      0.001
    SCOI20             0.158      0.026      6.038      0.000
    SCOI24             0.102      0.027      3.816      0.000

 MI       BY
    SCSK5              0.104      0.021      4.864      0.000
    SCSK12             0.092      0.021      4.344      0.000
    SCSK19             0.161      0.017      9.268      0.000
    SCSK23             0.101      0.036      2.775      0.006
    SCSK26             0.148      0.028      5.245      0.000
    SCSJ1              0.233      0.027      8.469      0.000
    SCSJ8              0.127      0.023      5.560      0.000
    SCSJ11             0.119      0.022      5.416      0.000
    SCSJ16             0.089      0.021      4.226      0.000
    SCSJ21             0.190      0.028      6.882      0.000
    SCCH3              0.358      0.026     13.536      0.000
    SCCH7             -0.040      0.025     -1.585      0.113
    SCCH10             0.049      0.025      2.008      0.045
    SCCH15             0.309      0.026     11.983      0.000
    SCIS4              0.038      0.022      1.726      0.084
    SCIS13             0.011      0.020      0.532      0.595
    SCIS18             0.035      0.018      1.962      0.050
    SCIS25             0.038      0.021      1.805      0.071
    SCMI9              0.619      0.024     26.065      0.000
    SCMI14             0.707      0.023     30.368      0.000
    SCMI17             0.451      0.028     16.171      0.000
    SCMI22             0.209      0.032      6.586      0.000
    SCOI2             -0.002      0.019     -0.123      0.902
    SCOI6              0.080      0.021      3.856      0.000
    SCOI20            -0.213      0.023     -9.355      0.000
    SCOI24            -0.164      0.024     -6.890      0.000

 OI       BY
    SCSK5              0.002      0.025      0.089      0.929
    SCSK12            -0.082      0.026     -3.162      0.002
    SCSK19            -0.027      0.023     -1.156      0.248
    SCSK23             0.419      0.030     13.742      0.000
    SCSK26             0.307      0.022     14.016      0.000
    SCSJ1              0.002      0.031      0.066      0.947
    SCSJ8              0.119      0.022      5.492      0.000
    SCSJ11            -0.040      0.022     -1.805      0.071
    SCSJ16            -0.065      0.023     -2.881      0.004
    SCSJ21             0.166      0.026      6.359      0.000
    SCCH3              0.098      0.044      2.240      0.025
    SCCH7             -0.044      0.026     -1.676      0.094
    SCCH10            -0.060      0.026     -2.302      0.021
    SCCH15             0.188      0.024      7.874      0.000
    SCIS4              0.208      0.027      7.709      0.000
    SCIS13             0.053      0.018      2.972      0.003
    SCIS18             0.028      0.019      1.524      0.128
    SCIS25             0.190      0.024      7.783      0.000
    SCMI9             -0.105      0.023     -4.587      0.000
    SCMI14            -0.102      0.023     -4.436      0.000
    SCMI17             0.005      0.021      0.244      0.807
    SCMI22             0.169      0.028      6.060      0.000
    SCOI2              0.264      0.032      8.132      0.000
    SCOI6              0.175      0.032      5.417      0.000
    SCOI20             0.314      0.044      7.159      0.000
    SCOI24             0.282      0.036      7.766      0.000

 SK       WITH
    SC                 0.000      0.000    999.000    999.000

 SJ       WITH
    SC                 0.000      0.000    999.000    999.000
    SK                 0.000      0.000    999.000    999.000

 CH       WITH
    SC                 0.000      0.000    999.000    999.000
    SK                 0.000      0.000    999.000    999.000
    SJ                 0.000      0.000    999.000    999.000

 IS       WITH
    SC                 0.000      0.000    999.000    999.000
    SK                 0.000      0.000    999.000    999.000
    SJ                 0.000      0.000    999.000    999.000
    CH                 0.000      0.000    999.000    999.000

 MI       WITH
    SC                 0.000      0.000    999.000    999.000
    SK                 0.000      0.000    999.000    999.000
    SJ                 0.000      0.000    999.000    999.000
    CH                 0.000      0.000    999.000    999.000
    IS                 0.000      0.000    999.000    999.000

 OI       WITH
    SC                 0.000      0.000    999.000    999.000
    SK                 0.000      0.000    999.000    999.000
    SJ                 0.000      0.000    999.000    999.000
    CH                 0.000      0.000    999.000    999.000
    IS                 0.000      0.000    999.000    999.000
    MI                 0.000      0.000    999.000    999.000

 Thresholds
    SCSJ1$1           -1.716      0.068    -25.276      0.000
    SCSJ1$2           -1.104      0.048    -22.912      0.000
    SCSJ1$3           -0.300      0.039     -7.700      0.000
    SCSJ1$4            0.566      0.041     13.925      0.000
    SCOI2$1           -0.722      0.042    -17.111      0.000
    SCOI2$2           -0.101      0.038     -2.631      0.009
    SCOI2$3            0.423      0.040     10.676      0.000
    SCOI2$4            1.078      0.048     22.623      0.000
    SCCH3$1           -1.532      0.060    -25.471      0.000
    SCCH3$2           -0.817      0.043    -18.833      0.000
    SCCH3$3            0.082      0.038      2.142      0.032
    SCCH3$4            1.100      0.048     22.865      0.000
    SCIS4$1           -0.603      0.041    -14.699      0.000
    SCIS4$2            0.073      0.038      1.897      0.058
    SCIS4$3            0.577      0.041     14.163      0.000
    SCIS4$4            1.254      0.052     24.305      0.000
    SCSK5$1           -1.091      0.048    -22.769      0.000
    SCSK5$2           -0.230      0.039     -5.931      0.000
    SCSK5$3            0.512      0.040     12.727      0.000
    SCSK5$4            1.286      0.052     24.529      0.000
    SCOI6$1           -0.945      0.045    -20.876      0.000
    SCOI6$2           -0.276      0.039     -7.090      0.000
    SCOI6$3            0.310      0.039      7.943      0.000
    SCOI6$4            0.994      0.046     21.563      0.000
    SCCH7$1           -0.747      0.043    -17.575      0.000
    SCCH7$2           -0.023      0.038     -0.612      0.541
    SCCH7$3            0.674      0.042     16.176      0.000
    SCCH7$4            1.395      0.056     25.124      0.000
    SCSJ8$1           -0.998      0.046    -21.615      0.000
    SCSJ8$2           -0.303      0.039     -7.761      0.000
    SCSJ8$3            0.295      0.039      7.578      0.000
    SCSJ8$4            1.083      0.048     22.672      0.000
    SCMI9$1           -1.759      0.070    -25.130      0.000
    SCMI9$2           -0.956      0.045    -21.037      0.000
    SCMI9$3           -0.026      0.038     -0.673      0.501
    SCMI9$4            0.979      0.046     21.354      0.000
    SCCH10$1          -0.830      0.044    -19.059      0.000
    SCCH10$2          -0.063      0.038     -1.652      0.098
    SCCH10$3           0.716      0.042     16.995      0.000
    SCCH10$4           1.571      0.062     25.491      0.000
    SCSJ11$1          -0.953      0.045    -20.983      0.000
    SCSJ11$2          -0.179      0.039     -4.649      0.000
    SCSJ11$3           0.436      0.040     10.978      0.000
    SCSJ11$4           1.204      0.050     23.902      0.000
    SCSK12$1          -0.990      0.046    -21.511      0.000
    SCSK12$2          -0.066      0.038     -1.713      0.087
    SCSK12$3           0.677      0.042     16.235      0.000
    SCSK12$4           1.454      0.057     25.324      0.000
    SCIS13$1          -0.791      0.043    -18.379      0.000
    SCIS13$2          -0.167      0.039     -4.343      0.000
    SCIS13$3           0.335      0.039      8.552      0.000
    SCIS13$4           1.157      0.049     23.467      0.000
    SCMI14$1          -1.706      0.067    -25.305      0.000
    SCMI14$2          -0.899      0.045    -20.172      0.000
    SCMI14$3          -0.028      0.038     -0.734      0.463
    SCMI14$4           0.983      0.046     21.406      0.000
    SCCH15$1          -1.341      0.054    -24.867      0.000
    SCCH15$2          -0.558      0.041    -13.745      0.000
    SCCH15$3           0.273      0.039      7.029      0.000
    SCCH15$4           1.162      0.049     23.512      0.000
    SCSJ16$1          -0.975      0.046    -21.301      0.000
    SCSJ16$2          -0.290      0.039     -7.456      0.000
    SCSJ16$3           0.273      0.039      7.029      0.000
    SCSJ16$4           1.095      0.048     22.817      0.000
    SCMI17$1          -1.686      0.066    -25.357      0.000
    SCMI17$2          -0.763      0.043    -17.863      0.000
    SCMI17$3           0.172      0.039      4.465      0.000
    SCMI17$4           1.254      0.052     24.305      0.000
    SCIS18$1          -0.994      0.046    -21.563      0.000
    SCIS18$2          -0.355      0.039     -9.038      0.000
    SCIS18$3           0.227      0.039      5.870      0.000
    SCIS18$4           1.058      0.047     22.377      0.000
    SCSK19$1          -1.058      0.047    -22.377      0.000
    SCSK19$2          -0.194      0.039     -5.015      0.000
    SCSK19$3           0.634      0.041     15.351      0.000
    SCSK19$4           1.421      0.056     25.220      0.000
    SCOI20$1          -0.750      0.043    -17.633      0.000
    SCOI20$2          -0.023      0.038     -0.612      0.541
    SCOI20$3           0.657      0.042     15.824      0.000
    SCOI20$4           1.330      0.054     24.803      0.000
    SCSJ21$1          -1.091      0.048    -22.769      0.000
    SCSJ21$2          -0.293      0.039     -7.517      0.000
    SCSJ21$3           0.475      0.040     11.884      0.000
    SCSJ21$4           1.330      0.054     24.803      0.000
    SCMI22$1          -1.176      0.050    -23.645      0.000
    SCMI22$2          -0.320      0.039     -8.187      0.000
    SCMI22$3           0.501      0.040     12.486      0.000
    SCMI22$4           1.389      0.055     25.098      0.000
    SCSK23$1          -1.058      0.047    -22.377      0.000
    SCSK23$2          -0.137      0.038     -3.549      0.000
    SCSK23$3           0.651      0.041     15.706      0.000
    SCSK23$4           1.440      0.057     25.285      0.000
    SCOI24$1          -0.370      0.039     -9.403      0.000
    SCOI24$2           0.362      0.039      9.220      0.000
    SCOI24$3           0.913      0.045     20.390      0.000
    SCOI24$4           1.548      0.061     25.483      0.000
    SCIS25$1          -0.716      0.042    -16.995      0.000
    SCIS25$2          -0.170      0.039     -4.404      0.000
    SCIS25$3           0.370      0.039      9.403      0.000
    SCIS25$4           1.117      0.048     23.054      0.000
    SCSK26$1          -1.190      0.050    -23.775      0.000
    SCSK26$2          -0.196      0.039     -5.076      0.000
    SCSK26$3           0.669      0.042     16.059      0.000
    SCSK26$4           1.613      0.063     25.475      0.000

 Variances
    SC                 1.000      0.000    999.000    999.000
    SK                 1.000      0.000    999.000    999.000
    SJ                 1.000      0.000    999.000    999.000
    CH                 1.000      0.000    999.000    999.000
    IS                 1.000      0.000    999.000    999.000
    MI                 1.000      0.000    999.000    999.000
    OI                 1.000      0.000    999.000    999.000


R-SQUARE

    Observed                                        Two-Tailed   Residual
    Variable        Estimate       S.E.  Est./S.E.    P-Value    Variance

    SCSJ1              0.500      0.027     18.440      0.000      0.500
    SCOI2              0.748      0.019     39.634      0.000      0.252
    SCCH3              0.404      0.035     11.673      0.000      0.596
    SCIS4              0.702      0.019     36.537      0.000      0.298
    SCSK5              0.600      0.023     26.357      0.000      0.400
    SCOI6              0.717      0.018     39.445      0.000      0.283
    SCCH7              0.649      0.040     16.356      0.000      0.351
    SCSJ8              0.736      0.022     33.361      0.000      0.264
    SCMI9              0.493      0.026     18.934      0.000      0.507
    SCCH10             0.688      0.039     17.493      0.000      0.312
    SCSJ11             0.638      0.022     28.952      0.000      0.362
    SCSK12             0.751      0.020     38.505      0.000      0.249
    SCIS13             0.776      0.026     30.088      0.000      0.224
    SCMI14             0.699      0.026     26.476      0.000      0.301
    SCCH15             0.554      0.024     22.656      0.000      0.446
    SCSJ16             0.683      0.021     32.109      0.000      0.317
    SCMI17             0.597      0.023     25.972      0.000      0.403
    SCIS18             0.796      0.024     33.406      0.000      0.204
    SCSK19             0.773      0.019     41.204      0.000      0.227
    SCOI20             0.610      0.027     22.960      0.000      0.390
    SCSJ21             0.440      0.027     16.360      0.000      0.560
    SCMI22             0.527      0.024     21.886      0.000      0.473
    SCSK23             0.750      0.028     27.120      0.000      0.250
    SCOI24             0.547      0.026     21.365      0.000      0.453
    SCIS25             0.676      0.019     34.766      0.000      0.324
    SCSK26             0.650      0.021     30.277      0.000      0.350


SAMPLE STATISTICS FOR ESTIMATED FACTOR SCORES


     SAMPLE STATISTICS


           Means
              SC            SC_SE         SK            SK_SE         SJ
              ________      ________      ________      ________      ________
                0.006         0.275         0.003         0.452         0.004


           Means
              SJ_SE         CH            CH_SE         IS            IS_SE
              ________      ________      ________      ________      ________
                0.687         0.006         0.528        -0.003         0.636


           Means
              MI            MI_SE         OI            OI_SE
              ________      ________      ________      ________
                0.000         0.540         0.003         0.635


           Covariances
              SC            SC_SE         SK            SK_SE         SJ
              ________      ________      ________      ________      ________
 SC             0.882
 SC_SE         -0.001         0.001
 SK            -0.037        -0.004         0.782
 SK_SE          0.004         0.001        -0.009         0.001
 SJ             0.078         0.000        -0.014        -0.001         0.519
 SJ_SE          0.000         0.001        -0.003         0.001         0.001
 CH            -0.004        -0.004         0.095        -0.006         0.068
 CH_SE          0.000         0.000        -0.008         0.001        -0.003
 IS             0.053        -0.002         0.048        -0.001        -0.078
 IS_SE         -0.001         0.001        -0.005         0.001         0.001
 MI            -0.033         0.002         0.031         0.000         0.101
 MI_SE         -0.006         0.000        -0.001         0.000         0.002
 OI             0.018        -0.001         0.054         0.001         0.000
 OI_SE          0.002         0.001        -0.006         0.001         0.000


           Covariances
              SJ_SE         CH            CH_SE         IS            IS_SE
              ________      ________      ________      ________      ________
 SJ_SE          0.001
 CH            -0.004         0.698
 CH_SE          0.000        -0.011         0.001
 IS            -0.002         0.032        -0.003         0.565
 IS_SE          0.001        -0.007         0.001        -0.004         0.002
 MI             0.002         0.048         0.000         0.014         0.003
 MI_SE          0.000        -0.001         0.000        -0.002         0.001
 OI             0.000         0.022         0.000         0.058        -0.001
 OI_SE          0.001        -0.006         0.001        -0.003         0.001


           Covariances
              MI            MI_SE         OI            OI_SE
              ________      ________      ________      ________
 MI             0.703
 MI_SE          0.010         0.001
 OI            -0.013        -0.001         0.583
 OI_SE          0.002         0.000        -0.002         0.001


           Correlations
              SC            SC_SE         SK            SK_SE         SJ
              ________      ________      ________      ________      ________
 SC             1.000
 SC_SE         -0.034         1.000
 SK            -0.044        -0.163         1.000
 SK_SE          0.128         0.518        -0.285         1.000
 SJ             0.116         0.020        -0.022        -0.042         1.000
 SJ_SE          0.005         0.893        -0.114         0.526         0.040
 CH            -0.005        -0.184         0.129        -0.188         0.112
 CH_SE         -0.013         0.377        -0.260         0.540        -0.125
 IS             0.075        -0.115         0.072        -0.034        -0.144
 IS_SE         -0.025         0.874        -0.123         0.400         0.028
 MI            -0.042         0.084         0.042         0.015         0.167
 MI_SE         -0.246         0.540        -0.027         0.396         0.115
 OI             0.026        -0.041         0.080         0.029        -0.001
 OI_SE          0.062         0.865        -0.238         0.752        -0.002


           Correlations
              SJ_SE         CH            CH_SE         IS            IS_SE
              ________      ________      ________      ________      ________
 SJ_SE          1.000
 CH            -0.152         1.000
 CH_SE          0.401        -0.378         1.000
 IS            -0.102         0.051        -0.105         1.000
 IS_SE          0.769        -0.182         0.362        -0.121         1.000
 MI             0.096         0.068        -0.007         0.023         0.093
 MI_SE          0.493        -0.038         0.400        -0.090         0.503
 OI            -0.005         0.034        -0.017         0.100        -0.019
 OI_SE          0.813        -0.237         0.543        -0.142         0.719


           Correlations
              MI            MI_SE         OI            OI_SE
              ________      ________      ________      ________
 MI             1.000
 MI_SE          0.470         1.000
 OI            -0.021        -0.052         1.000
 OI_SE          0.081         0.554        -0.100         1.000


SAVEDATA INFORMATION


  Save file
    m4b_scores.txt

  Order and format of variables

    SCSJ1          F10.3
    SCOI2          F10.3
    SCCH3          F10.3
    SCIS4          F10.3
    SCSK5          F10.3
    SCOI6          F10.3
    SCCH7          F10.3
    SCSJ8          F10.3
    SCMI9          F10.3
    SCCH10         F10.3
    SCSJ11         F10.3
    SCSK12         F10.3
    SCIS13         F10.3
    SCMI14         F10.3
    SCCH15         F10.3
    SCSJ16         F10.3
    SCMI17         F10.3
    SCIS18         F10.3
    SCSK19         F10.3
    SCOI20         F10.3
    SCSJ21         F10.3
    SCMI22         F10.3
    SCSK23         F10.3
    SCOI24         F10.3
    SCIS25         F10.3
    SCSK26         F10.3
    SC             F10.3
    SC_SE          F10.3
    SK             F10.3
    SK_SE          F10.3
    SJ             F10.3
    SJ_SE          F10.3
    CH             F10.3
    CH_SE          F10.3
    IS             F10.3
    IS_SE          F10.3
    MI             F10.3
    MI_SE          F10.3
    OI             F10.3
    OI_SE          F10.3

  Save file format
    40F10.3

  Save file record length    10000

  Save missing symbol        *


     Beginning Time:  10:37:58
        Ending Time:  10:38:00
       Elapsed Time:  00:00:02



MUTHEN & MUTHEN
3463 Stoner Ave.
Los Angeles, CA  90066

Tel: (310) 391-9971
Fax: (310) 391-8971
Web: www.StatModel.com
Support: Support@StatModel.com

Copyright (c) 1998-2021 Muthen & Muthen
