Mplus VERSION 8.6 (Mac)
MUTHEN & MUTHEN
10/28/2022   1:35 PM

INPUT INSTRUCTIONS

  TITLE: Model 9, RW.
  DATA:
  FILE = "semdatass.dat";

  VARIABLE:
  NAMES =
    scsj1 scoi2 scch3 scis4 scsk5 scoi6 scch7 scsj8 scmi9 scch10 scsj11 scsk12
    scis13 scmi14 scch15 scsj16 scmi17 scis18 scsk19 scoi20 scsj21 scmi22 scsk23
    scoi24 scis25 scsk26
    pos_sc neg_sc ts_sc
    sk ch mi sj is oi
    ptgi_al ptgi_np ptgi_ps ptgi_sp ptgi_ro
    iesr_a iesr_i iesr_h
    cope_pa cope_po
    mspss_fa mspss_fr mspss_so
    neuro_na neuro_sr
    extra_pa extra_so extra_ac
    group
    ;

  MISSING = .;

  USEVARIABLES ARE
    sk ch mi sj is oi
    ;

  USEOBS = GROUP == 0;

  ANALYSIS:
    ESTIMATOR = MLR;
    PROCESSORS = 6;
    ! ROTATION = TARGET (ORTHOGONAL);
    STARTS = 20;

  MODEL:

  P BY
    sk ch mi;

  N BY
    sj is oi;


  ! Requesting standardized parameter estimates and modification indices
  OUTPUT:
    stdyx;
    MODINDICES (ALL);

  ! savedata:
  !   file is nn_m4b_scores.txt;
  !   save = fscores;



INPUT READING TERMINATED NORMALLY



Model 9, RW.

SUMMARY OF ANALYSIS

Number of groups                                                 1
Number of observations                                         746

Number of dependent variables                                    6
Number of independent variables                                  0
Number of continuous latent variables                            2

Observed dependent variables

  Continuous
   SK          CH          MI          SJ          IS          OI

Continuous latent variables
   P           N


Estimator                                                      MLR
Information matrix                                        OBSERVED
Maximum number of iterations                                  1000
Convergence criterion                                    0.500D-04
Maximum number of steepest descent iterations                   20
Maximum number of iterations for H1                           2000
Convergence criterion for H1                             0.100D-03
Random Starts Specifications
  Number of random starts                                       20
  Random starts scale                                    0.500D+01

Input data file(s)
  semdatass.dat

Input data format  FREE


SUMMARY OF DATA

     Number of missing data patterns             1


COVARIANCE COVERAGE OF DATA

Minimum covariance coverage value   0.100


     PROPORTION OF DATA PRESENT


           Covariance Coverage
              SK            CH            MI            SJ            IS
              ________      ________      ________      ________      ________
 SK             1.000
 CH             1.000         1.000
 MI             1.000         1.000         1.000
 SJ             1.000         1.000         1.000         1.000
 IS             1.000         1.000         1.000         1.000         1.000
 OI             1.000         1.000         1.000         1.000         1.000


           Covariance Coverage
              OI
              ________
 OI             1.000



UNIVARIATE SAMPLE STATISTICS


     UNIVARIATE HIGHER-ORDER MOMENT DESCRIPTIVE STATISTICS

         Variable/         Mean/     Skewness/   Minimum/ % with                Percentiles
        Sample Size      Variance    Kurtosis    Maximum  Min/Max      20%/60%    40%/80%    Median

     SK                   13.741       0.153       5.000    2.55%      10.000     13.000     14.000
             746.000      18.637      -0.322      25.000    0.94%      15.000     17.000
     CH                   11.598       0.124       4.000    0.94%       9.000     11.000     12.000
             746.000      11.155      -0.373      20.000    0.80%      12.000     14.000
     MI                   13.277      -0.169       4.000    0.54%      11.000     12.000     13.000
             746.000       9.879      -0.117      20.000    2.95%      14.000     16.000
     SJ                   15.063       0.084       5.000    0.40%      11.000     14.000     15.000
             746.000      21.780      -0.730      25.000    1.74%      16.000     19.000
     IS                   10.500       0.274       4.000    8.98%       6.000      9.000     10.000
             746.000      19.419      -0.898      20.000    2.14%      12.000     15.000
     OI                    9.641       0.496       4.000    7.91%       6.000      8.000      9.000
             746.000      15.458      -0.533      20.000    1.34%      10.000     13.000


RANDOM STARTS RESULTS RANKED FROM THE BEST TO THE WORST FIT FUNCTION VALUES

Fit function values at local maxima and random start numbers:

            249.1442         17
            249.1442         4
            249.1442         11
            249.1442         2
            249.1442         6
            249.1442         9
            249.1442         19
            249.1442         8
            249.1442         1
            249.1442         10
            249.1442         13
            249.1442         18
            249.1442         16
            249.1442         20
            249.1442         unperturbed
            249.1442         15

5 starting value run(s) did not converge.



MODEL FIT INFORMATION

Number of Free Parameters                       19

Loglikelihood

          H0 Value                      -11551.989
          H0 Scaling Correction Factor      1.1134
            for MLR
          H1 Value                      -11427.417
          H1 Scaling Correction Factor      1.0990
            for MLR

Information Criteria

          Akaike (AIC)                   23141.978
          Bayesian (BIC)                 23229.658
          Sample-Size Adjusted BIC       23169.326
            (n* = (n + 2) / 24)

Chi-Square Test of Model Fit

          Value                            233.972*
          Degrees of Freedom                     8
          P-Value                           0.0000
          Scaling Correction Factor         1.0648
            for MLR

*   The chi-square value for MLM, MLMV, MLR, ULSMV, WLSM and WLSMV cannot be used
    for chi-square difference testing in the regular way.  MLM, MLR and WLSM
    chi-square difference testing is described on the Mplus website.  MLMV, WLSMV,
    and ULSMV difference testing is done using the DIFFTEST option.

RMSEA (Root Mean Square Error Of Approximation)

          Estimate                           0.195
          90 Percent C.I.                    0.174  0.216
          Probability RMSEA <= .05           0.000

CFI/TLI

          CFI                                0.861
          TLI                                0.739

Chi-Square Test of Model Fit for the Baseline Model

          Value                           1637.355
          Degrees of Freedom                    15
          P-Value                           0.0000

SRMR (Standardized Root Mean Square Residual)

          Value                              0.082



MODEL RESULTS

                                                    Two-Tailed
                    Estimate       S.E.  Est./S.E.    P-Value

 P        BY
    SK                 1.000      0.000    999.000    999.000
    CH                 0.605      0.049     12.479      0.000
    MI                 0.742      0.078      9.540      0.000

 N        BY
    SJ                 1.000      0.000    999.000    999.000
    IS                 1.144      0.049     23.197      0.000
    OI                 1.054      0.045     23.267      0.000

 N        WITH
    P                 -3.682      0.615     -5.991      0.000

 Intercepts
    SK                13.741      0.158     86.938      0.000
    CH                11.598      0.122     94.846      0.000
    MI                13.277      0.115    115.381      0.000
    SJ                15.063      0.171     88.156      0.000
    IS                10.500      0.161     65.080      0.000
    OI                 9.641      0.144     66.973      0.000

 Variances
    P                 10.618      1.282      8.285      0.000
    N                 11.554      0.955     12.097      0.000

 Residual Variances
    SK                 8.019      1.010      7.941      0.000
    CH                 7.262      0.517     14.045      0.000
    MI                 4.036      0.607      6.647      0.000
    SJ                10.226      0.682     14.995      0.000
    IS                 4.298      0.585      7.351      0.000
    OI                 2.625      0.386      6.794      0.000


QUALITY OF NUMERICAL RESULTS

     Condition Number for the Information Matrix              0.118E-02
       (ratio of smallest to largest eigenvalue)


STANDARDIZED MODEL RESULTS


STDYX Standardization

                                                    Two-Tailed
                    Estimate       S.E.  Est./S.E.    P-Value

 P        BY
    SK                 0.755      0.037     20.284      0.000
    CH                 0.591      0.037     16.108      0.000
    MI                 0.769      0.042     18.521      0.000

 N        BY
    SJ                 0.728      0.022     33.567      0.000
    IS                 0.882      0.017     51.220      0.000
    OI                 0.911      0.014     65.031      0.000

 N        WITH
    P                 -0.332      0.052     -6.398      0.000

 Intercepts
    SK                 3.183      0.080     39.832      0.000
    CH                 3.473      0.086     40.532      0.000
    MI                 4.224      0.116     36.278      0.000
    SJ                 3.228      0.074     43.886      0.000
    IS                 2.383      0.051     47.087      0.000
    OI                 2.452      0.052     47.494      0.000

 Variances
    P                  1.000      0.000    999.000    999.000
    N                  1.000      0.000    999.000    999.000

 Residual Variances
    SK                 0.430      0.056      7.659      0.000
    CH                 0.651      0.043     15.024      0.000
    MI                 0.409      0.064      6.396      0.000
    SJ                 0.470      0.032     14.854      0.000
    IS                 0.221      0.030      7.280      0.000
    OI                 0.170      0.026      6.650      0.000


R-SQUARE

    Observed                                        Two-Tailed
    Variable        Estimate       S.E.  Est./S.E.    P-Value

    SK                 0.570      0.056     10.142      0.000
    CH                 0.349      0.043      8.054      0.000
    MI                 0.591      0.064      9.260      0.000
    SJ                 0.530      0.032     16.784      0.000
    IS                 0.779      0.030     25.610      0.000
    OI                 0.830      0.026     32.515      0.000


MODEL MODIFICATION INDICES

Minimum M.I. value for printing the modification index    10.000

                                   M.I.     E.P.C.  Std E.P.C.  StdYX E.P.C.

ON/BY Statements

CH       ON N        /
N        BY CH                    73.544     0.324      1.101        0.330
MI       ON N        /
N        BY MI                    25.430    -0.183     -0.624       -0.198

ON Statements

P        ON CH                    73.544     1.322      0.406        1.355
P        ON MI                    25.431    -1.348     -0.414       -1.300
N        ON CH                    73.546     0.458      0.135        0.450
N        ON MI                    25.428    -0.467     -0.137       -0.432
SK       ON CH                    25.436     0.611      0.611        0.473
SK       ON MI                    73.523    -2.914     -2.914       -2.121
SK       ON SJ                    66.846    -0.251     -0.251       -0.271
CH       ON SK                    25.432     0.554      0.554        0.716
CH       ON SJ                    66.654     0.202      0.202        0.282
CH       ON IS                    58.108     0.205      0.205        0.271
CH       ON OI                    59.615     0.235      0.235        0.276
MI       ON SK                    73.553    -1.467     -1.467       -2.015
MI       ON SJ                    10.494     0.073      0.073        0.108
MI       ON IS                    25.534    -0.128     -0.128       -0.180
MI       ON OI                    41.172    -0.186     -0.186       -0.232
SJ       ON SK                    19.699    -0.137     -0.137       -0.127
SJ       ON CH                    14.393     0.149      0.149        0.107
SJ       ON MI                    35.488     0.253      0.253        0.171
OI       ON MI                    11.405    -0.099     -0.099       -0.079

WITH Statements

CH       WITH P                   73.543     9.599      2.946        1.093
CH       WITH N                   73.544     3.328      0.979        0.363
CH       WITH SK                  25.432     4.440      4.440        0.582
MI       WITH P                   25.432    -5.440     -1.669       -0.831
MI       WITH N                   25.430    -1.886     -0.555       -0.276
MI       WITH SK                  73.542   -11.761    -11.761       -2.067
SJ       WITH SK                  96.367    -4.255     -4.255       -0.470
SJ       WITH CH                  13.860     1.369      1.369        0.159
SJ       WITH MI                  75.602     2.729      2.729        0.425
OI       WITH SK                  27.480     1.503      1.503        0.328
OI       WITH MI                  36.100    -1.249     -1.249       -0.384


     Beginning Time:  13:35:59
        Ending Time:  13:35:59
       Elapsed Time:  00:00:00



MUTHEN & MUTHEN
3463 Stoner Ave.
Los Angeles, CA  90066

Tel: (310) 391-9971
Fax: (310) 391-8971
Web: www.StatModel.com
Support: Support@StatModel.com

Copyright (c) 1998-2021 Muthen & Muthen
