Mplus VERSION 8.6 (Mac)
MUTHEN & MUTHEN
11/09/2022  12:43 PM

INPUT INSTRUCTIONS

  TITLE: Model 6, RW.
  DATA:
  FILE = "semdatass.dat";

  VARIABLE:
  NAMES =
    scsj1 scoi2 scch3 scis4 scsk5 scoi6 scch7 scsj8 scmi9 scch10 scsj11 scsk12
    scis13 scmi14 scch15 scsj16 scmi17 scis18 scsk19 scoi20 scsj21 scmi22 scsk23
    scoi24 scis25 scsk26
    pos_sc neg_sc ts_sc
    sk ch mi sj is oi
    ptgi_al ptgi_np ptgi_ps ptgi_sp ptgi_ro
    iesr_a iesr_i iesr_h
    cope_pa cope_po
    mspss_fa mspss_fr mspss_so
    neuro_na neuro_sr
    extra_pa extra_so extra_ac
    group
    ;

  MISSING = .;

  USEVARIABLES ARE
    sk ch mi sj is oi
    ptgi_al ptgi_np ptgi_ps ptgi_sp ptgi_ro
    iesr_a iesr_i iesr_h
    cope_pa cope_po
    mspss_fa mspss_fr mspss_so
    neuro_na neuro_sr
    extra_pa extra_so extra_ac
    ;
  USEOBS = GROUP == 0;

  ANALYSIS:
    ESTIMATOR = MLR;
    PROCESSORS = 6;
    ! ROTATION = TARGET (ORTHOGONAL);
    STARTS = 20;

  MODEL:

  P BY
    sk ch mi;

  N BY
    sj is oi;

  SJ  WITH SK;

  PTGI BY
    ptgi_al ptgi_np ptgi_ps ptgi_sp ptgi_ro;

  IESR BY
    iesr_a iesr_i iesr_h;

  COPE BY
    cope_pa cope_po;

  MSPSS BY
    mspss_fa mspss_fr mspss_so;

  NEURO BY
    neuro_na neuro_sr;

  EXTRA BY
    extra_pa extra_so extra_ac;

  P ON COPE MSPSS NEURO EXTRA;
  N ON COPE MSPSS NEURO EXTRA;

  PTGI ON P N COPE MSPSS NEURO EXTRA;
  IESR ON P N COPE MSPSS NEURO EXTRA;

  model indirect:
    PTGI ind COPE;
    PTGI ind MSPSS;
    PTGI ind NEURO;
    PTGI ind EXTRA;

    IESR ind COPE;
    IESR ind MSPSS;
    IESR ind NEURO;
    IESR ind EXTRA;

  ! Requesting standardized parameter estimates and modification indices
  OUTPUT:
    stdyx;
    MODINDICES (ALL);

  ! savedata:
  !   file is nn_m4b_scores.txt;
  !   save = fscores;



INPUT READING TERMINATED NORMALLY



Model 6, RW.

SUMMARY OF ANALYSIS

Number of groups                                                 1
Number of observations                                         746

Number of dependent variables                                   24
Number of independent variables                                  0
Number of continuous latent variables                            8

Observed dependent variables

  Continuous
   SK          CH          MI          SJ          IS          OI
   PTGI_AL     PTGI_NP     PTGI_PS     PTGI_SP     PTGI_RO     IESR_A
   IESR_I      IESR_H      COPE_PA     COPE_PO     MSPSS_FA    MSPSS_FR
   MSPSS_SO    NEURO_NA    NEURO_SR    EXTRA_PA    EXTRA_SO    EXTRA_AC

Continuous latent variables
   P           N           PTGI        IESR        COPE        MSPSS
   NEURO       EXTRA


Estimator                                                      MLR
Information matrix                                        OBSERVED
Maximum number of iterations                                  1000
Convergence criterion                                    0.500D-04
Maximum number of steepest descent iterations                   20
Maximum number of iterations for H1                           2000
Convergence criterion for H1                             0.100D-03
Random Starts Specifications
  Number of random starts                                       20
  Random starts scale                                    0.500D+01

Input data file(s)
  semdatass.dat

Input data format  FREE


SUMMARY OF DATA

     Number of missing data patterns             1


COVARIANCE COVERAGE OF DATA

Minimum covariance coverage value   0.100


     PROPORTION OF DATA PRESENT


           Covariance Coverage
              SK            CH            MI            SJ            IS
              ________      ________      ________      ________      ________
 SK             1.000
 CH             1.000         1.000
 MI             1.000         1.000         1.000
 SJ             1.000         1.000         1.000         1.000
 IS             1.000         1.000         1.000         1.000         1.000
 OI             1.000         1.000         1.000         1.000         1.000
 PTGI_AL        1.000         1.000         1.000         1.000         1.000
 PTGI_NP        1.000         1.000         1.000         1.000         1.000
 PTGI_PS        1.000         1.000         1.000         1.000         1.000
 PTGI_SP        1.000         1.000         1.000         1.000         1.000
 PTGI_RO        1.000         1.000         1.000         1.000         1.000
 IESR_A         1.000         1.000         1.000         1.000         1.000
 IESR_I         1.000         1.000         1.000         1.000         1.000
 IESR_H         1.000         1.000         1.000         1.000         1.000
 COPE_PA        1.000         1.000         1.000         1.000         1.000
 COPE_PO        1.000         1.000         1.000         1.000         1.000
 MSPSS_FA       1.000         1.000         1.000         1.000         1.000
 MSPSS_FR       1.000         1.000         1.000         1.000         1.000
 MSPSS_SO       1.000         1.000         1.000         1.000         1.000
 NEURO_NA       1.000         1.000         1.000         1.000         1.000
 NEURO_SR       1.000         1.000         1.000         1.000         1.000
 EXTRA_PA       1.000         1.000         1.000         1.000         1.000
 EXTRA_SO       1.000         1.000         1.000         1.000         1.000
 EXTRA_AC       1.000         1.000         1.000         1.000         1.000


           Covariance Coverage
              OI            PTGI_AL       PTGI_NP       PTGI_PS       PTGI_SP
              ________      ________      ________      ________      ________
 OI             1.000
 PTGI_AL        1.000         1.000
 PTGI_NP        1.000         1.000         1.000
 PTGI_PS        1.000         1.000         1.000         1.000
 PTGI_SP        1.000         1.000         1.000         1.000         1.000
 PTGI_RO        1.000         1.000         1.000         1.000         1.000
 IESR_A         1.000         1.000         1.000         1.000         1.000
 IESR_I         1.000         1.000         1.000         1.000         1.000
 IESR_H         1.000         1.000         1.000         1.000         1.000
 COPE_PA        1.000         1.000         1.000         1.000         1.000
 COPE_PO        1.000         1.000         1.000         1.000         1.000
 MSPSS_FA       1.000         1.000         1.000         1.000         1.000
 MSPSS_FR       1.000         1.000         1.000         1.000         1.000
 MSPSS_SO       1.000         1.000         1.000         1.000         1.000
 NEURO_NA       1.000         1.000         1.000         1.000         1.000
 NEURO_SR       1.000         1.000         1.000         1.000         1.000
 EXTRA_PA       1.000         1.000         1.000         1.000         1.000
 EXTRA_SO       1.000         1.000         1.000         1.000         1.000
 EXTRA_AC       1.000         1.000         1.000         1.000         1.000


           Covariance Coverage
              PTGI_RO       IESR_A        IESR_I        IESR_H        COPE_PA
              ________      ________      ________      ________      ________
 PTGI_RO        1.000
 IESR_A         1.000         1.000
 IESR_I         1.000         1.000         1.000
 IESR_H         1.000         1.000         1.000         1.000
 COPE_PA        1.000         1.000         1.000         1.000         1.000
 COPE_PO        1.000         1.000         1.000         1.000         1.000
 MSPSS_FA       1.000         1.000         1.000         1.000         1.000
 MSPSS_FR       1.000         1.000         1.000         1.000         1.000
 MSPSS_SO       1.000         1.000         1.000         1.000         1.000
 NEURO_NA       1.000         1.000         1.000         1.000         1.000
 NEURO_SR       1.000         1.000         1.000         1.000         1.000
 EXTRA_PA       1.000         1.000         1.000         1.000         1.000
 EXTRA_SO       1.000         1.000         1.000         1.000         1.000
 EXTRA_AC       1.000         1.000         1.000         1.000         1.000


           Covariance Coverage
              COPE_PO       MSPSS_FA      MSPSS_FR      MSPSS_SO      NEURO_NA
              ________      ________      ________      ________      ________
 COPE_PO        1.000
 MSPSS_FA       1.000         1.000
 MSPSS_FR       1.000         1.000         1.000
 MSPSS_SO       1.000         1.000         1.000         1.000
 NEURO_NA       1.000         1.000         1.000         1.000         1.000
 NEURO_SR       1.000         1.000         1.000         1.000         1.000
 EXTRA_PA       1.000         1.000         1.000         1.000         1.000
 EXTRA_SO       1.000         1.000         1.000         1.000         1.000
 EXTRA_AC       1.000         1.000         1.000         1.000         1.000


           Covariance Coverage
              NEURO_SR      EXTRA_PA      EXTRA_SO      EXTRA_AC
              ________      ________      ________      ________
 NEURO_SR       1.000
 EXTRA_PA       1.000         1.000
 EXTRA_SO       1.000         1.000         1.000
 EXTRA_AC       1.000         1.000         1.000         1.000



UNIVARIATE SAMPLE STATISTICS


     UNIVARIATE HIGHER-ORDER MOMENT DESCRIPTIVE STATISTICS

         Variable/         Mean/     Skewness/   Minimum/ % with                Percentiles
        Sample Size      Variance    Kurtosis    Maximum  Min/Max      20%/60%    40%/80%    Median

     SK                   13.741       0.153       5.000    2.55%      10.000     13.000     14.000
             746.000      18.637      -0.322      25.000    0.94%      15.000     17.000
     CH                   11.598       0.124       4.000    0.94%       9.000     11.000     12.000
             746.000      11.155      -0.373      20.000    0.80%      12.000     14.000
     MI                   13.277      -0.169       4.000    0.54%      11.000     12.000     13.000
             746.000       9.879      -0.117      20.000    2.95%      14.000     16.000
     SJ                   15.063       0.084       5.000    0.40%      11.000     14.000     15.000
             746.000      21.780      -0.730      25.000    1.74%      16.000     19.000
     IS                   10.500       0.274       4.000    8.98%       6.000      9.000     10.000
             746.000      19.419      -0.898      20.000    2.14%      12.000     15.000
     OI                    9.641       0.496       4.000    7.91%       6.000      8.000      9.000
             746.000      15.458      -0.533      20.000    1.34%      10.000     13.000
     PTGI_AL               6.631       0.007       0.000   11.53%       2.000      5.000      7.000
             746.000      17.753      -0.985      15.000    2.55%       8.000     11.000
     PTGI_NP               8.615       0.424       0.000   12.33%       2.000      6.000      8.000
             746.000      40.435      -0.703      25.000    0.40%      10.000     15.000
     PTGI_PS              10.172      -0.265       0.000    5.50%       5.000      9.000     11.000
             746.000      28.188      -0.843      20.000    2.55%      12.000     15.000
     PTGI_SP               1.240       1.943       0.000   63.67%       0.000      0.000      0.000
             746.000       4.611       3.260      10.000    0.80%       0.000      2.000
     PTGI_RO              14.072       0.139       0.000    8.31%       4.000     11.000     14.000
             746.000      85.123      -1.006      35.000    0.94%      17.000     23.000
     IESR_A                6.517       0.951       0.000   13.27%       2.000      4.000      5.000
             746.000      30.290       0.446      27.000    0.13%       7.000     11.000
     IESR_I                8.572       0.884       0.000    8.98%       2.000      5.000      7.000
             746.000      52.087       0.012      32.000    0.27%       9.000     15.000
     IESR_H                3.366       1.723       0.000   36.86%       0.000      1.000      2.000
             746.000      20.227       2.719      24.000    0.13%       3.000      6.000
     COPE_PA              33.993      -0.132      18.000    0.13%      30.000     33.000     34.000
             746.000      23.626      -0.030      47.000    0.40%      35.000     38.000
     COPE_PO              33.878      -0.181      17.000    0.13%      29.000     33.000     34.000
             746.000      30.944      -0.077      48.000    0.13%      35.000     38.000
     MSPSS_FA             18.342      -0.857       4.000    1.21%      14.000     18.000     20.000
             746.000      29.048      -0.211      24.000   22.25%      21.000     24.000
     MSPSS_FR             18.070      -0.794       4.000    1.88%      14.000     17.000     19.000
             746.000      26.279      -0.046      24.000   19.17%      20.000     23.000
     MSPSS_SO             19.347      -1.116       4.000    1.34%      16.000     19.000     20.000
             746.000      25.985       0.508      24.000   33.38%      22.000     24.000
     NEURO_NA              9.221       0.073       0.000    0.94%       6.000      8.000      9.000
             746.000      15.727      -0.295      20.000    0.40%      10.000     13.000
     NEURO_SR              9.882       0.490       0.000    2.55%       5.000      8.000      9.000
             746.000      33.600      -0.259      28.000    0.27%      11.000     15.000
     EXTRA_PA             10.402      -0.238       1.000    0.13%       8.000     10.000     11.000
             746.000       8.852      -0.388      16.000    3.49%      11.000     13.000
     EXTRA_SO             10.984      -0.571       0.000    0.27%       9.000     11.000     11.000
             746.000       8.072       0.264      16.000    3.75%      12.000     13.000
     EXTRA_AC             11.769      -0.631       2.000    0.40%       9.000     11.000     12.000
             746.000       7.703       0.245      16.000    6.43%      13.000     14.000


RANDOM STARTS RESULTS RANKED FROM THE BEST TO THE WORST FIT FUNCTION VALUES

Fit function values at local maxima and random start numbers:

            787.8949         11
            787.8949         9
            787.8949         3

Unperturbed starting value run did not converge.

17 starting value run(s) did not converge.



MODEL FIT INFORMATION

Number of Free Parameters                      100

Loglikelihood

          H0 Value                      -47770.338
          H0 Scaling Correction Factor      1.1493
            for MLR
          H1 Value                      -47376.391
          H1 Scaling Correction Factor      1.1004
            for MLR

Information Criteria

          Akaike (AIC)                   95740.677
          Bayesian (BIC)                 96202.149
          Sample-Size Adjusted BIC       95884.612
            (n* = (n + 2) / 24)

Chi-Square Test of Model Fit

          Value                            730.471*
          Degrees of Freedom                   224
          P-Value                           0.0000
          Scaling Correction Factor         1.0786
            for MLR

*   The chi-square value for MLM, MLMV, MLR, ULSMV, WLSM and WLSMV cannot be used
    for chi-square difference testing in the regular way.  MLM, MLR and WLSM
    chi-square difference testing is described on the Mplus website.  MLMV, WLSMV,
    and ULSMV difference testing is done using the DIFFTEST option.

RMSEA (Root Mean Square Error Of Approximation)

          Estimate                           0.055
          90 Percent C.I.                    0.051  0.060
          Probability RMSEA <= .05           0.030

CFI/TLI

          CFI                                0.939
          TLI                                0.925

Chi-Square Test of Model Fit for the Baseline Model

          Value                           8560.748
          Degrees of Freedom                   276
          P-Value                           0.0000

SRMR (Standardized Root Mean Square Residual)

          Value                              0.054



MODEL RESULTS

                                                    Two-Tailed
                    Estimate       S.E.  Est./S.E.    P-Value

 P        BY
    SK                 1.000      0.000    999.000    999.000
    CH                 0.564      0.039     14.324      0.000
    MI                 0.735      0.061     12.110      0.000

 N        BY
    SJ                 1.000      0.000    999.000    999.000
    IS                 1.148      0.044     25.867      0.000
    OI                 1.065      0.040     26.507      0.000

 PTGI     BY
    PTGI_AL            1.000      0.000    999.000    999.000
    PTGI_NP            1.740      0.051     34.007      0.000
    PTGI_PS            1.234      0.044     28.258      0.000
    PTGI_SP            0.328      0.025     12.866      0.000
    PTGI_RO            2.330      0.076     30.482      0.000

 IESR     BY
    IESR_A             1.000      0.000    999.000    999.000
    IESR_I             1.458      0.063     23.216      0.000
    IESR_H             0.912      0.040     22.518      0.000

 COPE     BY
    COPE_PA            1.000      0.000    999.000    999.000
    COPE_PO            1.152      0.126      9.115      0.000

 MSPSS    BY
    MSPSS_FA           1.000      0.000    999.000    999.000
    MSPSS_FR           1.023      0.071     14.439      0.000
    MSPSS_SO           1.020      0.065     15.752      0.000

 NEURO    BY
    NEURO_NA           1.000      0.000    999.000    999.000
    NEURO_SR           1.828      0.086     21.315      0.000

 EXTRA    BY
    EXTRA_PA           1.000      0.000    999.000    999.000
    EXTRA_SO           0.993      0.071     14.013      0.000
    EXTRA_AC           0.836      0.068     12.361      0.000

 P        ON
    COPE               0.584      0.058     10.062      0.000
    MSPSS              0.036      0.056      0.651      0.515
    NEURO             -0.417      0.084     -4.955      0.000
    EXTRA             -0.142      0.140     -1.016      0.310

 N        ON
    COPE               0.174      0.044      3.931      0.000
    MSPSS             -0.023      0.038     -0.588      0.556
    NEURO              1.099      0.085     12.933      0.000
    EXTRA              0.102      0.105      0.972      0.331

 PTGI     ON
    P                  0.190      0.082      2.314      0.021
    N                  0.051      0.107      0.475      0.635
    COPE               0.070      0.085      0.818      0.413
    MSPSS              0.037      0.053      0.696      0.486
    NEURO              0.407      0.178      2.289      0.022
    EXTRA              0.688      0.144      4.779      0.000

 IESR     ON
    P                  0.083      0.095      0.872      0.383
    N                  0.587      0.132      4.450      0.000
    COPE              -0.031      0.099     -0.313      0.754
    MSPSS             -0.053      0.059     -0.897      0.370
    NEURO              0.453      0.198      2.283      0.022
    EXTRA              0.709      0.160      4.418      0.000

 IESR     WITH
    PTGI               2.513      0.562      4.471      0.000

 MSPSS    WITH
    COPE               3.152      0.721      4.373      0.000

 NEURO    WITH
    COPE              -3.022      0.534     -5.658      0.000
    MSPSS             -2.600      0.529     -4.912      0.000

 EXTRA    WITH
    COPE               2.170      0.379      5.724      0.000
    MSPSS              3.431      0.439      7.810      0.000
    NEURO             -3.776      0.385     -9.818      0.000

 SJ       WITH
    SK                -4.642      0.503     -9.219      0.000

 Intercepts
    SK                13.741      0.158     86.938      0.000
    CH                11.598      0.122     94.846      0.000
    MI                13.277      0.115    115.381      0.000
    SJ                15.063      0.171     88.156      0.000
    IS                10.500      0.161     65.080      0.000
    OI                 9.641      0.144     66.973      0.000
    PTGI_AL            6.631      0.154     42.987      0.000
    PTGI_NP            8.615      0.233     37.005      0.000
    PTGI_PS           10.172      0.194     52.327      0.000
    PTGI_SP            1.240      0.079     15.771      0.000
    PTGI_RO           14.072      0.338     41.659      0.000
    IESR_A             6.517      0.202     32.344      0.000
    IESR_I             8.572      0.264     32.442      0.000
    IESR_H             3.366      0.165     20.442      0.000
    COPE_PA           33.993      0.178    191.015      0.000
    COPE_PO           33.878      0.204    166.342      0.000
    MSPSS_FA          18.342      0.197     92.951      0.000
    MSPSS_FR          18.070      0.188     96.275      0.000
    MSPSS_SO          19.347      0.187    103.663      0.000
    NEURO_NA           9.221      0.145     63.508      0.000
    NEURO_SR           9.882      0.212     46.564      0.000
    EXTRA_PA          10.402      0.109     95.495      0.000
    EXTRA_SO          10.984      0.104    105.592      0.000
    EXTRA_AC          11.769      0.102    115.824      0.000

 Variances
    COPE              11.761      1.589      7.404      0.000
    MSPSS             13.711      1.473      9.307      0.000
    NEURO              7.971      0.763     10.454      0.000
    EXTRA              4.120      0.440      9.372      0.000

 Residual Variances
    SK                 8.520      0.873      9.759      0.000
    CH                 7.372      0.500     14.743      0.000
    MI                 3.451      0.486      7.095      0.000
    SJ                10.414      0.661     15.763      0.000
    IS                 4.341      0.400     10.845      0.000
    OI                 2.489      0.295      8.447      0.000
    PTGI_AL            5.825      0.410     14.210      0.000
    PTGI_NP            4.328      0.578      7.493      0.000
    PTGI_PS           10.015      0.650     15.410      0.000
    PTGI_SP            3.332      0.250     13.330      0.000
    PTGI_RO           20.384      2.068      9.859      0.000
    IESR_A            11.395      0.842     13.537      0.000
    IESR_I            11.903      1.409      8.450      0.000
    IESR_H             4.527      0.457      9.905      0.000
    COPE_PA           11.865      1.299      9.132      0.000
    COPE_PO           15.331      1.796      8.536      0.000
    MSPSS_FA          15.337      1.377     11.135      0.000
    MSPSS_FR          11.939      1.460      8.178      0.000
    MSPSS_SO          11.710      1.170     10.012      0.000
    NEURO_NA           7.756      0.480     16.162      0.000
    NEURO_SR           6.950      1.042      6.672      0.000
    EXTRA_PA           4.731      0.351     13.490      0.000
    EXTRA_SO           4.013      0.329     12.181      0.000
    EXTRA_AC           4.824      0.340     14.176      0.000
    P                  5.566      0.978      5.691      0.000
    N                  3.239      0.475      6.824      0.000
    PTGI               9.927      0.692     14.341      0.000
    IESR              12.618      1.103     11.440      0.000


QUALITY OF NUMERICAL RESULTS

     Condition Number for the Information Matrix              0.190E-03
       (ratio of smallest to largest eigenvalue)


STANDARDIZED MODEL RESULTS


STDYX Standardization

                                                    Two-Tailed
                    Estimate       S.E.  Est./S.E.    P-Value

 P        BY
    SK                 0.763      0.029     26.627      0.000
    CH                 0.582      0.035     16.548      0.000
    MI                 0.807      0.033     24.610      0.000

 N        BY
    SJ                 0.723      0.020     35.996      0.000
    IS                 0.881      0.012     71.698      0.000
    OI                 0.916      0.011     83.311      0.000

 PTGI     BY
    PTGI_AL            0.820      0.015     55.381      0.000
    PTGI_NP            0.945      0.008    124.072      0.000
    PTGI_PS            0.803      0.015     52.949      0.000
    PTGI_SP            0.527      0.024     21.511      0.000
    PTGI_RO            0.872      0.015     59.741      0.000

 IESR     BY
    IESR_A             0.790      0.019     42.101      0.000
    IESR_I             0.878      0.016     55.451      0.000
    IESR_H             0.881      0.014     61.979      0.000

 COPE     BY
    COPE_PA            0.706      0.040     17.837      0.000
    COPE_PO            0.710      0.041     17.139      0.000

 MSPSS    BY
    MSPSS_FA           0.687      0.031     22.118      0.000
    MSPSS_FR           0.739      0.034     21.501      0.000
    MSPSS_SO           0.741      0.032     23.304      0.000

 NEURO    BY
    NEURO_NA           0.712      0.023     31.137      0.000
    NEURO_SR           0.891      0.018     50.714      0.000

 EXTRA    BY
    EXTRA_PA           0.682      0.028     23.945      0.000
    EXTRA_SO           0.709      0.030     23.300      0.000
    EXTRA_AC           0.611      0.033     18.393      0.000

 P        ON
    COPE               0.580      0.045     12.900      0.000
    MSPSS              0.039      0.059      0.655      0.512
    NEURO             -0.341      0.074     -4.614      0.000
    EXTRA             -0.084      0.083     -1.011      0.312

 N        ON
    COPE               0.176      0.040      4.436      0.000
    MSPSS             -0.025      0.042     -0.587      0.557
    NEURO              0.917      0.050     18.182      0.000
    EXTRA              0.061      0.063      0.971      0.332

 PTGI     ON
    P                  0.190      0.083      2.296      0.022
    N                  0.050      0.105      0.475      0.635
    COPE               0.069      0.084      0.821      0.412
    MSPSS              0.040      0.057      0.696      0.487
    NEURO              0.333      0.145      2.291      0.022
    EXTRA              0.405      0.080      5.066      0.000

 IESR     ON
    P                  0.065      0.075      0.873      0.382
    N                  0.457      0.098      4.659      0.000
    COPE              -0.024      0.078     -0.312      0.755
    MSPSS             -0.045      0.050     -0.911      0.362
    NEURO              0.294      0.128      2.295      0.022
    EXTRA              0.331      0.070      4.736      0.000

 IESR     WITH
    PTGI               0.225      0.047      4.748      0.000

 MSPSS    WITH
    COPE               0.248      0.055      4.502      0.000

 NEURO    WITH
    COPE              -0.312      0.057     -5.472      0.000
    MSPSS             -0.249      0.046     -5.378      0.000

 EXTRA    WITH
    COPE               0.312      0.059      5.313      0.000
    MSPSS              0.456      0.047      9.708      0.000
    NEURO             -0.659      0.038    -17.160      0.000

 SJ       WITH
    SK                -0.493      0.046    -10.773      0.000

 Intercepts
    SK                 3.041      0.079     38.417      0.000
    CH                 3.473      0.086     40.532      0.000
    MI                 4.224      0.116     36.279      0.000
    SJ                 3.223      0.073     44.170      0.000
    IS                 2.383      0.051     47.087      0.000
    OI                 2.452      0.052     47.494      0.000
    PTGI_AL            1.574      0.047     33.798      0.000
    PTGI_NP            1.355      0.037     36.622      0.000
    PTGI_PS            1.916      0.059     32.651      0.000
    PTGI_SP            0.577      0.021     28.036      0.000
    PTGI_RO            1.525      0.043     35.652      0.000
    IESR_A             1.184      0.031     37.863      0.000
    IESR_I             1.188      0.030     39.989      0.000
    IESR_H             0.748      0.022     33.551      0.000
    COPE_PA            6.994      0.187     37.449      0.000
    COPE_PO            6.090      0.163     37.258      0.000
    MSPSS_FA           3.403      0.110     30.819      0.000
    MSPSS_FR           3.525      0.115     30.650      0.000
    MSPSS_SO           3.795      0.138     27.444      0.000
    NEURO_NA           2.325      0.065     35.863      0.000
    NEURO_SR           1.705      0.044     38.952      0.000
    EXTRA_PA           3.496      0.095     36.726      0.000
    EXTRA_SO           3.866      0.125     30.910      0.000
    EXTRA_AC           4.241      0.136     31.215      0.000

 Variances
    COPE               1.000      0.000    999.000    999.000
    MSPSS              1.000      0.000    999.000    999.000
    NEURO              1.000      0.000    999.000    999.000
    EXTRA              1.000      0.000    999.000    999.000

 Residual Variances
    SK                 0.417      0.044      9.536      0.000
    CH                 0.661      0.041     16.128      0.000
    MI                 0.349      0.053      6.606      0.000
    SJ                 0.477      0.029     16.396      0.000
    IS                 0.224      0.022     10.321      0.000
    OI                 0.161      0.020      7.996      0.000
    PTGI_AL            0.328      0.024     13.523      0.000
    PTGI_NP            0.107      0.014      7.436      0.000
    PTGI_PS            0.355      0.024     14.589      0.000
    PTGI_SP            0.723      0.026     28.007      0.000
    PTGI_RO            0.239      0.025      9.404      0.000
    IESR_A             0.376      0.030     12.693      0.000
    IESR_I             0.228      0.028      8.211      0.000
    IESR_H             0.224      0.025      8.933      0.000
    COPE_PA            0.502      0.056      8.997      0.000
    COPE_PO            0.495      0.059      8.415      0.000
    MSPSS_FA           0.528      0.043     12.371      0.000
    MSPSS_FR           0.454      0.051      8.950      0.000
    MSPSS_SO           0.451      0.047      9.558      0.000
    NEURO_NA           0.493      0.033     15.149      0.000
    NEURO_SR           0.207      0.031      6.612      0.000
    EXTRA_PA           0.535      0.039     13.748      0.000
    EXTRA_SO           0.497      0.043     11.516      0.000
    EXTRA_AC           0.626      0.041     15.410      0.000
    P                  0.468      0.055      8.501      0.000
    N                  0.283      0.037      7.614      0.000
    PTGI               0.832      0.036     23.023      0.000
    IESR               0.668      0.040     16.570      0.000


R-SQUARE

    Observed                                        Two-Tailed
    Variable        Estimate       S.E.  Est./S.E.    P-Value

    SK                 0.583      0.044     13.314      0.000
    CH                 0.339      0.041      8.274      0.000
    MI                 0.651      0.053     12.305      0.000
    SJ                 0.523      0.029     17.998      0.000
    IS                 0.776      0.022     35.849      0.000
    OI                 0.839      0.020     41.656      0.000
    PTGI_AL            0.672      0.024     27.690      0.000
    PTGI_NP            0.893      0.014     62.036      0.000
    PTGI_PS            0.645      0.024     26.474      0.000
    PTGI_SP            0.277      0.026     10.756      0.000
    PTGI_RO            0.761      0.025     29.871      0.000
    IESR_A             0.624      0.030     21.051      0.000
    IESR_I             0.772      0.028     27.726      0.000
    IESR_H             0.776      0.025     30.989      0.000
    COPE_PA            0.498      0.056      8.919      0.000
    COPE_PO            0.505      0.059      8.569      0.000
    MSPSS_FA           0.472      0.043     11.059      0.000
    MSPSS_FR           0.546      0.051     10.751      0.000
    MSPSS_SO           0.549      0.047     11.652      0.000
    NEURO_NA           0.507      0.033     15.569      0.000
    NEURO_SR           0.793      0.031     25.357      0.000
    EXTRA_PA           0.465      0.039     11.973      0.000
    EXTRA_SO           0.503      0.043     11.650      0.000
    EXTRA_AC           0.374      0.041      9.196      0.000

     Latent                                         Two-Tailed
    Variable        Estimate       S.E.  Est./S.E.    P-Value

    P                  0.532      0.055      9.663      0.000
    N                  0.717      0.037     19.257      0.000
    PTGI               0.168      0.036      4.642      0.000
    IESR               0.332      0.040      8.248      0.000


TOTAL, TOTAL INDIRECT, SPECIFIC INDIRECT, AND DIRECT EFFECTS


                                                    Two-Tailed
                    Estimate       S.E.  Est./S.E.    P-Value

Effects from COPE to PTGI

  Total                0.189      0.056      3.398      0.001
  Total indirect       0.120      0.052      2.287      0.022

  Specific indirect 1
    PTGI
    P
    COPE               0.111      0.049      2.279      0.023

  Specific indirect 2
    PTGI
    N
    COPE               0.009      0.018      0.479      0.632

  Direct
    PTGI
    COPE               0.070      0.085      0.818      0.413


Effects from MSPSS to PTGI

  Total                0.043      0.051      0.851      0.395
  Total indirect       0.006      0.012      0.491      0.623

  Specific indirect 1
    PTGI
    P
    MSPSS              0.007      0.012      0.599      0.549

  Specific indirect 2
    PTGI
    N
    MSPSS             -0.001      0.003     -0.373      0.709

  Direct
    PTGI
    MSPSS              0.037      0.053      0.696      0.486


Effects from NEURO to PTGI

  Total                0.384      0.092      4.176      0.000
  Total indirect      -0.023      0.122     -0.191      0.849

  Specific indirect 1
    PTGI
    P
    NEURO             -0.079      0.041     -1.939      0.052

  Specific indirect 2
    PTGI
    N
    NEURO              0.056      0.117      0.478      0.633

  Direct
    PTGI
    NEURO              0.407      0.178      2.289      0.022


Effects from EXTRA to PTGI

  Total                0.667      0.137      4.875      0.000
  Total indirect      -0.022      0.032     -0.692      0.489

  Specific indirect 1
    PTGI
    P
    EXTRA             -0.027      0.030     -0.896      0.370

  Specific indirect 2
    PTGI
    N
    EXTRA              0.005      0.011      0.482      0.630

  Direct
    PTGI
    EXTRA              0.688      0.144      4.779      0.000


Effects from COPE to IESR

  Total                0.119      0.069      1.735      0.083
  Total indirect       0.150      0.062      2.420      0.016

  Specific indirect 1
    IESR
    P
    COPE               0.048      0.055      0.877      0.380

  Specific indirect 2
    IESR
    N
    COPE               0.102      0.032      3.192      0.001

  Direct
    IESR
    COPE              -0.031      0.099     -0.313      0.754


Effects from MSPSS to IESR

  Total               -0.063      0.064     -0.996      0.319
  Total indirect      -0.010      0.023     -0.454      0.650

  Specific indirect 1
    IESR
    P
    MSPSS              0.003      0.006      0.469      0.639

  Specific indirect 2
    IESR
    N
    MSPSS             -0.013      0.023     -0.591      0.555

  Direct
    IESR
    MSPSS             -0.053      0.059     -0.897      0.370


Effects from NEURO to IESR

  Total                1.064      0.122      8.701      0.000
  Total indirect       0.611      0.151      4.052      0.000

  Specific indirect 1
    IESR
    P
    NEURO             -0.034      0.041     -0.846      0.397

  Specific indirect 2
    IESR
    N
    NEURO              0.645      0.144      4.496      0.000

  Direct
    IESR
    NEURO              0.453      0.198      2.283      0.022


Effects from EXTRA to IESR

  Total                0.757      0.170      4.449      0.000
  Total indirect       0.048      0.061      0.793      0.428

  Specific indirect 1
    IESR
    P
    EXTRA             -0.012      0.019     -0.621      0.535

  Specific indirect 2
    IESR
    N
    EXTRA              0.060      0.060      0.997      0.319

  Direct
    IESR
    EXTRA              0.709      0.160      4.418      0.000



STANDARDIZED TOTAL, TOTAL INDIRECT, SPECIFIC INDIRECT, AND DIRECT EFFECTS


STDYX Standardization

                                                    Two-Tailed
                    Estimate       S.E.  Est./S.E.    P-Value

Effects from COPE to PTGI

  Total                0.188      0.053      3.518      0.000
  Total indirect       0.119      0.052      2.308      0.021

  Specific indirect 1
    PTGI
    P
    COPE               0.110      0.048      2.299      0.022

  Specific indirect 2
    PTGI
    N
    COPE               0.009      0.018      0.479      0.632

  Direct
    PTGI
    COPE               0.069      0.084      0.821      0.412


Effects from MSPSS to PTGI

  Total                0.046      0.054      0.850      0.396
  Total indirect       0.006      0.013      0.492      0.623

  Specific indirect 1
    PTGI
    P
    MSPSS              0.007      0.012      0.600      0.549

  Specific indirect 2
    PTGI
    N
    MSPSS             -0.001      0.003     -0.373      0.709

  Direct
    PTGI
    MSPSS              0.040      0.057      0.696      0.487


Effects from NEURO to PTGI

  Total                0.314      0.073      4.270      0.000
  Total indirect      -0.019      0.100     -0.191      0.849

  Specific indirect 1
    PTGI
    P
    NEURO             -0.065      0.034     -1.930      0.054

  Specific indirect 2
    PTGI
    N
    NEURO              0.046      0.096      0.479      0.632

  Direct
    PTGI
    NEURO              0.333      0.145      2.291      0.022


Effects from EXTRA to PTGI

  Total                0.392      0.076      5.135      0.000
  Total indirect      -0.013      0.018     -0.696      0.486

  Specific indirect 1
    PTGI
    P
    EXTRA             -0.016      0.018     -0.903      0.366

  Specific indirect 2
    PTGI
    N
    EXTRA              0.003      0.006      0.481      0.630

  Direct
    PTGI
    EXTRA              0.405      0.080      5.066      0.000


Effects from COPE to IESR

  Total                0.094      0.052      1.801      0.072
  Total indirect       0.118      0.048      2.454      0.014

  Specific indirect 1
    IESR
    P
    COPE               0.038      0.043      0.874      0.382

  Specific indirect 2
    IESR
    N
    COPE               0.080      0.024      3.396      0.001

  Direct
    IESR
    COPE              -0.024      0.078     -0.312      0.755


Effects from MSPSS to IESR

  Total               -0.054      0.053     -1.011      0.312
  Total indirect      -0.009      0.019     -0.454      0.650

  Specific indirect 1
    IESR
    P
    MSPSS              0.003      0.005      0.469      0.639

  Specific indirect 2
    IESR
    N
    MSPSS             -0.011      0.019     -0.590      0.555

  Direct
    IESR
    MSPSS             -0.045      0.050     -0.911      0.362


Effects from NEURO to IESR

  Total                0.691      0.066     10.486      0.000
  Total indirect       0.397      0.093      4.258      0.000

  Specific indirect 1
    IESR
    P
    NEURO             -0.022      0.026     -0.851      0.395

  Specific indirect 2
    IESR
    N
    NEURO              0.419      0.087      4.806      0.000

  Direct
    IESR
    NEURO              0.294      0.128      2.295      0.022


Effects from EXTRA to IESR

  Total                0.353      0.075      4.731      0.000
  Total indirect       0.022      0.028      0.792      0.429

  Specific indirect 1
    IESR
    P
    EXTRA             -0.005      0.009     -0.625      0.532

  Specific indirect 2
    IESR
    N
    EXTRA              0.028      0.028      0.997      0.319

  Direct
    IESR
    EXTRA              0.331      0.070      4.736      0.000




MODEL MODIFICATION INDICES

Minimum M.I. value for printing the modification index    10.000

                                   M.I.     E.P.C.  Std E.P.C.  StdYX E.P.C.

ON/BY Statements

SK       ON PTGI     /
PTGI     BY SK                    21.688     0.189      0.651        0.144
SK       ON MSPSS    /
MSPSS    BY SK                    20.555     0.191      0.708        0.157
SK       ON EXTRA    /
EXTRA    BY SK                    25.190     0.431      0.876        0.194
CH       ON N        /
N        BY CH                    63.047     0.288      0.975        0.292
CH       ON IESR     /
IESR     BY CH                    36.401     0.163      0.711        0.213
CH       ON NEURO    /
NEURO    BY CH                    64.000     0.399      1.127        0.337
CH       ON EXTRA    /
EXTRA    BY CH                    21.961    -0.322     -0.654       -0.196
MI       ON N        /
N        BY MI                    34.630    -0.192     -0.648       -0.206
MI       ON PTGI     /
PTGI     BY MI                    37.206    -0.181     -0.624       -0.198
MI       ON IESR     /
IESR     BY MI                    46.352    -0.161     -0.698       -0.222
MI       ON MSPSS    /
MSPSS    BY MI                    17.678    -0.130     -0.481       -0.153
MI       ON NEURO    /
NEURO    BY MI                    27.637    -0.245     -0.693       -0.220
SJ       ON P        /
P        BY SJ                    37.505     0.283      0.977        0.209
SJ       ON COPE     /
COPE     BY SJ                    25.944     0.224      0.768        0.164
SJ       ON NEURO    /
NEURO    BY SJ                    16.847    -0.431     -1.217       -0.260
IS       ON IESR     /
IESR     BY IS                    11.499    -0.102     -0.442       -0.100
IS       ON MSPSS    /
MSPSS    BY IS                    12.524    -0.109     -0.404       -0.092
IS       ON NEURO    /
NEURO    BY IS                    17.727     0.399      1.125        0.255
IS       ON EXTRA    /
EXTRA    BY IS                    14.486    -0.265     -0.538       -0.122
PTGI_NP  ON MSPSS    /
MSPSS    BY PTGI_NP               22.254    -0.171     -0.635       -0.100
PTGI_PS  ON P        /
P        BY PTGI_PS               13.369     0.153      0.529        0.100
PTGI_PS  ON COPE     /
COPE     BY PTGI_PS               12.169     0.158      0.542        0.102
PTGI_RO  ON MSPSS    /
MSPSS    BY PTGI_RO               18.956     0.263      0.974        0.106
COPE_PA  ON N        /
N        BY COPE_PA               12.311     0.200      0.675        0.139
COPE_PA  ON NEURO    /
NEURO    BY COPE_PA               22.086     0.368      1.038        0.214
COPE_PA  ON EXTRA    /
EXTRA    BY COPE_PA               28.893    -0.638     -1.295       -0.266
COPE_PO  ON N        /
N        BY COPE_PO               11.206    -0.219     -0.741       -0.133
COPE_PO  ON NEURO    /
NEURO    BY COPE_PO               22.088    -0.424     -1.196       -0.215
COPE_PO  ON EXTRA    /
EXTRA    BY COPE_PO               28.893     0.735      1.492        0.268
MSPSS_FA ON N        /
N        BY MSPSS_FA              21.258    -0.255     -0.862       -0.160
MSPSS_FA ON NEURO    /
NEURO    BY MSPSS_FA              12.269    -0.244     -0.690       -0.128
MSPSS_SO ON N        /
N        BY MSPSS_SO              17.683     0.219      0.741        0.145
MSPSS_SO ON NEURO    /
NEURO    BY MSPSS_SO              16.932     0.272      0.767        0.151
EXTRA_SO ON COPE     /
COPE     BY EXTRA_SO              12.616    -0.133     -0.456       -0.160
EXTRA_AC ON COPE     /
COPE     BY EXTRA_AC              18.070     0.153      0.524        0.189

ON Statements

P        ON CH                    30.129     0.384      0.111        0.372
P        ON MI                    39.696    -1.043     -0.303       -0.951
P        ON COPE_PA               25.151     0.436      0.126        0.614
P        ON COPE_PO               22.603    -0.369     -0.107       -0.595
N        ON CH                    12.152     0.112      0.033        0.111
N        ON IS                    14.869    -0.326     -0.096       -0.425
N        ON MSPSS_FA              11.901    -0.095     -0.028       -0.151
PTGI     ON MI                    12.375    -0.320     -0.093       -0.291
PTGI     ON PTGI_NP               11.382     0.710      0.205        1.307
PTGI     ON PTGI_RO               11.753    -0.252     -0.073       -0.674
COPE     ON SK                    38.323    -0.460     -0.134       -0.606
COPE     ON SJ                    35.975     0.295      0.086        0.402
COPE     ON COPE_PA               26.866     0.826      0.241        1.171
COPE     ON COPE_PO               26.878    -0.737     -0.215       -1.195
COPE     ON EXTRA_SO              12.215    -0.334     -0.097       -0.276
COPE     ON EXTRA_AC              20.290     0.346      0.101        0.280
MSPSS    ON SK                    12.505     0.223      0.060        0.272
MSPSS    ON MI                    12.210    -0.380     -0.103       -0.323
MSPSS    ON PTGI_NP               18.450    -0.452     -0.122       -0.776
MSPSS    ON PTGI_RO               19.184     0.163      0.044        0.406
NEURO    ON SK                    10.326     0.137      0.049        0.220
NEURO    ON CH                    42.774     0.257      0.091        0.304
NEURO    ON MI                    54.970    -0.553     -0.196       -0.615
NEURO    ON PTGI_RO               12.249     0.086      0.030        0.279
NEURO    ON MSPSS_FA              20.566    -0.128     -0.045       -0.245
NEURO    ON MSPSS_SO              14.145     0.131      0.046        0.236
EXTRA    ON SK                    22.560     0.145      0.071        0.322
EXTRA    ON MI                    22.967    -0.252     -0.124       -0.390
SK       ON CH                    22.738     0.285      0.285        0.211
SK       ON MI                    24.517    -0.948     -0.948       -0.659
SK       ON PTGI_AL               10.445     0.099      0.099        0.093
SK       ON PTGI_NP               18.833     0.092      0.092        0.129
SK       ON PTGI_SP               17.614     0.238      0.238        0.113
SK       ON PTGI_RO               22.291     0.067      0.067        0.137
SK       ON MSPSS_FR              17.521     0.105      0.105        0.120
SK       ON EXTRA_PA              17.454     0.185      0.185        0.122
SK       ON EXTRA_SO              14.536     0.178      0.178        0.112
CH       ON SK                    11.336     0.173      0.173        0.234
CH       ON SJ                    31.134     0.136      0.136        0.191
CH       ON IS                    49.405     0.184      0.184        0.243
CH       ON OI                    49.283     0.207      0.207        0.244
CH       ON IESR_A                33.476     0.116      0.116        0.191
CH       ON IESR_I                29.936     0.084      0.084        0.182
CH       ON IESR_H                19.816     0.110      0.110        0.148
CH       ON COPE_PO               10.609    -0.077     -0.077       -0.128
CH       ON NEURO_NA              20.734     0.136      0.136        0.162
CH       ON NEURO_SR              49.623     0.153      0.153        0.266
CH       ON EXTRA_PA              13.043    -0.138     -0.138       -0.123
MI       ON SK                    33.337    -0.331     -0.331       -0.476
MI       ON IS                    21.964    -0.106     -0.106       -0.149
MI       ON OI                    40.067    -0.163     -0.163       -0.204
MI       ON PTGI_AL               31.146    -0.125     -0.125       -0.168
MI       ON PTGI_NP               32.605    -0.088     -0.088       -0.178
MI       ON PTGI_SP               13.743    -0.153     -0.153       -0.105
MI       ON PTGI_RO               36.733    -0.063     -0.063       -0.185
MI       ON IESR_A                22.110    -0.079     -0.079       -0.139
MI       ON IESR_I                38.787    -0.082     -0.082       -0.188
MI       ON IESR_H                32.951    -0.121     -0.121       -0.174
MI       ON MSPSS_SO              14.481    -0.070     -0.070       -0.114
MI       ON NEURO_NA              11.582    -0.087     -0.087       -0.110
MI       ON NEURO_SR              18.135    -0.085     -0.085       -0.157
SJ       ON SK                    37.504     0.283      0.283        0.274
SJ       ON CH                    19.539     0.167      0.167        0.119
SJ       ON MI                    27.846     0.223      0.223        0.150
SJ       ON COPE_PO               17.228     0.092      0.092        0.110
IS       ON IESR_H                12.741    -0.091     -0.091       -0.093
IS       ON NEURO_SR              15.672     0.122      0.122        0.161
PTGI_AL  ON MSPSS_FA              12.360     0.065      0.065        0.083
PTGI_NP  ON PTGI_PS               10.550     0.170      0.170        0.142
PTGI_NP  ON MSPSS_FA              20.351    -0.096     -0.096       -0.081
PTGI_NP  ON MSPSS_FR              13.413    -0.082     -0.082       -0.066
PTGI_NP  ON MSPSS_SO              11.591    -0.077     -0.077       -0.062
PTGI_NP  ON EXTRA_SO              10.257    -0.131     -0.131       -0.059
PTGI_PS  ON MI                    19.095     0.181      0.181        0.107
PTGI_PS  ON PTGI_NP               10.549     0.393      0.393        0.471
PTGI_PS  ON PTGI_SP               17.596    -0.300     -0.300       -0.121
PTGI_SP  ON PTGI_PS               17.596    -0.100     -0.100       -0.247
PTGI_RO  ON MSPSS_FR              24.610     0.188      0.188        0.104
PTGI_RO  ON EXTRA_SO              11.401     0.233      0.233        0.072
COPE_PA  ON IS                    16.717     0.164      0.164        0.149
COPE_PA  ON NEURO_SR              25.620     0.175      0.175        0.209
COPE_PA  ON EXTRA_SO              23.312    -0.311     -0.311       -0.182
COPE_PA  ON EXTRA_AC              16.516    -0.254     -0.254       -0.145
COPE_PO  ON SK                    14.934    -0.262     -0.262       -0.213
COPE_PO  ON CH                    20.790    -0.306     -0.306       -0.184
COPE_PO  ON IS                    14.151    -0.174     -0.174       -0.138
COPE_PO  ON NEURO_NA              10.777    -0.170     -0.170       -0.121
COPE_PO  ON NEURO_SR              22.888    -0.191     -0.191       -0.199
COPE_PO  ON EXTRA_AC              45.325     0.483      0.483        0.241
MSPSS_FA ON SJ                    21.563    -0.172     -0.172       -0.149
MSPSS_FA ON IS                    18.675    -0.173     -0.173       -0.142
MSPSS_FA ON OI                    16.795    -0.185     -0.185       -0.135
MSPSS_FR ON PTGI_AL               10.629    -0.128     -0.128       -0.105
MSPSS_SO ON IS                    12.441     0.133      0.133        0.115
MSPSS_SO ON OI                    17.963     0.180      0.180        0.139
MSPSS_SO ON IESR_I                10.700     0.073      0.073        0.104
MSPSS_SO ON NEURO_NA              12.476     0.146      0.146        0.113
NEURO_SR ON IS                    10.389     0.235      0.235        0.178
NEURO_SR ON COPE_PA               12.222     0.133      0.133        0.112
EXTRA_SO ON COPE_PA               14.022    -0.076     -0.076       -0.130
EXTRA_AC ON SJ                    11.535     0.075      0.075        0.126
EXTRA_AC ON COPE_PO               33.658     0.102      0.102        0.204

WITH Statements

SK       WITH EXTRA               23.778     1.209      0.596        0.204
CH       WITH P                   30.124     2.834      1.201        0.442
CH       WITH N                   16.360     1.068      0.594        0.219
CH       WITH NEURO               42.773     1.895      0.671        0.247
CH       WITH SK                  22.736     2.100      2.100        0.265
MI       WITH P                   39.715    -3.601     -1.526       -0.822
MI       WITH N                   16.982    -0.887     -0.493       -0.265
MI       WITH PTGI                12.377    -1.105     -0.351       -0.189
MI       WITH MSPSS               12.211    -1.312     -0.354       -0.191
MI       WITH NEURO               54.974    -1.907     -0.675       -0.364
MI       WITH EXTRA               22.972    -0.870     -0.428       -0.231
MI       WITH SK                  24.526    -3.270     -3.270       -0.603
SJ       WITH P                   16.466     1.765      0.748        0.232
SJ       WITH COPE                23.500     2.416      0.705        0.218
IS       WITH N                   14.870    -1.415     -0.786       -0.377
OI       WITH MI                  14.592    -0.688     -0.688       -0.235
PTGI_NP  WITH PTGI                11.383     3.072      0.975        0.469
PTGI_NP  WITH MSPSS               18.451    -1.956     -0.528       -0.254
PTGI_PS  WITH MI                  11.961     0.991      0.991        0.169
PTGI_PS  WITH PTGI_NP             10.550     1.702      1.702        0.258
PTGI_SP  WITH PTGI_PS             17.596    -1.001     -1.001       -0.173
PTGI_RO  WITH PTGI                11.752    -5.144     -1.633       -0.362
PTGI_RO  WITH MSPSS               19.184     3.322      0.897        0.199
PTGI_RO  WITH NEURO               12.249     1.743      0.617        0.137
IESR_I   WITH PTGI_NP             10.794    -1.553     -1.553       -0.216
COPE_PA  WITH P                   25.145     5.170      2.191        0.636
COPE_PA  WITH COPE                26.867     9.803      2.858        0.830
COPE_PO  WITH P                   22.609    -5.652     -2.396       -0.612
COPE_PO  WITH COPE                26.877   -11.296     -3.294       -0.841
COPE_PO  WITH CH                  20.123    -2.281     -2.281       -0.215
MSPSS_FA WITH N                   11.902    -1.458     -0.810       -0.207
MSPSS_FA WITH NEURO               20.566    -1.965     -0.696       -0.178
MSPSS_FA WITH PTGI_AL             15.400     1.680      1.680        0.178
MSPSS_FR WITH PTGI_AL             11.387    -1.332     -1.332       -0.160
MSPSS_FR WITH PTGI_RO             13.678     2.843      2.843        0.182
MSPSS_SO WITH NEURO               14.144     1.531      0.542        0.158
EXTRA_SO WITH COPE                12.216    -1.339     -0.390       -0.195
EXTRA_SO WITH PTGI_NP             12.706    -0.910     -0.910       -0.218
EXTRA_SO WITH PTGI_RO             22.277     2.050      2.050        0.227
EXTRA_AC WITH COPE                20.288     1.668      0.486        0.221
EXTRA_AC WITH COPE_PO             28.413     2.245      2.245        0.261
EXTRA_AC WITH NEURO_NA            10.997    -0.899     -0.899       -0.147


     Beginning Time:  12:43:17
        Ending Time:  12:43:35
       Elapsed Time:  00:00:18



MUTHEN & MUTHEN
3463 Stoner Ave.
Los Angeles, CA  90066

Tel: (310) 391-9971
Fax: (310) 391-8971
Web: www.StatModel.com
Support: Support@StatModel.com

Copyright (c) 1998-2021 Muthen & Muthen
