Mplus VERSION 8.6 (Mac)
MUTHEN & MUTHEN
11/09/2022  12:47 PM

INPUT INSTRUCTIONS

  TITLE: Model 9, RW.
  DATA:
  FILE = "semdatass.dat";

  VARIABLE:
  NAMES =
    scsj1 scoi2 scch3 scis4 scsk5 scoi6 scch7 scsj8 scmi9 scch10 scsj11 scsk12
    scis13 scmi14 scch15 scsj16 scmi17 scis18 scsk19 scoi20 scsj21 scmi22 scsk23
    scoi24 scis25 scsk26
    pos_sc neg_sc ts_sc
    sk ch mi sj is oi
    ptgi_al ptgi_np ptgi_ps ptgi_sp ptgi_ro
    iesr_a iesr_i iesr_h
    cope_pa cope_po
    mspss_fa mspss_fr mspss_so
    neuro_na neuro_sr
    extra_pa extra_so extra_ac
    group
    ;

  MISSING = .;

  USEVARIABLES ARE
    sk ch mi sj is oi
    ptgi_al ptgi_np ptgi_ps ptgi_sp ptgi_ro
    iesr_a iesr_i iesr_h
    cope_pa cope_po
    ! mspss_fa mspss_fr mspss_so
    neuro_na neuro_sr
    extra_pa extra_so extra_ac
    ;

  USEOBS = GROUP == 0;
  ! Grouping = group (0=RW 1=CS);

  ANALYSIS:
    ESTIMATOR = MLR;
    PROCESSORS = 6;
    !STARTS = 20;

  MODEL:

  PTGI BY
    ptgi_al ptgi_np ptgi_ps ptgi_sp ptgi_ro;

  IESR BY
    iesr_a iesr_i iesr_h;

  COPE BY
    cope_pa cope_po;

  ! MSPSS BY
  !   mspss_fa mspss_fr mspss_so;

  NEURO BY
    neuro_na neuro_sr;

  EXTRA BY
    extra_pa extra_so extra_ac;

  sk ON COPE NEURO EXTRA;
  ch ON COPE NEURO EXTRA;
  mi ON COPE NEURO EXTRA;
  sj ON COPE NEURO EXTRA;
  is ON COPE NEURO EXTRA;
  oi ON COPE NEURO EXTRA;

  PTGI ON sk ch mi sj is oi COPE NEURO EXTRA;
  IESR ON sk ch mi sj is oi COPE NEURO EXTRA;

  model indirect:
    PTGI ind COPE;
    PTGI ind NEURO;
    PTGI ind EXTRA;

    IESR ind COPE;
    IESR ind NEURO;
    IESR ind EXTRA;


  ! Requesting standardized parameter estimates and modification indices
  OUTPUT:
    stdyx;
    MODINDICES (ALL);





INPUT READING TERMINATED NORMALLY



Model 9, RW.

SUMMARY OF ANALYSIS

Number of groups                                                 1
Number of observations                                         746

Number of dependent variables                                   21
Number of independent variables                                  0
Number of continuous latent variables                            5

Observed dependent variables

  Continuous
   SK          CH          MI          SJ          IS          OI
   PTGI_AL     PTGI_NP     PTGI_PS     PTGI_SP     PTGI_RO     IESR_A
   IESR_I      IESR_H      COPE_PA     COPE_PO     NEURO_NA    NEURO_SR
   EXTRA_PA    EXTRA_SO    EXTRA_AC

Continuous latent variables
   PTGI        IESR        COPE        NEURO       EXTRA


Estimator                                                      MLR
Information matrix                                        OBSERVED
Maximum number of iterations                                  1000
Convergence criterion                                    0.500D-04
Maximum number of steepest descent iterations                   20
Maximum number of iterations for H1                           2000
Convergence criterion for H1                             0.100D-03

Input data file(s)
  semdatass.dat

Input data format  FREE


SUMMARY OF DATA

     Number of missing data patterns             1


COVARIANCE COVERAGE OF DATA

Minimum covariance coverage value   0.100


     PROPORTION OF DATA PRESENT


           Covariance Coverage
              SK            CH            MI            SJ            IS
              ________      ________      ________      ________      ________
 SK             1.000
 CH             1.000         1.000
 MI             1.000         1.000         1.000
 SJ             1.000         1.000         1.000         1.000
 IS             1.000         1.000         1.000         1.000         1.000
 OI             1.000         1.000         1.000         1.000         1.000
 PTGI_AL        1.000         1.000         1.000         1.000         1.000
 PTGI_NP        1.000         1.000         1.000         1.000         1.000
 PTGI_PS        1.000         1.000         1.000         1.000         1.000
 PTGI_SP        1.000         1.000         1.000         1.000         1.000
 PTGI_RO        1.000         1.000         1.000         1.000         1.000
 IESR_A         1.000         1.000         1.000         1.000         1.000
 IESR_I         1.000         1.000         1.000         1.000         1.000
 IESR_H         1.000         1.000         1.000         1.000         1.000
 COPE_PA        1.000         1.000         1.000         1.000         1.000
 COPE_PO        1.000         1.000         1.000         1.000         1.000
 NEURO_NA       1.000         1.000         1.000         1.000         1.000
 NEURO_SR       1.000         1.000         1.000         1.000         1.000
 EXTRA_PA       1.000         1.000         1.000         1.000         1.000
 EXTRA_SO       1.000         1.000         1.000         1.000         1.000
 EXTRA_AC       1.000         1.000         1.000         1.000         1.000


           Covariance Coverage
              OI            PTGI_AL       PTGI_NP       PTGI_PS       PTGI_SP
              ________      ________      ________      ________      ________
 OI             1.000
 PTGI_AL        1.000         1.000
 PTGI_NP        1.000         1.000         1.000
 PTGI_PS        1.000         1.000         1.000         1.000
 PTGI_SP        1.000         1.000         1.000         1.000         1.000
 PTGI_RO        1.000         1.000         1.000         1.000         1.000
 IESR_A         1.000         1.000         1.000         1.000         1.000
 IESR_I         1.000         1.000         1.000         1.000         1.000
 IESR_H         1.000         1.000         1.000         1.000         1.000
 COPE_PA        1.000         1.000         1.000         1.000         1.000
 COPE_PO        1.000         1.000         1.000         1.000         1.000
 NEURO_NA       1.000         1.000         1.000         1.000         1.000
 NEURO_SR       1.000         1.000         1.000         1.000         1.000
 EXTRA_PA       1.000         1.000         1.000         1.000         1.000
 EXTRA_SO       1.000         1.000         1.000         1.000         1.000
 EXTRA_AC       1.000         1.000         1.000         1.000         1.000


           Covariance Coverage
              PTGI_RO       IESR_A        IESR_I        IESR_H        COPE_PA
              ________      ________      ________      ________      ________
 PTGI_RO        1.000
 IESR_A         1.000         1.000
 IESR_I         1.000         1.000         1.000
 IESR_H         1.000         1.000         1.000         1.000
 COPE_PA        1.000         1.000         1.000         1.000         1.000
 COPE_PO        1.000         1.000         1.000         1.000         1.000
 NEURO_NA       1.000         1.000         1.000         1.000         1.000
 NEURO_SR       1.000         1.000         1.000         1.000         1.000
 EXTRA_PA       1.000         1.000         1.000         1.000         1.000
 EXTRA_SO       1.000         1.000         1.000         1.000         1.000
 EXTRA_AC       1.000         1.000         1.000         1.000         1.000


           Covariance Coverage
              COPE_PO       NEURO_NA      NEURO_SR      EXTRA_PA      EXTRA_SO
              ________      ________      ________      ________      ________
 COPE_PO        1.000
 NEURO_NA       1.000         1.000
 NEURO_SR       1.000         1.000         1.000
 EXTRA_PA       1.000         1.000         1.000         1.000
 EXTRA_SO       1.000         1.000         1.000         1.000         1.000
 EXTRA_AC       1.000         1.000         1.000         1.000         1.000


           Covariance Coverage
              EXTRA_AC
              ________
 EXTRA_AC       1.000



UNIVARIATE SAMPLE STATISTICS


     UNIVARIATE HIGHER-ORDER MOMENT DESCRIPTIVE STATISTICS

         Variable/         Mean/     Skewness/   Minimum/ % with                Percentiles
        Sample Size      Variance    Kurtosis    Maximum  Min/Max      20%/60%    40%/80%    Median

     SK                   13.741       0.153       5.000    2.55%      10.000     13.000     14.000
             746.000      18.637      -0.322      25.000    0.94%      15.000     17.000
     CH                   11.598       0.124       4.000    0.94%       9.000     11.000     12.000
             746.000      11.155      -0.373      20.000    0.80%      12.000     14.000
     MI                   13.277      -0.169       4.000    0.54%      11.000     12.000     13.000
             746.000       9.879      -0.117      20.000    2.95%      14.000     16.000
     SJ                   15.063       0.084       5.000    0.40%      11.000     14.000     15.000
             746.000      21.780      -0.730      25.000    1.74%      16.000     19.000
     IS                   10.500       0.274       4.000    8.98%       6.000      9.000     10.000
             746.000      19.419      -0.898      20.000    2.14%      12.000     15.000
     OI                    9.641       0.496       4.000    7.91%       6.000      8.000      9.000
             746.000      15.458      -0.533      20.000    1.34%      10.000     13.000
     PTGI_AL               6.631       0.007       0.000   11.53%       2.000      5.000      7.000
             746.000      17.753      -0.985      15.000    2.55%       8.000     11.000
     PTGI_NP               8.615       0.424       0.000   12.33%       2.000      6.000      8.000
             746.000      40.435      -0.703      25.000    0.40%      10.000     15.000
     PTGI_PS              10.172      -0.265       0.000    5.50%       5.000      9.000     11.000
             746.000      28.188      -0.843      20.000    2.55%      12.000     15.000
     PTGI_SP               1.240       1.943       0.000   63.67%       0.000      0.000      0.000
             746.000       4.611       3.260      10.000    0.80%       0.000      2.000
     PTGI_RO              14.072       0.139       0.000    8.31%       4.000     11.000     14.000
             746.000      85.123      -1.006      35.000    0.94%      17.000     23.000
     IESR_A                6.517       0.951       0.000   13.27%       2.000      4.000      5.000
             746.000      30.290       0.446      27.000    0.13%       7.000     11.000
     IESR_I                8.572       0.884       0.000    8.98%       2.000      5.000      7.000
             746.000      52.087       0.012      32.000    0.27%       9.000     15.000
     IESR_H                3.366       1.723       0.000   36.86%       0.000      1.000      2.000
             746.000      20.227       2.719      24.000    0.13%       3.000      6.000
     COPE_PA              33.993      -0.132      18.000    0.13%      30.000     33.000     34.000
             746.000      23.626      -0.030      47.000    0.40%      35.000     38.000
     COPE_PO              33.878      -0.181      17.000    0.13%      29.000     33.000     34.000
             746.000      30.944      -0.077      48.000    0.13%      35.000     38.000
     NEURO_NA              9.221       0.073       0.000    0.94%       6.000      8.000      9.000
             746.000      15.727      -0.295      20.000    0.40%      10.000     13.000
     NEURO_SR              9.882       0.490       0.000    2.55%       5.000      8.000      9.000
             746.000      33.600      -0.259      28.000    0.27%      11.000     15.000
     EXTRA_PA             10.402      -0.238       1.000    0.13%       8.000     10.000     11.000
             746.000       8.852      -0.388      16.000    3.49%      11.000     13.000
     EXTRA_SO             10.984      -0.571       0.000    0.27%       9.000     11.000     11.000
             746.000       8.072       0.264      16.000    3.75%      12.000     13.000
     EXTRA_AC             11.769      -0.631       2.000    0.40%       9.000     11.000     12.000
             746.000       7.703       0.245      16.000    6.43%      13.000     14.000


     THIS ANALYSIS MAY HAVE MULTIPLE SOLUTIONS.  EXPLORE THIS USING RANDOM STARTS,
     FOR EXAMPLE, STARTS = 20.  USE A LARGE ENOUGH NUMBER OF STARTS SO THAT THE
     BEST FIT FUNCTION VALUE IS REPLICATED SEVERAL TIMES.


THE MODEL ESTIMATION TERMINATED NORMALLY



MODEL FIT INFORMATION

Number of Free Parameters                       97

Loglikelihood

          H0 Value                      -41280.698
          H0 Scaling Correction Factor      1.1476
            for MLR
          H1 Value                      -40933.016
          H1 Scaling Correction Factor      1.0914
            for MLR

Information Criteria

          Akaike (AIC)                   82755.397
          Bayesian (BIC)                 83203.025
          Sample-Size Adjusted BIC       82895.014
            (n* = (n + 2) / 24)

Chi-Square Test of Model Fit

          Value                            658.311*
          Degrees of Freedom                   155
          P-Value                           0.0000
          Scaling Correction Factor         1.0563
            for MLR

*   The chi-square value for MLM, MLMV, MLR, ULSMV, WLSM and WLSMV cannot be used
    for chi-square difference testing in the regular way.  MLM, MLR and WLSM
    chi-square difference testing is described on the Mplus website.  MLMV, WLSMV,
    and ULSMV difference testing is done using the DIFFTEST option.

RMSEA (Root Mean Square Error Of Approximation)

          Estimate                           0.066
          90 Percent C.I.                    0.061  0.071
          Probability RMSEA <= .05           0.000

CFI/TLI

          CFI                                0.934
          TLI                                0.911

Chi-Square Test of Model Fit for the Baseline Model

          Value                           7856.202
          Degrees of Freedom                   210
          P-Value                           0.0000

SRMR (Standardized Root Mean Square Residual)

          Value                              0.040



MODEL RESULTS

                                                    Two-Tailed
                    Estimate       S.E.  Est./S.E.    P-Value

 PTGI     BY
    PTGI_AL            1.000      0.000    999.000    999.000
    PTGI_NP            1.742      0.051     34.240      0.000
    PTGI_PS            1.234      0.044     28.245      0.000
    PTGI_SP            0.328      0.026     12.854      0.000
    PTGI_RO            2.329      0.076     30.495      0.000

 IESR     BY
    IESR_A             1.000      0.000    999.000    999.000
    IESR_I             1.458      0.063     23.204      0.000
    IESR_H             0.910      0.040     22.500      0.000

 COPE     BY
    COPE_PA            1.000      0.000    999.000    999.000
    COPE_PO            1.132      0.095     11.872      0.000

 NEURO    BY
    NEURO_NA           1.000      0.000    999.000    999.000
    NEURO_SR           1.798      0.080     22.568      0.000

 EXTRA    BY
    EXTRA_PA           1.000      0.000    999.000    999.000
    EXTRA_SO           0.957      0.068     14.035      0.000
    EXTRA_AC           0.844      0.072     11.659      0.000

 PTGI     ON
    COPE               0.611      0.311      1.961      0.050
    NEURO              1.987      0.783      2.538      0.011
    EXTRA              1.248      0.492      2.536      0.011

 IESR     ON
    COPE               0.233      0.362      0.643      0.520
    NEURO              2.997      0.869      3.450      0.001
    EXTRA              1.772      0.582      3.045      0.002

 PTGI     ON
    SK                 0.155      0.055      2.793      0.005
    CH                 0.032      0.067      0.486      0.627
    MI                -0.157      0.155     -1.012      0.311
    SJ                -0.058      0.063     -0.921      0.357
    IS                -0.277      0.120     -2.301      0.021
    OI                -0.436      0.192     -2.270      0.023

 IESR     ON
    SK                 0.128      0.064      2.017      0.044
    CH                 0.145      0.080      1.815      0.070
    MI                 0.048      0.185      0.256      0.798
    SJ                -0.034      0.067     -0.509      0.611
    IS                -0.419      0.149     -2.803      0.005
    OI                -0.229      0.210     -1.088      0.277

 SK       ON
    COPE               0.880      0.112      7.827      0.000
    NEURO             -0.508      0.160     -3.175      0.001
    EXTRA             -0.284      0.279     -1.016      0.310

 CH       ON
    COPE               0.828      0.093      8.921      0.000
    NEURO             -0.016      0.127     -0.128      0.898
    EXTRA             -0.387      0.209     -1.855      0.064

 MI       ON
    COPE               0.864      0.103      8.353      0.000
    NEURO             -0.692      0.116     -5.953      0.000
    EXTRA             -0.814      0.216     -3.776      0.000

 SJ       ON
    COPE               0.613      0.107      5.717      0.000
    NEURO              1.652      0.158     10.472      0.000
    EXTRA              0.395      0.249      1.588      0.112

 IS       ON
    COPE               0.381      0.080      4.749      0.000
    NEURO              1.931      0.143     13.541      0.000
    EXTRA              0.605      0.197      3.063      0.002

 OI       ON
    COPE               0.356      0.082      4.352      0.000
    NEURO              1.847      0.149     12.428      0.000
    EXTRA              0.744      0.213      3.490      0.000

 IESR     WITH
    PTGI               0.728      1.104      0.659      0.510

 NEURO    WITH
    COPE              -3.034      0.509     -5.964      0.000

 EXTRA    WITH
    COPE               2.424      0.417      5.814      0.000
    NEURO             -4.023      0.404     -9.958      0.000

 Intercepts
    SK                13.741      0.158     86.938      0.000
    CH                11.598      0.122     94.846      0.000
    MI                13.277      0.115    115.381      0.000
    SJ                15.063      0.171     88.156      0.000
    IS                10.500      0.161     65.080      0.000
    OI                 9.641      0.144     66.973      0.000
    PTGI_AL           14.187      4.559      3.112      0.002
    PTGI_NP           21.781      7.924      2.749      0.006
    PTGI_PS           19.493      5.625      3.465      0.001
    PTGI_SP            3.721      1.523      2.444      0.015
    PTGI_RO           31.674     10.653      2.973      0.003
    IESR_A             9.562      5.204      1.837      0.066
    IESR_I            13.010      7.578      1.717      0.086
    IESR_H             6.138      4.737      1.296      0.195
    COPE_PA           33.993      0.178    191.015      0.000
    COPE_PO           33.878      0.204    166.342      0.000
    NEURO_NA           9.221      0.145     63.508      0.000
    NEURO_SR           9.882      0.212     46.563      0.000
    EXTRA_PA          10.402      0.109     95.495      0.000
    EXTRA_SO          10.984      0.104    105.592      0.000
    EXTRA_AC          11.769      0.102    115.824      0.000

 Variances
    COPE               7.487      1.087      6.888      0.000
    NEURO              6.817      0.717      9.511      0.000
    EXTRA              4.123      0.457      9.031      0.000

 Residual Variances
    SK                10.407      0.672     15.499      0.000
    CH                 6.927      0.473     14.643      0.000
    MI                 2.599      0.368      7.067      0.000
    SJ                 9.948      0.647     15.369      0.000
    IS                 4.144      0.386     10.744      0.000
    OI                 2.732      0.314      8.687      0.000
    PTGI_AL            5.838      0.410     14.223      0.000
    PTGI_NP            4.261      0.564      7.552      0.000
    PTGI_PS           10.054      0.650     15.465      0.000
    PTGI_SP            3.327      0.249     13.348      0.000
    PTGI_RO           20.465      2.063      9.922      0.000
    IESR_A            11.374      0.839     13.550      0.000
    IESR_I            11.886      1.403      8.472      0.000
    IESR_H             4.546      0.459      9.899      0.000
    COPE_PA           16.139      1.034     15.604      0.000
    COPE_PO           21.351      1.424     14.989      0.000
    NEURO_NA           8.910      0.516     17.260      0.000
    NEURO_SR          11.566      0.890     13.001      0.000
    EXTRA_PA           4.729      0.360     13.137      0.000
    EXTRA_SO           4.299      0.346     12.439      0.000
    EXTRA_AC           4.767      0.341     13.967      0.000
    PTGI               8.509      1.192      7.140      0.000
    IESR              10.126      1.700      5.956      0.000


QUALITY OF NUMERICAL RESULTS

     Condition Number for the Information Matrix              0.254E-05
       (ratio of smallest to largest eigenvalue)


STANDARDIZED MODEL RESULTS


STDYX Standardization

                                                    Two-Tailed
                    Estimate       S.E.  Est./S.E.    P-Value

 PTGI     BY
    PTGI_AL            0.819      0.015     55.260      0.000
    PTGI_NP            0.946      0.007    126.748      0.000
    PTGI_PS            0.802      0.015     52.574      0.000
    PTGI_SP            0.528      0.025     21.492      0.000
    PTGI_RO            0.872      0.015     59.963      0.000

 IESR     BY
    IESR_A             0.790      0.019     42.079      0.000
    IESR_I             0.878      0.016     55.370      0.000
    IESR_H             0.880      0.014     62.115      0.000

 COPE     BY
    COPE_PA            0.563      0.034     16.468      0.000
    COPE_PO            0.557      0.038     14.821      0.000

 NEURO    BY
    NEURO_NA           0.658      0.025     26.350      0.000
    NEURO_SR           0.810      0.017     48.737      0.000

 EXTRA    BY
    EXTRA_PA           0.682      0.030     22.909      0.000
    EXTRA_SO           0.684      0.033     20.978      0.000
    EXTRA_AC           0.617      0.034     17.990      0.000

 PTGI     ON
    COPE               0.484      0.239      2.021      0.043
    NEURO              1.503      0.588      2.554      0.011
    EXTRA              0.734      0.284      2.590      0.010

 IESR     ON
    COPE               0.147      0.228      0.644      0.520
    NEURO              1.802      0.512      3.520      0.000
    EXTRA              0.829      0.262      3.166      0.002

 PTGI     ON
    SK                 0.194      0.069      2.794      0.005
    CH                 0.031      0.065      0.486      0.627
    MI                -0.143      0.141     -1.012      0.312
    SJ                -0.078      0.085     -0.918      0.359
    IS                -0.353      0.153     -2.307      0.021
    OI                -0.496      0.218     -2.275      0.023

 IESR     ON
    SK                 0.128      0.064      2.009      0.045
    CH                 0.111      0.061      1.839      0.066
    MI                 0.034      0.134      0.257      0.797
    SJ                -0.037      0.072     -0.508      0.611
    IS                -0.425      0.150     -2.828      0.005
    OI                -0.207      0.191     -1.087      0.277

 SK       ON
    COPE               0.558      0.048     11.590      0.000
    NEURO             -0.307      0.097     -3.167      0.002
    EXTRA             -0.133      0.129     -1.034      0.301

 CH       ON
    COPE               0.678      0.045     14.944      0.000
    NEURO             -0.013      0.099     -0.128      0.898
    EXTRA             -0.235      0.123     -1.910      0.056

 MI       ON
    COPE               0.753      0.054     14.003      0.000
    NEURO             -0.575      0.097     -5.950      0.000
    EXTRA             -0.526      0.127     -4.137      0.000

 SJ       ON
    COPE               0.359      0.053      6.751      0.000
    NEURO              0.924      0.079     11.693      0.000
    EXTRA              0.172      0.108      1.590      0.112

 IS       ON
    COPE               0.236      0.047      5.070      0.000
    NEURO              1.144      0.070     16.411      0.000
    EXTRA              0.279      0.089      3.118      0.002

 OI       ON
    COPE               0.247      0.053      4.689      0.000
    NEURO              1.227      0.084     14.669      0.000
    EXTRA              0.384      0.108      3.550      0.000

 IESR     WITH
    PTGI               0.078      0.111      0.704      0.481

 NEURO    WITH
    COPE              -0.425      0.064     -6.635      0.000

 EXTRA    WITH
    COPE               0.436      0.078      5.605      0.000
    NEURO             -0.759      0.043    -17.585      0.000

 Intercepts
    SK                 3.183      0.080     39.832      0.000
    CH                 3.473      0.086     40.532      0.000
    MI                 4.224      0.116     36.278      0.000
    SJ                 3.228      0.074     43.886      0.000
    IS                 2.383      0.051     47.087      0.000
    OI                 2.452      0.052     47.494      0.000
    PTGI_AL            3.367      1.081      3.116      0.002
    PTGI_NP            3.425      1.249      2.743      0.006
    PTGI_PS            3.671      1.063      3.455      0.001
    PTGI_SP            1.733      0.699      2.477      0.013
    PTGI_RO            3.433      1.153      2.978      0.003
    IESR_A             1.739      0.948      1.835      0.066
    IESR_I             1.805      1.055      1.711      0.087
    IESR_H             1.367      1.058      1.291      0.197
    COPE_PA            6.994      0.187     37.449      0.000
    COPE_PO            6.090      0.163     37.258      0.000
    NEURO_NA           2.325      0.065     35.863      0.000
    NEURO_SR           1.705      0.044     38.953      0.000
    EXTRA_PA           3.496      0.095     36.726      0.000
    EXTRA_SO           3.866      0.125     30.910      0.000
    EXTRA_AC           4.241      0.136     31.215      0.000

 Variances
    COPE               1.000      0.000    999.000    999.000
    NEURO              1.000      0.000    999.000    999.000
    EXTRA              1.000      0.000    999.000    999.000

 Residual Variances
    SK                 0.558      0.037     15.151      0.000
    CH                 0.621      0.040     15.448      0.000
    MI                 0.263      0.040      6.593      0.000
    SJ                 0.457      0.030     15.005      0.000
    IS                 0.213      0.021     10.284      0.000
    OI                 0.177      0.021      8.242      0.000
    PTGI_AL            0.329      0.024     13.535      0.000
    PTGI_NP            0.105      0.014      7.465      0.000
    PTGI_PS            0.357      0.024     14.574      0.000
    PTGI_SP            0.721      0.026     27.830      0.000
    PTGI_RO            0.240      0.025      9.489      0.000
    IESR_A             0.376      0.030     12.694      0.000
    IESR_I             0.229      0.028      8.214      0.000
    IESR_H             0.225      0.025      9.034      0.000
    COPE_PA            0.683      0.038     17.748      0.000
    COPE_PO            0.690      0.042     16.494      0.000
    NEURO_NA           0.567      0.033     17.219      0.000
    NEURO_SR           0.344      0.027     12.791      0.000
    EXTRA_PA           0.534      0.041     13.138      0.000
    EXTRA_SO           0.533      0.045     11.954      0.000
    EXTRA_AC           0.619      0.042     14.609      0.000
    PTGI               0.714      0.092      7.769      0.000
    IESR               0.537      0.085      6.317      0.000


R-SQUARE

    Observed                                        Two-Tailed
    Variable        Estimate       S.E.  Est./S.E.    P-Value

    SK                 0.442      0.037     11.980      0.000
    CH                 0.379      0.040      9.427      0.000
    MI                 0.737      0.040     18.471      0.000
    SJ                 0.543      0.030     17.847      0.000
    IS                 0.787      0.021     37.912      0.000
    OI                 0.823      0.021     38.393      0.000
    PTGI_AL            0.671      0.024     27.630      0.000
    PTGI_NP            0.895      0.014     63.374      0.000
    PTGI_PS            0.643      0.024     26.287      0.000
    PTGI_SP            0.279      0.026     10.746      0.000
    PTGI_RO            0.760      0.025     29.981      0.000
    IESR_A             0.624      0.030     21.040      0.000
    IESR_I             0.771      0.028     27.685      0.000
    IESR_H             0.775      0.025     31.057      0.000
    COPE_PA            0.317      0.038      8.234      0.000
    COPE_PO            0.310      0.042      7.410      0.000
    NEURO_NA           0.433      0.033     13.175      0.000
    NEURO_SR           0.656      0.027     24.369      0.000
    EXTRA_PA           0.466      0.041     11.454      0.000
    EXTRA_SO           0.467      0.045     10.489      0.000
    EXTRA_AC           0.381      0.042      8.995      0.000

     Latent                                         Two-Tailed
    Variable        Estimate       S.E.  Est./S.E.    P-Value

    PTGI               0.286      0.092      3.111      0.002
    IESR               0.463      0.085      5.443      0.000


TOTAL, TOTAL INDIRECT, SPECIFIC INDIRECT, AND DIRECT EFFECTS


                                                    Two-Tailed
                    Estimate       S.E.  Est./S.E.    P-Value

Effects from COPE to PTGI

  Total                0.342      0.086      3.963      0.000
  Total indirect      -0.268      0.246     -1.091      0.275

  Specific indirect 1
    PTGI
    SK
    COPE               0.136      0.049      2.802      0.005

  Specific indirect 2
    PTGI
    CH
    COPE               0.027      0.055      0.486      0.627

  Specific indirect 3
    PTGI
    MI
    COPE              -0.135      0.138     -0.985      0.325

  Specific indirect 4
    PTGI
    SJ
    COPE              -0.035      0.040     -0.893      0.372

  Specific indirect 5
    PTGI
    IS
    COPE              -0.105      0.053     -1.985      0.047

  Specific indirect 6
    PTGI
    OI
    COPE              -0.155      0.082     -1.894      0.058

  Direct
    PTGI
    COPE               0.611      0.311      1.961      0.050


Effects from NEURO to PTGI

  Total                0.581      0.142      4.095      0.000
  Total indirect      -1.406      0.673     -2.090      0.037

  Specific indirect 1
    PTGI
    SK
    NEURO             -0.079      0.043     -1.832      0.067

  Specific indirect 2
    PTGI
    CH
    NEURO             -0.001      0.005     -0.114      0.909

  Specific indirect 3
    PTGI
    MI
    NEURO              0.108      0.104      1.047      0.295

  Specific indirect 4
    PTGI
    SJ
    NEURO             -0.096      0.107     -0.894      0.371

  Specific indirect 5
    PTGI
    IS
    NEURO             -0.534      0.247     -2.160      0.031

  Specific indirect 6
    PTGI
    OI
    NEURO             -0.805      0.388     -2.077      0.038

  Direct
    PTGI
    NEURO              1.987      0.783      2.538      0.011


Effects from EXTRA to PTGI

  Total                0.805      0.174      4.628      0.000
  Total indirect      -0.443      0.359     -1.235      0.217

  Specific indirect 1
    PTGI
    SK
    EXTRA             -0.044      0.049     -0.891      0.373

  Specific indirect 2
    PTGI
    CH
    EXTRA             -0.013      0.029     -0.438      0.661

  Specific indirect 3
    PTGI
    MI
    EXTRA              0.128      0.124      1.031      0.303

  Specific indirect 4
    PTGI
    SJ
    EXTRA             -0.023      0.032     -0.711      0.477

  Specific indirect 5
    PTGI
    IS
    EXTRA             -0.167      0.105     -1.594      0.111

  Specific indirect 6
    PTGI
    OI
    EXTRA             -0.324      0.200     -1.618      0.106

  Direct
    PTGI
    EXTRA              1.248      0.492      2.536      0.011


Effects from COPE to IESR

  Total                0.245      0.107      2.285      0.022
  Total indirect       0.012      0.280      0.043      0.965

  Specific indirect 1
    IESR
    SK
    COPE               0.113      0.058      1.934      0.053

  Specific indirect 2
    IESR
    CH
    COPE               0.120      0.068      1.764      0.078

  Specific indirect 3
    IESR
    MI
    COPE               0.041      0.161      0.255      0.799

  Specific indirect 4
    IESR
    SJ
    COPE              -0.021      0.042     -0.503      0.615

  Specific indirect 5
    IESR
    IS
    COPE              -0.159      0.066     -2.411      0.016

  Specific indirect 6
    IESR
    OI
    COPE              -0.081      0.079     -1.032      0.302

  Direct
    IESR
    COPE               0.233      0.362      0.643      0.520


Effects from NEURO to IESR

  Total                1.609      0.198      8.140      0.000
  Total indirect      -1.388      0.731     -1.900      0.057

  Specific indirect 1
    IESR
    SK
    NEURO             -0.065      0.044     -1.485      0.137

  Specific indirect 2
    IESR
    CH
    NEURO             -0.002      0.019     -0.125      0.901

  Specific indirect 3
    IESR
    MI
    NEURO             -0.033      0.130     -0.252      0.801

  Specific indirect 4
    IESR
    SJ
    NEURO             -0.056      0.113     -0.500      0.617

  Specific indirect 5
    IESR
    IS
    NEURO             -0.809      0.310     -2.613      0.009

  Specific indirect 6
    IESR
    OI
    NEURO             -0.422      0.401     -1.053      0.292

  Direct
    IESR
    NEURO              2.997      0.869      3.450      0.001


Effects from EXTRA to IESR

  Total                1.204      0.251      4.795      0.000
  Total indirect      -0.568      0.385     -1.476      0.140

  Specific indirect 1
    IESR
    SK
    EXTRA             -0.036      0.046     -0.799      0.424

  Specific indirect 2
    IESR
    CH
    EXTRA             -0.056      0.050     -1.113      0.266

  Specific indirect 3
    IESR
    MI
    EXTRA             -0.039      0.155     -0.249      0.803

  Specific indirect 4
    IESR
    SJ
    EXTRA             -0.014      0.030     -0.449      0.653

  Specific indirect 5
    IESR
    IS
    EXTRA             -0.253      0.139     -1.821      0.069

  Specific indirect 6
    IESR
    OI
    EXTRA             -0.170      0.177     -0.959      0.338

  Direct
    IESR
    EXTRA              1.772      0.582      3.045      0.002



STANDARDIZED TOTAL, TOTAL INDIRECT, SPECIFIC INDIRECT, AND DIRECT EFFECTS


STDYX Standardization

                                                    Two-Tailed
                    Estimate       S.E.  Est./S.E.    P-Value

Effects from COPE to PTGI

  Total                0.271      0.064      4.236      0.000
  Total indirect      -0.213      0.192     -1.107      0.268

  Specific indirect 1
    PTGI
    SK
    COPE               0.108      0.038      2.828      0.005

  Specific indirect 2
    PTGI
    CH
    COPE               0.021      0.044      0.486      0.627

  Specific indirect 3
    PTGI
    MI
    COPE              -0.107      0.107     -0.999      0.318

  Specific indirect 4
    PTGI
    SJ
    COPE              -0.028      0.031     -0.898      0.369

  Specific indirect 5
    PTGI
    IS
    COPE              -0.084      0.042     -2.006      0.045

  Specific indirect 6
    PTGI
    OI
    COPE              -0.123      0.064     -1.929      0.054

  Direct
    PTGI
    COPE               0.484      0.239      2.021      0.043


Effects from NEURO to PTGI

  Total                0.439      0.105      4.182      0.000
  Total indirect      -1.063      0.507     -2.098      0.036

  Specific indirect 1
    PTGI
    SK
    NEURO             -0.059      0.033     -1.824      0.068

  Specific indirect 2
    PTGI
    CH
    NEURO              0.000      0.003     -0.114      0.909

  Specific indirect 3
    PTGI
    MI
    NEURO              0.082      0.078      1.050      0.294

  Specific indirect 4
    PTGI
    SJ
    NEURO             -0.072      0.081     -0.891      0.373

  Specific indirect 5
    PTGI
    IS
    NEURO             -0.404      0.186     -2.168      0.030

  Specific indirect 6
    PTGI
    OI
    NEURO             -0.609      0.291     -2.096      0.036

  Direct
    PTGI
    NEURO              1.503      0.588      2.554      0.011


Effects from EXTRA to PTGI

  Total                0.474      0.097      4.863      0.000
  Total indirect      -0.261      0.210     -1.244      0.213

  Specific indirect 1
    PTGI
    SK
    EXTRA             -0.026      0.029     -0.903      0.367

  Specific indirect 2
    PTGI
    CH
    EXTRA             -0.007      0.017     -0.440      0.660

  Specific indirect 3
    PTGI
    MI
    EXTRA              0.075      0.073      1.030      0.303

  Specific indirect 4
    PTGI
    SJ
    EXTRA             -0.013      0.019     -0.710      0.478

  Specific indirect 5
    PTGI
    IS
    EXTRA             -0.098      0.061     -1.606      0.108

  Specific indirect 6
    PTGI
    OI
    EXTRA             -0.191      0.117     -1.630      0.103

  Direct
    PTGI
    EXTRA              0.734      0.284      2.590      0.010


Effects from COPE to IESR

  Total                0.154      0.066      2.354      0.019
  Total indirect       0.008      0.177      0.043      0.965

  Specific indirect 1
    IESR
    SK
    COPE               0.071      0.037      1.947      0.052

  Specific indirect 2
    IESR
    CH
    COPE               0.076      0.042      1.795      0.073

  Specific indirect 3
    IESR
    MI
    COPE               0.026      0.101      0.256      0.798

  Specific indirect 4
    IESR
    SJ
    COPE              -0.013      0.026     -0.504      0.614

  Specific indirect 5
    IESR
    IS
    COPE              -0.101      0.041     -2.445      0.014

  Specific indirect 6
    IESR
    OI
    COPE              -0.051      0.049     -1.038      0.299

  Direct
    IESR
    COPE               0.147      0.228      0.644      0.520


Effects from NEURO to IESR

  Total                0.967      0.103      9.378      0.000
  Total indirect      -0.835      0.437     -1.910      0.056

  Specific indirect 1
    IESR
    SK
    NEURO             -0.039      0.027     -1.471      0.141

  Specific indirect 2
    IESR
    CH
    NEURO             -0.001      0.011     -0.125      0.901

  Specific indirect 3
    IESR
    MI
    NEURO             -0.020      0.078     -0.252      0.801

  Specific indirect 4
    IESR
    SJ
    NEURO             -0.034      0.068     -0.500      0.617

  Specific indirect 5
    IESR
    IS
    NEURO             -0.487      0.184     -2.640      0.008

  Specific indirect 6
    IESR
    OI
    NEURO             -0.254      0.241     -1.056      0.291

  Direct
    IESR
    NEURO              1.802      0.512      3.520      0.000


Effects from EXTRA to IESR

  Total                0.563      0.109      5.142      0.000
  Total indirect      -0.266      0.177     -1.497      0.134

  Specific indirect 1
    IESR
    SK
    EXTRA             -0.017      0.021     -0.806      0.420

  Specific indirect 2
    IESR
    CH
    EXTRA             -0.026      0.023     -1.133      0.257

  Specific indirect 3
    IESR
    MI
    EXTRA             -0.018      0.072     -0.250      0.803

  Specific indirect 4
    IESR
    SJ
    EXTRA             -0.006      0.014     -0.448      0.654

  Specific indirect 5
    IESR
    IS
    EXTRA             -0.118      0.065     -1.832      0.067

  Specific indirect 6
    IESR
    OI
    EXTRA             -0.080      0.083     -0.958      0.338

  Direct
    IESR
    EXTRA              0.829      0.262      3.166      0.002




MODEL MODIFICATION INDICES

Minimum M.I. value for printing the modification index    10.000

                                   M.I.     E.P.C.  Std E.P.C.  StdYX E.P.C.

ON/BY Statements

CH       ON PTGI     /
PTGI     BY CH                    28.293     0.934      3.226        0.966
CH       ON IESR     /
IESR     BY CH                    16.823     0.701      3.044        0.911
SJ       ON PTGI     /
PTGI     BY SJ                   105.688    -1.892     -6.532       -1.400
SJ       ON IESR     /
IESR     BY SJ                    51.564    -1.331     -5.778       -1.238
OI       ON PTGI     /
PTGI     BY OI                    11.089     0.455      1.572        0.400
PTGI_PS  ON COPE     /
COPE     BY PTGI_PS               14.191     0.203      0.555        0.105
COPE_PA  ON NEURO    /
NEURO    BY COPE_PA               12.796     0.340      0.889        0.183
COPE_PA  ON EXTRA    /
EXTRA    BY COPE_PA               21.968    -0.639     -1.297       -0.267
COPE_PO  ON NEURO    /
NEURO    BY COPE_PO               12.799    -0.385     -1.006       -0.181
COPE_PO  ON EXTRA    /
EXTRA    BY COPE_PO               21.974     0.723      1.468        0.264
EXTRA_AC ON COPE     /
COPE     BY EXTRA_AC              14.425     0.165      0.452        0.163

ON Statements

COPE     ON PTGI_PS               10.231     0.113      0.041        0.220
COPE     ON COPE_PA               19.897     0.344      0.126        0.611
COPE     ON COPE_PO               19.899    -0.294     -0.108       -0.599
COPE     ON EXTRA_AC              16.111     0.217      0.079        0.220
SK       ON CH                    54.292     0.437      0.437        0.338
SK       ON SJ                   123.105    -0.493     -0.493       -0.533
SK       ON OI                    18.622     0.462      0.462        0.421
SK       ON COPE_PO               17.166    -0.129     -0.129       -0.167
CH       ON SK                    54.292     0.291      0.291        0.376
CH       ON PTGI_RO               11.527     0.084      0.084        0.231
CH       ON COPE_PO               29.106    -0.139     -0.139       -0.231
MI       ON SJ                    25.847     0.162      0.162        0.240
MI       ON PTGI_PS               10.346     0.086      0.086        0.146
SJ       ON SK                   123.106    -0.471     -0.471       -0.436
SJ       ON MI                    25.849     0.620      0.620        0.418
SJ       ON PTGI_NP               28.600    -0.363     -0.363       -0.494
SJ       ON PTGI_RO               31.563    -0.161     -0.161       -0.318
SJ       ON IESR_I                13.005    -0.158     -0.158       -0.243
SJ       ON COPE_PO               11.196     0.096      0.096        0.115
OI       ON SK                    18.622     0.121      0.121        0.133
PTGI_NP  ON PTGI_PS               11.219     0.172      0.172        0.144
PTGI_NP  ON PTGI_RO               10.709    -0.160     -0.160       -0.232
PTGI_NP  ON EXTRA_SO              10.332    -0.130     -0.130       -0.058
PTGI_PS  ON MI                    20.280     0.182      0.182        0.108
PTGI_PS  ON PTGI_NP               11.220     0.407      0.407        0.487
PTGI_PS  ON PTGI_SP               18.064    -0.302     -0.302       -0.122
PTGI_SP  ON PTGI_PS               18.064    -0.100     -0.100       -0.247
PTGI_RO  ON PTGI_NP               10.711    -0.767     -0.767       -0.529
PTGI_RO  ON EXTRA_SO              11.775     0.233      0.233        0.072
COPE_PA  ON IS                    10.233     0.150      0.150        0.136
COPE_PA  ON COPE_PO               68.887     0.312      0.312        0.357
COPE_PA  ON NEURO_SR              13.720     0.132      0.132        0.157
COPE_PA  ON EXTRA_SO              23.889    -0.339     -0.339       -0.198
COPE_PA  ON EXTRA_AC              10.819    -0.222     -0.222       -0.127
COPE_PO  ON SK                    12.530    -0.222     -0.222       -0.172
COPE_PO  ON CH                    37.047    -0.467     -0.467       -0.281
COPE_PO  ON IS                    12.888    -0.191     -0.191       -0.151
COPE_PO  ON COPE_PA               68.886     0.413      0.413        0.361
COPE_PO  ON NEURO_SR              15.265    -0.159     -0.159       -0.165
COPE_PO  ON EXTRA_AC              29.930     0.423      0.423        0.211
NEURO_NA ON SJ                    11.397    -0.117     -0.117       -0.138
NEURO_NA ON NEURO_SR              49.687     0.267      0.267        0.390
NEURO_SR ON NEURO_NA              49.686     0.347      0.347        0.237
EXTRA_SO ON PTGI_RO               13.855     0.040      0.040        0.131
EXTRA_SO ON COPE_PA               17.025    -0.083     -0.083       -0.142
EXTRA_SO ON NEURO_NA              13.770     0.108      0.108        0.151
EXTRA_AC ON SJ                    16.398     0.092      0.092        0.154
EXTRA_AC ON COPE_PO               27.217     0.090      0.090        0.181

WITH Statements

CH       WITH SK                  54.292     3.030      3.030        0.357
SJ       WITH SK                 123.107    -4.906     -4.906       -0.482
SJ       WITH MI                  25.848     1.611      1.611        0.317
OI       WITH SK                  18.620     1.262      1.262        0.237
PTGI_PS  WITH COPE                10.230     1.137      0.416        0.131
PTGI_PS  WITH PTGI_NP             11.218     1.733      1.733        0.265
PTGI_SP  WITH PTGI_PS             18.064    -1.003     -1.003       -0.174
PTGI_RO  WITH PTGI_NP             10.710    -3.269     -3.269       -0.350
IESR_I   WITH PTGI_NP             11.031    -1.547     -1.547       -0.217
COPE_PA  WITH COPE                19.897     5.555      2.030        0.505
COPE_PO  WITH COPE                19.899    -6.288     -2.298       -0.497
COPE_PO  WITH SK                  17.166    -2.764     -2.764       -0.185
COPE_PO  WITH CH                  29.105    -2.963     -2.963       -0.244
COPE_PO  WITH SJ                  11.195     2.059      2.059        0.141
COPE_PO  WITH COPE_PA             68.886     6.666      6.666        0.359
NEURO_SR WITH PTGI_RO             11.420     2.338      2.338        0.152
NEURO_SR WITH NEURO_NA            49.687     3.088      3.088        0.304
EXTRA_SO WITH PTGI_NP             16.718    -1.046     -1.046       -0.244
EXTRA_SO WITH PTGI_RO             27.518     2.295      2.295        0.245
EXTRA_SO WITH COPE_PA             11.115    -1.274     -1.274       -0.153
EXTRA_SO WITH NEURO_NA            15.509     1.099      1.099        0.177
EXTRA_AC WITH COPE                16.111     1.036      0.379        0.173
EXTRA_AC WITH COPE_PO             17.231     1.821      1.821        0.180


     Beginning Time:  12:47:44
        Ending Time:  12:47:45
       Elapsed Time:  00:00:01



MUTHEN & MUTHEN
3463 Stoner Ave.
Los Angeles, CA  90066

Tel: (310) 391-9971
Fax: (310) 391-8971
Web: www.StatModel.com
Support: Support@StatModel.com

Copyright (c) 1998-2021 Muthen & Muthen
