Mplus VERSION 8.6 (Mac)
MUTHEN & MUTHEN
11/09/2022  12:44 PM

INPUT INSTRUCTIONS

  TITLE: Model 6, RW.
  DATA:
  FILE = "semdatass.dat";

  VARIABLE:
  NAMES =
    scsj1 scoi2 scch3 scis4 scsk5 scoi6 scch7 scsj8 scmi9 scch10 scsj11 scsk12
    scis13 scmi14 scch15 scsj16 scmi17 scis18 scsk19 scoi20 scsj21 scmi22 scsk23
    scoi24 scis25 scsk26
    pos_sc neg_sc ts_sc
    sk ch mi sj is oi
    ptgi_al ptgi_np ptgi_ps ptgi_sp ptgi_ro
    iesr_a iesr_i iesr_h
    cope_pa cope_po
    mspss_fa mspss_fr mspss_so
    neuro_na neuro_sr
    extra_pa extra_so extra_ac
    group
    ;

  Grouping = group (0=RW 1=CS);

  MISSING = .;

  USEVARIABLES ARE
    sk ch mi sj is oi
    ptgi_al ptgi_np ptgi_ps ptgi_sp ptgi_ro
    iesr_a iesr_i iesr_h
    cope_pa cope_po
    mspss_fa mspss_fr mspss_so
    neuro_na neuro_sr
    extra_pa extra_so extra_ac
    ;

  ANALYSIS:
    ESTIMATOR = MLR;
    PROCESSORS = 6;

  MODEL:

  P BY
    sk ch mi;

  N BY
    sj is oi;

  PTGI BY
    ptgi_al ptgi_np ptgi_ps ptgi_sp ptgi_ro;

  IESR BY
    iesr_a iesr_i iesr_h;

  COPE BY
    cope_pa cope_po;

  MSPSS BY
    mspss_fa mspss_fr mspss_so;

  NEURO BY
    neuro_na neuro_sr;

  EXTRA BY
    extra_pa extra_so extra_ac;

  P ON COPE MSPSS NEURO EXTRA;
  N ON COPE MSPSS NEURO EXTRA;

  PTGI ON P N COPE MSPSS NEURO EXTRA;
  IESR ON P N COPE MSPSS NEURO EXTRA;

  model indirect:
    PTGI ind COPE;
    PTGI ind MSPSS;
    PTGI ind NEURO;
    PTGI ind EXTRA;

    IESR ind COPE;
    IESR ind MSPSS;
    IESR ind NEURO;
    IESR ind EXTRA;

  MODEL CS:

  P ON COPE MSPSS NEURO EXTRA;
  N ON COPE MSPSS NEURO EXTRA;

  PTGI ON P N COPE MSPSS NEURO EXTRA;
  IESR ON P N COPE MSPSS NEURO EXTRA;

  model indirect:
    PTGI ind COPE;
    PTGI ind MSPSS;
    PTGI ind NEURO;
    PTGI ind EXTRA;

    IESR ind COPE;
    IESR ind MSPSS;
    IESR ind NEURO;
    IESR ind EXTRA;

  ! Requesting standardized parameter estimates and modification indices
  OUTPUT:
    stdyx;
    ! MODINDICES (ALL);





INPUT READING TERMINATED NORMALLY



Model 6, RW.

SUMMARY OF ANALYSIS

Number of groups                                                 2
Number of observations
   Group RW                                                    746
   Group CS                                                    322
   Total sample size                                          1068

Number of dependent variables                                   24
Number of independent variables                                  0
Number of continuous latent variables                            8

Observed dependent variables

  Continuous
   SK          CH          MI          SJ          IS          OI
   PTGI_AL     PTGI_NP     PTGI_PS     PTGI_SP     PTGI_RO     IESR_A
   IESR_I      IESR_H      COPE_PA     COPE_PO     MSPSS_FA    MSPSS_FR
   MSPSS_SO    NEURO_NA    NEURO_SR    EXTRA_PA    EXTRA_SO    EXTRA_AC

Continuous latent variables
   P           N           PTGI        IESR        COPE        MSPSS
   NEURO       EXTRA

Variables with special functions

  Grouping variable     GROUP

Estimator                                                      MLR
Information matrix                                        OBSERVED
Maximum number of iterations                                  1000
Convergence criterion                                    0.500D-04
Maximum number of steepest descent iterations                   20
Maximum number of iterations for H1                           2000
Convergence criterion for H1                             0.100D-03

Input data file(s)
  semdatass.dat

Input data format  FREE


SUMMARY OF DATA

   Group RW
     Number of missing data patterns             1

   Group CS
     Number of missing data patterns             1


COVARIANCE COVERAGE OF DATA

Minimum covariance coverage value   0.100


     PROPORTION OF DATA PRESENT FOR RW


           Covariance Coverage
              SK            CH            MI            SJ            IS
              ________      ________      ________      ________      ________
 SK             1.000
 CH             1.000         1.000
 MI             1.000         1.000         1.000
 SJ             1.000         1.000         1.000         1.000
 IS             1.000         1.000         1.000         1.000         1.000
 OI             1.000         1.000         1.000         1.000         1.000
 PTGI_AL        1.000         1.000         1.000         1.000         1.000
 PTGI_NP        1.000         1.000         1.000         1.000         1.000
 PTGI_PS        1.000         1.000         1.000         1.000         1.000
 PTGI_SP        1.000         1.000         1.000         1.000         1.000
 PTGI_RO        1.000         1.000         1.000         1.000         1.000
 IESR_A         1.000         1.000         1.000         1.000         1.000
 IESR_I         1.000         1.000         1.000         1.000         1.000
 IESR_H         1.000         1.000         1.000         1.000         1.000
 COPE_PA        1.000         1.000         1.000         1.000         1.000
 COPE_PO        1.000         1.000         1.000         1.000         1.000
 MSPSS_FA       1.000         1.000         1.000         1.000         1.000
 MSPSS_FR       1.000         1.000         1.000         1.000         1.000
 MSPSS_SO       1.000         1.000         1.000         1.000         1.000
 NEURO_NA       1.000         1.000         1.000         1.000         1.000
 NEURO_SR       1.000         1.000         1.000         1.000         1.000
 EXTRA_PA       1.000         1.000         1.000         1.000         1.000
 EXTRA_SO       1.000         1.000         1.000         1.000         1.000
 EXTRA_AC       1.000         1.000         1.000         1.000         1.000


           Covariance Coverage
              OI            PTGI_AL       PTGI_NP       PTGI_PS       PTGI_SP
              ________      ________      ________      ________      ________
 OI             1.000
 PTGI_AL        1.000         1.000
 PTGI_NP        1.000         1.000         1.000
 PTGI_PS        1.000         1.000         1.000         1.000
 PTGI_SP        1.000         1.000         1.000         1.000         1.000
 PTGI_RO        1.000         1.000         1.000         1.000         1.000
 IESR_A         1.000         1.000         1.000         1.000         1.000
 IESR_I         1.000         1.000         1.000         1.000         1.000
 IESR_H         1.000         1.000         1.000         1.000         1.000
 COPE_PA        1.000         1.000         1.000         1.000         1.000
 COPE_PO        1.000         1.000         1.000         1.000         1.000
 MSPSS_FA       1.000         1.000         1.000         1.000         1.000
 MSPSS_FR       1.000         1.000         1.000         1.000         1.000
 MSPSS_SO       1.000         1.000         1.000         1.000         1.000
 NEURO_NA       1.000         1.000         1.000         1.000         1.000
 NEURO_SR       1.000         1.000         1.000         1.000         1.000
 EXTRA_PA       1.000         1.000         1.000         1.000         1.000
 EXTRA_SO       1.000         1.000         1.000         1.000         1.000
 EXTRA_AC       1.000         1.000         1.000         1.000         1.000


           Covariance Coverage
              PTGI_RO       IESR_A        IESR_I        IESR_H        COPE_PA
              ________      ________      ________      ________      ________
 PTGI_RO        1.000
 IESR_A         1.000         1.000
 IESR_I         1.000         1.000         1.000
 IESR_H         1.000         1.000         1.000         1.000
 COPE_PA        1.000         1.000         1.000         1.000         1.000
 COPE_PO        1.000         1.000         1.000         1.000         1.000
 MSPSS_FA       1.000         1.000         1.000         1.000         1.000
 MSPSS_FR       1.000         1.000         1.000         1.000         1.000
 MSPSS_SO       1.000         1.000         1.000         1.000         1.000
 NEURO_NA       1.000         1.000         1.000         1.000         1.000
 NEURO_SR       1.000         1.000         1.000         1.000         1.000
 EXTRA_PA       1.000         1.000         1.000         1.000         1.000
 EXTRA_SO       1.000         1.000         1.000         1.000         1.000
 EXTRA_AC       1.000         1.000         1.000         1.000         1.000


           Covariance Coverage
              COPE_PO       MSPSS_FA      MSPSS_FR      MSPSS_SO      NEURO_NA
              ________      ________      ________      ________      ________
 COPE_PO        1.000
 MSPSS_FA       1.000         1.000
 MSPSS_FR       1.000         1.000         1.000
 MSPSS_SO       1.000         1.000         1.000         1.000
 NEURO_NA       1.000         1.000         1.000         1.000         1.000
 NEURO_SR       1.000         1.000         1.000         1.000         1.000
 EXTRA_PA       1.000         1.000         1.000         1.000         1.000
 EXTRA_SO       1.000         1.000         1.000         1.000         1.000
 EXTRA_AC       1.000         1.000         1.000         1.000         1.000


           Covariance Coverage
              NEURO_SR      EXTRA_PA      EXTRA_SO      EXTRA_AC
              ________      ________      ________      ________
 NEURO_SR       1.000
 EXTRA_PA       1.000         1.000
 EXTRA_SO       1.000         1.000         1.000
 EXTRA_AC       1.000         1.000         1.000         1.000


     PROPORTION OF DATA PRESENT FOR CS


           Covariance Coverage
              SK            CH            MI            SJ            IS
              ________      ________      ________      ________      ________
 SK             1.000
 CH             1.000         1.000
 MI             1.000         1.000         1.000
 SJ             1.000         1.000         1.000         1.000
 IS             1.000         1.000         1.000         1.000         1.000
 OI             1.000         1.000         1.000         1.000         1.000
 PTGI_AL        1.000         1.000         1.000         1.000         1.000
 PTGI_NP        1.000         1.000         1.000         1.000         1.000
 PTGI_PS        1.000         1.000         1.000         1.000         1.000
 PTGI_SP        1.000         1.000         1.000         1.000         1.000
 PTGI_RO        1.000         1.000         1.000         1.000         1.000
 IESR_A         1.000         1.000         1.000         1.000         1.000
 IESR_I         1.000         1.000         1.000         1.000         1.000
 IESR_H         1.000         1.000         1.000         1.000         1.000
 COPE_PA        1.000         1.000         1.000         1.000         1.000
 COPE_PO        1.000         1.000         1.000         1.000         1.000
 MSPSS_FA       1.000         1.000         1.000         1.000         1.000
 MSPSS_FR       1.000         1.000         1.000         1.000         1.000
 MSPSS_SO       1.000         1.000         1.000         1.000         1.000
 NEURO_NA       1.000         1.000         1.000         1.000         1.000
 NEURO_SR       1.000         1.000         1.000         1.000         1.000
 EXTRA_PA       1.000         1.000         1.000         1.000         1.000
 EXTRA_SO       1.000         1.000         1.000         1.000         1.000
 EXTRA_AC       1.000         1.000         1.000         1.000         1.000


           Covariance Coverage
              OI            PTGI_AL       PTGI_NP       PTGI_PS       PTGI_SP
              ________      ________      ________      ________      ________
 OI             1.000
 PTGI_AL        1.000         1.000
 PTGI_NP        1.000         1.000         1.000
 PTGI_PS        1.000         1.000         1.000         1.000
 PTGI_SP        1.000         1.000         1.000         1.000         1.000
 PTGI_RO        1.000         1.000         1.000         1.000         1.000
 IESR_A         1.000         1.000         1.000         1.000         1.000
 IESR_I         1.000         1.000         1.000         1.000         1.000
 IESR_H         1.000         1.000         1.000         1.000         1.000
 COPE_PA        1.000         1.000         1.000         1.000         1.000
 COPE_PO        1.000         1.000         1.000         1.000         1.000
 MSPSS_FA       1.000         1.000         1.000         1.000         1.000
 MSPSS_FR       1.000         1.000         1.000         1.000         1.000
 MSPSS_SO       1.000         1.000         1.000         1.000         1.000
 NEURO_NA       1.000         1.000         1.000         1.000         1.000
 NEURO_SR       1.000         1.000         1.000         1.000         1.000
 EXTRA_PA       1.000         1.000         1.000         1.000         1.000
 EXTRA_SO       1.000         1.000         1.000         1.000         1.000
 EXTRA_AC       1.000         1.000         1.000         1.000         1.000


           Covariance Coverage
              PTGI_RO       IESR_A        IESR_I        IESR_H        COPE_PA
              ________      ________      ________      ________      ________
 PTGI_RO        1.000
 IESR_A         1.000         1.000
 IESR_I         1.000         1.000         1.000
 IESR_H         1.000         1.000         1.000         1.000
 COPE_PA        1.000         1.000         1.000         1.000         1.000
 COPE_PO        1.000         1.000         1.000         1.000         1.000
 MSPSS_FA       1.000         1.000         1.000         1.000         1.000
 MSPSS_FR       1.000         1.000         1.000         1.000         1.000
 MSPSS_SO       1.000         1.000         1.000         1.000         1.000
 NEURO_NA       1.000         1.000         1.000         1.000         1.000
 NEURO_SR       1.000         1.000         1.000         1.000         1.000
 EXTRA_PA       1.000         1.000         1.000         1.000         1.000
 EXTRA_SO       1.000         1.000         1.000         1.000         1.000
 EXTRA_AC       1.000         1.000         1.000         1.000         1.000


           Covariance Coverage
              COPE_PO       MSPSS_FA      MSPSS_FR      MSPSS_SO      NEURO_NA
              ________      ________      ________      ________      ________
 COPE_PO        1.000
 MSPSS_FA       1.000         1.000
 MSPSS_FR       1.000         1.000         1.000
 MSPSS_SO       1.000         1.000         1.000         1.000
 NEURO_NA       1.000         1.000         1.000         1.000         1.000
 NEURO_SR       1.000         1.000         1.000         1.000         1.000
 EXTRA_PA       1.000         1.000         1.000         1.000         1.000
 EXTRA_SO       1.000         1.000         1.000         1.000         1.000
 EXTRA_AC       1.000         1.000         1.000         1.000         1.000


           Covariance Coverage
              NEURO_SR      EXTRA_PA      EXTRA_SO      EXTRA_AC
              ________      ________      ________      ________
 NEURO_SR       1.000
 EXTRA_PA       1.000         1.000
 EXTRA_SO       1.000         1.000         1.000
 EXTRA_AC       1.000         1.000         1.000         1.000



UNIVARIATE SAMPLE STATISTICS


     UNIVARIATE HIGHER-ORDER MOMENT DESCRIPTIVE STATISTICS FOR RW

         Variable/         Mean/     Skewness/   Minimum/ % with                Percentiles
        Sample Size      Variance    Kurtosis    Maximum  Min/Max      20%/60%    40%/80%    Median

     SK                   13.741       0.153       5.000    2.55%      10.000     13.000     14.000
             746.000      18.637      -0.322      25.000    0.94%      15.000     17.000
     CH                   11.598       0.124       4.000    0.94%       9.000     11.000     12.000
             746.000      11.155      -0.373      20.000    0.80%      12.000     14.000
     MI                   13.277      -0.169       4.000    0.54%      11.000     12.000     13.000
             746.000       9.879      -0.117      20.000    2.95%      14.000     16.000
     SJ                   15.063       0.084       5.000    0.40%      11.000     14.000     15.000
             746.000      21.780      -0.730      25.000    1.74%      16.000     19.000
     IS                   10.500       0.274       4.000    8.98%       6.000      9.000     10.000
             746.000      19.419      -0.898      20.000    2.14%      12.000     15.000
     OI                    9.641       0.496       4.000    7.91%       6.000      8.000      9.000
             746.000      15.458      -0.533      20.000    1.34%      10.000     13.000
     PTGI_AL               6.631       0.007       0.000   11.53%       2.000      5.000      7.000
             746.000      17.753      -0.985      15.000    2.55%       8.000     11.000
     PTGI_NP               8.615       0.424       0.000   12.33%       2.000      6.000      8.000
             746.000      40.435      -0.703      25.000    0.40%      10.000     15.000
     PTGI_PS              10.172      -0.265       0.000    5.50%       5.000      9.000     11.000
             746.000      28.188      -0.843      20.000    2.55%      12.000     15.000
     PTGI_SP               1.240       1.943       0.000   63.67%       0.000      0.000      0.000
             746.000       4.611       3.260      10.000    0.80%       0.000      2.000
     PTGI_RO              14.072       0.139       0.000    8.31%       4.000     11.000     14.000
             746.000      85.123      -1.006      35.000    0.94%      17.000     23.000
     IESR_A                6.517       0.951       0.000   13.27%       2.000      4.000      5.000
             746.000      30.290       0.446      27.000    0.13%       7.000     11.000
     IESR_I                8.572       0.884       0.000    8.98%       2.000      5.000      7.000
             746.000      52.087       0.012      32.000    0.27%       9.000     15.000
     IESR_H                3.366       1.723       0.000   36.86%       0.000      1.000      2.000
             746.000      20.227       2.719      24.000    0.13%       3.000      6.000
     COPE_PA              33.993      -0.132      18.000    0.13%      30.000     33.000     34.000
             746.000      23.626      -0.030      47.000    0.40%      35.000     38.000
     COPE_PO              33.878      -0.181      17.000    0.13%      29.000     33.000     34.000
             746.000      30.944      -0.077      48.000    0.13%      35.000     38.000
     MSPSS_FA             18.342      -0.857       4.000    1.21%      14.000     18.000     20.000
             746.000      29.048      -0.211      24.000   22.25%      21.000     24.000
     MSPSS_FR             18.070      -0.794       4.000    1.88%      14.000     17.000     19.000
             746.000      26.279      -0.046      24.000   19.17%      20.000     23.000
     MSPSS_SO             19.347      -1.116       4.000    1.34%      16.000     19.000     20.000
             746.000      25.985       0.508      24.000   33.38%      22.000     24.000
     NEURO_NA              9.221       0.073       0.000    0.94%       6.000      8.000      9.000
             746.000      15.727      -0.295      20.000    0.40%      10.000     13.000
     NEURO_SR              9.882       0.490       0.000    2.55%       5.000      8.000      9.000
             746.000      33.600      -0.259      28.000    0.27%      11.000     15.000
     EXTRA_PA             10.402      -0.238       1.000    0.13%       8.000     10.000     11.000
             746.000       8.852      -0.388      16.000    3.49%      11.000     13.000
     EXTRA_SO             10.984      -0.571       0.000    0.27%       9.000     11.000     11.000
             746.000       8.072       0.264      16.000    3.75%      12.000     13.000
     EXTRA_AC             11.769      -0.631       2.000    0.40%       9.000     11.000     12.000
             746.000       7.703       0.245      16.000    6.43%      13.000     14.000


     UNIVARIATE HIGHER-ORDER MOMENT DESCRIPTIVE STATISTICS FOR CS

         Variable/         Mean/     Skewness/   Minimum/ % with                Percentiles
        Sample Size      Variance    Kurtosis    Maximum  Min/Max      20%/60%    40%/80%    Median

     SK                   14.016       0.299       5.000    1.86%      10.000     12.000     14.000
             322.000      22.761      -0.528      25.000    1.86%      15.000     19.000
     CH                   11.938       0.161       4.000    0.93%       9.000     11.000     12.000
             322.000      12.443      -0.411      20.000    2.17%      12.000     15.000
     MI                   12.606      -0.093       4.000    0.93%      10.000     12.000     12.000
             322.000      10.506      -0.262      20.000    1.55%      13.000     16.000
     SJ                   16.248      -0.120       5.000    0.62%      12.000     15.000     16.000
             322.000      24.013      -0.623      25.000    5.28%      18.000     20.000
     IS                   13.090      -0.261       4.000    3.11%       9.000     12.000     13.000
             322.000      17.355      -0.704      20.000    5.28%      15.000     17.000
     OI                   12.925      -0.286       4.000    2.80%       9.000     12.000     13.000
             322.000      15.119      -0.580      20.000    2.80%      14.000     16.000
     PTGI_AL               8.602      -0.361       0.000    3.11%       5.000      8.000      9.000
             322.000      15.264      -0.706      15.000    5.28%      10.000     12.000
     PTGI_NP              12.661      -0.089       0.000    2.80%       7.000     11.000     13.000
             322.000      39.180      -0.697      25.000    2.80%      15.000     18.000
     PTGI_PS              10.286      -0.155       0.000    4.04%       5.000      9.000     11.000
             322.000      26.807      -0.825      20.000    3.73%      12.000     15.000
     PTGI_SP               1.739       1.313       0.000   47.20%       0.000      0.000      1.000
             322.000       4.913       1.224      10.000    0.62%       2.000      4.000
     PTGI_RO              17.012      -0.127       0.000    2.80%       8.000     15.000     18.000
             322.000      76.031      -0.895      35.000    0.93%      20.000     25.000
     IESR_A                7.736       0.780       0.000    4.97%       4.000      6.000      8.000
             322.000      23.809       1.015      26.000    0.31%       9.000     12.000
     IESR_I                9.711       0.359       0.000    6.21%       4.000      8.000     10.000
             322.000      34.013       0.198      29.000    0.62%      12.000     14.000
     IESR_H                6.419       0.690       0.000    9.32%       2.000      5.000      6.000
             322.000      18.865       1.063      23.000    0.62%       7.000     10.000
     COPE_PA              33.233      -0.302      15.000    0.31%      28.000     31.000     33.000
             322.000      29.539       0.262      47.000    0.31%      35.000     38.000
     COPE_PO              31.848      -0.193      13.000    0.31%      27.000     30.000     32.000
             322.000      36.912      -0.109      47.000    0.31%      34.000     37.000
     MSPSS_FA             18.885      -1.002       4.000    0.93%      15.000     19.000     20.000
             322.000      25.021       0.246      24.000   22.67%      21.000     24.000
     MSPSS_FR             19.112      -1.060       4.000    0.93%      15.000     19.000     20.000
             322.000      23.441       0.499      24.000   24.22%      22.000     24.000
     MSPSS_SO             20.230      -1.394       4.000    0.62%      17.000     20.000     21.000
             322.000      20.779       1.504      24.000   38.20%      23.000     24.000
     NEURO_NA             11.857      -0.133       0.000    0.31%       8.000     11.000     12.000
             322.000      17.240      -0.371      20.000    2.80%      13.000     15.000
     NEURO_SR             13.475       0.073       0.000    0.62%       7.000     12.000     13.000
             322.000      39.293      -0.747      28.000    0.31%      15.000     19.000
     EXTRA_PA              9.655      -0.307       2.000    3.11%       7.000      9.000     10.000
             322.000      10.456      -0.393      16.000    3.11%      10.000     13.000
     EXTRA_SO              8.202      -0.327       0.000    3.73%       5.000      8.000      8.000
             322.000      12.913      -0.278      16.000    1.24%       9.000     12.000
     EXTRA_AC              9.283      -0.258       0.000    0.31%       7.000      8.000      9.000
             322.000      10.128      -0.413      16.000    1.24%      10.000     12.000


THE MODEL ESTIMATION TERMINATED NORMALLY



MODEL FIT INFORMATION

Number of Free Parameters                      166

Loglikelihood

          H0 Value                      -69102.070
          H0 Scaling Correction Factor      1.1401
            for MLR
          H1 Value                      -68114.644
          H1 Scaling Correction Factor      1.0722
            for MLR

Information Criteria

          Akaike (AIC)                  138536.140
          Bayesian (BIC)                139361.748
          Sample-Size Adjusted BIC      138834.502
            (n* = (n + 2) / 24)

Chi-Square Test of Model Fit

          Value                           1883.080*
          Degrees of Freedom                   482
          P-Value                           0.0000
          Scaling Correction Factor         1.0487
            for MLR

Chi-Square Contribution From Each Group

          RW                              1006.826
          CS                               876.254

*   The chi-square value for MLM, MLMV, MLR, ULSMV, WLSM and WLSMV cannot be used
    for chi-square difference testing in the regular way.  MLM, MLR and WLSM
    chi-square difference testing is described on the Mplus website.  MLMV, WLSMV,
    and ULSMV difference testing is done using the DIFFTEST option.

RMSEA (Root Mean Square Error Of Approximation)

          Estimate                           0.074
          90 Percent C.I.                    0.070  0.077
          Probability RMSEA <= .05           0.000

CFI/TLI

          CFI                                0.880
          TLI                                0.862

Chi-Square Test of Model Fit for the Baseline Model

          Value                          12190.894
          Degrees of Freedom                   552
          P-Value                           0.0000

SRMR (Standardized Root Mean Square Residual)

          Value                              0.063



MODEL RESULTS

                                                    Two-Tailed
                    Estimate       S.E.  Est./S.E.    P-Value

Group RW

 P        BY
    SK                 1.000      0.000    999.000    999.000
    CH                 0.613      0.036     16.924      0.000
    MI                 0.729      0.056     13.118      0.000

 N        BY
    SJ                 1.000      0.000    999.000    999.000
    IS                 1.147      0.037     30.732      0.000
    OI                 1.087      0.038     28.679      0.000

 PTGI     BY
    PTGI_AL            1.000      0.000    999.000    999.000
    PTGI_NP            1.755      0.044     40.201      0.000
    PTGI_PS            1.194      0.036     33.448      0.000
    PTGI_SP            0.314      0.020     15.595      0.000
    PTGI_RO            2.255      0.063     35.773      0.000

 IESR     BY
    IESR_A             1.000      0.000    999.000    999.000
    IESR_I             1.384      0.050     27.945      0.000
    IESR_H             0.954      0.037     26.005      0.000

 COPE     BY
    COPE_PA            1.000      0.000    999.000    999.000
    COPE_PO            1.272      0.131      9.700      0.000

 MSPSS    BY
    MSPSS_FA           1.000      0.000    999.000    999.000
    MSPSS_FR           1.006      0.064     15.766      0.000
    MSPSS_SO           1.000      0.060     16.637      0.000

 NEURO    BY
    NEURO_NA           1.000      0.000    999.000    999.000
    NEURO_SR           1.701      0.069     24.797      0.000

 EXTRA    BY
    EXTRA_PA           1.000      0.000    999.000    999.000
    EXTRA_SO           1.221      0.086     14.152      0.000
    EXTRA_AC           1.057      0.081     12.975      0.000

 P        ON
    COPE               0.556      0.054     10.314      0.000
    MSPSS              0.055      0.055      0.996      0.319
    NEURO             -0.396      0.079     -5.002      0.000
    EXTRA             -0.198      0.157     -1.257      0.209

 N        ON
    COPE               0.192      0.046      4.208      0.000
    MSPSS             -0.030      0.038     -0.782      0.434
    NEURO              1.050      0.079     13.261      0.000
    EXTRA              0.120      0.124      0.967      0.334

 PTGI     ON
    P                  0.223      0.086      2.588      0.010
    N                  0.030      0.117      0.256      0.798
    COPE               0.069      0.089      0.773      0.439
    MSPSS              0.029      0.053      0.547      0.584
    NEURO              0.430      0.181      2.374      0.018
    EXTRA              0.839      0.174      4.824      0.000

 IESR     ON
    P                  0.114      0.099      1.154      0.248
    N                  0.552      0.144      3.829      0.000
    COPE              -0.034      0.103     -0.330      0.742
    MSPSS             -0.056      0.058     -0.961      0.337
    NEURO              0.488      0.201      2.429      0.015
    EXTRA              0.839      0.195      4.311      0.000

 IESR     WITH
    PTGI               2.474      0.579      4.274      0.000

 MSPSS    WITH
    COPE               3.080      0.696      4.429      0.000

 NEURO    WITH
    COPE              -3.171      0.508     -6.242      0.000
    MSPSS             -2.792      0.553     -5.048      0.000

 EXTRA    WITH
    COPE               1.846      0.317      5.826      0.000
    MSPSS              2.952      0.419      7.049      0.000
    NEURO             -3.367      0.381     -8.828      0.000

 Means
    COPE               0.000      0.000    999.000    999.000
    MSPSS              0.000      0.000    999.000    999.000
    NEURO              0.000      0.000    999.000    999.000
    EXTRA              0.000      0.000    999.000    999.000

 Intercepts
    SK                13.889      0.156     89.004      0.000
    CH                11.745      0.115    102.451      0.000
    MI                13.120      0.115    114.045      0.000
    SJ                14.686      0.162     90.567      0.000
    IS                10.433      0.158     65.870      0.000
    OI                 9.768      0.146     66.779      0.000
    PTGI_AL            6.721      0.151     44.652      0.000
    PTGI_NP            8.800      0.238     36.989      0.000
    PTGI_PS            9.573      0.197     48.697      0.000
    PTGI_SP            1.231      0.066     18.666      0.000
    PTGI_RO           13.845      0.328     42.158      0.000
    IESR_A             6.354      0.195     32.601      0.000
    IESR_I             8.034      0.259     31.035      0.000
    IESR_H             3.679      0.179     20.596      0.000
    COPE_PA           34.116      0.170    200.952      0.000
    COPE_PO           33.769      0.205    164.818      0.000
    MSPSS_FA          18.249      0.187     97.565      0.000
    MSPSS_FR          18.127      0.179    101.425      0.000
    MSPSS_SO          19.363      0.180    107.459      0.000
    NEURO_NA           9.335      0.144     64.883      0.000
    NEURO_SR           9.816      0.208     47.136      0.000
    EXTRA_PA          10.606      0.104    101.693      0.000
    EXTRA_SO          10.924      0.104    105.090      0.000
    EXTRA_AC          11.681      0.101    115.385      0.000
    P                  0.000      0.000    999.000    999.000
    N                  0.000      0.000    999.000    999.000
    PTGI               0.000      0.000    999.000    999.000
    IESR               0.000      0.000    999.000    999.000

 Variances
    COPE              10.614      1.507      7.045      0.000
    MSPSS             14.071      1.426      9.870      0.000
    NEURO              8.757      0.736     11.890      0.000
    EXTRA              2.996      0.435      6.880      0.000

 Residual Variances
    SK                 8.377      0.808     10.373      0.000
    CH                 7.393      0.493     14.989      0.000
    MI                 3.842      0.479      8.012      0.000
    SJ                10.573      0.674     15.688      0.000
    IS                 4.298      0.386     11.131      0.000
    OI                 2.590      0.308      8.422      0.000
    PTGI_AL            5.832      0.409     14.252      0.000
    PTGI_NP            4.171      0.597      6.985      0.000
    PTGI_PS           10.531      0.697     15.117      0.000
    PTGI_SP            3.337      0.254     13.124      0.000
    PTGI_RO           20.922      2.038     10.265      0.000
    IESR_A            11.358      0.841     13.512      0.000
    IESR_I            13.619      1.509      9.024      0.000
    IESR_H             4.325      0.511      8.464      0.000
    COPE_PA           12.595      1.274      9.883      0.000
    COPE_PO           14.275      1.868      7.640      0.000
    MSPSS_FA          15.178      1.326     11.444      0.000
    MSPSS_FR          12.008      1.395      8.609      0.000
    MSPSS_SO          11.805      1.116     10.575      0.000
    NEURO_NA           7.657      0.473     16.173      0.000
    NEURO_SR           7.586      1.009      7.515      0.000
    EXTRA_PA           5.234      0.365     14.348      0.000
    EXTRA_SO           3.845      0.337     11.397      0.000
    EXTRA_AC           4.668      0.338     13.796      0.000
    P                  5.222      0.918      5.687      0.000
    N                  2.989      0.451      6.627      0.000
    PTGI               9.978      0.655     15.241      0.000
    IESR              12.524      1.087     11.524      0.000

Group CS

 P        BY
    SK                 1.000      0.000    999.000    999.000
    CH                 0.613      0.036     16.924      0.000
    MI                 0.729      0.056     13.118      0.000

 N        BY
    SJ                 1.000      0.000    999.000    999.000
    IS                 1.147      0.037     30.732      0.000
    OI                 1.087      0.038     28.679      0.000

 PTGI     BY
    PTGI_AL            1.000      0.000    999.000    999.000
    PTGI_NP            1.755      0.044     40.201      0.000
    PTGI_PS            1.194      0.036     33.448      0.000
    PTGI_SP            0.314      0.020     15.595      0.000
    PTGI_RO            2.255      0.063     35.773      0.000

 IESR     BY
    IESR_A             1.000      0.000    999.000    999.000
    IESR_I             1.384      0.050     27.945      0.000
    IESR_H             0.954      0.037     26.005      0.000

 COPE     BY
    COPE_PA            1.000      0.000    999.000    999.000
    COPE_PO            1.272      0.131      9.700      0.000

 MSPSS    BY
    MSPSS_FA           1.000      0.000    999.000    999.000
    MSPSS_FR           1.006      0.064     15.766      0.000
    MSPSS_SO           1.000      0.060     16.637      0.000

 NEURO    BY
    NEURO_NA           1.000      0.000    999.000    999.000
    NEURO_SR           1.701      0.069     24.797      0.000

 EXTRA    BY
    EXTRA_PA           1.000      0.000    999.000    999.000
    EXTRA_SO           1.221      0.086     14.152      0.000
    EXTRA_AC           1.057      0.081     12.975      0.000

 P        ON
    COPE              -0.172      0.279     -0.616      0.538
    MSPSS             -0.632      0.245     -2.582      0.010
    NEURO             -0.264      0.218     -1.211      0.226
    EXTRA              3.754      1.298      2.891      0.004

 N        ON
    COPE               0.542      0.323      1.680      0.093
    MSPSS              0.566      0.281      2.019      0.043
    NEURO              0.590      0.239      2.470      0.014
    EXTRA             -3.861      1.603     -2.409      0.016

 PTGI     ON
    P                 -0.137      0.173     -0.794      0.427
    N                  0.544      0.545      0.998      0.318
    COPE              -0.016      0.497     -0.032      0.974
    MSPSS             -0.336      0.589     -0.571      0.568
    NEURO             -0.287      0.448     -0.640      0.522
    EXTRA              3.601      4.028      0.894      0.371

 IESR     ON
    P                 -0.324      0.246     -1.315      0.189
    N                  0.800      0.907      0.881      0.378
    COPE              -0.391      0.839     -0.466      0.641
    MSPSS             -0.846      0.956     -0.885      0.376
    NEURO              0.009      0.738      0.012      0.990
    EXTRA              6.119      6.657      0.919      0.358

 IESR     WITH
    PTGI              -1.193      2.946     -0.405      0.686

 MSPSS    WITH
    COPE               1.852      1.031      1.796      0.073

 NEURO    WITH
    COPE              -3.501      0.974     -3.594      0.000
    MSPSS             -2.632      0.893     -2.946      0.003

 EXTRA    WITH
    COPE               1.294      0.649      1.993      0.046
    MSPSS              1.361      0.527      2.583      0.010
    NEURO             -0.221      0.449     -0.494      0.622

 Means
    COPE              -1.280      0.284     -4.512      0.000
    MSPSS              0.834      0.264      3.163      0.002
    NEURO              2.282      0.257      8.886      0.000
    EXTRA             -1.866      0.146    -12.778      0.000

 Intercepts
    SK                13.889      0.156     89.004      0.000
    CH                11.745      0.115    102.451      0.000
    MI                13.120      0.115    114.045      0.000
    SJ                14.686      0.162     90.567      0.000
    IS                10.433      0.158     65.870      0.000
    OI                 9.768      0.146     66.779      0.000
    PTGI_AL            6.721      0.151     44.652      0.000
    PTGI_NP            8.800      0.238     36.989      0.000
    PTGI_PS            9.573      0.197     48.697      0.000
    PTGI_SP            1.231      0.066     18.666      0.000
    PTGI_RO           13.845      0.328     42.158      0.000
    IESR_A             6.354      0.195     32.601      0.000
    IESR_I             8.034      0.259     31.035      0.000
    IESR_H             3.679      0.179     20.596      0.000
    COPE_PA           34.116      0.170    200.952      0.000
    COPE_PO           33.769      0.205    164.818      0.000
    MSPSS_FA          18.249      0.187     97.565      0.000
    MSPSS_FR          18.127      0.179    101.425      0.000
    MSPSS_SO          19.363      0.180    107.459      0.000
    NEURO_NA           9.335      0.144     64.883      0.000
    NEURO_SR           9.816      0.208     47.136      0.000
    EXTRA_PA          10.606      0.104    101.693      0.000
    EXTRA_SO          10.924      0.104    105.090      0.000
    EXTRA_AC          11.681      0.101    115.385      0.000
    P                  7.730      2.614      2.957      0.003
    N                 -5.899      3.228     -1.827      0.068
    PTGI               7.987      7.071      1.130      0.259
    IESR              11.275     11.692      0.964      0.335

 Variances
    COPE              12.438      2.270      5.479      0.000
    MSPSS             10.455      1.774      5.893      0.000
    NEURO              9.945      1.031      9.645      0.000
    EXTRA              0.696      0.322      2.166      0.030

 Residual Variances
    SK                 7.539      1.199      6.286      0.000
    CH                 6.602      0.685      9.642      0.000
    MI                 4.011      0.575      6.978      0.000
    SJ                10.505      0.968     10.848      0.000
    IS                 3.715      0.602      6.176      0.000
    OI                 4.511      0.603      7.482      0.000
    PTGI_AL            5.119      0.500     10.244      0.000
    PTGI_NP            8.541      1.194      7.151      0.000
    PTGI_PS            9.985      0.984     10.145      0.000
    PTGI_SP            4.096      0.388     10.550      0.000
    PTGI_RO           26.394      3.314      7.965      0.000
    IESR_A             8.800      0.858     10.253      0.000
    IESR_I             7.015      1.219      5.754      0.000
    IESR_H             6.791      0.908      7.478      0.000
    COPE_PA           17.644      2.091      8.437      0.000
    COPE_PO           16.516      2.988      5.528      0.000
    MSPSS_FA          13.870      1.775      7.812      0.000
    MSPSS_FR          13.251      1.955      6.778      0.000
    MSPSS_SO          10.596      1.385      7.651      0.000
    NEURO_NA           7.020      0.962      7.300      0.000
    NEURO_SR          11.079      1.981      5.592      0.000
    EXTRA_PA          10.163      0.751     13.526      0.000
    EXTRA_SO          12.332      1.015     12.150      0.000
    EXTRA_AC           9.742      0.789     12.346      0.000
    P                  7.669      1.684      4.553      0.000
    N                  2.832      1.663      1.703      0.089
    PTGI               6.821      2.241      3.043      0.002
    IESR               6.773      5.513      1.229      0.219


QUALITY OF NUMERICAL RESULTS

     Condition Number for the Information Matrix              0.220E-05
       (ratio of smallest to largest eigenvalue)


STANDARDIZED MODEL RESULTS


STDYX Standardization

                                                    Two-Tailed
                    Estimate       S.E.  Est./S.E.    P-Value

Group RW

 P        BY
    SK                 0.750      0.028     27.126      0.000
    CH                 0.594      0.029     20.278      0.000
    MI                 0.773      0.034     22.829      0.000

 N        BY
    SJ                 0.717      0.020     36.210      0.000
    IS                 0.880      0.012     71.950      0.000
    OI                 0.914      0.011     85.870      0.000

 PTGI     BY
    PTGI_AL            0.821      0.014     59.056      0.000
    PTGI_NP            0.948      0.007    128.681      0.000
    PTGI_PS            0.788      0.016     49.637      0.000
    PTGI_SP            0.513      0.023     22.690      0.000
    PTGI_RO            0.864      0.015     58.230      0.000

 IESR     BY
    IESR_A             0.789      0.019     42.389      0.000
    IESR_I             0.851      0.020     42.628      0.000
    IESR_H             0.893      0.013     70.647      0.000

 COPE     BY
    COPE_PA            0.676      0.041     16.636      0.000
    COPE_PO            0.739      0.039     19.069      0.000

 MSPSS    BY
    MSPSS_FA           0.694      0.029     24.083      0.000
    MSPSS_FR           0.736      0.032     22.704      0.000
    MSPSS_SO           0.737      0.030     24.539      0.000

 NEURO    BY
    NEURO_NA           0.730      0.020     36.609      0.000
    NEURO_SR           0.877      0.018     48.730      0.000

 EXTRA    BY
    EXTRA_PA           0.603      0.037     16.348      0.000
    EXTRA_SO           0.733      0.027     26.880      0.000
    EXTRA_AC           0.646      0.028     23.437      0.000

 P        ON
    COPE               0.553      0.053     10.496      0.000
    MSPSS              0.063      0.063      1.005      0.315
    NEURO             -0.357      0.073     -4.893      0.000
    EXTRA             -0.104      0.082     -1.265      0.206

 N        ON
    COPE               0.187      0.040      4.706      0.000
    MSPSS             -0.034      0.043     -0.782      0.434
    NEURO              0.930      0.050     18.436      0.000
    EXTRA              0.062      0.065      0.966      0.334

 PTGI     ON
    P                  0.210      0.081      2.586      0.010
    N                  0.029      0.112      0.256      0.798
    COPE               0.064      0.083      0.774      0.439
    MSPSS              0.031      0.058      0.547      0.585
    NEURO              0.366      0.153      2.387      0.017
    EXTRA              0.418      0.080      5.195      0.000

 IESR     ON
    P                  0.086      0.074      1.159      0.246
    N                  0.426      0.107      3.998      0.000
    COPE              -0.026      0.078     -0.329      0.742
    MSPSS             -0.049      0.050     -0.974      0.330
    NEURO              0.334      0.137      2.442      0.015
    EXTRA              0.336      0.072      4.644      0.000

 IESR     WITH
    PTGI               0.221      0.048      4.564      0.000

 MSPSS    WITH
    COPE               0.252      0.054      4.653      0.000

 NEURO    WITH
    COPE              -0.329      0.054     -6.146      0.000
    MSPSS             -0.252      0.046     -5.429      0.000

 EXTRA    WITH
    COPE               0.327      0.057      5.732      0.000
    MSPSS              0.455      0.048      9.543      0.000
    NEURO             -0.657      0.039    -16.664      0.000

 Means
    COPE               0.000      0.000    999.000    999.000
    MSPSS              0.000      0.000    999.000    999.000
    NEURO              0.000      0.000    999.000    999.000
    EXTRA              0.000      0.000    999.000    999.000

 Intercepts
    SK                 3.176      0.078     40.620      0.000
    CH                 3.474      0.082     42.231      0.000
    MI                 4.243      0.114     37.287      0.000
    SJ                 3.150      0.072     43.889      0.000
    IS                 2.394      0.050     47.419      0.000
    OI                 2.459      0.051     47.918      0.000
    PTGI_AL            1.588      0.045     34.924      0.000
    PTGI_NP            1.368      0.038     36.013      0.000
    PTGI_PS            1.817      0.056     32.708      0.000
    PTGI_SP            0.579      0.020     29.049      0.000
    PTGI_RO            1.526      0.043     35.788      0.000
    IESR_A             1.159      0.030     38.442      0.000
    IESR_I             1.142      0.029     38.976      0.000
    IESR_H             0.796      0.024     32.585      0.000
    COPE_PA            7.082      0.186     38.107      0.000
    COPE_PO            6.022      0.159     37.831      0.000
    MSPSS_FA           3.374      0.109     30.981      0.000
    MSPSS_FR           3.539      0.116     30.458      0.000
    MSPSS_SO           3.806      0.137     27.815      0.000
    NEURO_NA           2.304      0.063     36.639      0.000
    NEURO_SR           1.710      0.044     38.553      0.000
    EXTRA_PA           3.697      0.100     37.119      0.000
    EXTRA_SO           3.789      0.118     32.101      0.000
    EXTRA_AC           4.126      0.126     32.658      0.000
    P                  0.000      0.000    999.000    999.000
    N                  0.000      0.000    999.000    999.000
    PTGI               0.000      0.000    999.000    999.000
    IESR               0.000      0.000    999.000    999.000

 Variances
    COPE               1.000      0.000    999.000    999.000
    MSPSS              1.000      0.000    999.000    999.000
    NEURO              1.000      0.000    999.000    999.000
    EXTRA              1.000      0.000    999.000    999.000

 Residual Variances
    SK                 0.438      0.041     10.572      0.000
    CH                 0.647      0.035     18.575      0.000
    MI                 0.402      0.052      7.670      0.000
    SJ                 0.486      0.028     17.148      0.000
    IS                 0.226      0.022     10.521      0.000
    OI                 0.164      0.019      8.431      0.000
    PTGI_AL            0.326      0.023     14.264      0.000
    PTGI_NP            0.101      0.014      7.214      0.000
    PTGI_PS            0.380      0.025     15.185      0.000
    PTGI_SP            0.737      0.023     31.837      0.000
    PTGI_RO            0.254      0.026      9.925      0.000
    IESR_A             0.378      0.029     12.867      0.000
    IESR_I             0.275      0.034      8.097      0.000
    IESR_H             0.202      0.023      8.965      0.000
    COPE_PA            0.543      0.055      9.870      0.000
    COPE_PO            0.454      0.057      7.927      0.000
    MSPSS_FA           0.519      0.040     12.989      0.000
    MSPSS_FR           0.458      0.048      9.580      0.000
    MSPSS_SO           0.456      0.044     10.291      0.000
    NEURO_NA           0.466      0.029     16.005      0.000
    NEURO_SR           0.230      0.032      7.291      0.000
    EXTRA_PA           0.636      0.045     14.281      0.000
    EXTRA_SO           0.463      0.040     11.566      0.000
    EXTRA_AC           0.582      0.036     16.342      0.000
    P                  0.486      0.061      7.976      0.000
    N                  0.268      0.037      7.181      0.000
    PTGI               0.826      0.037     22.106      0.000
    IESR               0.669      0.041     16.165      0.000

Group CS

 P        BY
    SK                 0.809      0.036     22.475      0.000
    CH                 0.669      0.035     18.873      0.000
    MI                 0.809      0.029     28.115      0.000

 N        BY
    SJ                 0.706      0.027     26.165      0.000
    IS                 0.887      0.019     45.845      0.000
    OI                 0.856      0.018     46.579      0.000

 PTGI     BY
    PTGI_AL            0.820      0.019     43.539      0.000
    PTGI_NP            0.889      0.016     55.211      0.000
    PTGI_PS            0.774      0.023     33.351      0.000
    PTGI_SP            0.449      0.026     17.022      0.000
    PTGI_RO            0.818      0.022     37.175      0.000

 IESR     BY
    IESR_A             0.789      0.025     32.083      0.000
    IESR_I             0.894      0.020     43.818      0.000
    IESR_H             0.813      0.028     29.162      0.000

 COPE     BY
    COPE_PA            0.643      0.047     13.612      0.000
    COPE_PO            0.741      0.056     13.300      0.000

 MSPSS    BY
    MSPSS_FA           0.656      0.045     14.414      0.000
    MSPSS_FR           0.666      0.047     14.197      0.000
    MSPSS_SO           0.705      0.042     16.707      0.000

 NEURO    BY
    NEURO_NA           0.766      0.031     24.676      0.000
    NEURO_SR           0.850      0.029     29.684      0.000

 EXTRA    BY
    EXTRA_PA           0.253      0.058      4.401      0.000
    EXTRA_SO           0.279      0.062      4.526      0.000
    EXTRA_AC           0.272      0.060      4.502      0.000

 P        ON
    COPE              -0.161      0.254     -0.633      0.527
    MSPSS             -0.541      0.201     -2.696      0.007
    NEURO             -0.220      0.179     -1.228      0.219
    EXTRA              0.830      0.173      4.803      0.000

 N        ON
    COPE               0.591      0.331      1.786      0.074
    MSPSS              0.566      0.274      2.064      0.039
    NEURO              0.575      0.229      2.512      0.012
    EXTRA             -0.996      0.282     -3.526      0.000

 PTGI     ON
    P                 -0.160      0.201     -0.795      0.427
    N                  0.543      0.542      1.002      0.316
    COPE              -0.017      0.541     -0.032      0.974
    MSPSS             -0.335      0.585     -0.573      0.567
    NEURO             -0.279      0.436     -0.641      0.521
    EXTRA              0.928      0.906      1.024      0.306

 IESR     ON
    P                 -0.320      0.242     -1.322      0.186
    N                  0.678      0.765      0.887      0.375
    COPE              -0.362      0.769     -0.471      0.638
    MSPSS             -0.718      0.800     -0.897      0.370
    NEURO              0.008      0.610      0.012      0.990
    EXTRA              1.339      1.241      1.079      0.281

 IESR     WITH
    PTGI              -0.175      0.517     -0.340      0.734

 MSPSS    WITH
    COPE               0.162      0.091      1.788      0.074

 NEURO    WITH
    COPE              -0.315      0.079     -3.998      0.000
    MSPSS             -0.258      0.083     -3.123      0.002

 EXTRA    WITH
    COPE               0.440      0.207      2.124      0.034
    MSPSS              0.504      0.178      2.828      0.005
    NEURO             -0.084      0.170     -0.495      0.621

 Means
    COPE              -0.363      0.082     -4.447      0.000
    MSPSS              0.258      0.093      2.773      0.006
    NEURO              0.724      0.082      8.828      0.000
    EXTRA             -2.236      0.546     -4.093      0.000

 Intercepts
    SK                 2.977      0.106     28.011      0.000
    CH                 3.398      0.122     27.795      0.000
    MI                 3.855      0.141     27.316      0.000
    SJ                 3.207      0.100     32.119      0.000
    IS                 2.495      0.084     29.647      0.000
    OI                 2.378      0.084     28.478      0.000
    PTGI_AL            1.701      0.063     26.971      0.000
    PTGI_NP            1.376      0.056     24.762      0.000
    PTGI_PS            1.916      0.065     29.482      0.000
    PTGI_SP            0.544      0.030     17.921      0.000
    PTGI_RO            1.550      0.058     26.533      0.000
    IESR_A             1.315      0.069     19.080      0.000
    IESR_I             1.360      0.071     19.046      0.000
    IESR_H             0.822      0.056     14.706      0.000
    COPE_PA            6.220      0.259     24.009      0.000
    COPE_PO            5.579      0.211     26.381      0.000
    MSPSS_FA           3.700      0.164     22.514      0.000
    MSPSS_FR           3.714      0.175     21.201      0.000
    MSPSS_SO           4.220      0.210     20.104      0.000
    NEURO_NA           2.266      0.088     25.684      0.000
    NEURO_SR           1.555      0.058     26.816      0.000
    EXTRA_PA           3.218      0.118     27.168      0.000
    EXTRA_SO           2.988      0.116     25.784      0.000
    EXTRA_AC           3.601      0.137     26.304      0.000
    P                  2.049      0.650      3.153      0.002
    N                 -1.823      0.994     -1.834      0.067
    PTGI               2.465      2.185      1.128      0.259
    IESR               2.957      3.059      0.967      0.334

 Variances
    COPE               1.000      0.000    999.000    999.000
    MSPSS              1.000      0.000    999.000    999.000
    NEURO              1.000      0.000    999.000    999.000
    EXTRA              1.000      0.000    999.000    999.000

 Residual Variances
    SK                 0.346      0.058      5.952      0.000
    CH                 0.553      0.047     11.656      0.000
    MI                 0.346      0.047      7.444      0.000
    SJ                 0.501      0.038     13.134      0.000
    IS                 0.212      0.034      6.183      0.000
    OI                 0.267      0.031      8.499      0.000
    PTGI_AL            0.328      0.031     10.615      0.000
    PTGI_NP            0.209      0.029      7.289      0.000
    PTGI_PS            0.400      0.036     11.125      0.000
    PTGI_SP            0.798      0.024     33.715      0.000
    PTGI_RO            0.331      0.036      9.193      0.000
    IESR_A             0.377      0.039      9.709      0.000
    IESR_I             0.201      0.036      5.518      0.000
    IESR_H             0.339      0.045      7.478      0.000
    COPE_PA            0.587      0.061      9.655      0.000
    COPE_PO            0.451      0.083      5.459      0.000
    MSPSS_FA           0.570      0.060      9.561      0.000
    MSPSS_FR           0.556      0.063      8.896      0.000
    MSPSS_SO           0.503      0.059      8.464      0.000
    NEURO_NA           0.414      0.048      8.709      0.000
    NEURO_SR           0.278      0.049      5.711      0.000
    EXTRA_PA           0.936      0.029     32.107      0.000
    EXTRA_SO           0.922      0.034     26.869      0.000
    EXTRA_AC           0.926      0.033     28.181      0.000
    P                  0.539      0.105      5.121      0.000
    N                  0.271      0.155      1.748      0.081
    PTGI               0.650      0.208      3.119      0.002
    IESR               0.466      0.378      1.233      0.217


R-SQUARE

Group RW

    Observed                                        Two-Tailed
    Variable        Estimate       S.E.  Est./S.E.    P-Value

    SK                 0.562      0.041     13.563      0.000
    CH                 0.353      0.035     10.139      0.000
    MI                 0.598      0.052     11.415      0.000
    SJ                 0.514      0.028     18.105      0.000
    IS                 0.774      0.022     35.975      0.000
    OI                 0.836      0.019     42.935      0.000
    PTGI_AL            0.674      0.023     29.528      0.000
    PTGI_NP            0.899      0.014     64.340      0.000
    PTGI_PS            0.620      0.025     24.819      0.000
    PTGI_SP            0.263      0.023     11.345      0.000
    PTGI_RO            0.746      0.026     29.115      0.000
    IESR_A             0.622      0.029     21.194      0.000
    IESR_I             0.725      0.034     21.314      0.000
    IESR_H             0.798      0.023     35.323      0.000
    COPE_PA            0.457      0.055      8.318      0.000
    COPE_PO            0.546      0.057      9.534      0.000
    MSPSS_FA           0.481      0.040     12.042      0.000
    MSPSS_FR           0.542      0.048     11.352      0.000
    MSPSS_SO           0.544      0.044     12.269      0.000
    NEURO_NA           0.534      0.029     18.305      0.000
    NEURO_SR           0.770      0.032     24.365      0.000
    EXTRA_PA           0.364      0.045      8.174      0.000
    EXTRA_SO           0.537      0.040     13.440      0.000
    EXTRA_AC           0.418      0.036     11.719      0.000

     Latent                                         Two-Tailed
    Variable        Estimate       S.E.  Est./S.E.    P-Value

    P                  0.514      0.061      8.437      0.000
    N                  0.732      0.037     19.644      0.000
    PTGI               0.174      0.037      4.641      0.000
    IESR               0.331      0.041      7.983      0.000

Group CS

    Observed                                        Two-Tailed
    Variable        Estimate       S.E.  Est./S.E.    P-Value

    SK                 0.654      0.058     11.237      0.000
    CH                 0.447      0.047      9.436      0.000
    MI                 0.654      0.047     14.058      0.000
    SJ                 0.499      0.038     13.082      0.000
    IS                 0.788      0.034     22.923      0.000
    OI                 0.733      0.031     23.290      0.000
    PTGI_AL            0.672      0.031     21.769      0.000
    PTGI_NP            0.791      0.029     27.606      0.000
    PTGI_PS            0.600      0.036     16.675      0.000
    PTGI_SP            0.202      0.024      8.511      0.000
    PTGI_RO            0.669      0.036     18.588      0.000
    IESR_A             0.623      0.039     16.042      0.000
    IESR_I             0.799      0.036     21.909      0.000
    IESR_H             0.661      0.045     14.581      0.000
    COPE_PA            0.413      0.061      6.806      0.000
    COPE_PO            0.549      0.083      6.650      0.000
    MSPSS_FA           0.430      0.060      7.207      0.000
    MSPSS_FR           0.444      0.063      7.098      0.000
    MSPSS_SO           0.497      0.059      8.354      0.000
    NEURO_NA           0.586      0.048     12.338      0.000
    NEURO_SR           0.722      0.049     14.842      0.000
    EXTRA_PA           0.064      0.029      2.200      0.028
    EXTRA_SO           0.078      0.034      2.263      0.024
    EXTRA_AC           0.074      0.033      2.251      0.024

     Latent                                         Two-Tailed
    Variable        Estimate       S.E.  Est./S.E.    P-Value

    P                  0.461      0.105      4.385      0.000
    N                  0.729      0.155      4.710      0.000
    PTGI               0.350      0.208      1.681      0.093
    IESR               0.534      0.378      1.414      0.157


TOTAL, TOTAL INDIRECT, SPECIFIC INDIRECT, AND DIRECT EFFECTS


                                                    Two-Tailed
                    Estimate       S.E.  Est./S.E.    P-Value

Group RW

Effects from COPE to PTGI

  Total                0.198      0.058      3.399      0.001
  Total indirect       0.130      0.054      2.394      0.017

  Specific indirect 1
    PTGI
    P
    COPE               0.124      0.048      2.554      0.011

  Specific indirect 2
    PTGI
    N
    COPE               0.006      0.022      0.258      0.797

  Direct
    PTGI
    COPE               0.069      0.089      0.773      0.439


Effects from MSPSS to PTGI

  Total                0.041      0.050      0.813      0.416
  Total indirect       0.011      0.014      0.802      0.423

  Specific indirect 1
    PTGI
    P
    MSPSS              0.012      0.014      0.881      0.378

  Specific indirect 2
    PTGI
    N
    MSPSS             -0.001      0.004     -0.244      0.807

  Direct
    PTGI
    MSPSS              0.029      0.053      0.547      0.584


Effects from NEURO to PTGI

  Total                0.373      0.088      4.231      0.000
  Total indirect      -0.057      0.127     -0.445      0.656

  Specific indirect 1
    PTGI
    P
    NEURO             -0.088      0.042     -2.097      0.036

  Specific indirect 2
    PTGI
    N
    NEURO              0.031      0.122      0.257      0.797

  Direct
    PTGI
    NEURO              0.430      0.181      2.374      0.018


Effects from EXTRA to PTGI

  Total                0.798      0.161      4.951      0.000
  Total indirect      -0.040      0.043     -0.942      0.346

  Specific indirect 1
    PTGI
    P
    EXTRA             -0.044      0.041     -1.078      0.281

  Specific indirect 2
    PTGI
    N
    EXTRA              0.004      0.014      0.266      0.790

  Direct
    PTGI
    EXTRA              0.839      0.174      4.824      0.000


Effects from COPE to PTGI

  Total                0.198      0.058      3.399      0.001
  Total indirect       0.130      0.054      2.394      0.017

  Specific indirect 1
    PTGI
    P
    COPE               0.124      0.048      2.554      0.011

  Specific indirect 2
    PTGI
    N
    COPE               0.006      0.022      0.258      0.797

  Direct
    PTGI
    COPE               0.069      0.089      0.773      0.439


Effects from MSPSS to PTGI

  Total                0.041      0.050      0.813      0.416
  Total indirect       0.011      0.014      0.802      0.423

  Specific indirect 1
    PTGI
    P
    MSPSS              0.012      0.014      0.881      0.378

  Specific indirect 2
    PTGI
    N
    MSPSS             -0.001      0.004     -0.244      0.807

  Direct
    PTGI
    MSPSS              0.029      0.053      0.547      0.584


Effects from NEURO to PTGI

  Total                0.373      0.088      4.231      0.000
  Total indirect      -0.057      0.127     -0.445      0.656

  Specific indirect 1
    PTGI
    P
    NEURO             -0.088      0.042     -2.097      0.036

  Specific indirect 2
    PTGI
    N
    NEURO              0.031      0.122      0.257      0.797

  Direct
    PTGI
    NEURO              0.430      0.181      2.374      0.018


Effects from EXTRA to PTGI

  Total                0.798      0.161      4.951      0.000
  Total indirect      -0.040      0.043     -0.942      0.346

  Specific indirect 1
    PTGI
    P
    EXTRA             -0.044      0.041     -1.078      0.281

  Specific indirect 2
    PTGI
    N
    EXTRA              0.004      0.014      0.266      0.790

  Direct
    PTGI
    EXTRA              0.839      0.174      4.824      0.000


Effects from COPE to IESR

  Total                0.135      0.071      1.895      0.058
  Total indirect       0.169      0.065      2.607      0.009

  Specific indirect 1
    IESR
    P
    COPE               0.063      0.055      1.156      0.248

  Specific indirect 2
    IESR
    N
    COPE               0.106      0.035      3.002      0.003

  Direct
    IESR
    COPE              -0.034      0.103     -0.330      0.742


Effects from MSPSS to IESR

  Total               -0.066      0.062     -1.071      0.284
  Total indirect      -0.010      0.022     -0.470      0.638

  Specific indirect 1
    IESR
    P
    MSPSS              0.006      0.009      0.682      0.495

  Specific indirect 2
    IESR
    N
    MSPSS             -0.017      0.021     -0.779      0.436

  Direct
    IESR
    MSPSS             -0.056      0.058     -0.961      0.337


Effects from NEURO to IESR

  Total                1.022      0.116      8.798      0.000
  Total indirect       0.534      0.154      3.470      0.001

  Specific indirect 1
    IESR
    P
    NEURO             -0.045      0.041     -1.102      0.270

  Specific indirect 2
    IESR
    N
    NEURO              0.579      0.149      3.899      0.000

  Direct
    IESR
    NEURO              0.488      0.201      2.429      0.015


Effects from EXTRA to IESR

  Total                0.882      0.202      4.360      0.000
  Total indirect       0.044      0.068      0.644      0.519

  Specific indirect 1
    IESR
    P
    EXTRA             -0.022      0.029     -0.789      0.430

  Specific indirect 2
    IESR
    N
    EXTRA              0.066      0.067      0.986      0.324

  Direct
    IESR
    EXTRA              0.839      0.195      4.311      0.000


Effects from COPE to IESR

  Total                0.135      0.071      1.895      0.058
  Total indirect       0.169      0.065      2.607      0.009

  Specific indirect 1
    IESR
    P
    COPE               0.063      0.055      1.156      0.248

  Specific indirect 2
    IESR
    N
    COPE               0.106      0.035      3.002      0.003

  Direct
    IESR
    COPE              -0.034      0.103     -0.330      0.742


Effects from MSPSS to IESR

  Total               -0.066      0.062     -1.071      0.284
  Total indirect      -0.010      0.022     -0.470      0.638

  Specific indirect 1
    IESR
    P
    MSPSS              0.006      0.009      0.682      0.495

  Specific indirect 2
    IESR
    N
    MSPSS             -0.017      0.021     -0.779      0.436

  Direct
    IESR
    MSPSS             -0.056      0.058     -0.961      0.337


Effects from NEURO to IESR

  Total                1.022      0.116      8.798      0.000
  Total indirect       0.534      0.154      3.470      0.001

  Specific indirect 1
    IESR
    P
    NEURO             -0.045      0.041     -1.102      0.270

  Specific indirect 2
    IESR
    N
    NEURO              0.579      0.149      3.899      0.000

  Direct
    IESR
    NEURO              0.488      0.201      2.429      0.015


Effects from EXTRA to IESR

  Total                0.882      0.202      4.360      0.000
  Total indirect       0.044      0.068      0.644      0.519

  Specific indirect 1
    IESR
    P
    EXTRA             -0.022      0.029     -0.789      0.430

  Specific indirect 2
    IESR
    N
    EXTRA              0.066      0.067      0.986      0.324

  Direct
    IESR
    EXTRA              0.839      0.195      4.311      0.000


Group CS

Effects from COPE to PTGI

  Total                0.302      0.122      2.474      0.013
  Total indirect       0.318      0.412      0.772      0.440

  Specific indirect 1
    PTGI
    P
    COPE               0.024      0.045      0.521      0.602

  Specific indirect 2
    PTGI
    N
    COPE               0.295      0.381      0.774      0.439

  Direct
    PTGI
    COPE              -0.016      0.497     -0.032      0.974


Effects from MSPSS to PTGI

  Total                0.059      0.149      0.394      0.694
  Total indirect       0.395      0.475      0.831      0.406

  Specific indirect 1
    PTGI
    P
    MSPSS              0.087      0.119      0.725      0.469

  Specific indirect 2
    PTGI
    N
    MSPSS              0.308      0.401      0.769      0.442

  Direct
    PTGI
    MSPSS             -0.336      0.589     -0.571      0.568


Effects from NEURO to PTGI

  Total                0.070      0.099      0.707      0.479
  Total indirect       0.357      0.393      0.908      0.364

  Specific indirect 1
    PTGI
    P
    NEURO              0.036      0.049      0.732      0.464

  Specific indirect 2
    PTGI
    N
    NEURO              0.321      0.362      0.885      0.376

  Direct
    PTGI
    NEURO             -0.287      0.448     -0.640      0.522


Effects from EXTRA to PTGI

  Total                0.986      0.922      1.069      0.285
  Total indirect      -2.615      3.234     -0.809      0.419

  Specific indirect 1
    PTGI
    P
    EXTRA             -0.514      0.729     -0.705      0.481

  Specific indirect 2
    PTGI
    N
    EXTRA             -2.101      2.776     -0.757      0.449

  Direct
    PTGI
    EXTRA              3.601      4.028      0.894      0.371


Effects from COPE to PTGI

  Total                0.302      0.122      2.474      0.013
  Total indirect       0.318      0.412      0.772      0.440

  Specific indirect 1
    PTGI
    P
    COPE               0.024      0.045      0.521      0.602

  Specific indirect 2
    PTGI
    N
    COPE               0.295      0.381      0.774      0.439

  Direct
    PTGI
    COPE              -0.016      0.497     -0.032      0.974


Effects from MSPSS to PTGI

  Total                0.059      0.149      0.394      0.694
  Total indirect       0.395      0.475      0.831      0.406

  Specific indirect 1
    PTGI
    P
    MSPSS              0.087      0.119      0.725      0.469

  Specific indirect 2
    PTGI
    N
    MSPSS              0.308      0.401      0.769      0.442

  Direct
    PTGI
    MSPSS             -0.336      0.589     -0.571      0.568


Effects from NEURO to PTGI

  Total                0.070      0.099      0.707      0.479
  Total indirect       0.357      0.393      0.908      0.364

  Specific indirect 1
    PTGI
    P
    NEURO              0.036      0.049      0.732      0.464

  Specific indirect 2
    PTGI
    N
    NEURO              0.321      0.362      0.885      0.376

  Direct
    PTGI
    NEURO             -0.287      0.448     -0.640      0.522


Effects from EXTRA to PTGI

  Total                0.986      0.922      1.069      0.285
  Total indirect      -2.615      3.234     -0.809      0.419

  Specific indirect 1
    PTGI
    P
    EXTRA             -0.514      0.729     -0.705      0.481

  Specific indirect 2
    PTGI
    N
    EXTRA             -2.101      2.776     -0.757      0.449

  Direct
    PTGI
    EXTRA              3.601      4.028      0.894      0.371


Effects from COPE to IESR

  Total                0.098      0.173      0.565      0.572
  Total indirect       0.489      0.701      0.697      0.486

  Specific indirect 1
    IESR
    P
    COPE               0.056      0.097      0.572      0.567

  Specific indirect 2
    IESR
    N
    COPE               0.433      0.633      0.684      0.494

  Direct
    IESR
    COPE              -0.391      0.839     -0.466      0.641


Effects from MSPSS to IESR

  Total               -0.189      0.210     -0.900      0.368
  Total indirect       0.657      0.779      0.844      0.399

  Specific indirect 1
    IESR
    P
    MSPSS              0.204      0.192      1.065      0.287

  Specific indirect 2
    IESR
    N
    MSPSS              0.453      0.656      0.690      0.490

  Direct
    IESR
    MSPSS             -0.846      0.956     -0.885      0.376


Effects from NEURO to IESR

  Total                0.566      0.135      4.182      0.000
  Total indirect       0.557      0.651      0.856      0.392

  Specific indirect 1
    IESR
    P
    NEURO              0.085      0.086      0.992      0.321

  Specific indirect 2
    IESR
    N
    NEURO              0.471      0.597      0.790      0.430

  Direct
    IESR
    NEURO              0.009      0.738      0.012      0.990


Effects from EXTRA to IESR

  Total                1.817      1.412      1.287      0.198
  Total indirect      -4.302      5.382     -0.799      0.424

  Specific indirect 1
    IESR
    P
    EXTRA             -1.215      1.190     -1.021      0.307

  Specific indirect 2
    IESR
    N
    EXTRA             -3.087      4.605     -0.670      0.503

  Direct
    IESR
    EXTRA              6.119      6.657      0.919      0.358


Effects from COPE to IESR

  Total                0.098      0.173      0.565      0.572
  Total indirect       0.489      0.701      0.697      0.486

  Specific indirect 1
    IESR
    P
    COPE               0.056      0.097      0.572      0.567

  Specific indirect 2
    IESR
    N
    COPE               0.433      0.633      0.684      0.494

  Direct
    IESR
    COPE              -0.391      0.839     -0.466      0.641


Effects from MSPSS to IESR

  Total               -0.189      0.210     -0.900      0.368
  Total indirect       0.657      0.779      0.844      0.399

  Specific indirect 1
    IESR
    P
    MSPSS              0.204      0.192      1.065      0.287

  Specific indirect 2
    IESR
    N
    MSPSS              0.453      0.656      0.690      0.490

  Direct
    IESR
    MSPSS             -0.846      0.956     -0.885      0.376


Effects from NEURO to IESR

  Total                0.566      0.135      4.182      0.000
  Total indirect       0.557      0.651      0.856      0.392

  Specific indirect 1
    IESR
    P
    NEURO              0.085      0.086      0.992      0.321

  Specific indirect 2
    IESR
    N
    NEURO              0.471      0.597      0.790      0.430

  Direct
    IESR
    NEURO              0.009      0.738      0.012      0.990


Effects from EXTRA to IESR

  Total                1.817      1.412      1.287      0.198
  Total indirect      -4.302      5.382     -0.799      0.424

  Specific indirect 1
    IESR
    P
    EXTRA             -1.215      1.190     -1.021      0.307

  Specific indirect 2
    IESR
    N
    EXTRA             -3.087      4.605     -0.670      0.503

  Direct
    IESR
    EXTRA              6.119      6.657      0.919      0.358



STANDARDIZED TOTAL, TOTAL INDIRECT, SPECIFIC INDIRECT, AND DIRECT EFFECTS


STDYX Standardization

                                                    Two-Tailed
                    Estimate       S.E.  Est./S.E.    P-Value

Group RW

Effects from COPE to PTGI

  Total                0.186      0.054      3.448      0.001
  Total indirect       0.122      0.050      2.413      0.016

  Specific indirect 1
    PTGI
    P
    COPE               0.116      0.045      2.573      0.010

  Specific indirect 2
    PTGI
    N
    COPE               0.005      0.021      0.258      0.797

  Direct
    PTGI
    COPE               0.064      0.083      0.774      0.439


Effects from MSPSS to PTGI

  Total                0.044      0.054      0.812      0.417
  Total indirect       0.012      0.015      0.802      0.422

  Specific indirect 1
    PTGI
    P
    MSPSS              0.013      0.015      0.882      0.378

  Specific indirect 2
    PTGI
    N
    MSPSS             -0.001      0.004     -0.244      0.807

  Direct
    PTGI
    MSPSS              0.031      0.058      0.547      0.585


Effects from NEURO to PTGI

  Total                0.318      0.073      4.337      0.000
  Total indirect      -0.048      0.109     -0.445      0.656

  Specific indirect 1
    PTGI
    P
    NEURO             -0.075      0.036     -2.092      0.036

  Specific indirect 2
    PTGI
    N
    NEURO              0.027      0.104      0.257      0.797

  Direct
    PTGI
    NEURO              0.366      0.153      2.387      0.017


Effects from EXTRA to PTGI

  Total                0.398      0.075      5.287      0.000
  Total indirect      -0.020      0.021     -0.952      0.341

  Specific indirect 1
    PTGI
    P
    EXTRA             -0.022      0.020     -1.091      0.275

  Specific indirect 2
    PTGI
    N
    EXTRA              0.002      0.007      0.266      0.790

  Direct
    PTGI
    EXTRA              0.418      0.080      5.195      0.000


Effects from COPE to PTGI

  Total                0.186      0.054      3.448      0.001
  Total indirect       0.122      0.050      2.413      0.016

  Specific indirect 1
    PTGI
    P
    COPE               0.116      0.045      2.573      0.010

  Specific indirect 2
    PTGI
    N
    COPE               0.005      0.021      0.258      0.797

  Direct
    PTGI
    COPE               0.064      0.083      0.774      0.439


Effects from MSPSS to PTGI

  Total                0.044      0.054      0.812      0.417
  Total indirect       0.012      0.015      0.802      0.422

  Specific indirect 1
    PTGI
    P
    MSPSS              0.013      0.015      0.882      0.378

  Specific indirect 2
    PTGI
    N
    MSPSS             -0.001      0.004     -0.244      0.807

  Direct
    PTGI
    MSPSS              0.031      0.058      0.547      0.585


Effects from NEURO to PTGI

  Total                0.318      0.073      4.337      0.000
  Total indirect      -0.048      0.109     -0.445      0.656

  Specific indirect 1
    PTGI
    P
    NEURO             -0.075      0.036     -2.092      0.036

  Specific indirect 2
    PTGI
    N
    NEURO              0.027      0.104      0.257      0.797

  Direct
    PTGI
    NEURO              0.366      0.153      2.387      0.017


Effects from EXTRA to PTGI

  Total                0.398      0.075      5.287      0.000
  Total indirect      -0.020      0.021     -0.952      0.341

  Specific indirect 1
    PTGI
    P
    EXTRA             -0.022      0.020     -1.091      0.275

  Specific indirect 2
    PTGI
    N
    EXTRA              0.002      0.007      0.266      0.790

  Direct
    PTGI
    EXTRA              0.418      0.080      5.195      0.000


Effects from COPE to IESR

  Total                0.102      0.052      1.960      0.050
  Total indirect       0.128      0.048      2.655      0.008

  Specific indirect 1
    IESR
    P
    COPE               0.048      0.041      1.152      0.249

  Specific indirect 2
    IESR
    N
    COPE               0.080      0.025      3.164      0.002

  Direct
    IESR
    COPE              -0.026      0.078     -0.329      0.742


Effects from MSPSS to IESR

  Total               -0.057      0.053     -1.085      0.278
  Total indirect      -0.009      0.019     -0.470      0.639

  Specific indirect 1
    IESR
    P
    MSPSS              0.005      0.008      0.684      0.494

  Specific indirect 2
    IESR
    N
    MSPSS             -0.014      0.018     -0.779      0.436

  Direct
    IESR
    MSPSS             -0.049      0.050     -0.974      0.330


Effects from NEURO to IESR

  Total                0.699      0.066     10.611      0.000
  Total indirect       0.365      0.101      3.606      0.000

  Specific indirect 1
    IESR
    P
    NEURO             -0.031      0.028     -1.111      0.267

  Specific indirect 2
    IESR
    N
    NEURO              0.396      0.096      4.112      0.000

  Direct
    IESR
    NEURO              0.334      0.137      2.442      0.015


Effects from EXTRA to IESR

  Total                0.353      0.076      4.659      0.000
  Total indirect       0.018      0.027      0.643      0.520

  Specific indirect 1
    IESR
    P
    EXTRA             -0.009      0.011     -0.797      0.425

  Specific indirect 2
    IESR
    N
    EXTRA              0.027      0.027      0.988      0.323

  Direct
    IESR
    EXTRA              0.336      0.072      4.644      0.000


Effects from COPE to IESR

  Total                0.102      0.052      1.960      0.050
  Total indirect       0.128      0.048      2.655      0.008

  Specific indirect 1
    IESR
    P
    COPE               0.048      0.041      1.152      0.249

  Specific indirect 2
    IESR
    N
    COPE               0.080      0.025      3.164      0.002

  Direct
    IESR
    COPE              -0.026      0.078     -0.329      0.742


Effects from MSPSS to IESR

  Total               -0.057      0.053     -1.085      0.278
  Total indirect      -0.009      0.019     -0.470      0.639

  Specific indirect 1
    IESR
    P
    MSPSS              0.005      0.008      0.684      0.494

  Specific indirect 2
    IESR
    N
    MSPSS             -0.014      0.018     -0.779      0.436

  Direct
    IESR
    MSPSS             -0.049      0.050     -0.974      0.330


Effects from NEURO to IESR

  Total                0.699      0.066     10.611      0.000
  Total indirect       0.365      0.101      3.606      0.000

  Specific indirect 1
    IESR
    P
    NEURO             -0.031      0.028     -1.111      0.267

  Specific indirect 2
    IESR
    N
    NEURO              0.396      0.096      4.112      0.000

  Direct
    IESR
    NEURO              0.334      0.137      2.442      0.015


Effects from EXTRA to IESR

  Total                0.353      0.076      4.659      0.000
  Total indirect       0.018      0.027      0.643      0.520

  Specific indirect 1
    IESR
    P
    EXTRA             -0.009      0.011     -0.797      0.425

  Specific indirect 2
    IESR
    N
    EXTRA              0.027      0.027      0.988      0.323

  Direct
    IESR
    EXTRA              0.336      0.072      4.644      0.000


Group CS

Effects from COPE to PTGI

  Total                0.329      0.133      2.478      0.013
  Total indirect       0.347      0.443      0.782      0.434

  Specific indirect 1
    PTGI
    P
    COPE               0.026      0.049      0.525      0.599

  Specific indirect 2
    PTGI
    N
    COPE               0.321      0.409      0.784      0.433

  Direct
    PTGI
    COPE              -0.017      0.541     -0.032      0.974


Effects from MSPSS to PTGI

  Total                0.058      0.149      0.393      0.694
  Total indirect       0.394      0.471      0.836      0.403

  Specific indirect 1
    PTGI
    P
    MSPSS              0.086      0.119      0.727      0.467

  Specific indirect 2
    PTGI
    N
    MSPSS              0.308      0.397      0.774      0.439

  Direct
    PTGI
    MSPSS             -0.335      0.585     -0.573      0.567


Effects from NEURO to PTGI

  Total                0.068      0.096      0.710      0.478
  Total indirect       0.347      0.381      0.912      0.362

  Specific indirect 1
    PTGI
    P
    NEURO              0.035      0.048      0.737      0.461

  Specific indirect 2
    PTGI
    N
    NEURO              0.312      0.352      0.888      0.374

  Direct
    PTGI
    NEURO             -0.279      0.436     -0.641      0.521


Effects from EXTRA to PTGI

  Total                0.254      0.208      1.220      0.223
  Total indirect      -0.674      0.737     -0.914      0.361

  Specific indirect 1
    PTGI
    P
    EXTRA             -0.132      0.175     -0.758      0.449

  Specific indirect 2
    PTGI
    N
    EXTRA             -0.541      0.640     -0.845      0.398

  Direct
    PTGI
    EXTRA              0.928      0.906      1.024      0.306


Effects from COPE to PTGI

  Total                0.329      0.133      2.478      0.013
  Total indirect       0.347      0.443      0.782      0.434

  Specific indirect 1
    PTGI
    P
    COPE               0.026      0.049      0.525      0.599

  Specific indirect 2
    PTGI
    N
    COPE               0.321      0.409      0.784      0.433

  Direct
    PTGI
    COPE              -0.017      0.541     -0.032      0.974


Effects from MSPSS to PTGI

  Total                0.058      0.149      0.393      0.694
  Total indirect       0.394      0.471      0.836      0.403

  Specific indirect 1
    PTGI
    P
    MSPSS              0.086      0.119      0.727      0.467

  Specific indirect 2
    PTGI
    N
    MSPSS              0.308      0.397      0.774      0.439

  Direct
    PTGI
    MSPSS             -0.335      0.585     -0.573      0.567


Effects from NEURO to PTGI

  Total                0.068      0.096      0.710      0.478
  Total indirect       0.347      0.381      0.912      0.362

  Specific indirect 1
    PTGI
    P
    NEURO              0.035      0.048      0.737      0.461

  Specific indirect 2
    PTGI
    N
    NEURO              0.312      0.352      0.888      0.374

  Direct
    PTGI
    NEURO             -0.279      0.436     -0.641      0.521


Effects from EXTRA to PTGI

  Total                0.254      0.208      1.220      0.223
  Total indirect      -0.674      0.737     -0.914      0.361

  Specific indirect 1
    PTGI
    P
    EXTRA             -0.132      0.175     -0.758      0.449

  Specific indirect 2
    PTGI
    N
    EXTRA             -0.541      0.640     -0.845      0.398

  Direct
    PTGI
    EXTRA              0.928      0.906      1.024      0.306


Effects from COPE to IESR

  Total                0.090      0.160      0.562      0.574
  Total indirect       0.452      0.638      0.709      0.478

  Specific indirect 1
    IESR
    P
    COPE               0.052      0.089      0.580      0.562

  Specific indirect 2
    IESR
    N
    COPE               0.401      0.577      0.695      0.487

  Direct
    IESR
    COPE              -0.362      0.769     -0.471      0.638


Effects from MSPSS to IESR

  Total               -0.160      0.174     -0.919      0.358
  Total indirect       0.557      0.654      0.852      0.394

  Specific indirect 1
    IESR
    P
    MSPSS              0.173      0.161      1.074      0.283

  Specific indirect 2
    IESR
    N
    MSPSS              0.384      0.552      0.696      0.487

  Direct
    IESR
    MSPSS             -0.718      0.800     -0.897      0.370


Effects from NEURO to IESR

  Total                0.468      0.109      4.297      0.000
  Total indirect       0.460      0.535      0.860      0.390

  Specific indirect 1
    IESR
    P
    NEURO              0.071      0.070      1.004      0.316

  Specific indirect 2
    IESR
    N
    NEURO              0.390      0.492      0.792      0.428

  Direct
    IESR
    NEURO              0.008      0.610      0.012      0.990


Effects from EXTRA to IESR

  Total                0.398      0.248      1.602      0.109
  Total indirect      -0.941      1.029     -0.915      0.360

  Specific indirect 1
    IESR
    P
    EXTRA             -0.266      0.227     -1.173      0.241

  Specific indirect 2
    IESR
    N
    EXTRA             -0.676      0.906     -0.745      0.456

  Direct
    IESR
    EXTRA              1.339      1.241      1.079      0.281


Effects from COPE to IESR

  Total                0.090      0.160      0.562      0.574
  Total indirect       0.452      0.638      0.709      0.478

  Specific indirect 1
    IESR
    P
    COPE               0.052      0.089      0.580      0.562

  Specific indirect 2
    IESR
    N
    COPE               0.401      0.577      0.695      0.487

  Direct
    IESR
    COPE              -0.362      0.769     -0.471      0.638


Effects from MSPSS to IESR

  Total               -0.160      0.174     -0.919      0.358
  Total indirect       0.557      0.654      0.852      0.394

  Specific indirect 1
    IESR
    P
    MSPSS              0.173      0.161      1.074      0.283

  Specific indirect 2
    IESR
    N
    MSPSS              0.384      0.552      0.696      0.487

  Direct
    IESR
    MSPSS             -0.718      0.800     -0.897      0.370


Effects from NEURO to IESR

  Total                0.468      0.109      4.297      0.000
  Total indirect       0.460      0.535      0.860      0.390

  Specific indirect 1
    IESR
    P
    NEURO              0.071      0.070      1.004      0.316

  Specific indirect 2
    IESR
    N
    NEURO              0.390      0.492      0.792      0.428

  Direct
    IESR
    NEURO              0.008      0.610      0.012      0.990


Effects from EXTRA to IESR

  Total                0.398      0.248      1.602      0.109
  Total indirect      -0.941      1.029     -0.915      0.360

  Specific indirect 1
    IESR
    P
    EXTRA             -0.266      0.227     -1.173      0.241

  Specific indirect 2
    IESR
    N
    EXTRA             -0.676      0.906     -0.745      0.456

  Direct
    IESR
    EXTRA              1.339      1.241      1.079      0.281




     Beginning Time:  12:44:29
        Ending Time:  12:44:30
       Elapsed Time:  00:00:01



MUTHEN & MUTHEN
3463 Stoner Ave.
Los Angeles, CA  90066

Tel: (310) 391-9971
Fax: (310) 391-8971
Web: www.StatModel.com
Support: Support@StatModel.com

Copyright (c) 1998-2021 Muthen & Muthen
