Mplus VERSION 8.6 (Mac)
MUTHEN & MUTHEN
10/04/2022   1:32 PM

INPUT INSTRUCTIONS

  TITLE: Two_factor ESEM with six single factors.

  DATA:
    FILE IS selfcompassionitems.dat;

  VARIABLE:
    NAMES ARE scsj1 scoi2 scch3 scis4 scsk5 scoi6 scch7 scsj8
              scmi9 scch10 scsj11 scsk12 scis13 scmi14 scch15
              scsj16 scmi17 scis18 scsk19 scoi20 scsj21 scmi22
              scsk23 scoi24 scis25 scsk26;
    MISSING ARE ALL(-9);
    USEVARIABLES ARE scsj1 scoi2 scch3 scis4 scsk5 scoi6 scch7 scsj8
              scmi9 scch10 scsj11 scsk12 scis13 scmi14 scch15
              scsj16 scmi17 scis18 scsk19 scoi20 scsj21 scmi22
              scsk23 scoi24 scis25 scsk26;
    CATEGORICAL ARE all;

  ANALYSIS:
    ! Requesting the weighted least squares mean- and variance-adjusted estimator
    ESTIMATOR = WLSMV;
    ROTATION = target (orthogonal);

  MODEL:
    MODEL:

    po BY scsk5* scsk12 scsk19 scsk23 scsk26 scsj1~0 scsj8~0 scsj11~0
          scsj16~0 scsj21~0 scch3 scch7 scch10 scch15 scis4~0
          scis13~0 scis18~0 scis25~0 scmi9 scmi14 scmi17 scmi22
          scoi2~0 scoi6~0 scoi20~0 scoi24~0 (*1);

    ne BY scsk5~0 scsk12~0 scsk19~0 scsk23~0 scsk26~0 scsj1* scsj8 scsj11
          scsj16 scsj21 scch3~0 scch7~0 scch10~0 scch15~0 scis4 scis13
          scis18 scis25 scmi9~0 scmi14~0 scmi17~0 scmi22~0 scoi2
          scoi6 scoi20 scoi24 (*1);

   sc BY scsk5 scsk12 scsk19 scsk23 scsk26 scsj1* scsj8 scsj11
         scsj16 scsj21 scch3 scch7 scch10 scch15 scis4 scis13
         scis18 scis25 scmi9 scmi14 scmi17 scmi22 scoi2
         scoi6 scoi20 scoi24 (*1);

    SCCH10  WITH SCCH7;
    SCIS13  WITH SCIS18;
    SCSK23  WITH SCSK26;


  ! Requesting standardized parameter estimates
  OUTPUT:
    stdyx;
    MODINDICES (ALL);



INPUT READING TERMINATED NORMALLY



Two_factor ESEM with six single factors.

SUMMARY OF ANALYSIS

Number of groups                                                 1
Number of observations                                         783

Number of dependent variables                                   26
Number of independent variables                                  0
Number of continuous latent variables                            3

Observed dependent variables

  Binary and ordered categorical (ordinal)
   SCSJ1       SCOI2       SCCH3       SCIS4       SCSK5       SCOI6
   SCCH7       SCSJ8       SCMI9       SCCH10      SCSJ11      SCSK12
   SCIS13      SCMI14      SCCH15      SCSJ16      SCMI17      SCIS18
   SCSK19      SCOI20      SCSJ21      SCMI22      SCSK23      SCOI24
   SCIS25      SCSK26

Continuous latent variables

  EFA factors
  *1:   PO          NE          SC


Estimator                                                    WLSMV
Rotation                                                    TARGET
Row standardization                                    CORRELATION
Type of rotation                                        ORTHOGONAL
Maximum number of iterations                                  1000
Convergence criterion                                    0.500D-04
Maximum number of steepest descent iterations                   20
Maximum number of iterations for H1                           2000
Convergence criterion for H1                             0.100D-03
Optimization Specifications for the Exploratory Factor Analysis
Rotation Algorithm
  Number of random starts                                       30
  Maximum number of iterations                             1000000
  Derivative convergence criterion                       0.100D-04
Parameterization                                             DELTA
Link                                                        PROBIT

Input data file(s)
  selfcompassionitems.dat

Input data format  FREE


SUMMARY OF DATA

     Number of missing data patterns             1


COVARIANCE COVERAGE OF DATA

Minimum covariance coverage value   0.100


     PROPORTION OF DATA PRESENT


           Covariance Coverage
              SCSJ1         SCOI2         SCCH3         SCIS4         SCSK5
              ________      ________      ________      ________      ________
 SCSJ1          1.000
 SCOI2          1.000         1.000
 SCCH3          1.000         1.000         1.000
 SCIS4          1.000         1.000         1.000         1.000
 SCSK5          1.000         1.000         1.000         1.000         1.000
 SCOI6          1.000         1.000         1.000         1.000         1.000
 SCCH7          1.000         1.000         1.000         1.000         1.000
 SCSJ8          1.000         1.000         1.000         1.000         1.000
 SCMI9          1.000         1.000         1.000         1.000         1.000
 SCCH10         1.000         1.000         1.000         1.000         1.000
 SCSJ11         1.000         1.000         1.000         1.000         1.000
 SCSK12         1.000         1.000         1.000         1.000         1.000
 SCIS13         1.000         1.000         1.000         1.000         1.000
 SCMI14         1.000         1.000         1.000         1.000         1.000
 SCCH15         1.000         1.000         1.000         1.000         1.000
 SCSJ16         1.000         1.000         1.000         1.000         1.000
 SCMI17         1.000         1.000         1.000         1.000         1.000
 SCIS18         1.000         1.000         1.000         1.000         1.000
 SCSK19         1.000         1.000         1.000         1.000         1.000
 SCOI20         1.000         1.000         1.000         1.000         1.000
 SCSJ21         1.000         1.000         1.000         1.000         1.000
 SCMI22         1.000         1.000         1.000         1.000         1.000
 SCSK23         1.000         1.000         1.000         1.000         1.000
 SCOI24         1.000         1.000         1.000         1.000         1.000
 SCIS25         1.000         1.000         1.000         1.000         1.000
 SCSK26         1.000         1.000         1.000         1.000         1.000


           Covariance Coverage
              SCOI6         SCCH7         SCSJ8         SCMI9         SCCH10
              ________      ________      ________      ________      ________
 SCOI6          1.000
 SCCH7          1.000         1.000
 SCSJ8          1.000         1.000         1.000
 SCMI9          1.000         1.000         1.000         1.000
 SCCH10         1.000         1.000         1.000         1.000         1.000
 SCSJ11         1.000         1.000         1.000         1.000         1.000
 SCSK12         1.000         1.000         1.000         1.000         1.000
 SCIS13         1.000         1.000         1.000         1.000         1.000
 SCMI14         1.000         1.000         1.000         1.000         1.000
 SCCH15         1.000         1.000         1.000         1.000         1.000
 SCSJ16         1.000         1.000         1.000         1.000         1.000
 SCMI17         1.000         1.000         1.000         1.000         1.000
 SCIS18         1.000         1.000         1.000         1.000         1.000
 SCSK19         1.000         1.000         1.000         1.000         1.000
 SCOI20         1.000         1.000         1.000         1.000         1.000
 SCSJ21         1.000         1.000         1.000         1.000         1.000
 SCMI22         1.000         1.000         1.000         1.000         1.000
 SCSK23         1.000         1.000         1.000         1.000         1.000
 SCOI24         1.000         1.000         1.000         1.000         1.000
 SCIS25         1.000         1.000         1.000         1.000         1.000
 SCSK26         1.000         1.000         1.000         1.000         1.000


           Covariance Coverage
              SCSJ11        SCSK12        SCIS13        SCMI14        SCCH15
              ________      ________      ________      ________      ________
 SCSJ11         1.000
 SCSK12         1.000         1.000
 SCIS13         1.000         1.000         1.000
 SCMI14         1.000         1.000         1.000         1.000
 SCCH15         1.000         1.000         1.000         1.000         1.000
 SCSJ16         1.000         1.000         1.000         1.000         1.000
 SCMI17         1.000         1.000         1.000         1.000         1.000
 SCIS18         1.000         1.000         1.000         1.000         1.000
 SCSK19         1.000         1.000         1.000         1.000         1.000
 SCOI20         1.000         1.000         1.000         1.000         1.000
 SCSJ21         1.000         1.000         1.000         1.000         1.000
 SCMI22         1.000         1.000         1.000         1.000         1.000
 SCSK23         1.000         1.000         1.000         1.000         1.000
 SCOI24         1.000         1.000         1.000         1.000         1.000
 SCIS25         1.000         1.000         1.000         1.000         1.000
 SCSK26         1.000         1.000         1.000         1.000         1.000


           Covariance Coverage
              SCSJ16        SCMI17        SCIS18        SCSK19        SCOI20
              ________      ________      ________      ________      ________
 SCSJ16         1.000
 SCMI17         1.000         1.000
 SCIS18         1.000         1.000         1.000
 SCSK19         1.000         1.000         1.000         1.000
 SCOI20         1.000         1.000         1.000         1.000         1.000
 SCSJ21         1.000         1.000         1.000         1.000         1.000
 SCMI22         1.000         1.000         1.000         1.000         1.000
 SCSK23         1.000         1.000         1.000         1.000         1.000
 SCOI24         1.000         1.000         1.000         1.000         1.000
 SCIS25         1.000         1.000         1.000         1.000         1.000
 SCSK26         1.000         1.000         1.000         1.000         1.000


           Covariance Coverage
              SCSJ21        SCMI22        SCSK23        SCOI24        SCIS25
              ________      ________      ________      ________      ________
 SCSJ21         1.000
 SCMI22         1.000         1.000
 SCSK23         1.000         1.000         1.000
 SCOI24         1.000         1.000         1.000         1.000
 SCIS25         1.000         1.000         1.000         1.000         1.000
 SCSK26         1.000         1.000         1.000         1.000         1.000


           Covariance Coverage
              SCSK26
              ________
 SCSK26         1.000


UNIVARIATE PROPORTIONS AND COUNTS FOR CATEGORICAL VARIABLES

    SCSJ1
      Category 1    0.036           28.000
      Category 2    0.100           78.000
      Category 3    0.263          206.000
      Category 4    0.338          265.000
      Category 5    0.263          206.000
    SCOI2
      Category 1    0.303          237.000
      Category 2    0.243          190.000
      Category 3    0.207          162.000
      Category 4    0.153          120.000
      Category 5    0.095           74.000
    SCCH3
      Category 1    0.078           61.000
      Category 2    0.140          110.000
      Category 3    0.335          262.000
      Category 4    0.332          260.000
      Category 5    0.115           90.000
    SCIS4
      Category 1    0.338          265.000
      Category 2    0.261          204.000
      Category 3    0.178          139.000
      Category 4    0.142          111.000
      Category 5    0.082           64.000
    SCSK5
      Category 1    0.149          117.000
      Category 2    0.282          221.000
      Category 3    0.292          229.000
      Category 4    0.192          150.000
      Category 5    0.084           66.000
    SCOI6
      Category 1    0.223          175.000
      Category 2    0.254          199.000
      Category 3    0.226          177.000
      Category 4    0.186          146.000
      Category 5    0.110           86.000
    SCCH7
      Category 1    0.267          209.000
      Category 2    0.250          196.000
      Category 3    0.250          196.000
      Category 4    0.157          123.000
      Category 5    0.075           59.000
    SCSJ8
      Category 1    0.198          155.000
      Category 2    0.216          169.000
      Category 3    0.236          185.000
      Category 4    0.235          184.000
      Category 5    0.115           90.000
    SCMI9
      Category 1    0.042           33.000
      Category 2    0.117           92.000
      Category 3    0.312          244.000
      Category 4    0.356          279.000
      Category 5    0.172          135.000
    SCCH10
      Category 1    0.223          175.000
      Category 2    0.258          202.000
      Category 3    0.290          227.000
      Category 4    0.176          138.000
      Category 5    0.052           41.000
    SCSJ11
      Category 1    0.201          157.000
      Category 2    0.268          210.000
      Category 3    0.232          182.000
      Category 4    0.207          162.000
      Category 5    0.092           72.000
    SCSK12
      Category 1    0.169          132.000
      Category 2    0.318          249.000
      Category 3    0.268          210.000
      Category 4    0.180          141.000
      Category 5    0.065           51.000
    SCIS13
      Category 1    0.276          216.000
      Category 2    0.238          186.000
      Category 3    0.192          150.000
      Category 4    0.195          153.000
      Category 5    0.100           78.000
    SCMI14
      Category 1    0.034           27.000
      Category 2    0.109           85.000
      Category 3    0.303          237.000
      Category 4    0.364          285.000
      Category 5    0.190          149.000
    SCCH15
      Category 1    0.089           70.000
      Category 2    0.199          156.000
      Category 3    0.321          251.000
      Category 4    0.278          218.000
      Category 5    0.112           88.000
    SCSJ16
      Category 1    0.179          140.000
      Category 2    0.249          195.000
      Category 3    0.215          168.000
      Category 4    0.244          191.000
      Category 5    0.114           89.000
    SCMI17
      Category 1    0.040           31.000
      Category 2    0.155          121.000
      Category 3    0.346          271.000
      Category 4    0.342          268.000
      Category 5    0.117           92.000
    SCIS18
      Category 1    0.197          154.000
      Category 2    0.232          182.000
      Category 3    0.235          184.000
      Category 4    0.232          182.000
      Category 5    0.103           81.000
    SCSK19
      Category 1    0.153          120.000
      Category 2    0.284          222.000
      Category 3    0.313          245.000
      Category 4    0.178          139.000
      Category 5    0.073           57.000
    SCOI20
      Category 1    0.301          236.000
      Category 2    0.284          222.000
      Category 3    0.241          189.000
      Category 4    0.119           93.000
      Category 5    0.055           43.000
    SCSJ21
      Category 1    0.160          125.000
      Category 2    0.254          199.000
      Category 3    0.308          241.000
      Category 4    0.199          156.000
      Category 5    0.079           62.000
    SCMI22
      Category 1    0.134          105.000
      Category 2    0.250          196.000
      Category 3    0.321          251.000
      Category 4    0.223          175.000
      Category 5    0.072           56.000
    SCSK23
      Category 1    0.140          110.000
      Category 2    0.290          227.000
      Category 3    0.319          250.000
      Category 4    0.180          141.000
      Category 5    0.070           55.000
    SCOI24
      Category 1    0.433          339.000
      Category 2    0.294          230.000
      Category 3    0.151          118.000
      Category 4    0.083           65.000
      Category 5    0.040           31.000
    SCIS25
      Category 1    0.299          234.000
      Category 2    0.197          154.000
      Category 3    0.202          158.000
      Category 4    0.213          167.000
      Category 5    0.089           70.000
    SCSK26
      Category 1    0.115           90.000
      Category 2    0.292          229.000
      Category 3    0.338          265.000
      Category 4    0.197          154.000
      Category 5    0.057           45.000



THE MODEL ESTIMATION TERMINATED NORMALLY



MODEL FIT INFORMATION

Number of Free Parameters                      182

Chi-Square Test of Model Fit

          Value                           1180.849*
          Degrees of Freedom                   247
          P-Value                           0.0000

*   The chi-square value for MLM, MLMV, MLR, ULSMV, WLSM and WLSMV cannot be used
    for chi-square difference testing in the regular way.  MLM, MLR and WLSM
    chi-square difference testing is described on the Mplus website.  MLMV, WLSMV,
    and ULSMV difference testing is done using the DIFFTEST option.

RMSEA (Root Mean Square Error Of Approximation)

          Estimate                           0.069
          90 Percent C.I.                    0.066  0.073
          Probability RMSEA <= .05           0.000

CFI/TLI

          CFI                                0.955
          TLI                                0.940

Chi-Square Test of Model Fit for the Baseline Model

          Value                          20854.792
          Degrees of Freedom                   325
          P-Value                           0.0000

SRMR (Standardized Root Mean Square Residual)

          Value                              0.032

Optimum Function Value for Weighted Least-Squares Estimator

          Value                     0.33948167D+00



MODEL RESULTS

                                                    Two-Tailed
                    Estimate       S.E.  Est./S.E.    P-Value

 PO       BY
    SCSK5              0.731      0.019     39.074      0.000
    SCSK12             0.797      0.015     53.667      0.000
    SCSK19             0.796      0.015     53.051      0.000
    SCSK23             0.567      0.025     22.802      0.000
    SCSK26             0.638      0.022     28.597      0.000
    SCSJ1             -0.055      0.030     -1.801      0.072
    SCSJ8             -0.103      0.023     -4.391      0.000
    SCSJ11            -0.074      0.024     -3.042      0.002
    SCSJ16            -0.099      0.022     -4.415      0.000
    SCSJ21            -0.063      0.026     -2.401      0.016
    SCCH3              0.363      0.033     10.840      0.000
    SCCH7              0.484      0.028     17.528      0.000
    SCCH10             0.500      0.027     18.858      0.000
    SCCH15             0.618      0.027     23.068      0.000
    SCIS4             -0.065      0.025     -2.639      0.008
    SCIS13            -0.021      0.022     -0.962      0.336
    SCIS18             0.035      0.022      1.566      0.117
    SCIS25            -0.032      0.022     -1.430      0.153
    SCMI9              0.345      0.038      9.137      0.000
    SCMI14             0.350      0.040      8.729      0.000
    SCMI17             0.495      0.035     14.201      0.000
    SCMI22             0.616      0.025     24.772      0.000
    SCOI2             -0.051      0.020     -2.489      0.013
    SCOI6             -0.038      0.022     -1.746      0.081
    SCOI20             0.133      0.027      4.988      0.000
    SCOI24             0.050      0.026      1.939      0.053

 NE       BY
    SCSK5             -0.027      0.026     -1.028      0.304
    SCSK12            -0.184      0.023     -8.079      0.000
    SCSK19            -0.211      0.022     -9.452      0.000
    SCSK23            -0.330      0.023    -14.223      0.000
    SCSK26            -0.181      0.024     -7.416      0.000
    SCSJ1              0.626      0.024     25.704      0.000
    SCSJ8              0.824      0.015     56.847      0.000
    SCSJ11             0.768      0.018     43.116      0.000
    SCSJ16             0.763      0.019     40.832      0.000
    SCSJ21             0.651      0.022     29.871      0.000
    SCCH3              0.270      0.030      9.068      0.000
    SCCH7              0.256      0.029      8.908      0.000
    SCCH10             0.213      0.027      7.802      0.000
    SCCH15             0.024      0.025      0.985      0.325
    SCIS4              0.711      0.032     22.128      0.000
    SCIS13             0.589      0.035     16.829      0.000
    SCIS18             0.648      0.032     20.191      0.000
    SCIS25             0.680      0.033     20.526      0.000
    SCMI9              0.200      0.031      6.470      0.000
    SCMI14             0.000      0.033      0.015      0.988
    SCMI17            -0.107      0.028     -3.795      0.000
    SCMI22            -0.073      0.024     -3.007      0.003
    SCOI2              0.711      0.032     22.543      0.000
    SCOI6              0.726      0.030     24.404      0.000
    SCOI20             0.500      0.038     12.998      0.000
    SCOI24             0.521      0.039     13.226      0.000

 SC       BY
    SCSK5              0.069      0.047      1.467      0.142
    SCSK12            -0.029      0.056     -0.526      0.599
    SCSK19            -0.062      0.055     -1.125      0.261
    SCSK23            -0.180      0.053     -3.390      0.001
    SCSK26            -0.116      0.049     -2.358      0.018
    SCSJ1             -0.080      0.055     -1.447      0.148
    SCSJ8              0.031      0.065      0.481      0.631
    SCSJ11             0.075      0.062      1.213      0.225
    SCSJ16             0.114      0.060      1.892      0.058
    SCSJ21             0.024      0.057      0.419      0.675
    SCCH3             -0.238      0.039     -6.100      0.000
    SCCH7              0.068      0.044      1.549      0.121
    SCCH10            -0.128      0.043     -3.013      0.003
    SCCH15            -0.354      0.040     -8.831      0.000
    SCIS4              0.460      0.053      8.720      0.000
    SCIS13             0.458      0.046      9.976      0.000
    SCIS18             0.421      0.049      8.586      0.000
    SCIS25             0.436      0.052      8.374      0.000
    SCMI9             -0.514      0.033    -15.668      0.000
    SCMI14            -0.706      0.027    -25.881      0.000
    SCMI17            -0.614      0.034    -17.881      0.000
    SCMI22            -0.318      0.045     -7.023      0.000
    SCOI2              0.438      0.052      8.491      0.000
    SCOI6              0.405      0.053      7.624      0.000
    SCOI20             0.513      0.040     12.908      0.000
    SCOI24             0.520      0.042     12.295      0.000

 NE       WITH
    PO                 0.000      0.000    999.000    999.000

 SC       WITH
    PO                 0.000      0.000    999.000    999.000
    NE                 0.000      0.000    999.000    999.000

 SCCH10   WITH
    SCCH7              0.335      0.024     13.871      0.000

 SCIS13   WITH
    SCIS18             0.225      0.018     12.628      0.000

 SCSK23   WITH
    SCSK26             0.213      0.018     12.138      0.000

 Thresholds
    SCSJ1$1           -1.802      0.084    -21.357      0.000
    SCSJ1$2           -1.101      0.056    -19.595      0.000
    SCSJ1$3           -0.257      0.045     -5.676      0.000
    SCSJ1$4            0.634      0.048     13.145      0.000
    SCOI2$1           -0.517      0.047    -10.986      0.000
    SCOI2$2            0.114      0.045      2.537      0.011
    SCOI2$3            0.682      0.049     13.971      0.000
    SCOI2$4            1.313      0.062     21.155      0.000
    SCCH3$1           -1.419      0.066    -21.591      0.000
    SCCH3$2           -0.778      0.050    -15.529      0.000
    SCCH3$3            0.133      0.045      2.965      0.003
    SCCH3$4            1.201      0.059     20.439      0.000
    SCIS4$1           -0.417      0.046     -9.014      0.000
    SCIS4$2            0.251      0.045      5.534      0.000
    SCIS4$3            0.760      0.050     15.261      0.000
    SCIS4$4            1.393      0.065     21.505      0.000
    SCSK5$1           -1.039      0.055    -18.964      0.000
    SCSK5$2           -0.172      0.045     -3.822      0.000
    SCSK5$3            0.595      0.048     12.453      0.000
    SCSK5$4            1.377      0.064     21.443      0.000
    SCOI6$1           -0.760      0.050    -15.261      0.000
    SCOI6$2           -0.056      0.045     -1.251      0.211
    SCOI6$3            0.535      0.047     11.337      0.000
    SCOI6$4            1.227      0.059     20.632      0.000
    SCCH7$1           -0.622      0.048    -12.938      0.000
    SCCH7$2            0.043      0.045      0.965      0.335
    SCCH7$3            0.731      0.049     14.788      0.000
    SCCH7$4            1.437      0.066     21.642      0.000
    SCSJ8$1           -0.849      0.051    -16.588      0.000
    SCSJ8$2           -0.218      0.045     -4.821      0.000
    SCSJ8$3            0.385      0.046      8.377      0.000
    SCSJ8$4            1.201      0.059     20.439      0.000
    SCMI9$1           -1.726      0.080    -21.615      0.000
    SCMI9$2           -0.996      0.054    -18.485      0.000
    SCMI9$3           -0.072      0.045     -1.608      0.108
    SCMI9$4            0.945      0.053     17.869      0.000
    SCCH10$1          -0.760      0.050    -15.261      0.000
    SCCH10$2          -0.046      0.045     -1.036      0.300
    SCCH10$3           0.743      0.050     14.991      0.000
    SCCH10$4           1.622      0.074     21.805      0.000
    SCSJ11$1          -0.840      0.051    -16.457      0.000
    SCSJ11$2          -0.079      0.045     -1.751      0.080
    SCSJ11$3           0.528      0.047     11.197      0.000
    SCSJ11$4           1.329      0.063     21.232      0.000
    SCSK12$1          -0.960      0.053    -18.056      0.000
    SCSK12$2          -0.034      0.045     -0.750      0.453
    SCSK12$3           0.690      0.049     14.108      0.000
    SCSK12$4           1.513      0.069     21.790      0.000
    SCIS13$1          -0.595      0.048    -12.453      0.000
    SCIS13$2           0.034      0.045      0.750      0.453
    SCIS13$3           0.539      0.047     11.407      0.000
    SCIS13$4           1.284      0.061     20.991      0.000
    SCMI14$1          -1.819      0.085    -21.289      0.000
    SCMI14$2          -1.067      0.055    -19.255      0.000
    SCMI14$3          -0.136      0.045     -3.037      0.002
    SCMI14$4           0.877      0.052     16.978      0.000
    SCCH15$1          -1.344      0.063    -21.306      0.000
    SCCH15$2          -0.557      0.047    -11.756      0.000
    SCCH15$3           0.277      0.045      6.103      0.000
    SCCH15$4           1.214      0.059     20.536      0.000
    SCSJ16$1          -0.920      0.052    -17.554      0.000
    SCSJ16$2          -0.182      0.045     -4.036      0.000
    SCSJ16$3           0.365      0.046      7.951      0.000
    SCSJ16$4           1.207      0.059     20.488      0.000
    SCMI17$1          -1.755      0.082    -21.527      0.000
    SCMI17$2          -0.863      0.051    -16.783      0.000
    SCMI17$3           0.101      0.045      2.251      0.024
    SCMI17$4           1.188      0.058     20.339      0.000
    SCIS18$1          -0.854      0.051    -16.653      0.000
    SCIS18$2          -0.179      0.045     -3.965      0.000
    SCIS18$3           0.424      0.046      9.155      0.000
    SCIS18$4           1.262      0.061     20.861      0.000
    SCSK19$1          -1.023      0.054    -18.786      0.000
    SCSK19$2          -0.159      0.045     -3.537      0.000
    SCSK19$3           0.673      0.049     13.834      0.000
    SCSK19$4           1.455      0.067     21.688      0.000
    SCOI20$1          -0.520      0.047    -11.056      0.000
    SCOI20$2           0.215      0.045      4.750      0.000
    SCOI20$3           0.940      0.053     17.806      0.000
    SCOI20$4           1.599      0.073     21.821      0.000
    SCSJ21$1          -0.996      0.054    -18.485      0.000
    SCSJ21$2          -0.218      0.045     -4.821      0.000
    SCSJ21$3           0.588      0.048     12.314      0.000
    SCSJ21$4           1.411      0.065     21.563      0.000
    SCMI22$1          -1.107      0.056    -19.650      0.000
    SCMI22$2          -0.294      0.045     -6.459      0.000
    SCMI22$3           0.539      0.047     11.407      0.000
    SCMI22$4           1.465      0.067     21.709      0.000
    SCSK23$1          -1.078      0.056    -19.369      0.000
    SCSK23$2          -0.175      0.045     -3.893      0.000
    SCSK23$3           0.673      0.049     13.834      0.000
    SCSK23$4           1.474      0.068     21.728      0.000
    SCOI24$1          -0.169      0.045     -3.751      0.000
    SCOI24$2           0.603      0.048     12.591      0.000
    SCOI24$3           1.162      0.058     20.134      0.000
    SCOI24$4           1.755      0.082     21.527      0.000
    SCIS25$1          -0.528      0.047    -11.197      0.000
    SCIS25$2          -0.011      0.045     -0.250      0.802
    SCIS25$3           0.517      0.047     10.986      0.000
    SCIS25$4           1.344      0.063     21.306      0.000
    SCSK26$1          -1.201      0.059    -20.439      0.000
    SCSK26$2          -0.234      0.045     -5.177      0.000
    SCSK26$3           0.661      0.049     13.628      0.000
    SCSK26$4           1.576      0.072     21.826      0.000

 Variances
    PO                 1.000      0.000    999.000    999.000
    NE                 1.000      0.000    999.000    999.000
    SC                 1.000      0.000    999.000    999.000


QUALITY OF NUMERICAL RESULTS

     Condition Number for the Information Matrix              0.228E-02
       (ratio of smallest to largest eigenvalue)


STANDARDIZED MODEL RESULTS


STDYX Standardization

                                                    Two-Tailed
                    Estimate       S.E.  Est./S.E.    P-Value

 PO       BY
    SCSK5              0.731      0.019     39.074      0.000
    SCSK12             0.797      0.015     53.667      0.000
    SCSK19             0.796      0.015     53.051      0.000
    SCSK23             0.567      0.025     22.802      0.000
    SCSK26             0.638      0.022     28.597      0.000
    SCSJ1             -0.055      0.030     -1.801      0.072
    SCSJ8             -0.103      0.023     -4.391      0.000
    SCSJ11            -0.074      0.024     -3.042      0.002
    SCSJ16            -0.099      0.022     -4.415      0.000
    SCSJ21            -0.063      0.026     -2.401      0.016
    SCCH3              0.363      0.033     10.840      0.000
    SCCH7              0.484      0.028     17.528      0.000
    SCCH10             0.500      0.027     18.858      0.000
    SCCH15             0.618      0.027     23.068      0.000
    SCIS4             -0.065      0.025     -2.639      0.008
    SCIS13            -0.021      0.022     -0.962      0.336
    SCIS18             0.035      0.022      1.566      0.117
    SCIS25            -0.032      0.022     -1.430      0.153
    SCMI9              0.345      0.038      9.137      0.000
    SCMI14             0.350      0.040      8.729      0.000
    SCMI17             0.495      0.035     14.201      0.000
    SCMI22             0.616      0.025     24.772      0.000
    SCOI2             -0.051      0.020     -2.489      0.013
    SCOI6             -0.038      0.022     -1.746      0.081
    SCOI20             0.133      0.027      4.988      0.000
    SCOI24             0.050      0.026      1.939      0.053

 NE       BY
    SCSK5             -0.027      0.026     -1.028      0.304
    SCSK12            -0.184      0.023     -8.079      0.000
    SCSK19            -0.211      0.022     -9.452      0.000
    SCSK23            -0.330      0.023    -14.223      0.000
    SCSK26            -0.181      0.024     -7.416      0.000
    SCSJ1              0.626      0.024     25.704      0.000
    SCSJ8              0.824      0.015     56.847      0.000
    SCSJ11             0.768      0.018     43.116      0.000
    SCSJ16             0.763      0.019     40.832      0.000
    SCSJ21             0.651      0.022     29.871      0.000
    SCCH3              0.270      0.030      9.068      0.000
    SCCH7              0.256      0.029      8.908      0.000
    SCCH10             0.213      0.027      7.802      0.000
    SCCH15             0.024      0.025      0.985      0.325
    SCIS4              0.711      0.032     22.128      0.000
    SCIS13             0.589      0.035     16.829      0.000
    SCIS18             0.648      0.032     20.191      0.000
    SCIS25             0.680      0.033     20.526      0.000
    SCMI9              0.200      0.031      6.470      0.000
    SCMI14             0.000      0.033      0.015      0.988
    SCMI17            -0.107      0.028     -3.795      0.000
    SCMI22            -0.073      0.024     -3.007      0.003
    SCOI2              0.711      0.032     22.543      0.000
    SCOI6              0.726      0.030     24.404      0.000
    SCOI20             0.500      0.038     12.998      0.000
    SCOI24             0.521      0.039     13.226      0.000

 SC       BY
    SCSK5              0.069      0.047      1.467      0.142
    SCSK12            -0.029      0.056     -0.526      0.599
    SCSK19            -0.062      0.055     -1.125      0.261
    SCSK23            -0.180      0.053     -3.390      0.001
    SCSK26            -0.116      0.049     -2.358      0.018
    SCSJ1             -0.080      0.055     -1.447      0.148
    SCSJ8              0.031      0.065      0.481      0.631
    SCSJ11             0.075      0.062      1.213      0.225
    SCSJ16             0.114      0.060      1.892      0.058
    SCSJ21             0.024      0.057      0.419      0.675
    SCCH3             -0.238      0.039     -6.100      0.000
    SCCH7              0.068      0.044      1.549      0.121
    SCCH10            -0.128      0.043     -3.013      0.003
    SCCH15            -0.354      0.040     -8.831      0.000
    SCIS4              0.460      0.053      8.720      0.000
    SCIS13             0.458      0.046      9.976      0.000
    SCIS18             0.421      0.049      8.586      0.000
    SCIS25             0.436      0.052      8.374      0.000
    SCMI9             -0.514      0.033    -15.668      0.000
    SCMI14            -0.706      0.027    -25.881      0.000
    SCMI17            -0.614      0.034    -17.881      0.000
    SCMI22            -0.318      0.045     -7.023      0.000
    SCOI2              0.438      0.052      8.491      0.000
    SCOI6              0.405      0.053      7.624      0.000
    SCOI20             0.513      0.040     12.908      0.000
    SCOI24             0.520      0.042     12.295      0.000

 NE       WITH
    PO                 0.000      0.000    999.000    999.000

 SC       WITH
    PO                 0.000      0.000    999.000    999.000
    NE                 0.000      0.000    999.000    999.000

 SCCH10   WITH
    SCCH7              0.485      0.028     17.184      0.000

 SCIS13   WITH
    SCIS18             0.533      0.028     18.848      0.000

 SCSK23   WITH
    SCSK26             0.393      0.025     15.897      0.000

 Thresholds
    SCSJ1$1           -1.802      0.084    -21.357      0.000
    SCSJ1$2           -1.101      0.056    -19.595      0.000
    SCSJ1$3           -0.257      0.045     -5.676      0.000
    SCSJ1$4            0.634      0.048     13.145      0.000
    SCOI2$1           -0.517      0.047    -10.986      0.000
    SCOI2$2            0.114      0.045      2.537      0.011
    SCOI2$3            0.682      0.049     13.971      0.000
    SCOI2$4            1.313      0.062     21.155      0.000
    SCCH3$1           -1.419      0.066    -21.591      0.000
    SCCH3$2           -0.778      0.050    -15.529      0.000
    SCCH3$3            0.133      0.045      2.965      0.003
    SCCH3$4            1.201      0.059     20.439      0.000
    SCIS4$1           -0.417      0.046     -9.014      0.000
    SCIS4$2            0.251      0.045      5.534      0.000
    SCIS4$3            0.760      0.050     15.261      0.000
    SCIS4$4            1.393      0.065     21.505      0.000
    SCSK5$1           -1.039      0.055    -18.964      0.000
    SCSK5$2           -0.172      0.045     -3.822      0.000
    SCSK5$3            0.595      0.048     12.453      0.000
    SCSK5$4            1.377      0.064     21.443      0.000
    SCOI6$1           -0.760      0.050    -15.261      0.000
    SCOI6$2           -0.056      0.045     -1.251      0.211
    SCOI6$3            0.535      0.047     11.337      0.000
    SCOI6$4            1.227      0.059     20.632      0.000
    SCCH7$1           -0.622      0.048    -12.938      0.000
    SCCH7$2            0.043      0.045      0.965      0.335
    SCCH7$3            0.731      0.049     14.788      0.000
    SCCH7$4            1.437      0.066     21.642      0.000
    SCSJ8$1           -0.849      0.051    -16.588      0.000
    SCSJ8$2           -0.218      0.045     -4.821      0.000
    SCSJ8$3            0.385      0.046      8.377      0.000
    SCSJ8$4            1.201      0.059     20.439      0.000
    SCMI9$1           -1.726      0.080    -21.615      0.000
    SCMI9$2           -0.996      0.054    -18.485      0.000
    SCMI9$3           -0.072      0.045     -1.608      0.108
    SCMI9$4            0.945      0.053     17.869      0.000
    SCCH10$1          -0.760      0.050    -15.261      0.000
    SCCH10$2          -0.046      0.045     -1.036      0.300
    SCCH10$3           0.743      0.050     14.991      0.000
    SCCH10$4           1.622      0.074     21.805      0.000
    SCSJ11$1          -0.840      0.051    -16.457      0.000
    SCSJ11$2          -0.079      0.045     -1.751      0.080
    SCSJ11$3           0.528      0.047     11.197      0.000
    SCSJ11$4           1.329      0.063     21.232      0.000
    SCSK12$1          -0.960      0.053    -18.056      0.000
    SCSK12$2          -0.034      0.045     -0.750      0.453
    SCSK12$3           0.690      0.049     14.108      0.000
    SCSK12$4           1.513      0.069     21.790      0.000
    SCIS13$1          -0.595      0.048    -12.453      0.000
    SCIS13$2           0.034      0.045      0.750      0.453
    SCIS13$3           0.539      0.047     11.407      0.000
    SCIS13$4           1.284      0.061     20.991      0.000
    SCMI14$1          -1.819      0.085    -21.289      0.000
    SCMI14$2          -1.067      0.055    -19.255      0.000
    SCMI14$3          -0.136      0.045     -3.037      0.002
    SCMI14$4           0.877      0.052     16.978      0.000
    SCCH15$1          -1.344      0.063    -21.306      0.000
    SCCH15$2          -0.557      0.047    -11.756      0.000
    SCCH15$3           0.277      0.045      6.103      0.000
    SCCH15$4           1.214      0.059     20.536      0.000
    SCSJ16$1          -0.920      0.052    -17.554      0.000
    SCSJ16$2          -0.182      0.045     -4.036      0.000
    SCSJ16$3           0.365      0.046      7.951      0.000
    SCSJ16$4           1.207      0.059     20.488      0.000
    SCMI17$1          -1.755      0.082    -21.527      0.000
    SCMI17$2          -0.863      0.051    -16.783      0.000
    SCMI17$3           0.101      0.045      2.251      0.024
    SCMI17$4           1.188      0.058     20.339      0.000
    SCIS18$1          -0.854      0.051    -16.653      0.000
    SCIS18$2          -0.179      0.045     -3.965      0.000
    SCIS18$3           0.424      0.046      9.155      0.000
    SCIS18$4           1.262      0.061     20.861      0.000
    SCSK19$1          -1.023      0.054    -18.786      0.000
    SCSK19$2          -0.159      0.045     -3.537      0.000
    SCSK19$3           0.673      0.049     13.834      0.000
    SCSK19$4           1.455      0.067     21.688      0.000
    SCOI20$1          -0.520      0.047    -11.056      0.000
    SCOI20$2           0.215      0.045      4.750      0.000
    SCOI20$3           0.940      0.053     17.806      0.000
    SCOI20$4           1.599      0.073     21.821      0.000
    SCSJ21$1          -0.996      0.054    -18.485      0.000
    SCSJ21$2          -0.218      0.045     -4.821      0.000
    SCSJ21$3           0.588      0.048     12.314      0.000
    SCSJ21$4           1.411      0.065     21.563      0.000
    SCMI22$1          -1.107      0.056    -19.650      0.000
    SCMI22$2          -0.294      0.045     -6.459      0.000
    SCMI22$3           0.539      0.047     11.407      0.000
    SCMI22$4           1.465      0.067     21.709      0.000
    SCSK23$1          -1.078      0.056    -19.369      0.000
    SCSK23$2          -0.175      0.045     -3.893      0.000
    SCSK23$3           0.673      0.049     13.834      0.000
    SCSK23$4           1.474      0.068     21.728      0.000
    SCOI24$1          -0.169      0.045     -3.751      0.000
    SCOI24$2           0.603      0.048     12.591      0.000
    SCOI24$3           1.162      0.058     20.134      0.000
    SCOI24$4           1.755      0.082     21.527      0.000
    SCIS25$1          -0.528      0.047    -11.197      0.000
    SCIS25$2          -0.011      0.045     -0.250      0.802
    SCIS25$3           0.517      0.047     10.986      0.000
    SCIS25$4           1.344      0.063     21.306      0.000
    SCSK26$1          -1.201      0.059    -20.439      0.000
    SCSK26$2          -0.234      0.045     -5.177      0.000
    SCSK26$3           0.661      0.049     13.628      0.000
    SCSK26$4           1.576      0.072     21.826      0.000

 Variances
    PO                 1.000      0.000    999.000    999.000
    NE                 1.000      0.000    999.000    999.000
    SC                 1.000      0.000    999.000    999.000


R-SQUARE

    Observed                                        Two-Tailed   Residual
    Variable        Estimate       S.E.  Est./S.E.    P-Value    Variance

    SCSJ1              0.402      0.030     13.521      0.000      0.598
    SCOI2              0.700      0.024     29.753      0.000      0.300
    SCCH3              0.261      0.029      8.963      0.000      0.739
    SCIS4              0.721      0.022     32.618      0.000      0.279
    SCSK5              0.540      0.027     19.789      0.000      0.460
    SCOI6              0.692      0.022     32.069      0.000      0.308
    SCCH7              0.305      0.029     10.621      0.000      0.695
    SCSJ8              0.691      0.023     29.466      0.000      0.309
    SCMI9              0.423      0.029     14.689      0.000      0.577
    SCCH10             0.312      0.026     11.960      0.000      0.688
    SCSJ11             0.601      0.026     22.877      0.000      0.399
    SCSK12             0.670      0.022     29.996      0.000      0.330
    SCIS13             0.557      0.026     21.532      0.000      0.443
    SCMI14             0.621      0.028     22.333      0.000      0.379
    SCCH15             0.508      0.026     19.332      0.000      0.492
    SCSJ16             0.605      0.026     23.687      0.000      0.395
    SCMI17             0.633      0.026     24.668      0.000      0.367
    SCIS18             0.599      0.025     23.848      0.000      0.401
    SCSK19             0.682      0.023     30.305      0.000      0.318
    SCOI20             0.531      0.029     18.285      0.000      0.469
    SCSJ21             0.429      0.029     15.036      0.000      0.571
    SCMI22             0.485      0.026     18.702      0.000      0.515
    SCSK23             0.463      0.029     15.708      0.000      0.537
    SCOI24             0.545      0.029     19.045      0.000      0.455
    SCIS25             0.654      0.024     27.148      0.000      0.346
    SCSK26             0.454      0.029     15.887      0.000      0.546


MODEL MODIFICATION INDICES

Minimum M.I. value for printing the modification index    10.000

                                   M.I.     E.P.C.  Std E.P.C.  StdYX E.P.C.

ON/BY Statements

PO       ON PO       /
PO       BY PO                   999.000     0.000      0.000        0.000

ON Statements

PO       ON SCOI2                999.000     0.000      0.000        0.000
PO       ON SCIS4                999.000     0.000      0.000        0.000
PO       ON SCOI6                999.000     0.000      0.000        0.000
PO       ON SCSJ8                999.000     0.000      0.000        0.000
PO       ON SCSJ11               999.000     0.000      0.000        0.000
PO       ON SCIS13               999.000     0.000      0.000        0.000
PO       ON SCSJ16               999.000     0.000      0.000        0.000
PO       ON SCIS18               999.000     0.000      0.000        0.000
PO       ON SCSJ21               999.000     0.000      0.000        0.000
PO       ON SCIS25               999.000     0.000      0.000        0.000
SCSJ1    ON SCSK12                12.809     0.102      0.102        0.102
SCSJ1    ON SCIS13                16.651    -0.107     -0.107       -0.107
SCSJ1    ON SCIS18                13.179    -0.093     -0.093       -0.093
SCSJ1    ON SCSK23                26.323    -0.124     -0.124       -0.124
SCOI2    ON SCIS4                 10.322     0.048      0.048        0.048
SCCH3    ON SCCH7                 34.040     0.138      0.138        0.138
SCCH3    ON SCCH10                26.808     0.115      0.115        0.115
SCCH3    ON SCCH15                32.924     0.123      0.123        0.123
SCCH3    ON SCSJ16                26.520    -0.133     -0.133       -0.133
SCCH3    ON SCMI17                13.923    -0.090     -0.090       -0.090
SCCH3    ON SCSK19                20.543    -0.116     -0.116       -0.116
SCCH3    ON SCOI20                16.796    -0.109     -0.109       -0.109
SCIS4    ON SCOI2                 10.322     0.048      0.048        0.048
SCIS4    ON SCOI6                 14.643     0.058      0.058        0.058
SCIS4    ON SCSJ16                17.921    -0.085     -0.085       -0.085
SCIS4    ON SCOI20                13.483    -0.077     -0.077       -0.077
SCSK5    ON SCSK12                14.835     0.080      0.080        0.080
SCSK5    ON SCCH15                11.780    -0.082     -0.082       -0.082
SCSK5    ON SCSK19                14.889     0.079      0.079        0.079
SCSK5    ON SCSK23                14.581    -0.088     -0.088       -0.088
SCOI6    ON SCIS4                 14.641     0.058      0.058        0.058
SCOI6    ON SCIS25                12.444     0.054      0.054        0.054
SCCH7    ON SCCH3                 21.655     0.114      0.114        0.114
SCCH7    ON SCMI14                24.937    -0.144     -0.144       -0.144
SCCH7    ON SCCH15                18.463     0.105      0.105        0.105
SCCH7    ON SCSK19                10.498    -0.084     -0.084       -0.084
SCSJ8    ON SCMI14                20.432    -0.130     -0.130       -0.130
SCSJ8    ON SCSJ16                13.258     0.066      0.066        0.066
SCSJ8    ON SCSJ21                16.663     0.085      0.085        0.085
SCMI9    ON SCIS13                11.954     0.095      0.095        0.095
SCMI9    ON SCMI14                31.781     0.139      0.139        0.139
SCMI9    ON SCCH15                26.432    -0.126     -0.126       -0.126
SCCH10   ON SCCH3                 14.809     0.087      0.087        0.087
SCCH10   ON SCSJ11                21.218     0.119      0.119        0.119
SCCH10   ON SCMI14                30.201    -0.151     -0.151       -0.151
SCCH10   ON SCCH15                17.936     0.092      0.092        0.092
SCSJ11   ON SCCH10                20.244     0.112      0.112        0.112
SCSJ11   ON SCSK12                12.737     0.097      0.097        0.097
SCSJ11   ON SCSJ16                12.278     0.065      0.065        0.065
SCSJ11   ON SCSK23                30.706    -0.127     -0.127       -0.127
SCSJ11   ON SCSK26                34.397    -0.143     -0.143       -0.143
SCSK12   ON SCSJ1                 12.812     0.102      0.102        0.102
SCSK12   ON SCSK5                 14.837     0.080      0.080        0.080
SCSK12   ON SCSJ11                12.736     0.097      0.097        0.097
SCSK12   ON SCCH15                21.712    -0.107     -0.107       -0.107
SCSK12   ON SCIS18                11.332    -0.092     -0.092       -0.092
SCSK12   ON SCSK19                77.038     0.169      0.169        0.169
SCSK12   ON SCSK23                38.968    -0.141     -0.141       -0.141
SCSK12   ON SCSK26                40.013    -0.140     -0.140       -0.140
SCIS13   ON SCSJ1                 11.888    -0.091     -0.091       -0.091
SCIS13   ON SCMI22                16.974    -0.102     -0.102       -0.102
SCIS13   ON SCSK26                12.126     0.092      0.092        0.092
SCMI14   ON SCCH7                 44.294    -0.185     -0.185       -0.185
SCMI14   ON SCSJ8                 20.431    -0.130     -0.130       -0.130
SCMI14   ON SCMI9                 31.776     0.139      0.139        0.139
SCMI14   ON SCCH10                47.089    -0.183     -0.183       -0.183
SCMI14   ON SCMI17                10.709     0.076      0.076        0.076
SCMI14   ON SCSK19                11.905     0.090      0.090        0.090
SCCH15   ON SCCH3                 32.924     0.123      0.123        0.123
SCCH15   ON SCSK5                 11.782    -0.082     -0.082       -0.082
SCCH15   ON SCCH7                 32.054     0.133      0.133        0.133
SCCH15   ON SCMI9                 26.438    -0.126     -0.126       -0.126
SCCH15   ON SCCH10                29.153     0.115      0.115        0.115
SCCH15   ON SCSK12                21.716    -0.107     -0.107       -0.107
SCCH15   ON SCSK19                14.320    -0.084     -0.084       -0.084
SCCH15   ON SCSK23                23.733     0.101      0.101        0.101
SCCH15   ON SCSK26                32.721     0.113      0.113        0.113
SCSJ16   ON SCCH3                 26.518    -0.133     -0.133       -0.133
SCSJ16   ON SCIS4                 17.920    -0.085     -0.085       -0.085
SCSJ16   ON SCSJ8                 13.257     0.066      0.066        0.066
SCSJ16   ON SCSJ11                12.282     0.065      0.065        0.065
SCSJ16   ON SCSK23                19.755    -0.099     -0.099       -0.099
SCSJ16   ON SCSK26                13.354    -0.088     -0.088       -0.088
SCMI17   ON SCCH3                 13.923    -0.090     -0.090       -0.090
SCMI17   ON SCMI14                10.711     0.076      0.076        0.076
SCSK19   ON SCCH3                 20.541    -0.116     -0.116       -0.116
SCSK19   ON SCSK5                 14.891     0.079      0.079        0.079
SCSK19   ON SCCH7                 16.936    -0.103     -0.103       -0.103
SCSK19   ON SCCH10                14.912    -0.093     -0.093       -0.093
SCSK19   ON SCSK12                77.038     0.169      0.169        0.169
SCSK19   ON SCMI14                11.909     0.090      0.090        0.090
SCSK19   ON SCCH15                14.316    -0.084     -0.084       -0.084
SCSK19   ON SCMI22                18.361    -0.092     -0.092       -0.092
SCOI20   ON SCCH3                 16.796    -0.109     -0.109       -0.109
SCOI20   ON SCIS4                 13.481    -0.077     -0.077       -0.077
SCOI20   ON SCMI22                14.466     0.101      0.101        0.101
SCSJ21   ON SCSJ8                 16.654     0.085      0.085        0.085
SCSJ21   ON SCMI22                10.886     0.082      0.082        0.082
SCMI22   ON SCIS13                20.828    -0.113     -0.113       -0.113
SCMI22   ON SCSK19                18.367    -0.092     -0.092       -0.092
SCMI22   ON SCOI20                14.465     0.101      0.101        0.101
SCMI22   ON SCSJ21                10.884     0.082      0.082        0.082
SCMI22   ON SCSK23                37.601     0.120      0.120        0.120
SCMI22   ON SCSK26                16.427     0.081      0.081        0.081
SCSK23   ON SCSJ1                 22.644    -0.115     -0.115       -0.115
SCSK23   ON SCSK5                 12.206    -0.080     -0.080       -0.080
SCSK23   ON SCSJ11                20.839    -0.104     -0.104       -0.104
SCSK23   ON SCSK12                25.640    -0.114     -0.114       -0.114
SCSK23   ON SCCH15                14.014     0.077      0.077        0.077
SCSK23   ON SCSJ16                15.102    -0.086     -0.086       -0.086
SCSK23   ON SCMI22                30.317     0.107      0.107        0.107
SCIS25   ON SCOI6                 12.447     0.054      0.054        0.054
SCIS25   ON SCIS13                12.979     0.066      0.066        0.066
SCSK26   ON SCSJ11                23.210    -0.118     -0.118       -0.118
SCSK26   ON SCSK12                27.316    -0.115     -0.115       -0.115
SCSK26   ON SCIS13                11.352     0.089      0.089        0.089
SCSK26   ON SCCH15                24.156     0.096      0.096        0.096

WITH Statements

SCIS4    WITH SCOI2               10.324     0.048      0.048        0.168
SCOI6    WITH SCIS4               14.645     0.058      0.058        0.198
SCCH7    WITH SCCH3               21.656     0.114      0.114        0.159
SCCH10   WITH SCCH3               14.810     0.087      0.087        0.123
SCSJ11   WITH SCCH10              21.222     0.119      0.119        0.227
SCSK12   WITH SCSJ1               12.810     0.102      0.102        0.229
SCSK12   WITH SCSK5               14.835     0.080      0.080        0.205
SCSK12   WITH SCSJ11              12.733     0.097      0.097        0.267
SCIS13   WITH SCSJ1               11.884    -0.091     -0.091       -0.177
SCMI14   WITH SCCH7               24.940    -0.144     -0.144       -0.281
SCMI14   WITH SCSJ8               20.434    -0.130     -0.130       -0.380
SCMI14   WITH SCMI9               31.777     0.139      0.139        0.297
SCMI14   WITH SCCH10              30.202    -0.151     -0.151       -0.296
SCCH15   WITH SCCH3               32.925     0.123      0.123        0.203
SCCH15   WITH SCSK5               11.780    -0.082     -0.082       -0.172
SCCH15   WITH SCCH7               18.460     0.105      0.105        0.180
SCCH15   WITH SCMI9               26.436    -0.126     -0.126       -0.237
SCCH15   WITH SCCH10              17.936     0.092      0.092        0.158
SCCH15   WITH SCSK12              21.713    -0.107     -0.107       -0.265
SCSJ16   WITH SCCH3               26.519    -0.133     -0.133       -0.245
SCSJ16   WITH SCIS4               17.919    -0.085     -0.085       -0.257
SCSJ16   WITH SCSJ8               13.258     0.066      0.066        0.190
SCSJ16   WITH SCSJ11              12.283     0.065      0.065        0.163
SCMI17   WITH SCCH3               13.923    -0.090     -0.090       -0.173
SCMI17   WITH SCMI14              10.711     0.076      0.076        0.203
SCSK19   WITH SCCH3               20.544    -0.116     -0.116       -0.240
SCSK19   WITH SCSK5               14.889     0.079      0.079        0.207
SCSK19   WITH SCCH7               10.502    -0.084     -0.084       -0.179
SCSK19   WITH SCSK12              77.035     0.169      0.169        0.521
SCSK19   WITH SCMI14              11.909     0.090      0.090        0.260
SCSK19   WITH SCCH15              14.317    -0.084     -0.084       -0.213
SCOI20   WITH SCCH3               16.796    -0.109     -0.109       -0.184
SCOI20   WITH SCIS4               13.480    -0.077     -0.077       -0.213
SCSJ21   WITH SCSJ8               16.663     0.085      0.085        0.203
SCMI22   WITH SCIS13              16.976    -0.102     -0.102       -0.214
SCMI22   WITH SCSK19              18.362    -0.092     -0.092       -0.226
SCMI22   WITH SCOI20              14.465     0.101      0.101        0.206
SCMI22   WITH SCSJ21              10.882     0.082      0.082        0.151
SCSK23   WITH SCSJ1               22.644    -0.115     -0.115       -0.203
SCSK23   WITH SCSK5               12.204    -0.080     -0.080       -0.162
SCSK23   WITH SCSJ11              20.839    -0.104     -0.104       -0.225
SCSK23   WITH SCSK12              25.637    -0.114     -0.114       -0.270
SCSK23   WITH SCCH15              14.016     0.077      0.077        0.150
SCSK23   WITH SCSJ16              15.103    -0.086     -0.086       -0.187
SCSK23   WITH SCMI22              30.319     0.107      0.107        0.203
SCIS25   WITH SCOI6               12.448     0.054      0.054        0.165
SCSK26   WITH SCSJ11              23.212    -0.118     -0.118       -0.252
SCSK26   WITH SCSK12              27.312    -0.115     -0.115       -0.270
SCSK26   WITH SCIS13              10.287     0.085      0.085        0.173
SCSK26   WITH SCCH15              24.159     0.096      0.096        0.186


     Beginning Time:  13:32:17
        Ending Time:  13:32:20
       Elapsed Time:  00:00:03



MUTHEN & MUTHEN
3463 Stoner Ave.
Los Angeles, CA  90066

Tel: (310) 391-9971
Fax: (310) 391-8971
Web: www.StatModel.com
Support: Support@StatModel.com

Copyright (c) 1998-2021 Muthen & Muthen
