Mplus VERSION 8.6 (Mac)
MUTHEN & MUTHEN
10/05/2022   5:36 AM

INPUT INSTRUCTIONS

  TITLE: 2 factor bi-factor ESEM model with correlated residuals.
  DATA: FILE IS scs_clean.dat;

  VARIABLE:

  NAMES ARE
  scsj1
  scoi2
  scch3
  scis4
  scsk5
  scoi6
  scch7
  scsj8
  scmi9
  scch10
  scsj11
  scsk12
  scis13
  scmi14
  scch15
  scsj16
  scmi17
  scis18
  scsk19
  scoi20
  scsj21
  scmi22
  scsk23
  scoi24
  scis25
  scsk26;

  USEVARIABLES ARE
  scsj1
  scoi2
  scch3
  scis4
  scsk5
  scoi6
  scch7
  scsj8
  scmi9
  scch10
  scsj11
  scsk12
  scis13
  scmi14
  scch15
  scsj16
  scmi17
  scis18
  scsk19
  scoi20
  scsj21
  scmi22
  scsk23
  scoi24
  scis25
  scsk26;

  MISSING ARE ALL(-9);

  ! CATEGORICAL ARE all;

  ANALYSIS:

  ! Requesting the weighted least squares mean- and variance-adjusted estimator
  ESTIMATOR = MLR; ! WLSMV
  PROCESSORS = 6;
  ROTATION = TARGET (orthogonal);

  MODEL:

  ! (*1) indicates that an exploratory model involving your variables will be requested.
  ! (~0) indicates that the non-intended cross-loadings are constrained to be as close
  ! as possible to zero.

  !Global factor - other factors automatically uncorrelated with G by default.
  G BY
  scsk5 scsk12 scsk19 scsk23 scsk26
  scsj1 scsj8 scsj11 scsj16 scsj21
  scch3 scch7 scch10 scch15
  scis4 scis13 scis18 scis25
  scmi9 scmi14 scmi17 scmi22
  scoi2 scoi6 scoi20 scoi24 (*1);

  !Specific factors
  P BY
  scsk5 scsk12 scsk19 scsk23 scsk26
  scsj1~0 scsj8~0 scsj11~0 scsj16~0 scsj21~0
  scch3 scch7 scch10 scch15
  scis4~0 scis13~0 scis18~0 scis25~0
  scmi9 scmi14 scmi17 scmi22
  scoi2~0 scoi6~0 scoi20~0 scoi24~0 (*1);

  N BY
  scsk5~0 scsk12~0 scsk19~0 scsk23~0 scsk26~0
  scsj1 scsj8 scsj11 scsj16 scsj21
  scch3~0 scch7~0 scch10~0 scch15~0
  scis4 scis13 scis18 scis25
  scmi9~0 scmi14~0 scmi17~0 scmi22~0
  scoi2 scoi6 scoi20 scoi24 (*1);

  ! Residual correlations
  scch10 WITH scch7;
  scis18 WITH scis13;
  ! SCSK26 WITH SCSK23;
  SCSK12 WITH SCSK19;
  SCSK5  WITH SCSK12;

  ! Requesting standardized parameter estimates and modification indices
  OUTPUT:
  stdyx;
  tech4;
  ! MODINDICES (ALL);

  ! scch7: When I'm down and out, I remind myself that there are lots
  ! of other people in the world feeling like I am.
  ! scch10: When I feel inadequate in some way, I try to remind myself
  ! that feelings of inadequacy are shared by most people.

  ! scis13: When I'm feeling down, I tend to feel like most other people
  ! are probably happier than I am.
  ! scis18: When I'm really struggling, I tend to feel like other people
  ! must be having an easier time of it.



INPUT READING TERMINATED NORMALLY



2 factor bi-factor ESEM model with correlated residuals.

SUMMARY OF ANALYSIS

Number of groups                                                 1
Number of observations                                         706

Number of dependent variables                                   26
Number of independent variables                                  0
Number of continuous latent variables                            3

Observed dependent variables

  Continuous
   SCSJ1       SCOI2       SCCH3       SCIS4       SCSK5       SCOI6
   SCCH7       SCSJ8       SCMI9       SCCH10      SCSJ11      SCSK12
   SCIS13      SCMI14      SCCH15      SCSJ16      SCMI17      SCIS18
   SCSK19      SCOI20      SCSJ21      SCMI22      SCSK23      SCOI24
   SCIS25      SCSK26

Continuous latent variables

  EFA factors
  *1:   G           P           N


Estimator                                                      MLR
Rotation                                                    TARGET
Row standardization                                    CORRELATION
Type of rotation                                        ORTHOGONAL
Information matrix                                        OBSERVED
Maximum number of iterations                                  1000
Convergence criterion                                    0.500D-04
Maximum number of steepest descent iterations                   20
Maximum number of iterations for H1                           2000
Convergence criterion for H1                             0.100D-03
Optimization Specifications for the Exploratory Factor Analysis
Rotation Algorithm
  Number of random starts                                       30
  Maximum number of iterations                             1000000
  Derivative convergence criterion                       0.100D-04

Input data file(s)
  scs_clean.dat

Input data format  FREE


SUMMARY OF DATA

     Number of missing data patterns             1


COVARIANCE COVERAGE OF DATA

Minimum covariance coverage value   0.100


     PROPORTION OF DATA PRESENT


           Covariance Coverage
              SCSJ1         SCOI2         SCCH3         SCIS4         SCSK5
              ________      ________      ________      ________      ________
 SCSJ1          1.000
 SCOI2          1.000         1.000
 SCCH3          1.000         1.000         1.000
 SCIS4          1.000         1.000         1.000         1.000
 SCSK5          1.000         1.000         1.000         1.000         1.000
 SCOI6          1.000         1.000         1.000         1.000         1.000
 SCCH7          1.000         1.000         1.000         1.000         1.000
 SCSJ8          1.000         1.000         1.000         1.000         1.000
 SCMI9          1.000         1.000         1.000         1.000         1.000
 SCCH10         1.000         1.000         1.000         1.000         1.000
 SCSJ11         1.000         1.000         1.000         1.000         1.000
 SCSK12         1.000         1.000         1.000         1.000         1.000
 SCIS13         1.000         1.000         1.000         1.000         1.000
 SCMI14         1.000         1.000         1.000         1.000         1.000
 SCCH15         1.000         1.000         1.000         1.000         1.000
 SCSJ16         1.000         1.000         1.000         1.000         1.000
 SCMI17         1.000         1.000         1.000         1.000         1.000
 SCIS18         1.000         1.000         1.000         1.000         1.000
 SCSK19         1.000         1.000         1.000         1.000         1.000
 SCOI20         1.000         1.000         1.000         1.000         1.000
 SCSJ21         1.000         1.000         1.000         1.000         1.000
 SCMI22         1.000         1.000         1.000         1.000         1.000
 SCSK23         1.000         1.000         1.000         1.000         1.000
 SCOI24         1.000         1.000         1.000         1.000         1.000
 SCIS25         1.000         1.000         1.000         1.000         1.000
 SCSK26         1.000         1.000         1.000         1.000         1.000


           Covariance Coverage
              SCOI6         SCCH7         SCSJ8         SCMI9         SCCH10
              ________      ________      ________      ________      ________
 SCOI6          1.000
 SCCH7          1.000         1.000
 SCSJ8          1.000         1.000         1.000
 SCMI9          1.000         1.000         1.000         1.000
 SCCH10         1.000         1.000         1.000         1.000         1.000
 SCSJ11         1.000         1.000         1.000         1.000         1.000
 SCSK12         1.000         1.000         1.000         1.000         1.000
 SCIS13         1.000         1.000         1.000         1.000         1.000
 SCMI14         1.000         1.000         1.000         1.000         1.000
 SCCH15         1.000         1.000         1.000         1.000         1.000
 SCSJ16         1.000         1.000         1.000         1.000         1.000
 SCMI17         1.000         1.000         1.000         1.000         1.000
 SCIS18         1.000         1.000         1.000         1.000         1.000
 SCSK19         1.000         1.000         1.000         1.000         1.000
 SCOI20         1.000         1.000         1.000         1.000         1.000
 SCSJ21         1.000         1.000         1.000         1.000         1.000
 SCMI22         1.000         1.000         1.000         1.000         1.000
 SCSK23         1.000         1.000         1.000         1.000         1.000
 SCOI24         1.000         1.000         1.000         1.000         1.000
 SCIS25         1.000         1.000         1.000         1.000         1.000
 SCSK26         1.000         1.000         1.000         1.000         1.000


           Covariance Coverage
              SCSJ11        SCSK12        SCIS13        SCMI14        SCCH15
              ________      ________      ________      ________      ________
 SCSJ11         1.000
 SCSK12         1.000         1.000
 SCIS13         1.000         1.000         1.000
 SCMI14         1.000         1.000         1.000         1.000
 SCCH15         1.000         1.000         1.000         1.000         1.000
 SCSJ16         1.000         1.000         1.000         1.000         1.000
 SCMI17         1.000         1.000         1.000         1.000         1.000
 SCIS18         1.000         1.000         1.000         1.000         1.000
 SCSK19         1.000         1.000         1.000         1.000         1.000
 SCOI20         1.000         1.000         1.000         1.000         1.000
 SCSJ21         1.000         1.000         1.000         1.000         1.000
 SCMI22         1.000         1.000         1.000         1.000         1.000
 SCSK23         1.000         1.000         1.000         1.000         1.000
 SCOI24         1.000         1.000         1.000         1.000         1.000
 SCIS25         1.000         1.000         1.000         1.000         1.000
 SCSK26         1.000         1.000         1.000         1.000         1.000


           Covariance Coverage
              SCSJ16        SCMI17        SCIS18        SCSK19        SCOI20
              ________      ________      ________      ________      ________
 SCSJ16         1.000
 SCMI17         1.000         1.000
 SCIS18         1.000         1.000         1.000
 SCSK19         1.000         1.000         1.000         1.000
 SCOI20         1.000         1.000         1.000         1.000         1.000
 SCSJ21         1.000         1.000         1.000         1.000         1.000
 SCMI22         1.000         1.000         1.000         1.000         1.000
 SCSK23         1.000         1.000         1.000         1.000         1.000
 SCOI24         1.000         1.000         1.000         1.000         1.000
 SCIS25         1.000         1.000         1.000         1.000         1.000
 SCSK26         1.000         1.000         1.000         1.000         1.000


           Covariance Coverage
              SCSJ21        SCMI22        SCSK23        SCOI24        SCIS25
              ________      ________      ________      ________      ________
 SCSJ21         1.000
 SCMI22         1.000         1.000
 SCSK23         1.000         1.000         1.000
 SCOI24         1.000         1.000         1.000         1.000
 SCIS25         1.000         1.000         1.000         1.000         1.000
 SCSK26         1.000         1.000         1.000         1.000         1.000


           Covariance Coverage
              SCSK26
              ________
 SCSK26         1.000



UNIVARIATE SAMPLE STATISTICS


     UNIVARIATE HIGHER-ORDER MOMENT DESCRIPTIVE STATISTICS

         Variable/         Mean/     Skewness/   Minimum/ % with                Percentiles
        Sample Size      Variance    Kurtosis    Maximum  Min/Max      20%/60%    40%/80%    Median

     SCSJ1                 3.704      -0.531       1.000    3.12%       3.000      4.000      4.000
             706.000       1.123      -0.360       5.000   26.20%       4.000      5.000
     SCOI2                 2.506       0.422       1.000   29.18%       1.000      2.000      2.000
             706.000       1.692      -0.966       5.000    9.07%       3.000      4.000
     SCCH3                 3.289      -0.380       1.000    6.80%       2.000      3.000      3.000
             706.000       1.118      -0.362       5.000   11.05%       4.000      4.000
     SCIS4                 2.380       0.572       1.000   33.00%       1.000      2.000      2.000
             706.000       1.675      -0.843       5.000    8.07%       3.000      4.000
     SCSK5                 2.809       0.156       1.000   13.46%       2.000      2.000      3.000
             706.000       1.302      -0.761       5.000    7.93%       3.000      4.000
     SCOI6                 2.722       0.221       1.000   21.53%       1.000      2.000      3.000
             706.000       1.659      -1.059       5.000   10.62%       3.000      4.000
     SCCH7                 2.564       0.319       1.000   24.93%       1.000      2.000      2.000
             706.000       1.529      -0.913       5.000    7.51%       3.000      4.000
     SCSJ8                 2.888       0.013       1.000   18.56%       2.000      2.000      3.000
             706.000       1.649      -1.099       5.000   11.61%       3.000      4.000
     SCMI9                 3.524      -0.436       1.000    3.82%       3.000      3.000      4.000
             706.000       1.057      -0.277       5.000   17.28%       4.000      4.000
     SCCH10                2.627       0.191       1.000   20.11%       1.000      2.000      3.000
             706.000       1.333      -0.829       5.000    5.52%       3.000      4.000
     SCSJ11                2.746       0.194       1.000   18.56%       2.000      2.000      3.000
             706.000       1.535      -1.001       5.000    9.21%       3.000      4.000
     SCSK12                2.684       0.240       1.000   15.44%       2.000      2.000      3.000
             706.000       1.259      -0.734       5.000    5.95%       3.000      4.000
     SCIS13                2.627       0.273       1.000   26.63%       1.000      2.000      2.000
             706.000       1.763      -1.156       5.000    9.77%       3.000      4.000
     SCMI14                3.584      -0.414       1.000    2.83%       3.000      3.000      4.000
             706.000       1.008      -0.290       5.000   18.84%       4.000      4.000
     SCCH15                3.149      -0.146       1.000    7.93%       2.000      3.000      3.000
             706.000       1.231      -0.679       5.000   11.33%       3.000      4.000
     SCSJ16                2.894       0.059       1.000   16.43%       2.000      2.000      3.000
             706.000       1.619      -1.116       5.000   11.61%       3.000      4.000
     SCMI17                3.363      -0.246       1.000    3.26%       3.000      3.000      3.000
             706.000       0.965      -0.378       5.000   11.61%       4.000      4.000
     SCIS18                2.840       0.053       1.000   18.84%       2.000      2.000      3.000
             706.000       1.613      -1.094       5.000   10.34%       3.000      4.000
     SCSK19                2.749       0.187       1.000   14.16%       2.000      2.000      3.000
             706.000       1.245      -0.669       5.000    6.80%       3.000      4.000
     SCOI20                2.374       0.522       1.000   28.75%       1.000      2.000      2.000
             706.000       1.401      -0.635       5.000    5.67%       3.000      3.000
     SCSJ21                2.789       0.117       1.000   15.58%       2.000      2.000      3.000
             706.000       1.345      -0.796       5.000    7.79%       3.000      4.000
     SCMI22                2.863       0.031       1.000   12.75%       2.000      3.000      3.000
             706.000       1.257      -0.763       5.000    7.08%       3.000      4.000
     SCSK23                2.759       0.193       1.000   13.17%       2.000      2.000      3.000
             706.000       1.211      -0.633       5.000    6.66%       3.000      4.000
     SCOI24                2.006       0.985       1.000   43.20%       1.000      1.000      2.000
             706.000       1.266       0.113       5.000    3.82%       2.000      3.000
     SCIS25                2.635       0.183       1.000   28.61%       1.000      2.000      3.000
             706.000       1.779      -1.238       5.000    8.64%       3.000      4.000
     SCSK26                2.803       0.125       1.000   10.62%       2.000      2.000      3.000
             706.000       1.096      -0.575       5.000    5.38%       3.000      4.000


THE MODEL ESTIMATION TERMINATED NORMALLY



MODEL FIT INFORMATION

Number of Free Parameters                      131

Loglikelihood

          H0 Value                      -24567.757
          H0 Scaling Correction Factor      1.1423
            for MLR
          H1 Value                      -24139.564
          H1 Scaling Correction Factor      1.1487
            for MLR

Information Criteria

          Akaike (AIC)                   49397.513
          Bayesian (BIC)                 49994.823
          Sample-Size Adjusted BIC       49578.868
            (n* = (n + 2) / 24)

Chi-Square Test of Model Fit

          Value                            743.313*
          Degrees of Freedom                   246
          P-Value                           0.0000
          Scaling Correction Factor         1.1521
            for MLR

*   The chi-square value for MLM, MLMV, MLR, ULSMV, WLSM and WLSMV cannot be used
    for chi-square difference testing in the regular way.  MLM, MLR and WLSM
    chi-square difference testing is described on the Mplus website.  MLMV, WLSMV,
    and ULSMV difference testing is done using the DIFFTEST option.

RMSEA (Root Mean Square Error Of Approximation)

          Estimate                           0.054
          90 Percent C.I.                    0.049  0.058
          Probability RMSEA <= .05           0.093

CFI/TLI

          CFI                                0.933
          TLI                                0.912

Chi-Square Test of Model Fit for the Baseline Model

          Value                           7783.072
          Degrees of Freedom                   325
          P-Value                           0.0000

SRMR (Standardized Root Mean Square Residual)

          Value                              0.033



MODEL RESULTS

                                                    Two-Tailed
                    Estimate       S.E.  Est./S.E.    P-Value

 G        BY
    SCSK5             -0.082      0.067     -1.228      0.219
    SCSK12            -0.249      0.066     -3.783      0.000
    SCSK19            -0.248      0.069     -3.577      0.000
    SCSK23            -0.167      0.081     -2.064      0.039
    SCSK26            -0.059      0.073     -0.798      0.425
    SCSJ1             -0.027      0.072     -0.370      0.711
    SCSJ8              0.103      0.100      1.029      0.304
    SCSJ11             0.088      0.100      0.881      0.378
    SCSJ16             0.176      0.098      1.800      0.072
    SCSJ21             0.048      0.084      0.579      0.563
    SCCH3             -0.254      0.060     -4.240      0.000
    SCCH7             -0.004      0.064     -0.065      0.949
    SCCH10            -0.227      0.064     -3.550      0.000
    SCCH15            -0.393      0.062     -6.369      0.000
    SCIS4              0.615      0.089      6.884      0.000
    SCIS13             0.625      0.080      7.829      0.000
    SCIS18             0.534      0.082      6.544      0.000
    SCIS25             0.560      0.092      6.088      0.000
    SCMI9             -0.529      0.056     -9.439      0.000
    SCMI14            -0.650      0.052    -12.496      0.000
    SCMI17            -0.587      0.050    -11.774      0.000
    SCMI22            -0.404      0.065     -6.178      0.000
    SCOI2              0.596      0.086      6.950      0.000
    SCOI6              0.536      0.091      5.865      0.000
    SCOI20             0.578      0.063      9.147      0.000
    SCOI24             0.557      0.062      8.969      0.000

 P        BY
    SCSK5              0.672      0.048     14.093      0.000
    SCSK12             0.630      0.046     13.739      0.000
    SCSK19             0.708      0.043     16.457      0.000
    SCSK23             0.723      0.042     17.272      0.000
    SCSK26             0.786      0.038     20.769      0.000
    SCSJ1             -0.085      0.038     -2.214      0.027
    SCSJ8             -0.137      0.039     -3.526      0.000
    SCSJ11            -0.158      0.042     -3.809      0.000
    SCSJ16            -0.169      0.039     -4.327      0.000
    SCSJ21            -0.077      0.043     -1.795      0.073
    SCCH3              0.296      0.051      5.808      0.000
    SCCH7              0.495      0.051      9.629      0.000
    SCCH10             0.487      0.051      9.568      0.000
    SCCH15             0.644      0.045     14.357      0.000
    SCIS4             -0.028      0.043     -0.648      0.517
    SCIS13             0.004      0.038      0.104      0.917
    SCIS18             0.052      0.037      1.434      0.152
    SCIS25            -0.054      0.039     -1.375      0.169
    SCMI9              0.293      0.057      5.182      0.000
    SCMI14             0.303      0.056      5.451      0.000
    SCMI17             0.422      0.048      8.891      0.000
    SCMI22             0.616      0.046     13.286      0.000
    SCOI2             -0.055      0.034     -1.609      0.108
    SCOI6             -0.035      0.035     -0.991      0.322
    SCOI20             0.133      0.042      3.165      0.002
    SCOI24             0.048      0.037      1.321      0.187

 N        BY
    SCSK5              0.008      0.040      0.194      0.846
    SCSK12            -0.138      0.036     -3.791      0.000
    SCSK19            -0.185      0.034     -5.447      0.000
    SCSK23            -0.383      0.037    -10.333      0.000
    SCSK26            -0.230      0.034     -6.749      0.000
    SCSJ1              0.621      0.038     16.144      0.000
    SCSJ8              0.952      0.039     24.336      0.000
    SCSJ11             0.903      0.039     23.131      0.000
    SCSJ16             0.909      0.041     22.125      0.000
    SCSJ21             0.695      0.039     17.657      0.000
    SCCH3              0.256      0.042      6.075      0.000
    SCCH7              0.264      0.046      5.794      0.000
    SCCH10             0.213      0.043      4.930      0.000
    SCCH15             0.002      0.034      0.050      0.960
    SCIS4              0.832      0.061     13.622      0.000
    SCIS13             0.699      0.067     10.403      0.000
    SCIS18             0.755      0.060     12.543      0.000
    SCIS25             0.850      0.061     13.984      0.000
    SCMI9              0.198      0.041      4.821      0.000
    SCMI14             0.001      0.041      0.028      0.978
    SCMI17            -0.073      0.036     -1.996      0.046
    SCMI22            -0.067      0.040     -1.656      0.098
    SCOI2              0.883      0.058     15.250      0.000
    SCOI6              0.883      0.055     15.929      0.000
    SCOI20             0.537      0.060      8.887      0.000
    SCOI24             0.515      0.060      8.608      0.000

 P        WITH
    G                  0.000      0.000    999.000    999.000

 N        WITH
    G                  0.000      0.000    999.000    999.000
    P                  0.000      0.000    999.000    999.000

 SCCH10   WITH
    SCCH7              0.506      0.053      9.507      0.000

 SCIS18   WITH
    SCIS13             0.377      0.041      9.162      0.000

 SCSK12   WITH
    SCSK19             0.254      0.036      7.004      0.000
    SCSK5              0.207      0.038      5.456      0.000

 Intercepts
    SCSJ1              3.704      0.040     92.854      0.000
    SCOI2              2.506      0.049     51.185      0.000
    SCCH3              3.289      0.040     82.663      0.000
    SCIS4              2.380      0.049     48.860      0.000
    SCSK5              2.809      0.043     65.407      0.000
    SCOI6              2.722      0.048     56.152      0.000
    SCCH7              2.564      0.047     55.086      0.000
    SCSJ8              2.888      0.048     59.760      0.000
    SCMI9              3.524      0.039     91.087      0.000
    SCCH10             2.627      0.043     60.470      0.000
    SCSJ11             2.746      0.047     58.903      0.000
    SCSK12             2.684      0.042     63.572      0.000
    SCIS13             2.627      0.050     52.572      0.000
    SCMI14             3.584      0.038     94.844      0.000
    SCCH15             3.149      0.042     75.393      0.000
    SCSJ16             2.894      0.048     60.428      0.000
    SCMI17             3.363      0.037     90.960      0.000
    SCIS18             2.840      0.048     59.411      0.000
    SCSK19             2.749      0.042     65.482      0.000
    SCOI20             2.374      0.045     53.286      0.000
    SCSJ21             2.789      0.044     63.898      0.000
    SCMI22             2.863      0.042     67.833      0.000
    SCSK23             2.759      0.041     66.618      0.000
    SCOI24             2.006      0.042     47.359      0.000
    SCIS25             2.635      0.050     52.489      0.000
    SCSK26             2.803      0.039     71.151      0.000

 Variances
    G                  1.000      0.000    999.000    999.000
    P                  1.000      0.000    999.000    999.000
    N                  1.000      0.000    999.000    999.000

 Residual Variances
    SCSJ1              0.730      0.043     17.108      0.000
    SCOI2              0.555      0.042     13.150      0.000
    SCCH3              0.900      0.059     15.202      0.000
    SCIS4              0.604      0.048     12.532      0.000
    SCSK5              0.844      0.059     14.369      0.000
    SCOI6              0.591      0.038     15.603      0.000
    SCCH7              1.214      0.059     20.547      0.000
    SCSJ8              0.714      0.053     13.436      0.000
    SCMI9              0.651      0.051     12.894      0.000
    SCCH10             0.999      0.054     18.629      0.000
    SCSJ11             0.688      0.050     13.759      0.000
    SCSK12             0.739      0.043     17.077      0.000
    SCIS13             0.884      0.052     16.931      0.000
    SCMI14             0.494      0.047     10.528      0.000
    SCCH15             0.662      0.047     14.220      0.000
    SCSJ16             0.734      0.051     14.350      0.000
    SCMI17             0.437      0.038     11.380      0.000
    SCIS18             0.755      0.049     15.365      0.000
    SCSK19             0.647      0.051     12.744      0.000
    SCOI20             0.761      0.056     13.551      0.000
    SCSJ21             0.853      0.048     17.869      0.000
    SCMI22             0.710      0.047     15.151      0.000
    SCSK23             0.514      0.053      9.612      0.000
    SCOI24             0.689      0.046     15.103      0.000
    SCIS25             0.740      0.051     14.484      0.000
    SCSK26             0.422      0.049      8.663      0.000


QUALITY OF NUMERICAL RESULTS

     Condition Number for the Information Matrix              0.311E-02
       (ratio of smallest to largest eigenvalue)


STANDARDIZED MODEL RESULTS


STDYX Standardization

                                                    Two-Tailed
                    Estimate       S.E.  Est./S.E.    P-Value

 G        BY
    SCSK5             -0.072      0.058     -1.229      0.219
    SCSK12            -0.225      0.059     -3.818      0.000
    SCSK19            -0.223      0.061     -3.637      0.000
    SCSK23            -0.152      0.073     -2.087      0.037
    SCSK26            -0.056      0.070     -0.800      0.424
    SCSJ1             -0.025      0.068     -0.370      0.711
    SCSJ8              0.080      0.078      1.030      0.303
    SCSJ11             0.071      0.080      0.884      0.377
    SCSJ16             0.139      0.077      1.803      0.071
    SCSJ21             0.042      0.072      0.579      0.563
    SCCH3             -0.241      0.057     -4.225      0.000
    SCCH7             -0.003      0.052     -0.065      0.949
    SCCH10            -0.197      0.055     -3.588      0.000
    SCCH15            -0.355      0.055     -6.494      0.000
    SCIS4              0.475      0.067      7.139      0.000
    SCIS13             0.470      0.058      8.090      0.000
    SCIS18             0.420      0.063      6.689      0.000
    SCIS25             0.420      0.068      6.205      0.000
    SCMI9             -0.515      0.052     -9.935      0.000
    SCMI14            -0.647      0.047    -13.800      0.000
    SCMI17            -0.597      0.046    -13.120      0.000
    SCMI22            -0.361      0.057     -6.333      0.000
    SCOI2              0.458      0.064      7.170      0.000
    SCOI6              0.416      0.069      6.034      0.000
    SCOI20             0.488      0.051      9.597      0.000
    SCOI24             0.495      0.051      9.794      0.000

 P        BY
    SCSK5              0.589      0.037     15.808      0.000
    SCSK12             0.571      0.036     15.836      0.000
    SCSK19             0.635      0.035     18.350      0.000
    SCSK23             0.657      0.034     19.106      0.000
    SCSK26             0.751      0.030     25.316      0.000
    SCSJ1             -0.080      0.036     -2.216      0.027
    SCSJ8             -0.106      0.030     -3.536      0.000
    SCSJ11            -0.128      0.033     -3.823      0.000
    SCSJ16            -0.133      0.031     -4.350      0.000
    SCSJ21            -0.066      0.037     -1.797      0.072
    SCCH3              0.280      0.047      5.903      0.000
    SCCH7              0.400      0.039     10.180      0.000
    SCCH10             0.422      0.042      9.998      0.000
    SCCH15             0.581      0.037     15.696      0.000
    SCIS4             -0.021      0.033     -0.647      0.518
    SCIS13             0.003      0.028      0.104      0.917
    SCIS18             0.041      0.029      1.436      0.151
    SCIS25            -0.041      0.030     -1.372      0.170
    SCMI9              0.285      0.053      5.345      0.000
    SCMI14             0.302      0.055      5.532      0.000
    SCMI17             0.430      0.048      9.054      0.000
    SCMI22             0.549      0.038     14.315      0.000
    SCOI2             -0.042      0.026     -1.606      0.108
    SCOI6             -0.027      0.027     -0.990      0.322
    SCOI20             0.112      0.035      3.174      0.002
    SCOI24             0.043      0.032      1.325      0.185

 N        BY
    SCSK5              0.007      0.035      0.194      0.846
    SCSK12            -0.125      0.033     -3.825      0.000
    SCSK19            -0.165      0.030     -5.479      0.000
    SCSK23            -0.348      0.033    -10.483      0.000
    SCSK26            -0.220      0.032     -6.826      0.000
    SCSJ1              0.586      0.029     20.025      0.000
    SCSJ8              0.741      0.024     30.836      0.000
    SCSJ11             0.728      0.025     29.097      0.000
    SCSJ16             0.714      0.027     26.557      0.000
    SCSJ21             0.599      0.028     21.370      0.000
    SCCH3              0.242      0.038      6.306      0.000
    SCCH7              0.214      0.036      5.896      0.000
    SCCH10             0.184      0.037      5.003      0.000
    SCCH15             0.002      0.031      0.050      0.960
    SCIS4              0.643      0.046     14.053      0.000
    SCIS13             0.527      0.050     10.596      0.000
    SCIS18             0.595      0.046     13.073      0.000
    SCIS25             0.637      0.044     14.375      0.000
    SCMI9              0.192      0.039      4.870      0.000
    SCMI14             0.001      0.041      0.028      0.978
    SCMI17            -0.074      0.037     -1.987      0.047
    SCMI22            -0.060      0.036     -1.652      0.098
    SCOI2              0.679      0.043     15.822      0.000
    SCOI6              0.685      0.041     16.542      0.000
    SCOI20             0.454      0.050      9.127      0.000
    SCOI24             0.458      0.051      8.904      0.000

 P        WITH
    G                  0.000      0.000    999.000    999.000

 N        WITH
    G                  0.000      0.000    999.000    999.000
    P                  0.000      0.000    999.000    999.000

 SCCH10   WITH
    SCCH7              0.460      0.036     12.622      0.000

 SCIS18   WITH
    SCIS13             0.462      0.037     12.623      0.000

 SCSK12   WITH
    SCSK19             0.368      0.045      8.176      0.000
    SCSK5              0.262      0.043      6.069      0.000

 Intercepts
    SCSJ1              3.495      0.106     33.116      0.000
    SCOI2              1.926      0.040     47.812      0.000
    SCCH3              3.111      0.093     33.345      0.000
    SCIS4              1.839      0.036     50.764      0.000
    SCSK5              2.462      0.059     41.421      0.000
    SCOI6              2.113      0.047     44.609      0.000
    SCCH7              2.073      0.046     44.865      0.000
    SCSJ8              2.249      0.055     41.125      0.000
    SCMI9              3.428      0.103     33.135      0.000
    SCCH10             2.276      0.054     41.911      0.000
    SCSJ11             2.217      0.050     43.944      0.000
    SCSK12             2.434      0.058     41.671      0.000
    SCIS13             1.979      0.043     46.352      0.000
    SCMI14             3.570      0.106     33.692      0.000
    SCCH15             2.838      0.076     37.348      0.000
    SCSJ16             2.274      0.053     42.643      0.000
    SCMI17             3.423      0.097     35.421      0.000
    SCIS18             2.236      0.053     41.861      0.000
    SCSK19             2.464      0.060     40.925      0.000
    SCOI20             2.005      0.043     46.289      0.000
    SCSJ21             2.405      0.059     40.747      0.000
    SCMI22             2.553      0.065     39.580      0.000
    SCSK23             2.507      0.061     40.814      0.000
    SCOI24             1.782      0.036     49.314      0.000
    SCIS25             1.975      0.044     44.658      0.000
    SCSK26             2.678      0.068     39.654      0.000

 Variances
    G                  1.000      0.000    999.000    999.000
    P                  1.000      0.000    999.000    999.000
    N                  1.000      0.000    999.000    999.000

 Residual Variances
    SCSJ1              0.650      0.034     19.190      0.000
    SCOI2              0.328      0.026     12.700      0.000
    SCCH3              0.805      0.038     20.995      0.000
    SCIS4              0.360      0.030     11.946      0.000
    SCSK5              0.648      0.043     15.144      0.000
    SCOI6              0.356      0.025     14.162      0.000
    SCCH7              0.794      0.032     25.144      0.000
    SCSJ8              0.433      0.034     12.887      0.000
    SCMI9              0.616      0.045     13.701      0.000
    SCCH10             0.749      0.034     21.813      0.000
    SCSJ11             0.448      0.034     13.168      0.000
    SCSK12             0.608      0.037     16.571      0.000
    SCIS13             0.501      0.030     16.491      0.000
    SCMI14             0.490      0.046     10.688      0.000
    SCCH15             0.537      0.035     15.187      0.000
    SCSJ16             0.453      0.033     13.889      0.000
    SCMI17             0.453      0.040     11.392      0.000
    SCIS18             0.468      0.032     14.821      0.000
    SCSK19             0.520      0.040     13.099      0.000
    SCOI20             0.543      0.038     14.350      0.000
    SCSJ21             0.635      0.033     18.951      0.000
    SCMI22             0.565      0.036     15.715      0.000
    SCSK23             0.424      0.043      9.931      0.000
    SCOI24             0.544      0.034     16.023      0.000
    SCIS25             0.416      0.029     14.271      0.000
    SCSK26             0.385      0.044      8.757      0.000


R-SQUARE

    Observed                                        Two-Tailed
    Variable        Estimate       S.E.  Est./S.E.    P-Value

    SCSJ1              0.350      0.034     10.350      0.000
    SCOI2              0.672      0.026     26.047      0.000
    SCCH3              0.195      0.038      5.086      0.000
    SCIS4              0.640      0.030     21.197      0.000
    SCSK5              0.352      0.043      8.224      0.000
    SCOI6              0.644      0.025     25.603      0.000
    SCCH7              0.206      0.032      6.521      0.000
    SCSJ8              0.567      0.034     16.890      0.000
    SCMI9              0.384      0.045      8.524      0.000
    SCCH10             0.251      0.034      7.302      0.000
    SCSJ11             0.552      0.034     16.228      0.000
    SCSK12             0.392      0.037     10.704      0.000
    SCIS13             0.499      0.030     16.402      0.000
    SCMI14             0.510      0.046     11.115      0.000
    SCCH15             0.463      0.035     13.083      0.000
    SCSJ16             0.547      0.033     16.755      0.000
    SCMI17             0.547      0.040     13.768      0.000
    SCIS18             0.532      0.032     16.857      0.000
    SCSK19             0.480      0.040     12.102      0.000
    SCOI20             0.457      0.038     12.061      0.000
    SCSJ21             0.365      0.033     10.915      0.000
    SCMI22             0.435      0.036     12.111      0.000
    SCSK23             0.576      0.043     13.468      0.000
    SCOI24             0.456      0.034     13.445      0.000
    SCIS25             0.584      0.029     20.015      0.000
    SCSK26             0.615      0.044     13.986      0.000


TECHNICAL 4 OUTPUT


     ESTIMATES DERIVED FROM THE MODEL


           ESTIMATED MEANS FOR THE LATENT VARIABLES
              G             P             N
              ________      ________      ________
                0.000         0.000         0.000


           S.E. FOR ESTIMATED MEANS FOR THE LATENT VARIABLES
              G             P             N
              ________      ________      ________
                0.000         0.000         0.000


           EST./S.E. FOR ESTIMATED MEANS FOR THE LATENT VARIABLES
              G             P             N
              ________      ________      ________
                0.000         0.000         0.000


           TWO-TAILED P-VALUE FOR ESTIMATED MEANS FOR THE LATENT VARIABLES
              G             P             N
              ________      ________      ________
                1.000         1.000         1.000


           ESTIMATED COVARIANCE MATRIX FOR THE LATENT VARIABLES
              G             P             N
              ________      ________      ________
 G              1.000
 P              0.000         1.000
 N              0.000         0.000         1.000


           S.E. FOR ESTIMATED COVARIANCE MATRIX FOR THE LATENT VARIABLES
              G             P             N
              ________      ________      ________
 G              0.000
 P              0.000         0.000
 N              0.000         0.000         0.000


           EST./S.E. FOR ESTIMATED COVARIANCE MATRIX FOR THE LATENT VARIABLES
              G             P             N
              ________      ________      ________
 G        ***********
 P              0.000   ***********
 N              0.000         0.000   ***********


           TWO-TAILED P-VALUE FOR ESTIMATED COVARIANCE MATRIX FOR THE LATENT VARIABLES
              G             P             N
              ________      ________      ________
 G              0.000
 P              1.000         0.000
 N              1.000         1.000         0.000


           ESTIMATED CORRELATION MATRIX FOR THE LATENT VARIABLES
              G             P             N
              ________      ________      ________
 G              1.000
 P              0.000         1.000
 N              0.000         0.000         1.000


           S.E. FOR ESTIMATED CORRELATION MATRIX FOR THE LATENT VARIABLES
              G             P             N
              ________      ________      ________
 G              0.000
 P              0.000         0.000
 N              0.000         0.000         0.000


           EST./S.E. FOR ESTIMATED CORRELATION MATRIX FOR THE LATENT VARIABLES
              G             P             N
              ________      ________      ________
 G            999.000
 P              0.000       999.000
 N              0.000         0.000       999.000


           TWO-TAILED P-VALUE FOR ESTIMATED CORRELATION MATRIX FOR THE LATENT VARIABLES
              G             P             N
              ________      ________      ________
 G              0.000
 P              1.000         0.000
 N              1.000         1.000         0.000


     Beginning Time:  05:36:59
        Ending Time:  05:37:00
       Elapsed Time:  00:00:01



MUTHEN & MUTHEN
3463 Stoner Ave.
Los Angeles, CA  90066

Tel: (310) 391-9971
Fax: (310) 391-8971
Web: www.StatModel.com
Support: Support@StatModel.com

Copyright (c) 1998-2021 Muthen & Muthen
