Mplus VERSION 8.6 (Mac)
MUTHEN & MUTHEN
10/04/2022   2:35 PM

INPUT INSTRUCTIONS

  TITLE: 2 factor ESEM v2.

  DATA:
    FILE IS selfcompassionitems.dat;

  VARIABLE:
    NAMES ARE scsj1 scoi2 scch3 scis4 scsk5 scoi6 scch7 scsj8
              scmi9 scch10 scsj11 scsk12 scis13 scmi14 scch15
              scsj16 scmi17 scis18 scsk19 scoi20 scsj21 scmi22
              scsk23 scoi24 scis25 scsk26;
    MISSING ARE ALL(-9);
    USEVARIABLES ARE scsj1 scoi2 scch3 scis4 scsk5 scoi6 scch7 scsj8
              scmi9 scch10 scsj11 scsk12 scis13 scmi14 scch15
              scsj16 scmi17 scis18 scsk19 scoi20 scsj21 scmi22
              scsk23 scoi24 scis25 scsk26;
    CATEGORICAL ARE all;

  ANALYSIS:
    ESTIMATOR = WLSMV;
    ROTATION = target;

  MODEL:
    pos BY scsj1@.06 scoi2@-.05 scch3@.41 scis4@-.070 scsk5@.65 scoi6@-.03
          scch7@0.49 scsj8@.01 scmi9@0.46 scch10@0.55 scsj11@.02 scsk12@.69
          scis13@-.04 scmi14@0.47 scch15@0.66 scsj16@-0.01 scmi17@0.58
          scis18@0.03 scsk19@0.70 scoi20@0.07 scsj21@0.02 scmi22@0.65
          scsk23@0.56 scoi24@-0.01 scis25@-0.04 scsk26@0.64;
    neg BY scsj1@.49 scoi2@.78 scch3@.22 scis4@.78 scsk5@.13 scoi6@.79
          scch7@.33 scsj8@.70 scmi9@.07 scch10@.24 scsj11@.68 scsk12@-.03
          scis13@.71 scmi14@-.17 scch15@.02 scsj16@.69 scmi17@-.2
          scis18@.77 scsk19@-.06 scoi20@.64 scsj21@.56 scmi22@-.05
          scsk23@-.22 scoi24@0.62 scis25@.75 scsk26@-.06;
    !pos@1;
    !neg@1;

  OUTPUT: stdyx;

  Savedata:
    file is scores.txt;
    save = fscores;



INPUT READING TERMINATED NORMALLY



2 factor ESEM v2.

SUMMARY OF ANALYSIS

Number of groups                                                 1
Number of observations                                         783

Number of dependent variables                                   26
Number of independent variables                                  0
Number of continuous latent variables                            2

Observed dependent variables

  Binary and ordered categorical (ordinal)
   SCSJ1       SCOI2       SCCH3       SCIS4       SCSK5       SCOI6
   SCCH7       SCSJ8       SCMI9       SCCH10      SCSJ11      SCSK12
   SCIS13      SCMI14      SCCH15      SCSJ16      SCMI17      SCIS18
   SCSK19      SCOI20      SCSJ21      SCMI22      SCSK23      SCOI24
   SCIS25      SCSK26

Continuous latent variables
   POS         NEG


Estimator                                                    WLSMV
Maximum number of iterations                                  1000
Convergence criterion                                    0.500D-04
Maximum number of steepest descent iterations                   20
Maximum number of iterations for H1                           2000
Convergence criterion for H1                             0.100D-03
Parameterization                                             DELTA
Link                                                        PROBIT

Input data file(s)
  selfcompassionitems.dat

Input data format  FREE


SUMMARY OF DATA

     Number of missing data patterns             1


COVARIANCE COVERAGE OF DATA

Minimum covariance coverage value   0.100


     PROPORTION OF DATA PRESENT


           Covariance Coverage
              SCSJ1         SCOI2         SCCH3         SCIS4         SCSK5
              ________      ________      ________      ________      ________
 SCSJ1          1.000
 SCOI2          1.000         1.000
 SCCH3          1.000         1.000         1.000
 SCIS4          1.000         1.000         1.000         1.000
 SCSK5          1.000         1.000         1.000         1.000         1.000
 SCOI6          1.000         1.000         1.000         1.000         1.000
 SCCH7          1.000         1.000         1.000         1.000         1.000
 SCSJ8          1.000         1.000         1.000         1.000         1.000
 SCMI9          1.000         1.000         1.000         1.000         1.000
 SCCH10         1.000         1.000         1.000         1.000         1.000
 SCSJ11         1.000         1.000         1.000         1.000         1.000
 SCSK12         1.000         1.000         1.000         1.000         1.000
 SCIS13         1.000         1.000         1.000         1.000         1.000
 SCMI14         1.000         1.000         1.000         1.000         1.000
 SCCH15         1.000         1.000         1.000         1.000         1.000
 SCSJ16         1.000         1.000         1.000         1.000         1.000
 SCMI17         1.000         1.000         1.000         1.000         1.000
 SCIS18         1.000         1.000         1.000         1.000         1.000
 SCSK19         1.000         1.000         1.000         1.000         1.000
 SCOI20         1.000         1.000         1.000         1.000         1.000
 SCSJ21         1.000         1.000         1.000         1.000         1.000
 SCMI22         1.000         1.000         1.000         1.000         1.000
 SCSK23         1.000         1.000         1.000         1.000         1.000
 SCOI24         1.000         1.000         1.000         1.000         1.000
 SCIS25         1.000         1.000         1.000         1.000         1.000
 SCSK26         1.000         1.000         1.000         1.000         1.000


           Covariance Coverage
              SCOI6         SCCH7         SCSJ8         SCMI9         SCCH10
              ________      ________      ________      ________      ________
 SCOI6          1.000
 SCCH7          1.000         1.000
 SCSJ8          1.000         1.000         1.000
 SCMI9          1.000         1.000         1.000         1.000
 SCCH10         1.000         1.000         1.000         1.000         1.000
 SCSJ11         1.000         1.000         1.000         1.000         1.000
 SCSK12         1.000         1.000         1.000         1.000         1.000
 SCIS13         1.000         1.000         1.000         1.000         1.000
 SCMI14         1.000         1.000         1.000         1.000         1.000
 SCCH15         1.000         1.000         1.000         1.000         1.000
 SCSJ16         1.000         1.000         1.000         1.000         1.000
 SCMI17         1.000         1.000         1.000         1.000         1.000
 SCIS18         1.000         1.000         1.000         1.000         1.000
 SCSK19         1.000         1.000         1.000         1.000         1.000
 SCOI20         1.000         1.000         1.000         1.000         1.000
 SCSJ21         1.000         1.000         1.000         1.000         1.000
 SCMI22         1.000         1.000         1.000         1.000         1.000
 SCSK23         1.000         1.000         1.000         1.000         1.000
 SCOI24         1.000         1.000         1.000         1.000         1.000
 SCIS25         1.000         1.000         1.000         1.000         1.000
 SCSK26         1.000         1.000         1.000         1.000         1.000


           Covariance Coverage
              SCSJ11        SCSK12        SCIS13        SCMI14        SCCH15
              ________      ________      ________      ________      ________
 SCSJ11         1.000
 SCSK12         1.000         1.000
 SCIS13         1.000         1.000         1.000
 SCMI14         1.000         1.000         1.000         1.000
 SCCH15         1.000         1.000         1.000         1.000         1.000
 SCSJ16         1.000         1.000         1.000         1.000         1.000
 SCMI17         1.000         1.000         1.000         1.000         1.000
 SCIS18         1.000         1.000         1.000         1.000         1.000
 SCSK19         1.000         1.000         1.000         1.000         1.000
 SCOI20         1.000         1.000         1.000         1.000         1.000
 SCSJ21         1.000         1.000         1.000         1.000         1.000
 SCMI22         1.000         1.000         1.000         1.000         1.000
 SCSK23         1.000         1.000         1.000         1.000         1.000
 SCOI24         1.000         1.000         1.000         1.000         1.000
 SCIS25         1.000         1.000         1.000         1.000         1.000
 SCSK26         1.000         1.000         1.000         1.000         1.000


           Covariance Coverage
              SCSJ16        SCMI17        SCIS18        SCSK19        SCOI20
              ________      ________      ________      ________      ________
 SCSJ16         1.000
 SCMI17         1.000         1.000
 SCIS18         1.000         1.000         1.000
 SCSK19         1.000         1.000         1.000         1.000
 SCOI20         1.000         1.000         1.000         1.000         1.000
 SCSJ21         1.000         1.000         1.000         1.000         1.000
 SCMI22         1.000         1.000         1.000         1.000         1.000
 SCSK23         1.000         1.000         1.000         1.000         1.000
 SCOI24         1.000         1.000         1.000         1.000         1.000
 SCIS25         1.000         1.000         1.000         1.000         1.000
 SCSK26         1.000         1.000         1.000         1.000         1.000


           Covariance Coverage
              SCSJ21        SCMI22        SCSK23        SCOI24        SCIS25
              ________      ________      ________      ________      ________
 SCSJ21         1.000
 SCMI22         1.000         1.000
 SCSK23         1.000         1.000         1.000
 SCOI24         1.000         1.000         1.000         1.000
 SCIS25         1.000         1.000         1.000         1.000         1.000
 SCSK26         1.000         1.000         1.000         1.000         1.000


           Covariance Coverage
              SCSK26
              ________
 SCSK26         1.000


UNIVARIATE PROPORTIONS AND COUNTS FOR CATEGORICAL VARIABLES

    SCSJ1
      Category 1    0.036           28.000
      Category 2    0.100           78.000
      Category 3    0.263          206.000
      Category 4    0.338          265.000
      Category 5    0.263          206.000
    SCOI2
      Category 1    0.303          237.000
      Category 2    0.243          190.000
      Category 3    0.207          162.000
      Category 4    0.153          120.000
      Category 5    0.095           74.000
    SCCH3
      Category 1    0.078           61.000
      Category 2    0.140          110.000
      Category 3    0.335          262.000
      Category 4    0.332          260.000
      Category 5    0.115           90.000
    SCIS4
      Category 1    0.338          265.000
      Category 2    0.261          204.000
      Category 3    0.178          139.000
      Category 4    0.142          111.000
      Category 5    0.082           64.000
    SCSK5
      Category 1    0.149          117.000
      Category 2    0.282          221.000
      Category 3    0.292          229.000
      Category 4    0.192          150.000
      Category 5    0.084           66.000
    SCOI6
      Category 1    0.223          175.000
      Category 2    0.254          199.000
      Category 3    0.226          177.000
      Category 4    0.186          146.000
      Category 5    0.110           86.000
    SCCH7
      Category 1    0.267          209.000
      Category 2    0.250          196.000
      Category 3    0.250          196.000
      Category 4    0.157          123.000
      Category 5    0.075           59.000
    SCSJ8
      Category 1    0.198          155.000
      Category 2    0.216          169.000
      Category 3    0.236          185.000
      Category 4    0.235          184.000
      Category 5    0.115           90.000
    SCMI9
      Category 1    0.042           33.000
      Category 2    0.117           92.000
      Category 3    0.312          244.000
      Category 4    0.356          279.000
      Category 5    0.172          135.000
    SCCH10
      Category 1    0.223          175.000
      Category 2    0.258          202.000
      Category 3    0.290          227.000
      Category 4    0.176          138.000
      Category 5    0.052           41.000
    SCSJ11
      Category 1    0.201          157.000
      Category 2    0.268          210.000
      Category 3    0.232          182.000
      Category 4    0.207          162.000
      Category 5    0.092           72.000
    SCSK12
      Category 1    0.169          132.000
      Category 2    0.318          249.000
      Category 3    0.268          210.000
      Category 4    0.180          141.000
      Category 5    0.065           51.000
    SCIS13
      Category 1    0.276          216.000
      Category 2    0.238          186.000
      Category 3    0.192          150.000
      Category 4    0.195          153.000
      Category 5    0.100           78.000
    SCMI14
      Category 1    0.034           27.000
      Category 2    0.109           85.000
      Category 3    0.303          237.000
      Category 4    0.364          285.000
      Category 5    0.190          149.000
    SCCH15
      Category 1    0.089           70.000
      Category 2    0.199          156.000
      Category 3    0.321          251.000
      Category 4    0.278          218.000
      Category 5    0.112           88.000
    SCSJ16
      Category 1    0.179          140.000
      Category 2    0.249          195.000
      Category 3    0.215          168.000
      Category 4    0.244          191.000
      Category 5    0.114           89.000
    SCMI17
      Category 1    0.040           31.000
      Category 2    0.155          121.000
      Category 3    0.346          271.000
      Category 4    0.342          268.000
      Category 5    0.117           92.000
    SCIS18
      Category 1    0.197          154.000
      Category 2    0.232          182.000
      Category 3    0.235          184.000
      Category 4    0.232          182.000
      Category 5    0.103           81.000
    SCSK19
      Category 1    0.153          120.000
      Category 2    0.284          222.000
      Category 3    0.313          245.000
      Category 4    0.178          139.000
      Category 5    0.073           57.000
    SCOI20
      Category 1    0.301          236.000
      Category 2    0.284          222.000
      Category 3    0.241          189.000
      Category 4    0.119           93.000
      Category 5    0.055           43.000
    SCSJ21
      Category 1    0.160          125.000
      Category 2    0.254          199.000
      Category 3    0.308          241.000
      Category 4    0.199          156.000
      Category 5    0.079           62.000
    SCMI22
      Category 1    0.134          105.000
      Category 2    0.250          196.000
      Category 3    0.321          251.000
      Category 4    0.223          175.000
      Category 5    0.072           56.000
    SCSK23
      Category 1    0.140          110.000
      Category 2    0.290          227.000
      Category 3    0.319          250.000
      Category 4    0.180          141.000
      Category 5    0.070           55.000
    SCOI24
      Category 1    0.433          339.000
      Category 2    0.294          230.000
      Category 3    0.151          118.000
      Category 4    0.083           65.000
      Category 5    0.040           31.000
    SCIS25
      Category 1    0.299          234.000
      Category 2    0.197          154.000
      Category 3    0.202          158.000
      Category 4    0.213          167.000
      Category 5    0.089           70.000
    SCSK26
      Category 1    0.115           90.000
      Category 2    0.292          229.000
      Category 3    0.338          265.000
      Category 4    0.197          154.000
      Category 5    0.057           45.000



     THIS ANALYSIS MAY HAVE MULTIPLE SOLUTIONS.  EXPLORE THIS USING RANDOM STARTS,
     FOR EXAMPLE, STARTS = 20.  USE A LARGE ENOUGH NUMBER OF STARTS SO THAT THE
     BEST FIT FUNCTION VALUE IS REPLICATED SEVERAL TIMES.


THE MODEL ESTIMATION TERMINATED NORMALLY



MODEL FIT INFORMATION

Number of Free Parameters                      107

Chi-Square Test of Model Fit

          Value                           1577.304*
          Degrees of Freedom                   322
          P-Value                           0.0000

*   The chi-square value for MLM, MLMV, MLR, ULSMV, WLSM and WLSMV cannot be used
    for chi-square difference testing in the regular way.  MLM, MLR and WLSM
    chi-square difference testing is described on the Mplus website.  MLMV, WLSMV,
    and ULSMV difference testing is done using the DIFFTEST option.

RMSEA (Root Mean Square Error Of Approximation)

          Estimate                           0.071
          90 Percent C.I.                    0.067  0.074
          Probability RMSEA <= .05           0.000

CFI/TLI

          CFI                                0.939
          TLI                                0.938

Chi-Square Test of Model Fit for the Baseline Model

          Value                          20854.792
          Degrees of Freedom                   325
          P-Value                           0.0000

SRMR (Standardized Root Mean Square Residual)

          Value                              0.061

Optimum Function Value for Weighted Least-Squares Estimator

          Value                     0.15033633D+01



MODEL RESULTS

                                                    Two-Tailed
                    Estimate       S.E.  Est./S.E.    P-Value

 POS      BY
    SCSJ1              0.060      0.000    999.000    999.000
    SCOI2             -0.050      0.000    999.000    999.000
    SCCH3              0.410      0.000    999.000    999.000
    SCIS4             -0.070      0.000    999.000    999.000
    SCSK5              0.650      0.000    999.000    999.000
    SCOI6             -0.030      0.000    999.000    999.000
    SCCH7              0.490      0.000    999.000    999.000
    SCSJ8              0.010      0.000    999.000    999.000
    SCMI9              0.460      0.000    999.000    999.000
    SCCH10             0.550      0.000    999.000    999.000
    SCSJ11             0.020      0.000    999.000    999.000
    SCSK12             0.690      0.000    999.000    999.000
    SCIS13            -0.040      0.000    999.000    999.000
    SCMI14             0.470      0.000    999.000    999.000
    SCCH15             0.660      0.000    999.000    999.000
    SCSJ16            -0.010      0.000    999.000    999.000
    SCMI17             0.580      0.000    999.000    999.000
    SCIS18             0.030      0.000    999.000    999.000
    SCSK19             0.700      0.000    999.000    999.000
    SCOI20             0.070      0.000    999.000    999.000
    SCSJ21             0.020      0.000    999.000    999.000
    SCMI22             0.650      0.000    999.000    999.000
    SCSK23             0.560      0.000    999.000    999.000
    SCOI24            -0.010      0.000    999.000    999.000
    SCIS25            -0.040      0.000    999.000    999.000
    SCSK26             0.640      0.000    999.000    999.000

 NEG      BY
    SCSJ1              0.490      0.000    999.000    999.000
    SCOI2              0.780      0.000    999.000    999.000
    SCCH3              0.220      0.000    999.000    999.000
    SCIS4              0.780      0.000    999.000    999.000
    SCSK5              0.130      0.000    999.000    999.000
    SCOI6              0.790      0.000    999.000    999.000
    SCCH7              0.330      0.000    999.000    999.000
    SCSJ8              0.700      0.000    999.000    999.000
    SCMI9              0.070      0.000    999.000    999.000
    SCCH10             0.240      0.000    999.000    999.000
    SCSJ11             0.680      0.000    999.000    999.000
    SCSK12            -0.030      0.000    999.000    999.000
    SCIS13             0.710      0.000    999.000    999.000
    SCMI14            -0.170      0.000    999.000    999.000
    SCCH15             0.020      0.000    999.000    999.000
    SCSJ16             0.690      0.000    999.000    999.000
    SCMI17            -0.200      0.000    999.000    999.000
    SCIS18             0.770      0.000    999.000    999.000
    SCSK19            -0.060      0.000    999.000    999.000
    SCOI20             0.640      0.000    999.000    999.000
    SCSJ21             0.560      0.000    999.000    999.000
    SCMI22            -0.050      0.000    999.000    999.000
    SCSK23            -0.220      0.000    999.000    999.000
    SCOI24             0.620      0.000    999.000    999.000
    SCIS25             0.750      0.000    999.000    999.000
    SCSK26            -0.060      0.000    999.000    999.000

 NEG      WITH
    POS               -0.268      0.038     -7.101      0.000

 Thresholds
    SCSJ1$1           -1.802      0.084    -21.357      0.000
    SCSJ1$2           -1.101      0.056    -19.595      0.000
    SCSJ1$3           -0.257      0.045     -5.676      0.000
    SCSJ1$4            0.634      0.048     13.145      0.000
    SCOI2$1           -0.517      0.047    -10.986      0.000
    SCOI2$2            0.114      0.045      2.537      0.011
    SCOI2$3            0.682      0.049     13.971      0.000
    SCOI2$4            1.313      0.062     21.155      0.000
    SCCH3$1           -1.419      0.066    -21.591      0.000
    SCCH3$2           -0.778      0.050    -15.529      0.000
    SCCH3$3            0.133      0.045      2.965      0.003
    SCCH3$4            1.201      0.059     20.439      0.000
    SCIS4$1           -0.417      0.046     -9.014      0.000
    SCIS4$2            0.251      0.045      5.534      0.000
    SCIS4$3            0.760      0.050     15.261      0.000
    SCIS4$4            1.393      0.065     21.505      0.000
    SCSK5$1           -1.039      0.055    -18.964      0.000
    SCSK5$2           -0.172      0.045     -3.822      0.000
    SCSK5$3            0.595      0.048     12.453      0.000
    SCSK5$4            1.377      0.064     21.443      0.000
    SCOI6$1           -0.760      0.050    -15.261      0.000
    SCOI6$2           -0.056      0.045     -1.251      0.211
    SCOI6$3            0.535      0.047     11.337      0.000
    SCOI6$4            1.227      0.059     20.632      0.000
    SCCH7$1           -0.622      0.048    -12.938      0.000
    SCCH7$2            0.043      0.045      0.965      0.335
    SCCH7$3            0.731      0.049     14.788      0.000
    SCCH7$4            1.437      0.066     21.642      0.000
    SCSJ8$1           -0.849      0.051    -16.588      0.000
    SCSJ8$2           -0.218      0.045     -4.821      0.000
    SCSJ8$3            0.385      0.046      8.377      0.000
    SCSJ8$4            1.201      0.059     20.439      0.000
    SCMI9$1           -1.726      0.080    -21.615      0.000
    SCMI9$2           -0.996      0.054    -18.485      0.000
    SCMI9$3           -0.072      0.045     -1.608      0.108
    SCMI9$4            0.945      0.053     17.869      0.000
    SCCH10$1          -0.760      0.050    -15.261      0.000
    SCCH10$2          -0.046      0.045     -1.036      0.300
    SCCH10$3           0.743      0.050     14.991      0.000
    SCCH10$4           1.622      0.074     21.805      0.000
    SCSJ11$1          -0.840      0.051    -16.457      0.000
    SCSJ11$2          -0.079      0.045     -1.751      0.080
    SCSJ11$3           0.528      0.047     11.197      0.000
    SCSJ11$4           1.329      0.063     21.232      0.000
    SCSK12$1          -0.960      0.053    -18.056      0.000
    SCSK12$2          -0.034      0.045     -0.750      0.453
    SCSK12$3           0.690      0.049     14.108      0.000
    SCSK12$4           1.513      0.069     21.790      0.000
    SCIS13$1          -0.595      0.048    -12.453      0.000
    SCIS13$2           0.034      0.045      0.750      0.453
    SCIS13$3           0.539      0.047     11.407      0.000
    SCIS13$4           1.284      0.061     20.991      0.000
    SCMI14$1          -1.819      0.085    -21.289      0.000
    SCMI14$2          -1.067      0.055    -19.255      0.000
    SCMI14$3          -0.136      0.045     -3.037      0.002
    SCMI14$4           0.877      0.052     16.978      0.000
    SCCH15$1          -1.344      0.063    -21.306      0.000
    SCCH15$2          -0.557      0.047    -11.756      0.000
    SCCH15$3           0.277      0.045      6.103      0.000
    SCCH15$4           1.214      0.059     20.536      0.000
    SCSJ16$1          -0.920      0.052    -17.554      0.000
    SCSJ16$2          -0.182      0.045     -4.036      0.000
    SCSJ16$3           0.365      0.046      7.951      0.000
    SCSJ16$4           1.207      0.059     20.488      0.000
    SCMI17$1          -1.755      0.082    -21.527      0.000
    SCMI17$2          -0.863      0.051    -16.783      0.000
    SCMI17$3           0.101      0.045      2.251      0.024
    SCMI17$4           1.188      0.058     20.339      0.000
    SCIS18$1          -0.854      0.051    -16.653      0.000
    SCIS18$2          -0.179      0.045     -3.965      0.000
    SCIS18$3           0.424      0.046      9.155      0.000
    SCIS18$4           1.262      0.061     20.861      0.000
    SCSK19$1          -1.023      0.054    -18.786      0.000
    SCSK19$2          -0.159      0.045     -3.537      0.000
    SCSK19$3           0.673      0.049     13.834      0.000
    SCSK19$4           1.455      0.067     21.688      0.000
    SCOI20$1          -0.520      0.047    -11.056      0.000
    SCOI20$2           0.215      0.045      4.750      0.000
    SCOI20$3           0.940      0.053     17.806      0.000
    SCOI20$4           1.599      0.073     21.821      0.000
    SCSJ21$1          -0.996      0.054    -18.485      0.000
    SCSJ21$2          -0.218      0.045     -4.821      0.000
    SCSJ21$3           0.588      0.048     12.314      0.000
    SCSJ21$4           1.411      0.065     21.563      0.000
    SCMI22$1          -1.107      0.056    -19.650      0.000
    SCMI22$2          -0.294      0.045     -6.459      0.000
    SCMI22$3           0.539      0.047     11.407      0.000
    SCMI22$4           1.465      0.067     21.709      0.000
    SCSK23$1          -1.078      0.056    -19.369      0.000
    SCSK23$2          -0.175      0.045     -3.893      0.000
    SCSK23$3           0.673      0.049     13.834      0.000
    SCSK23$4           1.474      0.068     21.728      0.000
    SCOI24$1          -0.169      0.045     -3.751      0.000
    SCOI24$2           0.603      0.048     12.591      0.000
    SCOI24$3           1.162      0.058     20.134      0.000
    SCOI24$4           1.755      0.082     21.527      0.000
    SCIS25$1          -0.528      0.047    -11.197      0.000
    SCIS25$2          -0.011      0.045     -0.250      0.802
    SCIS25$3           0.517      0.047     10.986      0.000
    SCIS25$4           1.344      0.063     21.306      0.000
    SCSK26$1          -1.201      0.059    -20.439      0.000
    SCSK26$2          -0.234      0.045     -5.177      0.000
    SCSK26$3           0.661      0.049     13.628      0.000
    SCSK26$4           1.576      0.072     21.826      0.000

 Variances
    POS                1.180      0.034     34.580      0.000
    NEG                1.141      0.025     45.766      0.000


QUALITY OF NUMERICAL RESULTS

     Condition Number for the Information Matrix              0.411E-02
       (ratio of smallest to largest eigenvalue)


STANDARDIZED MODEL RESULTS


STDYX Standardization

                                                    Two-Tailed
                    Estimate       S.E.  Est./S.E.    P-Value

 POS      BY
    SCSJ1              0.065      0.001     69.161      0.000
    SCOI2             -0.054      0.001    -69.161      0.000
    SCCH3              0.445      0.006     69.161      0.000
    SCIS4             -0.076      0.001    -69.161      0.000
    SCSK5              0.706      0.010     69.161      0.000
    SCOI6             -0.033      0.000    -69.161      0.000
    SCCH7              0.532      0.008     69.161      0.000
    SCSJ8              0.011      0.000     69.161      0.000
    SCMI9              0.500      0.007     69.161      0.000
    SCCH10             0.598      0.009     69.161      0.000
    SCSJ11             0.022      0.000     69.161      0.000
    SCSK12             0.750      0.011     69.161      0.000
    SCIS13            -0.043      0.001    -69.161      0.000
    SCMI14             0.511      0.007     69.161      0.000
    SCCH15             0.717      0.010     69.161      0.000
    SCSJ16            -0.011      0.000    -69.161      0.000
    SCMI17             0.630      0.009     69.161      0.000
    SCIS18             0.033      0.000     69.161      0.000
    SCSK19             0.760      0.011     69.161      0.000
    SCOI20             0.076      0.001     69.161      0.000
    SCSJ21             0.022      0.000     69.161      0.000
    SCMI22             0.706      0.010     69.161      0.000
    SCSK23             0.608      0.009     69.161      0.000
    SCOI24            -0.011      0.000    -69.161      0.000
    SCIS25            -0.043      0.001    -69.161      0.000
    SCSK26             0.695      0.010     69.161      0.000

 NEG      BY
    SCSJ1              0.523      0.006     91.532      0.000
    SCOI2              0.833      0.009     91.532      0.000
    SCCH3              0.235      0.003     91.532      0.000
    SCIS4              0.833      0.009     91.532      0.000
    SCSK5              0.139      0.002     91.532      0.000
    SCOI6              0.844      0.009     91.532      0.000
    SCCH7              0.353      0.004     91.532      0.000
    SCSJ8              0.748      0.008     91.532      0.000
    SCMI9              0.075      0.001     91.532      0.000
    SCCH10             0.256      0.003     91.532      0.000
    SCSJ11             0.726      0.008     91.532      0.000
    SCSK12            -0.032      0.000    -91.532      0.000
    SCIS13             0.759      0.008     91.532      0.000
    SCMI14            -0.182      0.002    -91.532      0.000
    SCCH15             0.021      0.000     91.532      0.000
    SCSJ16             0.737      0.008     91.532      0.000
    SCMI17            -0.214      0.002    -91.532      0.000
    SCIS18             0.823      0.009     91.532      0.000
    SCSK19            -0.064      0.001    -91.532      0.000
    SCOI20             0.684      0.007     91.532      0.000
    SCSJ21             0.598      0.007     91.532      0.000
    SCMI22            -0.053      0.001    -91.532      0.000
    SCSK23            -0.235      0.003    -91.532      0.000
    SCOI24             0.662      0.007     91.532      0.000
    SCIS25             0.801      0.009     91.532      0.000
    SCSK26            -0.064      0.001    -91.532      0.000

 NEG      WITH
    POS               -0.231      0.032     -7.231      0.000

 Thresholds
    SCSJ1$1           -1.802      0.084    -21.357      0.000
    SCSJ1$2           -1.101      0.056    -19.595      0.000
    SCSJ1$3           -0.257      0.045     -5.676      0.000
    SCSJ1$4            0.634      0.048     13.145      0.000
    SCOI2$1           -0.517      0.047    -10.986      0.000
    SCOI2$2            0.114      0.045      2.537      0.011
    SCOI2$3            0.682      0.049     13.971      0.000
    SCOI2$4            1.313      0.062     21.155      0.000
    SCCH3$1           -1.419      0.066    -21.591      0.000
    SCCH3$2           -0.778      0.050    -15.529      0.000
    SCCH3$3            0.133      0.045      2.965      0.003
    SCCH3$4            1.201      0.059     20.439      0.000
    SCIS4$1           -0.417      0.046     -9.014      0.000
    SCIS4$2            0.251      0.045      5.534      0.000
    SCIS4$3            0.760      0.050     15.261      0.000
    SCIS4$4            1.393      0.065     21.505      0.000
    SCSK5$1           -1.039      0.055    -18.964      0.000
    SCSK5$2           -0.172      0.045     -3.822      0.000
    SCSK5$3            0.595      0.048     12.453      0.000
    SCSK5$4            1.377      0.064     21.443      0.000
    SCOI6$1           -0.760      0.050    -15.261      0.000
    SCOI6$2           -0.056      0.045     -1.251      0.211
    SCOI6$3            0.535      0.047     11.337      0.000
    SCOI6$4            1.227      0.059     20.632      0.000
    SCCH7$1           -0.622      0.048    -12.938      0.000
    SCCH7$2            0.043      0.045      0.965      0.335
    SCCH7$3            0.731      0.049     14.788      0.000
    SCCH7$4            1.437      0.066     21.642      0.000
    SCSJ8$1           -0.849      0.051    -16.588      0.000
    SCSJ8$2           -0.218      0.045     -4.821      0.000
    SCSJ8$3            0.385      0.046      8.377      0.000
    SCSJ8$4            1.201      0.059     20.439      0.000
    SCMI9$1           -1.726      0.080    -21.615      0.000
    SCMI9$2           -0.996      0.054    -18.485      0.000
    SCMI9$3           -0.072      0.045     -1.608      0.108
    SCMI9$4            0.945      0.053     17.869      0.000
    SCCH10$1          -0.760      0.050    -15.261      0.000
    SCCH10$2          -0.046      0.045     -1.036      0.300
    SCCH10$3           0.743      0.050     14.991      0.000
    SCCH10$4           1.622      0.074     21.805      0.000
    SCSJ11$1          -0.840      0.051    -16.457      0.000
    SCSJ11$2          -0.079      0.045     -1.751      0.080
    SCSJ11$3           0.528      0.047     11.197      0.000
    SCSJ11$4           1.329      0.063     21.232      0.000
    SCSK12$1          -0.960      0.053    -18.056      0.000
    SCSK12$2          -0.034      0.045     -0.750      0.453
    SCSK12$3           0.690      0.049     14.108      0.000
    SCSK12$4           1.513      0.069     21.790      0.000
    SCIS13$1          -0.595      0.048    -12.453      0.000
    SCIS13$2           0.034      0.045      0.750      0.453
    SCIS13$3           0.539      0.047     11.407      0.000
    SCIS13$4           1.284      0.061     20.991      0.000
    SCMI14$1          -1.819      0.085    -21.289      0.000
    SCMI14$2          -1.067      0.055    -19.255      0.000
    SCMI14$3          -0.136      0.045     -3.037      0.002
    SCMI14$4           0.877      0.052     16.978      0.000
    SCCH15$1          -1.344      0.063    -21.306      0.000
    SCCH15$2          -0.557      0.047    -11.756      0.000
    SCCH15$3           0.277      0.045      6.103      0.000
    SCCH15$4           1.214      0.059     20.536      0.000
    SCSJ16$1          -0.920      0.052    -17.554      0.000
    SCSJ16$2          -0.182      0.045     -4.036      0.000
    SCSJ16$3           0.365      0.046      7.951      0.000
    SCSJ16$4           1.207      0.059     20.488      0.000
    SCMI17$1          -1.755      0.082    -21.527      0.000
    SCMI17$2          -0.863      0.051    -16.783      0.000
    SCMI17$3           0.101      0.045      2.251      0.024
    SCMI17$4           1.188      0.058     20.339      0.000
    SCIS18$1          -0.854      0.051    -16.653      0.000
    SCIS18$2          -0.179      0.045     -3.965      0.000
    SCIS18$3           0.424      0.046      9.155      0.000
    SCIS18$4           1.262      0.061     20.861      0.000
    SCSK19$1          -1.023      0.054    -18.786      0.000
    SCSK19$2          -0.159      0.045     -3.537      0.000
    SCSK19$3           0.673      0.049     13.834      0.000
    SCSK19$4           1.455      0.067     21.688      0.000
    SCOI20$1          -0.520      0.047    -11.056      0.000
    SCOI20$2           0.215      0.045      4.750      0.000
    SCOI20$3           0.940      0.053     17.806      0.000
    SCOI20$4           1.599      0.073     21.821      0.000
    SCSJ21$1          -0.996      0.054    -18.485      0.000
    SCSJ21$2          -0.218      0.045     -4.821      0.000
    SCSJ21$3           0.588      0.048     12.314      0.000
    SCSJ21$4           1.411      0.065     21.563      0.000
    SCMI22$1          -1.107      0.056    -19.650      0.000
    SCMI22$2          -0.294      0.045     -6.459      0.000
    SCMI22$3           0.539      0.047     11.407      0.000
    SCMI22$4           1.465      0.067     21.709      0.000
    SCSK23$1          -1.078      0.056    -19.369      0.000
    SCSK23$2          -0.175      0.045     -3.893      0.000
    SCSK23$3           0.673      0.049     13.834      0.000
    SCSK23$4           1.474      0.068     21.728      0.000
    SCOI24$1          -0.169      0.045     -3.751      0.000
    SCOI24$2           0.603      0.048     12.591      0.000
    SCOI24$3           1.162      0.058     20.134      0.000
    SCOI24$4           1.755      0.082     21.527      0.000
    SCIS25$1          -0.528      0.047    -11.197      0.000
    SCIS25$2          -0.011      0.045     -0.250      0.802
    SCIS25$3           0.517      0.047     10.986      0.000
    SCIS25$4           1.344      0.063     21.306      0.000
    SCSK26$1          -1.201      0.059    -20.439      0.000
    SCSK26$2          -0.234      0.045     -5.177      0.000
    SCSK26$3           0.661      0.049     13.628      0.000
    SCSK26$4           1.576      0.072     21.826      0.000

 Variances
    POS                1.000      0.000    999.000    999.000
    NEG                1.000      0.000    999.000    999.000


R-SQUARE

    Observed                                        Two-Tailed   Residual
    Variable        Estimate       S.E.  Est./S.E.    P-Value    Variance

    SCSJ1              0.263      0.006     43.170      0.000      0.737
    SCOI2              0.718      0.016     45.151      0.000      0.282
    SCCH3              0.205      0.008     24.724      0.000      0.795
    SCIS4              0.729      0.016     44.602      0.000      0.271
    SCSK5              0.473      0.015     31.728      0.000      0.527
    SCOI6              0.726      0.016     45.548      0.000      0.274
    SCCH7              0.321      0.014     23.196      0.000      0.679
    SCSJ8              0.556      0.012     45.724      0.000      0.444
    SCMI9              0.238      0.007     32.733      0.000      0.762
    SCCH10             0.352      0.013     26.405      0.000      0.648
    SCSJ11             0.521      0.011     45.601      0.000      0.479
    SCSK12             0.574      0.017     34.645      0.000      0.426
    SCIS13             0.592      0.013     45.288      0.000      0.408
    SCMI14             0.336      0.011     31.879      0.000      0.664
    SCCH15             0.508      0.015     34.413      0.000      0.492
    SCSJ16             0.547      0.012     45.737      0.000      0.453
    SCMI17             0.505      0.016     32.051      0.000      0.495
    SCIS18             0.665      0.015     45.482      0.000      0.335
    SCSK19             0.605      0.018     34.530      0.000      0.395
    SCOI20             0.449      0.010     43.666      0.000      0.551
    SCSJ21             0.352      0.008     45.526      0.000      0.648
    SCMI22             0.519      0.015     34.567      0.000      0.481
    SCSK23             0.491      0.016     31.576      0.000      0.509
    SCOI24             0.442      0.010     45.730      0.000      0.558
    SCIS25             0.660      0.015     45.337      0.000      0.340
    SCSK26             0.508      0.015     34.491      0.000      0.492


SAMPLE STATISTICS FOR ESTIMATED FACTOR SCORES


     SAMPLE STATISTICS


           Means
              POS           POS_SE        NEG           NEG_SE
              ________      ________      ________      ________
               -0.003         0.349         0.004         0.268


           Covariances
              POS           POS_SE        NEG           NEG_SE
              ________      ________      ________      ________
 POS            1.016
 POS_SE        -0.006         0.000
 NEG           -0.247        -0.001         1.023
 NEG_SE         0.000         0.000        -0.021         0.002


           Correlations
              POS           POS_SE        NEG           NEG_SE
              ________      ________      ________      ________
 POS            1.000
 POS_SE        -0.310         1.000
 NEG           -0.243        -0.066         1.000
 NEG_SE         0.009         0.391        -0.468         1.000


SAVEDATA INFORMATION


  Save file
    scores.txt

  Order and format of variables

    SCSJ1          F10.3
    SCOI2          F10.3
    SCCH3          F10.3
    SCIS4          F10.3
    SCSK5          F10.3
    SCOI6          F10.3
    SCCH7          F10.3
    SCSJ8          F10.3
    SCMI9          F10.3
    SCCH10         F10.3
    SCSJ11         F10.3
    SCSK12         F10.3
    SCIS13         F10.3
    SCMI14         F10.3
    SCCH15         F10.3
    SCSJ16         F10.3
    SCMI17         F10.3
    SCIS18         F10.3
    SCSK19         F10.3
    SCOI20         F10.3
    SCSJ21         F10.3
    SCMI22         F10.3
    SCSK23         F10.3
    SCOI24         F10.3
    SCIS25         F10.3
    SCSK26         F10.3
    POS            F10.3
    POS_SE         F10.3
    NEG            F10.3
    NEG_SE         F10.3

  Save file format
    30F10.3

  Save file record length    10000

  Save missing symbol        *


     Beginning Time:  14:35:58
        Ending Time:  14:35:59
       Elapsed Time:  00:00:01



MUTHEN & MUTHEN
3463 Stoner Ave.
Los Angeles, CA  90066

Tel: (310) 391-9971
Fax: (310) 391-8971
Web: www.StatModel.com
Support: Support@StatModel.com

Copyright (c) 1998-2021 Muthen & Muthen
