Mplus VERSION 8.6 (Mac)
MUTHEN & MUTHEN
10/05/2022   5:41 AM

INPUT INSTRUCTIONS

  !Steps followed based on Morin and Asparouhov (2018):
  !The previous ESEM model is re-expressed using CFA. No rotation is necessary.
  !The model uses the exact values of the unstandardized loadings and cross-loadings
  !estimated from the Regular ESEM model as starts values (using *).
  !First-order factor variances are freely estimated, whereas the variance of the
  !higher-order factor !is fixed to 1 for identification purposes.
  !For the first-order factors, one item per factor has all loadings and cross-loadings
  !constrained to be exactly equal to their ESEM values (using @).

  TITLE: ESEM within CFA.
  DATA: FILE IS scs_clean.dat;

  VARIABLE:

  NAMES ARE
  scsj1
  scoi2
  scch3
  scis4
  scsk5
  scoi6
  scch7
  scsj8
  scmi9
  scch10
  scsj11
  scsk12
  scis13
  scmi14
  scch15
  scsj16
  scmi17
  scis18
  scsk19
  scoi20
  scsj21
  scmi22
  scsk23
  scoi24
  scis25
  scsk26;

  USEVARIABLES ARE
  SCSK5
  SCSK12
  SCSK19
  SCSK23
  SCSK26
  SCCH3
  SCCH7
  SCCH10
  SCCH15
  SCMI9
  SCMI14
  SCMI17
  SCMI22
  SCSJ1
  SCSJ8
  SCSJ11
  SCSJ16
  SCSJ21
  SCIS4
  SCIS13
  SCIS18
  SCIS25
  SCOI2
  SCOI6
  SCOI20
  SCOI24
  ;

  MISSING ARE ALL(-999); !Change to your missing flag

  ANALYSIS:
  ESTIMATOR=MLR; !Other estimators are also possible, such as MLR.
  PROCESSORS=6; !Replace 8 with the number of logical processors of your CPU and remove !
  !STARTS=20; !Convergence problems? Attempt different starting values. Remove ! to enable.
  !STITERATION=50000; !Use with STARTS function when your model fails to converge.
  !ROTATION=TARGET; !No rotation needed within CFA

  MODEL:

  POS BY
  SCSK5*0.000
  SCSK12*0.000
  SCSK19*0.000
  SCSK23*0.000
  SCSK26*0.000
  SCCH3*0.000
  SCCH7*0.000
  SCCH10*0.000
  SCCH15*0.000
  SCMI9*0.000
  SCMI14*0.000
  SCMI17*0.000
  SCMI22*0.000
  SCSJ1@0.000
  SCSJ8*0.000
  SCSJ11*0.000
  SCSJ16*0.000
  SCSJ21*0.000
  SCIS4*0.000
  SCIS13*0.000
  SCIS18*0.000
  SCIS25*0.000
  SCOI2*0.000
  SCOI6*0.000
  SCOI20*0.000
  SCOI24*0.000;

  NEG BY
  SCSJ1*0.000
  SCSJ8*0.000
  SCSJ11*0.000
  SCSJ16*0.000
  SCSJ21*0.000
  SCIS4*0.000
  SCIS13*0.000
  SCIS18*0.000
  SCIS25*0.000
  SCOI2*0.000
  SCOI6*0.000
  SCOI20*0.000
  SCOI24*0.000
  SCSK5@0.000
  SCSK12*0.000
  SCSK19*0.000
  SCSK23*0.000
  SCSK26*0.000
  SCCH3*0.000
  SCCH7*0.000
  SCCH10*0.000
  SCCH15*0.000
  SCMI9*0.000
  SCMI14*0.000
  SCMI17*0.000
  SCMI22*0.000;

  POS@1;
  NEG@1;

  OUTPUT:
  stdyx;
  tech4;



INPUT READING TERMINATED NORMALLY



ESEM within CFA.

SUMMARY OF ANALYSIS

Number of groups                                                 1
Number of observations                                         706

Number of dependent variables                                   26
Number of independent variables                                  0
Number of continuous latent variables                            2

Observed dependent variables

  Continuous
   SCSK5       SCSK12      SCSK19      SCSK23      SCSK26      SCCH3
   SCCH7       SCCH10      SCCH15      SCMI9       SCMI14      SCMI17
   SCMI22      SCSJ1       SCSJ8       SCSJ11      SCSJ16      SCSJ21
   SCIS4       SCIS13      SCIS18      SCIS25      SCOI2       SCOI6
   SCOI20      SCOI24

Continuous latent variables
   POS         NEG


Estimator                                                      MLR
Information matrix                                        OBSERVED
Maximum number of iterations                                  1000
Convergence criterion                                    0.500D-04
Maximum number of steepest descent iterations                   20
Maximum number of iterations for H1                           2000
Convergence criterion for H1                             0.100D-03

Input data file(s)
  scs_clean.dat

Input data format  FREE


SUMMARY OF DATA

     Number of missing data patterns             1


COVARIANCE COVERAGE OF DATA

Minimum covariance coverage value   0.100


     PROPORTION OF DATA PRESENT


           Covariance Coverage
              SCSK5         SCSK12        SCSK19        SCSK23        SCSK26
              ________      ________      ________      ________      ________
 SCSK5          1.000
 SCSK12         1.000         1.000
 SCSK19         1.000         1.000         1.000
 SCSK23         1.000         1.000         1.000         1.000
 SCSK26         1.000         1.000         1.000         1.000         1.000
 SCCH3          1.000         1.000         1.000         1.000         1.000
 SCCH7          1.000         1.000         1.000         1.000         1.000
 SCCH10         1.000         1.000         1.000         1.000         1.000
 SCCH15         1.000         1.000         1.000         1.000         1.000
 SCMI9          1.000         1.000         1.000         1.000         1.000
 SCMI14         1.000         1.000         1.000         1.000         1.000
 SCMI17         1.000         1.000         1.000         1.000         1.000
 SCMI22         1.000         1.000         1.000         1.000         1.000
 SCSJ1          1.000         1.000         1.000         1.000         1.000
 SCSJ8          1.000         1.000         1.000         1.000         1.000
 SCSJ11         1.000         1.000         1.000         1.000         1.000
 SCSJ16         1.000         1.000         1.000         1.000         1.000
 SCSJ21         1.000         1.000         1.000         1.000         1.000
 SCIS4          1.000         1.000         1.000         1.000         1.000
 SCIS13         1.000         1.000         1.000         1.000         1.000
 SCIS18         1.000         1.000         1.000         1.000         1.000
 SCIS25         1.000         1.000         1.000         1.000         1.000
 SCOI2          1.000         1.000         1.000         1.000         1.000
 SCOI6          1.000         1.000         1.000         1.000         1.000
 SCOI20         1.000         1.000         1.000         1.000         1.000
 SCOI24         1.000         1.000         1.000         1.000         1.000


           Covariance Coverage
              SCCH3         SCCH7         SCCH10        SCCH15        SCMI9
              ________      ________      ________      ________      ________
 SCCH3          1.000
 SCCH7          1.000         1.000
 SCCH10         1.000         1.000         1.000
 SCCH15         1.000         1.000         1.000         1.000
 SCMI9          1.000         1.000         1.000         1.000         1.000
 SCMI14         1.000         1.000         1.000         1.000         1.000
 SCMI17         1.000         1.000         1.000         1.000         1.000
 SCMI22         1.000         1.000         1.000         1.000         1.000
 SCSJ1          1.000         1.000         1.000         1.000         1.000
 SCSJ8          1.000         1.000         1.000         1.000         1.000
 SCSJ11         1.000         1.000         1.000         1.000         1.000
 SCSJ16         1.000         1.000         1.000         1.000         1.000
 SCSJ21         1.000         1.000         1.000         1.000         1.000
 SCIS4          1.000         1.000         1.000         1.000         1.000
 SCIS13         1.000         1.000         1.000         1.000         1.000
 SCIS18         1.000         1.000         1.000         1.000         1.000
 SCIS25         1.000         1.000         1.000         1.000         1.000
 SCOI2          1.000         1.000         1.000         1.000         1.000
 SCOI6          1.000         1.000         1.000         1.000         1.000
 SCOI20         1.000         1.000         1.000         1.000         1.000
 SCOI24         1.000         1.000         1.000         1.000         1.000


           Covariance Coverage
              SCMI14        SCMI17        SCMI22        SCSJ1         SCSJ8
              ________      ________      ________      ________      ________
 SCMI14         1.000
 SCMI17         1.000         1.000
 SCMI22         1.000         1.000         1.000
 SCSJ1          1.000         1.000         1.000         1.000
 SCSJ8          1.000         1.000         1.000         1.000         1.000
 SCSJ11         1.000         1.000         1.000         1.000         1.000
 SCSJ16         1.000         1.000         1.000         1.000         1.000
 SCSJ21         1.000         1.000         1.000         1.000         1.000
 SCIS4          1.000         1.000         1.000         1.000         1.000
 SCIS13         1.000         1.000         1.000         1.000         1.000
 SCIS18         1.000         1.000         1.000         1.000         1.000
 SCIS25         1.000         1.000         1.000         1.000         1.000
 SCOI2          1.000         1.000         1.000         1.000         1.000
 SCOI6          1.000         1.000         1.000         1.000         1.000
 SCOI20         1.000         1.000         1.000         1.000         1.000
 SCOI24         1.000         1.000         1.000         1.000         1.000


           Covariance Coverage
              SCSJ11        SCSJ16        SCSJ21        SCIS4         SCIS13
              ________      ________      ________      ________      ________
 SCSJ11         1.000
 SCSJ16         1.000         1.000
 SCSJ21         1.000         1.000         1.000
 SCIS4          1.000         1.000         1.000         1.000
 SCIS13         1.000         1.000         1.000         1.000         1.000
 SCIS18         1.000         1.000         1.000         1.000         1.000
 SCIS25         1.000         1.000         1.000         1.000         1.000
 SCOI2          1.000         1.000         1.000         1.000         1.000
 SCOI6          1.000         1.000         1.000         1.000         1.000
 SCOI20         1.000         1.000         1.000         1.000         1.000
 SCOI24         1.000         1.000         1.000         1.000         1.000


           Covariance Coverage
              SCIS18        SCIS25        SCOI2         SCOI6         SCOI20
              ________      ________      ________      ________      ________
 SCIS18         1.000
 SCIS25         1.000         1.000
 SCOI2          1.000         1.000         1.000
 SCOI6          1.000         1.000         1.000         1.000
 SCOI20         1.000         1.000         1.000         1.000         1.000
 SCOI24         1.000         1.000         1.000         1.000         1.000


           Covariance Coverage
              SCOI24
              ________
 SCOI24         1.000



UNIVARIATE SAMPLE STATISTICS


     UNIVARIATE HIGHER-ORDER MOMENT DESCRIPTIVE STATISTICS

         Variable/         Mean/     Skewness/   Minimum/ % with                Percentiles
        Sample Size      Variance    Kurtosis    Maximum  Min/Max      20%/60%    40%/80%    Median

     SCSK5                 2.809       0.156       1.000   13.46%       2.000      2.000      3.000
             706.000       1.302      -0.761       5.000    7.93%       3.000      4.000
     SCSK12                2.684       0.240       1.000   15.44%       2.000      2.000      3.000
             706.000       1.259      -0.734       5.000    5.95%       3.000      4.000
     SCSK19                2.749       0.187       1.000   14.16%       2.000      2.000      3.000
             706.000       1.245      -0.669       5.000    6.80%       3.000      4.000
     SCSK23                2.759       0.193       1.000   13.17%       2.000      2.000      3.000
             706.000       1.211      -0.633       5.000    6.66%       3.000      4.000
     SCSK26                2.803       0.125       1.000   10.62%       2.000      2.000      3.000
             706.000       1.096      -0.575       5.000    5.38%       3.000      4.000
     SCCH3                 3.289      -0.380       1.000    6.80%       2.000      3.000      3.000
             706.000       1.118      -0.362       5.000   11.05%       4.000      4.000
     SCCH7                 2.564       0.319       1.000   24.93%       1.000      2.000      2.000
             706.000       1.529      -0.913       5.000    7.51%       3.000      4.000
     SCCH10                2.627       0.191       1.000   20.11%       1.000      2.000      3.000
             706.000       1.333      -0.829       5.000    5.52%       3.000      4.000
     SCCH15                3.149      -0.146       1.000    7.93%       2.000      3.000      3.000
             706.000       1.231      -0.679       5.000   11.33%       3.000      4.000
     SCMI9                 3.524      -0.436       1.000    3.82%       3.000      3.000      4.000
             706.000       1.057      -0.277       5.000   17.28%       4.000      4.000
     SCMI14                3.584      -0.414       1.000    2.83%       3.000      3.000      4.000
             706.000       1.008      -0.290       5.000   18.84%       4.000      4.000
     SCMI17                3.363      -0.246       1.000    3.26%       3.000      3.000      3.000
             706.000       0.965      -0.378       5.000   11.61%       4.000      4.000
     SCMI22                2.863       0.031       1.000   12.75%       2.000      3.000      3.000
             706.000       1.257      -0.763       5.000    7.08%       3.000      4.000
     SCSJ1                 3.704      -0.531       1.000    3.12%       3.000      4.000      4.000
             706.000       1.123      -0.360       5.000   26.20%       4.000      5.000
     SCSJ8                 2.888       0.013       1.000   18.56%       2.000      2.000      3.000
             706.000       1.649      -1.099       5.000   11.61%       3.000      4.000
     SCSJ11                2.746       0.194       1.000   18.56%       2.000      2.000      3.000
             706.000       1.535      -1.001       5.000    9.21%       3.000      4.000
     SCSJ16                2.894       0.059       1.000   16.43%       2.000      2.000      3.000
             706.000       1.619      -1.116       5.000   11.61%       3.000      4.000
     SCSJ21                2.789       0.117       1.000   15.58%       2.000      2.000      3.000
             706.000       1.345      -0.796       5.000    7.79%       3.000      4.000
     SCIS4                 2.380       0.572       1.000   33.00%       1.000      2.000      2.000
             706.000       1.675      -0.843       5.000    8.07%       3.000      4.000
     SCIS13                2.627       0.273       1.000   26.63%       1.000      2.000      2.000
             706.000       1.763      -1.156       5.000    9.77%       3.000      4.000
     SCIS18                2.840       0.053       1.000   18.84%       2.000      2.000      3.000
             706.000       1.613      -1.094       5.000   10.34%       3.000      4.000
     SCIS25                2.635       0.183       1.000   28.61%       1.000      2.000      3.000
             706.000       1.779      -1.238       5.000    8.64%       3.000      4.000
     SCOI2                 2.506       0.422       1.000   29.18%       1.000      2.000      2.000
             706.000       1.692      -0.966       5.000    9.07%       3.000      4.000
     SCOI6                 2.722       0.221       1.000   21.53%       1.000      2.000      3.000
             706.000       1.659      -1.059       5.000   10.62%       3.000      4.000
     SCOI20                2.374       0.522       1.000   28.75%       1.000      2.000      2.000
             706.000       1.401      -0.635       5.000    5.67%       3.000      3.000
     SCOI24                2.006       0.985       1.000   43.20%       1.000      1.000      2.000
             706.000       1.266       0.113       5.000    3.82%       2.000      3.000


     THIS ANALYSIS MAY HAVE MULTIPLE SOLUTIONS.  EXPLORE THIS USING RANDOM STARTS,
     FOR EXAMPLE, STARTS = 20.  USE A LARGE ENOUGH NUMBER OF STARTS SO THAT THE
     BEST FIT FUNCTION VALUE IS REPLICATED SEVERAL TIMES.


THE MODEL ESTIMATION TERMINATED NORMALLY



MODEL FIT INFORMATION

Number of Free Parameters                      103

Loglikelihood

          H0 Value                      -25153.366
          H0 Scaling Correction Factor      1.0941
            for MLR
          H1 Value                      -24139.564
          H1 Scaling Correction Factor      1.1487
            for MLR

Information Criteria

          Akaike (AIC)                   50512.732
          Bayesian (BIC)                 50982.372
          Sample-Size Adjusted BIC       50655.324
            (n* = (n + 2) / 24)

Chi-Square Test of Model Fit

          Value                           1734.149*
          Degrees of Freedom                   274
          P-Value                           0.0000
          Scaling Correction Factor         1.1692
            for MLR

*   The chi-square value for MLM, MLMV, MLR, ULSMV, WLSM and WLSMV cannot be used
    for chi-square difference testing in the regular way.  MLM, MLR and WLSM
    chi-square difference testing is described on the Mplus website.  MLMV, WLSMV,
    and ULSMV difference testing is done using the DIFFTEST option.

RMSEA (Root Mean Square Error Of Approximation)

          Estimate                           0.087
          90 Percent C.I.                    0.083  0.091
          Probability RMSEA <= .05           0.000

CFI/TLI

          CFI                                0.804
          TLI                                0.768

Chi-Square Test of Model Fit for the Baseline Model

          Value                           7783.072
          Degrees of Freedom                   325
          P-Value                           0.0000

SRMR (Standardized Root Mean Square Residual)

          Value                              0.060



MODEL RESULTS

                                                    Two-Tailed
                    Estimate       S.E.  Est./S.E.    P-Value

 POS      BY
    SCSK5              0.723      0.045     16.218      0.000
    SCSK12             0.763      0.045     17.052      0.000
    SCSK19             0.787      0.043     18.327      0.000
    SCSK23             0.631      0.047     13.556      0.000
    SCSK26             0.668      0.041     16.143      0.000
    SCCH3              0.389      0.049      7.924      0.000
    SCCH7              0.559      0.056     10.030      0.000
    SCCH10             0.612      0.046     13.406      0.000
    SCCH15             0.723      0.042     17.234      0.000
    SCMI9              0.458      0.053      8.646      0.000
    SCMI14             0.474      0.061      7.803      0.000
    SCMI17             0.567      0.055     10.331      0.000
    SCMI22             0.711      0.045     15.720      0.000
    SCSJ1              0.000      0.000    999.000    999.000
    SCSJ8             -0.082      0.070     -1.167      0.243
    SCSJ11            -0.070      0.070     -1.004      0.316
    SCSJ16            -0.126      0.072     -1.749      0.080
    SCSJ21            -0.038      0.059     -0.639      0.523
    SCIS4             -0.188      0.098     -1.922      0.055
    SCIS13            -0.158      0.103     -1.541      0.123
    SCIS18            -0.075      0.098     -0.766      0.444
    SCIS25            -0.188      0.095     -1.988      0.047
    SCOI2             -0.179      0.095     -1.885      0.059
    SCOI6             -0.148      0.093     -1.589      0.112
    SCOI20            -0.022      0.084     -0.263      0.792
    SCOI24            -0.107      0.079     -1.348      0.178

 NEG      BY
    SCSJ1             -0.526      0.040    -13.125      0.000
    SCSJ8             -0.871      0.042    -20.930      0.000
    SCSJ11            -0.827      0.043    -19.328      0.000
    SCSJ16            -0.873      0.040    -21.818      0.000
    SCSJ21            -0.628      0.041    -15.266      0.000
    SCIS4             -1.020      0.037    -27.366      0.000
    SCIS13            -0.945      0.040    -23.624      0.000
    SCIS18            -0.951      0.038    -25.325      0.000
    SCIS25            -1.011      0.036    -28.337      0.000
    SCOI2             -1.049      0.035    -29.732      0.000
    SCOI6             -1.028      0.034    -30.405      0.000
    SCOI20            -0.738      0.041    -17.836      0.000
    SCOI24            -0.705      0.043    -16.474      0.000
    SCSK5              0.000      0.000    999.000    999.000
    SCSK12             0.204      0.044      4.676      0.000
    SCSK19             0.245      0.046      5.299      0.000
    SCSK23             0.393      0.053      7.422      0.000
    SCSK26             0.207      0.047      4.441      0.000
    SCCH3             -0.128      0.046     -2.781      0.005
    SCCH7             -0.272      0.050     -5.420      0.000
    SCCH10            -0.123      0.052     -2.383      0.017
    SCCH15             0.151      0.055      2.767      0.006
    SCMI9              0.050      0.050      0.993      0.320
    SCMI14             0.279      0.050      5.575      0.000
    SCMI17             0.313      0.050      6.310      0.000
    SCMI22             0.227      0.055      4.098      0.000

 NEG      WITH
    POS               -0.040      0.110     -0.362      0.718

 Intercepts
    SCSK5              2.809      0.043     65.407      0.000
    SCSK12             2.684      0.042     63.572      0.000
    SCSK19             2.749      0.042     65.482      0.000
    SCSK23             2.759      0.041     66.618      0.000
    SCSK26             2.803      0.039     71.151      0.000
    SCCH3              3.289      0.040     82.663      0.000
    SCCH7              2.564      0.047     55.086      0.000
    SCCH10             2.627      0.043     60.470      0.000
    SCCH15             3.149      0.042     75.393      0.000
    SCMI9              3.524      0.039     91.087      0.000
    SCMI14             3.584      0.038     94.845      0.000
    SCMI17             3.363      0.037     90.961      0.000
    SCMI22             2.863      0.042     67.833      0.000
    SCSJ1              3.704      0.040     92.854      0.000
    SCSJ8              2.888      0.048     59.760      0.000
    SCSJ11             2.746      0.047     58.903      0.000
    SCSJ16             2.894      0.048     60.428      0.000
    SCSJ21             2.789      0.044     63.898      0.000
    SCIS4              2.380      0.049     48.860      0.000
    SCIS13             2.627      0.050     52.572      0.000
    SCIS18             2.840      0.048     59.411      0.000
    SCIS25             2.635      0.050     52.489      0.000
    SCOI2              2.506      0.049     51.185      0.000
    SCOI6              2.722      0.048     56.152      0.000
    SCOI20             2.374      0.045     53.286      0.000
    SCOI24             2.006      0.042     47.359      0.000

 Variances
    POS                1.000      0.000    999.000    999.000
    NEG                1.000      0.000    999.000    999.000

 Residual Variances
    SCSK5              0.779      0.058     13.372      0.000
    SCSK12             0.646      0.051     12.570      0.000
    SCSK19             0.580      0.051     11.375      0.000
    SCSK23             0.678      0.053     12.770      0.000
    SCSK26             0.617      0.053     11.653      0.000
    SCCH3              0.946      0.055     17.051      0.000
    SCCH7              1.131      0.060     18.979      0.000
    SCCH10             0.937      0.054     17.412      0.000
    SCCH15             0.694      0.050     14.017      0.000
    SCMI9              0.847      0.051     16.605      0.000
    SCMI14             0.716      0.047     15.293      0.000
    SCMI17             0.560      0.040     13.920      0.000
    SCMI22             0.714      0.047     15.331      0.000
    SCSJ1              0.847      0.047     17.983      0.000
    SCSJ8              0.890      0.057     15.608      0.000
    SCSJ11             0.850      0.053     15.956      0.000
    SCSJ16             0.850      0.057     14.829      0.000
    SCSJ21             0.951      0.051     18.519      0.000
    SCIS4              0.615      0.044     14.068      0.000
    SCIS13             0.858      0.055     15.652      0.000
    SCIS18             0.709      0.050     14.160      0.000
    SCIS25             0.737      0.050     14.711      0.000
    SCOI2              0.573      0.043     13.355      0.000
    SCOI6              0.593      0.038     15.705      0.000
    SCOI20             0.857      0.053     16.219      0.000
    SCOI24             0.764      0.049     15.597      0.000


QUALITY OF NUMERICAL RESULTS

     Condition Number for the Information Matrix              0.485E-02
       (ratio of smallest to largest eigenvalue)


STANDARDIZED MODEL RESULTS


STDYX Standardization

                                                    Two-Tailed
                    Estimate       S.E.  Est./S.E.    P-Value

 POS      BY
    SCSK5              0.634      0.034     18.669      0.000
    SCSK12             0.680      0.034     19.983      0.000
    SCSK19             0.706      0.033     21.675      0.000
    SCSK23             0.573      0.040     14.455      0.000
    SCSK26             0.638      0.035     18.339      0.000
    SCCH3              0.368      0.045      8.170      0.000
    SCCH7              0.452      0.043     10.623      0.000
    SCCH10             0.530      0.036     14.846      0.000
    SCCH15             0.652      0.032     20.144      0.000
    SCMI9              0.445      0.047      9.379      0.000
    SCMI14             0.472      0.058      8.160      0.000
    SCMI17             0.577      0.051     11.260      0.000
    SCMI22             0.634      0.035     18.122      0.000
    SCSJ1              0.000      0.000    999.000    999.000
    SCSJ8             -0.064      0.054     -1.167      0.243
    SCSJ11            -0.056      0.056     -1.005      0.315
    SCSJ16            -0.099      0.057     -1.754      0.079
    SCSJ21            -0.032      0.051     -0.639      0.523
    SCIS4             -0.145      0.075     -1.924      0.054
    SCIS13            -0.119      0.077     -1.542      0.123
    SCIS18            -0.059      0.077     -0.766      0.443
    SCIS25            -0.141      0.071     -1.989      0.047
    SCOI2             -0.138      0.073     -1.883      0.060
    SCOI6             -0.115      0.072     -1.591      0.112
    SCOI20            -0.019      0.071     -0.263      0.792
    SCOI24            -0.095      0.071     -1.350      0.177

 NEG      BY
    SCSJ1             -0.496      0.033    -15.101      0.000
    SCSJ8             -0.678      0.027    -25.559      0.000
    SCSJ11            -0.668      0.028    -23.908      0.000
    SCSJ16            -0.686      0.026    -26.187      0.000
    SCSJ21            -0.542      0.031    -17.532      0.000
    SCIS4             -0.788      0.020    -39.620      0.000
    SCIS13            -0.711      0.024    -29.327      0.000
    SCIS18            -0.749      0.022    -33.859      0.000
    SCIS25            -0.758      0.021    -36.015      0.000
    SCOI2             -0.807      0.019    -42.376      0.000
    SCOI6             -0.798      0.017    -46.149      0.000
    SCOI20            -0.624      0.028    -21.888      0.000
    SCOI24            -0.626      0.029    -21.665      0.000
    SCSK5              0.000      0.000    999.000    999.000
    SCSK12             0.182      0.039      4.689      0.000
    SCSK19             0.220      0.042      5.300      0.000
    SCSK23             0.357      0.047      7.525      0.000
    SCSK26             0.198      0.045      4.446      0.000
    SCCH3             -0.121      0.043     -2.807      0.005
    SCCH7             -0.220      0.040     -5.474      0.000
    SCCH10            -0.107      0.045     -2.386      0.017
    SCCH15             0.136      0.049      2.778      0.005
    SCMI9              0.048      0.049      0.993      0.321
    SCMI14             0.278      0.048      5.731      0.000
    SCMI17             0.318      0.049      6.431      0.000
    SCMI22             0.203      0.049      4.099      0.000

 NEG      WITH
    POS               -0.040      0.110     -0.362      0.718

 Intercepts
    SCSK5              2.462      0.059     41.420      0.000
    SCSK12             2.393      0.056     42.496      0.000
    SCSK19             2.464      0.060     40.924      0.000
    SCSK23             2.507      0.061     40.813      0.000
    SCSK26             2.678      0.068     39.652      0.000
    SCCH3              3.111      0.093     33.345      0.000
    SCCH7              2.073      0.046     44.864      0.000
    SCCH10             2.276      0.054     41.910      0.000
    SCCH15             2.837      0.076     37.347      0.000
    SCMI9              3.428      0.103     33.133      0.000
    SCMI14             3.569      0.106     33.690      0.000
    SCMI17             3.423      0.097     35.420      0.000
    SCMI22             2.553      0.065     39.578      0.000
    SCSJ1              3.495      0.106     33.116      0.000
    SCSJ8              2.249      0.055     41.125      0.000
    SCSJ11             2.217      0.050     43.944      0.000
    SCSJ16             2.274      0.053     42.643      0.000
    SCSJ21             2.405      0.059     40.746      0.000
    SCIS4              1.839      0.036     50.763      0.000
    SCIS13             1.979      0.043     46.351      0.000
    SCIS18             2.236      0.053     41.861      0.000
    SCIS25             1.975      0.044     44.657      0.000
    SCOI2              1.926      0.040     47.812      0.000
    SCOI6              2.113      0.047     44.608      0.000
    SCOI20             2.005      0.043     46.288      0.000
    SCOI24             1.782      0.036     49.313      0.000

 Variances
    POS                1.000      0.000    999.000    999.000
    NEG                1.000      0.000    999.000    999.000

 Residual Variances
    SCSK5              0.599      0.043     13.916      0.000
    SCSK12             0.514      0.041     12.494      0.000
    SCSK19             0.466      0.041     11.408      0.000
    SCSK23             0.560      0.042     13.423      0.000
    SCSK26             0.563      0.047     12.075      0.000
    SCCH3              0.846      0.034     24.659      0.000
    SCCH7              0.740      0.035     21.192      0.000
    SCCH10             0.703      0.037     18.938      0.000
    SCCH15             0.564      0.038     14.772      0.000
    SCMI9              0.801      0.040     19.853      0.000
    SCMI14             0.711      0.042     16.983      0.000
    SCMI17             0.580      0.041     14.220      0.000
    SCMI22             0.567      0.036     15.844      0.000
    SCSJ1              0.754      0.033     23.163      0.000
    SCSJ8              0.539      0.036     15.184      0.000
    SCSJ11             0.554      0.037     15.139      0.000
    SCSJ16             0.525      0.035     14.932      0.000
    SCSJ21             0.707      0.033     21.192      0.000
    SCIS4              0.367      0.028     13.116      0.000
    SCIS13             0.487      0.032     15.264      0.000
    SCIS18             0.440      0.033     13.391      0.000
    SCIS25             0.414      0.029     14.464      0.000
    SCOI2              0.339      0.026     12.865      0.000
    SCOI6              0.357      0.025     14.245      0.000
    SCOI20             0.611      0.035     17.364      0.000
    SCOI24             0.603      0.034     17.496      0.000


R-SQUARE

    Observed                                        Two-Tailed
    Variable        Estimate       S.E.  Est./S.E.    P-Value

    SCSK5              0.401      0.043      9.335      0.000
    SCSK12             0.486      0.041     11.831      0.000
    SCSK19             0.534      0.041     13.085      0.000
    SCSK23             0.440      0.042     10.542      0.000
    SCSK26             0.437      0.047      9.362      0.000
    SCCH3              0.154      0.034      4.475      0.000
    SCCH7              0.260      0.035      7.463      0.000
    SCCH10             0.297      0.037      7.994      0.000
    SCCH15             0.436      0.038     11.433      0.000
    SCMI9              0.199      0.040      4.925      0.000
    SCMI14             0.289      0.042      6.914      0.000
    SCMI17             0.420      0.041     10.284      0.000
    SCMI22             0.433      0.036     12.077      0.000
    SCSJ1              0.246      0.033      7.550      0.000
    SCSJ8              0.461      0.036     12.961      0.000
    SCSJ11             0.446      0.037     12.190      0.000
    SCSJ16             0.475      0.035     13.508      0.000
    SCSJ21             0.293      0.033      8.778      0.000
    SCIS4              0.633      0.028     22.611      0.000
    SCIS13             0.513      0.032     16.107      0.000
    SCIS18             0.560      0.033     17.075      0.000
    SCIS25             0.586      0.029     20.437      0.000
    SCOI2              0.661      0.026     25.091      0.000
    SCOI6              0.643      0.025     25.646      0.000
    SCOI20             0.389      0.035     11.032      0.000
    SCOI24             0.397      0.034     11.510      0.000


TECHNICAL 4 OUTPUT


     ESTIMATES DERIVED FROM THE MODEL


           ESTIMATED MEANS FOR THE LATENT VARIABLES
              POS           NEG
              ________      ________
                0.000         0.000


           S.E. FOR ESTIMATED MEANS FOR THE LATENT VARIABLES
              POS           NEG
              ________      ________
                0.000         0.000


           EST./S.E. FOR ESTIMATED MEANS FOR THE LATENT VARIABLES
              POS           NEG
              ________      ________
                0.000         0.000


           TWO-TAILED P-VALUE FOR ESTIMATED MEANS FOR THE LATENT VARIABLES
              POS           NEG
              ________      ________
                1.000         1.000


           ESTIMATED COVARIANCE MATRIX FOR THE LATENT VARIABLES
              POS           NEG
              ________      ________
 POS            1.000
 NEG           -0.040         1.000


           S.E. FOR ESTIMATED COVARIANCE MATRIX FOR THE LATENT VARIABLES
              POS           NEG
              ________      ________
 POS            0.000
 NEG            0.110         0.000


           EST./S.E. FOR ESTIMATED COVARIANCE MATRIX FOR THE LATENT VARIABLES
              POS           NEG
              ________      ________
 POS      ***********
 NEG           -0.362   ***********


           TWO-TAILED P-VALUE FOR ESTIMATED COVARIANCE MATRIX FOR THE LATENT VARIABLES
              POS           NEG
              ________      ________
 POS            0.000
 NEG            0.718         0.000


           ESTIMATED CORRELATION MATRIX FOR THE LATENT VARIABLES
              POS           NEG
              ________      ________
 POS            1.000
 NEG           -0.040         1.000


           S.E. FOR ESTIMATED CORRELATION MATRIX FOR THE LATENT VARIABLES
              POS           NEG
              ________      ________
 POS            0.000
 NEG            0.110         0.000


           EST./S.E. FOR ESTIMATED CORRELATION MATRIX FOR THE LATENT VARIABLES
              POS           NEG
              ________      ________
 POS          999.000
 NEG           -0.362       999.000


           TWO-TAILED P-VALUE FOR ESTIMATED CORRELATION MATRIX FOR THE LATENT VARIABLES
              POS           NEG
              ________      ________
 POS            0.000
 NEG            0.718         0.000


     Beginning Time:  05:41:20
        Ending Time:  05:41:20
       Elapsed Time:  00:00:00



MUTHEN & MUTHEN
3463 Stoner Ave.
Los Angeles, CA  90066

Tel: (310) 391-9971
Fax: (310) 391-8971
Web: www.StatModel.com
Support: Support@StatModel.com

Copyright (c) 1998-2021 Muthen & Muthen
