Mplus VERSION 8.6 (Mac)
MUTHEN & MUTHEN
10/31/2022   3:53 PM

INPUT INSTRUCTIONS

  TITLE: Model 3b: Six-factor ESEM.
  DATA:
  FILE = "semdata.dat";

  VARIABLE:
  NAMES =
    scsj1 scoi2 scch3 scis4 scsk5 scoi6 scch7 scsj8 scmi9 scch10 scsj11 scsk12
    scis13 scmi14 scch15 scsj16 scmi17 scis18 scsk19 scoi20 scsj21 scmi22 scsk23
    scoi24 scis25 scsk26
    ptgi_al ptgi_np ptgi_ps ptgi_sp ptgi_ro
    iesr_a iesr_i iesr_h
    cope_pa cope_po
    mspss_fa mspss_fr mspss_so
    neuro_na neuro_sr
    extra_pa extra_so extra_ac;

  MISSING = .;

  USEVARIABLES ARE
    scsj1 scoi2 scch3 scis4 scsk5 scoi6 scch7 scsj8 scmi9 scch10 scsj11 scsk12
    scis13 scmi14 scch15 scsj16 scmi17 scis18 scsk19 scoi20 scsj21 scmi22 scsk23
    scoi24 scis25 scsk26;

  ! Specifying that we're treating the variables as categorical.
  CATEGORICAL ARE all;

  ANALYSIS:
  ! Requesting the weighted least squares mean- and variance-adjusted estimator
  ESTIMATOR = WLSMV;
  PROCESSORS = 6;
  ROTATION = TARGET;

  MODEL:

  sk BY
    scsk5 scsk12 scsk19 scsk23 scsk26 scsj1~0 scsj8~0 scsj11~0 scsj16~0
    scsj21~0 scch3~0 scch7~0 scch10~0 scch15~0 scis4~0 scis13~0 scis18~0
    scis25~0 scmi9~0 scmi14~0 scmi17~0 scmi22~0 scoi2~0 scoi6~0 scoi20~0
    scoi24~0 (*1);

  sj BY
    scsk5~0 scsk12~0 scsk19~0 scsk23~0 scsk26~0 scsj1 scsj8 scsj11 scsj16
    scsj21 scch3~0 scch7~0 scch10~0 scch15~0 scis4~0 scis13~0 scis18~0
    scis25~0 scmi9~0 scmi14~0 scmi17~0 scmi22~0 scoi2~0 scoi6~0 scoi20~0
    scoi24~0 (*1);

  ch BY
    scsk5~0 scsk12~0 scsk19~0 scsk23~0 scsk26~0 scsj1~0 scsj8~0 scsj11~0
    scsj16~0 scsj21~0 scch3 scch7 scch10 scch15 scis4~0 scis13~0 scis18~0
    scis25~0 scmi9~0 scmi14~0 scmi17~0 scmi22~0 scoi2~0 scoi6~0 scoi20~0
    scoi24~0 (*1);

  is BY
    scsk5~0 scsk12~0 scsk19~0 scsk23~0 scsk26~0 scsj1~0 scsj8~0 scsj11~0
    scsj16~0 scsj21~0 scch3~0 scch7~0 scch10~0 scch15~0 scis4 scis13 scis18
    scis25 scmi9~0 scmi14~0 scmi17~0 scmi22~0 scoi2~0 scoi6~0 scoi20~0
    scoi24~0 (*1);

  mi BY
    scsk5~0 scsk12~0 scsk19~0 scsk23~0 scsk26~0 scsj1~0 scsj8~0 scsj11~0
    scsj16~0 scsj21~0 scch3~0 scch7~0 scch10~0 scch15~0 scis4~0 scis13~0
    scis18~0 scis25~0 scmi9 scmi14 scmi17 scmi22 scoi2~0 scoi6~0 scoi20~0
    scoi24~0 (*1);

  oi BY
    scsk5~0 scsk12~0 scsk19~0 scsk23~0 scsk26~0 scsj1~0 scsj8~0 scsj11~0
    scsj16~0 scsj21~0 scch3~0 scch7~0 scch10~0 scch15~0 scis4~0 scis13~0
    scis18~0 scis25~0 scmi9~0 scmi14~0 scmi17~0 scmi22~0 scoi2 scoi6
    scoi20 scoi24 (*1);

  ! Requesting standardized parameter estimates and modification indices
  OUTPUT:
  stdyx;
  ! tech4;
  ! MODINDICES (ALL);



INPUT READING TERMINATED NORMALLY



Model 3b: Six-factor ESEM.

SUMMARY OF ANALYSIS

Number of groups                                                 1
Number of observations                                        1068

Number of dependent variables                                   26
Number of independent variables                                  0
Number of continuous latent variables                            6

Observed dependent variables

  Binary and ordered categorical (ordinal)
   SCSJ1       SCOI2       SCCH3       SCIS4       SCSK5       SCOI6
   SCCH7       SCSJ8       SCMI9       SCCH10      SCSJ11      SCSK12
   SCIS13      SCMI14      SCCH15      SCSJ16      SCMI17      SCIS18
   SCSK19      SCOI20      SCSJ21      SCMI22      SCSK23      SCOI24
   SCIS25      SCSK26

Continuous latent variables

  EFA factors
  *1:   SK          SJ          CH          IS          MI          OI


Estimator                                                    WLSMV
Rotation                                                    TARGET
Row standardization                                    CORRELATION
Type of rotation                                           OBLIQUE
Maximum number of iterations                                  1000
Convergence criterion                                    0.500D-04
Maximum number of steepest descent iterations                   20
Maximum number of iterations for H1                           2000
Convergence criterion for H1                             0.100D-03
Optimization Specifications for the Exploratory Factor Analysis
Rotation Algorithm
  Number of random starts                                       30
  Maximum number of iterations                             1000000
  Derivative convergence criterion                       0.100D-04
Parameterization                                             DELTA
Link                                                        PROBIT

Input data file(s)
  semdata.dat

Input data format  FREE


SUMMARY OF DATA

     Number of missing data patterns             1


COVARIANCE COVERAGE OF DATA

Minimum covariance coverage value   0.100


     PROPORTION OF DATA PRESENT


           Covariance Coverage
              SCSJ1         SCOI2         SCCH3         SCIS4         SCSK5
              ________      ________      ________      ________      ________
 SCSJ1          1.000
 SCOI2          1.000         1.000
 SCCH3          1.000         1.000         1.000
 SCIS4          1.000         1.000         1.000         1.000
 SCSK5          1.000         1.000         1.000         1.000         1.000
 SCOI6          1.000         1.000         1.000         1.000         1.000
 SCCH7          1.000         1.000         1.000         1.000         1.000
 SCSJ8          1.000         1.000         1.000         1.000         1.000
 SCMI9          1.000         1.000         1.000         1.000         1.000
 SCCH10         1.000         1.000         1.000         1.000         1.000
 SCSJ11         1.000         1.000         1.000         1.000         1.000
 SCSK12         1.000         1.000         1.000         1.000         1.000
 SCIS13         1.000         1.000         1.000         1.000         1.000
 SCMI14         1.000         1.000         1.000         1.000         1.000
 SCCH15         1.000         1.000         1.000         1.000         1.000
 SCSJ16         1.000         1.000         1.000         1.000         1.000
 SCMI17         1.000         1.000         1.000         1.000         1.000
 SCIS18         1.000         1.000         1.000         1.000         1.000
 SCSK19         1.000         1.000         1.000         1.000         1.000
 SCOI20         1.000         1.000         1.000         1.000         1.000
 SCSJ21         1.000         1.000         1.000         1.000         1.000
 SCMI22         1.000         1.000         1.000         1.000         1.000
 SCSK23         1.000         1.000         1.000         1.000         1.000
 SCOI24         1.000         1.000         1.000         1.000         1.000
 SCIS25         1.000         1.000         1.000         1.000         1.000
 SCSK26         1.000         1.000         1.000         1.000         1.000


           Covariance Coverage
              SCOI6         SCCH7         SCSJ8         SCMI9         SCCH10
              ________      ________      ________      ________      ________
 SCOI6          1.000
 SCCH7          1.000         1.000
 SCSJ8          1.000         1.000         1.000
 SCMI9          1.000         1.000         1.000         1.000
 SCCH10         1.000         1.000         1.000         1.000         1.000
 SCSJ11         1.000         1.000         1.000         1.000         1.000
 SCSK12         1.000         1.000         1.000         1.000         1.000
 SCIS13         1.000         1.000         1.000         1.000         1.000
 SCMI14         1.000         1.000         1.000         1.000         1.000
 SCCH15         1.000         1.000         1.000         1.000         1.000
 SCSJ16         1.000         1.000         1.000         1.000         1.000
 SCMI17         1.000         1.000         1.000         1.000         1.000
 SCIS18         1.000         1.000         1.000         1.000         1.000
 SCSK19         1.000         1.000         1.000         1.000         1.000
 SCOI20         1.000         1.000         1.000         1.000         1.000
 SCSJ21         1.000         1.000         1.000         1.000         1.000
 SCMI22         1.000         1.000         1.000         1.000         1.000
 SCSK23         1.000         1.000         1.000         1.000         1.000
 SCOI24         1.000         1.000         1.000         1.000         1.000
 SCIS25         1.000         1.000         1.000         1.000         1.000
 SCSK26         1.000         1.000         1.000         1.000         1.000


           Covariance Coverage
              SCSJ11        SCSK12        SCIS13        SCMI14        SCCH15
              ________      ________      ________      ________      ________
 SCSJ11         1.000
 SCSK12         1.000         1.000
 SCIS13         1.000         1.000         1.000
 SCMI14         1.000         1.000         1.000         1.000
 SCCH15         1.000         1.000         1.000         1.000         1.000
 SCSJ16         1.000         1.000         1.000         1.000         1.000
 SCMI17         1.000         1.000         1.000         1.000         1.000
 SCIS18         1.000         1.000         1.000         1.000         1.000
 SCSK19         1.000         1.000         1.000         1.000         1.000
 SCOI20         1.000         1.000         1.000         1.000         1.000
 SCSJ21         1.000         1.000         1.000         1.000         1.000
 SCMI22         1.000         1.000         1.000         1.000         1.000
 SCSK23         1.000         1.000         1.000         1.000         1.000
 SCOI24         1.000         1.000         1.000         1.000         1.000
 SCIS25         1.000         1.000         1.000         1.000         1.000
 SCSK26         1.000         1.000         1.000         1.000         1.000


           Covariance Coverage
              SCSJ16        SCMI17        SCIS18        SCSK19        SCOI20
              ________      ________      ________      ________      ________
 SCSJ16         1.000
 SCMI17         1.000         1.000
 SCIS18         1.000         1.000         1.000
 SCSK19         1.000         1.000         1.000         1.000
 SCOI20         1.000         1.000         1.000         1.000         1.000
 SCSJ21         1.000         1.000         1.000         1.000         1.000
 SCMI22         1.000         1.000         1.000         1.000         1.000
 SCSK23         1.000         1.000         1.000         1.000         1.000
 SCOI24         1.000         1.000         1.000         1.000         1.000
 SCIS25         1.000         1.000         1.000         1.000         1.000
 SCSK26         1.000         1.000         1.000         1.000         1.000


           Covariance Coverage
              SCSJ21        SCMI22        SCSK23        SCOI24        SCIS25
              ________      ________      ________      ________      ________
 SCSJ21         1.000
 SCMI22         1.000         1.000
 SCSK23         1.000         1.000         1.000
 SCOI24         1.000         1.000         1.000         1.000
 SCIS25         1.000         1.000         1.000         1.000         1.000
 SCSK26         1.000         1.000         1.000         1.000         1.000


           Covariance Coverage
              SCSK26
              ________
 SCSK26         1.000


UNIVARIATE PROPORTIONS AND COUNTS FOR CATEGORICAL VARIABLES

    SCSJ1
      Category 1    0.043           46.000
      Category 2    0.092           98.000
      Category 3    0.247          264.000
      Category 4    0.332          355.000
      Category 5    0.286          305.000
    SCOI2
      Category 1    0.235          251.000
      Category 2    0.225          240.000
      Category 3    0.204          218.000
      Category 4    0.196          209.000
      Category 5    0.140          150.000
    SCCH3
      Category 1    0.063           67.000
      Category 2    0.144          154.000
      Category 3    0.326          348.000
      Category 4    0.331          354.000
      Category 5    0.136          145.000
    SCIS4
      Category 1    0.273          292.000
      Category 2    0.256          273.000
      Category 3    0.189          202.000
      Category 4    0.177          189.000
      Category 5    0.105          112.000
    SCSK5
      Category 1    0.138          147.000
      Category 2    0.272          290.000
      Category 3    0.287          306.000
      Category 4    0.205          219.000
      Category 5    0.099          106.000
    SCOI6
      Category 1    0.172          184.000
      Category 2    0.219          234.000
      Category 3    0.230          246.000
      Category 4    0.218          233.000
      Category 5    0.160          171.000
    SCCH7
      Category 1    0.228          243.000
      Category 2    0.263          281.000
      Category 3    0.259          277.000
      Category 4    0.169          180.000
      Category 5    0.081           87.000
    SCSJ8
      Category 1    0.159          170.000
      Category 2    0.222          237.000
      Category 3    0.235          251.000
      Category 4    0.244          261.000
      Category 5    0.140          149.000
    SCMI9
      Category 1    0.039           42.000
      Category 2    0.130          139.000
      Category 3    0.320          342.000
      Category 4    0.346          370.000
      Category 5    0.164          175.000
    SCCH10
      Category 1    0.203          217.000
      Category 2    0.272          290.000
      Category 3    0.288          308.000
      Category 4    0.179          191.000
      Category 5    0.058           62.000
    SCSJ11
      Category 1    0.170          182.000
      Category 2    0.258          276.000
      Category 3    0.240          256.000
      Category 4    0.217          232.000
      Category 5    0.114          122.000
    SCSK12
      Category 1    0.161          172.000
      Category 2    0.313          334.000
      Category 3    0.277          296.000
      Category 4    0.176          188.000
      Category 5    0.073           78.000
    SCIS13
      Category 1    0.214          229.000
      Category 2    0.219          234.000
      Category 3    0.198          211.000
      Category 4    0.245          262.000
      Category 5    0.124          132.000
    SCMI14
      Category 1    0.044           47.000
      Category 2    0.140          150.000
      Category 3    0.304          325.000
      Category 4    0.348          372.000
      Category 5    0.163          174.000
    SCCH15
      Category 1    0.090           96.000
      Category 2    0.199          212.000
      Category 3    0.319          341.000
      Category 4    0.270          288.000
      Category 5    0.123          131.000
    SCSJ16
      Category 1    0.165          176.000
      Category 2    0.221          236.000
      Category 3    0.222          237.000
      Category 4    0.256          273.000
      Category 5    0.137          146.000
    SCMI17
      Category 1    0.046           49.000
      Category 2    0.177          189.000
      Category 3    0.346          369.000
      Category 4    0.327          349.000
      Category 5    0.105          112.000
    SCIS18
      Category 1    0.160          171.000
      Category 2    0.201          215.000
      Category 3    0.228          244.000
      Category 4    0.265          283.000
      Category 5    0.145          155.000
    SCSK19
      Category 1    0.145          155.000
      Category 2    0.278          297.000
      Category 3    0.314          335.000
      Category 4    0.185          198.000
      Category 5    0.078           83.000
    SCOI20
      Category 1    0.227          242.000
      Category 2    0.264          282.000
      Category 3    0.254          271.000
      Category 4    0.164          175.000
      Category 5    0.092           98.000
    SCSJ21
      Category 1    0.138          147.000
      Category 2    0.247          264.000
      Category 3    0.298          318.000
      Category 4    0.226          241.000
      Category 5    0.092           98.000
    SCMI22
      Category 1    0.120          128.000
      Category 2    0.255          272.000
      Category 3    0.317          339.000
      Category 4    0.226          241.000
      Category 5    0.082           88.000
    SCSK23
      Category 1    0.145          155.000
      Category 2    0.301          321.000
      Category 3    0.297          317.000
      Category 4    0.183          195.000
      Category 5    0.075           80.000
    SCOI24
      Category 1    0.356          380.000
      Category 2    0.286          305.000
      Category 3    0.178          190.000
      Category 4    0.120          128.000
      Category 5    0.061           65.000
    SCIS25
      Category 1    0.237          253.000
      Category 2    0.196          209.000
      Category 3    0.212          226.000
      Category 4    0.224          239.000
      Category 5    0.132          141.000
    SCSK26
      Category 1    0.117          125.000
      Category 2    0.305          326.000
      Category 3    0.326          348.000
      Category 4    0.199          212.000
      Category 5    0.053           57.000



THE MODEL ESTIMATION TERMINATED NORMALLY



MODEL FIT INFORMATION

Number of Free Parameters                      245

Chi-Square Test of Model Fit

          Value                            691.244*
          Degrees of Freedom                   184
          P-Value                           0.0000

*   The chi-square value for MLM, MLMV, MLR, ULSMV, WLSM and WLSMV cannot be used
    for chi-square difference testing in the regular way.  MLM, MLR and WLSM
    chi-square difference testing is described on the Mplus website.  MLMV, WLSMV,
    and ULSMV difference testing is done using the DIFFTEST option.

RMSEA (Root Mean Square Error Of Approximation)

          Estimate                           0.051
          90 Percent C.I.                    0.047  0.055
          Probability RMSEA <= .05           0.364

CFI/TLI

          CFI                                0.983
          TLI                                0.970

Chi-Square Test of Model Fit for the Baseline Model

          Value                          29932.742
          Degrees of Freedom                   325
          P-Value                           0.0000

SRMR (Standardized Root Mean Square Residual)

          Value                              0.016

Optimum Function Value for Weighted Least-Squares Estimator

          Value                     0.92283612D-01



MODEL RESULTS

                                                    Two-Tailed
                    Estimate       S.E.  Est./S.E.    P-Value

 SK       BY
    SCSK5              0.709      0.024     29.523      0.000
    SCSK12             0.834      0.020     41.311      0.000
    SCSK19             0.824      0.024     34.942      0.000
    SCSK23             0.160      0.034      4.714      0.000
    SCSK26             0.304      0.031      9.888      0.000
    SCSJ1             -0.053      0.029     -1.793      0.073
    SCSJ8             -0.207      0.023     -8.894      0.000
    SCSJ11            -0.076      0.027     -2.847      0.004
    SCSJ16            -0.048      0.026     -1.865      0.062
    SCSJ21            -0.264      0.028     -9.289      0.000
    SCCH3              0.010      0.034      0.299      0.765
    SCCH7              0.040      0.026      1.542      0.123
    SCCH10             0.003      0.026      0.127      0.899
    SCCH15             0.075      0.027      2.776      0.006
    SCIS4             -0.071      0.027     -2.606      0.009
    SCIS13            -0.035      0.021     -1.668      0.095
    SCIS18            -0.003      0.023     -0.151      0.880
    SCIS25             0.028      0.027      1.051      0.293
    SCMI9              0.099      0.028      3.548      0.000
    SCMI14             0.127      0.025      5.051      0.000
    SCMI17             0.151      0.025      6.118      0.000
    SCMI22             0.353      0.027     12.869      0.000
    SCOI2             -0.037      0.028     -1.321      0.187
    SCOI6              0.019      0.027      0.733      0.464
    SCOI20             0.221      0.027      8.027      0.000
    SCOI24             0.098      0.031      3.149      0.002

 SJ       BY
    SCSK5             -0.029      0.026     -1.111      0.267
    SCSK12             0.095      0.023      4.121      0.000
    SCSK19            -0.098      0.023     -4.227      0.000
    SCSK23            -0.473      0.025    -18.884      0.000
    SCSK26            -0.407      0.024    -16.825      0.000
    SCSJ1              0.669      0.034     19.813      0.000
    SCSJ8              0.685      0.031     21.839      0.000
    SCSJ11             0.645      0.026     24.586      0.000
    SCSJ16             0.623      0.026     24.119      0.000
    SCSJ21             0.459      0.039     11.801      0.000
    SCCH3              0.153      0.035      4.334      0.000
    SCCH7              0.057      0.027      2.135      0.033
    SCCH10             0.136      0.028      4.883      0.000
    SCCH15            -0.113      0.030     -3.746      0.000
    SCIS4              0.233      0.027      8.484      0.000
    SCIS13            -0.176      0.025     -7.000      0.000
    SCIS18             0.007      0.026      0.283      0.777
    SCIS25             0.251      0.027      9.204      0.000
    SCMI9              0.208      0.029      7.229      0.000
    SCMI14             0.111      0.025      4.496      0.000
    SCMI17             0.042      0.026      1.611      0.107
    SCMI22             0.130      0.030      4.390      0.000
    SCOI2              0.326      0.025     13.000      0.000
    SCOI6              0.334      0.025     13.443      0.000
    SCOI20             0.150      0.030      4.990      0.000
    SCOI24             0.150      0.032      4.703      0.000

 CH       BY
    SCSK5              0.101      0.025      4.020      0.000
    SCSK12             0.053      0.021      2.527      0.012
    SCSK19            -0.052      0.023     -2.285      0.022
    SCSK23             0.173      0.025      6.822      0.000
    SCSK26             0.213      0.027      8.003      0.000
    SCSJ1              0.001      0.032      0.035      0.972
    SCSJ8              0.081      0.026      3.096      0.002
    SCSJ11             0.080      0.027      2.966      0.003
    SCSJ16            -0.026      0.027     -0.965      0.335
    SCSJ21             0.053      0.031      1.692      0.091
    SCCH3              0.391      0.036     10.856      0.000
    SCCH7              0.863      0.036     23.663      0.000
    SCCH10             0.870      0.038     22.626      0.000
    SCCH15             0.433      0.031     13.746      0.000
    SCIS4              0.002      0.029      0.056      0.955
    SCIS13             0.063      0.019      3.307      0.001
    SCIS18             0.065      0.021      3.029      0.002
    SCIS25            -0.098      0.028     -3.530      0.000
    SCMI9              0.045      0.030      1.484      0.138
    SCMI14            -0.049      0.024     -2.009      0.045
    SCMI17             0.148      0.028      5.203      0.000
    SCMI22             0.211      0.029      7.271      0.000
    SCOI2             -0.008      0.027     -0.281      0.779
    SCOI6             -0.068      0.027     -2.507      0.012
    SCOI20            -0.062      0.027     -2.247      0.025
    SCOI24            -0.017      0.032     -0.520      0.603

 IS       BY
    SCSK5              0.094      0.031      3.050      0.002
    SCSK12            -0.105      0.024     -4.306      0.000
    SCSK19             0.045      0.025      1.779      0.075
    SCSK23            -0.149      0.027     -5.455      0.000
    SCSK26             0.021      0.027      0.772      0.440
    SCSJ1              0.004      0.041      0.091      0.928
    SCSJ8              0.013      0.030      0.430      0.667
    SCSJ11             0.159      0.029      5.398      0.000
    SCSJ16             0.198      0.029      6.739      0.000
    SCSJ21             0.041      0.037      1.120      0.263
    SCCH3              0.025      0.040      0.614      0.539
    SCCH7              0.154      0.027      5.784      0.000
    SCCH10             0.001      0.027      0.030      0.976
    SCCH15            -0.058      0.032     -1.791      0.073
    SCIS4              0.417      0.034     12.343      0.000
    SCIS13             0.969      0.034     28.421      0.000
    SCIS18             0.853      0.033     26.210      0.000
    SCIS25             0.431      0.033     12.892      0.000
    SCMI9              0.154      0.034      4.574      0.000
    SCMI14             0.067      0.029      2.324      0.020
    SCMI17            -0.155      0.032     -4.856      0.000
    SCMI22            -0.321      0.031    -10.194      0.000
    SCOI2              0.276      0.028      9.769      0.000
    SCOI6              0.379      0.031     12.402      0.000
    SCOI20             0.204      0.032      6.274      0.000
    SCOI24             0.224      0.036      6.168      0.000

 MI       BY
    SCSK5              0.024      0.024      1.014      0.311
    SCSK12             0.001      0.021      0.054      0.957
    SCSK19             0.148      0.020      7.506      0.000
    SCSK23             0.260      0.025     10.240      0.000
    SCSK26             0.233      0.024      9.758      0.000
    SCSJ1              0.105      0.030      3.519      0.000
    SCSJ8              0.054      0.025      2.162      0.031
    SCSJ11            -0.009      0.025     -0.373      0.709
    SCSJ16             0.016      0.024      0.650      0.516
    SCSJ21             0.162      0.030      5.387      0.000
    SCCH3              0.240      0.031      7.738      0.000
    SCCH7             -0.221      0.026     -8.647      0.000
    SCCH10            -0.098      0.027     -3.644      0.000
    SCCH15             0.320      0.025     12.960      0.000
    SCIS4             -0.069      0.026     -2.649      0.008
    SCIS13             0.023      0.022      1.062      0.288
    SCIS18             0.021      0.020      1.060      0.289
    SCIS25            -0.032      0.025     -1.310      0.190
    SCMI9              0.680      0.028     24.584      0.000
    SCMI14             0.814      0.027     30.266      0.000
    SCMI17             0.540      0.026     20.553      0.000
    SCMI22             0.202      0.030      6.741      0.000
    SCOI2             -0.136      0.024     -5.725      0.000
    SCOI6             -0.039      0.025     -1.547      0.122
    SCOI20            -0.273      0.024    -11.197      0.000
    SCOI24            -0.260      0.027     -9.536      0.000

 OI       BY
    SCSK5              0.031      0.023      1.313      0.189
    SCSK12            -0.028      0.023     -1.203      0.229
    SCSK19             0.000      0.022     -0.020      0.984
    SCSK23             0.345      0.029     11.946      0.000
    SCSK26             0.265      0.026     10.007      0.000
    SCSJ1              0.105      0.031      3.356      0.001
    SCSJ8              0.238      0.024     10.025      0.000
    SCSJ11             0.075      0.026      2.897      0.004
    SCSJ16             0.078      0.024      3.294      0.001
    SCSJ21             0.240      0.029      8.133      0.000
    SCCH3              0.022      0.034      0.659      0.510
    SCCH7             -0.094      0.027     -3.491      0.000
    SCCH10            -0.116      0.027     -4.295      0.000
    SCCH15             0.092      0.028      3.277      0.001
    SCIS4              0.327      0.028     11.570      0.000
    SCIS13             0.052      0.027      1.909      0.056
    SCIS18             0.069      0.023      3.053      0.002
    SCIS25             0.323      0.027     12.041      0.000
    SCMI9             -0.186      0.026     -7.093      0.000
    SCMI14            -0.214      0.023     -9.298      0.000
    SCMI17            -0.070      0.023     -3.086      0.002
    SCMI22             0.195      0.027      7.170      0.000
    SCOI2              0.408      0.030     13.608      0.000
    SCOI6              0.318      0.031     10.270      0.000
    SCOI20             0.475      0.038     12.508      0.000
    SCOI24             0.433      0.038     11.454      0.000

 SJ       WITH
    SK                -0.269      0.026    -10.324      0.000

 CH       WITH
    SK                 0.548      0.022     24.539      0.000
    SJ                -0.084      0.030     -2.810      0.005

 IS       WITH
    SK                -0.225      0.030     -7.633      0.000
    SJ                 0.622      0.020     31.352      0.000
    CH                -0.108      0.031     -3.510      0.000

 MI       WITH
    SK                 0.355      0.027     13.281      0.000
    SJ                -0.251      0.024    -10.310      0.000
    CH                 0.429      0.025     17.499      0.000
    IS                -0.382      0.029    -13.022      0.000

 OI       WITH
    SK                 0.015      0.030      0.500      0.617
    SJ                 0.258      0.025     10.467      0.000
    CH                 0.145      0.027      5.405      0.000
    IS                 0.447      0.033     13.658      0.000
    MI                -0.083      0.023     -3.643      0.000

 Thresholds
    SCSJ1$1           -1.716      0.068    -25.276      0.000
    SCSJ1$2           -1.104      0.048    -22.912      0.000
    SCSJ1$3           -0.300      0.039     -7.700      0.000
    SCSJ1$4            0.566      0.041     13.925      0.000
    SCOI2$1           -0.722      0.042    -17.111      0.000
    SCOI2$2           -0.101      0.038     -2.631      0.009
    SCOI2$3            0.423      0.040     10.676      0.000
    SCOI2$4            1.078      0.048     22.623      0.000
    SCCH3$1           -1.532      0.060    -25.471      0.000
    SCCH3$2           -0.817      0.043    -18.833      0.000
    SCCH3$3            0.082      0.038      2.142      0.032
    SCCH3$4            1.100      0.048     22.865      0.000
    SCIS4$1           -0.603      0.041    -14.699      0.000
    SCIS4$2            0.073      0.038      1.897      0.058
    SCIS4$3            0.577      0.041     14.163      0.000
    SCIS4$4            1.254      0.052     24.305      0.000
    SCSK5$1           -1.091      0.048    -22.769      0.000
    SCSK5$2           -0.230      0.039     -5.931      0.000
    SCSK5$3            0.512      0.040     12.727      0.000
    SCSK5$4            1.286      0.052     24.529      0.000
    SCOI6$1           -0.945      0.045    -20.876      0.000
    SCOI6$2           -0.276      0.039     -7.090      0.000
    SCOI6$3            0.310      0.039      7.943      0.000
    SCOI6$4            0.994      0.046     21.563      0.000
    SCCH7$1           -0.747      0.043    -17.575      0.000
    SCCH7$2           -0.023      0.038     -0.612      0.541
    SCCH7$3            0.674      0.042     16.176      0.000
    SCCH7$4            1.395      0.056     25.124      0.000
    SCSJ8$1           -0.998      0.046    -21.615      0.000
    SCSJ8$2           -0.303      0.039     -7.761      0.000
    SCSJ8$3            0.295      0.039      7.578      0.000
    SCSJ8$4            1.083      0.048     22.672      0.000
    SCMI9$1           -1.759      0.070    -25.130      0.000
    SCMI9$2           -0.956      0.045    -21.037      0.000
    SCMI9$3           -0.026      0.038     -0.673      0.501
    SCMI9$4            0.979      0.046     21.354      0.000
    SCCH10$1          -0.830      0.044    -19.059      0.000
    SCCH10$2          -0.063      0.038     -1.652      0.098
    SCCH10$3           0.716      0.042     16.995      0.000
    SCCH10$4           1.571      0.062     25.491      0.000
    SCSJ11$1          -0.953      0.045    -20.983      0.000
    SCSJ11$2          -0.179      0.039     -4.649      0.000
    SCSJ11$3           0.436      0.040     10.978      0.000
    SCSJ11$4           1.204      0.050     23.902      0.000
    SCSK12$1          -0.990      0.046    -21.511      0.000
    SCSK12$2          -0.066      0.038     -1.713      0.087
    SCSK12$3           0.677      0.042     16.235      0.000
    SCSK12$4           1.454      0.057     25.324      0.000
    SCIS13$1          -0.791      0.043    -18.379      0.000
    SCIS13$2          -0.167      0.039     -4.343      0.000
    SCIS13$3           0.335      0.039      8.552      0.000
    SCIS13$4           1.157      0.049     23.467      0.000
    SCMI14$1          -1.706      0.067    -25.305      0.000
    SCMI14$2          -0.899      0.045    -20.172      0.000
    SCMI14$3          -0.028      0.038     -0.734      0.463
    SCMI14$4           0.983      0.046     21.406      0.000
    SCCH15$1          -1.341      0.054    -24.867      0.000
    SCCH15$2          -0.558      0.041    -13.745      0.000
    SCCH15$3           0.273      0.039      7.029      0.000
    SCCH15$4           1.162      0.049     23.512      0.000
    SCSJ16$1          -0.975      0.046    -21.301      0.000
    SCSJ16$2          -0.290      0.039     -7.456      0.000
    SCSJ16$3           0.273      0.039      7.029      0.000
    SCSJ16$4           1.095      0.048     22.817      0.000
    SCMI17$1          -1.686      0.066    -25.357      0.000
    SCMI17$2          -0.763      0.043    -17.863      0.000
    SCMI17$3           0.172      0.039      4.465      0.000
    SCMI17$4           1.254      0.052     24.305      0.000
    SCIS18$1          -0.994      0.046    -21.563      0.000
    SCIS18$2          -0.355      0.039     -9.038      0.000
    SCIS18$3           0.227      0.039      5.870      0.000
    SCIS18$4           1.058      0.047     22.377      0.000
    SCSK19$1          -1.058      0.047    -22.377      0.000
    SCSK19$2          -0.194      0.039     -5.015      0.000
    SCSK19$3           0.634      0.041     15.351      0.000
    SCSK19$4           1.421      0.056     25.220      0.000
    SCOI20$1          -0.750      0.043    -17.633      0.000
    SCOI20$2          -0.023      0.038     -0.612      0.541
    SCOI20$3           0.657      0.042     15.824      0.000
    SCOI20$4           1.330      0.054     24.803      0.000
    SCSJ21$1          -1.091      0.048    -22.769      0.000
    SCSJ21$2          -0.293      0.039     -7.517      0.000
    SCSJ21$3           0.475      0.040     11.884      0.000
    SCSJ21$4           1.330      0.054     24.803      0.000
    SCMI22$1          -1.176      0.050    -23.645      0.000
    SCMI22$2          -0.320      0.039     -8.187      0.000
    SCMI22$3           0.501      0.040     12.486      0.000
    SCMI22$4           1.389      0.055     25.098      0.000
    SCSK23$1          -1.058      0.047    -22.377      0.000
    SCSK23$2          -0.137      0.038     -3.549      0.000
    SCSK23$3           0.651      0.041     15.706      0.000
    SCSK23$4           1.440      0.057     25.285      0.000
    SCOI24$1          -0.370      0.039     -9.403      0.000
    SCOI24$2           0.362      0.039      9.220      0.000
    SCOI24$3           0.913      0.045     20.390      0.000
    SCOI24$4           1.548      0.061     25.483      0.000
    SCIS25$1          -0.716      0.042    -16.995      0.000
    SCIS25$2          -0.170      0.039     -4.404      0.000
    SCIS25$3           0.370      0.039      9.403      0.000
    SCIS25$4           1.117      0.048     23.054      0.000
    SCSK26$1          -1.190      0.050    -23.775      0.000
    SCSK26$2          -0.196      0.039     -5.076      0.000
    SCSK26$3           0.669      0.042     16.059      0.000
    SCSK26$4           1.613      0.063     25.475      0.000

 Variances
    SK                 1.000      0.000    999.000    999.000
    SJ                 1.000      0.000    999.000    999.000
    CH                 1.000      0.000    999.000    999.000
    IS                 1.000      0.000    999.000    999.000
    MI                 1.000      0.000    999.000    999.000
    OI                 1.000      0.000    999.000    999.000


QUALITY OF NUMERICAL RESULTS

     Condition Number for the Information Matrix              0.799E-04
       (ratio of smallest to largest eigenvalue)


STANDARDIZED MODEL RESULTS


STDYX Standardization

                                                    Two-Tailed
                    Estimate       S.E.  Est./S.E.    P-Value

 SK       BY
    SCSK5              0.709      0.024     29.523      0.000
    SCSK12             0.834      0.020     41.311      0.000
    SCSK19             0.824      0.024     34.942      0.000
    SCSK23             0.160      0.034      4.714      0.000
    SCSK26             0.304      0.031      9.888      0.000
    SCSJ1             -0.053      0.029     -1.793      0.073
    SCSJ8             -0.207      0.023     -8.894      0.000
    SCSJ11            -0.076      0.027     -2.847      0.004
    SCSJ16            -0.048      0.026     -1.865      0.062
    SCSJ21            -0.264      0.028     -9.289      0.000
    SCCH3              0.010      0.034      0.299      0.765
    SCCH7              0.040      0.026      1.542      0.123
    SCCH10             0.003      0.026      0.127      0.899
    SCCH15             0.075      0.027      2.776      0.006
    SCIS4             -0.071      0.027     -2.606      0.009
    SCIS13            -0.035      0.021     -1.668      0.095
    SCIS18            -0.003      0.023     -0.151      0.880
    SCIS25             0.028      0.027      1.051      0.293
    SCMI9              0.099      0.028      3.548      0.000
    SCMI14             0.127      0.025      5.051      0.000
    SCMI17             0.151      0.025      6.118      0.000
    SCMI22             0.353      0.027     12.869      0.000
    SCOI2             -0.037      0.028     -1.321      0.187
    SCOI6              0.019      0.027      0.733      0.464
    SCOI20             0.221      0.027      8.027      0.000
    SCOI24             0.098      0.031      3.149      0.002

 SJ       BY
    SCSK5             -0.029      0.026     -1.111      0.267
    SCSK12             0.095      0.023      4.121      0.000
    SCSK19            -0.098      0.023     -4.227      0.000
    SCSK23            -0.473      0.025    -18.884      0.000
    SCSK26            -0.407      0.024    -16.825      0.000
    SCSJ1              0.669      0.034     19.813      0.000
    SCSJ8              0.685      0.031     21.839      0.000
    SCSJ11             0.645      0.026     24.586      0.000
    SCSJ16             0.623      0.026     24.119      0.000
    SCSJ21             0.459      0.039     11.801      0.000
    SCCH3              0.153      0.035      4.334      0.000
    SCCH7              0.057      0.027      2.135      0.033
    SCCH10             0.136      0.028      4.883      0.000
    SCCH15            -0.113      0.030     -3.746      0.000
    SCIS4              0.233      0.027      8.484      0.000
    SCIS13            -0.176      0.025     -7.000      0.000
    SCIS18             0.007      0.026      0.283      0.777
    SCIS25             0.251      0.027      9.204      0.000
    SCMI9              0.208      0.029      7.229      0.000
    SCMI14             0.111      0.025      4.496      0.000
    SCMI17             0.042      0.026      1.611      0.107
    SCMI22             0.130      0.030      4.390      0.000
    SCOI2              0.326      0.025     13.000      0.000
    SCOI6              0.334      0.025     13.443      0.000
    SCOI20             0.150      0.030      4.990      0.000
    SCOI24             0.150      0.032      4.703      0.000

 CH       BY
    SCSK5              0.101      0.025      4.020      0.000
    SCSK12             0.053      0.021      2.527      0.012
    SCSK19            -0.052      0.023     -2.285      0.022
    SCSK23             0.173      0.025      6.822      0.000
    SCSK26             0.213      0.027      8.003      0.000
    SCSJ1              0.001      0.032      0.035      0.972
    SCSJ8              0.081      0.026      3.096      0.002
    SCSJ11             0.080      0.027      2.966      0.003
    SCSJ16            -0.026      0.027     -0.965      0.335
    SCSJ21             0.053      0.031      1.692      0.091
    SCCH3              0.391      0.036     10.856      0.000
    SCCH7              0.863      0.036     23.663      0.000
    SCCH10             0.870      0.038     22.626      0.000
    SCCH15             0.433      0.031     13.746      0.000
    SCIS4              0.002      0.029      0.056      0.955
    SCIS13             0.063      0.019      3.307      0.001
    SCIS18             0.065      0.021      3.029      0.002
    SCIS25            -0.098      0.028     -3.530      0.000
    SCMI9              0.045      0.030      1.484      0.138
    SCMI14            -0.049      0.024     -2.009      0.045
    SCMI17             0.148      0.028      5.203      0.000
    SCMI22             0.211      0.029      7.271      0.000
    SCOI2             -0.008      0.027     -0.281      0.779
    SCOI6             -0.068      0.027     -2.507      0.012
    SCOI20            -0.062      0.027     -2.247      0.025
    SCOI24            -0.017      0.032     -0.520      0.603

 IS       BY
    SCSK5              0.094      0.031      3.050      0.002
    SCSK12            -0.105      0.024     -4.306      0.000
    SCSK19             0.045      0.025      1.779      0.075
    SCSK23            -0.149      0.027     -5.455      0.000
    SCSK26             0.021      0.027      0.772      0.440
    SCSJ1              0.004      0.041      0.091      0.928
    SCSJ8              0.013      0.030      0.430      0.667
    SCSJ11             0.159      0.029      5.398      0.000
    SCSJ16             0.198      0.029      6.739      0.000
    SCSJ21             0.041      0.037      1.120      0.263
    SCCH3              0.025      0.040      0.614      0.539
    SCCH7              0.154      0.027      5.784      0.000
    SCCH10             0.001      0.027      0.030      0.976
    SCCH15            -0.058      0.032     -1.791      0.073
    SCIS4              0.417      0.034     12.343      0.000
    SCIS13             0.969      0.034     28.421      0.000
    SCIS18             0.853      0.033     26.210      0.000
    SCIS25             0.431      0.033     12.892      0.000
    SCMI9              0.154      0.034      4.574      0.000
    SCMI14             0.067      0.029      2.324      0.020
    SCMI17            -0.155      0.032     -4.856      0.000
    SCMI22            -0.321      0.031    -10.194      0.000
    SCOI2              0.276      0.028      9.769      0.000
    SCOI6              0.379      0.031     12.402      0.000
    SCOI20             0.204      0.032      6.274      0.000
    SCOI24             0.224      0.036      6.168      0.000

 MI       BY
    SCSK5              0.024      0.024      1.014      0.311
    SCSK12             0.001      0.021      0.054      0.957
    SCSK19             0.148      0.020      7.506      0.000
    SCSK23             0.260      0.025     10.240      0.000
    SCSK26             0.233      0.024      9.758      0.000
    SCSJ1              0.105      0.030      3.519      0.000
    SCSJ8              0.054      0.025      2.162      0.031
    SCSJ11            -0.009      0.025     -0.373      0.709
    SCSJ16             0.016      0.024      0.650      0.516
    SCSJ21             0.162      0.030      5.387      0.000
    SCCH3              0.240      0.031      7.738      0.000
    SCCH7             -0.221      0.026     -8.647      0.000
    SCCH10            -0.098      0.027     -3.644      0.000
    SCCH15             0.320      0.025     12.960      0.000
    SCIS4             -0.069      0.026     -2.649      0.008
    SCIS13             0.023      0.022      1.062      0.288
    SCIS18             0.021      0.020      1.060      0.289
    SCIS25            -0.032      0.025     -1.310      0.190
    SCMI9              0.680      0.028     24.584      0.000
    SCMI14             0.814      0.027     30.266      0.000
    SCMI17             0.540      0.026     20.553      0.000
    SCMI22             0.202      0.030      6.741      0.000
    SCOI2             -0.136      0.024     -5.725      0.000
    SCOI6             -0.039      0.025     -1.547      0.122
    SCOI20            -0.273      0.024    -11.197      0.000
    SCOI24            -0.260      0.027     -9.536      0.000

 OI       BY
    SCSK5              0.031      0.023      1.313      0.189
    SCSK12            -0.028      0.023     -1.203      0.229
    SCSK19             0.000      0.022     -0.020      0.984
    SCSK23             0.345      0.029     11.946      0.000
    SCSK26             0.265      0.026     10.007      0.000
    SCSJ1              0.105      0.031      3.356      0.001
    SCSJ8              0.238      0.024     10.025      0.000
    SCSJ11             0.075      0.026      2.897      0.004
    SCSJ16             0.078      0.024      3.294      0.001
    SCSJ21             0.240      0.029      8.133      0.000
    SCCH3              0.022      0.034      0.659      0.510
    SCCH7             -0.094      0.027     -3.491      0.000
    SCCH10            -0.116      0.027     -4.295      0.000
    SCCH15             0.092      0.028      3.277      0.001
    SCIS4              0.327      0.028     11.570      0.000
    SCIS13             0.052      0.027      1.909      0.056
    SCIS18             0.069      0.023      3.053      0.002
    SCIS25             0.323      0.027     12.041      0.000
    SCMI9             -0.186      0.026     -7.093      0.000
    SCMI14            -0.214      0.023     -9.298      0.000
    SCMI17            -0.070      0.023     -3.086      0.002
    SCMI22             0.195      0.027      7.170      0.000
    SCOI2              0.408      0.030     13.608      0.000
    SCOI6              0.318      0.031     10.270      0.000
    SCOI20             0.475      0.038     12.508      0.000
    SCOI24             0.433      0.038     11.454      0.000

 SJ       WITH
    SK                -0.269      0.026    -10.324      0.000

 CH       WITH
    SK                 0.548      0.022     24.539      0.000
    SJ                -0.084      0.030     -2.810      0.005

 IS       WITH
    SK                -0.225      0.030     -7.633      0.000
    SJ                 0.622      0.020     31.352      0.000
    CH                -0.108      0.031     -3.510      0.000

 MI       WITH
    SK                 0.355      0.027     13.281      0.000
    SJ                -0.251      0.024    -10.310      0.000
    CH                 0.429      0.025     17.499      0.000
    IS                -0.382      0.029    -13.022      0.000

 OI       WITH
    SK                 0.015      0.030      0.500      0.617
    SJ                 0.258      0.025     10.467      0.000
    CH                 0.145      0.027      5.405      0.000
    IS                 0.447      0.033     13.658      0.000
    MI                -0.083      0.023     -3.643      0.000

 Thresholds
    SCSJ1$1           -1.716      0.068    -25.276      0.000
    SCSJ1$2           -1.104      0.048    -22.912      0.000
    SCSJ1$3           -0.300      0.039     -7.700      0.000
    SCSJ1$4            0.566      0.041     13.925      0.000
    SCOI2$1           -0.722      0.042    -17.111      0.000
    SCOI2$2           -0.101      0.038     -2.631      0.009
    SCOI2$3            0.423      0.040     10.676      0.000
    SCOI2$4            1.078      0.048     22.623      0.000
    SCCH3$1           -1.532      0.060    -25.471      0.000
    SCCH3$2           -0.817      0.043    -18.833      0.000
    SCCH3$3            0.082      0.038      2.142      0.032
    SCCH3$4            1.100      0.048     22.865      0.000
    SCIS4$1           -0.603      0.041    -14.699      0.000
    SCIS4$2            0.073      0.038      1.897      0.058
    SCIS4$3            0.577      0.041     14.163      0.000
    SCIS4$4            1.254      0.052     24.305      0.000
    SCSK5$1           -1.091      0.048    -22.769      0.000
    SCSK5$2           -0.230      0.039     -5.931      0.000
    SCSK5$3            0.512      0.040     12.727      0.000
    SCSK5$4            1.286      0.052     24.529      0.000
    SCOI6$1           -0.945      0.045    -20.876      0.000
    SCOI6$2           -0.276      0.039     -7.090      0.000
    SCOI6$3            0.310      0.039      7.943      0.000
    SCOI6$4            0.994      0.046     21.563      0.000
    SCCH7$1           -0.747      0.043    -17.575      0.000
    SCCH7$2           -0.023      0.038     -0.612      0.541
    SCCH7$3            0.674      0.042     16.176      0.000
    SCCH7$4            1.395      0.056     25.124      0.000
    SCSJ8$1           -0.998      0.046    -21.615      0.000
    SCSJ8$2           -0.303      0.039     -7.761      0.000
    SCSJ8$3            0.295      0.039      7.578      0.000
    SCSJ8$4            1.083      0.048     22.672      0.000
    SCMI9$1           -1.759      0.070    -25.130      0.000
    SCMI9$2           -0.956      0.045    -21.037      0.000
    SCMI9$3           -0.026      0.038     -0.673      0.501
    SCMI9$4            0.979      0.046     21.354      0.000
    SCCH10$1          -0.830      0.044    -19.059      0.000
    SCCH10$2          -0.063      0.038     -1.652      0.098
    SCCH10$3           0.716      0.042     16.995      0.000
    SCCH10$4           1.571      0.062     25.491      0.000
    SCSJ11$1          -0.953      0.045    -20.983      0.000
    SCSJ11$2          -0.179      0.039     -4.649      0.000
    SCSJ11$3           0.436      0.040     10.978      0.000
    SCSJ11$4           1.204      0.050     23.902      0.000
    SCSK12$1          -0.990      0.046    -21.511      0.000
    SCSK12$2          -0.066      0.038     -1.713      0.087
    SCSK12$3           0.677      0.042     16.235      0.000
    SCSK12$4           1.454      0.057     25.324      0.000
    SCIS13$1          -0.791      0.043    -18.379      0.000
    SCIS13$2          -0.167      0.039     -4.343      0.000
    SCIS13$3           0.335      0.039      8.552      0.000
    SCIS13$4           1.157      0.049     23.467      0.000
    SCMI14$1          -1.706      0.067    -25.305      0.000
    SCMI14$2          -0.899      0.045    -20.172      0.000
    SCMI14$3          -0.028      0.038     -0.734      0.463
    SCMI14$4           0.983      0.046     21.406      0.000
    SCCH15$1          -1.341      0.054    -24.867      0.000
    SCCH15$2          -0.558      0.041    -13.745      0.000
    SCCH15$3           0.273      0.039      7.029      0.000
    SCCH15$4           1.162      0.049     23.512      0.000
    SCSJ16$1          -0.975      0.046    -21.301      0.000
    SCSJ16$2          -0.290      0.039     -7.456      0.000
    SCSJ16$3           0.273      0.039      7.029      0.000
    SCSJ16$4           1.095      0.048     22.817      0.000
    SCMI17$1          -1.686      0.066    -25.357      0.000
    SCMI17$2          -0.763      0.043    -17.863      0.000
    SCMI17$3           0.172      0.039      4.465      0.000
    SCMI17$4           1.254      0.052     24.305      0.000
    SCIS18$1          -0.994      0.046    -21.563      0.000
    SCIS18$2          -0.355      0.039     -9.038      0.000
    SCIS18$3           0.227      0.039      5.870      0.000
    SCIS18$4           1.058      0.047     22.377      0.000
    SCSK19$1          -1.058      0.047    -22.377      0.000
    SCSK19$2          -0.194      0.039     -5.015      0.000
    SCSK19$3           0.634      0.041     15.351      0.000
    SCSK19$4           1.421      0.056     25.220      0.000
    SCOI20$1          -0.750      0.043    -17.633      0.000
    SCOI20$2          -0.023      0.038     -0.612      0.541
    SCOI20$3           0.657      0.042     15.824      0.000
    SCOI20$4           1.330      0.054     24.803      0.000
    SCSJ21$1          -1.091      0.048    -22.769      0.000
    SCSJ21$2          -0.293      0.039     -7.517      0.000
    SCSJ21$3           0.475      0.040     11.884      0.000
    SCSJ21$4           1.330      0.054     24.803      0.000
    SCMI22$1          -1.176      0.050    -23.645      0.000
    SCMI22$2          -0.320      0.039     -8.187      0.000
    SCMI22$3           0.501      0.040     12.486      0.000
    SCMI22$4           1.389      0.055     25.098      0.000
    SCSK23$1          -1.058      0.047    -22.377      0.000
    SCSK23$2          -0.137      0.038     -3.549      0.000
    SCSK23$3           0.651      0.041     15.706      0.000
    SCSK23$4           1.440      0.057     25.285      0.000
    SCOI24$1          -0.370      0.039     -9.403      0.000
    SCOI24$2           0.362      0.039      9.220      0.000
    SCOI24$3           0.913      0.045     20.390      0.000
    SCOI24$4           1.548      0.061     25.483      0.000
    SCIS25$1          -0.716      0.042    -16.995      0.000
    SCIS25$2          -0.170      0.039     -4.404      0.000
    SCIS25$3           0.370      0.039      9.403      0.000
    SCIS25$4           1.117      0.048     23.054      0.000
    SCSK26$1          -1.190      0.050    -23.775      0.000
    SCSK26$2          -0.196      0.039     -5.076      0.000
    SCSK26$3           0.669      0.042     16.059      0.000
    SCSK26$4           1.613      0.063     25.475      0.000

 Variances
    SK                 1.000      0.000    999.000    999.000
    SJ                 1.000      0.000    999.000    999.000
    CH                 1.000      0.000    999.000    999.000
    IS                 1.000      0.000    999.000    999.000
    MI                 1.000      0.000    999.000    999.000
    OI                 1.000      0.000    999.000    999.000


R-SQUARE

    Observed                                        Two-Tailed   Residual
    Variable        Estimate       S.E.  Est./S.E.    P-Value    Variance

    SCSJ1              0.490      0.026     18.664      0.000      0.510
    SCOI2              0.725      0.018     39.350      0.000      0.275
    SCCH3              0.294      0.026     11.268      0.000      0.706
    SCIS4              0.686      0.019     35.809      0.000      0.314
    SCSK5              0.595      0.022     27.104      0.000      0.405
    SCOI6              0.700      0.018     39.833      0.000      0.300
    SCCH7              0.659      0.041     15.959      0.000      0.341
    SCSJ8              0.705      0.020     35.234      0.000      0.295
    SCMI9              0.495      0.026     19.011      0.000      0.505
    SCCH10             0.676      0.039     17.257      0.000      0.324
    SCSJ11             0.641      0.022     28.911      0.000      0.359
    SCSK12             0.754      0.020     38.468      0.000      0.246
    SCIS13             0.790      0.025     31.059      0.000      0.210
    SCMI14             0.694      0.026     26.620      0.000      0.306
    SCCH15             0.549      0.024     22.940      0.000      0.451
    SCSJ16             0.645      0.021     31.169      0.000      0.355
    SCMI17             0.585      0.023     25.993      0.000      0.415
    SCIS18             0.775      0.022     34.885      0.000      0.225
    SCSK19             0.772      0.019     40.957      0.000      0.228
    SCOI20             0.581      0.025     22.850      0.000      0.419
    SCSJ21             0.438      0.027     16.346      0.000      0.562
    SCMI22             0.523      0.024     21.794      0.000      0.477
    SCSK23             0.710      0.024     29.328      0.000      0.290
    SCOI24             0.548      0.026     21.384      0.000      0.452
    SCIS25             0.676      0.019     35.062      0.000      0.324
    SCSK26             0.660      0.021     30.908      0.000      0.340


     Beginning Time:  15:53:40
        Ending Time:  15:53:41
       Elapsed Time:  00:00:01



MUTHEN & MUTHEN
3463 Stoner Ave.
Los Angeles, CA  90066

Tel: (310) 391-9971
Fax: (310) 391-8971
Web: www.StatModel.com
Support: Support@StatModel.com

Copyright (c) 1998-2021 Muthen & Muthen
