Mplus VERSION 8.6 (Mac)
MUTHEN & MUTHEN
11/03/2022   4:14 PM

INPUT INSTRUCTIONS

  TITLE: Model 4b: Bifactor-ESEM (1 G- and 6 S-factors).
  DATA:
  FILE = "semdata.dat";

  VARIABLE:
  NAMES =
    scsj1 scoi2 scch3 scis4 scsk5 scoi6 scch7 scsj8 scmi9 scch10 scsj11 scsk12
    scis13 scmi14 scch15 scsj16 scmi17 scis18 scsk19 scoi20 scsj21 scmi22 scsk23
    scoi24 scis25 scsk26
    ptgi_al ptgi_np ptgi_ps ptgi_sp ptgi_ro
    iesr_a iesr_i iesr_h
    cope_pa cope_po
    mspss_fa mspss_fr mspss_so
    neuro_na neuro_sr
    extra_pa extra_so extra_ac
    ;

  MISSING = .;

  USEVARIABLES ARE
    scsj1 scoi2 scch3 scis4 scsk5 scoi6 scch7 scsj8 scmi9 scch10 scsj11 scsk12
    scis13 scmi14 scch15 scsj16 scmi17 scis18 scsk19 scoi20 scsj21 scmi22 scsk23
    scoi24 scis25 scsk26;

  ! Specifying that we're treating the variables as categorical.
  ! CATEGORICAL ARE all;

  ANALYSIS:
  ! Requesting the weighted least squares mean- and variance-adjusted estimator
  ESTIMATOR = MLR;
  PROCESSORS = 6;
  ROTATION = TARGET (ORTHOGONAL);

  MODEL:

  sc BY
    scsk5 scsk12 scsk19 scsk23 scsk26 scsj1 scsj8 scsj11 scsj16
    scsj21 scch3 scch7 scch10 scch15 scis4 scis13 scis18 scis25
    scmi9 scmi14 scmi17 scmi22 scoi2 scoi6 scoi20 scoi24 (*1);

  sk BY
    scsk5 scsk12 scsk19 scsk23 scsk26 scsj1~0 scsj8~0 scsj11~0 scsj16~0
    scsj21~0 scch3~0 scch7~0 scch10~0 scch15~0 scis4~0 scis13~0 scis18~0
    scis25~0 scmi9~0 scmi14~0 scmi17~0 scmi22~0 scoi2~0 scoi6~0 scoi20~0
    scoi24~0 (*1);

  sj BY
    scsk5~0 scsk12~0 scsk19~0 scsk23~0 scsk26~0 scsj1 scsj8 scsj11
    scsj16 scsj21 scch3~0 scch7~0 scch10~0 scch15~0 scis4~0 scis13~0
    scis18~0 scis25~0 scmi9~0 scmi14~0 scmi17~0 scmi22~0 scoi2~0 scoi6~0
    scoi20~0 scoi24~0 (*1);

  ch BY
    scsk5~0 scsk12~0 scsk19~0 scsk23~0 scsk26~0 scsj1~0 scsj8~0 scsj11~0
    scsj16~0 scsj21~0 scch3 scch7 scch10 scch15 scis4~0 scis13~0 scis18~0
    scis25~0 scmi9~0 scmi14~0 scmi17~0 scmi22~0 scoi2~0 scoi6~0 scoi20~0
    scoi24~0 (*1);

  is BY
    scsk5~0 scsk12~0 scsk19~0 scsk23~0 scsk26~0 scsj1~0 scsj8~0
    scsj11~0 scsj16~0 scsj21~0 scch3~0 scch7~0 scch10~0 scch15~0
    scis4 scis13 scis18 scis25 scmi9~0 scmi14~0 scmi17~0 scmi22~0
    scoi2~0 scoi6~0 scoi20~0 scoi24~0 (*1);

  mi BY
    scsk5~0 scsk12~0 scsk19~0 scsk23~0 scsk26~0 scsj1~0 scsj8~0
    scsj11~0 scsj16~0 scsj21~0 scch3~0 scch7~0 scch10~0 scch15~0 scis4~0
    scis13~0 scis18~0 scis25~0 scmi9 scmi14 scmi17 scmi22 scoi2~0 scoi6~0
    scoi20~0 scoi24~0 (*1);

  oi BY
    scsk5~0 scsk12~0 scsk19~0 scsk23~0 scsk26~0 scsj1~0 scsj8~0 scsj11~0
    scsj16~0 scsj21~0 scch3~0 scch7~0 scch10~0 scch15~0 scis4~0 scis13~0
    scis18~0 scis25~0 scmi9~0 scmi14~0 scmi17~0 scmi22~0 scoi2 scoi6
    scoi20 scoi24 (*1);


  ! Requesting standardized parameter estimates and modification indices
  OUTPUT:
  stdyx;
  ! MODINDICES (ALL);



INPUT READING TERMINATED NORMALLY



Model 4b: Bifactor-ESEM (1 G- and 6 S-factors).

SUMMARY OF ANALYSIS

Number of groups                                                 1
Number of observations                                        1068

Number of dependent variables                                   26
Number of independent variables                                  0
Number of continuous latent variables                            7

Observed dependent variables

  Continuous
   SCSJ1       SCOI2       SCCH3       SCIS4       SCSK5       SCOI6
   SCCH7       SCSJ8       SCMI9       SCCH10      SCSJ11      SCSK12
   SCIS13      SCMI14      SCCH15      SCSJ16      SCMI17      SCIS18
   SCSK19      SCOI20      SCSJ21      SCMI22      SCSK23      SCOI24
   SCIS25      SCSK26

Continuous latent variables

  EFA factors
  *1:   SC          SK          SJ          CH          IS          MI
   OI


Estimator                                                      MLR
Rotation                                                    TARGET
Row standardization                                    CORRELATION
Type of rotation                                        ORTHOGONAL
Information matrix                                        OBSERVED
Maximum number of iterations                                  1000
Convergence criterion                                    0.500D-04
Maximum number of steepest descent iterations                   20
Maximum number of iterations for H1                           2000
Convergence criterion for H1                             0.100D-03
Optimization Specifications for the Exploratory Factor Analysis
Rotation Algorithm
  Number of random starts                                       30
  Maximum number of iterations                             1000000
  Derivative convergence criterion                       0.100D-04

Input data file(s)
  semdata.dat

Input data format  FREE


SUMMARY OF DATA

     Number of missing data patterns             1


COVARIANCE COVERAGE OF DATA

Minimum covariance coverage value   0.100


     PROPORTION OF DATA PRESENT


           Covariance Coverage
              SCSJ1         SCOI2         SCCH3         SCIS4         SCSK5
              ________      ________      ________      ________      ________
 SCSJ1          1.000
 SCOI2          1.000         1.000
 SCCH3          1.000         1.000         1.000
 SCIS4          1.000         1.000         1.000         1.000
 SCSK5          1.000         1.000         1.000         1.000         1.000
 SCOI6          1.000         1.000         1.000         1.000         1.000
 SCCH7          1.000         1.000         1.000         1.000         1.000
 SCSJ8          1.000         1.000         1.000         1.000         1.000
 SCMI9          1.000         1.000         1.000         1.000         1.000
 SCCH10         1.000         1.000         1.000         1.000         1.000
 SCSJ11         1.000         1.000         1.000         1.000         1.000
 SCSK12         1.000         1.000         1.000         1.000         1.000
 SCIS13         1.000         1.000         1.000         1.000         1.000
 SCMI14         1.000         1.000         1.000         1.000         1.000
 SCCH15         1.000         1.000         1.000         1.000         1.000
 SCSJ16         1.000         1.000         1.000         1.000         1.000
 SCMI17         1.000         1.000         1.000         1.000         1.000
 SCIS18         1.000         1.000         1.000         1.000         1.000
 SCSK19         1.000         1.000         1.000         1.000         1.000
 SCOI20         1.000         1.000         1.000         1.000         1.000
 SCSJ21         1.000         1.000         1.000         1.000         1.000
 SCMI22         1.000         1.000         1.000         1.000         1.000
 SCSK23         1.000         1.000         1.000         1.000         1.000
 SCOI24         1.000         1.000         1.000         1.000         1.000
 SCIS25         1.000         1.000         1.000         1.000         1.000
 SCSK26         1.000         1.000         1.000         1.000         1.000


           Covariance Coverage
              SCOI6         SCCH7         SCSJ8         SCMI9         SCCH10
              ________      ________      ________      ________      ________
 SCOI6          1.000
 SCCH7          1.000         1.000
 SCSJ8          1.000         1.000         1.000
 SCMI9          1.000         1.000         1.000         1.000
 SCCH10         1.000         1.000         1.000         1.000         1.000
 SCSJ11         1.000         1.000         1.000         1.000         1.000
 SCSK12         1.000         1.000         1.000         1.000         1.000
 SCIS13         1.000         1.000         1.000         1.000         1.000
 SCMI14         1.000         1.000         1.000         1.000         1.000
 SCCH15         1.000         1.000         1.000         1.000         1.000
 SCSJ16         1.000         1.000         1.000         1.000         1.000
 SCMI17         1.000         1.000         1.000         1.000         1.000
 SCIS18         1.000         1.000         1.000         1.000         1.000
 SCSK19         1.000         1.000         1.000         1.000         1.000
 SCOI20         1.000         1.000         1.000         1.000         1.000
 SCSJ21         1.000         1.000         1.000         1.000         1.000
 SCMI22         1.000         1.000         1.000         1.000         1.000
 SCSK23         1.000         1.000         1.000         1.000         1.000
 SCOI24         1.000         1.000         1.000         1.000         1.000
 SCIS25         1.000         1.000         1.000         1.000         1.000
 SCSK26         1.000         1.000         1.000         1.000         1.000


           Covariance Coverage
              SCSJ11        SCSK12        SCIS13        SCMI14        SCCH15
              ________      ________      ________      ________      ________
 SCSJ11         1.000
 SCSK12         1.000         1.000
 SCIS13         1.000         1.000         1.000
 SCMI14         1.000         1.000         1.000         1.000
 SCCH15         1.000         1.000         1.000         1.000         1.000
 SCSJ16         1.000         1.000         1.000         1.000         1.000
 SCMI17         1.000         1.000         1.000         1.000         1.000
 SCIS18         1.000         1.000         1.000         1.000         1.000
 SCSK19         1.000         1.000         1.000         1.000         1.000
 SCOI20         1.000         1.000         1.000         1.000         1.000
 SCSJ21         1.000         1.000         1.000         1.000         1.000
 SCMI22         1.000         1.000         1.000         1.000         1.000
 SCSK23         1.000         1.000         1.000         1.000         1.000
 SCOI24         1.000         1.000         1.000         1.000         1.000
 SCIS25         1.000         1.000         1.000         1.000         1.000
 SCSK26         1.000         1.000         1.000         1.000         1.000


           Covariance Coverage
              SCSJ16        SCMI17        SCIS18        SCSK19        SCOI20
              ________      ________      ________      ________      ________
 SCSJ16         1.000
 SCMI17         1.000         1.000
 SCIS18         1.000         1.000         1.000
 SCSK19         1.000         1.000         1.000         1.000
 SCOI20         1.000         1.000         1.000         1.000         1.000
 SCSJ21         1.000         1.000         1.000         1.000         1.000
 SCMI22         1.000         1.000         1.000         1.000         1.000
 SCSK23         1.000         1.000         1.000         1.000         1.000
 SCOI24         1.000         1.000         1.000         1.000         1.000
 SCIS25         1.000         1.000         1.000         1.000         1.000
 SCSK26         1.000         1.000         1.000         1.000         1.000


           Covariance Coverage
              SCSJ21        SCMI22        SCSK23        SCOI24        SCIS25
              ________      ________      ________      ________      ________
 SCSJ21         1.000
 SCMI22         1.000         1.000
 SCSK23         1.000         1.000         1.000
 SCOI24         1.000         1.000         1.000         1.000
 SCIS25         1.000         1.000         1.000         1.000         1.000
 SCSK26         1.000         1.000         1.000         1.000         1.000


           Covariance Coverage
              SCSK26
              ________
 SCSK26         1.000



UNIVARIATE SAMPLE STATISTICS


     UNIVARIATE HIGHER-ORDER MOMENT DESCRIPTIVE STATISTICS

         Variable/         Mean/     Skewness/   Minimum/ % with                Percentiles
        Sample Size      Variance    Kurtosis    Maximum  Min/Max      20%/60%    40%/80%    Median

     SCSJ1                 3.726      -0.630       1.000    4.31%       3.000      4.000      4.000
            1068.000       1.212      -0.268       5.000   28.56%       4.000      5.000
     SCOI2                 2.782       0.176       1.000   23.50%       1.000      2.000      3.000
            1068.000       1.875      -1.212       5.000   14.04%       3.000      4.000
     SCCH3                 3.333      -0.340       1.000    6.27%       2.000      3.000      3.000
            1068.000       1.159      -0.443       5.000   13.58%       4.000      4.000
     SCIS4                 2.584       0.363       1.000   27.34%       1.000      2.000      2.000
            1068.000       1.773      -1.078       5.000   10.49%       3.000      4.000
     SCSK5                 2.857       0.140       1.000   13.76%       2.000      2.000      3.000
            1068.000       1.404      -0.855       5.000    9.93%       3.000      4.000
     SCOI6                 2.975       0.015       1.000   17.23%       2.000      3.000      3.000
            1068.000       1.766      -1.156       5.000   16.01%       3.000      4.000
     SCCH7                 2.613       0.297       1.000   22.75%       1.000      2.000      3.000
            1068.000       1.518      -0.895       5.000    8.15%       3.000      4.000
     SCSJ8                 2.983      -0.024       1.000   15.92%       2.000      3.000      3.000
            1068.000       1.661      -1.101       5.000   13.95%       3.000      4.000
     SCMI9                 3.465      -0.347       1.000    3.93%       3.000      3.000      4.000
            1068.000       1.073      -0.389       5.000   16.39%       4.000      4.000
     SCCH10                2.617       0.225       1.000   20.32%       1.000      2.000      3.000
            1068.000       1.349      -0.822       5.000    5.81%       3.000      4.000
     SCSJ11                2.846       0.123       1.000   17.04%       2.000      2.000      3.000
            1068.000       1.591      -1.042       5.000   11.42%       3.000      4.000
     SCSK12                2.687       0.284       1.000   16.10%       2.000      2.000      3.000
            1068.000       1.327      -0.735       5.000    7.30%       3.000      4.000
     SCIS13                2.845       0.058       1.000   21.44%       1.000      2.000      3.000
            1068.000       1.792      -1.226       5.000   12.36%       3.000      4.000
     SCMI14                3.446      -0.359       1.000    4.40%       3.000      3.000      4.000
            1068.000       1.118      -0.452       5.000   16.29%       4.000      4.000
     SCCH15                3.137      -0.136       1.000    8.99%       2.000      3.000      3.000
            1068.000       1.300      -0.731       5.000   12.27%       3.000      4.000
     SCSJ16                2.978      -0.037       1.000   16.48%       2.000      3.000      3.000
            1068.000       1.682      -1.131       5.000   13.67%       3.000      4.000
     SCMI17                3.268      -0.217       1.000    4.59%       2.000      3.000      3.000
            1068.000       1.035      -0.470       5.000   10.49%       4.000      4.000
     SCIS18                3.034      -0.104       1.000   16.01%       2.000      3.000      3.000
            1068.000       1.686      -1.111       5.000   14.51%       4.000      4.000
     SCSK19                2.772       0.181       1.000   14.51%       2.000      2.000      3.000
            1068.000       1.303      -0.723       5.000    7.77%       3.000      4.000
     SCOI20                2.630       0.311       1.000   22.66%       1.000      2.000      3.000
            1068.000       1.565      -0.909       5.000    9.18%       3.000      4.000
     SCSJ21                2.887       0.050       1.000   13.76%       2.000      3.000      3.000
            1068.000       1.378      -0.853       5.000    9.18%       3.000      4.000
     SCMI22                2.896       0.049       1.000   11.99%       2.000      3.000      3.000
            1068.000       1.279      -0.759       5.000    8.24%       3.000      4.000
     SCSK23                2.742       0.232       1.000   14.51%       2.000      2.000      3.000
            1068.000       1.297      -0.719       5.000    7.49%       3.000      4.000
     SCOI24                2.244       0.712       1.000   35.58%       1.000      2.000      2.000
            1068.000       1.501      -0.533       5.000    6.09%       2.000      3.000
     SCIS25                2.818       0.083       1.000   23.69%       1.000      2.000      3.000
            1068.000       1.862      -1.239       5.000   13.20%       3.000      4.000
     SCSK26                2.766       0.159       1.000   11.70%       2.000      2.000      3.000
            1068.000       1.131      -0.626       5.000    5.34%       3.000      4.000


THE MODEL ESTIMATION TERMINATED NORMALLY



MODEL FIT INFORMATION

Number of Free Parameters                      213

Loglikelihood

          H0 Value                      -37373.420
          H0 Scaling Correction Factor      1.2844
            for MLR
          H1 Value                      -37164.520
          H1 Scaling Correction Factor      1.1705
            for MLR

Information Criteria

          Akaike (AIC)                   75172.840
          Bayesian (BIC)                 76232.205
          Sample-Size Adjusted BIC       75555.678
            (n* = (n + 2) / 24)

Chi-Square Test of Model Fit

          Value                            408.534*
          Degrees of Freedom                   164
          P-Value                           0.0000
          Scaling Correction Factor         1.0227
            for MLR

*   The chi-square value for MLM, MLMV, MLR, ULSMV, WLSM and WLSMV cannot be used
    for chi-square difference testing in the regular way.  MLM, MLR and WLSM
    chi-square difference testing is described on the Mplus website.  MLMV, WLSMV,
    and ULSMV difference testing is done using the DIFFTEST option.

RMSEA (Root Mean Square Error Of Approximation)

          Estimate                           0.037
          90 Percent C.I.                    0.033  0.042
          Probability RMSEA <= .05           1.000

CFI/TLI

          CFI                                0.978
          TLI                                0.957

Chi-Square Test of Model Fit for the Baseline Model

          Value                          11627.737
          Degrees of Freedom                   325
          P-Value                           0.0000

SRMR (Standardized Root Mean Square Residual)

          Value                              0.014



MODEL RESULTS

                                                    Two-Tailed
                    Estimate       S.E.  Est./S.E.    P-Value

 SC       BY
    SCSK5             -0.253      0.053     -4.741      0.000
    SCSK12            -0.357      0.049     -7.239      0.000
    SCSK19            -0.442      0.048     -9.185      0.000
    SCSK23            -0.729      0.053    -13.777      0.000
    SCSK26            -0.531      0.050    -10.722      0.000
    SCSJ1              0.579      0.034     16.888      0.000
    SCSJ8              0.805      0.040     19.962      0.000
    SCSJ11             0.848      0.036     23.407      0.000
    SCSJ16             0.883      0.046     19.056      0.000
    SCSJ21             0.541      0.039     13.946      0.000
    SCCH3             -0.059      0.052     -1.129      0.259
    SCCH7             -0.005      0.051     -0.104      0.917
    SCCH10            -0.144      0.051     -2.803      0.005
    SCCH15            -0.468      0.050     -9.330      0.000
    SCIS4              0.974      0.047     20.648      0.000
    SCIS13             0.868      0.042     20.761      0.000
    SCIS18             0.900      0.036     25.188      0.000
    SCIS25             0.979      0.042     23.571      0.000
    SCMI9             -0.199      0.044     -4.576      0.000
    SCMI14            -0.402      0.041     -9.922      0.000
    SCMI17            -0.513      0.039    -13.141      0.000
    SCMI22            -0.426      0.055     -7.814      0.000
    SCOI2              1.049      0.056     18.846      0.000
    SCOI6              0.998      0.039     25.309      0.000
    SCOI20             0.683      0.044     15.639      0.000
    SCOI24             0.713      0.038     18.799      0.000

 SK       BY
    SCSK5              0.791      0.037     21.375      0.000
    SCSK12             0.840      0.035     24.140      0.000
    SCSK19             0.826      0.034     24.366      0.000
    SCSK23             0.334      0.067      4.980      0.000
    SCSK26             0.447      0.053      8.496      0.000
    SCSJ1              0.002      0.035      0.045      0.964
    SCSJ8             -0.068      0.049     -1.387      0.165
    SCSJ11            -0.015      0.035     -0.420      0.675
    SCSJ16            -0.007      0.039     -0.186      0.853
    SCSJ21            -0.135      0.038     -3.556      0.000
    SCCH3              0.152      0.041      3.736      0.000
    SCCH7              0.299      0.034      8.755      0.000
    SCCH10             0.246      0.037      6.704      0.000
    SCCH15             0.288      0.046      6.214      0.000
    SCIS4              0.052      0.032      1.621      0.105
    SCIS13             0.123      0.035      3.555      0.000
    SCIS18             0.137      0.031      4.439      0.000
    SCIS25             0.109      0.041      2.659      0.008
    SCMI9              0.132      0.032      4.172      0.000
    SCMI14             0.112      0.032      3.489      0.000
    SCMI17             0.201      0.033      6.140      0.000
    SCMI22             0.465      0.047      9.954      0.000
    SCOI2              0.085      0.034      2.475      0.013
    SCOI6              0.109      0.036      3.018      0.003
    SCOI20             0.321      0.044      7.297      0.000
    SCOI24             0.184      0.042      4.397      0.000

 SJ       BY
    SCSK5             -0.042      0.038     -1.095      0.274
    SCSK12            -0.037      0.041     -0.901      0.367
    SCSK19            -0.078      0.030     -2.642      0.008
    SCSK23             0.076      0.072      1.054      0.292
    SCSK26             0.003      0.056      0.045      0.964
    SCSJ1              0.319      0.055      5.780      0.000
    SCSJ8              0.710      0.212      3.358      0.001
    SCSJ11             0.384      0.068      5.687      0.000
    SCSJ16             0.455      0.185      2.458      0.014
    SCSJ21             0.427      0.065      6.583      0.000
    SCCH3              0.055      0.101      0.542      0.588
    SCCH7              0.044      0.036      1.243      0.214
    SCCH10             0.111      0.078      1.420      0.155
    SCCH15             0.090      0.047      1.908      0.056
    SCIS4              0.062      0.102      0.605      0.545
    SCIS13            -0.052      0.102     -0.514      0.608
    SCIS18             0.047      0.064      0.734      0.463
    SCIS25             0.097      0.105      0.924      0.356
    SCMI9              0.160      0.043      3.711      0.000
    SCMI14             0.046      0.033      1.407      0.159
    SCMI17             0.135      0.039      3.507      0.000
    SCMI22             0.194      0.118      1.636      0.102
    SCOI2              0.077      0.110      0.700      0.484
    SCOI6              0.101      0.079      1.281      0.200
    SCOI20             0.109      0.118      0.924      0.356
    SCOI24            -0.015      0.060     -0.255      0.799

 CH       BY
    SCSK5              0.259      0.033      7.815      0.000
    SCSK12             0.216      0.029      7.400      0.000
    SCSK19             0.122      0.027      4.443      0.000
    SCSK23             0.134      0.037      3.568      0.000
    SCSK26             0.223      0.034      6.570      0.000
    SCSJ1              0.095      0.037      2.546      0.011
    SCSJ8              0.097      0.046      2.114      0.035
    SCSJ11             0.174      0.037      4.699      0.000
    SCSJ16             0.060      0.054      1.099      0.272
    SCSJ21             0.071      0.038      1.878      0.060
    SCCH3              0.417      0.055      7.515      0.000
    SCCH7              0.886      0.051     17.349      0.000
    SCCH10             0.861      0.061     14.083      0.000
    SCCH15             0.434      0.042     10.204      0.000
    SCIS4              0.084      0.043      1.959      0.050
    SCIS13             0.092      0.041      2.257      0.024
    SCIS18             0.140      0.036      3.875      0.000
    SCIS25             0.035      0.040      0.862      0.389
    SCMI9              0.154      0.031      4.906      0.000
    SCMI14             0.089      0.029      3.102      0.002
    SCMI17             0.193      0.030      6.419      0.000
    SCMI22             0.287      0.048      5.924      0.000
    SCOI2              0.098      0.044      2.227      0.026
    SCOI6              0.084      0.034      2.450      0.014
    SCOI20             0.034      0.049      0.693      0.489
    SCOI24             0.069      0.038      1.794      0.073

 IS       BY
    SCSK5              0.027      0.041      0.663      0.508
    SCSK12            -0.107      0.043     -2.503      0.012
    SCSK19             0.031      0.026      1.209      0.227
    SCSK23             0.252      0.054      4.678      0.000
    SCSK26             0.223      0.038      5.912      0.000
    SCSJ1             -0.121      0.044     -2.781      0.005
    SCSJ8              0.044      0.069      0.643      0.520
    SCSJ11            -0.025      0.043     -0.583      0.560
    SCSJ16             0.061      0.133      0.461      0.645
    SCSJ21             0.066      0.052      1.258      0.208
    SCCH3             -0.011      0.071     -0.161      0.872
    SCCH7              0.098      0.031      3.122      0.002
    SCCH10             0.019      0.044      0.437      0.662
    SCCH15             0.114      0.039      2.930      0.003
    SCIS4              0.216      0.107      2.025      0.043
    SCIS13             0.699      0.227      3.077      0.002
    SCIS18             0.631      0.164      3.847      0.000
    SCIS25             0.257      0.086      3.009      0.003
    SCMI9              0.071      0.036      1.980      0.048
    SCMI14             0.009      0.024      0.379      0.704
    SCMI17             0.004      0.032      0.117      0.907
    SCMI22            -0.072      0.100     -0.720      0.472
    SCOI2              0.082      0.122      0.677      0.499
    SCOI6              0.154      0.087      1.765      0.077
    SCOI20             0.189      0.078      2.405      0.016
    SCOI24             0.097      0.047      2.060      0.039

 MI       BY
    SCSK5              0.102      0.035      2.937      0.003
    SCSK12             0.132      0.033      3.979      0.000
    SCSK19             0.178      0.026      6.843      0.000
    SCSK23             0.053      0.047      1.120      0.263
    SCSK26             0.104      0.036      2.853      0.004
    SCSJ1              0.219      0.038      5.743      0.000
    SCSJ8              0.074      0.076      0.973      0.330
    SCSJ11             0.158      0.034      4.678      0.000
    SCSJ16             0.121      0.064      1.890      0.059
    SCSJ21             0.150      0.047      3.172      0.002
    SCCH3              0.310      0.054      5.779      0.000
    SCCH7             -0.011      0.037     -0.294      0.768
    SCCH10             0.101      0.045      2.253      0.024
    SCCH15             0.306      0.039      7.842      0.000
    SCIS4              0.045      0.051      0.872      0.383
    SCIS13             0.007      0.062      0.114      0.909
    SCIS18             0.046      0.033      1.388      0.165
    SCIS25             0.059      0.063      0.938      0.348
    SCMI9              0.582      0.045     12.978      0.000
    SCMI14             0.756      0.046     16.296      0.000
    SCMI17             0.427      0.038     11.322      0.000
    SCMI22             0.216      0.072      3.010      0.003
    SCOI2              0.035      0.050      0.693      0.488
    SCOI6              0.094      0.057      1.660      0.097
    SCOI20            -0.242      0.067     -3.625      0.000
    SCOI24            -0.146      0.051     -2.858      0.004

 OI       BY
    SCSK5             -0.008      0.053     -0.154      0.878
    SCSK12            -0.070      0.049     -1.447      0.148
    SCSK19            -0.026      0.035     -0.728      0.467
    SCSK23             0.418      0.060      6.992      0.000
    SCSK26             0.276      0.040      6.875      0.000
    SCSJ1              0.016      0.047      0.340      0.734
    SCSJ8              0.080      0.108      0.737      0.461
    SCSJ11            -0.025      0.043     -0.566      0.572
    SCSJ16            -0.077      0.112     -0.690      0.490
    SCSJ21             0.140      0.067      2.079      0.038
    SCCH3              0.098      0.061      1.619      0.105
    SCCH7             -0.029      0.041     -0.697      0.486
    SCCH10            -0.024      0.044     -0.555      0.579
    SCCH15             0.173      0.040      4.272      0.000
    SCIS4              0.340      0.056      6.026      0.000
    SCIS13             0.054      0.124      0.434      0.664
    SCIS18             0.024      0.117      0.207      0.836
    SCIS25             0.271      0.115      2.351      0.019
    SCMI9             -0.087      0.040     -2.155      0.031
    SCMI14            -0.068      0.030     -2.259      0.024
    SCMI17             0.005      0.033      0.146      0.884
    SCMI22             0.161      0.082      1.956      0.050
    SCOI2              0.439      0.103      4.282      0.000
    SCOI6              0.291      0.105      2.779      0.005
    SCOI20             0.341      0.111      3.073      0.002
    SCOI24             0.356      0.099      3.598      0.000

 SK       WITH
    SC                 0.000      0.000    999.000    999.000

 SJ       WITH
    SC                 0.000      0.000    999.000    999.000
    SK                 0.000      0.000    999.000    999.000

 CH       WITH
    SC                 0.000      0.000    999.000    999.000
    SK                 0.000      0.000    999.000    999.000
    SJ                 0.000      0.000    999.000    999.000

 IS       WITH
    SC                 0.000      0.000    999.000    999.000
    SK                 0.000      0.000    999.000    999.000
    SJ                 0.000      0.000    999.000    999.000
    CH                 0.000      0.000    999.000    999.000

 MI       WITH
    SC                 0.000      0.000    999.000    999.000
    SK                 0.000      0.000    999.000    999.000
    SJ                 0.000      0.000    999.000    999.000
    CH                 0.000      0.000    999.000    999.000
    IS                 0.000      0.000    999.000    999.000

 OI       WITH
    SC                 0.000      0.000    999.000    999.000
    SK                 0.000      0.000    999.000    999.000
    SJ                 0.000      0.000    999.000    999.000
    CH                 0.000      0.000    999.000    999.000
    IS                 0.000      0.000    999.000    999.000
    MI                 0.000      0.000    999.000    999.000

 Intercepts
    SCSJ1              3.726      0.034    110.587      0.000
    SCOI2              2.782      0.042     66.398      0.000
    SCCH3              3.333      0.033    101.206      0.000
    SCIS4              2.584      0.041     63.429      0.000
    SCSK5              2.857      0.036     78.801      0.000
    SCOI6              2.975      0.041     73.149      0.000
    SCCH7              2.613      0.038     69.315      0.000
    SCSJ8              2.983      0.039     75.650      0.000
    SCMI9              3.465      0.032    109.340      0.000
    SCCH10             2.617      0.036     73.645      0.000
    SCSJ11             2.846      0.039     73.757      0.000
    SCSK12             2.687      0.035     76.228      0.000
    SCIS13             2.845      0.041     69.438      0.000
    SCMI14             3.446      0.032    106.506      0.000
    SCCH15             3.137      0.035     89.917      0.000
    SCSJ16             2.978      0.040     75.050      0.000
    SCMI17             3.268      0.031    104.970      0.000
    SCIS18             3.034      0.040     76.351      0.000
    SCSK19             2.772      0.035     79.371      0.000
    SCOI20             2.630      0.038     68.719      0.000
    SCSJ21             2.887      0.036     80.376      0.000
    SCMI22             2.896      0.035     83.703      0.000
    SCSK23             2.742      0.035     78.686      0.000
    SCOI24             2.244      0.037     59.865      0.000
    SCIS25             2.818      0.042     67.496      0.000
    SCSK26             2.766      0.033     85.010      0.000

 Variances
    SC                 1.000      0.000    999.000    999.000
    SK                 1.000      0.000    999.000    999.000
    SJ                 1.000      0.000    999.000    999.000
    CH                 1.000      0.000    999.000    999.000
    IS                 1.000      0.000    999.000    999.000
    MI                 1.000      0.000    999.000    999.000
    OI                 1.000      0.000    999.000    999.000

 Residual Variances
    SCSJ1              0.704      0.040     17.763      0.000
    SCOI2              0.551      0.140      3.942      0.000
    SCCH3              0.850      0.060     14.059      0.000
    SCIS4              0.647      0.058     11.208      0.000
    SCSK5              0.635      0.048     13.294      0.000
    SCOI6              0.623      0.068      9.225      0.000
    SCCH7              0.632      0.077      8.154      0.000
    SCSJ8              0.479      0.243      1.975      0.048
    SCMI9              0.615      0.043     14.278      0.000
    SCCH10             0.503      0.080      6.314      0.000
    SCSJ11             0.668      0.043     15.506      0.000
    SCSK12             0.412      0.042      9.920      0.000
    SCIS13             0.521      0.255      2.045      0.041
    SCMI14             0.357      0.056      6.338      0.000
    SCCH15             0.666      0.040     16.443      0.000
    SCSJ16             0.668      0.127      5.268      0.000
    SCMI17             0.494      0.031     15.783      0.000
    SCIS18             0.435      0.203      2.148      0.032
    SCSK19             0.371      0.037     10.030      0.000
    SCOI20             0.771      0.047     16.531      0.000
    SCSJ21             0.833      0.045     18.513      0.000
    SCMI22             0.683      0.039     17.424      0.000
    SCSK23             0.390      0.075      5.178      0.000
    SCOI24             0.797      0.058     13.854      0.000
    SCIS25             0.739      0.065     11.302      0.000
    SCSK26             0.462      0.041     11.393      0.000


QUALITY OF NUMERICAL RESULTS

     Condition Number for the Information Matrix              0.514E-04
       (ratio of smallest to largest eigenvalue)


STANDARDIZED MODEL RESULTS


STDYX Standardization

                                                    Two-Tailed
                    Estimate       S.E.  Est./S.E.    P-Value

 SC       BY
    SCSK5             -0.213      0.044     -4.792      0.000
    SCSK12            -0.310      0.042     -7.415      0.000
    SCSK19            -0.387      0.041     -9.552      0.000
    SCSK23            -0.640      0.044    -14.504      0.000
    SCSK26            -0.499      0.045    -11.123      0.000
    SCSJ1              0.526      0.027     19.643      0.000
    SCSJ8              0.625      0.028     22.711      0.000
    SCSJ11             0.672      0.025     27.359      0.000
    SCSJ16             0.681      0.033     20.614      0.000
    SCSJ21             0.461      0.031     14.956      0.000
    SCCH3             -0.054      0.048     -1.126      0.260
    SCCH7             -0.004      0.042     -0.104      0.917
    SCCH10            -0.124      0.044     -2.806      0.005
    SCCH15            -0.410      0.042     -9.692      0.000
    SCIS4              0.732      0.032     23.011      0.000
    SCIS13             0.648      0.028     22.912      0.000
    SCIS18             0.693      0.023     30.127      0.000
    SCIS25             0.717      0.027     26.275      0.000
    SCMI9             -0.193      0.042     -4.623      0.000
    SCMI14            -0.381      0.037    -10.368      0.000
    SCMI17            -0.504      0.035    -14.303      0.000
    SCMI22            -0.377      0.047     -7.985      0.000
    SCOI2              0.766      0.038     20.299      0.000
    SCOI6              0.751      0.025     29.918      0.000
    SCOI20             0.546      0.032     16.957      0.000
    SCOI24             0.582      0.026     22.016      0.000

 SK       BY
    SCSK5              0.667      0.028     23.698      0.000
    SCSK12             0.729      0.026     27.986      0.000
    SCSK19             0.724      0.027     26.794      0.000
    SCSK23             0.293      0.059      4.974      0.000
    SCSK26             0.421      0.049      8.636      0.000
    SCSJ1              0.001      0.032      0.045      0.964
    SCSJ8             -0.053      0.038     -1.387      0.165
    SCSJ11            -0.012      0.028     -0.420      0.675
    SCSJ16            -0.006      0.030     -0.186      0.853
    SCSJ21            -0.115      0.032     -3.565      0.000
    SCCH3              0.141      0.037      3.768      0.000
    SCCH7              0.243      0.027      8.945      0.000
    SCCH10             0.212      0.031      6.798      0.000
    SCCH15             0.252      0.040      6.243      0.000
    SCIS4              0.039      0.024      1.621      0.105
    SCIS13             0.092      0.026      3.562      0.000
    SCIS18             0.106      0.024      4.442      0.000
    SCIS25             0.080      0.030      2.660      0.008
    SCMI9              0.127      0.030      4.204      0.000
    SCMI14             0.106      0.030      3.499      0.000
    SCMI17             0.197      0.032      6.174      0.000
    SCMI22             0.411      0.040     10.203      0.000
    SCOI2              0.062      0.025      2.477      0.013
    SCOI6              0.082      0.027      3.021      0.003
    SCOI20             0.256      0.035      7.381      0.000
    SCOI24             0.150      0.034      4.428      0.000

 SJ       BY
    SCSK5             -0.035      0.032     -1.095      0.273
    SCSK12            -0.032      0.036     -0.901      0.367
    SCSK19            -0.068      0.026     -2.640      0.008
    SCSK23             0.067      0.063      1.054      0.292
    SCSK26             0.002      0.053      0.045      0.964
    SCSJ1              0.290      0.050      5.817      0.000
    SCSJ8              0.551      0.164      3.356      0.001
    SCSJ11             0.304      0.053      5.728      0.000
    SCSJ16             0.351      0.142      2.463      0.014
    SCSJ21             0.364      0.055      6.643      0.000
    SCCH3              0.051      0.094      0.541      0.588
    SCCH7              0.036      0.029      1.243      0.214
    SCCH10             0.096      0.067      1.422      0.155
    SCCH15             0.079      0.041      1.911      0.056
    SCIS4              0.046      0.076      0.605      0.545
    SCIS13            -0.039      0.076     -0.514      0.607
    SCIS18             0.036      0.049      0.734      0.463
    SCIS25             0.071      0.077      0.924      0.356
    SCMI9              0.155      0.041      3.739      0.000
    SCMI14             0.044      0.031      1.410      0.159
    SCMI17             0.133      0.038      3.516      0.000
    SCMI22             0.171      0.105      1.635      0.102
    SCOI2              0.056      0.080      0.700      0.484
    SCOI6              0.076      0.060      1.281      0.200
    SCOI20             0.087      0.094      0.924      0.355
    SCOI24            -0.012      0.049     -0.255      0.799

 CH       BY
    SCSK5              0.218      0.027      7.949      0.000
    SCSK12             0.187      0.025      7.494      0.000
    SCSK19             0.107      0.024      4.476      0.000
    SCSK23             0.117      0.033      3.565      0.000
    SCSK26             0.209      0.032      6.576      0.000
    SCSJ1              0.086      0.033      2.563      0.010
    SCSJ8              0.075      0.036      2.119      0.034
    SCSJ11             0.138      0.029      4.702      0.000
    SCSJ16             0.046      0.042      1.099      0.272
    SCSJ21             0.061      0.032      1.881      0.060
    SCCH3              0.387      0.050      7.724      0.000
    SCCH7              0.719      0.038     18.740      0.000
    SCCH10             0.741      0.050     14.780      0.000
    SCCH15             0.380      0.036     10.529      0.000
    SCIS4              0.063      0.032      1.961      0.050
    SCIS13             0.069      0.030      2.263      0.024
    SCIS18             0.108      0.028      3.877      0.000
    SCIS25             0.025      0.029      0.862      0.388
    SCMI9              0.149      0.030      4.977      0.000
    SCMI14             0.084      0.027      3.117      0.002
    SCMI17             0.190      0.029      6.483      0.000
    SCMI22             0.254      0.042      6.001      0.000
    SCOI2              0.072      0.032      2.228      0.026
    SCOI6              0.063      0.026      2.451      0.014
    SCOI20             0.027      0.039      0.692      0.489
    SCOI24             0.056      0.031      1.795      0.073

 IS       BY
    SCSK5              0.023      0.034      0.663      0.507
    SCSK12            -0.093      0.037     -2.501      0.012
    SCSK19             0.027      0.023      1.210      0.226
    SCSK23             0.221      0.047      4.692      0.000
    SCSK26             0.210      0.035      5.962      0.000
    SCSJ1             -0.110      0.040     -2.777      0.005
    SCSJ8              0.034      0.054      0.642      0.521
    SCSJ11            -0.020      0.034     -0.583      0.560
    SCSJ16             0.047      0.103      0.461      0.645
    SCSJ21             0.056      0.045      1.259      0.208
    SCCH3             -0.011      0.066     -0.161      0.872
    SCCH7              0.080      0.025      3.127      0.002
    SCCH10             0.016      0.038      0.437      0.662
    SCCH15             0.100      0.034      2.943      0.003
    SCIS4              0.162      0.080      2.026      0.043
    SCIS13             0.522      0.170      3.078      0.002
    SCIS18             0.486      0.126      3.842      0.000
    SCIS25             0.189      0.063      3.011      0.003
    SCMI9              0.068      0.034      1.987      0.047
    SCMI14             0.008      0.022      0.380      0.704
    SCMI17             0.004      0.032      0.117      0.907
    SCMI22            -0.064      0.088     -0.720      0.471
    SCOI2              0.060      0.089      0.676      0.499
    SCOI6              0.116      0.066      1.764      0.078
    SCOI20             0.151      0.063      2.409      0.016
    SCOI24             0.079      0.038      2.058      0.040

 MI       BY
    SCSK5              0.086      0.029      2.939      0.003
    SCSK12             0.115      0.029      3.996      0.000
    SCSK19             0.156      0.023      6.900      0.000
    SCSK23             0.046      0.041      1.120      0.263
    SCSK26             0.098      0.034      2.860      0.004
    SCSJ1              0.199      0.034      5.787      0.000
    SCSJ8              0.057      0.059      0.974      0.330
    SCSJ11             0.125      0.027      4.663      0.000
    SCSJ16             0.094      0.050      1.890      0.059
    SCSJ21             0.128      0.040      3.188      0.001
    SCCH3              0.288      0.049      5.852      0.000
    SCCH7             -0.009      0.030     -0.294      0.768
    SCCH10             0.087      0.038      2.259      0.024
    SCCH15             0.268      0.034      7.847      0.000
    SCIS4              0.034      0.038      0.873      0.383
    SCIS13             0.005      0.047      0.114      0.909
    SCIS18             0.036      0.026      1.388      0.165
    SCIS25             0.044      0.046      0.938      0.348
    SCMI9              0.562      0.041     13.695      0.000
    SCMI14             0.715      0.042     17.040      0.000
    SCMI17             0.419      0.036     11.581      0.000
    SCMI22             0.191      0.063      3.018      0.003
    SCOI2              0.025      0.036      0.693      0.488
    SCOI6              0.071      0.043      1.660      0.097
    SCOI20            -0.194      0.053     -3.633      0.000
    SCOI24            -0.119      0.042     -2.857      0.004

 OI       BY
    SCSK5             -0.007      0.045     -0.154      0.878
    SCSK12            -0.061      0.042     -1.448      0.147
    SCSK19            -0.023      0.031     -0.728      0.467
    SCSK23             0.367      0.052      7.095      0.000
    SCSK26             0.260      0.037      6.969      0.000
    SCSJ1              0.015      0.043      0.340      0.734
    SCSJ8              0.062      0.084      0.737      0.461
    SCSJ11            -0.019      0.034     -0.566      0.572
    SCSJ16            -0.060      0.086     -0.690      0.490
    SCSJ21             0.119      0.057      2.082      0.037
    SCCH3              0.091      0.056      1.622      0.105
    SCCH7             -0.023      0.034     -0.697      0.486
    SCCH10            -0.021      0.038     -0.555      0.579
    SCCH15             0.151      0.035      4.295      0.000
    SCIS4              0.255      0.042      6.049      0.000
    SCIS13             0.040      0.092      0.434      0.664
    SCIS18             0.019      0.090      0.207      0.836
    SCIS25             0.198      0.084      2.353      0.019
    SCMI9             -0.084      0.039     -2.156      0.031
    SCMI14            -0.064      0.028     -2.259      0.024
    SCMI17             0.005      0.032      0.146      0.884
    SCMI22             0.142      0.073      1.961      0.050
    SCOI2              0.321      0.075      4.302      0.000
    SCOI6              0.219      0.079      2.780      0.005
    SCOI20             0.273      0.089      3.072      0.002
    SCOI24             0.291      0.081      3.611      0.000

 SK       WITH
    SC                 0.000      0.000    999.000    999.000

 SJ       WITH
    SC                 0.000      0.000    999.000    999.000
    SK                 0.000      0.000    999.000    999.000

 CH       WITH
    SC                 0.000      0.000    999.000    999.000
    SK                 0.000      0.000    999.000    999.000
    SJ                 0.000      0.000    999.000    999.000

 IS       WITH
    SC                 0.000      0.000    999.000    999.000
    SK                 0.000      0.000    999.000    999.000
    SJ                 0.000      0.000    999.000    999.000
    CH                 0.000      0.000    999.000    999.000

 MI       WITH
    SC                 0.000      0.000    999.000    999.000
    SK                 0.000      0.000    999.000    999.000
    SJ                 0.000      0.000    999.000    999.000
    CH                 0.000      0.000    999.000    999.000
    IS                 0.000      0.000    999.000    999.000

 OI       WITH
    SC                 0.000      0.000    999.000    999.000
    SK                 0.000      0.000    999.000    999.000
    SJ                 0.000      0.000    999.000    999.000
    CH                 0.000      0.000    999.000    999.000
    IS                 0.000      0.000    999.000    999.000
    MI                 0.000      0.000    999.000    999.000

 Intercepts
    SCSJ1              3.384      0.087     38.883      0.000
    SCOI2              2.032      0.037     55.030      0.000
    SCCH3              3.097      0.074     42.072      0.000
    SCIS4              1.941      0.033     58.784      0.000
    SCSK5              2.411      0.047     51.650      0.000
    SCOI6              2.238      0.044     51.427      0.000
    SCCH7              2.121      0.039     54.589      0.000
    SCSJ8              2.315      0.046     50.322      0.000
    SCMI9              3.346      0.079     42.334      0.000
    SCCH10             2.254      0.043     52.221      0.000
    SCSJ11             2.257      0.043     52.898      0.000
    SCSK12             2.333      0.044     53.152      0.000
    SCIS13             2.125      0.040     52.484      0.000
    SCMI14             3.259      0.077     42.503      0.000
    SCCH15             2.751      0.059     46.260      0.000
    SCSJ16             2.296      0.046     50.239      0.000
    SCMI17             3.212      0.073     44.180      0.000
    SCIS18             2.336      0.048     48.734      0.000
    SCSK19             2.429      0.048     50.774      0.000
    SCOI20             2.103      0.038     55.146      0.000
    SCSJ21             2.459      0.049     49.747      0.000
    SCMI22             2.561      0.052     49.077      0.000
    SCSK23             2.408      0.046     51.912      0.000
    SCOI24             1.832      0.029     62.169      0.000
    SCIS25             2.065      0.039     52.697      0.000
    SCSK26             2.601      0.052     49.824      0.000

 Variances
    SC                 1.000      0.000    999.000    999.000
    SK                 1.000      0.000    999.000    999.000
    SJ                 1.000      0.000    999.000    999.000
    CH                 1.000      0.000    999.000    999.000
    IS                 1.000      0.000    999.000    999.000
    MI                 1.000      0.000    999.000    999.000
    OI                 1.000      0.000    999.000    999.000

 Residual Variances
    SCSJ1              0.581      0.029     19.938      0.000
    SCOI2              0.294      0.075      3.908      0.000
    SCCH3              0.733      0.048     15.365      0.000
    SCIS4              0.365      0.034     10.866      0.000
    SCSK5              0.452      0.034     13.446      0.000
    SCOI6              0.353      0.039      9.021      0.000
    SCCH7              0.416      0.051      8.103      0.000
    SCSJ8              0.289      0.146      1.976      0.048
    SCMI9              0.574      0.038     15.101      0.000
    SCCH10             0.373      0.059      6.281      0.000
    SCSJ11             0.420      0.028     14.937      0.000
    SCSK12             0.310      0.032      9.629      0.000
    SCIS13             0.291      0.142      2.043      0.041
    SCMI14             0.319      0.050      6.432      0.000
    SCCH15             0.512      0.030     16.908      0.000
    SCSJ16             0.397      0.076      5.226      0.000
    SCMI17             0.477      0.029     16.337      0.000
    SCIS18             0.258      0.120      2.149      0.032
    SCSK19             0.285      0.028     10.007      0.000
    SCOI20             0.493      0.029     16.832      0.000
    SCSJ21             0.605      0.031     19.290      0.000
    SCMI22             0.534      0.030     18.070      0.000
    SCSK23             0.301      0.058      5.184      0.000
    SCOI24             0.531      0.038     14.106      0.000
    SCIS25             0.397      0.036     11.125      0.000
    SCSK26             0.409      0.035     11.553      0.000


R-SQUARE

    Observed                                        Two-Tailed
    Variable        Estimate       S.E.  Est./S.E.    P-Value

    SCSJ1              0.419      0.029     14.400      0.000
    SCOI2              0.706      0.075      9.386      0.000
    SCCH3              0.267      0.048      5.585      0.000
    SCIS4              0.635      0.034     18.928      0.000
    SCSK5              0.548      0.034     16.287      0.000
    SCOI6              0.647      0.039     16.536      0.000
    SCCH7              0.584      0.051     11.369      0.000
    SCSJ8              0.711      0.146      4.869      0.000
    SCMI9              0.426      0.038     11.227      0.000
    SCCH10             0.627      0.059     10.550      0.000
    SCSJ11             0.580      0.028     20.648      0.000
    SCSK12             0.690      0.032     21.398      0.000
    SCIS13             0.709      0.142      4.984      0.000
    SCMI14             0.681      0.050     13.706      0.000
    SCCH15             0.488      0.030     16.099      0.000
    SCSJ16             0.603      0.076      7.940      0.000
    SCMI17             0.523      0.029     17.905      0.000
    SCIS18             0.742      0.120      6.174      0.000
    SCSK19             0.715      0.028     25.161      0.000
    SCOI20             0.507      0.029     17.304      0.000
    SCSJ21             0.395      0.031     12.609      0.000
    SCMI22             0.466      0.030     15.756      0.000
    SCSK23             0.699      0.058     12.063      0.000
    SCOI24             0.469      0.038     12.465      0.000
    SCIS25             0.603      0.036     16.923      0.000
    SCSK26             0.591      0.035     16.717      0.000


     Beginning Time:  16:14:42
        Ending Time:  16:14:43
       Elapsed Time:  00:00:01



MUTHEN & MUTHEN
3463 Stoner Ave.
Los Angeles, CA  90066

Tel: (310) 391-9971
Fax: (310) 391-8971
Web: www.StatModel.com
Support: Support@StatModel.com

Copyright (c) 1998-2021 Muthen & Muthen
