Mplus VERSION 8.6 (Mac)
MUTHEN & MUTHEN
10/27/2022  11:29 AM

INPUT INSTRUCTIONS

  TITLE: Model 6b: Bifactor ESEM model (1 G- and 2 S-factors) correlated residuals.
  DATA:
  FILE = "semdata.dat";

  VARIABLE:
  NAMES =
    scsj1 scoi2 scch3 scis4 scsk5 scoi6 scch7 scsj8 scmi9 scch10 scsj11 scsk12
    scis13 scmi14 scch15 scsj16 scmi17 scis18 scsk19 scoi20 scsj21 scmi22 scsk23
    scoi24 scis25 scsk26
    ptgi_al ptgi_np ptgi_ps ptgi_sp ptgi_ro
    iesr_a iesr_i iesr_h
    cope_pa cope_po
    mspss_fa mspss_fr mspss_so
    neuro_na neuro_sr
    extra_pa extra_so extra_ac;

  MISSING = .;

  USEVARIABLES ARE
    scsj1 scoi2 scch3 scis4 scsk5 scoi6 scch7 scsj8 scmi9 scch10 scsj11 scsk12
    scis13 scmi14 scch15 scsj16 scmi17 scis18 scsk19 scoi20 scsj21 scmi22 scsk23
    scoi24 scis25 scsk26;

  ! Specifying that we're treating the variables as categorical.
  CATEGORICAL ARE all;

  ANALYSIS:
  ! Requesting the weighted least squares mean- and variance-adjusted estimator
  ESTIMATOR = WLSMV;
  PROCESSORS = 6;
  ROTATION = TARGET (ORTHOGONAL);

  MODEL:

  ! Global factor - other factors automatically uncorrelated with G by default.
  G BY
    scsk5 scsk12 scsk19 scsk23 scsk26
    scsj1 scsj8 scsj11 scsj16 scsj21
    scch3 scch7 scch10 scch15
    scis4 scis13 scis18 scis25
    scmi9 scmi14 scmi17 scmi22
    scoi2 scoi6 scoi20 scoi24 (*1);

  ! Specific factors
  P BY
    scsk5 scsk12 scsk19 scsk23 scsk26
    scsj1~0 scsj8~0 scsj11~0 scsj16~0 scsj21~0
    scch3 scch7 scch10 scch15
    scis4~0 scis13~0 scis18~0 scis25~0
    scmi9 scmi14 scmi17 scmi22
    scoi2~0 scoi6~0 scoi20~0 scoi24~0 (*1);

  N BY
    scsk5~0 scsk12~0 scsk19~0 scsk23~0 scsk26~0
    scsj1 scsj8 scsj11 scsj16 scsj21
    scch3~0 scch7~0 scch10~0 scch15~0
    scis4 scis13 scis18 scis25
    scmi9~0 scmi14~0 scmi17~0 scmi22~0
    scoi2 scoi6 scoi20 scoi24 (*1);

  ! Residual correlations

    SCCH10   WITH SCCH7;
    SCIS18   WITH SCIS13;
    SCSK19   WITH SCSK12;
    SCSK26   WITH SCSK23;

  ! Requesting standardized parameter estimates and modification indices
  OUTPUT:
  stdyx;
  !tech4;
  MODINDICES (ALL);



INPUT READING TERMINATED NORMALLY



Model 6b: Bifactor ESEM model (1 G- and 2 S-factors) correlated residuals.

SUMMARY OF ANALYSIS

Number of groups                                                 1
Number of observations                                        1068

Number of dependent variables                                   26
Number of independent variables                                  0
Number of continuous latent variables                            3

Observed dependent variables

  Binary and ordered categorical (ordinal)
   SCSJ1       SCOI2       SCCH3       SCIS4       SCSK5       SCOI6
   SCCH7       SCSJ8       SCMI9       SCCH10      SCSJ11      SCSK12
   SCIS13      SCMI14      SCCH15      SCSJ16      SCMI17      SCIS18
   SCSK19      SCOI20      SCSJ21      SCMI22      SCSK23      SCOI24
   SCIS25      SCSK26

Continuous latent variables

  EFA factors
  *1:   G           P           N


Estimator                                                    WLSMV
Rotation                                                    TARGET
Row standardization                                    CORRELATION
Type of rotation                                        ORTHOGONAL
Maximum number of iterations                                  1000
Convergence criterion                                    0.500D-04
Maximum number of steepest descent iterations                   20
Maximum number of iterations for H1                           2000
Convergence criterion for H1                             0.100D-03
Optimization Specifications for the Exploratory Factor Analysis
Rotation Algorithm
  Number of random starts                                       30
  Maximum number of iterations                             1000000
  Derivative convergence criterion                       0.100D-04
Parameterization                                             DELTA
Link                                                        PROBIT

Input data file(s)
  semdata.dat

Input data format  FREE


SUMMARY OF DATA

     Number of missing data patterns             1


COVARIANCE COVERAGE OF DATA

Minimum covariance coverage value   0.100


     PROPORTION OF DATA PRESENT


           Covariance Coverage
              SCSJ1         SCOI2         SCCH3         SCIS4         SCSK5
              ________      ________      ________      ________      ________
 SCSJ1          1.000
 SCOI2          1.000         1.000
 SCCH3          1.000         1.000         1.000
 SCIS4          1.000         1.000         1.000         1.000
 SCSK5          1.000         1.000         1.000         1.000         1.000
 SCOI6          1.000         1.000         1.000         1.000         1.000
 SCCH7          1.000         1.000         1.000         1.000         1.000
 SCSJ8          1.000         1.000         1.000         1.000         1.000
 SCMI9          1.000         1.000         1.000         1.000         1.000
 SCCH10         1.000         1.000         1.000         1.000         1.000
 SCSJ11         1.000         1.000         1.000         1.000         1.000
 SCSK12         1.000         1.000         1.000         1.000         1.000
 SCIS13         1.000         1.000         1.000         1.000         1.000
 SCMI14         1.000         1.000         1.000         1.000         1.000
 SCCH15         1.000         1.000         1.000         1.000         1.000
 SCSJ16         1.000         1.000         1.000         1.000         1.000
 SCMI17         1.000         1.000         1.000         1.000         1.000
 SCIS18         1.000         1.000         1.000         1.000         1.000
 SCSK19         1.000         1.000         1.000         1.000         1.000
 SCOI20         1.000         1.000         1.000         1.000         1.000
 SCSJ21         1.000         1.000         1.000         1.000         1.000
 SCMI22         1.000         1.000         1.000         1.000         1.000
 SCSK23         1.000         1.000         1.000         1.000         1.000
 SCOI24         1.000         1.000         1.000         1.000         1.000
 SCIS25         1.000         1.000         1.000         1.000         1.000
 SCSK26         1.000         1.000         1.000         1.000         1.000


           Covariance Coverage
              SCOI6         SCCH7         SCSJ8         SCMI9         SCCH10
              ________      ________      ________      ________      ________
 SCOI6          1.000
 SCCH7          1.000         1.000
 SCSJ8          1.000         1.000         1.000
 SCMI9          1.000         1.000         1.000         1.000
 SCCH10         1.000         1.000         1.000         1.000         1.000
 SCSJ11         1.000         1.000         1.000         1.000         1.000
 SCSK12         1.000         1.000         1.000         1.000         1.000
 SCIS13         1.000         1.000         1.000         1.000         1.000
 SCMI14         1.000         1.000         1.000         1.000         1.000
 SCCH15         1.000         1.000         1.000         1.000         1.000
 SCSJ16         1.000         1.000         1.000         1.000         1.000
 SCMI17         1.000         1.000         1.000         1.000         1.000
 SCIS18         1.000         1.000         1.000         1.000         1.000
 SCSK19         1.000         1.000         1.000         1.000         1.000
 SCOI20         1.000         1.000         1.000         1.000         1.000
 SCSJ21         1.000         1.000         1.000         1.000         1.000
 SCMI22         1.000         1.000         1.000         1.000         1.000
 SCSK23         1.000         1.000         1.000         1.000         1.000
 SCOI24         1.000         1.000         1.000         1.000         1.000
 SCIS25         1.000         1.000         1.000         1.000         1.000
 SCSK26         1.000         1.000         1.000         1.000         1.000


           Covariance Coverage
              SCSJ11        SCSK12        SCIS13        SCMI14        SCCH15
              ________      ________      ________      ________      ________
 SCSJ11         1.000
 SCSK12         1.000         1.000
 SCIS13         1.000         1.000         1.000
 SCMI14         1.000         1.000         1.000         1.000
 SCCH15         1.000         1.000         1.000         1.000         1.000
 SCSJ16         1.000         1.000         1.000         1.000         1.000
 SCMI17         1.000         1.000         1.000         1.000         1.000
 SCIS18         1.000         1.000         1.000         1.000         1.000
 SCSK19         1.000         1.000         1.000         1.000         1.000
 SCOI20         1.000         1.000         1.000         1.000         1.000
 SCSJ21         1.000         1.000         1.000         1.000         1.000
 SCMI22         1.000         1.000         1.000         1.000         1.000
 SCSK23         1.000         1.000         1.000         1.000         1.000
 SCOI24         1.000         1.000         1.000         1.000         1.000
 SCIS25         1.000         1.000         1.000         1.000         1.000
 SCSK26         1.000         1.000         1.000         1.000         1.000


           Covariance Coverage
              SCSJ16        SCMI17        SCIS18        SCSK19        SCOI20
              ________      ________      ________      ________      ________
 SCSJ16         1.000
 SCMI17         1.000         1.000
 SCIS18         1.000         1.000         1.000
 SCSK19         1.000         1.000         1.000         1.000
 SCOI20         1.000         1.000         1.000         1.000         1.000
 SCSJ21         1.000         1.000         1.000         1.000         1.000
 SCMI22         1.000         1.000         1.000         1.000         1.000
 SCSK23         1.000         1.000         1.000         1.000         1.000
 SCOI24         1.000         1.000         1.000         1.000         1.000
 SCIS25         1.000         1.000         1.000         1.000         1.000
 SCSK26         1.000         1.000         1.000         1.000         1.000


           Covariance Coverage
              SCSJ21        SCMI22        SCSK23        SCOI24        SCIS25
              ________      ________      ________      ________      ________
 SCSJ21         1.000
 SCMI22         1.000         1.000
 SCSK23         1.000         1.000         1.000
 SCOI24         1.000         1.000         1.000         1.000
 SCIS25         1.000         1.000         1.000         1.000         1.000
 SCSK26         1.000         1.000         1.000         1.000         1.000


           Covariance Coverage
              SCSK26
              ________
 SCSK26         1.000


UNIVARIATE PROPORTIONS AND COUNTS FOR CATEGORICAL VARIABLES

    SCSJ1
      Category 1    0.043           46.000
      Category 2    0.092           98.000
      Category 3    0.247          264.000
      Category 4    0.332          355.000
      Category 5    0.286          305.000
    SCOI2
      Category 1    0.235          251.000
      Category 2    0.225          240.000
      Category 3    0.204          218.000
      Category 4    0.196          209.000
      Category 5    0.140          150.000
    SCCH3
      Category 1    0.063           67.000
      Category 2    0.144          154.000
      Category 3    0.326          348.000
      Category 4    0.331          354.000
      Category 5    0.136          145.000
    SCIS4
      Category 1    0.273          292.000
      Category 2    0.256          273.000
      Category 3    0.189          202.000
      Category 4    0.177          189.000
      Category 5    0.105          112.000
    SCSK5
      Category 1    0.138          147.000
      Category 2    0.272          290.000
      Category 3    0.287          306.000
      Category 4    0.205          219.000
      Category 5    0.099          106.000
    SCOI6
      Category 1    0.172          184.000
      Category 2    0.219          234.000
      Category 3    0.230          246.000
      Category 4    0.218          233.000
      Category 5    0.160          171.000
    SCCH7
      Category 1    0.228          243.000
      Category 2    0.263          281.000
      Category 3    0.259          277.000
      Category 4    0.169          180.000
      Category 5    0.081           87.000
    SCSJ8
      Category 1    0.159          170.000
      Category 2    0.222          237.000
      Category 3    0.235          251.000
      Category 4    0.244          261.000
      Category 5    0.140          149.000
    SCMI9
      Category 1    0.039           42.000
      Category 2    0.130          139.000
      Category 3    0.320          342.000
      Category 4    0.346          370.000
      Category 5    0.164          175.000
    SCCH10
      Category 1    0.203          217.000
      Category 2    0.272          290.000
      Category 3    0.288          308.000
      Category 4    0.179          191.000
      Category 5    0.058           62.000
    SCSJ11
      Category 1    0.170          182.000
      Category 2    0.258          276.000
      Category 3    0.240          256.000
      Category 4    0.217          232.000
      Category 5    0.114          122.000
    SCSK12
      Category 1    0.161          172.000
      Category 2    0.313          334.000
      Category 3    0.277          296.000
      Category 4    0.176          188.000
      Category 5    0.073           78.000
    SCIS13
      Category 1    0.214          229.000
      Category 2    0.219          234.000
      Category 3    0.198          211.000
      Category 4    0.245          262.000
      Category 5    0.124          132.000
    SCMI14
      Category 1    0.044           47.000
      Category 2    0.140          150.000
      Category 3    0.304          325.000
      Category 4    0.348          372.000
      Category 5    0.163          174.000
    SCCH15
      Category 1    0.090           96.000
      Category 2    0.199          212.000
      Category 3    0.319          341.000
      Category 4    0.270          288.000
      Category 5    0.123          131.000
    SCSJ16
      Category 1    0.165          176.000
      Category 2    0.221          236.000
      Category 3    0.222          237.000
      Category 4    0.256          273.000
      Category 5    0.137          146.000
    SCMI17
      Category 1    0.046           49.000
      Category 2    0.177          189.000
      Category 3    0.346          369.000
      Category 4    0.327          349.000
      Category 5    0.105          112.000
    SCIS18
      Category 1    0.160          171.000
      Category 2    0.201          215.000
      Category 3    0.228          244.000
      Category 4    0.265          283.000
      Category 5    0.145          155.000
    SCSK19
      Category 1    0.145          155.000
      Category 2    0.278          297.000
      Category 3    0.314          335.000
      Category 4    0.185          198.000
      Category 5    0.078           83.000
    SCOI20
      Category 1    0.227          242.000
      Category 2    0.264          282.000
      Category 3    0.254          271.000
      Category 4    0.164          175.000
      Category 5    0.092           98.000
    SCSJ21
      Category 1    0.138          147.000
      Category 2    0.247          264.000
      Category 3    0.298          318.000
      Category 4    0.226          241.000
      Category 5    0.092           98.000
    SCMI22
      Category 1    0.120          128.000
      Category 2    0.255          272.000
      Category 3    0.317          339.000
      Category 4    0.226          241.000
      Category 5    0.082           88.000
    SCSK23
      Category 1    0.145          155.000
      Category 2    0.301          321.000
      Category 3    0.297          317.000
      Category 4    0.183          195.000
      Category 5    0.075           80.000
    SCOI24
      Category 1    0.356          380.000
      Category 2    0.286          305.000
      Category 3    0.178          190.000
      Category 4    0.120          128.000
      Category 5    0.061           65.000
    SCIS25
      Category 1    0.237          253.000
      Category 2    0.196          209.000
      Category 3    0.212          226.000
      Category 4    0.224          239.000
      Category 5    0.132          141.000
    SCSK26
      Category 1    0.117          125.000
      Category 2    0.305          326.000
      Category 3    0.326          348.000
      Category 4    0.199          212.000
      Category 5    0.053           57.000



THE MODEL ESTIMATION TERMINATED NORMALLY



MODEL FIT INFORMATION

Number of Free Parameters                      183

Chi-Square Test of Model Fit

          Value                           1444.520*
          Degrees of Freedom                   246
          P-Value                           0.0000

*   The chi-square value for MLM, MLMV, MLR, ULSMV, WLSM and WLSMV cannot be used
    for chi-square difference testing in the regular way.  MLM, MLR and WLSM
    chi-square difference testing is described on the Mplus website.  MLMV, WLSMV,
    and ULSMV difference testing is done using the DIFFTEST option.

RMSEA (Root Mean Square Error Of Approximation)

          Estimate                           0.068
          90 Percent C.I.                    0.064  0.071
          Probability RMSEA <= .05           0.000

CFI/TLI

          CFI                                0.960
          TLI                                0.947

Chi-Square Test of Model Fit for the Baseline Model

          Value                          29932.742
          Degrees of Freedom                   325
          P-Value                           0.0000

SRMR (Standardized Root Mean Square Residual)

          Value                              0.029

Optimum Function Value for Weighted Least-Squares Estimator

          Value                     0.27614908D+00



MODEL RESULTS

                                                    Two-Tailed
                    Estimate       S.E.  Est./S.E.    P-Value

 G        BY
    SCSK5             -0.556      0.029    -19.038      0.000
    SCSK12            -0.527      0.030    -17.631      0.000
    SCSK19            -0.582      0.028    -20.466      0.000
    SCSK23            -0.519      0.032    -16.114      0.000
    SCSK26            -0.529      0.029    -18.054      0.000
    SCSJ1              0.537      0.032     16.944      0.000
    SCSJ8              0.631      0.034     18.619      0.000
    SCSJ11             0.570      0.034     16.586      0.000
    SCSJ16             0.579      0.035     16.744      0.000
    SCSJ21             0.510      0.029     17.392      0.000
    SCCH3             -0.007      0.035     -0.194      0.846
    SCCH7             -0.169      0.036     -4.769      0.000
    SCCH10            -0.136      0.035     -3.860      0.000
    SCCH15            -0.290      0.037     -7.880      0.000
    SCIS4              0.332      0.048      6.849      0.000
    SCIS13             0.213      0.048      4.426      0.000
    SCIS18             0.285      0.047      6.065      0.000
    SCIS25             0.311      0.048      6.476      0.000
    SCMI9              0.159      0.043      3.681      0.000
    SCMI14             0.055      0.050      1.100      0.271
    SCMI17            -0.153      0.048     -3.202      0.001
    SCMI22            -0.337      0.035     -9.525      0.000
    SCOI2              0.332      0.050      6.655      0.000
    SCOI6              0.355      0.048      7.462      0.000
    SCOI20             0.018      0.051      0.352      0.725
    SCOI24             0.092      0.051      1.809      0.070

 P        BY
    SCSK5              0.520      0.030     17.107      0.000
    SCSK12             0.544      0.028     19.499      0.000
    SCSK19             0.542      0.029     18.480      0.000
    SCSK23             0.428      0.026     16.208      0.000
    SCSK26             0.506      0.027     18.797      0.000
    SCSJ1              0.126      0.023      5.403      0.000
    SCSJ8              0.067      0.019      3.597      0.000
    SCSJ11             0.056      0.021      2.731      0.006
    SCSJ16             0.001      0.019      0.075      0.941
    SCSJ21             0.067      0.023      2.988      0.003
    SCCH3              0.523      0.025     21.112      0.000
    SCCH7              0.432      0.027     15.789      0.000
    SCCH10             0.546      0.023     23.903      0.000
    SCCH15             0.647      0.020     32.095      0.000
    SCIS4             -0.109      0.020     -5.543      0.000
    SCIS13            -0.097      0.020     -4.803      0.000
    SCIS18            -0.043      0.019     -2.268      0.023
    SCIS25            -0.098      0.018     -5.319      0.000
    SCMI9              0.637      0.020     31.211      0.000
    SCMI14             0.675      0.019     34.758      0.000
    SCMI17             0.668      0.018     37.053      0.000
    SCMI22             0.606      0.022     27.571      0.000
    SCOI2             -0.111      0.019     -6.020      0.000
    SCOI6             -0.070      0.019     -3.738      0.000
    SCOI20            -0.110      0.022     -5.019      0.000
    SCOI24            -0.146      0.022     -6.567      0.000

 N        BY
    SCSK5              0.201      0.027      7.538      0.000
    SCSK12             0.038      0.023      1.680      0.093
    SCSK19            -0.003      0.024     -0.130      0.896
    SCSK23            -0.217      0.026     -8.408      0.000
    SCSK26            -0.059      0.024     -2.446      0.014
    SCSJ1              0.401      0.037     10.772      0.000
    SCSJ8              0.526      0.039     13.451      0.000
    SCSJ11             0.541      0.035     15.643      0.000
    SCSJ16             0.542      0.035     15.701      0.000
    SCSJ21             0.378      0.034     11.263      0.000
    SCCH3              0.095      0.027      3.561      0.000
    SCCH7              0.280      0.025     11.175      0.000
    SCCH10             0.126      0.025      5.004      0.000
    SCCH15            -0.093      0.022     -4.243      0.000
    SCIS4              0.752      0.022     34.530      0.000
    SCIS13             0.688      0.020     33.711      0.000
    SCIS18             0.721      0.022     33.053      0.000
    SCIS25             0.753      0.021     35.455      0.000
    SCMI9             -0.166      0.027     -6.122      0.000
    SCMI14            -0.366      0.023    -15.670      0.000
    SCMI17            -0.342      0.021    -16.574      0.000
    SCMI22            -0.054      0.022     -2.504      0.012
    SCOI2              0.770      0.022     34.511      0.000
    SCOI6              0.756      0.023     33.121      0.000
    SCOI20             0.734      0.017     44.046      0.000
    SCOI24             0.712      0.018     38.695      0.000

 P        WITH
    G                  0.000      0.000    999.000    999.000

 N        WITH
    G                  0.000      0.000    999.000    999.000
    P                  0.000      0.000    999.000    999.000

 SCCH10   WITH
    SCCH7              0.360      0.021     16.906      0.000

 SCIS18   WITH
    SCIS13             0.221      0.016     13.752      0.000

 SCSK19   WITH
    SCSK12             0.144      0.014     10.078      0.000

 SCSK26   WITH
    SCSK23             0.166      0.014     11.652      0.000

 Thresholds
    SCSJ1$1           -1.716      0.068    -25.276      0.000
    SCSJ1$2           -1.104      0.048    -22.912      0.000
    SCSJ1$3           -0.300      0.039     -7.700      0.000
    SCSJ1$4            0.566      0.041     13.925      0.000
    SCOI2$1           -0.722      0.042    -17.111      0.000
    SCOI2$2           -0.101      0.038     -2.631      0.009
    SCOI2$3            0.423      0.040     10.676      0.000
    SCOI2$4            1.078      0.048     22.623      0.000
    SCCH3$1           -1.532      0.060    -25.471      0.000
    SCCH3$2           -0.817      0.043    -18.833      0.000
    SCCH3$3            0.082      0.038      2.142      0.032
    SCCH3$4            1.100      0.048     22.865      0.000
    SCIS4$1           -0.603      0.041    -14.699      0.000
    SCIS4$2            0.073      0.038      1.897      0.058
    SCIS4$3            0.577      0.041     14.163      0.000
    SCIS4$4            1.254      0.052     24.305      0.000
    SCSK5$1           -1.091      0.048    -22.769      0.000
    SCSK5$2           -0.230      0.039     -5.931      0.000
    SCSK5$3            0.512      0.040     12.727      0.000
    SCSK5$4            1.286      0.052     24.529      0.000
    SCOI6$1           -0.945      0.045    -20.876      0.000
    SCOI6$2           -0.276      0.039     -7.090      0.000
    SCOI6$3            0.310      0.039      7.943      0.000
    SCOI6$4            0.994      0.046     21.563      0.000
    SCCH7$1           -0.747      0.043    -17.575      0.000
    SCCH7$2           -0.023      0.038     -0.612      0.541
    SCCH7$3            0.674      0.042     16.176      0.000
    SCCH7$4            1.395      0.056     25.124      0.000
    SCSJ8$1           -0.998      0.046    -21.615      0.000
    SCSJ8$2           -0.303      0.039     -7.761      0.000
    SCSJ8$3            0.295      0.039      7.578      0.000
    SCSJ8$4            1.083      0.048     22.672      0.000
    SCMI9$1           -1.759      0.070    -25.130      0.000
    SCMI9$2           -0.956      0.045    -21.037      0.000
    SCMI9$3           -0.026      0.038     -0.673      0.501
    SCMI9$4            0.979      0.046     21.354      0.000
    SCCH10$1          -0.830      0.044    -19.059      0.000
    SCCH10$2          -0.063      0.038     -1.652      0.098
    SCCH10$3           0.716      0.042     16.995      0.000
    SCCH10$4           1.571      0.062     25.491      0.000
    SCSJ11$1          -0.953      0.045    -20.983      0.000
    SCSJ11$2          -0.179      0.039     -4.649      0.000
    SCSJ11$3           0.436      0.040     10.978      0.000
    SCSJ11$4           1.204      0.050     23.902      0.000
    SCSK12$1          -0.990      0.046    -21.511      0.000
    SCSK12$2          -0.066      0.038     -1.713      0.087
    SCSK12$3           0.677      0.042     16.235      0.000
    SCSK12$4           1.454      0.057     25.324      0.000
    SCIS13$1          -0.791      0.043    -18.379      0.000
    SCIS13$2          -0.167      0.039     -4.343      0.000
    SCIS13$3           0.335      0.039      8.552      0.000
    SCIS13$4           1.157      0.049     23.467      0.000
    SCMI14$1          -1.706      0.067    -25.305      0.000
    SCMI14$2          -0.899      0.045    -20.172      0.000
    SCMI14$3          -0.028      0.038     -0.734      0.463
    SCMI14$4           0.983      0.046     21.406      0.000
    SCCH15$1          -1.341      0.054    -24.867      0.000
    SCCH15$2          -0.558      0.041    -13.745      0.000
    SCCH15$3           0.273      0.039      7.029      0.000
    SCCH15$4           1.162      0.049     23.512      0.000
    SCSJ16$1          -0.975      0.046    -21.301      0.000
    SCSJ16$2          -0.290      0.039     -7.456      0.000
    SCSJ16$3           0.273      0.039      7.029      0.000
    SCSJ16$4           1.095      0.048     22.817      0.000
    SCMI17$1          -1.686      0.066    -25.357      0.000
    SCMI17$2          -0.763      0.043    -17.863      0.000
    SCMI17$3           0.172      0.039      4.465      0.000
    SCMI17$4           1.254      0.052     24.305      0.000
    SCIS18$1          -0.994      0.046    -21.563      0.000
    SCIS18$2          -0.355      0.039     -9.038      0.000
    SCIS18$3           0.227      0.039      5.870      0.000
    SCIS18$4           1.058      0.047     22.377      0.000
    SCSK19$1          -1.058      0.047    -22.377      0.000
    SCSK19$2          -0.194      0.039     -5.015      0.000
    SCSK19$3           0.634      0.041     15.351      0.000
    SCSK19$4           1.421      0.056     25.220      0.000
    SCOI20$1          -0.750      0.043    -17.633      0.000
    SCOI20$2          -0.023      0.038     -0.612      0.541
    SCOI20$3           0.657      0.042     15.824      0.000
    SCOI20$4           1.330      0.054     24.803      0.000
    SCSJ21$1          -1.091      0.048    -22.769      0.000
    SCSJ21$2          -0.293      0.039     -7.517      0.000
    SCSJ21$3           0.475      0.040     11.884      0.000
    SCSJ21$4           1.330      0.054     24.803      0.000
    SCMI22$1          -1.176      0.050    -23.645      0.000
    SCMI22$2          -0.320      0.039     -8.187      0.000
    SCMI22$3           0.501      0.040     12.486      0.000
    SCMI22$4           1.389      0.055     25.098      0.000
    SCSK23$1          -1.058      0.047    -22.377      0.000
    SCSK23$2          -0.137      0.038     -3.549      0.000
    SCSK23$3           0.651      0.041     15.706      0.000
    SCSK23$4           1.440      0.057     25.285      0.000
    SCOI24$1          -0.370      0.039     -9.403      0.000
    SCOI24$2           0.362      0.039      9.220      0.000
    SCOI24$3           0.913      0.045     20.390      0.000
    SCOI24$4           1.548      0.061     25.483      0.000
    SCIS25$1          -0.716      0.042    -16.995      0.000
    SCIS25$2          -0.170      0.039     -4.404      0.000
    SCIS25$3           0.370      0.039      9.403      0.000
    SCIS25$4           1.117      0.048     23.054      0.000
    SCSK26$1          -1.190      0.050    -23.775      0.000
    SCSK26$2          -0.196      0.039     -5.076      0.000
    SCSK26$3           0.669      0.042     16.059      0.000
    SCSK26$4           1.613      0.063     25.475      0.000

 Variances
    G                  1.000      0.000    999.000    999.000
    P                  1.000      0.000    999.000    999.000
    N                  1.000      0.000    999.000    999.000


QUALITY OF NUMERICAL RESULTS

     Condition Number for the Information Matrix              0.235E-02
       (ratio of smallest to largest eigenvalue)


STANDARDIZED MODEL RESULTS


STDYX Standardization

                                                    Two-Tailed
                    Estimate       S.E.  Est./S.E.    P-Value

 G        BY
    SCSK5             -0.556      0.029    -19.038      0.000
    SCSK12            -0.527      0.030    -17.631      0.000
    SCSK19            -0.582      0.028    -20.466      0.000
    SCSK23            -0.519      0.032    -16.114      0.000
    SCSK26            -0.529      0.029    -18.054      0.000
    SCSJ1              0.537      0.032     16.944      0.000
    SCSJ8              0.631      0.034     18.619      0.000
    SCSJ11             0.570      0.034     16.586      0.000
    SCSJ16             0.579      0.035     16.744      0.000
    SCSJ21             0.510      0.029     17.392      0.000
    SCCH3             -0.007      0.035     -0.194      0.846
    SCCH7             -0.169      0.036     -4.769      0.000
    SCCH10            -0.136      0.035     -3.860      0.000
    SCCH15            -0.290      0.037     -7.880      0.000
    SCIS4              0.332      0.048      6.849      0.000
    SCIS13             0.213      0.048      4.426      0.000
    SCIS18             0.285      0.047      6.065      0.000
    SCIS25             0.311      0.048      6.476      0.000
    SCMI9              0.159      0.043      3.681      0.000
    SCMI14             0.055      0.050      1.100      0.271
    SCMI17            -0.153      0.048     -3.202      0.001
    SCMI22            -0.337      0.035     -9.525      0.000
    SCOI2              0.332      0.050      6.655      0.000
    SCOI6              0.355      0.048      7.462      0.000
    SCOI20             0.018      0.051      0.352      0.725
    SCOI24             0.092      0.051      1.809      0.070

 P        BY
    SCSK5              0.520      0.030     17.107      0.000
    SCSK12             0.544      0.028     19.499      0.000
    SCSK19             0.542      0.029     18.480      0.000
    SCSK23             0.428      0.026     16.208      0.000
    SCSK26             0.506      0.027     18.797      0.000
    SCSJ1              0.126      0.023      5.403      0.000
    SCSJ8              0.067      0.019      3.597      0.000
    SCSJ11             0.056      0.021      2.731      0.006
    SCSJ16             0.001      0.019      0.075      0.941
    SCSJ21             0.067      0.023      2.988      0.003
    SCCH3              0.523      0.025     21.112      0.000
    SCCH7              0.432      0.027     15.789      0.000
    SCCH10             0.546      0.023     23.903      0.000
    SCCH15             0.647      0.020     32.095      0.000
    SCIS4             -0.109      0.020     -5.543      0.000
    SCIS13            -0.097      0.020     -4.803      0.000
    SCIS18            -0.043      0.019     -2.268      0.023
    SCIS25            -0.098      0.018     -5.319      0.000
    SCMI9              0.637      0.020     31.211      0.000
    SCMI14             0.675      0.019     34.758      0.000
    SCMI17             0.668      0.018     37.053      0.000
    SCMI22             0.606      0.022     27.571      0.000
    SCOI2             -0.111      0.019     -6.020      0.000
    SCOI6             -0.070      0.019     -3.738      0.000
    SCOI20            -0.110      0.022     -5.019      0.000
    SCOI24            -0.146      0.022     -6.567      0.000

 N        BY
    SCSK5              0.201      0.027      7.538      0.000
    SCSK12             0.038      0.023      1.680      0.093
    SCSK19            -0.003      0.024     -0.130      0.896
    SCSK23            -0.217      0.026     -8.408      0.000
    SCSK26            -0.059      0.024     -2.446      0.014
    SCSJ1              0.401      0.037     10.772      0.000
    SCSJ8              0.526      0.039     13.451      0.000
    SCSJ11             0.541      0.035     15.643      0.000
    SCSJ16             0.542      0.035     15.701      0.000
    SCSJ21             0.378      0.034     11.263      0.000
    SCCH3              0.095      0.027      3.561      0.000
    SCCH7              0.280      0.025     11.175      0.000
    SCCH10             0.126      0.025      5.004      0.000
    SCCH15            -0.093      0.022     -4.243      0.000
    SCIS4              0.752      0.022     34.530      0.000
    SCIS13             0.688      0.020     33.711      0.000
    SCIS18             0.721      0.022     33.053      0.000
    SCIS25             0.753      0.021     35.455      0.000
    SCMI9             -0.166      0.027     -6.122      0.000
    SCMI14            -0.366      0.023    -15.670      0.000
    SCMI17            -0.342      0.021    -16.574      0.000
    SCMI22            -0.054      0.022     -2.504      0.012
    SCOI2              0.770      0.022     34.511      0.000
    SCOI6              0.756      0.023     33.121      0.000
    SCOI20             0.734      0.017     44.046      0.000
    SCOI24             0.712      0.018     38.695      0.000

 P        WITH
    G                  0.000      0.000    999.000    999.000

 N        WITH
    G                  0.000      0.000    999.000    999.000
    P                  0.000      0.000    999.000    999.000

 SCCH10   WITH
    SCCH7              0.524      0.023     22.648      0.000

 SCIS18   WITH
    SCIS13             0.510      0.025     20.602      0.000

 SCSK19   WITH
    SCSK12             0.364      0.027     13.714      0.000

 SCSK26   WITH
    SCSK23             0.346      0.022     15.451      0.000

 Thresholds
    SCSJ1$1           -1.716      0.068    -25.276      0.000
    SCSJ1$2           -1.104      0.048    -22.912      0.000
    SCSJ1$3           -0.300      0.039     -7.700      0.000
    SCSJ1$4            0.566      0.041     13.925      0.000
    SCOI2$1           -0.722      0.042    -17.111      0.000
    SCOI2$2           -0.101      0.038     -2.631      0.009
    SCOI2$3            0.423      0.040     10.676      0.000
    SCOI2$4            1.078      0.048     22.623      0.000
    SCCH3$1           -1.532      0.060    -25.471      0.000
    SCCH3$2           -0.817      0.043    -18.833      0.000
    SCCH3$3            0.082      0.038      2.142      0.032
    SCCH3$4            1.100      0.048     22.865      0.000
    SCIS4$1           -0.603      0.041    -14.699      0.000
    SCIS4$2            0.073      0.038      1.897      0.058
    SCIS4$3            0.577      0.041     14.163      0.000
    SCIS4$4            1.254      0.052     24.305      0.000
    SCSK5$1           -1.091      0.048    -22.769      0.000
    SCSK5$2           -0.230      0.039     -5.931      0.000
    SCSK5$3            0.512      0.040     12.727      0.000
    SCSK5$4            1.286      0.052     24.529      0.000
    SCOI6$1           -0.945      0.045    -20.876      0.000
    SCOI6$2           -0.276      0.039     -7.090      0.000
    SCOI6$3            0.310      0.039      7.943      0.000
    SCOI6$4            0.994      0.046     21.563      0.000
    SCCH7$1           -0.747      0.043    -17.575      0.000
    SCCH7$2           -0.023      0.038     -0.612      0.541
    SCCH7$3            0.674      0.042     16.176      0.000
    SCCH7$4            1.395      0.056     25.124      0.000
    SCSJ8$1           -0.998      0.046    -21.615      0.000
    SCSJ8$2           -0.303      0.039     -7.761      0.000
    SCSJ8$3            0.295      0.039      7.578      0.000
    SCSJ8$4            1.083      0.048     22.672      0.000
    SCMI9$1           -1.759      0.070    -25.130      0.000
    SCMI9$2           -0.956      0.045    -21.037      0.000
    SCMI9$3           -0.026      0.038     -0.673      0.501
    SCMI9$4            0.979      0.046     21.354      0.000
    SCCH10$1          -0.830      0.044    -19.059      0.000
    SCCH10$2          -0.063      0.038     -1.652      0.098
    SCCH10$3           0.716      0.042     16.995      0.000
    SCCH10$4           1.571      0.062     25.491      0.000
    SCSJ11$1          -0.953      0.045    -20.983      0.000
    SCSJ11$2          -0.179      0.039     -4.649      0.000
    SCSJ11$3           0.436      0.040     10.978      0.000
    SCSJ11$4           1.204      0.050     23.902      0.000
    SCSK12$1          -0.990      0.046    -21.511      0.000
    SCSK12$2          -0.066      0.038     -1.713      0.087
    SCSK12$3           0.677      0.042     16.235      0.000
    SCSK12$4           1.454      0.057     25.324      0.000
    SCIS13$1          -0.791      0.043    -18.379      0.000
    SCIS13$2          -0.167      0.039     -4.343      0.000
    SCIS13$3           0.335      0.039      8.552      0.000
    SCIS13$4           1.157      0.049     23.467      0.000
    SCMI14$1          -1.706      0.067    -25.305      0.000
    SCMI14$2          -0.899      0.045    -20.172      0.000
    SCMI14$3          -0.028      0.038     -0.734      0.463
    SCMI14$4           0.983      0.046     21.406      0.000
    SCCH15$1          -1.341      0.054    -24.867      0.000
    SCCH15$2          -0.558      0.041    -13.745      0.000
    SCCH15$3           0.273      0.039      7.029      0.000
    SCCH15$4           1.162      0.049     23.512      0.000
    SCSJ16$1          -0.975      0.046    -21.301      0.000
    SCSJ16$2          -0.290      0.039     -7.456      0.000
    SCSJ16$3           0.273      0.039      7.029      0.000
    SCSJ16$4           1.095      0.048     22.817      0.000
    SCMI17$1          -1.686      0.066    -25.357      0.000
    SCMI17$2          -0.763      0.043    -17.863      0.000
    SCMI17$3           0.172      0.039      4.465      0.000
    SCMI17$4           1.254      0.052     24.305      0.000
    SCIS18$1          -0.994      0.046    -21.563      0.000
    SCIS18$2          -0.355      0.039     -9.038      0.000
    SCIS18$3           0.227      0.039      5.870      0.000
    SCIS18$4           1.058      0.047     22.377      0.000
    SCSK19$1          -1.058      0.047    -22.377      0.000
    SCSK19$2          -0.194      0.039     -5.015      0.000
    SCSK19$3           0.634      0.041     15.351      0.000
    SCSK19$4           1.421      0.056     25.220      0.000
    SCOI20$1          -0.750      0.043    -17.633      0.000
    SCOI20$2          -0.023      0.038     -0.612      0.541
    SCOI20$3           0.657      0.042     15.824      0.000
    SCOI20$4           1.330      0.054     24.803      0.000
    SCSJ21$1          -1.091      0.048    -22.769      0.000
    SCSJ21$2          -0.293      0.039     -7.517      0.000
    SCSJ21$3           0.475      0.040     11.884      0.000
    SCSJ21$4           1.330      0.054     24.803      0.000
    SCMI22$1          -1.176      0.050    -23.645      0.000
    SCMI22$2          -0.320      0.039     -8.187      0.000
    SCMI22$3           0.501      0.040     12.486      0.000
    SCMI22$4           1.389      0.055     25.098      0.000
    SCSK23$1          -1.058      0.047    -22.377      0.000
    SCSK23$2          -0.137      0.038     -3.549      0.000
    SCSK23$3           0.651      0.041     15.706      0.000
    SCSK23$4           1.440      0.057     25.285      0.000
    SCOI24$1          -0.370      0.039     -9.403      0.000
    SCOI24$2           0.362      0.039      9.220      0.000
    SCOI24$3           0.913      0.045     20.390      0.000
    SCOI24$4           1.548      0.061     25.483      0.000
    SCIS25$1          -0.716      0.042    -16.995      0.000
    SCIS25$2          -0.170      0.039     -4.404      0.000
    SCIS25$3           0.370      0.039      9.403      0.000
    SCIS25$4           1.117      0.048     23.054      0.000
    SCSK26$1          -1.190      0.050    -23.775      0.000
    SCSK26$2          -0.196      0.039     -5.076      0.000
    SCSK26$3           0.669      0.042     16.059      0.000
    SCSK26$4           1.613      0.063     25.475      0.000

 Variances
    G                  1.000      0.000    999.000    999.000
    P                  1.000      0.000    999.000    999.000
    N                  1.000      0.000    999.000    999.000


R-SQUARE

    Observed                                        Two-Tailed   Residual
    Variable        Estimate       S.E.  Est./S.E.    P-Value    Variance

    SCSJ1              0.465      0.025     18.563      0.000      0.535
    SCOI2              0.715      0.019     38.091      0.000      0.285
    SCCH3              0.283      0.026     10.875      0.000      0.717
    SCIS4              0.688      0.019     35.713      0.000      0.312
    SCSK5              0.619      0.024     25.720      0.000      0.381
    SCOI6              0.702      0.018     39.596      0.000      0.298
    SCCH7              0.294      0.026     11.344      0.000      0.706
    SCSJ8              0.679      0.020     34.421      0.000      0.321
    SCMI9              0.458      0.026     17.451      0.000      0.542
    SCCH10             0.332      0.023     14.267      0.000      0.668
    SCSJ11             0.621      0.022     27.627      0.000      0.379
    SCSK12             0.575      0.022     25.711      0.000      0.425
    SCIS13             0.528      0.023     23.193      0.000      0.472
    SCMI14             0.593      0.026     23.155      0.000      0.407
    SCCH15             0.511      0.024     21.416      0.000      0.489
    SCSJ16             0.630      0.021     30.015      0.000      0.370
    SCMI17             0.586      0.023     25.785      0.000      0.414
    SCIS18             0.602      0.021     28.048      0.000      0.398
    SCSK19             0.632      0.021     30.176      0.000      0.368
    SCOI20             0.551      0.025     22.438      0.000      0.449
    SCSJ21             0.408      0.025     16.424      0.000      0.592
    SCMI22             0.484      0.023     21.145      0.000      0.516
    SCSK23             0.500      0.026     19.553      0.000      0.500
    SCOI24             0.536      0.025     21.749      0.000      0.464
    SCIS25             0.674      0.020     34.241      0.000      0.326
    SCSK26             0.539      0.024     22.289      0.000      0.461


MODEL MODIFICATION INDICES

Minimum M.I. value for printing the modification index    10.000

                                   M.I.     E.P.C.  Std E.P.C.  StdYX E.P.C.

ON Statements

SCSJ1    ON SCSK12                19.218     0.098      0.098        0.098
SCSJ1    ON SCIS13                20.064    -0.093     -0.093       -0.093
SCSJ1    ON SCSK23                20.978    -0.085     -0.085       -0.085
SCOI2    ON SCIS4                 16.799     0.050      0.050        0.050
SCOI2    ON SCOI24                16.072     0.062      0.062        0.062
SCOI2    ON SCIS25                15.897    -0.055     -0.055       -0.055
SCCH3    ON SCCH7                 48.431     0.129      0.129        0.129
SCCH3    ON SCCH10                40.950     0.114      0.114        0.114
SCCH3    ON SCSK12                10.645    -0.066     -0.066       -0.066
SCCH3    ON SCCH15                33.843     0.102      0.102        0.102
SCCH3    ON SCSJ16                20.835    -0.097     -0.097       -0.097
SCCH3    ON SCMI17                16.664    -0.080     -0.080       -0.080
SCCH3    ON SCSK19                26.539    -0.106     -0.106       -0.106
SCCH3    ON SCOI20                10.129    -0.070     -0.070       -0.070
SCIS4    ON SCOI2                 16.794     0.050      0.050        0.050
SCIS4    ON SCIS13                21.585     0.068      0.068        0.068
SCIS4    ON SCSJ16                12.392    -0.056     -0.056       -0.056
SCIS4    ON SCOI20                14.673    -0.065     -0.065       -0.065
SCSK5    ON SCSK12                97.613     0.173      0.173        0.173
SCSK5    ON SCCH15                39.350    -0.120     -0.120       -0.120
SCSK5    ON SCMI17                13.952    -0.077     -0.077       -0.077
SCSK5    ON SCSK19               106.910     0.177      0.177        0.177
SCSK5    ON SCSK23                44.545    -0.127     -0.127       -0.127
SCSK5    ON SCSK26                15.564    -0.072     -0.072       -0.072
SCOI6    ON SCIS25                21.062     0.056      0.056        0.056
SCCH7    ON SCCH3                 29.456     0.104      0.104        0.104
SCCH7    ON SCMI14                30.485    -0.127     -0.127       -0.127
SCCH7    ON SCCH15                17.244     0.081      0.081        0.081
SCSJ8    ON SCMI9                 11.726    -0.079     -0.079       -0.079
SCSJ8    ON SCMI14                33.367    -0.130     -0.130       -0.130
SCSJ8    ON SCSJ16                14.168     0.055      0.055        0.055
SCSJ8    ON SCIS18                13.095    -0.063     -0.063       -0.063
SCSJ8    ON SCSJ21                24.566     0.083      0.083        0.083
SCMI9    ON SCSJ8                 11.721    -0.079     -0.079       -0.079
SCMI9    ON SCCH10                12.052    -0.073     -0.073       -0.073
SCMI9    ON SCIS13                16.787     0.092      0.092        0.092
SCMI9    ON SCMI14                86.782     0.193      0.193        0.193
SCMI9    ON SCCH15                35.593    -0.121     -0.121       -0.121
SCMI9    ON SCIS18                10.003     0.071      0.071        0.071
SCCH10   ON SCCH3                 22.203     0.086      0.086        0.086
SCCH10   ON SCSJ11                26.417     0.111      0.111        0.111
SCCH10   ON SCMI14                40.414    -0.139     -0.139       -0.139
SCCH10   ON SCCH15                27.471     0.091      0.091        0.091
SCSJ11   ON SCCH10                26.746     0.107      0.107        0.107
SCSJ11   ON SCSK12                10.772     0.070      0.070        0.070
SCSJ11   ON SCSK23                19.636    -0.076     -0.076       -0.076
SCSJ11   ON SCSK26                15.044    -0.074     -0.074       -0.074
SCSK12   ON SCSJ1                 16.414     0.090      0.090        0.090
SCSK12   ON SCSK5                 66.223     0.136      0.136        0.136
SCSK12   ON SCCH15                26.494    -0.094     -0.094       -0.094
SCSK12   ON SCMI22                14.435     0.062      0.062        0.062
SCSK12   ON SCSK23                26.915    -0.092     -0.092       -0.092
SCSK12   ON SCSK26                22.614    -0.083     -0.083       -0.083
SCIS13   ON SCSJ1                 16.574    -0.085     -0.085       -0.085
SCIS13   ON SCIS4                 19.191     0.064      0.064        0.064
SCIS13   ON SCMI9                 12.874     0.081      0.081        0.081
SCIS13   ON SCMI22                37.544    -0.123     -0.123       -0.123
SCIS13   ON SCIS25                10.182     0.047      0.047        0.047
SCMI14   ON SCCH7                 57.357    -0.166     -0.166       -0.166
SCMI14   ON SCSJ8                 33.360    -0.130     -0.130       -0.130
SCMI14   ON SCMI9                 86.777     0.193      0.193        0.193
SCMI14   ON SCCH10                63.391    -0.168     -0.168       -0.168
SCMI14   ON SCIS13                10.940     0.072      0.072        0.072
SCMI14   ON SCMI17                15.527     0.073      0.073        0.073
SCMI14   ON SCSK19                12.994     0.074      0.074        0.074
SCMI14   ON SCIS25                11.389     0.074      0.074        0.074
SCCH15   ON SCCH3                 33.838     0.102      0.102        0.102
SCCH15   ON SCSK5                 39.342    -0.120     -0.120       -0.120
SCCH15   ON SCCH7                 35.837     0.111      0.111        0.111
SCCH15   ON SCMI9                 35.585    -0.121     -0.121       -0.121
SCCH15   ON SCCH10                41.231     0.109      0.109        0.109
SCCH15   ON SCSK12                34.956    -0.110     -0.110       -0.110
SCCH15   ON SCSK19                27.525    -0.094     -0.094       -0.094
SCCH15   ON SCSK23                43.465     0.105      0.105        0.105
SCCH15   ON SCSK26                30.509     0.088      0.088        0.088
SCSJ16   ON SCCH3                 20.829    -0.097     -0.097       -0.097
SCSJ16   ON SCIS4                 12.379    -0.056     -0.056       -0.056
SCSJ16   ON SCSJ8                 14.177     0.055      0.055        0.055
SCSJ16   ON SCSJ21                11.449    -0.061     -0.061       -0.061
SCSJ16   ON SCMI22                12.135     0.072      0.072        0.072
SCSJ16   ON SCSK23                27.735    -0.086     -0.086       -0.086
SCMI17   ON SCCH3                 16.674    -0.080     -0.080       -0.080
SCMI17   ON SCSK5                 13.949    -0.077     -0.077       -0.077
SCMI17   ON SCMI14                15.530     0.073      0.073        0.073
SCIS18   ON SCSJ8                 11.199    -0.058     -0.058       -0.058
SCIS18   ON SCSJ16                11.951     0.052      0.052        0.052
SCSK19   ON SCCH3                 22.155    -0.096     -0.096       -0.096
SCSK19   ON SCSK5                 76.194     0.143      0.143        0.143
SCSK19   ON SCCH7                 14.082    -0.074     -0.074       -0.074
SCSK19   ON SCCH10                14.886    -0.074     -0.074       -0.074
SCSK19   ON SCMI14                12.899     0.073      0.073        0.073
SCSK19   ON SCCH15                19.718    -0.078     -0.078       -0.078
SCOI20   ON SCCH3                 10.126    -0.070     -0.070       -0.070
SCOI20   ON SCIS4                 14.678    -0.065     -0.065       -0.065
SCOI20   ON SCMI22                13.754     0.081      0.081        0.081
SCOI20   ON SCSK23                11.048     0.070      0.070        0.070
SCOI20   ON SCOI24                13.389     0.065      0.065        0.065
SCSJ21   ON SCSJ8                 24.563     0.083      0.083        0.083
SCSJ21   ON SCSK12                10.631    -0.065     -0.065       -0.065
SCSJ21   ON SCSJ16                11.459    -0.061     -0.061       -0.061
SCMI22   ON SCSK12                12.566     0.059      0.059        0.059
SCMI22   ON SCIS13                44.442    -0.134     -0.134       -0.134
SCMI22   ON SCSJ16                12.140     0.072      0.072        0.072
SCMI22   ON SCIS18                15.470    -0.080     -0.080       -0.080
SCMI22   ON SCOI20                13.748     0.081      0.081        0.081
SCMI22   ON SCSK23                21.821     0.075      0.075        0.075
SCSK23   ON SCSJ1                 19.729    -0.082     -0.082       -0.082
SCSK23   ON SCSK5                 36.740    -0.113     -0.113       -0.113
SCSK23   ON SCSJ11                15.454    -0.067     -0.067       -0.067
SCSK23   ON SCSK12                22.024    -0.085     -0.085       -0.085
SCSK23   ON SCCH15                33.147     0.091      0.091        0.091
SCSK23   ON SCSJ16                24.821    -0.081     -0.081       -0.081
SCSK23   ON SCOI20                10.597     0.068      0.068        0.068
SCSK23   ON SCMI22                20.181     0.071      0.071        0.071
SCOI24   ON SCOI2                 16.066     0.062      0.062        0.062
SCOI24   ON SCOI20                13.394     0.065      0.065        0.065
SCIS25   ON SCOI2                 15.890    -0.055     -0.055       -0.055
SCIS25   ON SCOI6                 21.078     0.056      0.056        0.056
SCIS25   ON SCCH7                 10.465    -0.068     -0.068       -0.068
SCIS25   ON SCIS13                14.235     0.056      0.056        0.056
SCIS25   ON SCMI14                11.379     0.074      0.074        0.074
SCSK26   ON SCSK12                16.327    -0.072     -0.072       -0.072
SCSK26   ON SCCH15                20.290     0.071      0.071        0.071

WITH Statements

SCIS4    WITH SCOI2               16.796     0.050      0.050        0.168
SCCH7    WITH SCCH3               29.454     0.104      0.104        0.146
SCMI9    WITH SCSJ8               11.722    -0.079     -0.079       -0.190
SCCH10   WITH SCCH3               22.201     0.086      0.086        0.124
SCSJ11   WITH SCCH10              26.430     0.111      0.111        0.220
SCSK12   WITH SCSJ1               16.412     0.090      0.090        0.188
SCSK12   WITH SCSK5               66.224     0.136      0.136        0.337
SCIS13   WITH SCSJ1               16.575    -0.085     -0.085       -0.169
SCIS13   WITH SCIS4               19.190     0.064      0.064        0.167
SCIS13   WITH SCMI9               12.874     0.081      0.081        0.160
SCMI14   WITH SCCH7               30.482    -0.127     -0.127       -0.236
SCMI14   WITH SCSJ8               33.361    -0.130     -0.130       -0.359
SCMI14   WITH SCMI9               86.785     0.193      0.193        0.412
SCMI14   WITH SCCH10              40.427    -0.139     -0.139       -0.266
SCCH15   WITH SCCH3               33.834     0.102      0.102        0.172
SCCH15   WITH SCSK5               39.347    -0.120     -0.120       -0.278
SCCH15   WITH SCCH7               17.244     0.081      0.081        0.137
SCCH15   WITH SCMI9               35.593    -0.121     -0.121       -0.235
SCCH15   WITH SCCH10              27.462     0.091      0.091        0.159
SCCH15   WITH SCSK12              26.493    -0.094     -0.094       -0.206
SCSJ16   WITH SCCH3               20.827    -0.097     -0.097       -0.188
SCSJ16   WITH SCIS4               12.391    -0.056     -0.056       -0.164
SCSJ16   WITH SCSJ8               14.168     0.055      0.055        0.158
SCMI17   WITH SCCH3               16.672    -0.080     -0.080       -0.147
SCMI17   WITH SCSK5               13.950    -0.077     -0.077       -0.194
SCMI17   WITH SCMI14              15.530     0.073      0.073        0.178
SCIS18   WITH SCSJ8               11.202    -0.058     -0.058       -0.163
SCIS18   WITH SCSJ16              11.949     0.052      0.052        0.136
SCSK19   WITH SCCH3               22.157    -0.096     -0.096       -0.187
SCSK19   WITH SCSK5               76.189     0.143      0.143        0.381
SCSK19   WITH SCMI14              12.898     0.073      0.073        0.189
SCSK19   WITH SCCH15              19.720    -0.078     -0.078       -0.185
SCOI20   WITH SCCH3               10.125    -0.070     -0.070       -0.123
SCOI20   WITH SCIS4               14.671    -0.065     -0.065       -0.173
SCSJ21   WITH SCSJ8               24.567     0.083      0.083        0.190
SCSJ21   WITH SCSJ16              11.457    -0.061     -0.061       -0.130
SCMI22   WITH SCSK12              14.436     0.062      0.062        0.132
SCMI22   WITH SCIS13              37.545    -0.123     -0.123       -0.250
SCMI22   WITH SCSJ16              12.141     0.072      0.072        0.165
SCMI22   WITH SCOI20              13.750     0.081      0.081        0.168
SCSK23   WITH SCSJ1               19.731    -0.082     -0.082       -0.159
SCSK23   WITH SCSK5               36.743    -0.113     -0.113       -0.259
SCSK23   WITH SCSJ11              15.457    -0.067     -0.067       -0.154
SCSK23   WITH SCSK12              19.758    -0.078     -0.078       -0.169
SCSK23   WITH SCCH15              33.148     0.091      0.091        0.184
SCSK23   WITH SCSJ16              24.825    -0.081     -0.081       -0.188
SCSK23   WITH SCOI20              10.592     0.068      0.068        0.144
SCSK23   WITH SCMI22              20.182     0.071      0.071        0.140
SCOI24   WITH SCOI2               16.068     0.062      0.062        0.171
SCOI24   WITH SCOI20              13.395     0.065      0.065        0.142
SCIS25   WITH SCOI2               15.901    -0.055     -0.055       -0.180
SCIS25   WITH SCOI6               21.067     0.056      0.056        0.178
SCIS25   WITH SCIS13              10.181     0.047      0.047        0.120
SCIS25   WITH SCMI14              11.386     0.074      0.074        0.203
SCSK26   WITH SCSK12              15.707    -0.068     -0.068       -0.154
SCSK26   WITH SCCH15              20.281     0.071      0.071        0.149


     Beginning Time:  11:29:47
        Ending Time:  11:29:49
       Elapsed Time:  00:00:02



MUTHEN & MUTHEN
3463 Stoner Ave.
Los Angeles, CA  90066

Tel: (310) 391-9971
Fax: (310) 391-8971
Web: www.StatModel.com
Support: Support@StatModel.com

Copyright (c) 1998-2021 Muthen & Muthen
