Mplus VERSION 8.6 (Mac)
MUTHEN & MUTHEN
10/12/2022  11:10 AM

INPUT INSTRUCTIONS

  TITLE: Model 4b Bifactor-ESEM (1 G- and 6 S-factors) with free loading-matrix by group.
  DATA:
  FILE = "semdatagr.dat";

  VARIABLE:
  NAMES =
    scsj1 scoi2 scch3 scis4 scsk5 scoi6 scch7 scsj8 scmi9 scch10 scsj11 scsk12
    scis13 scmi14 scch15 scsj16 scmi17 scis18 scsk19 scoi20 scsj21 scmi22 scsk23
    scoi24 scis25 scsk26
    ptgi_al ptgi_np ptgi_ps ptgi_sp ptgi_ro
    iesr_a iesr_i iesr_h
    cope_pa cope_po
    mspss_fa mspss_fr mspss_so
    neuro_na neuro_sr
    extra_pa extra_so extra_ac
    group
    ;

  Grouping = group (1=RW 2=CS);

  MISSING = .;

  USEVARIABLES ARE
    scsj1 scoi2 scch3 scis4 scsk5 scoi6 scch7 scsj8 scmi9 scch10 scsj11 scsk12
    scis13 scmi14 scch15 scsj16 scmi17 scis18 scsk19 scoi20 scsj21 scmi22 scsk23
    scoi24 scis25 scsk26
    ;

  ANALYSIS:
    ESTIMATOR = MLR;
    PROCESSORS = 6;
    ROTATION = TARGET (ORTHOGONAL);

  MODEL:

  sc BY
    scsk5 scsk12 scsk19 scsk23 scsk26 scsj1 scsj8 scsj11 scsj16
    scsj21 scch3 scch7 scch10 scch15 scis4 scis13 scis18 scis25
    scmi9 scmi14 scmi17 scmi22 scoi2 scoi6 scoi20 scoi24 (*1);

  sk BY
    scsk5 scsk12 scsk19 scsk23 scsk26 scsj1~0 scsj8~0 scsj11~0 scsj16~0
    scsj21~0 scch3~0 scch7~0 scch10~0 scch15~0 scis4~0 scis13~0 scis18~0
    scis25~0 scmi9~0 scmi14~0 scmi17~0 scmi22~0 scoi2~0 scoi6~0 scoi20~0
    scoi24~0 (*1);

  sj BY
    scsk5~0 scsk12~0 scsk19~0 scsk23~0 scsk26~0 scsj1 scsj8 scsj11
    scsj16 scsj21 scch3~0 scch7~0 scch10~0 scch15~0 scis4~0 scis13~0
    scis18~0 scis25~0 scmi9~0 scmi14~0 scmi17~0 scmi22~0 scoi2~0 scoi6~0
    scoi20~0 scoi24~0 (*1);

  ch BY
    scsk5~0 scsk12~0 scsk19~0 scsk23~0 scsk26~0 scsj1~0 scsj8~0 scsj11~0
    scsj16~0 scsj21~0 scch3 scch7 scch10 scch15 scis4~0 scis13~0 scis18~0
    scis25~0 scmi9~0 scmi14~0 scmi17~0 scmi22~0 scoi2~0 scoi6~0 scoi20~0
    scoi24~0 (*1);

  is BY
    scsk5~0 scsk12~0 scsk19~0 scsk23~0 scsk26~0 scsj1~0 scsj8~0
    scsj11~0 scsj16~0 scsj21~0 scch3~0 scch7~0 scch10~0 scch15~0
    scis4 scis13 scis18 scis25 scmi9~0 scmi14~0 scmi17~0 scmi22~0
    scoi2~0 scoi6~0 scoi20~0 scoi24~0 (*1);

  mi BY
    scsk5~0 scsk12~0 scsk19~0 scsk23~0 scsk26~0 scsj1~0 scsj8~0
    scsj11~0 scsj16~0 scsj21~0 scch3~0 scch7~0 scch10~0 scch15~0 scis4~0
    scis13~0 scis18~0 scis25~0 scmi9 scmi14 scmi17 scmi22 scoi2~0 scoi6~0
    scoi20~0 scoi24~0 (*1);

  oi BY
    scsk5~0 scsk12~0 scsk19~0 scsk23~0 scsk26~0 scsj1~0 scsj8~0 scsj11~0
    scsj16~0 scsj21~0 scch3~0 scch7~0 scch10~0 scch15~0 scis4~0 scis13~0
    scis18~0 scis25~0 scmi9~0 scmi14~0 scmi17~0 scmi22~0 scoi2 scoi6
    scoi20 scoi24 (*1);

  ! Items' intercepts
  ! [scch3-scoi24];

  ! Items' uniquenesses
  ! scch3-scoi24;

  ! All latent means are constrained to be zero.
  ! [SC@0 SK@0 SJ@0 CH@0 IS@0 MI@0 OI@0];


  ! In the next section, the parameters freely estimated in the second group are indicated.
  MODEL CS:

  sc BY
    scsk5 scsk12 scsk19 scsk23 scsk26 scsj1 scsj8 scsj11 scsj16
    scsj21 scch3 scch7 scch10 scch15 scis4 scis13 scis18 scis25
    scmi9 scmi14 scmi17 scmi22 scoi2 scoi6 scoi20 scoi24 (*1);

  sk BY
    scsk5 scsk12 scsk19 scsk23 scsk26 scsj1~0 scsj8~0 scsj11~0 scsj16~0
    scsj21~0 scch3~0 scch7~0 scch10~0 scch15~0 scis4~0 scis13~0 scis18~0
    scis25~0 scmi9~0 scmi14~0 scmi17~0 scmi22~0 scoi2~0 scoi6~0 scoi20~0
    scoi24~0 (*1);

  sj BY
    scsk5~0 scsk12~0 scsk19~0 scsk23~0 scsk26~0 scsj1 scsj8 scsj11
    scsj16 scsj21 scch3~0 scch7~0 scch10~0 scch15~0 scis4~0 scis13~0
    scis18~0 scis25~0 scmi9~0 scmi14~0 scmi17~0 scmi22~0 scoi2~0 scoi6~0
    scoi20~0 scoi24~0 (*1);

  ch BY
    scsk5~0 scsk12~0 scsk19~0 scsk23~0 scsk26~0 scsj1~0 scsj8~0 scsj11~0
    scsj16~0 scsj21~0 scch3 scch7 scch10 scch15 scis4~0 scis13~0 scis18~0
    scis25~0 scmi9~0 scmi14~0 scmi17~0 scmi22~0 scoi2~0 scoi6~0 scoi20~0
    scoi24~0 (*1);

  is BY
    scsk5~0 scsk12~0 scsk19~0 scsk23~0 scsk26~0 scsj1~0 scsj8~0
    scsj11~0 scsj16~0 scsj21~0 scch3~0 scch7~0 scch10~0 scch15~0
    scis4 scis13 scis18 scis25 scmi9~0 scmi14~0 scmi17~0 scmi22~0
    scoi2~0 scoi6~0 scoi20~0 scoi24~0 (*1);

  mi BY
    scsk5~0 scsk12~0 scsk19~0 scsk23~0 scsk26~0 scsj1~0 scsj8~0
    scsj11~0 scsj16~0 scsj21~0 scch3~0 scch7~0 scch10~0 scch15~0 scis4~0
    scis13~0 scis18~0 scis25~0 scmi9 scmi14 scmi17 scmi22 scoi2~0 scoi6~0
    scoi20~0 scoi24~0 (*1);

  oi BY
    scsk5~0 scsk12~0 scsk19~0 scsk23~0 scsk26~0 scsj1~0 scsj8~0 scsj11~0
    scsj16~0 scsj21~0 scch3~0 scch7~0 scch10~0 scch15~0 scis4~0 scis13~0
    scis18~0 scis25~0 scmi9~0 scmi14~0 scmi17~0 scmi22~0 scoi2 scoi6
    scoi20 scoi24 (*1);

  OUTPUT:
  sampstat standardized SVALUES stdyx tech4;




INPUT READING TERMINATED NORMALLY



Model 4b Bifactor-ESEM (1 G- and 6 S-factors) with free loading-matrix by group.

SUMMARY OF ANALYSIS

Number of groups                                                 2
Number of observations
   Group RW                                                    322
   Group CS                                                    746
   Total sample size                                          1068

Number of dependent variables                                   26
Number of independent variables                                  0
Number of continuous latent variables                            7

Observed dependent variables

  Continuous
   SCSJ1       SCOI2       SCCH3       SCIS4       SCSK5       SCOI6
   SCCH7       SCSJ8       SCMI9       SCCH10      SCSJ11      SCSK12
   SCIS13      SCMI14      SCCH15      SCSJ16      SCMI17      SCIS18
   SCSK19      SCOI20      SCSJ21      SCMI22      SCSK23      SCOI24
   SCIS25      SCSK26

Continuous latent variables

  EFA factors
  *1:   SC          SK          SJ          CH          IS          MI
   OI

Variables with special functions

  Grouping variable     GROUP

Estimator                                                      MLR
Rotation                                                    TARGET
Row standardization                                    CORRELATION
Type of rotation                                        ORTHOGONAL
Information matrix                                        OBSERVED
Maximum number of iterations                                  1000
Convergence criterion                                    0.500D-04
Maximum number of steepest descent iterations                   20
Maximum number of iterations for H1                           2000
Convergence criterion for H1                             0.100D-03
Optimization Specifications for the Exploratory Factor Analysis
Rotation Algorithm
  Number of random starts                                       30
  Maximum number of iterations                             1000000
  Derivative convergence criterion                       0.100D-04

Input data file(s)
  semdatagr.dat

Input data format  FREE


SUMMARY OF DATA

   Group RW
     Number of missing data patterns             1

   Group CS
     Number of missing data patterns             1


COVARIANCE COVERAGE OF DATA

Minimum covariance coverage value   0.100


     PROPORTION OF DATA PRESENT FOR RW


           Covariance Coverage
              SCSJ1         SCOI2         SCCH3         SCIS4         SCSK5
              ________      ________      ________      ________      ________
 SCSJ1          1.000
 SCOI2          1.000         1.000
 SCCH3          1.000         1.000         1.000
 SCIS4          1.000         1.000         1.000         1.000
 SCSK5          1.000         1.000         1.000         1.000         1.000
 SCOI6          1.000         1.000         1.000         1.000         1.000
 SCCH7          1.000         1.000         1.000         1.000         1.000
 SCSJ8          1.000         1.000         1.000         1.000         1.000
 SCMI9          1.000         1.000         1.000         1.000         1.000
 SCCH10         1.000         1.000         1.000         1.000         1.000
 SCSJ11         1.000         1.000         1.000         1.000         1.000
 SCSK12         1.000         1.000         1.000         1.000         1.000
 SCIS13         1.000         1.000         1.000         1.000         1.000
 SCMI14         1.000         1.000         1.000         1.000         1.000
 SCCH15         1.000         1.000         1.000         1.000         1.000
 SCSJ16         1.000         1.000         1.000         1.000         1.000
 SCMI17         1.000         1.000         1.000         1.000         1.000
 SCIS18         1.000         1.000         1.000         1.000         1.000
 SCSK19         1.000         1.000         1.000         1.000         1.000
 SCOI20         1.000         1.000         1.000         1.000         1.000
 SCSJ21         1.000         1.000         1.000         1.000         1.000
 SCMI22         1.000         1.000         1.000         1.000         1.000
 SCSK23         1.000         1.000         1.000         1.000         1.000
 SCOI24         1.000         1.000         1.000         1.000         1.000
 SCIS25         1.000         1.000         1.000         1.000         1.000
 SCSK26         1.000         1.000         1.000         1.000         1.000


           Covariance Coverage
              SCOI6         SCCH7         SCSJ8         SCMI9         SCCH10
              ________      ________      ________      ________      ________
 SCOI6          1.000
 SCCH7          1.000         1.000
 SCSJ8          1.000         1.000         1.000
 SCMI9          1.000         1.000         1.000         1.000
 SCCH10         1.000         1.000         1.000         1.000         1.000
 SCSJ11         1.000         1.000         1.000         1.000         1.000
 SCSK12         1.000         1.000         1.000         1.000         1.000
 SCIS13         1.000         1.000         1.000         1.000         1.000
 SCMI14         1.000         1.000         1.000         1.000         1.000
 SCCH15         1.000         1.000         1.000         1.000         1.000
 SCSJ16         1.000         1.000         1.000         1.000         1.000
 SCMI17         1.000         1.000         1.000         1.000         1.000
 SCIS18         1.000         1.000         1.000         1.000         1.000
 SCSK19         1.000         1.000         1.000         1.000         1.000
 SCOI20         1.000         1.000         1.000         1.000         1.000
 SCSJ21         1.000         1.000         1.000         1.000         1.000
 SCMI22         1.000         1.000         1.000         1.000         1.000
 SCSK23         1.000         1.000         1.000         1.000         1.000
 SCOI24         1.000         1.000         1.000         1.000         1.000
 SCIS25         1.000         1.000         1.000         1.000         1.000
 SCSK26         1.000         1.000         1.000         1.000         1.000


           Covariance Coverage
              SCSJ11        SCSK12        SCIS13        SCMI14        SCCH15
              ________      ________      ________      ________      ________
 SCSJ11         1.000
 SCSK12         1.000         1.000
 SCIS13         1.000         1.000         1.000
 SCMI14         1.000         1.000         1.000         1.000
 SCCH15         1.000         1.000         1.000         1.000         1.000
 SCSJ16         1.000         1.000         1.000         1.000         1.000
 SCMI17         1.000         1.000         1.000         1.000         1.000
 SCIS18         1.000         1.000         1.000         1.000         1.000
 SCSK19         1.000         1.000         1.000         1.000         1.000
 SCOI20         1.000         1.000         1.000         1.000         1.000
 SCSJ21         1.000         1.000         1.000         1.000         1.000
 SCMI22         1.000         1.000         1.000         1.000         1.000
 SCSK23         1.000         1.000         1.000         1.000         1.000
 SCOI24         1.000         1.000         1.000         1.000         1.000
 SCIS25         1.000         1.000         1.000         1.000         1.000
 SCSK26         1.000         1.000         1.000         1.000         1.000


           Covariance Coverage
              SCSJ16        SCMI17        SCIS18        SCSK19        SCOI20
              ________      ________      ________      ________      ________
 SCSJ16         1.000
 SCMI17         1.000         1.000
 SCIS18         1.000         1.000         1.000
 SCSK19         1.000         1.000         1.000         1.000
 SCOI20         1.000         1.000         1.000         1.000         1.000
 SCSJ21         1.000         1.000         1.000         1.000         1.000
 SCMI22         1.000         1.000         1.000         1.000         1.000
 SCSK23         1.000         1.000         1.000         1.000         1.000
 SCOI24         1.000         1.000         1.000         1.000         1.000
 SCIS25         1.000         1.000         1.000         1.000         1.000
 SCSK26         1.000         1.000         1.000         1.000         1.000


           Covariance Coverage
              SCSJ21        SCMI22        SCSK23        SCOI24        SCIS25
              ________      ________      ________      ________      ________
 SCSJ21         1.000
 SCMI22         1.000         1.000
 SCSK23         1.000         1.000         1.000
 SCOI24         1.000         1.000         1.000         1.000
 SCIS25         1.000         1.000         1.000         1.000         1.000
 SCSK26         1.000         1.000         1.000         1.000         1.000


           Covariance Coverage
              SCSK26
              ________
 SCSK26         1.000


     PROPORTION OF DATA PRESENT FOR CS


           Covariance Coverage
              SCSJ1         SCOI2         SCCH3         SCIS4         SCSK5
              ________      ________      ________      ________      ________
 SCSJ1          1.000
 SCOI2          1.000         1.000
 SCCH3          1.000         1.000         1.000
 SCIS4          1.000         1.000         1.000         1.000
 SCSK5          1.000         1.000         1.000         1.000         1.000
 SCOI6          1.000         1.000         1.000         1.000         1.000
 SCCH7          1.000         1.000         1.000         1.000         1.000
 SCSJ8          1.000         1.000         1.000         1.000         1.000
 SCMI9          1.000         1.000         1.000         1.000         1.000
 SCCH10         1.000         1.000         1.000         1.000         1.000
 SCSJ11         1.000         1.000         1.000         1.000         1.000
 SCSK12         1.000         1.000         1.000         1.000         1.000
 SCIS13         1.000         1.000         1.000         1.000         1.000
 SCMI14         1.000         1.000         1.000         1.000         1.000
 SCCH15         1.000         1.000         1.000         1.000         1.000
 SCSJ16         1.000         1.000         1.000         1.000         1.000
 SCMI17         1.000         1.000         1.000         1.000         1.000
 SCIS18         1.000         1.000         1.000         1.000         1.000
 SCSK19         1.000         1.000         1.000         1.000         1.000
 SCOI20         1.000         1.000         1.000         1.000         1.000
 SCSJ21         1.000         1.000         1.000         1.000         1.000
 SCMI22         1.000         1.000         1.000         1.000         1.000
 SCSK23         1.000         1.000         1.000         1.000         1.000
 SCOI24         1.000         1.000         1.000         1.000         1.000
 SCIS25         1.000         1.000         1.000         1.000         1.000
 SCSK26         1.000         1.000         1.000         1.000         1.000


           Covariance Coverage
              SCOI6         SCCH7         SCSJ8         SCMI9         SCCH10
              ________      ________      ________      ________      ________
 SCOI6          1.000
 SCCH7          1.000         1.000
 SCSJ8          1.000         1.000         1.000
 SCMI9          1.000         1.000         1.000         1.000
 SCCH10         1.000         1.000         1.000         1.000         1.000
 SCSJ11         1.000         1.000         1.000         1.000         1.000
 SCSK12         1.000         1.000         1.000         1.000         1.000
 SCIS13         1.000         1.000         1.000         1.000         1.000
 SCMI14         1.000         1.000         1.000         1.000         1.000
 SCCH15         1.000         1.000         1.000         1.000         1.000
 SCSJ16         1.000         1.000         1.000         1.000         1.000
 SCMI17         1.000         1.000         1.000         1.000         1.000
 SCIS18         1.000         1.000         1.000         1.000         1.000
 SCSK19         1.000         1.000         1.000         1.000         1.000
 SCOI20         1.000         1.000         1.000         1.000         1.000
 SCSJ21         1.000         1.000         1.000         1.000         1.000
 SCMI22         1.000         1.000         1.000         1.000         1.000
 SCSK23         1.000         1.000         1.000         1.000         1.000
 SCOI24         1.000         1.000         1.000         1.000         1.000
 SCIS25         1.000         1.000         1.000         1.000         1.000
 SCSK26         1.000         1.000         1.000         1.000         1.000


           Covariance Coverage
              SCSJ11        SCSK12        SCIS13        SCMI14        SCCH15
              ________      ________      ________      ________      ________
 SCSJ11         1.000
 SCSK12         1.000         1.000
 SCIS13         1.000         1.000         1.000
 SCMI14         1.000         1.000         1.000         1.000
 SCCH15         1.000         1.000         1.000         1.000         1.000
 SCSJ16         1.000         1.000         1.000         1.000         1.000
 SCMI17         1.000         1.000         1.000         1.000         1.000
 SCIS18         1.000         1.000         1.000         1.000         1.000
 SCSK19         1.000         1.000         1.000         1.000         1.000
 SCOI20         1.000         1.000         1.000         1.000         1.000
 SCSJ21         1.000         1.000         1.000         1.000         1.000
 SCMI22         1.000         1.000         1.000         1.000         1.000
 SCSK23         1.000         1.000         1.000         1.000         1.000
 SCOI24         1.000         1.000         1.000         1.000         1.000
 SCIS25         1.000         1.000         1.000         1.000         1.000
 SCSK26         1.000         1.000         1.000         1.000         1.000


           Covariance Coverage
              SCSJ16        SCMI17        SCIS18        SCSK19        SCOI20
              ________      ________      ________      ________      ________
 SCSJ16         1.000
 SCMI17         1.000         1.000
 SCIS18         1.000         1.000         1.000
 SCSK19         1.000         1.000         1.000         1.000
 SCOI20         1.000         1.000         1.000         1.000         1.000
 SCSJ21         1.000         1.000         1.000         1.000         1.000
 SCMI22         1.000         1.000         1.000         1.000         1.000
 SCSK23         1.000         1.000         1.000         1.000         1.000
 SCOI24         1.000         1.000         1.000         1.000         1.000
 SCIS25         1.000         1.000         1.000         1.000         1.000
 SCSK26         1.000         1.000         1.000         1.000         1.000


           Covariance Coverage
              SCSJ21        SCMI22        SCSK23        SCOI24        SCIS25
              ________      ________      ________      ________      ________
 SCSJ21         1.000
 SCMI22         1.000         1.000
 SCSK23         1.000         1.000         1.000
 SCOI24         1.000         1.000         1.000         1.000
 SCIS25         1.000         1.000         1.000         1.000         1.000
 SCSK26         1.000         1.000         1.000         1.000         1.000


           Covariance Coverage
              SCSK26
              ________
 SCSK26         1.000


SAMPLE STATISTICS


     ESTIMATED SAMPLE STATISTICS FOR RW


           Means
              SCSJ1         SCOI2         SCCH3         SCIS4         SCSK5
              ________      ________      ________      ________      ________
                3.758         3.379         3.450         3.037         2.991


           Means
              SCOI6         SCCH7         SCSJ8         SCMI9         SCCH10
              ________      ________      ________      ________      ________
                3.553         2.742         3.189         3.363         2.630


           Means
              SCSJ11        SCSK12        SCIS13        SCMI14        SCCH15
              ________      ________      ________      ________      ________
                3.059         2.733         3.326         3.155         3.115


           Means
              SCSJ16        SCMI17        SCIS18        SCSK19        SCOI20
              ________      ________      ________      ________      ________
                3.155         3.102         3.463         2.832         3.227


           Means
              SCSJ21        SCMI22        SCSK23        SCOI24        SCIS25
              ________      ________      ________      ________      ________
                3.087         2.984         2.745         2.767         3.264


           Means
              SCSK26
              ________
                2.714


           Covariances
              SCSJ1         SCOI2         SCCH3         SCIS4         SCSK5
              ________      ________      ________      ________      ________
 SCSJ1          1.389
 SCOI2          0.890         1.732
 SCCH3         -0.031        -0.177         1.198
 SCIS4          0.714         1.023        -0.157         1.657
 SCSK5         -0.397        -0.469         0.433        -0.391         1.512
 SCOI6          0.777         0.949        -0.128         0.809        -0.368
 SCCH7         -0.003        -0.110         0.424        -0.108         0.507
 SCSJ8          0.872         0.925        -0.200         0.847        -0.573
 SCMI9         -0.073        -0.228         0.305        -0.184         0.364
 SCCH10        -0.114        -0.192         0.474        -0.163         0.525
 SCSJ11         0.856         0.931        -0.135         0.849        -0.496
 SCSK12        -0.270        -0.414         0.471        -0.357         0.954
 SCIS13         0.526         0.783        -0.218         0.764        -0.233
 SCMI14        -0.133        -0.258         0.387        -0.254         0.498
 SCCH15        -0.382        -0.469         0.548        -0.467         0.653
 SCSJ16         0.873         0.944        -0.203         0.951        -0.589
 SCMI17        -0.317        -0.461         0.361        -0.411         0.507
 SCIS18         0.808         0.918        -0.143         0.831        -0.294
 SCSK19        -0.472        -0.533         0.398        -0.429         1.020
 SCOI20         0.421         0.684        -0.186         0.606        -0.110
 SCSJ21         0.493         0.501        -0.083         0.512        -0.505
 SCMI22        -0.289        -0.361         0.526        -0.329         0.705
 SCSK23        -0.593        -0.640         0.335        -0.605         0.594
 SCOI24         0.472         0.837        -0.314         0.648        -0.269
 SCIS25         0.738         0.971        -0.221         0.990        -0.373
 SCSK26        -0.482        -0.525         0.408        -0.508         0.758


           Covariances
              SCOI6         SCCH7         SCSJ8         SCMI9         SCCH10
              ________      ________      ________      ________      ________
 SCOI6          1.545
 SCCH7         -0.121         1.446
 SCSJ8          0.836        -0.106         1.588
 SCMI9         -0.120         0.165        -0.181         1.088
 SCCH10        -0.144         0.961        -0.147         0.268         1.351
 SCSJ11         0.921        -0.081         1.011        -0.099        -0.099
 SCSK12        -0.309         0.593        -0.530         0.290         0.581
 SCIS13         0.683         0.034         0.581        -0.047        -0.088
 SCMI14        -0.191         0.326        -0.346         0.645         0.383
 SCCH15        -0.439         0.492        -0.512         0.294         0.629
 SCSJ16         0.933        -0.118         1.067        -0.122        -0.225
 SCMI17        -0.488         0.399        -0.457         0.432         0.454
 SCIS18         0.893         0.023         0.726        -0.028        -0.065
 SCSK19        -0.438         0.441        -0.651         0.303         0.450
 SCOI20         0.620        -0.097         0.494        -0.331        -0.199
 SCSJ21         0.492        -0.229         0.704         0.009        -0.207
 SCMI22        -0.246         0.474        -0.373         0.332         0.556
 SCSK23        -0.620         0.254        -0.654         0.294         0.406
 SCOI24         0.579        -0.079         0.575        -0.226        -0.161
 SCIS25         1.090        -0.078         0.900        -0.146        -0.204
 SCSK26        -0.463         0.439        -0.592         0.259         0.422


           Covariances
              SCSJ11        SCSK12        SCIS13        SCMI14        SCCH15
              ________      ________      ________      ________      ________
 SCSJ11         1.615
 SCSK12        -0.422         1.444
 SCIS13         0.661        -0.158         1.512
 SCMI14        -0.310         0.476        -0.116         1.206
 SCCH15        -0.556         0.593        -0.190         0.495         1.394
 SCSJ16         1.059        -0.443         0.645        -0.297        -0.608
 SCMI17        -0.432         0.496        -0.307         0.565         0.560
 SCIS18         0.845        -0.268         1.011        -0.159        -0.370
 SCSK19        -0.565         1.014        -0.188         0.507         0.637
 SCOI20         0.493        -0.151         0.442        -0.371        -0.259
 SCSJ21         0.591        -0.508         0.363        -0.159        -0.296
 SCMI22        -0.381         0.810        -0.315         0.437         0.583
 SCSK23        -0.743         0.566        -0.423         0.394         0.716
 SCOI24         0.607        -0.217         0.467        -0.305        -0.355
 SCIS25         0.882        -0.361         0.830        -0.234        -0.462
 SCSK26        -0.598         0.691        -0.292         0.457         0.679


           Covariances
              SCSJ16        SCMI17        SCIS18        SCSK19        SCOI20
              ________      ________      ________      ________      ________
 SCSJ16         1.790
 SCMI17        -0.503         1.129
 SCIS18         1.006        -0.408         1.603
 SCSK19        -0.660         0.548        -0.360         1.369
 SCOI20         0.608        -0.321         0.637        -0.195         1.461
 SCSJ21         0.614        -0.251         0.426        -0.538         0.247
 SCMI22        -0.370         0.455        -0.279         0.718        -0.142
 SCSK23        -0.914         0.576        -0.665         0.700        -0.309
 SCOI24         0.536        -0.290         0.605        -0.222         0.708
 SCIS25         1.021        -0.496         0.987        -0.453         0.782
 SCSK26        -0.720         0.526        -0.374         0.778        -0.212


           Covariances
              SCSJ21        SCMI22        SCSK23        SCOI24        SCIS25
              ________      ________      ________      ________      ________
 SCSJ21         1.353
 SCMI22        -0.312         1.351
 SCSK23        -0.385         0.611         1.463
 SCOI24         0.176        -0.237        -0.392         1.626
 SCIS25         0.611        -0.266        -0.650         0.813         1.760
 SCSK26        -0.475         0.592         0.828        -0.318        -0.502


           Covariances
              SCSK26
              ________
 SCSK26         1.167


           Correlations
              SCSJ1         SCOI2         SCCH3         SCIS4         SCSK5
              ________      ________      ________      ________      ________
 SCSJ1          1.000
 SCOI2          0.574         1.000
 SCCH3         -0.024        -0.123         1.000
 SCIS4          0.471         0.604        -0.111         1.000
 SCSK5         -0.274        -0.289         0.322        -0.247         1.000
 SCOI6          0.530         0.580        -0.094         0.505        -0.240
 SCCH7         -0.002        -0.070         0.322        -0.070         0.343
 SCSJ8          0.587         0.558        -0.145         0.522        -0.370
 SCMI9         -0.060        -0.166         0.267        -0.137         0.283
 SCCH10        -0.084        -0.126         0.373        -0.109         0.367
 SCSJ11         0.572         0.557        -0.097         0.519        -0.318
 SCSK12        -0.190        -0.262         0.358        -0.230         0.646
 SCIS13         0.363         0.484        -0.162         0.483        -0.154
 SCMI14        -0.103        -0.178         0.322        -0.180         0.369
 SCCH15        -0.275        -0.302         0.424        -0.307         0.450
 SCSJ16         0.554         0.536        -0.139         0.552        -0.358
 SCMI17        -0.253        -0.330         0.310        -0.300         0.388
 SCIS18         0.541         0.551        -0.103         0.510        -0.189
 SCSK19        -0.343        -0.346         0.311        -0.284         0.709
 SCOI20         0.296         0.430        -0.141         0.390        -0.074
 SCSJ21         0.360         0.327        -0.065         0.342        -0.353
 SCMI22        -0.211        -0.236         0.413        -0.220         0.493
 SCSK23        -0.416        -0.402         0.253        -0.389         0.399
 SCOI24         0.314         0.499        -0.225         0.395        -0.172
 SCIS25         0.472         0.556        -0.152         0.580        -0.229
 SCSK26        -0.379        -0.369         0.345        -0.365         0.571


           Correlations
              SCOI6         SCCH7         SCSJ8         SCMI9         SCCH10
              ________      ________      ________      ________      ________
 SCOI6          1.000
 SCCH7         -0.081         1.000
 SCSJ8          0.534        -0.070         1.000
 SCMI9         -0.093         0.132        -0.137         1.000
 SCCH10        -0.099         0.687        -0.101         0.221         1.000
 SCSJ11         0.583        -0.053         0.631        -0.075        -0.067
 SCSK12        -0.207         0.410        -0.350         0.231         0.416
 SCIS13         0.447         0.023         0.375        -0.037        -0.061
 SCMI14        -0.140         0.247        -0.250         0.563         0.300
 SCCH15        -0.299         0.347        -0.344         0.238         0.459
 SCSJ16         0.561        -0.074         0.633        -0.087        -0.145
 SCMI17        -0.370         0.312        -0.341         0.389         0.368
 SCIS18         0.568         0.015         0.455        -0.021        -0.044
 SCSK19        -0.301         0.314        -0.442         0.248         0.331
 SCOI20         0.413        -0.067         0.324        -0.262        -0.142
 SCSJ21         0.341        -0.164         0.480         0.007        -0.153
 SCMI22        -0.170         0.339        -0.255         0.274         0.412
 SCSK23        -0.412         0.175        -0.429         0.233         0.289
 SCOI24         0.365        -0.051         0.358        -0.170        -0.108
 SCIS25         0.661        -0.049         0.539        -0.105        -0.132
 SCSK26        -0.345         0.338        -0.435         0.230         0.336


           Correlations
              SCSJ11        SCSK12        SCIS13        SCMI14        SCCH15
              ________      ________      ________      ________      ________
 SCSJ11         1.000
 SCSK12        -0.276         1.000
 SCIS13         0.423        -0.107         1.000
 SCMI14        -0.222         0.361        -0.086         1.000
 SCCH15        -0.371         0.418        -0.131         0.382         1.000
 SCSJ16         0.623        -0.276         0.392        -0.202        -0.385
 SCMI17        -0.320         0.389        -0.235         0.484         0.446
 SCIS18         0.526        -0.176         0.649        -0.114        -0.248
 SCSK19        -0.380         0.721        -0.130         0.395         0.461
 SCOI20         0.321        -0.104         0.297        -0.279        -0.181
 SCSJ21         0.400        -0.363         0.254        -0.125        -0.215
 SCMI22        -0.258         0.580        -0.220         0.343         0.425
 SCSK23        -0.483         0.389        -0.285         0.296         0.501
 SCOI24         0.375        -0.142         0.298        -0.218        -0.236
 SCIS25         0.523        -0.227         0.509        -0.160        -0.295
 SCSK26        -0.436         0.532        -0.220         0.386         0.532


           Correlations
              SCSJ16        SCMI17        SCIS18        SCSK19        SCOI20
              ________      ________      ________      ________      ________
 SCSJ16         1.000
 SCMI17        -0.354         1.000
 SCIS18         0.594        -0.303         1.000
 SCSK19        -0.422         0.441        -0.243         1.000
 SCOI20         0.376        -0.250         0.417        -0.138         1.000
 SCSJ21         0.395        -0.203         0.289        -0.395         0.176
 SCMI22        -0.238         0.368        -0.189         0.528        -0.101
 SCSK23        -0.565         0.448        -0.434         0.494        -0.211
 SCOI24         0.314        -0.214         0.375        -0.149         0.459
 SCIS25         0.575        -0.352         0.587        -0.292         0.488
 SCSK26        -0.498         0.458        -0.273         0.616        -0.162


           Correlations
              SCSJ21        SCMI22        SCSK23        SCOI24        SCIS25
              ________      ________      ________      ________      ________
 SCSJ21         1.000
 SCMI22        -0.231         1.000
 SCSK23        -0.273         0.435         1.000
 SCOI24         0.118        -0.160        -0.254         1.000
 SCIS25         0.396        -0.173        -0.405         0.481         1.000
 SCSK26        -0.378         0.471         0.634        -0.231        -0.351


           Correlations
              SCSK26
              ________
 SCSK26         1.000


     ESTIMATED SAMPLE STATISTICS FOR CS


           Means
              SCSJ1         SCOI2         SCCH3         SCIS4         SCSK5
              ________      ________      ________      ________      ________
                3.712         2.524         3.283         2.389         2.799


           Means
              SCOI6         SCCH7         SCSJ8         SCMI9         SCCH10
              ________      ________      ________      ________      ________
                2.725         2.558         2.894         3.509         2.611


           Means
              SCSJ11        SCSK12        SCIS13        SCMI14        SCCH15
              ________      ________      ________      ________      ________
                2.755         2.668         2.637         3.571         3.146


           Means
              SCSJ16        SCMI17        SCIS18        SCSK19        SCOI20
              ________      ________      ________      ________      ________
                2.902         3.339         2.849         2.747         2.373


           Means
              SCSJ21        SCMI22        SCSK23        SCOI24        SCIS25
              ________      ________      ________      ________      ________
                2.800         2.858         2.740         2.019         2.626


           Means
              SCSK26
              ________
                2.788


           Covariances
              SCSJ1         SCOI2         SCCH3         SCIS4         SCSK5
              ________      ________      ________      ________      ________
 SCSJ1          1.135
 SCOI2          0.576         1.716
 SCCH3          0.185         0.140         1.133
 SCIS4          0.499         1.168         0.082         1.696
 SCSK5         -0.032        -0.116         0.274        -0.130         1.346
 SCOI6          0.545         1.082         0.092         1.140        -0.050
 SCCH7          0.131         0.135         0.378         0.179         0.457
 SCSJ8          0.667         0.889         0.167         0.840        -0.110
 SCMI9          0.109        -0.176         0.312        -0.112         0.255
 SCCH10         0.096         0.013         0.381        -0.003         0.403
 SCSJ11         0.555         0.848         0.151         0.802        -0.075
 SCSK12        -0.074        -0.271         0.185        -0.323         0.744
 SCIS13         0.323         0.972         0.071         1.037        -0.074
 SCMI14        -0.002        -0.345         0.251        -0.340         0.211
 SCCH15        -0.024        -0.237         0.409        -0.302         0.411
 SCSJ16         0.588         0.868         0.021         0.790        -0.083
 SCMI17        -0.071        -0.415         0.206        -0.397         0.281
 SCIS18         0.375         0.923         0.098         0.985         0.002
 SCSK19        -0.135        -0.355         0.148        -0.349         0.743
 SCOI20         0.304         0.783        -0.037         0.689         0.092
 SCSJ21         0.465         0.653         0.160         0.653        -0.126
 SCMI22        -0.052        -0.302         0.244        -0.356         0.485
 SCSK23        -0.324        -0.447         0.100        -0.404         0.418
 SCOI24         0.296         0.820         0.007         0.726        -0.002
 SCIS25         0.470         1.014         0.102         1.030        -0.067
 SCSK26        -0.167        -0.280         0.217        -0.222         0.523


           Covariances
              SCOI6         SCCH7         SCSJ8         SCMI9         SCCH10
              ________      ________      ________      ________      ________
 SCOI6          1.655
 SCCH7          0.177         1.539
 SCSJ8          0.860         0.196         1.666
 SCMI9         -0.022         0.209         0.082         1.060
 SCCH10         0.016         0.805         0.079         0.291         1.348
 SCSJ11         0.836         0.173         0.954         0.078         0.238
 SCSK12        -0.304         0.349        -0.275         0.273         0.402
 SCIS13         0.907         0.196         0.727        -0.091         0.020
 SCMI14        -0.288         0.043        -0.162         0.509         0.188
 SCCH15        -0.225         0.460        -0.124         0.325         0.505
 SCSJ16         0.862         0.138         1.012         0.016         0.092
 SCMI17        -0.399         0.201        -0.192         0.429         0.294
 SCIS18         0.968         0.271         0.733        -0.068         0.087
 SCSK19        -0.303         0.316        -0.359         0.317         0.360
 SCOI20         0.716         0.197         0.570        -0.158         0.066
 SCSJ21         0.611         0.119         0.822         0.121         0.109
 SCMI22        -0.310         0.323        -0.152         0.331         0.435
 SCSK23        -0.440         0.211        -0.419         0.230         0.301
 SCOI24         0.673         0.171         0.498        -0.185         0.039
 SCIS25         1.101         0.111         0.813        -0.059        -0.003
 SCSK26        -0.266         0.327        -0.293         0.233         0.343


           Covariances
              SCSJ11        SCSK12        SCIS13        SCMI14        SCCH15
              ________      ________      ________      ________      ________
 SCSJ11         1.552
 SCSK12        -0.201         1.276
 SCIS13         0.694        -0.280         1.770
 SCMI14        -0.095         0.309        -0.323         1.028
 SCCH15        -0.145         0.480        -0.254         0.496         1.259
 SCSJ16         0.897        -0.289         0.720        -0.149        -0.165
 SCMI17        -0.196         0.440        -0.393         0.562         0.532
 SCIS18         0.697        -0.251         1.237        -0.275        -0.141
 SCSK19        -0.277         0.863        -0.292         0.387         0.508
 SCOI20         0.506        -0.025         0.747        -0.355        -0.142
 SCSJ21         0.651        -0.234         0.507        -0.072        -0.062
 SCMI22        -0.189         0.585        -0.418         0.422         0.527
 SCSK23        -0.495         0.499        -0.383         0.342         0.559
 SCOI24         0.547        -0.140         0.670        -0.320        -0.126
 SCIS25         0.763        -0.297         1.006        -0.315        -0.260
 SCSK26        -0.331         0.511        -0.156         0.287         0.555


           Covariances
              SCSJ16        SCMI17        SCIS18        SCSK19        SCOI20
              ________      ________      ________      ________      ________
 SCSJ16         1.616
 SCMI17        -0.223         0.977
 SCIS18         0.823        -0.327         1.608
 SCSK19        -0.298         0.461        -0.215         1.272
 SCOI20         0.594        -0.282         0.701        -0.087         1.389
 SCSJ21         0.612        -0.119         0.538        -0.250         0.414
 SCMI22        -0.159         0.532        -0.296         0.524        -0.068
 SCSK23        -0.515         0.464        -0.299         0.590        -0.163
 SCOI24         0.549        -0.321         0.661        -0.178         0.635
 SCIS25         0.860        -0.344         0.985        -0.311         0.751
 SCSK26        -0.310         0.402        -0.170         0.598        -0.066


           Covariances
              SCSJ21        SCMI22        SCSK23        SCOI24        SCIS25
              ________      ________      ________      ________      ________
 SCSJ21         1.364
 SCMI22        -0.061         1.243
 SCSK23        -0.292         0.573         1.225
 SCOI24         0.399        -0.205        -0.271         1.278
 SCIS25         0.586        -0.316        -0.420         0.776         1.784
 SCSK26        -0.210         0.529         0.713        -0.071        -0.239


           Covariances
              SCSK26
              ________
 SCSK26         1.113


           Correlations
              SCSJ1         SCOI2         SCCH3         SCIS4         SCSK5
              ________      ________      ________      ________      ________
 SCSJ1          1.000
 SCOI2          0.413         1.000
 SCCH3          0.163         0.100         1.000
 SCIS4          0.360         0.684         0.059         1.000
 SCSK5         -0.026        -0.076         0.222        -0.086         1.000
 SCOI6          0.398         0.642         0.068         0.681        -0.033
 SCCH7          0.099         0.083         0.287         0.111         0.317
 SCSJ8          0.485         0.526         0.121         0.500        -0.073
 SCMI9          0.100        -0.130         0.284        -0.084         0.214
 SCCH10         0.077         0.009         0.308        -0.002         0.299
 SCSJ11         0.418         0.520         0.114         0.494        -0.052
 SCSK12        -0.062        -0.183         0.154        -0.219         0.568
 SCIS13         0.228         0.558         0.050         0.598        -0.048
 SCMI14        -0.002        -0.260         0.233        -0.257         0.180
 SCCH15        -0.020        -0.162         0.343        -0.207         0.316
 SCSJ16         0.434         0.521         0.015         0.477        -0.056
 SCMI17        -0.068        -0.320         0.195        -0.309         0.245
 SCIS18         0.277         0.555         0.072         0.596         0.001
 SCSK19        -0.112        -0.240         0.123        -0.238         0.568
 SCOI20         0.242         0.507        -0.030         0.449         0.068
 SCSJ21         0.374         0.427         0.128         0.429        -0.093
 SCMI22        -0.044        -0.207         0.206        -0.245         0.375
 SCSK23        -0.275        -0.308         0.085        -0.281         0.326
 SCOI24         0.246         0.554         0.006         0.493        -0.001
 SCIS25         0.330         0.579         0.072         0.592        -0.043
 SCSK26        -0.148        -0.203         0.193        -0.162         0.427


           Correlations
              SCOI6         SCCH7         SCSJ8         SCMI9         SCCH10
              ________      ________      ________      ________      ________
 SCOI6          1.000
 SCCH7          0.111         1.000
 SCSJ8          0.518         0.122         1.000
 SCMI9         -0.017         0.164         0.062         1.000
 SCCH10         0.011         0.559         0.053         0.243         1.000
 SCSJ11         0.522         0.112         0.593         0.061         0.165
 SCSK12        -0.210         0.249        -0.189         0.234         0.306
 SCIS13         0.530         0.119         0.423        -0.067         0.013
 SCMI14        -0.221         0.035        -0.124         0.488         0.160
 SCCH15        -0.156         0.331        -0.086         0.281         0.387
 SCSJ16         0.527         0.087         0.617         0.012         0.062
 SCMI17        -0.314         0.164        -0.150         0.422         0.256
 SCIS18         0.593         0.172         0.448        -0.052         0.059
 SCSK19        -0.209         0.226        -0.247         0.273         0.275
 SCOI20         0.472         0.135         0.375        -0.130         0.048
 SCSJ21         0.407         0.082         0.545         0.100         0.080
 SCMI22        -0.216         0.234        -0.105         0.289         0.336
 SCSK23        -0.309         0.153        -0.293         0.202         0.234
 SCOI24         0.462         0.122         0.341        -0.159         0.030
 SCIS25         0.641         0.067         0.472        -0.043        -0.002
 SCSK26        -0.196         0.250        -0.215         0.214         0.280


           Correlations
              SCSJ11        SCSK12        SCIS13        SCMI14        SCCH15
              ________      ________      ________      ________      ________
 SCSJ11         1.000
 SCSK12        -0.143         1.000
 SCIS13         0.418        -0.187         1.000
 SCMI14        -0.075         0.270        -0.240         1.000
 SCCH15        -0.104         0.379        -0.170         0.436         1.000
 SCSJ16         0.566        -0.201         0.426        -0.116        -0.116
 SCMI17        -0.159         0.394        -0.299         0.561         0.480
 SCIS18         0.441        -0.176         0.733        -0.214        -0.099
 SCSK19        -0.197         0.678        -0.194         0.339         0.401
 SCOI20         0.344        -0.019         0.476        -0.297        -0.107
 SCSJ21         0.447        -0.177         0.326        -0.061        -0.047
 SCMI22        -0.136         0.465        -0.282         0.373         0.422
 SCSK23        -0.359         0.400        -0.260         0.304         0.451
 SCOI24         0.389        -0.110         0.446        -0.279        -0.099
 SCIS25         0.459        -0.197         0.566        -0.232        -0.174
 SCSK26        -0.252         0.429        -0.111         0.268         0.469


           Correlations
              SCSJ16        SCMI17        SCIS18        SCSK19        SCOI20
              ________      ________      ________      ________      ________
 SCSJ16         1.000
 SCMI17        -0.177         1.000
 SCIS18         0.510        -0.261         1.000
 SCSK19        -0.208         0.414        -0.151         1.000
 SCOI20         0.396        -0.242         0.469        -0.065         1.000
 SCSJ21         0.412        -0.103         0.363        -0.190         0.300
 SCMI22        -0.112         0.483        -0.210         0.417        -0.052
 SCSK23        -0.366         0.424        -0.213         0.472        -0.125
 SCOI24         0.382        -0.287         0.461        -0.139         0.477
 SCIS25         0.507        -0.260         0.581        -0.206         0.477
 SCSK26        -0.231         0.385        -0.127         0.502        -0.053


           Correlations
              SCSJ21        SCMI22        SCSK23        SCOI24        SCIS25
              ________      ________      ________      ________      ________
 SCSJ21         1.000
 SCMI22        -0.047         1.000
 SCSK23        -0.226         0.464         1.000
 SCOI24         0.302        -0.163        -0.217         1.000
 SCIS25         0.376        -0.212        -0.284         0.514         1.000
 SCSK26        -0.170         0.450         0.611        -0.060        -0.169


           Correlations
              SCSK26
              ________
 SCSK26         1.000


     MAXIMUM LOG-LIKELIHOOD VALUE FOR THE UNRESTRICTED (H1) MODEL IS -36775.205


UNIVARIATE SAMPLE STATISTICS


     UNIVARIATE HIGHER-ORDER MOMENT DESCRIPTIVE STATISTICS FOR RW

         Variable/         Mean/     Skewness/   Minimum/ % with                Percentiles
        Sample Size      Variance    Kurtosis    Maximum  Min/Max      20%/60%    40%/80%    Median

     SCSJ1                 3.758      -0.764       1.000    6.52%       3.000      4.000      4.000
             322.000       1.389      -0.214       5.000   32.92%       4.000      5.000
     SCOI2                 3.379      -0.378       1.000   11.18%       2.000      3.000      4.000
             322.000       1.732      -1.028       5.000   24.22%       4.000      5.000
     SCCH3                 3.450      -0.307       1.000    4.35%       2.000      3.000      4.000
             322.000       1.198      -0.641       5.000   18.63%       4.000      4.000
     SCIS4                 3.037      -0.043       1.000   14.29%       2.000      3.000      3.000
             322.000       1.657      -1.107       5.000   15.22%       3.000      4.000
     SCSK5                 2.991       0.038       1.000   12.73%       2.000      3.000      3.000
             322.000       1.512      -0.969       5.000   13.35%       3.000      4.000
     SCOI6                 3.553      -0.533       1.000    8.39%       2.000      3.000      4.000
             322.000       1.545      -0.692       5.000   27.64%       4.000      5.000
     SCCH7                 2.742       0.226       1.000   17.08%       2.000      2.000      3.000
             322.000       1.446      -0.863       5.000    9.01%       3.000      4.000
     SCSJ8                 3.189      -0.108       1.000    9.94%       2.000      3.000      3.000
             322.000       1.588      -1.083       5.000   18.32%       4.000      4.000
     SCMI9                 3.363      -0.193       1.000    4.04%       2.000      3.000      3.000
             322.000       1.088      -0.525       5.000   14.91%       4.000      4.000
     SCCH10                2.630       0.276       1.000   18.94%       2.000      2.000      3.000
             322.000       1.351      -0.776       5.000    6.52%       3.000      4.000
     SCSJ11                3.059      -0.029       1.000   13.04%       2.000      3.000      3.000
             322.000       1.615      -1.057       5.000   15.84%       3.000      4.000
     SCSK12                2.733       0.320       1.000   16.15%       2.000      2.000      3.000
             322.000       1.444      -0.769       5.000   10.25%       3.000      4.000
     SCIS13                3.326      -0.408       1.000   10.25%       2.000      3.000      4.000
             322.000       1.512      -0.834       5.000   17.39%       4.000      4.000
     SCMI14                3.155      -0.141       1.000    7.14%       2.000      3.000      3.000
             322.000       1.206      -0.708       5.000   10.87%       4.000      4.000
     SCCH15                3.115      -0.087       1.000   10.25%       2.000      3.000      3.000
             322.000       1.394      -0.802       5.000   13.98%       3.000      4.000
     SCSJ16                3.155      -0.238       1.000   16.46%       2.000      3.000      3.000
             322.000       1.790      -1.101       5.000   18.32%       4.000      4.000
     SCMI17                3.102      -0.081       1.000    6.83%       2.000      3.000      3.000
             322.000       1.129      -0.611       5.000    9.32%       3.000      4.000
     SCIS18                3.463      -0.522       1.000   10.25%       2.000      3.000      4.000
             322.000       1.603      -0.767       5.000   23.60%       4.000      5.000
     SCSK19                2.832       0.154       1.000   13.98%       2.000      2.000      3.000
             322.000       1.369      -0.800       5.000    9.32%       3.000      4.000
     SCOI20                3.227      -0.156       1.000    9.01%       2.000      3.000      3.000
             322.000       1.461      -0.903       5.000   17.39%       4.000      4.000
     SCSJ21                3.087      -0.098       1.000    9.63%       2.000      3.000      3.000
             322.000       1.353      -0.876       5.000   11.49%       3.000      4.000
     SCMI22                2.984       0.066       1.000   10.56%       2.000      3.000      3.000
             322.000       1.351      -0.807       5.000   11.49%       3.000      4.000
     SCSK23                2.745       0.297       1.000   15.84%       2.000      2.000      3.000
             322.000       1.463      -0.859       5.000    9.94%       3.000      4.000
     SCOI24                2.767       0.190       1.000   19.57%       2.000      2.000      3.000
             322.000       1.626      -1.045       5.000   10.87%       3.000      4.000
     SCIS25                3.264      -0.228       1.000   12.42%       2.000      3.000      3.000
             322.000       1.760      -1.106       5.000   22.67%       4.000      5.000
     SCSK26                2.714       0.231       1.000   12.73%       2.000      2.000      3.000
             322.000       1.167      -0.676       5.000    5.28%       3.000      4.000


     UNIVARIATE HIGHER-ORDER MOMENT DESCRIPTIVE STATISTICS FOR CS

         Variable/         Mean/     Skewness/   Minimum/ % with                Percentiles
        Sample Size      Variance    Kurtosis    Maximum  Min/Max      20%/60%    40%/80%    Median

     SCSJ1                 3.712      -0.557       1.000    3.35%       3.000      4.000      4.000
             746.000       1.135      -0.319       5.000   26.68%       4.000      5.000
     SCOI2                 2.524       0.414       1.000   28.82%       1.000      2.000      2.000
             746.000       1.716      -0.979       5.000    9.65%       3.000      4.000
     SCCH3                 3.283      -0.368       1.000    7.10%       2.000      3.000      3.000
             746.000       1.133      -0.364       5.000   11.39%       4.000      4.000
     SCIS4                 2.389       0.568       1.000   32.98%       1.000      2.000      2.000
             746.000       1.696      -0.856       5.000    8.45%       3.000      4.000
     SCSK5                 2.799       0.175       1.000   14.21%       2.000      2.000      3.000
             746.000       1.346      -0.793       5.000    8.45%       3.000      4.000
     SCOI6                 2.725       0.238       1.000   21.05%       1.000      2.000      3.000
             746.000       1.655      -1.037       5.000   10.99%       3.000      4.000
     SCCH7                 2.558       0.336       1.000   25.20%       1.000      2.000      2.000
             746.000       1.539      -0.897       5.000    7.77%       3.000      4.000
     SCSJ8                 2.894       0.018       1.000   18.50%       2.000      2.000      3.000
             746.000       1.666      -1.108       5.000   12.06%       3.000      4.000
     SCMI9                 3.509      -0.416       1.000    3.89%       3.000      3.000      4.000
             746.000       1.060      -0.296       5.000   17.02%       4.000      4.000
     SCCH10                2.611       0.202       1.000   20.91%       1.000      2.000      3.000
             746.000       1.348      -0.844       5.000    5.50%       3.000      4.000
     SCSJ11                2.755       0.185       1.000   18.77%       2.000      2.000      3.000
             746.000       1.552      -1.011       5.000    9.52%       3.000      4.000
     SCSK12                2.668       0.259       1.000   16.09%       2.000      2.000      3.000
             746.000       1.276      -0.739       5.000    6.03%       3.000      4.000
     SCIS13                2.637       0.275       1.000   26.27%       1.000      2.000      2.000
             746.000       1.770      -1.149       5.000   10.19%       3.000      4.000
     SCMI14                3.571      -0.433       1.000    3.22%       3.000      3.000      4.000
             746.000       1.028      -0.265       5.000   18.63%       4.000      4.000
     SCCH15                3.146      -0.158       1.000    8.45%       2.000      3.000      3.000
             746.000       1.259      -0.699       5.000   11.53%       3.000      4.000
     SCSJ16                2.902       0.043       1.000   16.49%       2.000      2.000      3.000
             746.000       1.616      -1.107       5.000   11.66%       3.000      4.000
     SCMI17                3.339      -0.261       1.000    3.62%       3.000      3.000      3.000
             746.000       0.977      -0.384       5.000   10.99%       4.000      4.000
     SCIS18                2.849       0.053       1.000   18.50%       2.000      2.000      3.000
             746.000       1.608      -1.081       5.000   10.59%       3.000      4.000
     SCSK19                2.747       0.189       1.000   14.75%       2.000      2.000      3.000
             746.000       1.272      -0.690       5.000    7.10%       3.000      4.000
     SCOI20                2.373       0.525       1.000   28.55%       1.000      2.000      2.000
             746.000       1.389      -0.614       5.000    5.63%       3.000      3.000
     SCSJ21                2.800       0.115       1.000   15.55%       2.000      2.000      3.000
             746.000       1.364      -0.812       5.000    8.18%       3.000      4.000
     SCMI22                2.858       0.032       1.000   12.60%       2.000      3.000      3.000
             746.000       1.243      -0.753       5.000    6.84%       3.000      4.000
     SCSK23                2.740       0.194       1.000   13.94%       2.000      2.000      3.000
             746.000       1.225      -0.660       5.000    6.43%       3.000      4.000
     SCOI24                2.019       0.981       1.000   42.49%       1.000      1.000      2.000
             746.000       1.278       0.107       5.000    4.02%       2.000      3.000
     SCIS25                2.626       0.216       1.000   28.55%       1.000      2.000      3.000
             746.000       1.784      -1.210       5.000    9.12%       3.000      4.000
     SCSK26                2.788       0.129       1.000   11.26%       2.000      2.000      3.000
             746.000       1.113      -0.596       5.000    5.36%       3.000      4.000


     NO CONVERGENCE.  NUMBER OF ITERATIONS EXCEEDED.

     WARNING:  THE RESIDUAL COVARIANCE MATRIX (THETA) IN GROUP RW IS NOT
     POSITIVE DEFINITE.  THIS COULD INDICATE A NEGATIVE VARIANCE/RESIDUAL
     VARIANCE FOR AN OBSERVED VARIABLE, A CORRELATION GREATER OR EQUAL TO ONE
     BETWEEN TWO OBSERVED VARIABLES, OR A LINEAR DEPENDENCY AMONG MORE THAN TWO
     OBSERVED VARIABLES.  CHECK THE RESULTS SECTION FOR MORE INFORMATION.
     PROBLEM INVOLVING VARIABLE SCIS13.


     THE CHI-SQUARE STATISTIC IS NEGATIVE.
     THE LOGLIKELIHOOD VALUES MAY NOT BE RELIABLE.



MODEL RESULTS

                    Estimate

Group RW

 SC       BY
    SCSK5             -0.448
    SCSK12            -0.359
    SCSK19            -0.533
    SCSK23            -0.704
    SCSK26            -0.557
    SCSJ1              0.863
    SCSJ8              0.979
    SCSJ11             0.988
    SCSJ16             1.070
    SCSJ21             0.611
    SCCH3             -0.090
    SCCH7             -0.030
    SCCH10            -0.081
    SCCH15            -0.455
    SCIS4              0.872
    SCIS13             0.557
    SCIS18             0.873
    SCIS25             0.952
    SCMI9             -0.052
    SCMI14            -0.182
    SCMI17            -0.400
    SCMI22            -0.288
    SCOI2              0.935
    SCOI6              0.904
    SCOI20             0.505
    SCOI24             0.544

 SK       BY
    SCSK5             -0.100
    SCSK12            -0.232
    SCSK19            -0.074
    SCSK23             0.038
    SCSK26             0.019
    SCSJ1              0.000
    SCSJ8              0.030
    SCSJ11             0.010
    SCSJ16            -0.005
    SCSJ21            -0.056
    SCCH3             -0.331
    SCCH7             -0.187
    SCCH10            -0.271
    SCCH15            -0.134
    SCIS4              0.304
    SCIS13             0.704
    SCIS18             0.281
    SCIS25             0.454
    SCMI9             -0.363
    SCMI14            -0.315
    SCMI17            -0.245
    SCMI22            -0.219
    SCOI2              0.393
    SCOI6              0.261
    SCOI20             0.603
    SCOI24             0.596

 SJ       BY
    SCSK5              0.690
    SCSK12             0.713
    SCSK19             0.672
    SCSK23             0.636
    SCSK26             0.638
    SCSJ1              0.000
    SCSJ8             -0.083
    SCSJ11            -0.085
    SCSJ16            -0.190
    SCSJ21            -0.124
    SCCH3              0.524
    SCCH7              0.697
    SCCH10             0.751
    SCCH15             0.667
    SCIS4             -0.012
    SCIS13             0.120
    SCIS18             0.058
    SCIS25             0.047
    SCMI9              0.382
    SCMI14             0.527
    SCMI17             0.499
    SCMI22             0.684
    SCOI2              0.000
    SCOI6              0.026
    SCOI20             0.067
    SCOI24             0.023

 CH       BY
    SCSK5              0.510
    SCSK12             0.587
    SCSK19             0.552
    SCSK23            -0.199
    SCSK26             0.098
    SCSJ1              0.000
    SCSJ8             -0.176
    SCSJ11            -0.008
    SCSJ16             0.090
    SCSJ21            -0.287
    SCCH3              0.000
    SCCH7             -0.076
    SCCH10            -0.192
    SCCH15            -0.096
    SCIS4              0.060
    SCIS13             1.019
    SCIS18             0.158
    SCIS25             0.108
    SCMI9             -0.001
    SCMI14             0.053
    SCMI17            -0.057
    SCMI22             0.220
    SCOI2              0.000
    SCOI6              0.105
    SCOI20             0.187
    SCOI24             0.122

 IS       BY
    SCSK5              0.079
    SCSK12             0.061
    SCSK19             0.004
    SCSK23            -0.294
    SCSK26            -0.039
    SCSJ1              0.000
    SCSJ8             -0.148
    SCSJ11            -0.018
    SCSJ16             0.052
    SCSJ21            -0.192
    SCCH3              0.000
    SCCH7              0.469
    SCCH10             0.364
    SCCH15             0.028
    SCIS4              0.000
    SCIS13            -6.654
    SCIS18             0.155
    SCIS25             0.026
    SCMI9              0.047
    SCMI14             0.164
    SCMI17             0.070
    SCMI22            -0.053
    SCOI2              0.000
    SCOI6             -0.012
    SCOI20            -0.068
    SCOI24             0.051

 MI       BY
    SCSK5              0.000
    SCSK12            -0.134
    SCSK19             0.026
    SCSK23             0.118
    SCSK26             0.050
    SCSJ1              0.000
    SCSJ8             -0.099
    SCSJ11            -0.085
    SCSJ16            -0.039
    SCSJ21             0.147
    SCCH3              0.000
    SCCH7             -0.464
    SCCH10            -0.386
    SCCH15             0.000
    SCIS4              0.000
    SCIS13            -4.008
    SCIS18             0.030
    SCIS25             0.066
    SCMI9              0.473
    SCMI14             0.500
    SCMI17             0.169
    SCMI22            -0.034
    SCOI2              0.000
    SCOI6              0.050
    SCOI20            -0.117
    SCOI24            -0.060

 OI       BY
    SCSK5              0.000
    SCSK12             0.061
    SCSK19             0.038
    SCSK23             0.147
    SCSK26             0.028
    SCSJ1              0.000
    SCSJ8              0.118
    SCSJ11             0.034
    SCSJ16            -0.014
    SCSJ21             0.035
    SCCH3              0.000
    SCCH7             -0.150
    SCCH10            -0.114
    SCCH15            -0.040
    SCIS4              0.000
    SCIS13            -9.683
    SCIS18            -0.137
    SCIS25            -0.032
    SCMI9             -0.247
    SCMI14            -0.330
    SCMI17            -0.130
    SCMI22             0.079
    SCOI2              0.000
    SCOI6              0.000
    SCOI20             0.141
    SCOI24             0.030

 SK       WITH
    SC                 0.000

 SJ       WITH
    SC                 0.000
    SK                 0.000

 CH       WITH
    SC                 0.000
    SK                 0.000
    SJ                 0.000

 IS       WITH
    SC                 0.000
    SK                 0.000
    SJ                 0.000
    CH                 0.000

 MI       WITH
    SC                 0.000
    SK                 0.000
    SJ                 0.000
    CH                 0.000
    IS                 0.000

 OI       WITH
    SC                 0.000
    SK                 0.000
    SJ                 0.000
    CH                 0.000
    IS                 0.000
    MI                 0.000

 Means
    SC                 0.000
    SK                 0.000
    SJ                 0.000
    CH                 0.000
    IS                 0.000
    MI                 0.000
    OI                 0.000

 Intercepts
    SCSJ1              3.880
    SCOI2              3.427
    SCCH3              3.394
    SCIS4              3.174
    SCSK5              2.978
    SCOI6              3.553
    SCCH7              2.758
    SCSJ8              3.251
    SCMI9              3.321
    SCCH10             2.649
    SCSJ11             3.118
    SCSK12             2.721
    SCIS13             3.326
    SCMI14             3.154
    SCCH15             3.062
    SCSJ16             3.239
    SCMI17             3.034
    SCIS18             3.480
    SCSK19             2.782
    SCOI20             3.164
    SCSJ21             3.108
    SCMI22             2.857
    SCSK23             2.704
    SCOI24             2.748
    SCIS25             3.342
    SCSK26             2.779

 Variances
    SC                 1.000
    SK                 1.000
    SJ                 1.000
    CH                 1.000
    IS                 1.000
    MI                 1.000
    OI                 1.000

 Residual Variances
    SCSJ1              0.659
    SCOI2              0.706
    SCCH3              0.808
    SCIS4              0.819
    SCSK5              0.559
    SCOI6              0.647
    SCCH7              0.461
    SCSJ8              0.550
    SCMI9              0.523
    SCCH10             0.376
    SCSJ11             0.626
    SCSK12             0.384
    SCIS13          -154.407
    SCMI14             0.407
    SCCH15             0.715
    SCSJ16             0.603
    SCMI17             0.611
    SCIS18             0.689
    SCSK19             0.324
    SCOI20             0.769
    SCSJ21             0.819
    SCMI22             0.710
    SCSK23             0.402
    SCOI24             0.952
    SCIS25             0.633
    SCSK26             0.440

Group CS

 SC       BY
    SCSK5             -0.041
    SCSK12            -0.136
    SCSK19            -0.218
    SCSK23            -0.474
    SCSK26            -0.314
    SCSJ1              0.653
    SCSJ8              0.966
    SCSJ11             0.896
    SCSJ16             0.881
    SCSJ21             0.690
    SCCH3              0.234
    SCCH7              0.181
    SCCH10             0.172
    SCCH15            -0.050
    SCIS4              0.709
    SCIS13             0.486
    SCIS18             0.528
    SCIS25             0.698
    SCMI9              0.191
    SCMI14             0.029
    SCMI17            -0.072
    SCMI22            -0.041
    SCOI2              0.804
    SCOI6              0.789
    SCOI20             0.446
    SCOI24             0.444

 SK       BY
    SCSK5             -0.094
    SCSK12            -0.257
    SCSK19            -0.231
    SCSK23            -0.099
    SCSK26            -0.077
    SCSJ1              0.000
    SCSJ8              0.150
    SCSJ11             0.162
    SCSJ16             0.182
    SCSJ21             0.155
    SCCH3             -0.072
    SCCH7              0.001
    SCCH10            -0.184
    SCCH15            -0.278
    SCIS4              0.735
    SCIS13             0.772
    SCIS18             0.681
    SCIS25             0.656
    SCMI9             -0.358
    SCMI14            -0.524
    SCMI17            -0.468
    SCMI22            -0.310
    SCOI2              0.737
    SCOI6              0.673
    SCOI20             0.616
    SCOI24             0.610

 SJ       BY
    SCSK5              0.404
    SCSK12             0.377
    SCSK19             0.405
    SCSK23             0.440
    SCSK26             0.484
    SCSJ1              0.000
    SCSJ8             -0.160
    SCSJ11            -0.030
    SCSJ16            -0.200
    SCSJ21            -0.014
    SCCH3              0.527
    SCCH7              0.688
    SCCH10             0.670
    SCCH15             0.639
    SCIS4              0.033
    SCIS13             0.019
    SCIS18             0.053
    SCIS25            -0.038
    SCMI9              0.395
    SCMI14             0.411
    SCMI17             0.406
    SCMI22             0.424
    SCOI2              0.000
    SCOI6              0.024
    SCOI20            -0.078
    SCOI24            -0.002

 CH       BY
    SCSK5             -0.262
    SCSK12            -0.382
    SCSK19            -0.264
    SCSK23            -0.180
    SCSK26            -0.146
    SCSJ1              0.000
    SCSJ8              0.147
    SCSJ11             0.150
    SCSJ16             0.228
    SCSJ21             0.102
    SCCH3              0.000
    SCCH7             -0.067
    SCCH10            -0.097
    SCCH15            -0.078
    SCIS4              0.177
    SCIS13             0.591
    SCIS18             0.581
    SCIS25             0.229
    SCMI9              0.132
    SCMI14             0.158
    SCMI17            -0.020
    SCMI22            -0.312
    SCOI2              0.000
    SCOI6              0.129
    SCOI20            -0.079
    SCOI24            -0.050

 IS       BY
    SCSK5              0.666
    SCSK12             0.696
    SCSK19             0.711
    SCSK23             0.254
    SCSK26             0.331
    SCSJ1              0.000
    SCSJ8              0.034
    SCSJ11             0.051
    SCSJ16             0.139
    SCSJ21            -0.059
    SCCH3              0.000
    SCCH7              0.230
    SCCH10             0.193
    SCCH15             0.186
    SCIS4              0.000
    SCIS13             0.270
    SCIS18             0.313
    SCIS25             0.113
    SCMI9              0.138
    SCMI14             0.071
    SCMI17             0.169
    SCMI22             0.296
    SCOI2              0.000
    SCOI6              0.054
    SCOI20             0.297
    SCOI24             0.107

 MI       BY
    SCSK5              0.000
    SCSK12             0.069
    SCSK19             0.048
    SCSK23            -0.452
    SCSK26            -0.323
    SCSJ1              0.000
    SCSJ8             -0.317
    SCSJ11            -0.027
    SCSJ16            -0.176
    SCSJ21            -0.198
    SCCH3              0.000
    SCCH7             -0.232
    SCCH10            -0.241
    SCCH15            -0.264
    SCIS4              0.000
    SCIS13            -0.042
    SCIS18            -0.126
    SCIS25            -0.021
    SCMI9             -0.003
    SCMI14             0.045
    SCMI17            -0.150
    SCMI22            -0.316
    SCOI2              0.000
    SCOI6              0.037
    SCOI20            -0.201
    SCOI24            -0.060

 OI       BY
    SCSK5              0.000
    SCSK12            -0.091
    SCSK19            -0.196
    SCSK23            -0.339
    SCSK26            -0.225
    SCSJ1              0.000
    SCSJ8              0.070
    SCSJ11             0.145
    SCSJ16             0.110
    SCSJ21            -0.010
    SCCH3              0.000
    SCCH7              0.508
    SCCH10             0.378
    SCCH15            -0.158
    SCIS4              0.000
    SCIS13             0.141
    SCIS18             0.144
    SCIS25             0.005
    SCMI9             -0.250
    SCMI14            -0.463
    SCMI17            -0.302
    SCMI22            -0.207
    SCOI2              0.000
    SCOI6              0.000
    SCOI20             0.090
    SCOI24             0.091

 SK       WITH
    SC                 0.000

 SJ       WITH
    SC                 0.000
    SK                 0.000

 CH       WITH
    SC                 0.000
    SK                 0.000
    SJ                 0.000

 IS       WITH
    SC                 0.000
    SK                 0.000
    SJ                 0.000
    CH                 0.000

 MI       WITH
    SC                 0.000
    SK                 0.000
    SJ                 0.000
    CH                 0.000
    IS                 0.000

 OI       WITH
    SC                 0.000
    SK                 0.000
    SJ                 0.000
    CH                 0.000
    IS                 0.000
    MI                 0.000

 Means
    SC                -0.309
    SK                -0.889
    SJ                -0.151
    CH                 0.349
    IS                -0.197
    MI                 0.008
    OI                 0.054

 Intercepts
    SCSJ1              3.880
    SCOI2              3.427
    SCCH3              3.394
    SCIS4              3.174
    SCSK5              2.978
    SCOI6              3.553
    SCCH7              2.758
    SCSJ8              3.251
    SCMI9              3.321
    SCCH10             2.649
    SCSJ11             3.118
    SCSK12             2.721
    SCIS13             3.326
    SCMI14             3.154
    SCCH15             3.062
    SCSJ16             3.239
    SCMI17             3.034
    SCIS18             3.480
    SCSK19             2.782
    SCOI20             3.164
    SCSJ21             3.108
    SCMI22             2.857
    SCSK23             2.704
    SCOI24             2.748
    SCIS25             3.342
    SCSK26             2.779

 Variances
    SC                 1.000
    SK                 1.000
    SJ                 1.000
    CH                 1.000
    IS                 1.000
    MI                 1.000
    OI                 1.000

 Residual Variances
    SCSJ1              0.697
    SCOI2              0.523
    SCCH3              0.800
    SCIS4              0.574
    SCSK5              0.656
    SCOI6              0.586
    SCCH7              0.661
    SCSJ8              0.554
    SCMI9              0.633
    SCCH10             0.587
    SCSJ11             0.673
    SCSK12             0.404
    SCIS13             0.510
    SCMI14             0.342
    SCCH15             0.633
    SCSJ16             0.645
    SCMI17             0.437
    SCIS18             0.394
    SCSK19             0.392
    SCOI20             0.717
    SCSJ21             0.813
    SCMI22             0.635
    SCSK23             0.380
    SCOI24             0.707
    SCIS25             0.774
    SCSK26             0.487


CFA MODEL COMMAND WITH FINAL ROTATED ESTIMATES USED AS STARTING VALUES

     sc BY scsk5;
     sc BY scsk12;
     sc BY scsk19;
     sc BY scsk23;
     sc BY scsk26;
     sc BY scsj1;
     sc BY scsj8;
     sc BY scsj11;
     sc BY scsj16;
     sc BY scsj21;
     sc BY scch3;
     sc BY scch7;
     sc BY scch10;
     sc BY scch15;
     sc BY scis4;
     sc BY scis13;
     sc BY scis18;
     sc BY scis25;
     sc BY scmi9;
     sc BY scmi14;
     sc BY scmi17;
     sc BY scmi22;
     sc BY scoi2;
     sc BY scoi6;
     sc BY scoi20;
     sc BY scoi24;
     sk BY scsk5;
     sk BY scsk12;
     sk BY scsk19;
     sk BY scsk23;
     sk BY scsk26;
     sk BY scsj1;
     sk BY scsj8;
     sk BY scsj11;
     sk BY scsj16;
     sk BY scsj21;
     sk BY scch3;
     sk BY scch7;
     sk BY scch10;
     sk BY scch15;
     sk BY scis4;
     sk BY scis13;
     sk BY scis18;
     sk BY scis25;
     sk BY scmi9;
     sk BY scmi14;
     sk BY scmi17;
     sk BY scmi22;
     sk BY scoi2;
     sk BY scoi6;
     sk BY scoi20;
     sk BY scoi24;
     sj BY scsk5;
     sj BY scsk12;
     sj BY scsk19;
     sj BY scsk23;
     sj BY scsk26;
     sj BY scsj1;
     sj BY scsj8;
     sj BY scsj11;
     sj BY scsj16;
     sj BY scsj21;
     sj BY scch3;
     sj BY scch7;
     sj BY scch10;
     sj BY scch15;
     sj BY scis4;
     sj BY scis13;
     sj BY scis18;
     sj BY scis25;
     sj BY scmi9;
     sj BY scmi14;
     sj BY scmi17;
     sj BY scmi22;
     sj BY scoi2;
     sj BY scoi6;
     sj BY scoi20;
     sj BY scoi24;
     ch BY scsk5;
     ch BY scsk12;
     ch BY scsk19;
     ch BY scsk23;
     ch BY scsk26;
     ch BY scsj1;
     ch BY scsj8;
     ch BY scsj11;
     ch BY scsj16;
     ch BY scsj21;
     ch BY scch3;
     ch BY scch7;
     ch BY scch10;
     ch BY scch15;
     ch BY scis4;
     ch BY scis13;
     ch BY scis18;
     ch BY scis25;
     ch BY scmi9;
     ch BY scmi14;
     ch BY scmi17;
     ch BY scmi22;
     ch BY scoi2;
     ch BY scoi6;
     ch BY scoi20;
     ch BY scoi24;
     is BY scsk5;
     is BY scsk12;
     is BY scsk19;
     is BY scsk23;
     is BY scsk26;
     is BY scsj1;
     is BY scsj8;
     is BY scsj11;
     is BY scsj16;
     is BY scsj21;
     is BY scch3;
     is BY scch7;
     is BY scch10;
     is BY scch15;
     is BY scis4;
     is BY scis13;
     is BY scis18;
     is BY scis25;
     is BY scmi9;
     is BY scmi14;
     is BY scmi17;
     is BY scmi22;
     is BY scoi2;
     is BY scoi6;
     is BY scoi20;
     is BY scoi24;
     mi BY scsk5;
     mi BY scsk12;
     mi BY scsk19;
     mi BY scsk23;
     mi BY scsk26;
     mi BY scsj1;
     mi BY scsj8;
     mi BY scsj11;
     mi BY scsj16;
     mi BY scsj21;
     mi BY scch3;
     mi BY scch7;
     mi BY scch10;
     mi BY scch15;
     mi BY scis4;
     mi BY scis13;
     mi BY scis18;
     mi BY scis25;
     mi BY scmi9;
     mi BY scmi14;
     mi BY scmi17;
     mi BY scmi22;
     mi BY scoi2;
     mi BY scoi6;
     mi BY scoi20;
     mi BY scoi24;
     oi BY scsk5;
     oi BY scsk12;
     oi BY scsk19;
     oi BY scsk23;
     oi BY scsk26;
     oi BY scsj1;
     oi BY scsj8;
     oi BY scsj11;
     oi BY scsj16;
     oi BY scsj21;
     oi BY scch3;
     oi BY scch7;
     oi BY scch10;
     oi BY scch15;
     oi BY scis4;
     oi BY scis13;
     oi BY scis18;
     oi BY scis25;
     oi BY scmi9;
     oi BY scmi14;
     oi BY scmi17;
     oi BY scmi22;
     oi BY scoi2;
     oi BY scoi6;
     oi BY scoi20;
     oi BY scoi24;

  MODEL RW:

     sc BY scsk5*-0.44791;
     sc BY scsk12*-0.35878;
     sc BY scsk19*-0.53271;
     sc BY scsk23*-0.70409;
     sc BY scsk26*-0.55654;
     sc BY scsj1*0.86313;
     sc BY scsj8*0.97871;
     sc BY scsj11*0.98792;
     sc BY scsj16*1.06986;
     sc BY scsj21*0.61099;
     sc BY scch3*-0.09021;
     sc BY scch7*-0.02965;
     sc BY scch10*-0.08087;
     sc BY scch15*-0.45535;
     sc BY scis4*0.87205;
     sc BY scis13*0.55655;
     sc BY scis18*0.87337;
     sc BY scis25*0.95244;
     sc BY scmi9*-0.05178;
     sc BY scmi14*-0.18215;
     sc BY scmi17*-0.39973;
     sc BY scmi22*-0.28760;
     sc BY scoi2*0.93458;
     sc BY scoi6*0.90355;
     sc BY scoi20*0.50480;
     sc BY scoi24*0.54408;
     sk BY scsk5*-0.10011;
     sk BY scsk12*-0.23193;
     sk BY scsk19*-0.07389;
     sk BY scsk23*0.03806;
     sk BY scsk26*0.01895;
     sk BY scsj1*0;
     sk BY scsj8*0.02993;
     sk BY scsj11*0.01037;
     sk BY scsj16*-0.00464;
     sk BY scsj21*-0.05623;
     sk BY scch3*-0.33142;
     sk BY scch7*-0.18662;
     sk BY scch10*-0.27143;
     sk BY scch15*-0.13413;
     sk BY scis4*0.30421;
     sk BY scis13*0.70353;
     sk BY scis18*0.28127;
     sk BY scis25*0.45356;
     sk BY scmi9*-0.36285;
     sk BY scmi14*-0.31468;
     sk BY scmi17*-0.24507;
     sk BY scmi22*-0.21893;
     sk BY scoi2*0.39331;
     sk BY scoi6*0.26073;
     sk BY scoi20*0.60256;
     sk BY scoi24*0.59631;
     sj BY scsk5*0.69045;
     sj BY scsk12*0.71260;
     sj BY scsk19*0.67208;
     sj BY scsk23*0.63595;
     sj BY scsk26*0.63779;
     sj BY scsj1*0;
     sj BY scsj8*-0.08300;
     sj BY scsj11*-0.08519;
     sj BY scsj16*-0.19019;
     sj BY scsj21*-0.12440;
     sj BY scch3*0.52413;
     sj BY scch7*0.69749;
     sj BY scch10*0.75118;
     sj BY scch15*0.66661;
     sj BY scis4*-0.01172;
     sj BY scis13*0.11980;
     sj BY scis18*0.05784;
     sj BY scis25*0.04680;
     sj BY scmi9*0.38209;
     sj BY scmi14*0.52676;
     sj BY scmi17*0.49945;
     sj BY scmi22*0.68354;
     sj BY scoi2*0;
     sj BY scoi6*0.02553;
     sj BY scoi20*0.06743;
     sj BY scoi24*0.02313;
     ch BY scsk5*0.51002;
     ch BY scsk12*0.58732;
     ch BY scsk19*0.55228;
     ch BY scsk23*-0.19883;
     ch BY scsk26*0.09774;
     ch BY scsj1*0;
     ch BY scsj8*-0.17579;
     ch BY scsj11*-0.00808;
     ch BY scsj16*0.09021;
     ch BY scsj21*-0.28670;
     ch BY scch3*0;
     ch BY scch7*-0.07586;
     ch BY scch10*-0.19170;
     ch BY scch15*-0.09619;
     ch BY scis4*0.05992;
     ch BY scis13*1.01899;
     ch BY scis18*0.15755;
     ch BY scis25*0.10783;
     ch BY scmi9*-0.00073;
     ch BY scmi14*0.05341;
     ch BY scmi17*-0.05728;
     ch BY scmi22*0.21992;
     ch BY scoi2*0;
     ch BY scoi6*0.10502;
     ch BY scoi20*0.18721;
     ch BY scoi24*0.12156;
     is BY scsk5*0.07919;
     is BY scsk12*0.06084;
     is BY scsk19*0.00355;
     is BY scsk23*-0.29443;
     is BY scsk26*-0.03873;
     is BY scsj1*0;
     is BY scsj8*-0.14764;
     is BY scsj11*-0.01825;
     is BY scsj16*0.05201;
     is BY scsj21*-0.19181;
     is BY scch3*0;
     is BY scch7*0.46895;
     is BY scch10*0.36371;
     is BY scch15*0.02792;
     is BY scis4*0;
     is BY scis13*-6.65362;
     is BY scis18*0.15516;
     is BY scis25*0.02616;
     is BY scmi9*0.04668;
     is BY scmi14*0.16352;
     is BY scmi17*0.07001;
     is BY scmi22*-0.05264;
     is BY scoi2*0;
     is BY scoi6*-0.01189;
     is BY scoi20*-0.06840;
     is BY scoi24*0.05103;
     mi BY scsk5*0;
     mi BY scsk12*-0.13412;
     mi BY scsk19*0.02559;
     mi BY scsk23*0.11764;
     mi BY scsk26*0.05013;
     mi BY scsj1*0;
     mi BY scsj8*-0.09941;
     mi BY scsj11*-0.08509;
     mi BY scsj16*-0.03924;
     mi BY scsj21*0.14692;
     mi BY scch3*0;
     mi BY scch7*-0.46401;
     mi BY scch10*-0.38589;
     mi BY scch15*0.00004;
     mi BY scis4*0;
     mi BY scis13*-4.00760;
     mi BY scis18*0.02950;
     mi BY scis25*0.06594;
     mi BY scmi9*0.47308;
     mi BY scmi14*0.50027;
     mi BY scmi17*0.16923;
     mi BY scmi22*-0.03416;
     mi BY scoi2*0;
     mi BY scoi6*0.04972;
     mi BY scoi20*-0.11667;
     mi BY scoi24*-0.06028;
     oi BY scsk5*0;
     oi BY scsk12*0.06103;
     oi BY scsk19*0.03824;
     oi BY scsk23*0.14670;
     oi BY scsk26*0.02750;
     oi BY scsj1*0;
     oi BY scsj8*0.11819;
     oi BY scsj11*0.03384;
     oi BY scsj16*-0.01423;
     oi BY scsj21*0.03500;
     oi BY scch3*0;
     oi BY scch7*-0.14960;
     oi BY scch10*-0.11437;
     oi BY scch15*-0.03957;
     oi BY scis4*0;
     oi BY scis13*-9.68274;
     oi BY scis18*-0.13681;
     oi BY scis25*-0.03196;
     oi BY scmi9*-0.24745;
     oi BY scmi14*-0.32966;
     oi BY scmi17*-0.12959;
     oi BY scmi22*0.07942;
     oi BY scoi2*0;
     oi BY scoi6*0;
     oi BY scoi20*0.14132;
     oi BY scoi24*0.02992;

     sk WITH sc*0;
     sj WITH sc*0;
     sj WITH sk*0;
     ch WITH sc*0;
     ch WITH sk*0;
     ch WITH sj*0;
     is WITH sc*0;
     is WITH sk*0;
     is WITH sj*0;
     is WITH ch*0;
     mi WITH sc*0;
     mi WITH sk*0;
     mi WITH sj*0;
     mi WITH ch*0;
     mi WITH is*0;
     oi WITH sc*0;
     oi WITH sk*0;
     oi WITH sj*0;
     oi WITH ch*0;
     oi WITH is*0;
     oi WITH mi*0;

     [ scsj1*3.88023 ] (1);
     [ scoi2*3.42678 ] (2);
     [ scch3*3.39445 ] (3);
     [ scis4*3.17431 ] (4);
     [ scsk5*2.97763 ] (5);
     [ scoi6*3.55336 ] (6);
     [ scch7*2.75756 ] (7);
     [ scsj8*3.25127 ] (8);
     [ scmi9*3.32081 ] (9);
     [ scch10*2.64883 ] (10);
     [ scsj11*3.11768 ] (11);
     [ scsk12*2.72092 ] (12);
     [ scis13*3.32647 ] (13);
     [ scmi14*3.15405 ] (14);
     [ scch15*3.06229 ] (15);
     [ scsj16*3.23923 ] (16);
     [ scmi17*3.03376 ] (17);
     [ scis18*3.47972 ] (18);
     [ scsk19*2.78187 ] (19);
     [ scoi20*3.16407 ] (20);
     [ scsj21*3.10759 ] (21);
     [ scmi22*2.85705 ] (22);
     [ scsk23*2.70418 ] (23);
     [ scoi24*2.74783 ] (24);
     [ scis25*3.34235 ] (25);
     [ scsk26*2.77900 ] (26);
     [ sc@0 ];
     [ sk@0 ];
     [ sj@0 ];
     [ ch@0 ];
     [ is@0 ];
     [ mi@0 ];
     [ oi@0 ];

     scsj1*0.65853;
     scoi2*0.70639;
     scch3*0.80827;
     scis4*0.81904;
     scsk5*0.55875;
     scoi6*0.64667;
     scch7*0.46067;
     scsj8*0.54995;
     scmi9*0.52271;
     scch10*0.37583;
     scsj11*0.62584;
     scsk12*0.38367;
     scis13*-154.40678;
     scmi14*0.40746;
     scch15*0.71509;
     scsj16*0.60323;
     scmi17*0.61106;
     scis18*0.68922;
     scsk19*0.32385;
     scoi20*0.76919;
     scsj21*0.81937;
     scmi22*0.71044;
     scsk23*0.40158;
     scoi24*0.95218;
     scis25*0.63293;
     scsk26*0.43981;
     sc@1;
     sk@1;
     sj@1;
     ch@1;
     is@1;
     mi@1;
     oi@1;

  MODEL CS:

     sc BY scsk5*-0.04143;
     sc BY scsk12*-0.13612;
     sc BY scsk19*-0.21803;
     sc BY scsk23*-0.47428;
     sc BY scsk26*-0.31406;
     sc BY scsj1*0.65256;
     sc BY scsj8*0.96577;
     sc BY scsj11*0.89587;
     sc BY scsj16*0.88100;
     sc BY scsj21*0.68963;
     sc BY scch3*0.23446;
     sc BY scch7*0.18091;
     sc BY scch10*0.17230;
     sc BY scch15*-0.05039;
     sc BY scis4*0.70856;
     sc BY scis13*0.48557;
     sc BY scis18*0.52813;
     sc BY scis25*0.69757;
     sc BY scmi9*0.19143;
     sc BY scmi14*0.02862;
     sc BY scmi17*-0.07240;
     sc BY scmi22*-0.04126;
     sc BY scoi2*0.80449;
     sc BY scoi6*0.78899;
     sc BY scoi20*0.44555;
     sc BY scoi24*0.44414;
     sk BY scsk5*-0.09378;
     sk BY scsk12*-0.25697;
     sk BY scsk19*-0.23090;
     sk BY scsk23*-0.09905;
     sk BY scsk26*-0.07727;
     sk BY scsj1*0;
     sk BY scsj8*0.14983;
     sk BY scsj11*0.16222;
     sk BY scsj16*0.18217;
     sk BY scsj21*0.15455;
     sk BY scch3*-0.07160;
     sk BY scch7*0.00105;
     sk BY scch10*-0.18414;
     sk BY scch15*-0.27818;
     sk BY scis4*0.73497;
     sk BY scis13*0.77170;
     sk BY scis18*0.68116;
     sk BY scis25*0.65579;
     sk BY scmi9*-0.35837;
     sk BY scmi14*-0.52403;
     sk BY scmi17*-0.46811;
     sk BY scmi22*-0.31039;
     sk BY scoi2*0.73738;
     sk BY scoi6*0.67330;
     sk BY scoi20*0.61616;
     sk BY scoi24*0.60966;
     sj BY scsk5*0.40438;
     sj BY scsk12*0.37709;
     sj BY scsk19*0.40505;
     sj BY scsk23*0.44045;
     sj BY scsk26*0.48436;
     sj BY scsj1*0;
     sj BY scsj8*-0.16006;
     sj BY scsj11*-0.02986;
     sj BY scsj16*-0.19999;
     sj BY scsj21*-0.01386;
     sj BY scch3*0.52705;
     sj BY scch7*0.68837;
     sj BY scch10*0.67005;
     sj BY scch15*0.63947;
     sj BY scis4*0.03319;
     sj BY scis13*0.01944;
     sj BY scis18*0.05346;
     sj BY scis25*-0.03845;
     sj BY scmi9*0.39500;
     sj BY scmi14*0.41081;
     sj BY scmi17*0.40571;
     sj BY scmi22*0.42406;
     sj BY scoi2*0;
     sj BY scoi6*0.02382;
     sj BY scoi20*-0.07836;
     sj BY scoi24*-0.00188;
     ch BY scsk5*-0.26210;
     ch BY scsk12*-0.38186;
     ch BY scsk19*-0.26375;
     ch BY scsk23*-0.17955;
     ch BY scsk26*-0.14573;
     ch BY scsj1*0;
     ch BY scsj8*0.14739;
     ch BY scsj11*0.15027;
     ch BY scsj16*0.22846;
     ch BY scsj21*0.10186;
     ch BY scch3*0;
     ch BY scch7*-0.06727;
     ch BY scch10*-0.09691;
     ch BY scch15*-0.07818;
     ch BY scis4*0.17730;
     ch BY scis13*0.59148;
     ch BY scis18*0.58094;
     ch BY scis25*0.22876;
     ch BY scmi9*0.13157;
     ch BY scmi14*0.15814;
     ch BY scmi17*-0.01975;
     ch BY scmi22*-0.31160;
     ch BY scoi2*0;
     ch BY scoi6*0.12891;
     ch BY scoi20*-0.07877;
     ch BY scoi24*-0.05004;
     is BY scsk5*0.66589;
     is BY scsk12*0.69635;
     is BY scsk19*0.71118;
     is BY scsk23*0.25424;
     is BY scsk26*0.33060;
     is BY scsj1*0;
     is BY scsj8*0.03442;
     is BY scsj11*0.05112;
     is BY scsj16*0.13929;
     is BY scsj21*-0.05927;
     is BY scch3*0;
     is BY scch7*0.23019;
     is BY scch10*0.19331;
     is BY scch15*0.18638;
     is BY scis4*0;
     is BY scis13*0.26958;
     is BY scis18*0.31308;
     is BY scis25*0.11270;
     is BY scmi9*0.13772;
     is BY scmi14*0.07106;
     is BY scmi17*0.16928;
     is BY scmi22*0.29591;
     is BY scoi2*0;
     is BY scoi6*0.05361;
     is BY scoi20*0.29651;
     is BY scoi24*0.10692;
     mi BY scsk5*0;
     mi BY scsk12*0.06896;
     mi BY scsk19*0.04751;
     mi BY scsk23*-0.45210;
     mi BY scsk26*-0.32299;
     mi BY scsj1*0;
     mi BY scsj8*-0.31693;
     mi BY scsj11*-0.02673;
     mi BY scsj16*-0.17633;
     mi BY scsj21*-0.19810;
     mi BY scch3*0;
     mi BY scch7*-0.23157;
     mi BY scch10*-0.24093;
     mi BY scch15*-0.26367;
     mi BY scis4*0;
     mi BY scis13*-0.04167;
     mi BY scis18*-0.12572;
     mi BY scis25*-0.02100;
     mi BY scmi9*-0.00320;
     mi BY scmi14*0.04508;
     mi BY scmi17*-0.14971;
     mi BY scmi22*-0.31637;
     mi BY scoi2*0;
     mi BY scoi6*0.03651;
     mi BY scoi20*-0.20148;
     mi BY scoi24*-0.06001;
     oi BY scsk5*0;
     oi BY scsk12*-0.09140;
     oi BY scsk19*-0.19589;
     oi BY scsk23*-0.33900;
     oi BY scsk26*-0.22472;
     oi BY scsj1*0;
     oi BY scsj8*0.07030;
     oi BY scsj11*0.14457;
     oi BY scsj16*0.11045;
     oi BY scsj21*-0.01049;
     oi BY scch3*0;
     oi BY scch7*0.50844;
     oi BY scch10*0.37807;
     oi BY scch15*-0.15845;
     oi BY scis4*0;
     oi BY scis13*0.14149;
     oi BY scis18*0.14449;
     oi BY scis25*0.00548;
     oi BY scmi9*-0.25010;
     oi BY scmi14*-0.46259;
     oi BY scmi17*-0.30169;
     oi BY scmi22*-0.20695;
     oi BY scoi2*0;
     oi BY scoi6*0;
     oi BY scoi20*0.08987;
     oi BY scoi24*0.09073;

     sk WITH sc*0;
     sj WITH sc*0;
     sj WITH sk*0;
     ch WITH sc*0;
     ch WITH sk*0;
     ch WITH sj*0;
     is WITH sc*0;
     is WITH sk*0;
     is WITH sj*0;
     is WITH ch*0;
     mi WITH sc*0;
     mi WITH sk*0;
     mi WITH sj*0;
     mi WITH ch*0;
     mi WITH is*0;
     oi WITH sc*0;
     oi WITH sk*0;
     oi WITH sj*0;
     oi WITH ch*0;
     oi WITH is*0;
     oi WITH mi*0;

     [ scsj1*3.88023 ] (1);
     [ scoi2*3.42678 ] (2);
     [ scch3*3.39445 ] (3);
     [ scis4*3.17431 ] (4);
     [ scsk5*2.97763 ] (5);
     [ scoi6*3.55336 ] (6);
     [ scch7*2.75756 ] (7);
     [ scsj8*3.25127 ] (8);
     [ scmi9*3.32081 ] (9);
     [ scch10*2.64883 ] (10);
     [ scsj11*3.11768 ] (11);
     [ scsk12*2.72092 ] (12);
     [ scis13*3.32647 ] (13);
     [ scmi14*3.15405 ] (14);
     [ scch15*3.06229 ] (15);
     [ scsj16*3.23923 ] (16);
     [ scmi17*3.03376 ] (17);
     [ scis18*3.47972 ] (18);
     [ scsk19*2.78187 ] (19);
     [ scoi20*3.16407 ] (20);
     [ scsj21*3.10759 ] (21);
     [ scmi22*2.85705 ] (22);
     [ scsk23*2.70418 ] (23);
     [ scoi24*2.74783 ] (24);
     [ scis25*3.34235 ] (25);
     [ scsk26*2.77900 ] (26);
     [ sc*-0.30890 ];
     [ sk*-0.88865 ];
     [ sj*-0.15085 ];
     [ ch*0.34912 ];
     [ is*-0.19675 ];
     [ mi*0.00820 ];
     [ oi*0.05435 ];

     scsj1*0.69734;
     scoi2*0.52293;
     scch3*0.79991;
     scis4*0.57400;
     scsk5*0.65631;
     scoi6*0.58615;
     scch7*0.66114;
     scsj8*0.55359;
     scmi9*0.63317;
     scch10*0.58671;
     scsj11*0.67339;
     scsk12*0.40405;
     scis13*0.51045;
     scmi14*0.34221;
     scch15*0.63312;
     scsj16*0.64545;
     scmi17*0.43732;
     scis18*0.39391;
     scsk19*0.39167;
     scoi20*0.71704;
     scsj21*0.81317;
     scmi22*0.63518;
     scsk23*0.37983;
     scoi24*0.70728;
     scis25*0.77355;
     scsk26*0.48739;
     sc@1;
     sk@1;
     sj@1;
     ch@1;
     is@1;
     mi@1;
     oi@1;



     Beginning Time:  11:10:55
        Ending Time:  11:11:03
       Elapsed Time:  00:00:08



MUTHEN & MUTHEN
3463 Stoner Ave.
Los Angeles, CA  90066

Tel: (310) 391-9971
Fax: (310) 391-8971
Web: www.StatModel.com
Support: Support@StatModel.com

Copyright (c) 1998-2021 Muthen & Muthen
