Mplus VERSION 8.6 (Mac)
MUTHEN & MUTHEN
10/11/2022   1:59 PM

INPUT INSTRUCTIONS

  TITLE: Model 4b Bifactor-ESEM (1 G- and 6 S-factors) with free loading-matrix by group.
  DATA:
  FILE = "semdatagr.dat";

  VARIABLE:
  NAMES =
    scsj1 scoi2 scch3 scis4 scsk5 scoi6 scch7 scsj8 scmi9 scch10 scsj11 scsk12
    scis13 scmi14 scch15 scsj16 scmi17 scis18 scsk19 scoi20 scsj21 scmi22 scsk23
    scoi24 scis25 scsk26
    ptgi_al ptgi_np ptgi_ps ptgi_sp ptgi_ro
    iesr_a iesr_i iesr_h
    cope_pa cope_po
    mspss_fa mspss_fr mspss_so
    neuro_na neuro_sr
    extra_pa extra_so extra_ac
    group
    ;

  Grouping = group (1=RW 2=CS);

  MISSING = .;

  USEVARIABLES ARE
    scsj1 scoi2 scch3 scis4 scsk5 scoi6 scch7 scsj8 scmi9 scch10 scsj11 scsk12
    scis13 scmi14 scch15 scsj16 scmi17 scis18 scsk19 scoi20 scsj21 scmi22 scsk23
    scoi24 scis25 scsk26 group;

  ! Specifying that we're treating the variables as categorical.
  ! CATEGORICAL ARE all;

  ANALYSIS:
    ESTIMATOR = MLR;
    PROCESSORS = 6;
    ROTATION = TARGET (ORTHOGONAL);

  MODEL:

  sc BY
    scsk5 scsk12 scsk19 scsk23 scsk26 scsj1 scsj8 scsj11 scsj16
    scsj21 scch3 scch7 scch10 scch15 scis4 scis13 scis18 scis25
    scmi9 scmi14 scmi17 scmi22 scoi2 scoi6 scoi20 scoi24 (*1);

  sk BY
    scsk5 scsk12 scsk19 scsk23 scsk26 scsj1~0 scsj8~0 scsj11~0 scsj16~0
    scsj21~0 scch3~0 scch7~0 scch10~0 scch15~0 scis4~0 scis13~0 scis18~0
    scis25~0 scmi9~0 scmi14~0 scmi17~0 scmi22~0 scoi2~0 scoi6~0 scoi20~0
    scoi24~0 (*1);

  sj BY
    scsk5~0 scsk12~0 scsk19~0 scsk23~0 scsk26~0 scsj1 scsj8 scsj11
    scsj16 scsj21 scch3~0 scch7~0 scch10~0 scch15~0 scis4~0 scis13~0
    scis18~0 scis25~0 scmi9~0 scmi14~0 scmi17~0 scmi22~0 scoi2~0 scoi6~0
    scoi20~0 scoi24~0 (*1);

  ch BY
    scsk5~0 scsk12~0 scsk19~0 scsk23~0 scsk26~0 scsj1~0 scsj8~0 scsj11~0
    scsj16~0 scsj21~0 scch3 scch7 scch10 scch15 scis4~0 scis13~0 scis18~0
    scis25~0 scmi9~0 scmi14~0 scmi17~0 scmi22~0 scoi2~0 scoi6~0 scoi20~0
    scoi24~0 (*1);

  is BY
    scsk5~0 scsk12~0 scsk19~0 scsk23~0 scsk26~0 scsj1~0 scsj8~0
    scsj11~0 scsj16~0 scsj21~0 scch3~0 scch7~0 scch10~0 scch15~0
    scis4 scis13 scis18 scis25 scmi9~0 scmi14~0 scmi17~0 scmi22~0
    scoi2~0 scoi6~0 scoi20~0 scoi24~0 (*1);

  mi BY
    scsk5~0 scsk12~0 scsk19~0 scsk23~0 scsk26~0 scsj1~0 scsj8~0
    scsj11~0 scsj16~0 scsj21~0 scch3~0 scch7~0 scch10~0 scch15~0 scis4~0
    scis13~0 scis18~0 scis25~0 scmi9 scmi14 scmi17 scmi22 scoi2~0 scoi6~0
    scoi20~0 scoi24~0 (*1);

  oi BY
    scsk5~0 scsk12~0 scsk19~0 scsk23~0 scsk26~0 scsj1~0 scsj8~0 scsj11~0
    scsj16~0 scsj21~0 scch3~0 scch7~0 scch10~0 scch15~0 scis4~0 scis13~0
    scis18~0 scis25~0 scmi9~0 scmi14~0 scmi17~0 scmi22~0 scoi2 scoi6
    scoi20 scoi24 (*1);

  [sc-sk@0];
  [sc-sj@0];
  [sc-ch@0];
  [sc-is@0];
  [sc-mi@0];
  [sc-oi@0];

  MODEL CS:

  OUTPUT:
  ! stdyx;




INPUT READING TERMINATED NORMALLY



Model 4b Bifactor-ESEM (1 G- and 6 S-factors) with free loading-matrix by group.

SUMMARY OF ANALYSIS

Number of groups                                                 2
Number of observations
   Group RW                                                    322
   Group CS                                                    746
   Total sample size                                          1068

Number of dependent variables                                   26
Number of independent variables                                  0
Number of continuous latent variables                            7

Observed dependent variables

  Continuous
   SCSJ1       SCOI2       SCCH3       SCIS4       SCSK5       SCOI6
   SCCH7       SCSJ8       SCMI9       SCCH10      SCSJ11      SCSK12
   SCIS13      SCMI14      SCCH15      SCSJ16      SCMI17      SCIS18
   SCSK19      SCOI20      SCSJ21      SCMI22      SCSK23      SCOI24
   SCIS25      SCSK26

Continuous latent variables

  EFA factors
  *1:   SC          SK          SJ          CH          IS          MI
   OI

Variables with special functions

  Grouping variable     GROUP

Estimator                                                      MLR
Rotation                                                    TARGET
Row standardization                                     COVARIANCE
Type of rotation                                        ORTHOGONAL
Information matrix                                        OBSERVED
Maximum number of iterations                                  1000
Convergence criterion                                    0.500D-04
Maximum number of steepest descent iterations                   20
Maximum number of iterations for H1                           2000
Convergence criterion for H1                             0.100D-03
Optimization Specifications for the Exploratory Factor Analysis
Rotation Algorithm
  Number of random starts                                       30
  Maximum number of iterations                             1000000
  Derivative convergence criterion                       0.100D-04

Input data file(s)
  semdatagr.dat

Input data format  FREE


SUMMARY OF DATA

   Group RW
     Number of missing data patterns             1

   Group CS
     Number of missing data patterns             1


COVARIANCE COVERAGE OF DATA

Minimum covariance coverage value   0.100


     PROPORTION OF DATA PRESENT FOR RW


           Covariance Coverage
              SCSJ1         SCOI2         SCCH3         SCIS4         SCSK5
              ________      ________      ________      ________      ________
 SCSJ1          1.000
 SCOI2          1.000         1.000
 SCCH3          1.000         1.000         1.000
 SCIS4          1.000         1.000         1.000         1.000
 SCSK5          1.000         1.000         1.000         1.000         1.000
 SCOI6          1.000         1.000         1.000         1.000         1.000
 SCCH7          1.000         1.000         1.000         1.000         1.000
 SCSJ8          1.000         1.000         1.000         1.000         1.000
 SCMI9          1.000         1.000         1.000         1.000         1.000
 SCCH10         1.000         1.000         1.000         1.000         1.000
 SCSJ11         1.000         1.000         1.000         1.000         1.000
 SCSK12         1.000         1.000         1.000         1.000         1.000
 SCIS13         1.000         1.000         1.000         1.000         1.000
 SCMI14         1.000         1.000         1.000         1.000         1.000
 SCCH15         1.000         1.000         1.000         1.000         1.000
 SCSJ16         1.000         1.000         1.000         1.000         1.000
 SCMI17         1.000         1.000         1.000         1.000         1.000
 SCIS18         1.000         1.000         1.000         1.000         1.000
 SCSK19         1.000         1.000         1.000         1.000         1.000
 SCOI20         1.000         1.000         1.000         1.000         1.000
 SCSJ21         1.000         1.000         1.000         1.000         1.000
 SCMI22         1.000         1.000         1.000         1.000         1.000
 SCSK23         1.000         1.000         1.000         1.000         1.000
 SCOI24         1.000         1.000         1.000         1.000         1.000
 SCIS25         1.000         1.000         1.000         1.000         1.000
 SCSK26         1.000         1.000         1.000         1.000         1.000


           Covariance Coverage
              SCOI6         SCCH7         SCSJ8         SCMI9         SCCH10
              ________      ________      ________      ________      ________
 SCOI6          1.000
 SCCH7          1.000         1.000
 SCSJ8          1.000         1.000         1.000
 SCMI9          1.000         1.000         1.000         1.000
 SCCH10         1.000         1.000         1.000         1.000         1.000
 SCSJ11         1.000         1.000         1.000         1.000         1.000
 SCSK12         1.000         1.000         1.000         1.000         1.000
 SCIS13         1.000         1.000         1.000         1.000         1.000
 SCMI14         1.000         1.000         1.000         1.000         1.000
 SCCH15         1.000         1.000         1.000         1.000         1.000
 SCSJ16         1.000         1.000         1.000         1.000         1.000
 SCMI17         1.000         1.000         1.000         1.000         1.000
 SCIS18         1.000         1.000         1.000         1.000         1.000
 SCSK19         1.000         1.000         1.000         1.000         1.000
 SCOI20         1.000         1.000         1.000         1.000         1.000
 SCSJ21         1.000         1.000         1.000         1.000         1.000
 SCMI22         1.000         1.000         1.000         1.000         1.000
 SCSK23         1.000         1.000         1.000         1.000         1.000
 SCOI24         1.000         1.000         1.000         1.000         1.000
 SCIS25         1.000         1.000         1.000         1.000         1.000
 SCSK26         1.000         1.000         1.000         1.000         1.000


           Covariance Coverage
              SCSJ11        SCSK12        SCIS13        SCMI14        SCCH15
              ________      ________      ________      ________      ________
 SCSJ11         1.000
 SCSK12         1.000         1.000
 SCIS13         1.000         1.000         1.000
 SCMI14         1.000         1.000         1.000         1.000
 SCCH15         1.000         1.000         1.000         1.000         1.000
 SCSJ16         1.000         1.000         1.000         1.000         1.000
 SCMI17         1.000         1.000         1.000         1.000         1.000
 SCIS18         1.000         1.000         1.000         1.000         1.000
 SCSK19         1.000         1.000         1.000         1.000         1.000
 SCOI20         1.000         1.000         1.000         1.000         1.000
 SCSJ21         1.000         1.000         1.000         1.000         1.000
 SCMI22         1.000         1.000         1.000         1.000         1.000
 SCSK23         1.000         1.000         1.000         1.000         1.000
 SCOI24         1.000         1.000         1.000         1.000         1.000
 SCIS25         1.000         1.000         1.000         1.000         1.000
 SCSK26         1.000         1.000         1.000         1.000         1.000


           Covariance Coverage
              SCSJ16        SCMI17        SCIS18        SCSK19        SCOI20
              ________      ________      ________      ________      ________
 SCSJ16         1.000
 SCMI17         1.000         1.000
 SCIS18         1.000         1.000         1.000
 SCSK19         1.000         1.000         1.000         1.000
 SCOI20         1.000         1.000         1.000         1.000         1.000
 SCSJ21         1.000         1.000         1.000         1.000         1.000
 SCMI22         1.000         1.000         1.000         1.000         1.000
 SCSK23         1.000         1.000         1.000         1.000         1.000
 SCOI24         1.000         1.000         1.000         1.000         1.000
 SCIS25         1.000         1.000         1.000         1.000         1.000
 SCSK26         1.000         1.000         1.000         1.000         1.000


           Covariance Coverage
              SCSJ21        SCMI22        SCSK23        SCOI24        SCIS25
              ________      ________      ________      ________      ________
 SCSJ21         1.000
 SCMI22         1.000         1.000
 SCSK23         1.000         1.000         1.000
 SCOI24         1.000         1.000         1.000         1.000
 SCIS25         1.000         1.000         1.000         1.000         1.000
 SCSK26         1.000         1.000         1.000         1.000         1.000


           Covariance Coverage
              SCSK26
              ________
 SCSK26         1.000


     PROPORTION OF DATA PRESENT FOR CS


           Covariance Coverage
              SCSJ1         SCOI2         SCCH3         SCIS4         SCSK5
              ________      ________      ________      ________      ________
 SCSJ1          1.000
 SCOI2          1.000         1.000
 SCCH3          1.000         1.000         1.000
 SCIS4          1.000         1.000         1.000         1.000
 SCSK5          1.000         1.000         1.000         1.000         1.000
 SCOI6          1.000         1.000         1.000         1.000         1.000
 SCCH7          1.000         1.000         1.000         1.000         1.000
 SCSJ8          1.000         1.000         1.000         1.000         1.000
 SCMI9          1.000         1.000         1.000         1.000         1.000
 SCCH10         1.000         1.000         1.000         1.000         1.000
 SCSJ11         1.000         1.000         1.000         1.000         1.000
 SCSK12         1.000         1.000         1.000         1.000         1.000
 SCIS13         1.000         1.000         1.000         1.000         1.000
 SCMI14         1.000         1.000         1.000         1.000         1.000
 SCCH15         1.000         1.000         1.000         1.000         1.000
 SCSJ16         1.000         1.000         1.000         1.000         1.000
 SCMI17         1.000         1.000         1.000         1.000         1.000
 SCIS18         1.000         1.000         1.000         1.000         1.000
 SCSK19         1.000         1.000         1.000         1.000         1.000
 SCOI20         1.000         1.000         1.000         1.000         1.000
 SCSJ21         1.000         1.000         1.000         1.000         1.000
 SCMI22         1.000         1.000         1.000         1.000         1.000
 SCSK23         1.000         1.000         1.000         1.000         1.000
 SCOI24         1.000         1.000         1.000         1.000         1.000
 SCIS25         1.000         1.000         1.000         1.000         1.000
 SCSK26         1.000         1.000         1.000         1.000         1.000


           Covariance Coverage
              SCOI6         SCCH7         SCSJ8         SCMI9         SCCH10
              ________      ________      ________      ________      ________
 SCOI6          1.000
 SCCH7          1.000         1.000
 SCSJ8          1.000         1.000         1.000
 SCMI9          1.000         1.000         1.000         1.000
 SCCH10         1.000         1.000         1.000         1.000         1.000
 SCSJ11         1.000         1.000         1.000         1.000         1.000
 SCSK12         1.000         1.000         1.000         1.000         1.000
 SCIS13         1.000         1.000         1.000         1.000         1.000
 SCMI14         1.000         1.000         1.000         1.000         1.000
 SCCH15         1.000         1.000         1.000         1.000         1.000
 SCSJ16         1.000         1.000         1.000         1.000         1.000
 SCMI17         1.000         1.000         1.000         1.000         1.000
 SCIS18         1.000         1.000         1.000         1.000         1.000
 SCSK19         1.000         1.000         1.000         1.000         1.000
 SCOI20         1.000         1.000         1.000         1.000         1.000
 SCSJ21         1.000         1.000         1.000         1.000         1.000
 SCMI22         1.000         1.000         1.000         1.000         1.000
 SCSK23         1.000         1.000         1.000         1.000         1.000
 SCOI24         1.000         1.000         1.000         1.000         1.000
 SCIS25         1.000         1.000         1.000         1.000         1.000
 SCSK26         1.000         1.000         1.000         1.000         1.000


           Covariance Coverage
              SCSJ11        SCSK12        SCIS13        SCMI14        SCCH15
              ________      ________      ________      ________      ________
 SCSJ11         1.000
 SCSK12         1.000         1.000
 SCIS13         1.000         1.000         1.000
 SCMI14         1.000         1.000         1.000         1.000
 SCCH15         1.000         1.000         1.000         1.000         1.000
 SCSJ16         1.000         1.000         1.000         1.000         1.000
 SCMI17         1.000         1.000         1.000         1.000         1.000
 SCIS18         1.000         1.000         1.000         1.000         1.000
 SCSK19         1.000         1.000         1.000         1.000         1.000
 SCOI20         1.000         1.000         1.000         1.000         1.000
 SCSJ21         1.000         1.000         1.000         1.000         1.000
 SCMI22         1.000         1.000         1.000         1.000         1.000
 SCSK23         1.000         1.000         1.000         1.000         1.000
 SCOI24         1.000         1.000         1.000         1.000         1.000
 SCIS25         1.000         1.000         1.000         1.000         1.000
 SCSK26         1.000         1.000         1.000         1.000         1.000


           Covariance Coverage
              SCSJ16        SCMI17        SCIS18        SCSK19        SCOI20
              ________      ________      ________      ________      ________
 SCSJ16         1.000
 SCMI17         1.000         1.000
 SCIS18         1.000         1.000         1.000
 SCSK19         1.000         1.000         1.000         1.000
 SCOI20         1.000         1.000         1.000         1.000         1.000
 SCSJ21         1.000         1.000         1.000         1.000         1.000
 SCMI22         1.000         1.000         1.000         1.000         1.000
 SCSK23         1.000         1.000         1.000         1.000         1.000
 SCOI24         1.000         1.000         1.000         1.000         1.000
 SCIS25         1.000         1.000         1.000         1.000         1.000
 SCSK26         1.000         1.000         1.000         1.000         1.000


           Covariance Coverage
              SCSJ21        SCMI22        SCSK23        SCOI24        SCIS25
              ________      ________      ________      ________      ________
 SCSJ21         1.000
 SCMI22         1.000         1.000
 SCSK23         1.000         1.000         1.000
 SCOI24         1.000         1.000         1.000         1.000
 SCIS25         1.000         1.000         1.000         1.000         1.000
 SCSK26         1.000         1.000         1.000         1.000         1.000


           Covariance Coverage
              SCSK26
              ________
 SCSK26         1.000



UNIVARIATE SAMPLE STATISTICS


     UNIVARIATE HIGHER-ORDER MOMENT DESCRIPTIVE STATISTICS FOR RW

         Variable/         Mean/     Skewness/   Minimum/ % with                Percentiles
        Sample Size      Variance    Kurtosis    Maximum  Min/Max      20%/60%    40%/80%    Median

     SCSJ1                 3.758      -0.764       1.000    6.52%       3.000      4.000      4.000
             322.000       1.389      -0.214       5.000   32.92%       4.000      5.000
     SCOI2                 3.379      -0.378       1.000   11.18%       2.000      3.000      4.000
             322.000       1.732      -1.028       5.000   24.22%       4.000      5.000
     SCCH3                 3.450      -0.307       1.000    4.35%       2.000      3.000      4.000
             322.000       1.198      -0.641       5.000   18.63%       4.000      4.000
     SCIS4                 3.037      -0.043       1.000   14.29%       2.000      3.000      3.000
             322.000       1.657      -1.107       5.000   15.22%       3.000      4.000
     SCSK5                 2.991       0.038       1.000   12.73%       2.000      3.000      3.000
             322.000       1.512      -0.969       5.000   13.35%       3.000      4.000
     SCOI6                 3.553      -0.533       1.000    8.39%       2.000      3.000      4.000
             322.000       1.545      -0.692       5.000   27.64%       4.000      5.000
     SCCH7                 2.742       0.226       1.000   17.08%       2.000      2.000      3.000
             322.000       1.446      -0.863       5.000    9.01%       3.000      4.000
     SCSJ8                 3.189      -0.108       1.000    9.94%       2.000      3.000      3.000
             322.000       1.588      -1.083       5.000   18.32%       4.000      4.000
     SCMI9                 3.363      -0.193       1.000    4.04%       2.000      3.000      3.000
             322.000       1.088      -0.525       5.000   14.91%       4.000      4.000
     SCCH10                2.630       0.276       1.000   18.94%       2.000      2.000      3.000
             322.000       1.351      -0.776       5.000    6.52%       3.000      4.000
     SCSJ11                3.059      -0.029       1.000   13.04%       2.000      3.000      3.000
             322.000       1.615      -1.057       5.000   15.84%       3.000      4.000
     SCSK12                2.733       0.320       1.000   16.15%       2.000      2.000      3.000
             322.000       1.444      -0.769       5.000   10.25%       3.000      4.000
     SCIS13                3.326      -0.408       1.000   10.25%       2.000      3.000      4.000
             322.000       1.512      -0.834       5.000   17.39%       4.000      4.000
     SCMI14                3.155      -0.141       1.000    7.14%       2.000      3.000      3.000
             322.000       1.206      -0.708       5.000   10.87%       4.000      4.000
     SCCH15                3.115      -0.087       1.000   10.25%       2.000      3.000      3.000
             322.000       1.394      -0.802       5.000   13.98%       3.000      4.000
     SCSJ16                3.155      -0.238       1.000   16.46%       2.000      3.000      3.000
             322.000       1.790      -1.101       5.000   18.32%       4.000      4.000
     SCMI17                3.102      -0.081       1.000    6.83%       2.000      3.000      3.000
             322.000       1.129      -0.611       5.000    9.32%       3.000      4.000
     SCIS18                3.463      -0.522       1.000   10.25%       2.000      3.000      4.000
             322.000       1.603      -0.767       5.000   23.60%       4.000      5.000
     SCSK19                2.832       0.154       1.000   13.98%       2.000      2.000      3.000
             322.000       1.369      -0.800       5.000    9.32%       3.000      4.000
     SCOI20                3.227      -0.156       1.000    9.01%       2.000      3.000      3.000
             322.000       1.461      -0.903       5.000   17.39%       4.000      4.000
     SCSJ21                3.087      -0.098       1.000    9.63%       2.000      3.000      3.000
             322.000       1.353      -0.876       5.000   11.49%       3.000      4.000
     SCMI22                2.984       0.066       1.000   10.56%       2.000      3.000      3.000
             322.000       1.351      -0.807       5.000   11.49%       3.000      4.000
     SCSK23                2.745       0.297       1.000   15.84%       2.000      2.000      3.000
             322.000       1.463      -0.859       5.000    9.94%       3.000      4.000
     SCOI24                2.767       0.190       1.000   19.57%       2.000      2.000      3.000
             322.000       1.626      -1.045       5.000   10.87%       3.000      4.000
     SCIS25                3.264      -0.228       1.000   12.42%       2.000      3.000      3.000
             322.000       1.760      -1.106       5.000   22.67%       4.000      5.000
     SCSK26                2.714       0.231       1.000   12.73%       2.000      2.000      3.000
             322.000       1.167      -0.676       5.000    5.28%       3.000      4.000


     UNIVARIATE HIGHER-ORDER MOMENT DESCRIPTIVE STATISTICS FOR CS

         Variable/         Mean/     Skewness/   Minimum/ % with                Percentiles
        Sample Size      Variance    Kurtosis    Maximum  Min/Max      20%/60%    40%/80%    Median

     SCSJ1                 3.712      -0.557       1.000    3.35%       3.000      4.000      4.000
             746.000       1.135      -0.319       5.000   26.68%       4.000      5.000
     SCOI2                 2.524       0.414       1.000   28.82%       1.000      2.000      2.000
             746.000       1.716      -0.979       5.000    9.65%       3.000      4.000
     SCCH3                 3.283      -0.368       1.000    7.10%       2.000      3.000      3.000
             746.000       1.133      -0.364       5.000   11.39%       4.000      4.000
     SCIS4                 2.389       0.568       1.000   32.98%       1.000      2.000      2.000
             746.000       1.696      -0.856       5.000    8.45%       3.000      4.000
     SCSK5                 2.799       0.175       1.000   14.21%       2.000      2.000      3.000
             746.000       1.346      -0.793       5.000    8.45%       3.000      4.000
     SCOI6                 2.725       0.238       1.000   21.05%       1.000      2.000      3.000
             746.000       1.655      -1.037       5.000   10.99%       3.000      4.000
     SCCH7                 2.558       0.336       1.000   25.20%       1.000      2.000      2.000
             746.000       1.539      -0.897       5.000    7.77%       3.000      4.000
     SCSJ8                 2.894       0.018       1.000   18.50%       2.000      2.000      3.000
             746.000       1.666      -1.108       5.000   12.06%       3.000      4.000
     SCMI9                 3.509      -0.416       1.000    3.89%       3.000      3.000      4.000
             746.000       1.060      -0.296       5.000   17.02%       4.000      4.000
     SCCH10                2.611       0.202       1.000   20.91%       1.000      2.000      3.000
             746.000       1.348      -0.844       5.000    5.50%       3.000      4.000
     SCSJ11                2.755       0.185       1.000   18.77%       2.000      2.000      3.000
             746.000       1.552      -1.011       5.000    9.52%       3.000      4.000
     SCSK12                2.668       0.259       1.000   16.09%       2.000      2.000      3.000
             746.000       1.276      -0.739       5.000    6.03%       3.000      4.000
     SCIS13                2.637       0.275       1.000   26.27%       1.000      2.000      2.000
             746.000       1.770      -1.149       5.000   10.19%       3.000      4.000
     SCMI14                3.571      -0.433       1.000    3.22%       3.000      3.000      4.000
             746.000       1.028      -0.265       5.000   18.63%       4.000      4.000
     SCCH15                3.146      -0.158       1.000    8.45%       2.000      3.000      3.000
             746.000       1.259      -0.699       5.000   11.53%       3.000      4.000
     SCSJ16                2.902       0.043       1.000   16.49%       2.000      2.000      3.000
             746.000       1.616      -1.107       5.000   11.66%       3.000      4.000
     SCMI17                3.339      -0.261       1.000    3.62%       3.000      3.000      3.000
             746.000       0.977      -0.384       5.000   10.99%       4.000      4.000
     SCIS18                2.849       0.053       1.000   18.50%       2.000      2.000      3.000
             746.000       1.608      -1.081       5.000   10.59%       3.000      4.000
     SCSK19                2.747       0.189       1.000   14.75%       2.000      2.000      3.000
             746.000       1.272      -0.690       5.000    7.10%       3.000      4.000
     SCOI20                2.373       0.525       1.000   28.55%       1.000      2.000      2.000
             746.000       1.389      -0.614       5.000    5.63%       3.000      3.000
     SCSJ21                2.800       0.115       1.000   15.55%       2.000      2.000      3.000
             746.000       1.364      -0.812       5.000    8.18%       3.000      4.000
     SCMI22                2.858       0.032       1.000   12.60%       2.000      3.000      3.000
             746.000       1.243      -0.753       5.000    6.84%       3.000      4.000
     SCSK23                2.740       0.194       1.000   13.94%       2.000      2.000      3.000
             746.000       1.225      -0.660       5.000    6.43%       3.000      4.000
     SCOI24                2.019       0.981       1.000   42.49%       1.000      1.000      2.000
             746.000       1.278       0.107       5.000    4.02%       2.000      3.000
     SCIS25                2.626       0.216       1.000   28.55%       1.000      2.000      3.000
             746.000       1.784      -1.210       5.000    9.12%       3.000      4.000
     SCSK26                2.788       0.129       1.000   11.26%       2.000      2.000      3.000
             746.000       1.113      -0.596       5.000    5.36%       3.000      4.000


THE MODEL ESTIMATION TERMINATED NORMALLY



MODEL FIT INFORMATION

Number of Free Parameters                      267

Loglikelihood

          H0 Value                      -37296.827
          H0 Scaling Correction Factor      1.2741
            for MLR
          H1 Value                      -36775.205
          H1 Scaling Correction Factor      1.1590
            for MLR

Information Criteria

          Akaike (AIC)                   75127.654
          Bayesian (BIC)                 76455.590
          Sample-Size Adjusted BIC       75607.549
            (n* = (n + 2) / 24)

Chi-Square Test of Model Fit

          Value                            952.011*
          Degrees of Freedom                   487
          P-Value                           0.0000
          Scaling Correction Factor         1.0958
            for MLR

Chi-Square Contribution From Each Group

          RW                               514.103
          CS                               437.908

*   The chi-square value for MLM, MLMV, MLR, ULSMV, WLSM and WLSMV cannot be used
    for chi-square difference testing in the regular way.  MLM, MLR and WLSM
    chi-square difference testing is described on the Mplus website.  MLMV, WLSMV,
    and ULSMV difference testing is done using the DIFFTEST option.

RMSEA (Root Mean Square Error Of Approximation)

          Estimate                           0.042
          90 Percent C.I.                    0.038  0.046
          Probability RMSEA <= .05           0.999

CFI/TLI

          CFI                                0.958
          TLI                                0.944

Chi-Square Test of Model Fit for the Baseline Model

          Value                          11793.301
          Degrees of Freedom                   650
          P-Value                           0.0000

SRMR (Standardized Root Mean Square Residual)

          Value                              0.064



MODEL RESULTS

                                                    Two-Tailed
                    Estimate       S.E.  Est./S.E.    P-Value

Group RW

 SC       BY
    SCSK5             -0.347      0.084     -4.102      0.000
    SCSK12            -0.433      0.085     -5.105      0.000
    SCSK19            -0.527      0.080     -6.555      0.000
    SCSK23            -0.824      0.094     -8.752      0.000
    SCSK26            -0.639      0.071     -8.941      0.000
    SCSJ1              0.666      0.050     13.360      0.000
    SCSJ8              0.964      0.071     13.605      0.000
    SCSJ11             0.950      0.052     18.154      0.000
    SCSJ16             1.020      0.066     15.363      0.000
    SCSJ21             0.640      0.060     10.640      0.000
    SCCH3             -0.143      0.075     -1.897      0.058
    SCCH7             -0.158      0.084     -1.873      0.061
    SCCH10            -0.286      0.078     -3.655      0.000
    SCCH15            -0.585      0.069     -8.536      0.000
    SCIS4              1.018      0.063     16.269      0.000
    SCIS13             0.861      0.072     12.003      0.000
    SCIS18             0.900      0.072     12.561      0.000
    SCIS25             1.036      0.057     18.062      0.000
    SCMI9             -0.238      0.066     -3.580      0.000
    SCMI14            -0.472      0.078     -6.090      0.000
    SCMI17            -0.578      0.056    -10.297      0.000
    SCMI22            -0.484      0.070     -6.870      0.000
    SCOI2              1.102      0.072     15.346      0.000
    SCOI6              1.053      0.061     17.259      0.000
    SCOI20             0.735      0.078      9.475      0.000
    SCOI24             0.732      0.060     12.291      0.000

 SK       BY
    SCSK5              0.836      0.059     14.126      0.000
    SCSK12             0.890      0.055     16.165      0.000
    SCSK19             0.873      0.055     15.843      0.000
    SCSK23             0.286      0.107      2.657      0.008
    SCSK26             0.439      0.079      5.556      0.000
    SCSJ1             -0.019      0.047     -0.415      0.678
    SCSJ8             -0.189      0.045     -4.216      0.000
    SCSJ11            -0.050      0.046     -1.083      0.279
    SCSJ16            -0.077      0.067     -1.146      0.252
    SCSJ21            -0.204      0.050     -4.085      0.000
    SCCH3              0.184      0.057      3.242      0.001
    SCCH7              0.308      0.053      5.844      0.000
    SCCH10             0.239      0.051      4.714      0.000
    SCCH15             0.281      0.063      4.470      0.000
    SCIS4              0.092      0.053      1.739      0.082
    SCIS13             0.159      0.047      3.377      0.001
    SCIS18             0.148      0.046      3.230      0.001
    SCIS25             0.134      0.044      3.067      0.002
    SCMI9              0.137      0.047      2.891      0.004
    SCMI14             0.147      0.048      3.087      0.002
    SCMI17             0.185      0.046      3.997      0.000
    SCMI22             0.437      0.065      6.717      0.000
    SCOI2              0.130      0.043      2.987      0.003
    SCOI6              0.146      0.046      3.145      0.002
    SCOI20             0.309      0.051      6.045      0.000
    SCOI24             0.210      0.045      4.636      0.000

 SJ       BY
    SCSK5             -0.077      0.041     -1.868      0.062
    SCSK12            -0.059      0.085     -0.691      0.490
    SCSK19            -0.087      0.054     -1.615      0.106
    SCSK23             0.023      0.170      0.136      0.892
    SCSK26            -0.033      0.091     -0.359      0.720
    SCSJ1              0.234      0.058      3.996      0.000
    SCSJ8              0.478      0.186      2.576      0.010
    SCSJ11             0.292      0.057      5.168      0.000
    SCSJ16             0.381      0.094      4.054      0.000
    SCSJ21             0.300      0.143      2.092      0.036
    SCCH3             -0.010      0.075     -0.128      0.898
    SCCH7              0.034      0.047      0.718      0.473
    SCCH10             0.100      0.053      1.882      0.060
    SCCH15             0.062      0.048      1.288      0.198
    SCIS4             -0.006      0.087     -0.071      0.943
    SCIS13            -0.065      0.043     -1.501      0.133
    SCIS18             0.043      0.054      0.803      0.422
    SCIS25             0.051      0.050      1.028      0.304
    SCMI9              0.107      0.050      2.135      0.033
    SCMI14             0.042      0.067      0.628      0.530
    SCMI17             0.112      0.030      3.784      0.000
    SCMI22             0.138      0.046      3.014      0.003
    SCOI2              0.026      0.052      0.498      0.618
    SCOI6              0.037      0.054      0.682      0.496
    SCOI20             0.080      0.045      1.766      0.077
    SCOI24            -0.013      0.049     -0.264      0.792

 CH       BY
    SCSK5              0.286      0.043      6.700      0.000
    SCSK12             0.248      0.048      5.170      0.000
    SCSK19             0.139      0.039      3.556      0.000
    SCSK23             0.091      0.074      1.232      0.218
    SCSK26             0.210      0.050      4.232      0.000
    SCSJ1              0.097      0.042      2.307      0.021
    SCSJ8              0.081      0.077      1.051      0.293
    SCSJ11             0.168      0.041      4.110      0.000
    SCSJ16             0.040      0.045      0.879      0.379
    SCSJ21             0.054      0.061      0.885      0.376
    SCCH3              0.451      0.056      8.088      0.000
    SCCH7              0.920      0.060     15.404      0.000
    SCCH10             0.884      0.073     12.068      0.000
    SCCH15             0.433      0.056      7.677      0.000
    SCIS4              0.073      0.044      1.666      0.096
    SCIS13             0.088      0.044      1.997      0.046
    SCIS18             0.125      0.043      2.878      0.004
    SCIS25             0.017      0.043      0.404      0.686
    SCMI9              0.179      0.043      4.110      0.000
    SCMI14             0.118      0.055      2.151      0.031
    SCMI17             0.198      0.039      5.107      0.000
    SCMI22             0.274      0.052      5.293      0.000
    SCOI2              0.074      0.054      1.376      0.169
    SCOI6              0.074      0.042      1.749      0.080
    SCOI20            -0.018      0.048     -0.376      0.707
    SCOI24             0.041      0.054      0.751      0.452

 IS       BY
    SCSK5              0.079      0.036      2.172      0.030
    SCSK12            -0.027      0.046     -0.599      0.549
    SCSK19             0.087      0.032      2.722      0.006
    SCSK23             0.151      0.099      1.526      0.127
    SCSK26             0.169      0.064      2.653      0.008
    SCSJ1             -0.094      0.046     -2.052      0.040
    SCSJ8             -0.020      0.055     -0.369      0.712
    SCSJ11            -0.013      0.034     -0.370      0.711
    SCSJ16             0.079      0.067      1.180      0.238
    SCSJ21             0.010      0.062      0.164      0.870
    SCCH3              0.001      0.054      0.027      0.979
    SCCH7              0.096      0.038      2.497      0.013
    SCCH10             0.024      0.036      0.672      0.502
    SCCH15             0.087      0.040      2.180      0.029
    SCIS4              0.189      0.084      2.241      0.025
    SCIS13             0.608      0.091      6.660      0.000
    SCIS18             0.607      0.106      5.705      0.000
    SCIS25             0.238      0.063      3.795      0.000
    SCMI9              0.099      0.040      2.464      0.014
    SCMI14             0.074      0.034      2.169      0.030
    SCMI17             0.022      0.029      0.751      0.453
    SCMI22            -0.059      0.044     -1.328      0.184
    SCOI2              0.074      0.059      1.248      0.212
    SCOI6              0.153      0.065      2.373      0.018
    SCOI20             0.148      0.049      3.021      0.003
    SCOI24             0.090      0.048      1.874      0.061

 MI       BY
    SCSK5              0.084      0.040      2.094      0.036
    SCSK12             0.093      0.057      1.629      0.103
    SCSK19             0.146      0.038      3.817      0.000
    SCSK23             0.037      0.094      0.392      0.695
    SCSK26             0.097      0.057      1.712      0.087
    SCSJ1              0.185      0.044      4.181      0.000
    SCSJ8              0.036      0.092      0.394      0.693
    SCSJ11             0.124      0.038      3.250      0.001
    SCSJ16             0.067      0.059      1.145      0.252
    SCSJ21             0.132      0.088      1.496      0.135
    SCCH3              0.330      0.065      5.074      0.000
    SCCH7             -0.026      0.050     -0.514      0.607
    SCCH10             0.074      0.049      1.516      0.130
    SCCH15             0.291      0.046      6.328      0.000
    SCIS4              0.066      0.062      1.051      0.293
    SCIS13             0.066      0.043      1.554      0.120
    SCIS18             0.075      0.045      1.657      0.098
    SCIS25             0.058      0.044      1.318      0.188
    SCMI9              0.585      0.070      8.356      0.000
    SCMI14             0.735      0.101      7.315      0.000
    SCMI17             0.405      0.046      8.839      0.000
    SCMI22             0.163      0.060      2.717      0.007
    SCOI2              0.020      0.046      0.428      0.669
    SCOI6              0.099      0.046      2.143      0.032
    SCOI20            -0.283      0.062     -4.541      0.000
    SCOI24            -0.170      0.064     -2.660      0.008

 OI       BY
    SCSK5              0.030      0.058      0.512      0.609
    SCSK12            -0.042      0.073     -0.581      0.561
    SCSK19             0.014      0.050      0.283      0.777
    SCSK23             0.489      0.090      5.438      0.000
    SCSK26             0.323      0.048      6.707      0.000
    SCSJ1             -0.010      0.063     -0.161      0.872
    SCSJ8              0.114      0.085      1.337      0.181
    SCSJ11            -0.040      0.045     -0.882      0.378
    SCSJ16            -0.108      0.050     -2.163      0.031
    SCSJ21             0.156      0.067      2.316      0.021
    SCCH3              0.090      0.071      1.262      0.207
    SCCH7             -0.036      0.043     -0.839      0.402
    SCCH10            -0.032      0.043     -0.764      0.445
    SCCH15             0.185      0.044      4.176      0.000
    SCIS4              0.341      0.079      4.310      0.000
    SCIS13             0.055      0.052      1.056      0.291
    SCIS18            -0.001      0.056     -0.020      0.984
    SCIS25             0.258      0.082      3.139      0.002
    SCMI9             -0.112      0.049     -2.299      0.021
    SCMI14            -0.122      0.058     -2.095      0.036
    SCMI17            -0.006      0.036     -0.174      0.862
    SCMI22             0.184      0.053      3.467      0.001
    SCOI2              0.415      0.139      2.994      0.003
    SCOI6              0.278      0.100      2.786      0.005
    SCOI20             0.372      0.094      3.940      0.000
    SCOI24             0.343      0.105      3.255      0.001

 SK       WITH
    SC                 0.000      0.000    999.000    999.000

 SJ       WITH
    SC                 0.000      0.000    999.000    999.000
    SK                 0.000      0.000    999.000    999.000

 CH       WITH
    SC                 0.000      0.000    999.000    999.000
    SK                 0.000      0.000    999.000    999.000
    SJ                 0.000      0.000    999.000    999.000

 IS       WITH
    SC                 0.000      0.000    999.000    999.000
    SK                 0.000      0.000    999.000    999.000
    SJ                 0.000      0.000    999.000    999.000
    CH                 0.000      0.000    999.000    999.000

 MI       WITH
    SC                 0.000      0.000    999.000    999.000
    SK                 0.000      0.000    999.000    999.000
    SJ                 0.000      0.000    999.000    999.000
    CH                 0.000      0.000    999.000    999.000
    IS                 0.000      0.000    999.000    999.000

 OI       WITH
    SC                 0.000      0.000    999.000    999.000
    SK                 0.000      0.000    999.000    999.000
    SJ                 0.000      0.000    999.000    999.000
    CH                 0.000      0.000    999.000    999.000
    IS                 0.000      0.000    999.000    999.000
    MI                 0.000      0.000    999.000    999.000

 Means
    SC                 0.000      0.000    999.000    999.000
    SK                 0.000      0.000    999.000    999.000
    SJ                 0.000      0.000    999.000    999.000
    CH                 0.000      0.000    999.000    999.000
    IS                 0.000      0.000    999.000    999.000
    MI                 0.000      0.000    999.000    999.000
    OI                 0.000      0.000    999.000    999.000

 Intercepts
    SCSJ1              3.717      0.037    101.402      0.000
    SCOI2              2.770      0.055     50.174      0.000
    SCCH3              3.341      0.035     94.658      0.000
    SCIS4              2.586      0.053     48.514      0.000
    SCSK5              2.845      0.039     73.731      0.000
    SCOI6              2.968      0.052     56.987      0.000
    SCCH7              2.637      0.041     63.902      0.000
    SCSJ8              2.977      0.043     69.061      0.000
    SCMI9              3.468      0.033    104.791      0.000
    SCCH10             2.635      0.038     69.985      0.000
    SCSJ11             2.841      0.042     67.035      0.000
    SCSK12             2.668      0.038     70.650      0.000
    SCIS13             2.860      0.050     57.735      0.000
    SCMI14             3.454      0.037     93.949      0.000
    SCCH15             3.145      0.037     85.113      0.000
    SCSJ16             2.971      0.042     70.195      0.000
    SCMI17             3.268      0.034     95.930      0.000
    SCIS18             3.051      0.046     65.769      0.000
    SCSK19             2.758      0.037     73.639      0.000
    SCOI20             2.614      0.046     56.865      0.000
    SCSJ21             2.885      0.038     75.048      0.000
    SCMI22             2.884      0.037     76.922      0.000
    SCSK23             2.744      0.039     70.938      0.000
    SCOI24             2.226      0.046     48.428      0.000
    SCIS25             2.817      0.050     56.348      0.000
    SCSK26             2.765      0.034     80.248      0.000

 Variances
    SC                 1.000      0.000    999.000    999.000
    SK                 1.000      0.000    999.000    999.000
    SJ                 1.000      0.000    999.000    999.000
    CH                 1.000      0.000    999.000    999.000
    IS                 1.000      0.000    999.000    999.000
    MI                 1.000      0.000    999.000    999.000
    OI                 1.000      0.000    999.000    999.000

 Residual Variances
    SCSJ1              0.706      0.081      8.712      0.000
    SCOI2              0.661      0.099      6.697      0.000
    SCCH3              0.839      0.084     10.050      0.000
    SCIS4              0.768      0.070     10.983      0.000
    SCSK5              0.575      0.071      8.124      0.000
    SCOI6              0.663      0.073      9.063      0.000
    SCCH7              0.493      0.081      6.077      0.000
    SCSJ8              0.532      0.104      5.104      0.000
    SCMI9              0.589      0.073      8.073      0.000
    SCCH10             0.389      0.087      4.471      0.000
    SCSJ11             0.632      0.083      7.588      0.000
    SCSK12             0.418      0.062      6.696      0.000
    SCIS13             0.645      0.096      6.696      0.000
    SCMI14             0.475      0.113      4.191      0.000
    SCCH15             0.713      0.077      9.209      0.000
    SCSJ16             0.597      0.080      7.425      0.000
    SCMI17             0.595      0.057     10.355      0.000
    SCIS18             0.444      0.123      3.597      0.000
    SCSK19             0.300      0.052      5.746      0.000
    SCOI20             0.846      0.090      9.438      0.000
    SCSJ21             0.891      0.086     10.330      0.000
    SCMI22             0.739      0.072     10.286      0.000
    SCSK23             0.467      0.112      4.175      0.000
    SCOI24             1.066      0.097     10.974      0.000
    SCIS25             0.674      0.070      9.599      0.000
    SCSK26             0.408      0.055      7.370      0.000

Group CS

 SC       BY
    SCSK5             -0.347      0.084     -4.102      0.000
    SCSK12            -0.433      0.085     -5.105      0.000
    SCSK19            -0.527      0.080     -6.555      0.000
    SCSK23            -0.824      0.094     -8.752      0.000
    SCSK26            -0.639      0.071     -8.941      0.000
    SCSJ1              0.666      0.050     13.360      0.000
    SCSJ8              0.964      0.071     13.605      0.000
    SCSJ11             0.950      0.052     18.154      0.000
    SCSJ16             1.020      0.066     15.363      0.000
    SCSJ21             0.640      0.060     10.640      0.000
    SCCH3             -0.143      0.075     -1.897      0.058
    SCCH7             -0.158      0.084     -1.873      0.061
    SCCH10            -0.286      0.078     -3.655      0.000
    SCCH15            -0.585      0.069     -8.536      0.000
    SCIS4              1.018      0.063     16.269      0.000
    SCIS13             0.861      0.072     12.003      0.000
    SCIS18             0.900      0.072     12.561      0.000
    SCIS25             1.036      0.057     18.062      0.000
    SCMI9             -0.238      0.066     -3.580      0.000
    SCMI14            -0.472      0.078     -6.090      0.000
    SCMI17            -0.578      0.056    -10.297      0.000
    SCMI22            -0.484      0.070     -6.870      0.000
    SCOI2              1.102      0.072     15.346      0.000
    SCOI6              1.053      0.061     17.259      0.000
    SCOI20             0.735      0.078      9.475      0.000
    SCOI24             0.732      0.060     12.291      0.000

 SK       BY
    SCSK5              0.836      0.059     14.126      0.000
    SCSK12             0.890      0.055     16.165      0.000
    SCSK19             0.873      0.055     15.843      0.000
    SCSK23             0.286      0.107      2.657      0.008
    SCSK26             0.439      0.079      5.556      0.000
    SCSJ1             -0.019      0.047     -0.415      0.678
    SCSJ8             -0.189      0.045     -4.216      0.000
    SCSJ11            -0.050      0.046     -1.083      0.279
    SCSJ16            -0.077      0.067     -1.146      0.252
    SCSJ21            -0.204      0.050     -4.085      0.000
    SCCH3              0.184      0.057      3.242      0.001
    SCCH7              0.308      0.053      5.844      0.000
    SCCH10             0.239      0.051      4.714      0.000
    SCCH15             0.281      0.063      4.470      0.000
    SCIS4              0.092      0.053      1.739      0.082
    SCIS13             0.159      0.047      3.377      0.001
    SCIS18             0.148      0.046      3.230      0.001
    SCIS25             0.134      0.044      3.067      0.002
    SCMI9              0.137      0.047      2.891      0.004
    SCMI14             0.147      0.048      3.087      0.002
    SCMI17             0.185      0.046      3.997      0.000
    SCMI22             0.437      0.065      6.717      0.000
    SCOI2              0.130      0.043      2.987      0.003
    SCOI6              0.146      0.046      3.145      0.002
    SCOI20             0.309      0.051      6.045      0.000
    SCOI24             0.210      0.045      4.636      0.000

 SJ       BY
    SCSK5             -0.077      0.041     -1.868      0.062
    SCSK12            -0.059      0.085     -0.691      0.490
    SCSK19            -0.087      0.054     -1.615      0.106
    SCSK23             0.023      0.170      0.136      0.892
    SCSK26            -0.033      0.091     -0.359      0.720
    SCSJ1              0.234      0.058      3.996      0.000
    SCSJ8              0.478      0.186      2.576      0.010
    SCSJ11             0.292      0.057      5.168      0.000
    SCSJ16             0.381      0.094      4.054      0.000
    SCSJ21             0.300      0.143      2.092      0.036
    SCCH3             -0.010      0.075     -0.128      0.898
    SCCH7              0.034      0.047      0.718      0.473
    SCCH10             0.100      0.053      1.882      0.060
    SCCH15             0.062      0.048      1.288      0.198
    SCIS4             -0.006      0.087     -0.071      0.943
    SCIS13            -0.065      0.043     -1.501      0.133
    SCIS18             0.043      0.054      0.803      0.422
    SCIS25             0.051      0.050      1.028      0.304
    SCMI9              0.107      0.050      2.135      0.033
    SCMI14             0.042      0.067      0.628      0.530
    SCMI17             0.112      0.030      3.784      0.000
    SCMI22             0.138      0.046      3.014      0.003
    SCOI2              0.026      0.052      0.498      0.618
    SCOI6              0.037      0.054      0.682      0.496
    SCOI20             0.080      0.045      1.766      0.077
    SCOI24            -0.013      0.049     -0.264      0.792

 CH       BY
    SCSK5              0.286      0.043      6.700      0.000
    SCSK12             0.248      0.048      5.170      0.000
    SCSK19             0.139      0.039      3.556      0.000
    SCSK23             0.091      0.074      1.232      0.218
    SCSK26             0.210      0.050      4.232      0.000
    SCSJ1              0.097      0.042      2.307      0.021
    SCSJ8              0.081      0.077      1.051      0.293
    SCSJ11             0.168      0.041      4.110      0.000
    SCSJ16             0.040      0.045      0.879      0.379
    SCSJ21             0.054      0.061      0.885      0.376
    SCCH3              0.451      0.056      8.088      0.000
    SCCH7              0.920      0.060     15.404      0.000
    SCCH10             0.884      0.073     12.068      0.000
    SCCH15             0.433      0.056      7.677      0.000
    SCIS4              0.073      0.044      1.666      0.096
    SCIS13             0.088      0.044      1.997      0.046
    SCIS18             0.125      0.043      2.878      0.004
    SCIS25             0.017      0.043      0.404      0.686
    SCMI9              0.179      0.043      4.110      0.000
    SCMI14             0.118      0.055      2.151      0.031
    SCMI17             0.198      0.039      5.107      0.000
    SCMI22             0.274      0.052      5.293      0.000
    SCOI2              0.074      0.054      1.376      0.169
    SCOI6              0.074      0.042      1.749      0.080
    SCOI20            -0.018      0.048     -0.376      0.707
    SCOI24             0.041      0.054      0.751      0.452

 IS       BY
    SCSK5              0.079      0.036      2.172      0.030
    SCSK12            -0.027      0.046     -0.599      0.549
    SCSK19             0.087      0.032      2.722      0.006
    SCSK23             0.151      0.099      1.526      0.127
    SCSK26             0.169      0.064      2.653      0.008
    SCSJ1             -0.094      0.046     -2.052      0.040
    SCSJ8             -0.020      0.055     -0.369      0.712
    SCSJ11            -0.013      0.034     -0.370      0.711
    SCSJ16             0.079      0.067      1.180      0.238
    SCSJ21             0.010      0.062      0.164      0.870
    SCCH3              0.001      0.054      0.027      0.979
    SCCH7              0.096      0.038      2.497      0.013
    SCCH10             0.024      0.036      0.672      0.502
    SCCH15             0.087      0.040      2.180      0.029
    SCIS4              0.189      0.084      2.241      0.025
    SCIS13             0.608      0.091      6.660      0.000
    SCIS18             0.607      0.106      5.705      0.000
    SCIS25             0.238      0.063      3.795      0.000
    SCMI9              0.099      0.040      2.464      0.014
    SCMI14             0.074      0.034      2.169      0.030
    SCMI17             0.022      0.029      0.751      0.453
    SCMI22            -0.059      0.044     -1.328      0.184
    SCOI2              0.074      0.059      1.248      0.212
    SCOI6              0.153      0.065      2.373      0.018
    SCOI20             0.148      0.049      3.021      0.003
    SCOI24             0.090      0.048      1.874      0.061

 MI       BY
    SCSK5              0.084      0.040      2.094      0.036
    SCSK12             0.093      0.057      1.629      0.103
    SCSK19             0.146      0.038      3.817      0.000
    SCSK23             0.037      0.094      0.392      0.695
    SCSK26             0.097      0.057      1.712      0.087
    SCSJ1              0.185      0.044      4.181      0.000
    SCSJ8              0.036      0.092      0.394      0.693
    SCSJ11             0.124      0.038      3.250      0.001
    SCSJ16             0.067      0.059      1.145      0.252
    SCSJ21             0.132      0.088      1.496      0.135
    SCCH3              0.330      0.065      5.074      0.000
    SCCH7             -0.026      0.050     -0.514      0.607
    SCCH10             0.074      0.049      1.516      0.130
    SCCH15             0.291      0.046      6.328      0.000
    SCIS4              0.066      0.062      1.051      0.293
    SCIS13             0.066      0.043      1.554      0.120
    SCIS18             0.075      0.045      1.657      0.098
    SCIS25             0.058      0.044      1.318      0.188
    SCMI9              0.585      0.070      8.356      0.000
    SCMI14             0.735      0.101      7.315      0.000
    SCMI17             0.405      0.046      8.839      0.000
    SCMI22             0.163      0.060      2.717      0.007
    SCOI2              0.020      0.046      0.428      0.669
    SCOI6              0.099      0.046      2.143      0.032
    SCOI20            -0.283      0.062     -4.541      0.000
    SCOI24            -0.170      0.064     -2.660      0.008

 OI       BY
    SCSK5              0.030      0.058      0.512      0.609
    SCSK12            -0.042      0.073     -0.581      0.561
    SCSK19             0.014      0.050      0.283      0.777
    SCSK23             0.489      0.090      5.438      0.000
    SCSK26             0.323      0.048      6.707      0.000
    SCSJ1             -0.010      0.063     -0.161      0.872
    SCSJ8              0.114      0.085      1.337      0.181
    SCSJ11            -0.040      0.045     -0.882      0.378
    SCSJ16            -0.108      0.050     -2.163      0.031
    SCSJ21             0.156      0.067      2.316      0.021
    SCCH3              0.090      0.071      1.262      0.207
    SCCH7             -0.036      0.043     -0.839      0.402
    SCCH10            -0.032      0.043     -0.764      0.445
    SCCH15             0.185      0.044      4.176      0.000
    SCIS4              0.341      0.079      4.310      0.000
    SCIS13             0.055      0.052      1.056      0.291
    SCIS18            -0.001      0.056     -0.020      0.984
    SCIS25             0.258      0.082      3.139      0.002
    SCMI9             -0.112      0.049     -2.299      0.021
    SCMI14            -0.122      0.058     -2.095      0.036
    SCMI17            -0.006      0.036     -0.174      0.862
    SCMI22             0.184      0.053      3.467      0.001
    SCOI2              0.415      0.139      2.994      0.003
    SCOI6              0.278      0.100      2.786      0.005
    SCOI20             0.372      0.094      3.940      0.000
    SCOI24             0.343      0.105      3.255      0.001

 SK       WITH
    SC                -0.068      0.087     -0.785      0.432

 SJ       WITH
    SC                -0.286      0.508     -0.563      0.573
    SK                 0.542      0.248      2.185      0.029

 CH       WITH
    SC                 0.200      0.148      1.350      0.177
    SK                -0.063      0.117     -0.541      0.589
    SJ                 0.013      0.391      0.032      0.974

 IS       WITH
    SC                 0.025      0.219      0.115      0.909
    SK                -0.072      0.150     -0.482      0.630
    SJ                 0.178      0.436      0.407      0.684
    CH                 0.076      0.183      0.417      0.677

 MI       WITH
    SC                 0.044      0.180      0.244      0.807
    SK                -0.029      0.114     -0.250      0.802
    SJ                 0.175      0.275      0.638      0.523
    CH                -0.048      0.160     -0.297      0.767
    IS                -0.272      0.180     -1.512      0.130

 OI       WITH
    SC                 0.080      0.127      0.632      0.527
    SK                -0.042      0.181     -0.233      0.816
    SJ                 0.021      0.440      0.047      0.962
    CH                 0.153      0.154      0.997      0.319
    IS                 0.165      0.285      0.580      0.562
    MI                 0.124      0.147      0.845      0.398

 Means
    SC                 0.000      0.000    999.000    999.000
    SK                 0.000      0.000    999.000    999.000
    SJ                 0.000      0.000    999.000    999.000
    CH                 0.000      0.000    999.000    999.000
    IS                 0.000      0.000    999.000    999.000
    MI                 0.000      0.000    999.000    999.000
    OI                 0.000      0.000    999.000    999.000

 Intercepts
    SCSJ1              3.717      0.037    101.402      0.000
    SCOI2              2.770      0.055     50.174      0.000
    SCCH3              3.341      0.035     94.658      0.000
    SCIS4              2.586      0.053     48.514      0.000
    SCSK5              2.845      0.039     73.731      0.000
    SCOI6              2.968      0.052     56.987      0.000
    SCCH7              2.637      0.041     63.902      0.000
    SCSJ8              2.977      0.043     69.061      0.000
    SCMI9              3.468      0.033    104.791      0.000
    SCCH10             2.635      0.038     69.985      0.000
    SCSJ11             2.841      0.042     67.035      0.000
    SCSK12             2.668      0.038     70.650      0.000
    SCIS13             2.860      0.050     57.735      0.000
    SCMI14             3.454      0.037     93.949      0.000
    SCCH15             3.145      0.037     85.113      0.000
    SCSJ16             2.971      0.042     70.195      0.000
    SCMI17             3.268      0.034     95.930      0.000
    SCIS18             3.051      0.046     65.769      0.000
    SCSK19             2.758      0.037     73.639      0.000
    SCOI20             2.614      0.046     56.865      0.000
    SCSJ21             2.885      0.038     75.048      0.000
    SCMI22             2.884      0.037     76.922      0.000
    SCSK23             2.744      0.039     70.938      0.000
    SCOI24             2.226      0.046     48.428      0.000
    SCIS25             2.817      0.050     56.348      0.000
    SCSK26             2.765      0.034     80.248      0.000

 Variances
    SC                 0.806      0.166      4.863      0.000
    SK                 0.912      0.150      6.084      0.000
    SJ                 2.309      1.358      1.700      0.089
    CH                 0.949      0.184      5.170      0.000
    IS                 1.599      0.367      4.360      0.000
    MI                 1.000      0.194      5.152      0.000
    OI                 0.899      0.224      4.024      0.000

 Residual Variances
    SCSJ1              0.697      0.042     16.759      0.000
    SCOI2              0.524      0.067      7.807      0.000
    SCCH3              0.820      0.073     11.182      0.000
    SCIS4              0.571      0.064      8.883      0.000
    SCSK5              0.663      0.057     11.684      0.000
    SCOI6              0.595      0.051     11.567      0.000
    SCCH7              0.676      0.077      8.770      0.000
    SCSJ8              0.564      0.129      4.372      0.000
    SCMI9              0.622      0.050     12.478      0.000
    SCCH10             0.562      0.068      8.264      0.000
    SCSJ11             0.678      0.045     14.990      0.000
    SCSK12             0.409      0.046      8.920      0.000
    SCIS13             0.521      0.098      5.329      0.000
    SCMI14             0.343      0.078      4.375      0.000
    SCCH15             0.644      0.045     14.371      0.000
    SCSJ16             0.645      0.091      7.101      0.000
    SCMI17             0.442      0.037     12.016      0.000
    SCIS18             0.377      0.112      3.353      0.001
    SCSK19             0.404      0.043      9.410      0.000
    SCOI20             0.723      0.057     12.688      0.000
    SCSJ21             0.811      0.054     15.054      0.000
    SCMI22             0.655      0.051     12.951      0.000
    SCSK23             0.361      0.083      4.373      0.000
    SCOI24             0.705      0.053     13.358      0.000
    SCIS25             0.769      0.056     13.827      0.000
    SCSK26             0.489      0.047     10.490      0.000


QUALITY OF NUMERICAL RESULTS

     Condition Number for the Information Matrix              0.573E-05
       (ratio of smallest to largest eigenvalue)


     Beginning Time:  13:59:40
        Ending Time:  13:59:42
       Elapsed Time:  00:00:02



MUTHEN & MUTHEN
3463 Stoner Ave.
Los Angeles, CA  90066

Tel: (310) 391-9971
Fax: (310) 391-8971
Web: www.StatModel.com
Support: Support@StatModel.com

Copyright (c) 1998-2021 Muthen & Muthen
