Mplus VERSION 8.6 (Mac)
MUTHEN & MUTHEN
10/11/2022   2:07 PM

INPUT INSTRUCTIONS

  TITLE: Model 4b Bifactor-ESEM (1 G- and 6 S-factors) with group loading-matrix invariance.
  DATA:
  FILE = "semdatagr.dat";

  VARIABLE:
  NAMES =
    scsj1 scoi2 scch3 scis4 scsk5 scoi6 scch7 scsj8 scmi9 scch10 scsj11 scsk12
    scis13 scmi14 scch15 scsj16 scmi17 scis18 scsk19 scoi20 scsj21 scmi22 scsk23
    scoi24 scis25 scsk26
    ptgi_al ptgi_np ptgi_ps ptgi_sp ptgi_ro
    iesr_a iesr_i iesr_h
    cope_pa cope_po
    mspss_fa mspss_fr mspss_so
    neuro_na neuro_sr
    extra_pa extra_so extra_ac
    group
    ;

  Grouping = group (1=RW 2=CS);

  MISSING = .;

  USEVARIABLES ARE
    scsj1 scoi2 scch3 scis4 scsk5 scoi6 scch7 scsj8 scmi9 scch10 scsj11 scsk12
    scis13 scmi14 scch15 scsj16 scmi17 scis18 scsk19 scoi20 scsj21 scmi22 scsk23
    scoi24 scis25 scsk26 group;

  ! Specifying that we're treating the variables as categorical.
  ! CATEGORICAL ARE all;

  ANALYSIS:
    ESTIMATOR = MLR;
    PROCESSORS = 6;
    ROTATION = TARGET (ORTHOGONAL);

  MODEL:

  sc BY
    scsk5 scsk12 scsk19 scsk23 scsk26 scsj1 scsj8 scsj11 scsj16
    scsj21 scch3 scch7 scch10 scch15 scis4 scis13 scis18 scis25
    scmi9 scmi14 scmi17 scmi22 scoi2 scoi6 scoi20 scoi24 (*1); [scch3-scoi24];

  sk BY
    scsk5 scsk12 scsk19 scsk23 scsk26 scsj1~0 scsj8~0 scsj11~0 scsj16~0
    scsj21~0 scch3~0 scch7~0 scch10~0 scch15~0 scis4~0 scis13~0 scis18~0
    scis25~0 scmi9~0 scmi14~0 scmi17~0 scmi22~0 scoi2~0 scoi6~0 scoi20~0
    scoi24~0 (*1);

  sj BY
    scsk5~0 scsk12~0 scsk19~0 scsk23~0 scsk26~0 scsj1 scsj8 scsj11
    scsj16 scsj21 scch3~0 scch7~0 scch10~0 scch15~0 scis4~0 scis13~0
    scis18~0 scis25~0 scmi9~0 scmi14~0 scmi17~0 scmi22~0 scoi2~0 scoi6~0
    scoi20~0 scoi24~0 (*1);

  ch BY
    scsk5~0 scsk12~0 scsk19~0 scsk23~0 scsk26~0 scsj1~0 scsj8~0 scsj11~0
    scsj16~0 scsj21~0 scch3 scch7 scch10 scch15 scis4~0 scis13~0 scis18~0
    scis25~0 scmi9~0 scmi14~0 scmi17~0 scmi22~0 scoi2~0 scoi6~0 scoi20~0
    scoi24~0 (*1);

  is BY
    scsk5~0 scsk12~0 scsk19~0 scsk23~0 scsk26~0 scsj1~0 scsj8~0
    scsj11~0 scsj16~0 scsj21~0 scch3~0 scch7~0 scch10~0 scch15~0
    scis4 scis13 scis18 scis25 scmi9~0 scmi14~0 scmi17~0 scmi22~0
    scoi2~0 scoi6~0 scoi20~0 scoi24~0 (*1);

  mi BY
    scsk5~0 scsk12~0 scsk19~0 scsk23~0 scsk26~0 scsj1~0 scsj8~0
    scsj11~0 scsj16~0 scsj21~0 scch3~0 scch7~0 scch10~0 scch15~0 scis4~0
    scis13~0 scis18~0 scis25~0 scmi9 scmi14 scmi17 scmi22 scoi2~0 scoi6~0
    scoi20~0 scoi24~0 (*1);

  oi BY
    scsk5~0 scsk12~0 scsk19~0 scsk23~0 scsk26~0 scsj1~0 scsj8~0 scsj11~0
    scsj16~0 scsj21~0 scch3~0 scch7~0 scch10~0 scch15~0 scis4~0 scis13~0
    scis18~0 scis25~0 scmi9~0 scmi14~0 scmi17~0 scmi22~0 scoi2 scoi6
    scoi20 scoi24 (*1);

  [sc-sk@0];
  [sc-sj@0];
  [sc-ch@0];
  [sc-is@0];
  [sc-mi@0];
  [sc-oi@0];



  MODEL CS:

  [scch3-scoi24]


  OUTPUT:
  ! stdyx;




INPUT READING TERMINATED NORMALLY



Model 4b Bifactor-ESEM (1 G- and 6 S-factors) with group loading-matrix invariance.

SUMMARY OF ANALYSIS

Number of groups                                                 2
Number of observations
   Group RW                                                    322
   Group CS                                                    746
   Total sample size                                          1068

Number of dependent variables                                   26
Number of independent variables                                  0
Number of continuous latent variables                            7

Observed dependent variables

  Continuous
   SCSJ1       SCOI2       SCCH3       SCIS4       SCSK5       SCOI6
   SCCH7       SCSJ8       SCMI9       SCCH10      SCSJ11      SCSK12
   SCIS13      SCMI14      SCCH15      SCSJ16      SCMI17      SCIS18
   SCSK19      SCOI20      SCSJ21      SCMI22      SCSK23      SCOI24
   SCIS25      SCSK26

Continuous latent variables

  EFA factors
  *1:   SC          SK          SJ          CH          IS          MI
   OI

Variables with special functions

  Grouping variable     GROUP

Estimator                                                      MLR
Rotation                                                    TARGET
Row standardization                                     COVARIANCE
Type of rotation                                        ORTHOGONAL
Information matrix                                        OBSERVED
Maximum number of iterations                                  1000
Convergence criterion                                    0.500D-04
Maximum number of steepest descent iterations                   20
Maximum number of iterations for H1                           2000
Convergence criterion for H1                             0.100D-03
Optimization Specifications for the Exploratory Factor Analysis
Rotation Algorithm
  Number of random starts                                       30
  Maximum number of iterations                             1000000
  Derivative convergence criterion                       0.100D-04

Input data file(s)
  semdatagr.dat

Input data format  FREE


SUMMARY OF DATA

   Group RW
     Number of missing data patterns             1

   Group CS
     Number of missing data patterns             1


COVARIANCE COVERAGE OF DATA

Minimum covariance coverage value   0.100


     PROPORTION OF DATA PRESENT FOR RW


           Covariance Coverage
              SCSJ1         SCOI2         SCCH3         SCIS4         SCSK5
              ________      ________      ________      ________      ________
 SCSJ1          1.000
 SCOI2          1.000         1.000
 SCCH3          1.000         1.000         1.000
 SCIS4          1.000         1.000         1.000         1.000
 SCSK5          1.000         1.000         1.000         1.000         1.000
 SCOI6          1.000         1.000         1.000         1.000         1.000
 SCCH7          1.000         1.000         1.000         1.000         1.000
 SCSJ8          1.000         1.000         1.000         1.000         1.000
 SCMI9          1.000         1.000         1.000         1.000         1.000
 SCCH10         1.000         1.000         1.000         1.000         1.000
 SCSJ11         1.000         1.000         1.000         1.000         1.000
 SCSK12         1.000         1.000         1.000         1.000         1.000
 SCIS13         1.000         1.000         1.000         1.000         1.000
 SCMI14         1.000         1.000         1.000         1.000         1.000
 SCCH15         1.000         1.000         1.000         1.000         1.000
 SCSJ16         1.000         1.000         1.000         1.000         1.000
 SCMI17         1.000         1.000         1.000         1.000         1.000
 SCIS18         1.000         1.000         1.000         1.000         1.000
 SCSK19         1.000         1.000         1.000         1.000         1.000
 SCOI20         1.000         1.000         1.000         1.000         1.000
 SCSJ21         1.000         1.000         1.000         1.000         1.000
 SCMI22         1.000         1.000         1.000         1.000         1.000
 SCSK23         1.000         1.000         1.000         1.000         1.000
 SCOI24         1.000         1.000         1.000         1.000         1.000
 SCIS25         1.000         1.000         1.000         1.000         1.000
 SCSK26         1.000         1.000         1.000         1.000         1.000


           Covariance Coverage
              SCOI6         SCCH7         SCSJ8         SCMI9         SCCH10
              ________      ________      ________      ________      ________
 SCOI6          1.000
 SCCH7          1.000         1.000
 SCSJ8          1.000         1.000         1.000
 SCMI9          1.000         1.000         1.000         1.000
 SCCH10         1.000         1.000         1.000         1.000         1.000
 SCSJ11         1.000         1.000         1.000         1.000         1.000
 SCSK12         1.000         1.000         1.000         1.000         1.000
 SCIS13         1.000         1.000         1.000         1.000         1.000
 SCMI14         1.000         1.000         1.000         1.000         1.000
 SCCH15         1.000         1.000         1.000         1.000         1.000
 SCSJ16         1.000         1.000         1.000         1.000         1.000
 SCMI17         1.000         1.000         1.000         1.000         1.000
 SCIS18         1.000         1.000         1.000         1.000         1.000
 SCSK19         1.000         1.000         1.000         1.000         1.000
 SCOI20         1.000         1.000         1.000         1.000         1.000
 SCSJ21         1.000         1.000         1.000         1.000         1.000
 SCMI22         1.000         1.000         1.000         1.000         1.000
 SCSK23         1.000         1.000         1.000         1.000         1.000
 SCOI24         1.000         1.000         1.000         1.000         1.000
 SCIS25         1.000         1.000         1.000         1.000         1.000
 SCSK26         1.000         1.000         1.000         1.000         1.000


           Covariance Coverage
              SCSJ11        SCSK12        SCIS13        SCMI14        SCCH15
              ________      ________      ________      ________      ________
 SCSJ11         1.000
 SCSK12         1.000         1.000
 SCIS13         1.000         1.000         1.000
 SCMI14         1.000         1.000         1.000         1.000
 SCCH15         1.000         1.000         1.000         1.000         1.000
 SCSJ16         1.000         1.000         1.000         1.000         1.000
 SCMI17         1.000         1.000         1.000         1.000         1.000
 SCIS18         1.000         1.000         1.000         1.000         1.000
 SCSK19         1.000         1.000         1.000         1.000         1.000
 SCOI20         1.000         1.000         1.000         1.000         1.000
 SCSJ21         1.000         1.000         1.000         1.000         1.000
 SCMI22         1.000         1.000         1.000         1.000         1.000
 SCSK23         1.000         1.000         1.000         1.000         1.000
 SCOI24         1.000         1.000         1.000         1.000         1.000
 SCIS25         1.000         1.000         1.000         1.000         1.000
 SCSK26         1.000         1.000         1.000         1.000         1.000


           Covariance Coverage
              SCSJ16        SCMI17        SCIS18        SCSK19        SCOI20
              ________      ________      ________      ________      ________
 SCSJ16         1.000
 SCMI17         1.000         1.000
 SCIS18         1.000         1.000         1.000
 SCSK19         1.000         1.000         1.000         1.000
 SCOI20         1.000         1.000         1.000         1.000         1.000
 SCSJ21         1.000         1.000         1.000         1.000         1.000
 SCMI22         1.000         1.000         1.000         1.000         1.000
 SCSK23         1.000         1.000         1.000         1.000         1.000
 SCOI24         1.000         1.000         1.000         1.000         1.000
 SCIS25         1.000         1.000         1.000         1.000         1.000
 SCSK26         1.000         1.000         1.000         1.000         1.000


           Covariance Coverage
              SCSJ21        SCMI22        SCSK23        SCOI24        SCIS25
              ________      ________      ________      ________      ________
 SCSJ21         1.000
 SCMI22         1.000         1.000
 SCSK23         1.000         1.000         1.000
 SCOI24         1.000         1.000         1.000         1.000
 SCIS25         1.000         1.000         1.000         1.000         1.000
 SCSK26         1.000         1.000         1.000         1.000         1.000


           Covariance Coverage
              SCSK26
              ________
 SCSK26         1.000


     PROPORTION OF DATA PRESENT FOR CS


           Covariance Coverage
              SCSJ1         SCOI2         SCCH3         SCIS4         SCSK5
              ________      ________      ________      ________      ________
 SCSJ1          1.000
 SCOI2          1.000         1.000
 SCCH3          1.000         1.000         1.000
 SCIS4          1.000         1.000         1.000         1.000
 SCSK5          1.000         1.000         1.000         1.000         1.000
 SCOI6          1.000         1.000         1.000         1.000         1.000
 SCCH7          1.000         1.000         1.000         1.000         1.000
 SCSJ8          1.000         1.000         1.000         1.000         1.000
 SCMI9          1.000         1.000         1.000         1.000         1.000
 SCCH10         1.000         1.000         1.000         1.000         1.000
 SCSJ11         1.000         1.000         1.000         1.000         1.000
 SCSK12         1.000         1.000         1.000         1.000         1.000
 SCIS13         1.000         1.000         1.000         1.000         1.000
 SCMI14         1.000         1.000         1.000         1.000         1.000
 SCCH15         1.000         1.000         1.000         1.000         1.000
 SCSJ16         1.000         1.000         1.000         1.000         1.000
 SCMI17         1.000         1.000         1.000         1.000         1.000
 SCIS18         1.000         1.000         1.000         1.000         1.000
 SCSK19         1.000         1.000         1.000         1.000         1.000
 SCOI20         1.000         1.000         1.000         1.000         1.000
 SCSJ21         1.000         1.000         1.000         1.000         1.000
 SCMI22         1.000         1.000         1.000         1.000         1.000
 SCSK23         1.000         1.000         1.000         1.000         1.000
 SCOI24         1.000         1.000         1.000         1.000         1.000
 SCIS25         1.000         1.000         1.000         1.000         1.000
 SCSK26         1.000         1.000         1.000         1.000         1.000


           Covariance Coverage
              SCOI6         SCCH7         SCSJ8         SCMI9         SCCH10
              ________      ________      ________      ________      ________
 SCOI6          1.000
 SCCH7          1.000         1.000
 SCSJ8          1.000         1.000         1.000
 SCMI9          1.000         1.000         1.000         1.000
 SCCH10         1.000         1.000         1.000         1.000         1.000
 SCSJ11         1.000         1.000         1.000         1.000         1.000
 SCSK12         1.000         1.000         1.000         1.000         1.000
 SCIS13         1.000         1.000         1.000         1.000         1.000
 SCMI14         1.000         1.000         1.000         1.000         1.000
 SCCH15         1.000         1.000         1.000         1.000         1.000
 SCSJ16         1.000         1.000         1.000         1.000         1.000
 SCMI17         1.000         1.000         1.000         1.000         1.000
 SCIS18         1.000         1.000         1.000         1.000         1.000
 SCSK19         1.000         1.000         1.000         1.000         1.000
 SCOI20         1.000         1.000         1.000         1.000         1.000
 SCSJ21         1.000         1.000         1.000         1.000         1.000
 SCMI22         1.000         1.000         1.000         1.000         1.000
 SCSK23         1.000         1.000         1.000         1.000         1.000
 SCOI24         1.000         1.000         1.000         1.000         1.000
 SCIS25         1.000         1.000         1.000         1.000         1.000
 SCSK26         1.000         1.000         1.000         1.000         1.000


           Covariance Coverage
              SCSJ11        SCSK12        SCIS13        SCMI14        SCCH15
              ________      ________      ________      ________      ________
 SCSJ11         1.000
 SCSK12         1.000         1.000
 SCIS13         1.000         1.000         1.000
 SCMI14         1.000         1.000         1.000         1.000
 SCCH15         1.000         1.000         1.000         1.000         1.000
 SCSJ16         1.000         1.000         1.000         1.000         1.000
 SCMI17         1.000         1.000         1.000         1.000         1.000
 SCIS18         1.000         1.000         1.000         1.000         1.000
 SCSK19         1.000         1.000         1.000         1.000         1.000
 SCOI20         1.000         1.000         1.000         1.000         1.000
 SCSJ21         1.000         1.000         1.000         1.000         1.000
 SCMI22         1.000         1.000         1.000         1.000         1.000
 SCSK23         1.000         1.000         1.000         1.000         1.000
 SCOI24         1.000         1.000         1.000         1.000         1.000
 SCIS25         1.000         1.000         1.000         1.000         1.000
 SCSK26         1.000         1.000         1.000         1.000         1.000


           Covariance Coverage
              SCSJ16        SCMI17        SCIS18        SCSK19        SCOI20
              ________      ________      ________      ________      ________
 SCSJ16         1.000
 SCMI17         1.000         1.000
 SCIS18         1.000         1.000         1.000
 SCSK19         1.000         1.000         1.000         1.000
 SCOI20         1.000         1.000         1.000         1.000         1.000
 SCSJ21         1.000         1.000         1.000         1.000         1.000
 SCMI22         1.000         1.000         1.000         1.000         1.000
 SCSK23         1.000         1.000         1.000         1.000         1.000
 SCOI24         1.000         1.000         1.000         1.000         1.000
 SCIS25         1.000         1.000         1.000         1.000         1.000
 SCSK26         1.000         1.000         1.000         1.000         1.000


           Covariance Coverage
              SCSJ21        SCMI22        SCSK23        SCOI24        SCIS25
              ________      ________      ________      ________      ________
 SCSJ21         1.000
 SCMI22         1.000         1.000
 SCSK23         1.000         1.000         1.000
 SCOI24         1.000         1.000         1.000         1.000
 SCIS25         1.000         1.000         1.000         1.000         1.000
 SCSK26         1.000         1.000         1.000         1.000         1.000


           Covariance Coverage
              SCSK26
              ________
 SCSK26         1.000



UNIVARIATE SAMPLE STATISTICS


     UNIVARIATE HIGHER-ORDER MOMENT DESCRIPTIVE STATISTICS FOR RW

         Variable/         Mean/     Skewness/   Minimum/ % with                Percentiles
        Sample Size      Variance    Kurtosis    Maximum  Min/Max      20%/60%    40%/80%    Median

     SCSJ1                 3.758      -0.764       1.000    6.52%       3.000      4.000      4.000
             322.000       1.389      -0.214       5.000   32.92%       4.000      5.000
     SCOI2                 3.379      -0.378       1.000   11.18%       2.000      3.000      4.000
             322.000       1.732      -1.028       5.000   24.22%       4.000      5.000
     SCCH3                 3.450      -0.307       1.000    4.35%       2.000      3.000      4.000
             322.000       1.198      -0.641       5.000   18.63%       4.000      4.000
     SCIS4                 3.037      -0.043       1.000   14.29%       2.000      3.000      3.000
             322.000       1.657      -1.107       5.000   15.22%       3.000      4.000
     SCSK5                 2.991       0.038       1.000   12.73%       2.000      3.000      3.000
             322.000       1.512      -0.969       5.000   13.35%       3.000      4.000
     SCOI6                 3.553      -0.533       1.000    8.39%       2.000      3.000      4.000
             322.000       1.545      -0.692       5.000   27.64%       4.000      5.000
     SCCH7                 2.742       0.226       1.000   17.08%       2.000      2.000      3.000
             322.000       1.446      -0.863       5.000    9.01%       3.000      4.000
     SCSJ8                 3.189      -0.108       1.000    9.94%       2.000      3.000      3.000
             322.000       1.588      -1.083       5.000   18.32%       4.000      4.000
     SCMI9                 3.363      -0.193       1.000    4.04%       2.000      3.000      3.000
             322.000       1.088      -0.525       5.000   14.91%       4.000      4.000
     SCCH10                2.630       0.276       1.000   18.94%       2.000      2.000      3.000
             322.000       1.351      -0.776       5.000    6.52%       3.000      4.000
     SCSJ11                3.059      -0.029       1.000   13.04%       2.000      3.000      3.000
             322.000       1.615      -1.057       5.000   15.84%       3.000      4.000
     SCSK12                2.733       0.320       1.000   16.15%       2.000      2.000      3.000
             322.000       1.444      -0.769       5.000   10.25%       3.000      4.000
     SCIS13                3.326      -0.408       1.000   10.25%       2.000      3.000      4.000
             322.000       1.512      -0.834       5.000   17.39%       4.000      4.000
     SCMI14                3.155      -0.141       1.000    7.14%       2.000      3.000      3.000
             322.000       1.206      -0.708       5.000   10.87%       4.000      4.000
     SCCH15                3.115      -0.087       1.000   10.25%       2.000      3.000      3.000
             322.000       1.394      -0.802       5.000   13.98%       3.000      4.000
     SCSJ16                3.155      -0.238       1.000   16.46%       2.000      3.000      3.000
             322.000       1.790      -1.101       5.000   18.32%       4.000      4.000
     SCMI17                3.102      -0.081       1.000    6.83%       2.000      3.000      3.000
             322.000       1.129      -0.611       5.000    9.32%       3.000      4.000
     SCIS18                3.463      -0.522       1.000   10.25%       2.000      3.000      4.000
             322.000       1.603      -0.767       5.000   23.60%       4.000      5.000
     SCSK19                2.832       0.154       1.000   13.98%       2.000      2.000      3.000
             322.000       1.369      -0.800       5.000    9.32%       3.000      4.000
     SCOI20                3.227      -0.156       1.000    9.01%       2.000      3.000      3.000
             322.000       1.461      -0.903       5.000   17.39%       4.000      4.000
     SCSJ21                3.087      -0.098       1.000    9.63%       2.000      3.000      3.000
             322.000       1.353      -0.876       5.000   11.49%       3.000      4.000
     SCMI22                2.984       0.066       1.000   10.56%       2.000      3.000      3.000
             322.000       1.351      -0.807       5.000   11.49%       3.000      4.000
     SCSK23                2.745       0.297       1.000   15.84%       2.000      2.000      3.000
             322.000       1.463      -0.859       5.000    9.94%       3.000      4.000
     SCOI24                2.767       0.190       1.000   19.57%       2.000      2.000      3.000
             322.000       1.626      -1.045       5.000   10.87%       3.000      4.000
     SCIS25                3.264      -0.228       1.000   12.42%       2.000      3.000      3.000
             322.000       1.760      -1.106       5.000   22.67%       4.000      5.000
     SCSK26                2.714       0.231       1.000   12.73%       2.000      2.000      3.000
             322.000       1.167      -0.676       5.000    5.28%       3.000      4.000


     UNIVARIATE HIGHER-ORDER MOMENT DESCRIPTIVE STATISTICS FOR CS

         Variable/         Mean/     Skewness/   Minimum/ % with                Percentiles
        Sample Size      Variance    Kurtosis    Maximum  Min/Max      20%/60%    40%/80%    Median

     SCSJ1                 3.712      -0.557       1.000    3.35%       3.000      4.000      4.000
             746.000       1.135      -0.319       5.000   26.68%       4.000      5.000
     SCOI2                 2.524       0.414       1.000   28.82%       1.000      2.000      2.000
             746.000       1.716      -0.979       5.000    9.65%       3.000      4.000
     SCCH3                 3.283      -0.368       1.000    7.10%       2.000      3.000      3.000
             746.000       1.133      -0.364       5.000   11.39%       4.000      4.000
     SCIS4                 2.389       0.568       1.000   32.98%       1.000      2.000      2.000
             746.000       1.696      -0.856       5.000    8.45%       3.000      4.000
     SCSK5                 2.799       0.175       1.000   14.21%       2.000      2.000      3.000
             746.000       1.346      -0.793       5.000    8.45%       3.000      4.000
     SCOI6                 2.725       0.238       1.000   21.05%       1.000      2.000      3.000
             746.000       1.655      -1.037       5.000   10.99%       3.000      4.000
     SCCH7                 2.558       0.336       1.000   25.20%       1.000      2.000      2.000
             746.000       1.539      -0.897       5.000    7.77%       3.000      4.000
     SCSJ8                 2.894       0.018       1.000   18.50%       2.000      2.000      3.000
             746.000       1.666      -1.108       5.000   12.06%       3.000      4.000
     SCMI9                 3.509      -0.416       1.000    3.89%       3.000      3.000      4.000
             746.000       1.060      -0.296       5.000   17.02%       4.000      4.000
     SCCH10                2.611       0.202       1.000   20.91%       1.000      2.000      3.000
             746.000       1.348      -0.844       5.000    5.50%       3.000      4.000
     SCSJ11                2.755       0.185       1.000   18.77%       2.000      2.000      3.000
             746.000       1.552      -1.011       5.000    9.52%       3.000      4.000
     SCSK12                2.668       0.259       1.000   16.09%       2.000      2.000      3.000
             746.000       1.276      -0.739       5.000    6.03%       3.000      4.000
     SCIS13                2.637       0.275       1.000   26.27%       1.000      2.000      2.000
             746.000       1.770      -1.149       5.000   10.19%       3.000      4.000
     SCMI14                3.571      -0.433       1.000    3.22%       3.000      3.000      4.000
             746.000       1.028      -0.265       5.000   18.63%       4.000      4.000
     SCCH15                3.146      -0.158       1.000    8.45%       2.000      3.000      3.000
             746.000       1.259      -0.699       5.000   11.53%       3.000      4.000
     SCSJ16                2.902       0.043       1.000   16.49%       2.000      2.000      3.000
             746.000       1.616      -1.107       5.000   11.66%       3.000      4.000
     SCMI17                3.339      -0.261       1.000    3.62%       3.000      3.000      3.000
             746.000       0.977      -0.384       5.000   10.99%       4.000      4.000
     SCIS18                2.849       0.053       1.000   18.50%       2.000      2.000      3.000
             746.000       1.608      -1.081       5.000   10.59%       3.000      4.000
     SCSK19                2.747       0.189       1.000   14.75%       2.000      2.000      3.000
             746.000       1.272      -0.690       5.000    7.10%       3.000      4.000
     SCOI20                2.373       0.525       1.000   28.55%       1.000      2.000      2.000
             746.000       1.389      -0.614       5.000    5.63%       3.000      3.000
     SCSJ21                2.800       0.115       1.000   15.55%       2.000      2.000      3.000
             746.000       1.364      -0.812       5.000    8.18%       3.000      4.000
     SCMI22                2.858       0.032       1.000   12.60%       2.000      3.000      3.000
             746.000       1.243      -0.753       5.000    6.84%       3.000      4.000
     SCSK23                2.740       0.194       1.000   13.94%       2.000      2.000      3.000
             746.000       1.225      -0.660       5.000    6.43%       3.000      4.000
     SCOI24                2.019       0.981       1.000   42.49%       1.000      1.000      2.000
             746.000       1.278       0.107       5.000    4.02%       2.000      3.000
     SCIS25                2.626       0.216       1.000   28.55%       1.000      2.000      3.000
             746.000       1.784      -1.210       5.000    9.12%       3.000      4.000
     SCSK26                2.788       0.129       1.000   11.26%       2.000      2.000      3.000
             746.000       1.113      -0.596       5.000    5.36%       3.000      4.000


THE MODEL ESTIMATION TERMINATED NORMALLY



MODEL FIT INFORMATION

Number of Free Parameters                      289

Loglikelihood

          H0 Value                      -37230.958
          H0 Scaling Correction Factor      1.2565
            for MLR
          H1 Value                      -36775.205
          H1 Scaling Correction Factor      1.1590
            for MLR

Information Criteria

          Akaike (AIC)                   75039.915
          Bayesian (BIC)                 76477.269
          Sample-Size Adjusted BIC       75559.352
            (n* = (n + 2) / 24)

Chi-Square Test of Model Fit

          Value                            829.898*
          Degrees of Freedom                   465
          P-Value                           0.0000
          Scaling Correction Factor         1.0983
            for MLR

Chi-Square Contribution From Each Group

          RW                               427.801
          CS                               402.097

*   The chi-square value for MLM, MLMV, MLR, ULSMV, WLSM and WLSMV cannot be used
    for chi-square difference testing in the regular way.  MLM, MLR and WLSM
    chi-square difference testing is described on the Mplus website.  MLMV, WLSMV,
    and ULSMV difference testing is done using the DIFFTEST option.

RMSEA (Root Mean Square Error Of Approximation)

          Estimate                           0.038
          90 Percent C.I.                    0.034  0.043
          Probability RMSEA <= .05           1.000

CFI/TLI

          CFI                                0.967
          TLI                                0.954

Chi-Square Test of Model Fit for the Baseline Model

          Value                          11793.301
          Degrees of Freedom                   650
          P-Value                           0.0000

SRMR (Standardized Root Mean Square Residual)

          Value                              0.050



MODEL RESULTS

                                                    Two-Tailed
                    Estimate       S.E.  Est./S.E.    P-Value

Group RW

 SC       BY
    SCSK5             -0.452      0.085     -5.308      0.000
    SCSK12            -0.526      0.088     -6.010      0.000
    SCSK19            -0.623      0.081     -7.674      0.000
    SCSK23            -0.886      0.086    -10.305      0.000
    SCSK26            -0.699      0.064    -10.839      0.000
    SCSJ1              0.676      0.050     13.615      0.000
    SCSJ8              0.996      0.074     13.455      0.000
    SCSJ11             0.967      0.055     17.539      0.000
    SCSJ16             1.056      0.080     13.231      0.000
    SCSJ21             0.658      0.061     10.799      0.000
    SCCH3             -0.186      0.081     -2.288      0.022
    SCCH7             -0.229      0.085     -2.689      0.007
    SCCH10            -0.330      0.079     -4.175      0.000
    SCCH15            -0.627      0.067     -9.413      0.000
    SCIS4              0.959      0.067     14.341      0.000
    SCIS13             0.795      0.072     11.017      0.000
    SCIS18             0.851      0.077     11.033      0.000
    SCIS25             0.997      0.057     17.647      0.000
    SCMI9             -0.220      0.069     -3.177      0.001
    SCMI14            -0.432      0.080     -5.385      0.000
    SCMI17            -0.571      0.058     -9.921      0.000
    SCMI22            -0.542      0.074     -7.361      0.000
    SCOI2              1.049      0.067     15.555      0.000
    SCOI6              0.982      0.061     16.031      0.000
    SCOI20             0.634      0.078      8.147      0.000
    SCOI24             0.646      0.053     12.298      0.000

 SK       BY
    SCSK5              0.780      0.061     12.794      0.000
    SCSK12             0.845      0.058     14.553      0.000
    SCSK19             0.813      0.059     13.876      0.000
    SCSK23             0.189      0.108      1.744      0.081
    SCSK26             0.373      0.082      4.543      0.000
    SCSJ1              0.031      0.043      0.720      0.471
    SCSJ8             -0.139      0.046     -2.990      0.003
    SCSJ11             0.003      0.042      0.065      0.948
    SCSJ16            -0.012      0.058     -0.202      0.840
    SCSJ21            -0.183      0.055     -3.339      0.001
    SCCH3              0.152      0.052      2.940      0.003
    SCCH7              0.271      0.053      5.067      0.000
    SCCH10             0.212      0.051      4.142      0.000
    SCCH15             0.223      0.063      3.529      0.000
    SCIS4              0.084      0.048      1.745      0.081
    SCIS13             0.137      0.044      3.100      0.002
    SCIS18             0.139      0.043      3.223      0.001
    SCIS25             0.134      0.042      3.166      0.002
    SCMI9              0.145      0.048      3.047      0.002
    SCMI14             0.163      0.047      3.485      0.000
    SCMI17             0.166      0.046      3.577      0.000
    SCMI22             0.375      0.064      5.846      0.000
    SCOI2              0.110      0.045      2.460      0.014
    SCOI6              0.129      0.042      3.107      0.002
    SCOI20             0.249      0.048      5.171      0.000
    SCOI24             0.165      0.045      3.644      0.000

 SJ       BY
    SCSK5             -0.054      0.037     -1.459      0.145
    SCSK12            -0.036      0.077     -0.470      0.638
    SCSK19            -0.060      0.051     -1.159      0.246
    SCSK23             0.066      0.149      0.445      0.656
    SCSK26             0.000      0.079      0.001      1.000
    SCSJ1              0.207      0.064      3.226      0.001
    SCSJ8              0.439      0.207      2.116      0.034
    SCSJ11             0.261      0.067      3.904      0.000
    SCSJ16             0.345      0.080      4.287      0.000
    SCSJ21             0.278      0.161      1.731      0.083
    SCCH3             -0.004      0.075     -0.051      0.959
    SCCH7              0.041      0.043      0.959      0.338
    SCCH10             0.102      0.047      2.171      0.030
    SCCH15             0.086      0.047      1.828      0.068
    SCIS4              0.002      0.081      0.027      0.978
    SCIS13            -0.052      0.040     -1.290      0.197
    SCIS18             0.048      0.048      0.995      0.320
    SCIS25             0.062      0.047      1.324      0.186
    SCMI9              0.085      0.058      1.470      0.141
    SCMI14             0.027      0.068      0.407      0.684
    SCMI17             0.112      0.029      3.879      0.000
    SCMI22             0.165      0.044      3.749      0.000
    SCOI2              0.055      0.053      1.031      0.303
    SCOI6              0.046      0.055      0.832      0.405
    SCOI20             0.122      0.042      2.891      0.004
    SCOI24             0.024      0.049      0.489      0.625

 CH       BY
    SCSK5              0.272      0.042      6.552      0.000
    SCSK12             0.236      0.047      5.024      0.000
    SCSK19             0.124      0.039      3.195      0.001
    SCSK23             0.064      0.073      0.882      0.378
    SCSK26             0.184      0.050      3.692      0.000
    SCSJ1              0.116      0.041      2.791      0.005
    SCSJ8              0.106      0.080      1.320      0.187
    SCSJ11             0.189      0.040      4.704      0.000
    SCSJ16             0.065      0.046      1.412      0.158
    SCSJ21             0.068      0.063      1.086      0.278
    SCCH3              0.445      0.054      8.247      0.000
    SCCH7              0.910      0.059     15.485      0.000
    SCCH10             0.877      0.072     12.202      0.000
    SCCH15             0.417      0.054      7.691      0.000
    SCIS4              0.066      0.048      1.387      0.166
    SCIS13             0.085      0.043      1.977      0.048
    SCIS18             0.127      0.045      2.846      0.004
    SCIS25             0.013      0.046      0.273      0.785
    SCMI9              0.189      0.044      4.310      0.000
    SCMI14             0.122      0.056      2.177      0.029
    SCMI17             0.196      0.038      5.137      0.000
    SCMI22             0.263      0.048      5.461      0.000
    SCOI2              0.058      0.059      0.982      0.326
    SCOI6              0.072      0.043      1.683      0.092
    SCOI20            -0.031      0.045     -0.698      0.485
    SCOI24             0.026      0.052      0.493      0.622

 IS       BY
    SCSK5              0.088      0.035      2.490      0.013
    SCSK12            -0.012      0.041     -0.286      0.775
    SCSK19             0.097      0.030      3.239      0.001
    SCSK23             0.127      0.088      1.433      0.152
    SCSK26             0.162      0.060      2.691      0.007
    SCSJ1             -0.077      0.047     -1.656      0.098
    SCSJ8             -0.016      0.056     -0.280      0.780
    SCSJ11             0.003      0.035      0.092      0.927
    SCSJ16             0.098      0.062      1.592      0.111
    SCSJ21             0.008      0.062      0.133      0.894
    SCCH3              0.003      0.053      0.047      0.962
    SCCH7              0.097      0.038      2.592      0.010
    SCCH10             0.027      0.035      0.757      0.449
    SCCH15             0.086      0.040      2.141      0.032
    SCIS4              0.194      0.083      2.344      0.019
    SCIS13             0.619      0.095      6.504      0.000
    SCIS18             0.628      0.112      5.609      0.000
    SCIS25             0.252      0.063      3.983      0.000
    SCMI9              0.106      0.043      2.463      0.014
    SCMI14             0.090      0.035      2.546      0.011
    SCMI17             0.025      0.030      0.831      0.406
    SCMI22            -0.060      0.047     -1.274      0.203
    SCOI2              0.089      0.060      1.482      0.138
    SCOI6              0.159      0.063      2.512      0.012
    SCOI20             0.149      0.049      3.052      0.002
    SCOI24             0.094      0.049      1.939      0.052

 MI       BY
    SCSK5              0.096      0.040      2.389      0.017
    SCSK12             0.098      0.053      1.840      0.066
    SCSK19             0.156      0.037      4.198      0.000
    SCSK23             0.056      0.088      0.643      0.521
    SCSK26             0.104      0.054      1.936      0.053
    SCSJ1              0.176      0.044      4.009      0.000
    SCSJ8              0.039      0.096      0.407      0.684
    SCSJ11             0.121      0.038      3.186      0.001
    SCSJ16             0.057      0.054      1.056      0.291
    SCSJ21             0.139      0.094      1.483      0.138
    SCCH3              0.340      0.067      5.093      0.000
    SCCH7             -0.019      0.048     -0.391      0.696
    SCCH10             0.076      0.047      1.600      0.110
    SCCH15             0.296      0.046      6.370      0.000
    SCIS4              0.082      0.056      1.460      0.144
    SCIS13             0.073      0.042      1.729      0.084
    SCIS18             0.077      0.045      1.716      0.086
    SCIS25             0.068      0.046      1.473      0.141
    SCMI9              0.584      0.072      8.079      0.000
    SCMI14             0.721      0.103      7.004      0.000
    SCMI17             0.402      0.045      8.910      0.000
    SCMI22             0.175      0.058      3.039      0.002
    SCOI2              0.034      0.052      0.650      0.515
    SCOI6              0.120      0.044      2.713      0.007
    SCOI20            -0.262      0.059     -4.413      0.000
    SCOI24            -0.154      0.068     -2.273      0.023

 OI       BY
    SCSK5              0.027      0.051      0.520      0.603
    SCSK12            -0.042      0.066     -0.631      0.528
    SCSK19             0.009      0.046      0.208      0.835
    SCSK23             0.442      0.095      4.677      0.000
    SCSK26             0.323      0.050      6.456      0.000
    SCSJ1              0.010      0.062      0.167      0.867
    SCSJ8              0.135      0.085      1.588      0.112
    SCSJ11            -0.017      0.045     -0.370      0.711
    SCSJ16            -0.071      0.051     -1.381      0.167
    SCSJ21             0.157      0.067      2.353      0.019
    SCCH3              0.076      0.072      1.062      0.288
    SCCH7             -0.041      0.040     -1.032      0.302
    SCCH10            -0.032      0.040     -0.804      0.421
    SCCH15             0.166      0.043      3.884      0.000
    SCIS4              0.327      0.086      3.795      0.000
    SCIS13             0.040      0.055      0.731      0.465
    SCIS18            -0.009      0.053     -0.178      0.858
    SCIS25             0.251      0.082      3.067      0.002
    SCMI9             -0.084      0.047     -1.778      0.075
    SCMI14            -0.084      0.065     -1.293      0.196
    SCMI17             0.003      0.033      0.084      0.933
    SCMI22             0.152      0.052      2.911      0.004
    SCOI2              0.377      0.133      2.840      0.005
    SCOI6              0.247      0.090      2.734      0.006
    SCOI20             0.305      0.082      3.718      0.000
    SCOI24             0.289      0.089      3.234      0.001

 SK       WITH
    SC                 0.000      0.000    999.000    999.000

 SJ       WITH
    SC                 0.000      0.000    999.000    999.000
    SK                 0.000      0.000    999.000    999.000

 CH       WITH
    SC                 0.000      0.000    999.000    999.000
    SK                 0.000      0.000    999.000    999.000
    SJ                 0.000      0.000    999.000    999.000

 IS       WITH
    SC                 0.000      0.000    999.000    999.000
    SK                 0.000      0.000    999.000    999.000
    SJ                 0.000      0.000    999.000    999.000
    CH                 0.000      0.000    999.000    999.000

 MI       WITH
    SC                 0.000      0.000    999.000    999.000
    SK                 0.000      0.000    999.000    999.000
    SJ                 0.000      0.000    999.000    999.000
    CH                 0.000      0.000    999.000    999.000
    IS                 0.000      0.000    999.000    999.000

 OI       WITH
    SC                 0.000      0.000    999.000    999.000
    SK                 0.000      0.000    999.000    999.000
    SJ                 0.000      0.000    999.000    999.000
    CH                 0.000      0.000    999.000    999.000
    IS                 0.000      0.000    999.000    999.000
    MI                 0.000      0.000    999.000    999.000

 Means
    SC                 0.000      0.000    999.000    999.000
    SK                 0.000      0.000    999.000    999.000
    SJ                 0.000      0.000    999.000    999.000
    CH                 0.000      0.000    999.000    999.000
    IS                 0.000      0.000    999.000    999.000
    MI                 0.000      0.000    999.000    999.000
    OI                 0.000      0.000    999.000    999.000

 Intercepts
    SCSJ1              3.718      0.036    103.665      0.000
    SCOI2              2.775      0.049     56.310      0.000
    SCCH3              3.477      0.068     51.492      0.000
    SCIS4              2.693      0.070     38.689      0.000
    SCSK5              3.048      0.068     45.010      0.000
    SCOI6              3.217      0.069     46.949      0.000
    SCCH7              2.778      0.073     38.021      0.000
    SCSJ8              2.907      0.064     45.103      0.000
    SCMI9              3.425      0.060     57.405      0.000
    SCCH10             2.705      0.068     39.802      0.000
    SCSJ11             2.796      0.060     46.498      0.000
    SCSK12             2.827      0.069     41.267      0.000
    SCIS13             3.035      0.069     43.697      0.000
    SCMI14             3.276      0.069     47.518      0.000
    SCCH15             3.239      0.062     52.509      0.000
    SCSJ16             2.872      0.067     42.831      0.000
    SCMI17             3.251      0.056     58.106      0.000
    SCIS18             3.165      0.068     46.560      0.000
    SCSK19             2.939      0.064     45.955      0.000
    SCOI20             2.969      0.068     43.833      0.000
    SCSJ21             2.895      0.063     45.646      0.000
    SCMI22             3.090      0.064     48.399      0.000
    SCSK23             2.894      0.060     48.468      0.000
    SCOI24             2.518      0.067     37.756      0.000
    SCIS25             2.832      0.046     60.921      0.000
    SCSK26             2.788      0.033     83.486      0.000

 Variances
    SC                 1.000      0.000    999.000    999.000
    SK                 1.000      0.000    999.000    999.000
    SJ                 1.000      0.000    999.000    999.000
    CH                 1.000      0.000    999.000    999.000
    IS                 1.000      0.000    999.000    999.000
    MI                 1.000      0.000    999.000    999.000
    OI                 1.000      0.000    999.000    999.000

 Residual Variances
    SCSJ1              0.715      0.081      8.785      0.000
    SCOI2              0.735      0.109      6.749      0.000
    SCCH3              0.827      0.084      9.854      0.000
    SCIS4              0.765      0.070     10.962      0.000
    SCSK5              0.572      0.071      8.073      0.000
    SCOI6              0.638      0.069      9.224      0.000
    SCCH7              0.495      0.079      6.261      0.000
    SCSJ8              0.537      0.099      5.419      0.000
    SCMI9              0.593      0.075      7.868      0.000
    SCCH10             0.389      0.086      4.521      0.000
    SCSJ11             0.630      0.083      7.565      0.000
    SCSK12             0.417      0.063      6.660      0.000
    SCIS13             0.644      0.103      6.261      0.000
    SCMI14             0.461      0.115      3.991      0.000
    SCCH15             0.713      0.077      9.262      0.000
    SCSJ16             0.597      0.076      7.893      0.000
    SCMI17             0.595      0.057     10.396      0.000
    SCIS18             0.436      0.133      3.279      0.001
    SCSK19             0.302      0.052      5.773      0.000
    SCOI20             0.834      0.083     10.053      0.000
    SCSJ21             0.889      0.087     10.201      0.000
    SCMI22             0.731      0.070     10.461      0.000
    SCSK23             0.473      0.109      4.332      0.000
    SCOI24             1.068      0.090     11.842      0.000
    SCIS25             0.680      0.071      9.550      0.000
    SCSK26             0.394      0.055      7.214      0.000

Group CS

 SC       BY
    SCSK5             -0.452      0.085     -5.308      0.000
    SCSK12            -0.526      0.088     -6.010      0.000
    SCSK19            -0.623      0.081     -7.674      0.000
    SCSK23            -0.886      0.086    -10.305      0.000
    SCSK26            -0.699      0.064    -10.839      0.000
    SCSJ1              0.676      0.050     13.615      0.000
    SCSJ8              0.996      0.074     13.455      0.000
    SCSJ11             0.967      0.055     17.539      0.000
    SCSJ16             1.056      0.080     13.231      0.000
    SCSJ21             0.658      0.061     10.799      0.000
    SCCH3             -0.186      0.081     -2.288      0.022
    SCCH7             -0.229      0.085     -2.689      0.007
    SCCH10            -0.330      0.079     -4.175      0.000
    SCCH15            -0.627      0.067     -9.413      0.000
    SCIS4              0.959      0.067     14.341      0.000
    SCIS13             0.795      0.072     11.017      0.000
    SCIS18             0.851      0.077     11.033      0.000
    SCIS25             0.997      0.057     17.647      0.000
    SCMI9             -0.220      0.069     -3.177      0.001
    SCMI14            -0.432      0.080     -5.385      0.000
    SCMI17            -0.571      0.058     -9.921      0.000
    SCMI22            -0.542      0.074     -7.361      0.000
    SCOI2              1.049      0.067     15.555      0.000
    SCOI6              0.982      0.061     16.031      0.000
    SCOI20             0.634      0.078      8.147      0.000
    SCOI24             0.646      0.053     12.298      0.000

 SK       BY
    SCSK5              0.780      0.061     12.794      0.000
    SCSK12             0.845      0.058     14.553      0.000
    SCSK19             0.813      0.059     13.876      0.000
    SCSK23             0.189      0.108      1.744      0.081
    SCSK26             0.373      0.082      4.543      0.000
    SCSJ1              0.031      0.043      0.720      0.471
    SCSJ8             -0.139      0.046     -2.990      0.003
    SCSJ11             0.003      0.042      0.065      0.948
    SCSJ16            -0.012      0.058     -0.202      0.840
    SCSJ21            -0.183      0.055     -3.339      0.001
    SCCH3              0.152      0.052      2.940      0.003
    SCCH7              0.271      0.053      5.067      0.000
    SCCH10             0.212      0.051      4.142      0.000
    SCCH15             0.223      0.063      3.529      0.000
    SCIS4              0.084      0.048      1.745      0.081
    SCIS13             0.137      0.044      3.100      0.002
    SCIS18             0.139      0.043      3.223      0.001
    SCIS25             0.134      0.042      3.166      0.002
    SCMI9              0.145      0.048      3.047      0.002
    SCMI14             0.163      0.047      3.485      0.000
    SCMI17             0.166      0.046      3.577      0.000
    SCMI22             0.375      0.064      5.846      0.000
    SCOI2              0.110      0.045      2.460      0.014
    SCOI6              0.129      0.042      3.107      0.002
    SCOI20             0.249      0.048      5.171      0.000
    SCOI24             0.165      0.045      3.644      0.000

 SJ       BY
    SCSK5             -0.054      0.037     -1.459      0.145
    SCSK12            -0.036      0.077     -0.470      0.638
    SCSK19            -0.060      0.051     -1.159      0.246
    SCSK23             0.066      0.149      0.445      0.656
    SCSK26             0.000      0.079      0.001      1.000
    SCSJ1              0.207      0.064      3.226      0.001
    SCSJ8              0.439      0.207      2.116      0.034
    SCSJ11             0.261      0.067      3.904      0.000
    SCSJ16             0.345      0.080      4.287      0.000
    SCSJ21             0.278      0.161      1.731      0.083
    SCCH3             -0.004      0.075     -0.051      0.959
    SCCH7              0.041      0.043      0.959      0.338
    SCCH10             0.102      0.047      2.171      0.030
    SCCH15             0.086      0.047      1.828      0.068
    SCIS4              0.002      0.081      0.027      0.978
    SCIS13            -0.052      0.040     -1.290      0.197
    SCIS18             0.048      0.048      0.995      0.320
    SCIS25             0.062      0.047      1.324      0.186
    SCMI9              0.085      0.058      1.470      0.141
    SCMI14             0.027      0.068      0.407      0.684
    SCMI17             0.112      0.029      3.879      0.000
    SCMI22             0.165      0.044      3.749      0.000
    SCOI2              0.055      0.053      1.031      0.303
    SCOI6              0.046      0.055      0.832      0.405
    SCOI20             0.122      0.042      2.891      0.004
    SCOI24             0.024      0.049      0.489      0.625

 CH       BY
    SCSK5              0.272      0.042      6.552      0.000
    SCSK12             0.236      0.047      5.024      0.000
    SCSK19             0.124      0.039      3.195      0.001
    SCSK23             0.064      0.073      0.882      0.378
    SCSK26             0.184      0.050      3.692      0.000
    SCSJ1              0.116      0.041      2.791      0.005
    SCSJ8              0.106      0.080      1.320      0.187
    SCSJ11             0.189      0.040      4.704      0.000
    SCSJ16             0.065      0.046      1.412      0.158
    SCSJ21             0.068      0.063      1.086      0.278
    SCCH3              0.445      0.054      8.247      0.000
    SCCH7              0.910      0.059     15.485      0.000
    SCCH10             0.877      0.072     12.202      0.000
    SCCH15             0.417      0.054      7.691      0.000
    SCIS4              0.066      0.048      1.387      0.166
    SCIS13             0.085      0.043      1.977      0.048
    SCIS18             0.127      0.045      2.846      0.004
    SCIS25             0.013      0.046      0.273      0.785
    SCMI9              0.189      0.044      4.310      0.000
    SCMI14             0.122      0.056      2.177      0.029
    SCMI17             0.196      0.038      5.137      0.000
    SCMI22             0.263      0.048      5.461      0.000
    SCOI2              0.058      0.059      0.982      0.326
    SCOI6              0.072      0.043      1.683      0.092
    SCOI20            -0.031      0.045     -0.698      0.485
    SCOI24             0.026      0.052      0.493      0.622

 IS       BY
    SCSK5              0.088      0.035      2.490      0.013
    SCSK12            -0.012      0.041     -0.286      0.775
    SCSK19             0.097      0.030      3.239      0.001
    SCSK23             0.127      0.088      1.433      0.152
    SCSK26             0.162      0.060      2.691      0.007
    SCSJ1             -0.077      0.047     -1.656      0.098
    SCSJ8             -0.016      0.056     -0.280      0.780
    SCSJ11             0.003      0.035      0.092      0.927
    SCSJ16             0.098      0.062      1.592      0.111
    SCSJ21             0.008      0.062      0.133      0.894
    SCCH3              0.003      0.053      0.047      0.962
    SCCH7              0.097      0.038      2.592      0.010
    SCCH10             0.027      0.035      0.757      0.449
    SCCH15             0.086      0.040      2.141      0.032
    SCIS4              0.194      0.083      2.344      0.019
    SCIS13             0.619      0.095      6.504      0.000
    SCIS18             0.628      0.112      5.609      0.000
    SCIS25             0.252      0.063      3.983      0.000
    SCMI9              0.106      0.043      2.463      0.014
    SCMI14             0.090      0.035      2.546      0.011
    SCMI17             0.025      0.030      0.831      0.406
    SCMI22            -0.060      0.047     -1.274      0.203
    SCOI2              0.089      0.060      1.482      0.138
    SCOI6              0.159      0.063      2.512      0.012
    SCOI20             0.149      0.049      3.052      0.002
    SCOI24             0.094      0.049      1.939      0.052

 MI       BY
    SCSK5              0.096      0.040      2.389      0.017
    SCSK12             0.098      0.053      1.840      0.066
    SCSK19             0.156      0.037      4.198      0.000
    SCSK23             0.056      0.088      0.643      0.521
    SCSK26             0.104      0.054      1.936      0.053
    SCSJ1              0.176      0.044      4.009      0.000
    SCSJ8              0.039      0.096      0.407      0.684
    SCSJ11             0.121      0.038      3.186      0.001
    SCSJ16             0.057      0.054      1.056      0.291
    SCSJ21             0.139      0.094      1.483      0.138
    SCCH3              0.340      0.067      5.093      0.000
    SCCH7             -0.019      0.048     -0.391      0.696
    SCCH10             0.076      0.047      1.600      0.110
    SCCH15             0.296      0.046      6.370      0.000
    SCIS4              0.082      0.056      1.460      0.144
    SCIS13             0.073      0.042      1.729      0.084
    SCIS18             0.077      0.045      1.716      0.086
    SCIS25             0.068      0.046      1.473      0.141
    SCMI9              0.584      0.072      8.079      0.000
    SCMI14             0.721      0.103      7.004      0.000
    SCMI17             0.402      0.045      8.910      0.000
    SCMI22             0.175      0.058      3.039      0.002
    SCOI2              0.034      0.052      0.650      0.515
    SCOI6              0.120      0.044      2.713      0.007
    SCOI20            -0.262      0.059     -4.413      0.000
    SCOI24            -0.154      0.068     -2.273      0.023

 OI       BY
    SCSK5              0.027      0.051      0.520      0.603
    SCSK12            -0.042      0.066     -0.631      0.528
    SCSK19             0.009      0.046      0.208      0.835
    SCSK23             0.442      0.095      4.677      0.000
    SCSK26             0.323      0.050      6.456      0.000
    SCSJ1              0.010      0.062      0.167      0.867
    SCSJ8              0.135      0.085      1.588      0.112
    SCSJ11            -0.017      0.045     -0.370      0.711
    SCSJ16            -0.071      0.051     -1.381      0.167
    SCSJ21             0.157      0.067      2.353      0.019
    SCCH3              0.076      0.072      1.062      0.288
    SCCH7             -0.041      0.040     -1.032      0.302
    SCCH10            -0.032      0.040     -0.804      0.421
    SCCH15             0.166      0.043      3.884      0.000
    SCIS4              0.327      0.086      3.795      0.000
    SCIS13             0.040      0.055      0.731      0.465
    SCIS18            -0.009      0.053     -0.178      0.858
    SCIS25             0.251      0.082      3.067      0.002
    SCMI9             -0.084      0.047     -1.778      0.075
    SCMI14            -0.084      0.065     -1.293      0.196
    SCMI17             0.003      0.033      0.084      0.933
    SCMI22             0.152      0.052      2.911      0.004
    SCOI2              0.377      0.133      2.840      0.005
    SCOI6              0.247      0.090      2.734      0.006
    SCOI20             0.305      0.082      3.718      0.000
    SCOI24             0.289      0.089      3.234      0.001

 SK       WITH
    SC                -0.001      0.106     -0.010      0.992

 SJ       WITH
    SC                -0.391      0.641     -0.610      0.542
    SK                 0.451      0.294      1.533      0.125

 CH       WITH
    SC                 0.236      0.177      1.335      0.182
    SK                -0.020      0.123     -0.165      0.869
    SJ                -0.070      0.534     -0.131      0.896

 IS       WITH
    SC                 0.029      0.218      0.135      0.893
    SK                -0.078      0.154     -0.510      0.610
    SJ                 0.160      0.463      0.345      0.730
    CH                 0.087      0.198      0.436      0.663

 MI       WITH
    SC                 0.002      0.188      0.009      0.993
    SK                -0.048      0.117     -0.412      0.680
    SJ                 0.252      0.288      0.876      0.381
    CH                -0.075      0.178     -0.419      0.675
    IS                -0.303      0.196     -1.549      0.121

 OI       WITH
    SC                 0.193      0.175      1.105      0.269
    SK                 0.034      0.193      0.178      0.859
    SJ                -0.209      0.561     -0.373      0.709
    CH                 0.252      0.207      1.221      0.222
    IS                 0.229      0.275      0.830      0.406
    MI                 0.024      0.197      0.123      0.902

 Means
    SC                 0.000      0.000    999.000    999.000
    SK                 0.000      0.000    999.000    999.000
    SJ                 0.000      0.000    999.000    999.000
    CH                 0.000      0.000    999.000    999.000
    IS                 0.000      0.000    999.000    999.000
    MI                 0.000      0.000    999.000    999.000
    OI                 0.000      0.000    999.000    999.000

 Intercepts
    SCSJ1              3.718      0.036    103.665      0.000
    SCOI2              2.775      0.049     56.310      0.000
    SCCH3              3.293      0.039     84.801      0.000
    SCIS4              2.559      0.052     49.551      0.000
    SCSK5              2.792      0.042     66.449      0.000
    SCOI6              2.884      0.049     59.240      0.000
    SCCH7              2.587      0.045     57.142      0.000
    SCSJ8              3.000      0.049     61.293      0.000
    SCMI9              3.481      0.039     89.528      0.000
    SCCH10             2.616      0.043     61.515      0.000
    SCSJ11             2.858      0.047     61.292      0.000
    SCSK12             2.634      0.040     65.137      0.000
    SCIS13             2.792      0.051     55.124      0.000
    SCMI14             3.514      0.039     91.228      0.000
    SCCH15             3.117      0.041     76.341      0.000
    SCSJ16             3.006      0.046     65.406      0.000
    SCMI17             3.276      0.036     89.922      0.000
    SCIS18             3.001      0.047     64.329      0.000
    SCSK19             2.710      0.040     67.499      0.000
    SCOI20             2.496      0.045     55.992      0.000
    SCSJ21             2.876      0.045     64.436      0.000
    SCMI22             2.818      0.041     69.108      0.000
    SCSK23             2.701      0.040     68.125      0.000
    SCOI24             2.142      0.045     48.056      0.000
    SCIS25             2.832      0.046     60.921      0.000
    SCSK26             2.788      0.033     83.486      0.000

 Variances
    SC                 0.821      0.182      4.511      0.000
    SK                 0.951      0.145      6.559      0.000
    SJ                 2.616      1.979      1.322      0.186
    CH                 0.990      0.211      4.684      0.000
    IS                 1.590      0.388      4.095      0.000
    MI                 1.027      0.189      5.436      0.000
    OI                 1.141      0.334      3.417      0.001

 Residual Variances
    SCSJ1              0.700      0.042     16.790      0.000
    SCOI2              0.539      0.072      7.506      0.000
    SCCH3              0.817      0.075     10.855      0.000
    SCIS4              0.556      0.065      8.571      0.000
    SCSK5              0.663      0.057     11.631      0.000
    SCOI6              0.589      0.052     11.416      0.000
    SCCH7              0.676      0.076      8.849      0.000
    SCSJ8              0.575      0.125      4.607      0.000
    SCMI9              0.620      0.051     12.064      0.000
    SCCH10             0.562      0.067      8.354      0.000
    SCSJ11             0.678      0.045     14.982      0.000
    SCSK12             0.408      0.046      8.829      0.000
    SCIS13             0.526      0.105      5.014      0.000
    SCMI14             0.347      0.080      4.358      0.000
    SCCH15             0.644      0.045     14.461      0.000
    SCSJ16             0.640      0.086      7.401      0.000
    SCMI17             0.439      0.037     11.942      0.000
    SCIS18             0.368      0.123      2.986      0.003
    SCSK19             0.405      0.043      9.446      0.000
    SCOI20             0.723      0.057     12.732      0.000
    SCSJ21             0.813      0.055     14.840      0.000
    SCMI22             0.648      0.052     12.573      0.000
    SCSK23             0.367      0.080      4.591      0.000
    SCOI24             0.709      0.052     13.741      0.000
    SCIS25             0.769      0.056     13.680      0.000
    SCSK26             0.477      0.047     10.172      0.000


QUALITY OF NUMERICAL RESULTS

     Condition Number for the Information Matrix              0.976E-05
       (ratio of smallest to largest eigenvalue)


     Beginning Time:  14:07:37
        Ending Time:  14:07:40
       Elapsed Time:  00:00:03



MUTHEN & MUTHEN
3463 Stoner Ave.
Los Angeles, CA  90066

Tel: (310) 391-9971
Fax: (310) 391-8971
Web: www.StatModel.com
Support: Support@StatModel.com

Copyright (c) 1998-2021 Muthen & Muthen
