Mplus VERSION 8.6 (Mac)
MUTHEN & MUTHEN
10/11/2022   1:50 PM

INPUT INSTRUCTIONS

  TITLE: Model 5b: Two-bifactor (two-tier) ESEM model (2 G- and 6 S-factors).
  DATA:
  FILE = "semdatagr.dat";

  VARIABLE:
  NAMES =
    scsj1 scoi2 scch3 scis4 scsk5 scoi6 scch7 scsj8 scmi9 scch10 scsj11 scsk12
    scis13 scmi14 scch15 scsj16 scmi17 scis18 scsk19 scoi20 scsj21 scmi22 scsk23
    scoi24 scis25 scsk26
    ptgi_al ptgi_np ptgi_ps ptgi_sp ptgi_ro
    iesr_a iesr_i iesr_h
    cope_pa cope_po
    mspss_fa mspss_fr mspss_so
    neuro_na neuro_sr
    extra_pa extra_so extra_ac
    group
    ;

  Grouping = group (1=RW 2=CS);

  MISSING = .;

  USEVARIABLES ARE
    scsj1 scoi2 scch3 scis4 scsk5 scoi6 scch7 scsj8 scmi9 scch10 scsj11 scsk12
    scis13 scmi14 scch15 scsj16 scmi17 scis18 scsk19 scoi20 scsj21 scmi22 scsk23
    scoi24 scis25 scsk26;

  ANALYSIS:
    ESTIMATOR = MLR; ! WLSMV
    PROCESSORS = 6;
    ROTATION = TARGET (ORTHOGONAL);

  MODEL:

  sk BY
    scsk5 scsk12 scsk19 scsk23 scsk26 scsj1~0 scsj8~0 scsj11~0 scsj16~0
    scsj21~0 scch3~0 scch7~0 scch10~0 scch15~0 scis4~0 scis13~0 scis18~0
    scis25~0 scmi9~0 scmi14~0 scmi17~0 scmi22~0 scoi2~0 scoi6~0 scoi20~0
    scoi24~0 (*1);

  sj BY
    scsk5~0 scsk12~0 scsk19~0 scsk23~0 scsk26~0 scsj1 scsj8 scsj11
    scsj16 scsj21 scch3~0 scch7~0 scch10~0 scch15~0 scis4~0 scis13~0
    scis18~0 scis25~0 scmi9~0 scmi14~0 scmi17~0 scmi22~0 scoi2~0 scoi6~0
    scoi20~0 scoi24~0 (*1);

  ch BY
    scsk5~0 scsk12~0 scsk19~0 scsk23~0 scsk26~0 scsj1~0 scsj8~0 scsj11~0
    scsj16~0 scsj21~0 scch3 scch7 scch10 scch15 scis4~0 scis13~0 scis18~0
    scis25~0 scmi9~0 scmi14~0 scmi17~0 scmi22~0 scoi2~0 scoi6~0 scoi20~0
    scoi24~0 (*1);

  is BY
    scsk5~0 scsk12~0 scsk19~0 scsk23~0 scsk26~0 scsj1~0 scsj8~0
    scsj11~0 scsj16~0 scsj21~0 scch3~0 scch7~0 scch10~0 scch15~0
    scis4 scis13 scis18 scis25 scmi9~0 scmi14~0 scmi17~0 scmi22~0
    scoi2~0 scoi6~0 scoi20~0 scoi24~0 (*1);

  mi BY
    scsk5~0 scsk12~0 scsk19~0 scsk23~0 scsk26~0 scsj1~0 scsj8~0
    scsj11~0 scsj16~0 scsj21~0 scch3~0 scch7~0 scch10~0 scch15~0 scis4~0
    scis13~0 scis18~0 scis25~0 scmi9 scmi14 scmi17 scmi22 scoi2~0 scoi6~0
    scoi20~0 scoi24~0 (*1);

  oi BY
    scsk5~0 scsk12~0 scsk19~0 scsk23~0 scsk26~0 scsj1~0 scsj8~0 scsj11~0
    scsj16~0 scsj21~0 scch3~0 scch7~0 scch10~0 scch15~0 scis4~0 scis13~0
    scis18~0 scis25~0 scmi9~0 scmi14~0 scmi17~0 scmi22~0 scoi2 scoi6
    scoi20 scoi24 (*1);

  po BY
    scsk5* scsk12 scsk19 scsk23 scsk26 scch3 scch7 scch10 scch15
    scmi9 scmi14 scmi17 scmi22;

  ne BY
    scsj1* scsj8 scsj11 scsj16 scsj21 scis4 scis13 scis18 scis25
    scoi2 scoi6 scoi20 scoi24;

  po@1;
  ne@1;
  po WITH sk-oi@0;
  ne WITH sk-oi@0;

  SCIS13   WITH SCIS13@1;

  MODEL CS:

  [scch3-scoi24]

  po@1;
  ne@1;
  po WITH sk-oi@0;
  ne WITH sk-oi@0;

  SCIS13   WITH SCIS13@1;


  ! Requesting standardized parameter estimates and modification indices
  OUTPUT:
  stdyx;




INPUT READING TERMINATED NORMALLY



Model 5b: Two-bifactor (two-tier) ESEM model (2 G- and 6 S-factors).

SUMMARY OF ANALYSIS

Number of groups                                                 2
Number of observations
   Group RW                                                    322
   Group CS                                                    746
   Total sample size                                          1068

Number of dependent variables                                   26
Number of independent variables                                  0
Number of continuous latent variables                            8

Observed dependent variables

  Continuous
   SCSJ1       SCOI2       SCCH3       SCIS4       SCSK5       SCOI6
   SCCH7       SCSJ8       SCMI9       SCCH10      SCSJ11      SCSK12
   SCIS13      SCMI14      SCCH15      SCSJ16      SCMI17      SCIS18
   SCSK19      SCOI20      SCSJ21      SCMI22      SCSK23      SCOI24
   SCIS25      SCSK26

Continuous latent variables
   PO          NE

  EFA factors
  *1:   SK          SJ          CH          IS          MI          OI

Variables with special functions

  Grouping variable     GROUP

Estimator                                                      MLR
Rotation                                                    TARGET
Row standardization                                     COVARIANCE
Type of rotation                                        ORTHOGONAL
Information matrix                                        OBSERVED
Maximum number of iterations                                  1000
Convergence criterion                                    0.500D-04
Maximum number of steepest descent iterations                   20
Maximum number of iterations for H1                           2000
Convergence criterion for H1                             0.100D-03
Optimization Specifications for the Exploratory Factor Analysis
Rotation Algorithm
  Number of random starts                                       30
  Maximum number of iterations                             1000000
  Derivative convergence criterion                       0.100D-04

Input data file(s)
  semdatagr.dat

Input data format  FREE


SUMMARY OF DATA

   Group RW
     Number of missing data patterns             1

   Group CS
     Number of missing data patterns             1


COVARIANCE COVERAGE OF DATA

Minimum covariance coverage value   0.100


     PROPORTION OF DATA PRESENT FOR RW


           Covariance Coverage
              SCSJ1         SCOI2         SCCH3         SCIS4         SCSK5
              ________      ________      ________      ________      ________
 SCSJ1          1.000
 SCOI2          1.000         1.000
 SCCH3          1.000         1.000         1.000
 SCIS4          1.000         1.000         1.000         1.000
 SCSK5          1.000         1.000         1.000         1.000         1.000
 SCOI6          1.000         1.000         1.000         1.000         1.000
 SCCH7          1.000         1.000         1.000         1.000         1.000
 SCSJ8          1.000         1.000         1.000         1.000         1.000
 SCMI9          1.000         1.000         1.000         1.000         1.000
 SCCH10         1.000         1.000         1.000         1.000         1.000
 SCSJ11         1.000         1.000         1.000         1.000         1.000
 SCSK12         1.000         1.000         1.000         1.000         1.000
 SCIS13         1.000         1.000         1.000         1.000         1.000
 SCMI14         1.000         1.000         1.000         1.000         1.000
 SCCH15         1.000         1.000         1.000         1.000         1.000
 SCSJ16         1.000         1.000         1.000         1.000         1.000
 SCMI17         1.000         1.000         1.000         1.000         1.000
 SCIS18         1.000         1.000         1.000         1.000         1.000
 SCSK19         1.000         1.000         1.000         1.000         1.000
 SCOI20         1.000         1.000         1.000         1.000         1.000
 SCSJ21         1.000         1.000         1.000         1.000         1.000
 SCMI22         1.000         1.000         1.000         1.000         1.000
 SCSK23         1.000         1.000         1.000         1.000         1.000
 SCOI24         1.000         1.000         1.000         1.000         1.000
 SCIS25         1.000         1.000         1.000         1.000         1.000
 SCSK26         1.000         1.000         1.000         1.000         1.000


           Covariance Coverage
              SCOI6         SCCH7         SCSJ8         SCMI9         SCCH10
              ________      ________      ________      ________      ________
 SCOI6          1.000
 SCCH7          1.000         1.000
 SCSJ8          1.000         1.000         1.000
 SCMI9          1.000         1.000         1.000         1.000
 SCCH10         1.000         1.000         1.000         1.000         1.000
 SCSJ11         1.000         1.000         1.000         1.000         1.000
 SCSK12         1.000         1.000         1.000         1.000         1.000
 SCIS13         1.000         1.000         1.000         1.000         1.000
 SCMI14         1.000         1.000         1.000         1.000         1.000
 SCCH15         1.000         1.000         1.000         1.000         1.000
 SCSJ16         1.000         1.000         1.000         1.000         1.000
 SCMI17         1.000         1.000         1.000         1.000         1.000
 SCIS18         1.000         1.000         1.000         1.000         1.000
 SCSK19         1.000         1.000         1.000         1.000         1.000
 SCOI20         1.000         1.000         1.000         1.000         1.000
 SCSJ21         1.000         1.000         1.000         1.000         1.000
 SCMI22         1.000         1.000         1.000         1.000         1.000
 SCSK23         1.000         1.000         1.000         1.000         1.000
 SCOI24         1.000         1.000         1.000         1.000         1.000
 SCIS25         1.000         1.000         1.000         1.000         1.000
 SCSK26         1.000         1.000         1.000         1.000         1.000


           Covariance Coverage
              SCSJ11        SCSK12        SCIS13        SCMI14        SCCH15
              ________      ________      ________      ________      ________
 SCSJ11         1.000
 SCSK12         1.000         1.000
 SCIS13         1.000         1.000         1.000
 SCMI14         1.000         1.000         1.000         1.000
 SCCH15         1.000         1.000         1.000         1.000         1.000
 SCSJ16         1.000         1.000         1.000         1.000         1.000
 SCMI17         1.000         1.000         1.000         1.000         1.000
 SCIS18         1.000         1.000         1.000         1.000         1.000
 SCSK19         1.000         1.000         1.000         1.000         1.000
 SCOI20         1.000         1.000         1.000         1.000         1.000
 SCSJ21         1.000         1.000         1.000         1.000         1.000
 SCMI22         1.000         1.000         1.000         1.000         1.000
 SCSK23         1.000         1.000         1.000         1.000         1.000
 SCOI24         1.000         1.000         1.000         1.000         1.000
 SCIS25         1.000         1.000         1.000         1.000         1.000
 SCSK26         1.000         1.000         1.000         1.000         1.000


           Covariance Coverage
              SCSJ16        SCMI17        SCIS18        SCSK19        SCOI20
              ________      ________      ________      ________      ________
 SCSJ16         1.000
 SCMI17         1.000         1.000
 SCIS18         1.000         1.000         1.000
 SCSK19         1.000         1.000         1.000         1.000
 SCOI20         1.000         1.000         1.000         1.000         1.000
 SCSJ21         1.000         1.000         1.000         1.000         1.000
 SCMI22         1.000         1.000         1.000         1.000         1.000
 SCSK23         1.000         1.000         1.000         1.000         1.000
 SCOI24         1.000         1.000         1.000         1.000         1.000
 SCIS25         1.000         1.000         1.000         1.000         1.000
 SCSK26         1.000         1.000         1.000         1.000         1.000


           Covariance Coverage
              SCSJ21        SCMI22        SCSK23        SCOI24        SCIS25
              ________      ________      ________      ________      ________
 SCSJ21         1.000
 SCMI22         1.000         1.000
 SCSK23         1.000         1.000         1.000
 SCOI24         1.000         1.000         1.000         1.000
 SCIS25         1.000         1.000         1.000         1.000         1.000
 SCSK26         1.000         1.000         1.000         1.000         1.000


           Covariance Coverage
              SCSK26
              ________
 SCSK26         1.000


     PROPORTION OF DATA PRESENT FOR CS


           Covariance Coverage
              SCSJ1         SCOI2         SCCH3         SCIS4         SCSK5
              ________      ________      ________      ________      ________
 SCSJ1          1.000
 SCOI2          1.000         1.000
 SCCH3          1.000         1.000         1.000
 SCIS4          1.000         1.000         1.000         1.000
 SCSK5          1.000         1.000         1.000         1.000         1.000
 SCOI6          1.000         1.000         1.000         1.000         1.000
 SCCH7          1.000         1.000         1.000         1.000         1.000
 SCSJ8          1.000         1.000         1.000         1.000         1.000
 SCMI9          1.000         1.000         1.000         1.000         1.000
 SCCH10         1.000         1.000         1.000         1.000         1.000
 SCSJ11         1.000         1.000         1.000         1.000         1.000
 SCSK12         1.000         1.000         1.000         1.000         1.000
 SCIS13         1.000         1.000         1.000         1.000         1.000
 SCMI14         1.000         1.000         1.000         1.000         1.000
 SCCH15         1.000         1.000         1.000         1.000         1.000
 SCSJ16         1.000         1.000         1.000         1.000         1.000
 SCMI17         1.000         1.000         1.000         1.000         1.000
 SCIS18         1.000         1.000         1.000         1.000         1.000
 SCSK19         1.000         1.000         1.000         1.000         1.000
 SCOI20         1.000         1.000         1.000         1.000         1.000
 SCSJ21         1.000         1.000         1.000         1.000         1.000
 SCMI22         1.000         1.000         1.000         1.000         1.000
 SCSK23         1.000         1.000         1.000         1.000         1.000
 SCOI24         1.000         1.000         1.000         1.000         1.000
 SCIS25         1.000         1.000         1.000         1.000         1.000
 SCSK26         1.000         1.000         1.000         1.000         1.000


           Covariance Coverage
              SCOI6         SCCH7         SCSJ8         SCMI9         SCCH10
              ________      ________      ________      ________      ________
 SCOI6          1.000
 SCCH7          1.000         1.000
 SCSJ8          1.000         1.000         1.000
 SCMI9          1.000         1.000         1.000         1.000
 SCCH10         1.000         1.000         1.000         1.000         1.000
 SCSJ11         1.000         1.000         1.000         1.000         1.000
 SCSK12         1.000         1.000         1.000         1.000         1.000
 SCIS13         1.000         1.000         1.000         1.000         1.000
 SCMI14         1.000         1.000         1.000         1.000         1.000
 SCCH15         1.000         1.000         1.000         1.000         1.000
 SCSJ16         1.000         1.000         1.000         1.000         1.000
 SCMI17         1.000         1.000         1.000         1.000         1.000
 SCIS18         1.000         1.000         1.000         1.000         1.000
 SCSK19         1.000         1.000         1.000         1.000         1.000
 SCOI20         1.000         1.000         1.000         1.000         1.000
 SCSJ21         1.000         1.000         1.000         1.000         1.000
 SCMI22         1.000         1.000         1.000         1.000         1.000
 SCSK23         1.000         1.000         1.000         1.000         1.000
 SCOI24         1.000         1.000         1.000         1.000         1.000
 SCIS25         1.000         1.000         1.000         1.000         1.000
 SCSK26         1.000         1.000         1.000         1.000         1.000


           Covariance Coverage
              SCSJ11        SCSK12        SCIS13        SCMI14        SCCH15
              ________      ________      ________      ________      ________
 SCSJ11         1.000
 SCSK12         1.000         1.000
 SCIS13         1.000         1.000         1.000
 SCMI14         1.000         1.000         1.000         1.000
 SCCH15         1.000         1.000         1.000         1.000         1.000
 SCSJ16         1.000         1.000         1.000         1.000         1.000
 SCMI17         1.000         1.000         1.000         1.000         1.000
 SCIS18         1.000         1.000         1.000         1.000         1.000
 SCSK19         1.000         1.000         1.000         1.000         1.000
 SCOI20         1.000         1.000         1.000         1.000         1.000
 SCSJ21         1.000         1.000         1.000         1.000         1.000
 SCMI22         1.000         1.000         1.000         1.000         1.000
 SCSK23         1.000         1.000         1.000         1.000         1.000
 SCOI24         1.000         1.000         1.000         1.000         1.000
 SCIS25         1.000         1.000         1.000         1.000         1.000
 SCSK26         1.000         1.000         1.000         1.000         1.000


           Covariance Coverage
              SCSJ16        SCMI17        SCIS18        SCSK19        SCOI20
              ________      ________      ________      ________      ________
 SCSJ16         1.000
 SCMI17         1.000         1.000
 SCIS18         1.000         1.000         1.000
 SCSK19         1.000         1.000         1.000         1.000
 SCOI20         1.000         1.000         1.000         1.000         1.000
 SCSJ21         1.000         1.000         1.000         1.000         1.000
 SCMI22         1.000         1.000         1.000         1.000         1.000
 SCSK23         1.000         1.000         1.000         1.000         1.000
 SCOI24         1.000         1.000         1.000         1.000         1.000
 SCIS25         1.000         1.000         1.000         1.000         1.000
 SCSK26         1.000         1.000         1.000         1.000         1.000


           Covariance Coverage
              SCSJ21        SCMI22        SCSK23        SCOI24        SCIS25
              ________      ________      ________      ________      ________
 SCSJ21         1.000
 SCMI22         1.000         1.000
 SCSK23         1.000         1.000         1.000
 SCOI24         1.000         1.000         1.000         1.000
 SCIS25         1.000         1.000         1.000         1.000         1.000
 SCSK26         1.000         1.000         1.000         1.000         1.000


           Covariance Coverage
              SCSK26
              ________
 SCSK26         1.000



UNIVARIATE SAMPLE STATISTICS


     UNIVARIATE HIGHER-ORDER MOMENT DESCRIPTIVE STATISTICS FOR RW

         Variable/         Mean/     Skewness/   Minimum/ % with                Percentiles
        Sample Size      Variance    Kurtosis    Maximum  Min/Max      20%/60%    40%/80%    Median

     SCSJ1                 3.758      -0.764       1.000    6.52%       3.000      4.000      4.000
             322.000       1.389      -0.214       5.000   32.92%       4.000      5.000
     SCOI2                 3.379      -0.378       1.000   11.18%       2.000      3.000      4.000
             322.000       1.732      -1.028       5.000   24.22%       4.000      5.000
     SCCH3                 3.450      -0.307       1.000    4.35%       2.000      3.000      4.000
             322.000       1.198      -0.641       5.000   18.63%       4.000      4.000
     SCIS4                 3.037      -0.043       1.000   14.29%       2.000      3.000      3.000
             322.000       1.657      -1.107       5.000   15.22%       3.000      4.000
     SCSK5                 2.991       0.038       1.000   12.73%       2.000      3.000      3.000
             322.000       1.512      -0.969       5.000   13.35%       3.000      4.000
     SCOI6                 3.553      -0.533       1.000    8.39%       2.000      3.000      4.000
             322.000       1.545      -0.692       5.000   27.64%       4.000      5.000
     SCCH7                 2.742       0.226       1.000   17.08%       2.000      2.000      3.000
             322.000       1.446      -0.863       5.000    9.01%       3.000      4.000
     SCSJ8                 3.189      -0.108       1.000    9.94%       2.000      3.000      3.000
             322.000       1.588      -1.083       5.000   18.32%       4.000      4.000
     SCMI9                 3.363      -0.193       1.000    4.04%       2.000      3.000      3.000
             322.000       1.088      -0.525       5.000   14.91%       4.000      4.000
     SCCH10                2.630       0.276       1.000   18.94%       2.000      2.000      3.000
             322.000       1.351      -0.776       5.000    6.52%       3.000      4.000
     SCSJ11                3.059      -0.029       1.000   13.04%       2.000      3.000      3.000
             322.000       1.615      -1.057       5.000   15.84%       3.000      4.000
     SCSK12                2.733       0.320       1.000   16.15%       2.000      2.000      3.000
             322.000       1.444      -0.769       5.000   10.25%       3.000      4.000
     SCIS13                3.326      -0.408       1.000   10.25%       2.000      3.000      4.000
             322.000       1.512      -0.834       5.000   17.39%       4.000      4.000
     SCMI14                3.155      -0.141       1.000    7.14%       2.000      3.000      3.000
             322.000       1.206      -0.708       5.000   10.87%       4.000      4.000
     SCCH15                3.115      -0.087       1.000   10.25%       2.000      3.000      3.000
             322.000       1.394      -0.802       5.000   13.98%       3.000      4.000
     SCSJ16                3.155      -0.238       1.000   16.46%       2.000      3.000      3.000
             322.000       1.790      -1.101       5.000   18.32%       4.000      4.000
     SCMI17                3.102      -0.081       1.000    6.83%       2.000      3.000      3.000
             322.000       1.129      -0.611       5.000    9.32%       3.000      4.000
     SCIS18                3.463      -0.522       1.000   10.25%       2.000      3.000      4.000
             322.000       1.603      -0.767       5.000   23.60%       4.000      5.000
     SCSK19                2.832       0.154       1.000   13.98%       2.000      2.000      3.000
             322.000       1.369      -0.800       5.000    9.32%       3.000      4.000
     SCOI20                3.227      -0.156       1.000    9.01%       2.000      3.000      3.000
             322.000       1.461      -0.903       5.000   17.39%       4.000      4.000
     SCSJ21                3.087      -0.098       1.000    9.63%       2.000      3.000      3.000
             322.000       1.353      -0.876       5.000   11.49%       3.000      4.000
     SCMI22                2.984       0.066       1.000   10.56%       2.000      3.000      3.000
             322.000       1.351      -0.807       5.000   11.49%       3.000      4.000
     SCSK23                2.745       0.297       1.000   15.84%       2.000      2.000      3.000
             322.000       1.463      -0.859       5.000    9.94%       3.000      4.000
     SCOI24                2.767       0.190       1.000   19.57%       2.000      2.000      3.000
             322.000       1.626      -1.045       5.000   10.87%       3.000      4.000
     SCIS25                3.264      -0.228       1.000   12.42%       2.000      3.000      3.000
             322.000       1.760      -1.106       5.000   22.67%       4.000      5.000
     SCSK26                2.714       0.231       1.000   12.73%       2.000      2.000      3.000
             322.000       1.167      -0.676       5.000    5.28%       3.000      4.000


     UNIVARIATE HIGHER-ORDER MOMENT DESCRIPTIVE STATISTICS FOR CS

         Variable/         Mean/     Skewness/   Minimum/ % with                Percentiles
        Sample Size      Variance    Kurtosis    Maximum  Min/Max      20%/60%    40%/80%    Median

     SCSJ1                 3.712      -0.557       1.000    3.35%       3.000      4.000      4.000
             746.000       1.135      -0.319       5.000   26.68%       4.000      5.000
     SCOI2                 2.524       0.414       1.000   28.82%       1.000      2.000      2.000
             746.000       1.716      -0.979       5.000    9.65%       3.000      4.000
     SCCH3                 3.283      -0.368       1.000    7.10%       2.000      3.000      3.000
             746.000       1.133      -0.364       5.000   11.39%       4.000      4.000
     SCIS4                 2.389       0.568       1.000   32.98%       1.000      2.000      2.000
             746.000       1.696      -0.856       5.000    8.45%       3.000      4.000
     SCSK5                 2.799       0.175       1.000   14.21%       2.000      2.000      3.000
             746.000       1.346      -0.793       5.000    8.45%       3.000      4.000
     SCOI6                 2.725       0.238       1.000   21.05%       1.000      2.000      3.000
             746.000       1.655      -1.037       5.000   10.99%       3.000      4.000
     SCCH7                 2.558       0.336       1.000   25.20%       1.000      2.000      2.000
             746.000       1.539      -0.897       5.000    7.77%       3.000      4.000
     SCSJ8                 2.894       0.018       1.000   18.50%       2.000      2.000      3.000
             746.000       1.666      -1.108       5.000   12.06%       3.000      4.000
     SCMI9                 3.509      -0.416       1.000    3.89%       3.000      3.000      4.000
             746.000       1.060      -0.296       5.000   17.02%       4.000      4.000
     SCCH10                2.611       0.202       1.000   20.91%       1.000      2.000      3.000
             746.000       1.348      -0.844       5.000    5.50%       3.000      4.000
     SCSJ11                2.755       0.185       1.000   18.77%       2.000      2.000      3.000
             746.000       1.552      -1.011       5.000    9.52%       3.000      4.000
     SCSK12                2.668       0.259       1.000   16.09%       2.000      2.000      3.000
             746.000       1.276      -0.739       5.000    6.03%       3.000      4.000
     SCIS13                2.637       0.275       1.000   26.27%       1.000      2.000      2.000
             746.000       1.770      -1.149       5.000   10.19%       3.000      4.000
     SCMI14                3.571      -0.433       1.000    3.22%       3.000      3.000      4.000
             746.000       1.028      -0.265       5.000   18.63%       4.000      4.000
     SCCH15                3.146      -0.158       1.000    8.45%       2.000      3.000      3.000
             746.000       1.259      -0.699       5.000   11.53%       3.000      4.000
     SCSJ16                2.902       0.043       1.000   16.49%       2.000      2.000      3.000
             746.000       1.616      -1.107       5.000   11.66%       3.000      4.000
     SCMI17                3.339      -0.261       1.000    3.62%       3.000      3.000      3.000
             746.000       0.977      -0.384       5.000   10.99%       4.000      4.000
     SCIS18                2.849       0.053       1.000   18.50%       2.000      2.000      3.000
             746.000       1.608      -1.081       5.000   10.59%       3.000      4.000
     SCSK19                2.747       0.189       1.000   14.75%       2.000      2.000      3.000
             746.000       1.272      -0.690       5.000    7.10%       3.000      4.000
     SCOI20                2.373       0.525       1.000   28.55%       1.000      2.000      2.000
             746.000       1.389      -0.614       5.000    5.63%       3.000      3.000
     SCSJ21                2.800       0.115       1.000   15.55%       2.000      2.000      3.000
             746.000       1.364      -0.812       5.000    8.18%       3.000      4.000
     SCMI22                2.858       0.032       1.000   12.60%       2.000      3.000      3.000
             746.000       1.243      -0.753       5.000    6.84%       3.000      4.000
     SCSK23                2.740       0.194       1.000   13.94%       2.000      2.000      3.000
             746.000       1.225      -0.660       5.000    6.43%       3.000      4.000
     SCOI24                2.019       0.981       1.000   42.49%       1.000      1.000      2.000
             746.000       1.278       0.107       5.000    4.02%       2.000      3.000
     SCIS25                2.626       0.216       1.000   28.55%       1.000      2.000      3.000
             746.000       1.784      -1.210       5.000    9.12%       3.000      4.000
     SCSK26                2.788       0.129       1.000   11.26%       2.000      2.000      3.000
             746.000       1.113      -0.596       5.000    5.36%       3.000      4.000


     NO CONVERGENCE.  NUMBER OF ITERATIONS EXCEEDED.

     WARNING:  THE RESIDUAL COVARIANCE MATRIX (THETA) IN GROUP RW IS NOT
     POSITIVE DEFINITE.  THIS COULD INDICATE A NEGATIVE VARIANCE/RESIDUAL
     VARIANCE FOR AN OBSERVED VARIABLE, A CORRELATION GREATER OR EQUAL TO ONE
     BETWEEN TWO OBSERVED VARIABLES, OR A LINEAR DEPENDENCY AMONG MORE THAN TWO
     OBSERVED VARIABLES.  CHECK THE RESULTS SECTION FOR MORE INFORMATION.
     PROBLEM INVOLVING VARIABLE SCIS13.


     WARNING:  THE RESIDUAL COVARIANCE MATRIX (THETA) IN GROUP CS IS NOT
     POSITIVE DEFINITE.  THIS COULD INDICATE A NEGATIVE VARIANCE/RESIDUAL
     VARIANCE FOR AN OBSERVED VARIABLE, A CORRELATION GREATER OR EQUAL TO ONE
     BETWEEN TWO OBSERVED VARIABLES, OR A LINEAR DEPENDENCY AMONG MORE THAN TWO
     OBSERVED VARIABLES.  CHECK THE RESULTS SECTION FOR MORE INFORMATION.
     PROBLEM INVOLVING VARIABLE SCIS13.


     THE CHI-SQUARE STATISTIC IS NEGATIVE.
     THE LOGLIKELIHOOD VALUES MAY NOT BE RELIABLE.



MODEL RESULTS

                    Estimate

Group RW

 SK       BY
    SCSK5             -0.358
    SCSK12            -0.373
    SCSK19            -0.494
    SCSK23            -0.757
    SCSK26            -0.591
    SCSJ1              0.744
    SCSJ8              0.961
    SCSJ11             0.962
    SCSJ16             1.056
    SCSJ21             0.612
    SCCH3             -0.039
    SCCH7             -0.031
    SCCH10            -0.064
    SCCH15            -0.373
    SCIS4              0.791
    SCIS13             0.284
    SCIS18             0.705
    SCIS25             0.869
    SCMI9             -0.043
    SCMI14            -0.120
    SCMI17            -0.294
    SCMI22            -0.270
    SCOI2              0.896
    SCOI6              0.868
    SCOI20             0.539
    SCOI24             0.573

 SJ       BY
    SCSK5             -0.188
    SCSK12            -0.237
    SCSK19            -0.210
    SCSK23            -0.071
    SCSK26            -0.084
    SCSJ1              0.000
    SCSJ8              0.025
    SCSJ11             0.047
    SCSJ16             0.156
    SCSJ21            -0.026
    SCCH3             -0.312
    SCCH7             -0.237
    SCCH10            -0.334
    SCCH15            -0.315
    SCIS4              0.416
    SCIS13             0.217
    SCIS18             0.343
    SCIS25             0.463
    SCMI9             -0.459
    SCMI14            -0.469
    SCMI17            -0.396
    SCMI22            -0.249
    SCOI2              0.442
    SCOI6              0.375
    SCOI20             0.529
    SCOI24             0.486

 CH       BY
    SCSK5              0.726
    SCSK12             0.676
    SCSK19             0.701
    SCSK23             0.348
    SCSK26             0.505
    SCSJ1              0.000
    SCSJ8             -0.165
    SCSJ11            -0.029
    SCSJ16            -0.098
    SCSJ21            -0.091
    SCCH3              0.412
    SCCH7              0.553
    SCCH10             0.512
    SCCH15             0.489
    SCIS4              0.073
    SCIS13             0.167
    SCIS18             0.157
    SCIS25             0.070
    SCMI9              0.423
    SCMI14             0.436
    SCMI17             0.357
    SCMI22             0.433
    SCOI2              0.000
    SCOI6              0.123
    SCOI20             0.010
    SCOI24             0.013

 IS       BY
    SCSK5             -0.413
    SCSK12            -0.524
    SCSK19            -0.392
    SCSK23            -0.143
    SCSK26            -0.203
    SCSJ1              0.000
    SCSJ8             -0.003
    SCSJ11            -0.020
    SCSJ16            -0.038
    SCSJ21             0.167
    SCCH3              0.000
    SCCH7             -0.461
    SCCH10            -0.423
    SCCH15            -0.157
    SCIS4              0.118
    SCIS13             0.186
    SCIS18             0.035
    SCIS25             0.053
    SCMI9              0.228
    SCMI14             0.257
    SCMI17            -0.030
    SCMI22            -0.333
    SCOI2              0.000
    SCOI6              0.113
    SCOI20            -0.312
    SCOI24            -0.179

 MI       BY
    SCSK5              0.238
    SCSK12             0.320
    SCSK19             0.382
    SCSK23             0.183
    SCSK26             0.221
    SCSJ1              0.000
    SCSJ8             -0.275
    SCSJ11            -0.106
    SCSJ16            -0.022
    SCSJ21            -0.196
    SCCH3              0.000
    SCCH7             -0.171
    SCCH10            -0.121
    SCCH15             0.170
    SCIS4              0.000
    SCIS13            -0.080
    SCIS18             0.056
    SCIS25             0.121
    SCMI9              0.219
    SCMI14             0.475
    SCMI17             0.265
    SCMI22             0.247
    SCOI2              0.000
    SCOI6              0.062
    SCOI20             0.079
    SCOI24             0.076

 OI       BY
    SCSK5              0.000
    SCSK12            -0.057
    SCSK19             0.040
    SCSK23             0.486
    SCSK26             0.249
    SCSJ1              0.000
    SCSJ8              0.286
    SCSJ11            -0.050
    SCSJ16            -0.037
    SCSJ21             0.252
    SCCH3              0.000
    SCCH7             -0.267
    SCCH10            -0.184
    SCCH15             0.145
    SCIS4              0.000
    SCIS13            -0.365
    SCIS18            -0.148
    SCIS25            -0.049
    SCMI9              0.042
    SCMI14            -0.007
    SCMI17             0.129
    SCMI22             0.193
    SCOI2              0.000
    SCOI6             -0.045
    SCOI20             0.080
    SCOI24            -0.031

 PO       BY
    SCSK5             -0.153
    SCSK12            -0.162
    SCSK19            -0.173
    SCSK23             0.306
    SCSK26             0.218
    SCCH3              0.222
    SCCH7              0.468
    SCCH10             0.521
    SCCH15             0.400
    SCMI9              0.117
    SCMI14             0.223
    SCMI17             0.253
    SCMI22             0.220

 NE       BY
    SCSJ1              0.130
    SCSJ8              0.299
    SCSJ11             0.231
    SCSJ16             0.226
    SCSJ21             0.175
    SCIS4              0.241
    SCIS13             1.534
    SCIS18             0.410
    SCIS25             0.268
    SCOI2              0.262
    SCOI6              0.166
    SCOI20             0.249
    SCOI24             0.158

 PO       WITH
    SK                 0.000
    SJ                 0.000
    CH                 0.000
    IS                 0.000
    MI                 0.000
    OI                 0.000

 NE       WITH
    SK                 0.000
    SJ                 0.000
    CH                 0.000
    IS                 0.000
    MI                 0.000
    OI                 0.000
    PO                -0.074

 SJ       WITH
    SK                 0.000

 CH       WITH
    SK                 0.000
    SJ                 0.000

 IS       WITH
    SK                 0.000
    SJ                 0.000
    CH                 0.000

 MI       WITH
    SK                 0.000
    SJ                 0.000
    CH                 0.000
    IS                 0.000

 OI       WITH
    SK                 0.000
    SJ                 0.000
    CH                 0.000
    IS                 0.000
    MI                 0.000

 Means
    SK                 0.000
    SJ                 0.000
    CH                 0.000
    IS                 0.000
    MI                 0.000
    OI                 0.000
    PO                 0.000
    NE                 0.000

 Intercepts
    SCSJ1              3.759
    SCOI2              3.377
    SCCH3              3.452
    SCIS4              3.038
    SCSK5              2.990
    SCOI6              3.554
    SCCH7              2.743
    SCSJ8              3.191
    SCMI9              3.364
    SCCH10             2.632
    SCSJ11             3.059
    SCSK12             2.732
    SCIS13             3.324
    SCMI14             3.157
    SCCH15             3.119
    SCSJ16             3.156
    SCMI17             3.105
    SCIS18             3.461
    SCSK19             2.832
    SCOI20             3.228
    SCSJ21             3.089
    SCMI22             2.988
    SCSK23             2.749
    SCOI24             2.769
    SCIS25             3.267
    SCSK26             2.716

 Variances
    SK                 1.000
    SJ                 1.000
    CH                 1.000
    IS                 1.000
    MI                 1.000
    OI                 1.000
    PO                 1.000
    NE                 1.000

 Residual Variances
    SCSJ1              0.677
    SCOI2              0.715
    SCCH3              0.843
    SCIS4              0.782
    SCSK5              0.542
    SCOI6              0.619
    SCCH7              0.497
    SCSJ8              0.447
    SCMI9              0.581
    SCCH10             0.394
    SCSJ11             0.632
    SCSK12             0.421
    SCIS13            -1.163
    SCMI14             0.404
    SCCH15             0.712
    SCSJ16             0.630
    SCMI17             0.598
    SCIS18             0.678
    SCSK19             0.297
    SCOI20             0.788
    SCSJ21             0.821
    SCMI22             0.710
    SCSK23             0.440
    SCOI24             1.013
    SCIS25             0.631
    SCSK26             0.403

Group CS

 SK       BY
    SCSK5             -0.358
    SCSK12            -0.373
    SCSK19            -0.494
    SCSK23            -0.757
    SCSK26            -0.591
    SCSJ1              0.744
    SCSJ8              0.961
    SCSJ11             0.962
    SCSJ16             1.056
    SCSJ21             0.612
    SCCH3             -0.039
    SCCH7             -0.031
    SCCH10            -0.064
    SCCH15            -0.373
    SCIS4              0.791
    SCIS13             0.284
    SCIS18             0.705
    SCIS25             0.869
    SCMI9             -0.043
    SCMI14            -0.120
    SCMI17            -0.294
    SCMI22            -0.270
    SCOI2              0.896
    SCOI6              0.868
    SCOI20             0.539
    SCOI24             0.573

 SJ       BY
    SCSK5             -0.188
    SCSK12            -0.237
    SCSK19            -0.210
    SCSK23            -0.071
    SCSK26            -0.084
    SCSJ1              0.000
    SCSJ8              0.025
    SCSJ11             0.047
    SCSJ16             0.156
    SCSJ21            -0.026
    SCCH3             -0.312
    SCCH7             -0.237
    SCCH10            -0.334
    SCCH15            -0.315
    SCIS4              0.416
    SCIS13             0.217
    SCIS18             0.343
    SCIS25             0.463
    SCMI9             -0.459
    SCMI14            -0.469
    SCMI17            -0.396
    SCMI22            -0.249
    SCOI2              0.442
    SCOI6              0.375
    SCOI20             0.529
    SCOI24             0.486

 CH       BY
    SCSK5              0.726
    SCSK12             0.676
    SCSK19             0.701
    SCSK23             0.348
    SCSK26             0.505
    SCSJ1              0.000
    SCSJ8             -0.165
    SCSJ11            -0.029
    SCSJ16            -0.098
    SCSJ21            -0.091
    SCCH3              0.412
    SCCH7              0.553
    SCCH10             0.512
    SCCH15             0.489
    SCIS4              0.073
    SCIS13             0.167
    SCIS18             0.157
    SCIS25             0.070
    SCMI9              0.423
    SCMI14             0.436
    SCMI17             0.357
    SCMI22             0.433
    SCOI2              0.000
    SCOI6              0.123
    SCOI20             0.010
    SCOI24             0.013

 IS       BY
    SCSK5             -0.413
    SCSK12            -0.524
    SCSK19            -0.392
    SCSK23            -0.143
    SCSK26            -0.203
    SCSJ1              0.000
    SCSJ8             -0.003
    SCSJ11            -0.020
    SCSJ16            -0.038
    SCSJ21             0.167
    SCCH3              0.000
    SCCH7             -0.461
    SCCH10            -0.423
    SCCH15            -0.157
    SCIS4              0.118
    SCIS13             0.186
    SCIS18             0.035
    SCIS25             0.053
    SCMI9              0.228
    SCMI14             0.257
    SCMI17            -0.030
    SCMI22            -0.333
    SCOI2              0.000
    SCOI6              0.113
    SCOI20            -0.312
    SCOI24            -0.179

 MI       BY
    SCSK5              0.238
    SCSK12             0.320
    SCSK19             0.382
    SCSK23             0.183
    SCSK26             0.221
    SCSJ1              0.000
    SCSJ8             -0.275
    SCSJ11            -0.106
    SCSJ16            -0.022
    SCSJ21            -0.196
    SCCH3              0.000
    SCCH7             -0.171
    SCCH10            -0.121
    SCCH15             0.170
    SCIS4              0.000
    SCIS13            -0.080
    SCIS18             0.056
    SCIS25             0.121
    SCMI9              0.219
    SCMI14             0.475
    SCMI17             0.265
    SCMI22             0.247
    SCOI2              0.000
    SCOI6              0.062
    SCOI20             0.079
    SCOI24             0.076

 OI       BY
    SCSK5              0.000
    SCSK12            -0.057
    SCSK19             0.040
    SCSK23             0.486
    SCSK26             0.249
    SCSJ1              0.000
    SCSJ8              0.286
    SCSJ11            -0.050
    SCSJ16            -0.037
    SCSJ21             0.252
    SCCH3              0.000
    SCCH7             -0.267
    SCCH10            -0.184
    SCCH15             0.145
    SCIS4              0.000
    SCIS13            -0.365
    SCIS18            -0.148
    SCIS25            -0.049
    SCMI9              0.042
    SCMI14            -0.007
    SCMI17             0.129
    SCMI22             0.193
    SCOI2              0.000
    SCOI6             -0.045
    SCOI20             0.080
    SCOI24            -0.031

 PO       BY
    SCSK5             -0.153
    SCSK12            -0.162
    SCSK19            -0.173
    SCSK23             0.306
    SCSK26             0.218
    SCCH3              0.222
    SCCH7              0.468
    SCCH10             0.521
    SCCH15             0.400
    SCMI9              0.117
    SCMI14             0.223
    SCMI17             0.253
    SCMI22             0.220

 NE       BY
    SCSJ1              0.130
    SCSJ8              0.299
    SCSJ11             0.231
    SCSJ16             0.226
    SCSJ21             0.175
    SCIS4              0.241
    SCIS13             1.534
    SCIS18             0.410
    SCIS25             0.268
    SCOI2              0.262
    SCOI6              0.166
    SCOI20             0.249
    SCOI24             0.158

 PO       WITH
    SK                 0.000
    SJ                 0.000
    CH                 0.000
    IS                 0.000
    MI                 0.000
    OI                 0.000

 NE       WITH
    SK                 0.000
    SJ                 0.000
    CH                 0.000
    IS                 0.000
    MI                 0.000
    OI                 0.000
    PO                -0.027

 SJ       WITH
    SK                -0.058

 CH       WITH
    SK                 0.431
    SJ                 1.061

 IS       WITH
    SK                 0.079
    SJ                 0.637
    CH                 0.529

 MI       WITH
    SK                -0.300
    SJ                -1.036
    CH                -1.278
    IS                -0.535

 OI       WITH
    SK                 0.244
    SJ                -0.182
    CH                 0.289
    IS                -0.162
    MI                 0.156

 Means
    SK                 0.163
    SJ                -1.486
    CH                -0.049
    IS                 1.411
    MI                 1.270
    OI                -0.579
    PO                 1.000
    NE                -1.298

 Intercepts
    SCSJ1              3.759
    SCOI2              3.377
    SCCH3              2.624
    SCIS4              3.026
    SCSK5              3.045
    SCOI6              3.098
    SCCH7              2.481
    SCSJ8              3.675
    SCMI9              2.161
    SCCH10             2.274
    SCSJ11             3.101
    SCSK12             2.870
    SCIS13             4.539
    SCMI14             1.723
    SCCH15             2.452
    SCSJ16             3.313
    SCMI17             2.346
    SCIS18             3.578
    SCSK19             2.813
    SCOI20             3.781
    SCSJ21             3.042
    SCMI22             2.599
    SCSK23             2.719
    SCOI24             2.991
    SCIS25             3.267
    SCSK26             2.716

 Variances
    SK                 0.840
    SJ                 1.990
    CH                 2.142
    IS                 1.247
    MI                 1.966
    OI                 1.064
    PO                 1.000
    NE                 1.000

 Residual Variances
    SCSJ1              0.717
    SCOI2              0.614
    SCCH3              0.828
    SCIS4              0.573
    SCSK5              0.622
    SCOI6              0.531
    SCCH7              0.663
    SCSJ8              0.490
    SCMI9              0.602
    SCCH10             0.557
    SCSJ11             0.680
    SCSK12             0.413
    SCIS13            -1.273
    SCMI14             0.298
    SCCH15             0.642
    SCSJ16             0.686
    SCMI17             0.431
    SCIS18             0.673
    SCSK19             0.405
    SCOI20             0.687
    SCSJ21             0.773
    SCMI22             0.644
    SCSK23             0.369
    SCOI24             0.687
    SCIS25             0.741
    SCSK26             0.477


CFA MODEL COMMAND WITH FINAL ROTATED ESTIMATES USED AS STARTING VALUES

     sk BY scsk5;
     sk BY scsk12;
     sk BY scsk19;
     sk BY scsk23;
     sk BY scsk26;
     sk BY scsj1;
     sk BY scsj8;
     sk BY scsj11;
     sk BY scsj16;
     sk BY scsj21;
     sk BY scch3;
     sk BY scch7;
     sk BY scch10;
     sk BY scch15;
     sk BY scis4;
     sk BY scis13;
     sk BY scis18;
     sk BY scis25;
     sk BY scmi9;
     sk BY scmi14;
     sk BY scmi17;
     sk BY scmi22;
     sk BY scoi2;
     sk BY scoi6;
     sk BY scoi20;
     sk BY scoi24;
     sj BY scsk5;
     sj BY scsk12;
     sj BY scsk19;
     sj BY scsk23;
     sj BY scsk26;
     sj BY scsj1;
     sj BY scsj8;
     sj BY scsj11;
     sj BY scsj16;
     sj BY scsj21;
     sj BY scch3;
     sj BY scch7;
     sj BY scch10;
     sj BY scch15;
     sj BY scis4;
     sj BY scis13;
     sj BY scis18;
     sj BY scis25;
     sj BY scmi9;
     sj BY scmi14;
     sj BY scmi17;
     sj BY scmi22;
     sj BY scoi2;
     sj BY scoi6;
     sj BY scoi20;
     sj BY scoi24;
     ch BY scsk5;
     ch BY scsk12;
     ch BY scsk19;
     ch BY scsk23;
     ch BY scsk26;
     ch BY scsj1;
     ch BY scsj8;
     ch BY scsj11;
     ch BY scsj16;
     ch BY scsj21;
     ch BY scch3;
     ch BY scch7;
     ch BY scch10;
     ch BY scch15;
     ch BY scis4;
     ch BY scis13;
     ch BY scis18;
     ch BY scis25;
     ch BY scmi9;
     ch BY scmi14;
     ch BY scmi17;
     ch BY scmi22;
     ch BY scoi2;
     ch BY scoi6;
     ch BY scoi20;
     ch BY scoi24;
     is BY scsk5;
     is BY scsk12;
     is BY scsk19;
     is BY scsk23;
     is BY scsk26;
     is BY scsj1;
     is BY scsj8;
     is BY scsj11;
     is BY scsj16;
     is BY scsj21;
     is BY scch3;
     is BY scch7;
     is BY scch10;
     is BY scch15;
     is BY scis4;
     is BY scis13;
     is BY scis18;
     is BY scis25;
     is BY scmi9;
     is BY scmi14;
     is BY scmi17;
     is BY scmi22;
     is BY scoi2;
     is BY scoi6;
     is BY scoi20;
     is BY scoi24;
     mi BY scsk5;
     mi BY scsk12;
     mi BY scsk19;
     mi BY scsk23;
     mi BY scsk26;
     mi BY scsj1;
     mi BY scsj8;
     mi BY scsj11;
     mi BY scsj16;
     mi BY scsj21;
     mi BY scch3;
     mi BY scch7;
     mi BY scch10;
     mi BY scch15;
     mi BY scis4;
     mi BY scis13;
     mi BY scis18;
     mi BY scis25;
     mi BY scmi9;
     mi BY scmi14;
     mi BY scmi17;
     mi BY scmi22;
     mi BY scoi2;
     mi BY scoi6;
     mi BY scoi20;
     mi BY scoi24;
     oi BY scsk5;
     oi BY scsk12;
     oi BY scsk19;
     oi BY scsk23;
     oi BY scsk26;
     oi BY scsj1;
     oi BY scsj8;
     oi BY scsj11;
     oi BY scsj16;
     oi BY scsj21;
     oi BY scch3;
     oi BY scch7;
     oi BY scch10;
     oi BY scch15;
     oi BY scis4;
     oi BY scis13;
     oi BY scis18;
     oi BY scis25;
     oi BY scmi9;
     oi BY scmi14;
     oi BY scmi17;
     oi BY scmi22;
     oi BY scoi2;
     oi BY scoi6;
     oi BY scoi20;
     oi BY scoi24;
     po BY scsk5;
     po BY scsk12;
     po BY scsk19;
     po BY scsk23;
     po BY scsk26;
     po BY scch3;
     po BY scch7;
     po BY scch10;
     po BY scch15;
     po BY scmi9;
     po BY scmi14;
     po BY scmi17;
     po BY scmi22;
     ne BY scsj1;
     ne BY scsj8;
     ne BY scsj11;
     ne BY scsj16;
     ne BY scsj21;
     ne BY scis4;
     ne BY scis13;
     ne BY scis18;
     ne BY scis25;
     ne BY scoi2;
     ne BY scoi6;
     ne BY scoi20;
     ne BY scoi24;

  MODEL RW:

     sk BY scsk5*-0.35782 (35);
     sk BY scsk12*-0.37282 (49);
     sk BY scsk19*-0.49407 (63);
     sk BY scsk23*-0.75707 (71);
     sk BY scsk26*-0.59131 (77);
     sk BY scsj1*0.74366;
     sk BY scsj8*0.96098;
     sk BY scsj11*0.96159;
     sk BY scsj16*1.05562;
     sk BY scsj21*0.61230;
     sk BY scch3*-0.03936;
     sk BY scch7*-0.03110;
     sk BY scch10*-0.06435;
     sk BY scch15*-0.37303;
     sk BY scis4*0.79071;
     sk BY scis13*0.28396;
     sk BY scis18*0.70521;
     sk BY scis25*0.86874;
     sk BY scmi9*-0.04324;
     sk BY scmi14*-0.12045;
     sk BY scmi17*-0.29394;
     sk BY scmi22*-0.26975;
     sk BY scoi2*0.89602;
     sk BY scoi6*0.86838;
     sk BY scoi20*0.53890;
     sk BY scoi24*0.57320;
     sj BY scsk5*-0.18835;
     sj BY scsk12*-0.23714;
     sj BY scsk19*-0.21031;
     sj BY scsk23*-0.07066;
     sj BY scsk26*-0.08379;
     sj BY scsj1*0 (27);
     sj BY scsj8*0.02526 (41);
     sj BY scsj11*0.04717 (47);
     sj BY scsj16*0.15585 (57);
     sj BY scsj21*-0.02600 (67);
     sj BY scch3*-0.31230;
     sj BY scch7*-0.23736;
     sj BY scch10*-0.33406;
     sj BY scch15*-0.31512;
     sj BY scis4*0.41576;
     sj BY scis13*0.21672;
     sj BY scis18*0.34315;
     sj BY scis25*0.46312;
     sj BY scmi9*-0.45899;
     sj BY scmi14*-0.46856;
     sj BY scmi17*-0.39584;
     sj BY scmi22*-0.24933;
     sj BY scoi2*0.44217;
     sj BY scoi6*0.37500;
     sj BY scoi20*0.52885;
     sj BY scoi24*0.48600;
     ch BY scsk5*0.72556;
     ch BY scsk12*0.67578;
     ch BY scsk19*0.70096;
     ch BY scsk23*0.34780;
     ch BY scsk26*0.50467;
     ch BY scsj1*0;
     ch BY scsj8*-0.16480;
     ch BY scsj11*-0.02940;
     ch BY scsj16*-0.09789;
     ch BY scsj21*-0.09076;
     ch BY scch3*0.41204 (31);
     ch BY scch7*0.55315 (39);
     ch BY scch10*0.51156 (45);
     ch BY scch15*0.48949 (55);
     ch BY scis4*0.07317;
     ch BY scis13*0.16668;
     ch BY scis18*0.15682;
     ch BY scis25*0.07036;
     ch BY scmi9*0.42325;
     ch BY scmi14*0.43563;
     ch BY scmi17*0.35718;
     ch BY scmi22*0.43285;
     ch BY scoi2*0;
     ch BY scoi6*0.12311;
     ch BY scoi20*0.01010;
     ch BY scoi24*0.01341;
     is BY scsk5*-0.41302;
     is BY scsk12*-0.52418;
     is BY scsk19*-0.39245;
     is BY scsk23*-0.14326;
     is BY scsk26*-0.20276;
     is BY scsj1*0;
     is BY scsj8*-0.00307;
     is BY scsj11*-0.01972;
     is BY scsj16*-0.03845;
     is BY scsj21*0.16679;
     is BY scch3*0;
     is BY scch7*-0.46119;
     is BY scch10*-0.42333;
     is BY scch15*-0.15720;
     is BY scis4*0.11834 (33);
     is BY scis13*0.18572 (51);
     is BY scis18*0.03453 (61);
     is BY scis25*0.05251 (75);
     is BY scmi9*0.22845;
     is BY scmi14*0.25715;
     is BY scmi17*-0.03049;
     is BY scmi22*-0.33305;
     is BY scoi2*0;
     is BY scoi6*0.11276;
     is BY scoi20*-0.31191;
     is BY scoi24*-0.17861;
     mi BY scsk5*0.23756;
     mi BY scsk12*0.32039;
     mi BY scsk19*0.38179;
     mi BY scsk23*0.18284;
     mi BY scsk26*0.22053;
     mi BY scsj1*0;
     mi BY scsj8*-0.27499;
     mi BY scsj11*-0.10612;
     mi BY scsj16*-0.02225;
     mi BY scsj21*-0.19582;
     mi BY scch3*0;
     mi BY scch7*-0.17091;
     mi BY scch10*-0.12148;
     mi BY scch15*0.16958;
     mi BY scis4*0;
     mi BY scis13*-0.07980;
     mi BY scis18*0.05589;
     mi BY scis25*0.12100;
     mi BY scmi9*0.21890 (43);
     mi BY scmi14*0.47548 (53);
     mi BY scmi17*0.26462 (59);
     mi BY scmi22*0.24750 (69);
     mi BY scoi2*0;
     mi BY scoi6*0.06169;
     mi BY scoi20*0.07943;
     mi BY scoi24*0.07612;
     oi BY scsk5*0;
     oi BY scsk12*-0.05718;
     oi BY scsk19*0.03964;
     oi BY scsk23*0.48629;
     oi BY scsk26*0.24866;
     oi BY scsj1*0;
     oi BY scsj8*0.28570;
     oi BY scsj11*-0.05007;
     oi BY scsj16*-0.03663;
     oi BY scsj21*0.25162;
     oi BY scch3*0;
     oi BY scch7*-0.26703;
     oi BY scch10*-0.18387;
     oi BY scch15*0.14458;
     oi BY scis4*0;
     oi BY scis13*-0.36495;
     oi BY scis18*-0.14797;
     oi BY scis25*-0.04861;
     oi BY scmi9*0.04188;
     oi BY scmi14*-0.00735;
     oi BY scmi17*0.12928;
     oi BY scmi22*0.19258;
     oi BY scoi2*0 (29);
     oi BY scoi6*-0.04547 (37);
     oi BY scoi20*0.08036 (65);
     oi BY scoi24*-0.03055 (73);
     po BY scsk5*-0.15338 (36);
     po BY scsk12*-0.16164 (50);
     po BY scsk19*-0.17347 (64);
     po BY scsk23*0.30625 (72);
     po BY scsk26*0.21841 (78);
     po BY scch3*0.22245 (32);
     po BY scch7*0.46807 (40);
     po BY scch10*0.52051 (46);
     po BY scch15*0.39955 (56);
     po BY scmi9*0.11747 (44);
     po BY scmi14*0.22290 (54);
     po BY scmi17*0.25328 (60);
     po BY scmi22*0.22039 (70);
     ne BY scsj1*0.12973 (28);
     ne BY scsj8*0.29928 (42);
     ne BY scsj11*0.23095 (48);
     ne BY scsj16*0.22573 (58);
     ne BY scsj21*0.17541 (68);
     ne BY scis4*0.24149 (34);
     ne BY scis13*1.53370 (52);
     ne BY scis18*0.41029 (62);
     ne BY scis25*0.26766 (76);
     ne BY scoi2*0.26218 (30);
     ne BY scoi6*0.16607 (38);
     ne BY scoi20*0.24941 (66);
     ne BY scoi24*0.15822 (74);

     po WITH sk@0;
     po WITH sj@0;
     po WITH ch@0;
     po WITH is@0;
     po WITH mi@0;
     po WITH oi@0;
     ne WITH sk@0;
     ne WITH sj@0;
     ne WITH ch@0;
     ne WITH is@0;
     ne WITH mi@0;
     ne WITH oi@0;
     ne WITH po*-0.07441;
     sj WITH sk*0;
     ch WITH sk*0;
     ch WITH sj*0;
     is WITH sk*0;
     is WITH sj*0;
     is WITH ch*0;
     mi WITH sk*0;
     mi WITH sj*0;
     mi WITH ch*0;
     mi WITH is*0;
     oi WITH sk*0;
     oi WITH sj*0;
     oi WITH ch*0;
     oi WITH is*0;
     oi WITH mi*0;

     [ scsj1*3.75933 ] (1);
     [ scoi2*3.37654 ] (2);
     [ scch3*3.45168 ];
     [ scis4*3.03770 ];
     [ scsk5*2.99019 ];
     [ scoi6*3.55402 ];
     [ scch7*2.74337 ];
     [ scsj8*3.19098 ];
     [ scmi9*3.36443 ];
     [ scch10*2.63196 ];
     [ scsj11*3.05904 ];
     [ scsk12*2.73227 ];
     [ scis13*3.32440 ];
     [ scmi14*3.15656 ];
     [ scch15*3.11861 ];
     [ scsj16*3.15574 ];
     [ scmi17*3.10491 ];
     [ scis18*3.46148 ];
     [ scsk19*2.83226 ];
     [ scoi20*3.22842 ];
     [ scsj21*3.08889 ];
     [ scmi22*2.98789 ];
     [ scsk23*2.74905 ];
     [ scoi24*2.76948 ];
     [ scis25*3.26694 ] (25);
     [ scsk26*2.71597 ] (26);
     [ sk@0 ];
     [ sj@0 ];
     [ ch@0 ];
     [ is@0 ];
     [ mi@0 ];
     [ oi@0 ];
     [ po@0 ];
     [ ne@0 ];

     scsj1*0.67658;
     scoi2*0.71478;
     scch3*0.84320;
     scis4*0.78222;
     scsk5*0.54190;
     scoi6*0.61948;
     scch7*0.49711;
     scsj8*0.44667;
     scmi9*0.58102;
     scch10*0.39423;
     scsj11*0.63169;
     scsk12*0.42060;
     scis13*-1.16293;
     scmi14*0.40371;
     scch15*0.71170;
     scsj16*0.62966;
     scmi17*0.59816;
     scis18*0.67849;
     scsk19*0.29702;
     scoi20*0.78829;
     scsj21*0.82080;
     scmi22*0.71026;
     scsk23*0.43965;
     scoi24*1.01252;
     scis25*0.63126;
     scsk26*0.40287;
     sk@1;
     sj@1;
     ch@1;
     is@1;
     mi@1;
     oi@1;
     po@1;
     ne@1;

  MODEL CS:

     sk BY scsk5*-0.35782 (35);
     sk BY scsk12*-0.37282 (49);
     sk BY scsk19*-0.49407 (63);
     sk BY scsk23*-0.75707 (71);
     sk BY scsk26*-0.59131 (77);
     sk BY scsj1*0.74366;
     sk BY scsj8*0.96098;
     sk BY scsj11*0.96159;
     sk BY scsj16*1.05562;
     sk BY scsj21*0.61230;
     sk BY scch3*-0.03936;
     sk BY scch7*-0.03110;
     sk BY scch10*-0.06435;
     sk BY scch15*-0.37303;
     sk BY scis4*0.79071;
     sk BY scis13*0.28396;
     sk BY scis18*0.70521;
     sk BY scis25*0.86874;
     sk BY scmi9*-0.04324;
     sk BY scmi14*-0.12045;
     sk BY scmi17*-0.29394;
     sk BY scmi22*-0.26975;
     sk BY scoi2*0.89602;
     sk BY scoi6*0.86838;
     sk BY scoi20*0.53890;
     sk BY scoi24*0.57320;
     sj BY scsk5*-0.18835;
     sj BY scsk12*-0.23714;
     sj BY scsk19*-0.21031;
     sj BY scsk23*-0.07066;
     sj BY scsk26*-0.08379;
     sj BY scsj1*0 (27);
     sj BY scsj8*0.02526 (41);
     sj BY scsj11*0.04717 (47);
     sj BY scsj16*0.15585 (57);
     sj BY scsj21*-0.02600 (67);
     sj BY scch3*-0.31230;
     sj BY scch7*-0.23736;
     sj BY scch10*-0.33406;
     sj BY scch15*-0.31512;
     sj BY scis4*0.41576;
     sj BY scis13*0.21672;
     sj BY scis18*0.34315;
     sj BY scis25*0.46312;
     sj BY scmi9*-0.45899;
     sj BY scmi14*-0.46856;
     sj BY scmi17*-0.39584;
     sj BY scmi22*-0.24933;
     sj BY scoi2*0.44217;
     sj BY scoi6*0.37500;
     sj BY scoi20*0.52885;
     sj BY scoi24*0.48600;
     ch BY scsk5*0.72556;
     ch BY scsk12*0.67578;
     ch BY scsk19*0.70096;
     ch BY scsk23*0.34780;
     ch BY scsk26*0.50467;
     ch BY scsj1*0;
     ch BY scsj8*-0.16480;
     ch BY scsj11*-0.02940;
     ch BY scsj16*-0.09789;
     ch BY scsj21*-0.09076;
     ch BY scch3*0.41204 (31);
     ch BY scch7*0.55315 (39);
     ch BY scch10*0.51156 (45);
     ch BY scch15*0.48949 (55);
     ch BY scis4*0.07317;
     ch BY scis13*0.16668;
     ch BY scis18*0.15682;
     ch BY scis25*0.07036;
     ch BY scmi9*0.42325;
     ch BY scmi14*0.43563;
     ch BY scmi17*0.35718;
     ch BY scmi22*0.43285;
     ch BY scoi2*0;
     ch BY scoi6*0.12311;
     ch BY scoi20*0.01010;
     ch BY scoi24*0.01341;
     is BY scsk5*-0.41302;
     is BY scsk12*-0.52418;
     is BY scsk19*-0.39245;
     is BY scsk23*-0.14326;
     is BY scsk26*-0.20276;
     is BY scsj1*0;
     is BY scsj8*-0.00307;
     is BY scsj11*-0.01972;
     is BY scsj16*-0.03845;
     is BY scsj21*0.16679;
     is BY scch3*0;
     is BY scch7*-0.46119;
     is BY scch10*-0.42333;
     is BY scch15*-0.15720;
     is BY scis4*0.11834 (33);
     is BY scis13*0.18572 (51);
     is BY scis18*0.03453 (61);
     is BY scis25*0.05251 (75);
     is BY scmi9*0.22845;
     is BY scmi14*0.25715;
     is BY scmi17*-0.03049;
     is BY scmi22*-0.33305;
     is BY scoi2*0;
     is BY scoi6*0.11276;
     is BY scoi20*-0.31191;
     is BY scoi24*-0.17861;
     mi BY scsk5*0.23756;
     mi BY scsk12*0.32039;
     mi BY scsk19*0.38179;
     mi BY scsk23*0.18284;
     mi BY scsk26*0.22053;
     mi BY scsj1*0;
     mi BY scsj8*-0.27499;
     mi BY scsj11*-0.10612;
     mi BY scsj16*-0.02225;
     mi BY scsj21*-0.19582;
     mi BY scch3*0;
     mi BY scch7*-0.17091;
     mi BY scch10*-0.12148;
     mi BY scch15*0.16958;
     mi BY scis4*0;
     mi BY scis13*-0.07980;
     mi BY scis18*0.05589;
     mi BY scis25*0.12100;
     mi BY scmi9*0.21890 (43);
     mi BY scmi14*0.47548 (53);
     mi BY scmi17*0.26462 (59);
     mi BY scmi22*0.24750 (69);
     mi BY scoi2*0;
     mi BY scoi6*0.06169;
     mi BY scoi20*0.07943;
     mi BY scoi24*0.07612;
     oi BY scsk5*0;
     oi BY scsk12*-0.05718;
     oi BY scsk19*0.03964;
     oi BY scsk23*0.48629;
     oi BY scsk26*0.24866;
     oi BY scsj1*0;
     oi BY scsj8*0.28570;
     oi BY scsj11*-0.05007;
     oi BY scsj16*-0.03663;
     oi BY scsj21*0.25162;
     oi BY scch3*0;
     oi BY scch7*-0.26703;
     oi BY scch10*-0.18387;
     oi BY scch15*0.14458;
     oi BY scis4*0;
     oi BY scis13*-0.36495;
     oi BY scis18*-0.14797;
     oi BY scis25*-0.04861;
     oi BY scmi9*0.04188;
     oi BY scmi14*-0.00735;
     oi BY scmi17*0.12928;
     oi BY scmi22*0.19258;
     oi BY scoi2*0 (29);
     oi BY scoi6*-0.04547 (37);
     oi BY scoi20*0.08036 (65);
     oi BY scoi24*-0.03055 (73);
     po BY scsk5*-0.15338 (36);
     po BY scsk12*-0.16164 (50);
     po BY scsk19*-0.17347 (64);
     po BY scsk23*0.30625 (72);
     po BY scsk26*0.21841 (78);
     po BY scch3*0.22245 (32);
     po BY scch7*0.46807 (40);
     po BY scch10*0.52051 (46);
     po BY scch15*0.39955 (56);
     po BY scmi9*0.11747 (44);
     po BY scmi14*0.22290 (54);
     po BY scmi17*0.25328 (60);
     po BY scmi22*0.22039 (70);
     ne BY scsj1*0.12973 (28);
     ne BY scsj8*0.29928 (42);
     ne BY scsj11*0.23095 (48);
     ne BY scsj16*0.22573 (58);
     ne BY scsj21*0.17541 (68);
     ne BY scis4*0.24149 (34);
     ne BY scis13*1.53370 (52);
     ne BY scis18*0.41029 (62);
     ne BY scis25*0.26766 (76);
     ne BY scoi2*0.26218 (30);
     ne BY scoi6*0.16607 (38);
     ne BY scoi20*0.24941 (66);
     ne BY scoi24*0.15822 (74);

     po WITH sk@0;
     po WITH sj@0;
     po WITH ch@0;
     po WITH is@0;
     po WITH mi@0;
     po WITH oi@0;
     ne WITH sk@0;
     ne WITH sj@0;
     ne WITH ch@0;
     ne WITH is@0;
     ne WITH mi@0;
     ne WITH oi@0;
     ne WITH po*-0.02706;
     sj WITH sk*-0.05806;
     ch WITH sk*0.43146;
     ch WITH sj*1.06103;
     is WITH sk*0.07927;
     is WITH sj*0.63748;
     is WITH ch*0.52920;
     mi WITH sk*-0.29996;
     mi WITH sj*-1.03603;
     mi WITH ch*-1.27844;
     mi WITH is*-0.53533;
     oi WITH sk*0.24445;
     oi WITH sj*-0.18159;
     oi WITH ch*0.28915;
     oi WITH is*-0.16170;
     oi WITH mi*0.15583;

     [ scsj1*3.75933 ] (1);
     [ scoi2*3.37654 ] (2);
     [ scch3*2.62439 ];
     [ scis4*3.02640 ];
     [ scsk5*3.04499 ];
     [ scoi6*3.09788 ];
     [ scch7*2.48128 ];
     [ scsj8*3.67525 ];
     [ scmi9*2.16079 ];
     [ scch10*2.27449 ];
     [ scsj11*3.10111 ];
     [ scsk12*2.87046 ];
     [ scis13*4.53913 ];
     [ scmi14*1.72254 ];
     [ scch15*2.45250 ];
     [ scsj16*3.31333 ];
     [ scmi17*2.34594 ];
     [ scis18*3.57802 ];
     [ scsk19*2.81299 ];
     [ scoi20*3.78112 ];
     [ scsj21*3.04245 ];
     [ scmi22*2.59931 ];
     [ scsk23*2.71853 ];
     [ scoi24*2.99124 ];
     [ scis25*3.26694 ] (25);
     [ scsk26*2.71597 ] (26);
     [ sk*0.16264 ];
     [ sj*-1.48567 ];
     [ ch*-0.04898 ];
     [ is*1.41145 ];
     [ mi*1.27043 ];
     [ oi*-0.57890 ];
     [ po@1 ];
     [ ne*-1.29797 ];

     scsj1*0.71665;
     scoi2*0.61355;
     scch3*0.82778;
     scis4*0.57260;
     scsk5*0.62193;
     scoi6*0.53097;
     scch7*0.66314;
     scsj8*0.49008;
     scmi9*0.60233;
     scch10*0.55717;
     scsj11*0.67975;
     scsk12*0.41270;
     scis13*-1.27345;
     scmi14*0.29808;
     scch15*0.64178;
     scsj16*0.68598;
     scmi17*0.43118;
     scis18*0.67256;
     scsk19*0.40454;
     scoi20*0.68732;
     scsj21*0.77270;
     scmi22*0.64445;
     scsk23*0.36898;
     scoi24*0.68665;
     scis25*0.74080;
     scsk26*0.47729;
     sk*0.84031;
     sj*1.98979;
     ch*2.14213;
     is*1.24747;
     mi*1.96597;
     oi*1.06433;
     po@1;
     ne@1;



     Beginning Time:  13:50:59
        Ending Time:  13:51:02
       Elapsed Time:  00:00:03



MUTHEN & MUTHEN
3463 Stoner Ave.
Los Angeles, CA  90066

Tel: (310) 391-9971
Fax: (310) 391-8971
Web: www.StatModel.com
Support: Support@StatModel.com

Copyright (c) 1998-2021 Muthen & Muthen
