Mplus VERSION 8.6 (Mac)
MUTHEN & MUTHEN
10/11/2022  10:55 AM

INPUT INSTRUCTIONS

  TITLE: Model 6b: Bifactor ESEM model (1 G- and 2 S-factors) fixed loading-matrix by group.
  DATA:
  FILE = "semdatagr.dat";

  VARIABLE:
  NAMES =
    scsj1 scoi2 scch3 scis4 scsk5 scoi6 scch7 scsj8 scmi9 scch10 scsj11 scsk12
    scis13 scmi14 scch15 scsj16 scmi17 scis18 scsk19 scoi20 scsj21 scmi22 scsk23
    scoi24 scis25 scsk26
    ptgi_al ptgi_np ptgi_ps ptgi_sp ptgi_ro
    iesr_a iesr_i iesr_h
    cope_pa cope_po
    mspss_fa mspss_fr mspss_so
    neuro_na neuro_sr
    extra_pa extra_so extra_ac
    group
    ;

  Grouping = group (1=RW 2=CS);

  MISSING = .;

  USEVARIABLES ARE
    scsj1 scoi2 scch3 scis4 scsk5 scoi6 scch7 scsj8 scmi9 scch10 scsj11 scsk12
    scis13 scmi14 scch15 scsj16 scmi17 scis18 scsk19 scoi20 scsj21 scmi22 scsk23
    scoi24 scis25 scsk26;

  ANALYSIS:
  ESTIMATOR = MLR;
  PROCESSORS = 6;
  ROTATION = TARGET (ORTHOGONAL);

  MODEL:

  ! Global factor - other factors automatically uncorrelated with G by default.
  G BY
    scsk5 scsk12 scsk19 scsk23 scsk26
    scsj1 scsj8 scsj11 scsj16 scsj21
    scch3 scch7 scch10 scch15
    scis4 scis13 scis18 scis25
    scmi9 scmi14 scmi17 scmi22
    scoi2 scoi6 scoi20 scoi24 (*1);

  ! Specific factors
  P BY
    scsk5 scsk12 scsk19 scsk23 scsk26
    scsj1~0 scsj8~0 scsj11~0 scsj16~0 scsj21~0
    scch3 scch7 scch10 scch15
    scis4~0 scis13~0 scis18~0 scis25~0
    scmi9 scmi14 scmi17 scmi22
    scoi2~0 scoi6~0 scoi20~0 scoi24~0 (*1);

  N BY
    scsk5~0 scsk12~0 scsk19~0 scsk23~0 scsk26~0
    scsj1 scsj8 scsj11 scsj16 scsj21
    scch3~0 scch7~0 scch10~0 scch15~0
    scis4 scis13 scis18 scis25
    scmi9~0 scmi14~0 scmi17~0 scmi22~0
    scoi2 scoi6 scoi20 scoi24 (*1);

  [G-P@0];
  [G-N@0];

  SCCH10   WITH SCCH7;
  SCIS18   WITH SCIS13;
  SCSK19   WITH SCSK12;
  SCSK26   WITH SCSK23;

  MODEL CS:

  ! [scch3-scoi24]


  ! Requesting standardized parameter estimates and modification indices
  OUTPUT:
  stdyx;
  ! MODINDICES (ALL);

  savedata:
  file is gm6b_2_scores.txt;
  save = fscores;




INPUT READING TERMINATED NORMALLY



Model 6b: Bifactor ESEM model (1 G- and 2 S-factors) fixed loading-matrix by group.

SUMMARY OF ANALYSIS

Number of groups                                                 2
Number of observations
   Group RW                                                    322
   Group CS                                                    746
   Total sample size                                          1068

Number of dependent variables                                   26
Number of independent variables                                  0
Number of continuous latent variables                            3

Observed dependent variables

  Continuous
   SCSJ1       SCOI2       SCCH3       SCIS4       SCSK5       SCOI6
   SCCH7       SCSJ8       SCMI9       SCCH10      SCSJ11      SCSK12
   SCIS13      SCMI14      SCCH15      SCSJ16      SCMI17      SCIS18
   SCSK19      SCOI20      SCSJ21      SCMI22      SCSK23      SCOI24
   SCIS25      SCSK26

Continuous latent variables

  EFA factors
  *1:   G           P           N

Variables with special functions

  Grouping variable     GROUP

Estimator                                                      MLR
Rotation                                                    TARGET
Row standardization                                     COVARIANCE
Type of rotation                                        ORTHOGONAL
Information matrix                                        OBSERVED
Maximum number of iterations                                  1000
Convergence criterion                                    0.500D-04
Maximum number of steepest descent iterations                   20
Maximum number of iterations for H1                           2000
Convergence criterion for H1                             0.100D-03
Optimization Specifications for the Exploratory Factor Analysis
Rotation Algorithm
  Number of random starts                                       30
  Maximum number of iterations                             1000000
  Derivative convergence criterion                       0.100D-04

Input data file(s)
  semdatagr.dat

Input data format  FREE


SUMMARY OF DATA

   Group RW
     Number of missing data patterns             1

   Group CS
     Number of missing data patterns             1


COVARIANCE COVERAGE OF DATA

Minimum covariance coverage value   0.100


     PROPORTION OF DATA PRESENT FOR RW


           Covariance Coverage
              SCSJ1         SCOI2         SCCH3         SCIS4         SCSK5
              ________      ________      ________      ________      ________
 SCSJ1          1.000
 SCOI2          1.000         1.000
 SCCH3          1.000         1.000         1.000
 SCIS4          1.000         1.000         1.000         1.000
 SCSK5          1.000         1.000         1.000         1.000         1.000
 SCOI6          1.000         1.000         1.000         1.000         1.000
 SCCH7          1.000         1.000         1.000         1.000         1.000
 SCSJ8          1.000         1.000         1.000         1.000         1.000
 SCMI9          1.000         1.000         1.000         1.000         1.000
 SCCH10         1.000         1.000         1.000         1.000         1.000
 SCSJ11         1.000         1.000         1.000         1.000         1.000
 SCSK12         1.000         1.000         1.000         1.000         1.000
 SCIS13         1.000         1.000         1.000         1.000         1.000
 SCMI14         1.000         1.000         1.000         1.000         1.000
 SCCH15         1.000         1.000         1.000         1.000         1.000
 SCSJ16         1.000         1.000         1.000         1.000         1.000
 SCMI17         1.000         1.000         1.000         1.000         1.000
 SCIS18         1.000         1.000         1.000         1.000         1.000
 SCSK19         1.000         1.000         1.000         1.000         1.000
 SCOI20         1.000         1.000         1.000         1.000         1.000
 SCSJ21         1.000         1.000         1.000         1.000         1.000
 SCMI22         1.000         1.000         1.000         1.000         1.000
 SCSK23         1.000         1.000         1.000         1.000         1.000
 SCOI24         1.000         1.000         1.000         1.000         1.000
 SCIS25         1.000         1.000         1.000         1.000         1.000
 SCSK26         1.000         1.000         1.000         1.000         1.000


           Covariance Coverage
              SCOI6         SCCH7         SCSJ8         SCMI9         SCCH10
              ________      ________      ________      ________      ________
 SCOI6          1.000
 SCCH7          1.000         1.000
 SCSJ8          1.000         1.000         1.000
 SCMI9          1.000         1.000         1.000         1.000
 SCCH10         1.000         1.000         1.000         1.000         1.000
 SCSJ11         1.000         1.000         1.000         1.000         1.000
 SCSK12         1.000         1.000         1.000         1.000         1.000
 SCIS13         1.000         1.000         1.000         1.000         1.000
 SCMI14         1.000         1.000         1.000         1.000         1.000
 SCCH15         1.000         1.000         1.000         1.000         1.000
 SCSJ16         1.000         1.000         1.000         1.000         1.000
 SCMI17         1.000         1.000         1.000         1.000         1.000
 SCIS18         1.000         1.000         1.000         1.000         1.000
 SCSK19         1.000         1.000         1.000         1.000         1.000
 SCOI20         1.000         1.000         1.000         1.000         1.000
 SCSJ21         1.000         1.000         1.000         1.000         1.000
 SCMI22         1.000         1.000         1.000         1.000         1.000
 SCSK23         1.000         1.000         1.000         1.000         1.000
 SCOI24         1.000         1.000         1.000         1.000         1.000
 SCIS25         1.000         1.000         1.000         1.000         1.000
 SCSK26         1.000         1.000         1.000         1.000         1.000


           Covariance Coverage
              SCSJ11        SCSK12        SCIS13        SCMI14        SCCH15
              ________      ________      ________      ________      ________
 SCSJ11         1.000
 SCSK12         1.000         1.000
 SCIS13         1.000         1.000         1.000
 SCMI14         1.000         1.000         1.000         1.000
 SCCH15         1.000         1.000         1.000         1.000         1.000
 SCSJ16         1.000         1.000         1.000         1.000         1.000
 SCMI17         1.000         1.000         1.000         1.000         1.000
 SCIS18         1.000         1.000         1.000         1.000         1.000
 SCSK19         1.000         1.000         1.000         1.000         1.000
 SCOI20         1.000         1.000         1.000         1.000         1.000
 SCSJ21         1.000         1.000         1.000         1.000         1.000
 SCMI22         1.000         1.000         1.000         1.000         1.000
 SCSK23         1.000         1.000         1.000         1.000         1.000
 SCOI24         1.000         1.000         1.000         1.000         1.000
 SCIS25         1.000         1.000         1.000         1.000         1.000
 SCSK26         1.000         1.000         1.000         1.000         1.000


           Covariance Coverage
              SCSJ16        SCMI17        SCIS18        SCSK19        SCOI20
              ________      ________      ________      ________      ________
 SCSJ16         1.000
 SCMI17         1.000         1.000
 SCIS18         1.000         1.000         1.000
 SCSK19         1.000         1.000         1.000         1.000
 SCOI20         1.000         1.000         1.000         1.000         1.000
 SCSJ21         1.000         1.000         1.000         1.000         1.000
 SCMI22         1.000         1.000         1.000         1.000         1.000
 SCSK23         1.000         1.000         1.000         1.000         1.000
 SCOI24         1.000         1.000         1.000         1.000         1.000
 SCIS25         1.000         1.000         1.000         1.000         1.000
 SCSK26         1.000         1.000         1.000         1.000         1.000


           Covariance Coverage
              SCSJ21        SCMI22        SCSK23        SCOI24        SCIS25
              ________      ________      ________      ________      ________
 SCSJ21         1.000
 SCMI22         1.000         1.000
 SCSK23         1.000         1.000         1.000
 SCOI24         1.000         1.000         1.000         1.000
 SCIS25         1.000         1.000         1.000         1.000         1.000
 SCSK26         1.000         1.000         1.000         1.000         1.000


           Covariance Coverage
              SCSK26
              ________
 SCSK26         1.000


     PROPORTION OF DATA PRESENT FOR CS


           Covariance Coverage
              SCSJ1         SCOI2         SCCH3         SCIS4         SCSK5
              ________      ________      ________      ________      ________
 SCSJ1          1.000
 SCOI2          1.000         1.000
 SCCH3          1.000         1.000         1.000
 SCIS4          1.000         1.000         1.000         1.000
 SCSK5          1.000         1.000         1.000         1.000         1.000
 SCOI6          1.000         1.000         1.000         1.000         1.000
 SCCH7          1.000         1.000         1.000         1.000         1.000
 SCSJ8          1.000         1.000         1.000         1.000         1.000
 SCMI9          1.000         1.000         1.000         1.000         1.000
 SCCH10         1.000         1.000         1.000         1.000         1.000
 SCSJ11         1.000         1.000         1.000         1.000         1.000
 SCSK12         1.000         1.000         1.000         1.000         1.000
 SCIS13         1.000         1.000         1.000         1.000         1.000
 SCMI14         1.000         1.000         1.000         1.000         1.000
 SCCH15         1.000         1.000         1.000         1.000         1.000
 SCSJ16         1.000         1.000         1.000         1.000         1.000
 SCMI17         1.000         1.000         1.000         1.000         1.000
 SCIS18         1.000         1.000         1.000         1.000         1.000
 SCSK19         1.000         1.000         1.000         1.000         1.000
 SCOI20         1.000         1.000         1.000         1.000         1.000
 SCSJ21         1.000         1.000         1.000         1.000         1.000
 SCMI22         1.000         1.000         1.000         1.000         1.000
 SCSK23         1.000         1.000         1.000         1.000         1.000
 SCOI24         1.000         1.000         1.000         1.000         1.000
 SCIS25         1.000         1.000         1.000         1.000         1.000
 SCSK26         1.000         1.000         1.000         1.000         1.000


           Covariance Coverage
              SCOI6         SCCH7         SCSJ8         SCMI9         SCCH10
              ________      ________      ________      ________      ________
 SCOI6          1.000
 SCCH7          1.000         1.000
 SCSJ8          1.000         1.000         1.000
 SCMI9          1.000         1.000         1.000         1.000
 SCCH10         1.000         1.000         1.000         1.000         1.000
 SCSJ11         1.000         1.000         1.000         1.000         1.000
 SCSK12         1.000         1.000         1.000         1.000         1.000
 SCIS13         1.000         1.000         1.000         1.000         1.000
 SCMI14         1.000         1.000         1.000         1.000         1.000
 SCCH15         1.000         1.000         1.000         1.000         1.000
 SCSJ16         1.000         1.000         1.000         1.000         1.000
 SCMI17         1.000         1.000         1.000         1.000         1.000
 SCIS18         1.000         1.000         1.000         1.000         1.000
 SCSK19         1.000         1.000         1.000         1.000         1.000
 SCOI20         1.000         1.000         1.000         1.000         1.000
 SCSJ21         1.000         1.000         1.000         1.000         1.000
 SCMI22         1.000         1.000         1.000         1.000         1.000
 SCSK23         1.000         1.000         1.000         1.000         1.000
 SCOI24         1.000         1.000         1.000         1.000         1.000
 SCIS25         1.000         1.000         1.000         1.000         1.000
 SCSK26         1.000         1.000         1.000         1.000         1.000


           Covariance Coverage
              SCSJ11        SCSK12        SCIS13        SCMI14        SCCH15
              ________      ________      ________      ________      ________
 SCSJ11         1.000
 SCSK12         1.000         1.000
 SCIS13         1.000         1.000         1.000
 SCMI14         1.000         1.000         1.000         1.000
 SCCH15         1.000         1.000         1.000         1.000         1.000
 SCSJ16         1.000         1.000         1.000         1.000         1.000
 SCMI17         1.000         1.000         1.000         1.000         1.000
 SCIS18         1.000         1.000         1.000         1.000         1.000
 SCSK19         1.000         1.000         1.000         1.000         1.000
 SCOI20         1.000         1.000         1.000         1.000         1.000
 SCSJ21         1.000         1.000         1.000         1.000         1.000
 SCMI22         1.000         1.000         1.000         1.000         1.000
 SCSK23         1.000         1.000         1.000         1.000         1.000
 SCOI24         1.000         1.000         1.000         1.000         1.000
 SCIS25         1.000         1.000         1.000         1.000         1.000
 SCSK26         1.000         1.000         1.000         1.000         1.000


           Covariance Coverage
              SCSJ16        SCMI17        SCIS18        SCSK19        SCOI20
              ________      ________      ________      ________      ________
 SCSJ16         1.000
 SCMI17         1.000         1.000
 SCIS18         1.000         1.000         1.000
 SCSK19         1.000         1.000         1.000         1.000
 SCOI20         1.000         1.000         1.000         1.000         1.000
 SCSJ21         1.000         1.000         1.000         1.000         1.000
 SCMI22         1.000         1.000         1.000         1.000         1.000
 SCSK23         1.000         1.000         1.000         1.000         1.000
 SCOI24         1.000         1.000         1.000         1.000         1.000
 SCIS25         1.000         1.000         1.000         1.000         1.000
 SCSK26         1.000         1.000         1.000         1.000         1.000


           Covariance Coverage
              SCSJ21        SCMI22        SCSK23        SCOI24        SCIS25
              ________      ________      ________      ________      ________
 SCSJ21         1.000
 SCMI22         1.000         1.000
 SCSK23         1.000         1.000         1.000
 SCOI24         1.000         1.000         1.000         1.000
 SCIS25         1.000         1.000         1.000         1.000         1.000
 SCSK26         1.000         1.000         1.000         1.000         1.000


           Covariance Coverage
              SCSK26
              ________
 SCSK26         1.000



UNIVARIATE SAMPLE STATISTICS


     UNIVARIATE HIGHER-ORDER MOMENT DESCRIPTIVE STATISTICS FOR RW

         Variable/         Mean/     Skewness/   Minimum/ % with                Percentiles
        Sample Size      Variance    Kurtosis    Maximum  Min/Max      20%/60%    40%/80%    Median

     SCSJ1                 3.758      -0.764       1.000    6.52%       3.000      4.000      4.000
             322.000       1.389      -0.214       5.000   32.92%       4.000      5.000
     SCOI2                 3.379      -0.378       1.000   11.18%       2.000      3.000      4.000
             322.000       1.732      -1.028       5.000   24.22%       4.000      5.000
     SCCH3                 3.450      -0.307       1.000    4.35%       2.000      3.000      4.000
             322.000       1.198      -0.641       5.000   18.63%       4.000      4.000
     SCIS4                 3.037      -0.043       1.000   14.29%       2.000      3.000      3.000
             322.000       1.657      -1.107       5.000   15.22%       3.000      4.000
     SCSK5                 2.991       0.038       1.000   12.73%       2.000      3.000      3.000
             322.000       1.512      -0.969       5.000   13.35%       3.000      4.000
     SCOI6                 3.553      -0.533       1.000    8.39%       2.000      3.000      4.000
             322.000       1.545      -0.692       5.000   27.64%       4.000      5.000
     SCCH7                 2.742       0.226       1.000   17.08%       2.000      2.000      3.000
             322.000       1.446      -0.863       5.000    9.01%       3.000      4.000
     SCSJ8                 3.189      -0.108       1.000    9.94%       2.000      3.000      3.000
             322.000       1.588      -1.083       5.000   18.32%       4.000      4.000
     SCMI9                 3.363      -0.193       1.000    4.04%       2.000      3.000      3.000
             322.000       1.088      -0.525       5.000   14.91%       4.000      4.000
     SCCH10                2.630       0.276       1.000   18.94%       2.000      2.000      3.000
             322.000       1.351      -0.776       5.000    6.52%       3.000      4.000
     SCSJ11                3.059      -0.029       1.000   13.04%       2.000      3.000      3.000
             322.000       1.615      -1.057       5.000   15.84%       3.000      4.000
     SCSK12                2.733       0.320       1.000   16.15%       2.000      2.000      3.000
             322.000       1.444      -0.769       5.000   10.25%       3.000      4.000
     SCIS13                3.326      -0.408       1.000   10.25%       2.000      3.000      4.000
             322.000       1.512      -0.834       5.000   17.39%       4.000      4.000
     SCMI14                3.155      -0.141       1.000    7.14%       2.000      3.000      3.000
             322.000       1.206      -0.708       5.000   10.87%       4.000      4.000
     SCCH15                3.115      -0.087       1.000   10.25%       2.000      3.000      3.000
             322.000       1.394      -0.802       5.000   13.98%       3.000      4.000
     SCSJ16                3.155      -0.238       1.000   16.46%       2.000      3.000      3.000
             322.000       1.790      -1.101       5.000   18.32%       4.000      4.000
     SCMI17                3.102      -0.081       1.000    6.83%       2.000      3.000      3.000
             322.000       1.129      -0.611       5.000    9.32%       3.000      4.000
     SCIS18                3.463      -0.522       1.000   10.25%       2.000      3.000      4.000
             322.000       1.603      -0.767       5.000   23.60%       4.000      5.000
     SCSK19                2.832       0.154       1.000   13.98%       2.000      2.000      3.000
             322.000       1.369      -0.800       5.000    9.32%       3.000      4.000
     SCOI20                3.227      -0.156       1.000    9.01%       2.000      3.000      3.000
             322.000       1.461      -0.903       5.000   17.39%       4.000      4.000
     SCSJ21                3.087      -0.098       1.000    9.63%       2.000      3.000      3.000
             322.000       1.353      -0.876       5.000   11.49%       3.000      4.000
     SCMI22                2.984       0.066       1.000   10.56%       2.000      3.000      3.000
             322.000       1.351      -0.807       5.000   11.49%       3.000      4.000
     SCSK23                2.745       0.297       1.000   15.84%       2.000      2.000      3.000
             322.000       1.463      -0.859       5.000    9.94%       3.000      4.000
     SCOI24                2.767       0.190       1.000   19.57%       2.000      2.000      3.000
             322.000       1.626      -1.045       5.000   10.87%       3.000      4.000
     SCIS25                3.264      -0.228       1.000   12.42%       2.000      3.000      3.000
             322.000       1.760      -1.106       5.000   22.67%       4.000      5.000
     SCSK26                2.714       0.231       1.000   12.73%       2.000      2.000      3.000
             322.000       1.167      -0.676       5.000    5.28%       3.000      4.000


     UNIVARIATE HIGHER-ORDER MOMENT DESCRIPTIVE STATISTICS FOR CS

         Variable/         Mean/     Skewness/   Minimum/ % with                Percentiles
        Sample Size      Variance    Kurtosis    Maximum  Min/Max      20%/60%    40%/80%    Median

     SCSJ1                 3.712      -0.557       1.000    3.35%       3.000      4.000      4.000
             746.000       1.135      -0.319       5.000   26.68%       4.000      5.000
     SCOI2                 2.524       0.414       1.000   28.82%       1.000      2.000      2.000
             746.000       1.716      -0.979       5.000    9.65%       3.000      4.000
     SCCH3                 3.283      -0.368       1.000    7.10%       2.000      3.000      3.000
             746.000       1.133      -0.364       5.000   11.39%       4.000      4.000
     SCIS4                 2.389       0.568       1.000   32.98%       1.000      2.000      2.000
             746.000       1.696      -0.856       5.000    8.45%       3.000      4.000
     SCSK5                 2.799       0.175       1.000   14.21%       2.000      2.000      3.000
             746.000       1.346      -0.793       5.000    8.45%       3.000      4.000
     SCOI6                 2.725       0.238       1.000   21.05%       1.000      2.000      3.000
             746.000       1.655      -1.037       5.000   10.99%       3.000      4.000
     SCCH7                 2.558       0.336       1.000   25.20%       1.000      2.000      2.000
             746.000       1.539      -0.897       5.000    7.77%       3.000      4.000
     SCSJ8                 2.894       0.018       1.000   18.50%       2.000      2.000      3.000
             746.000       1.666      -1.108       5.000   12.06%       3.000      4.000
     SCMI9                 3.509      -0.416       1.000    3.89%       3.000      3.000      4.000
             746.000       1.060      -0.296       5.000   17.02%       4.000      4.000
     SCCH10                2.611       0.202       1.000   20.91%       1.000      2.000      3.000
             746.000       1.348      -0.844       5.000    5.50%       3.000      4.000
     SCSJ11                2.755       0.185       1.000   18.77%       2.000      2.000      3.000
             746.000       1.552      -1.011       5.000    9.52%       3.000      4.000
     SCSK12                2.668       0.259       1.000   16.09%       2.000      2.000      3.000
             746.000       1.276      -0.739       5.000    6.03%       3.000      4.000
     SCIS13                2.637       0.275       1.000   26.27%       1.000      2.000      2.000
             746.000       1.770      -1.149       5.000   10.19%       3.000      4.000
     SCMI14                3.571      -0.433       1.000    3.22%       3.000      3.000      4.000
             746.000       1.028      -0.265       5.000   18.63%       4.000      4.000
     SCCH15                3.146      -0.158       1.000    8.45%       2.000      3.000      3.000
             746.000       1.259      -0.699       5.000   11.53%       3.000      4.000
     SCSJ16                2.902       0.043       1.000   16.49%       2.000      2.000      3.000
             746.000       1.616      -1.107       5.000   11.66%       3.000      4.000
     SCMI17                3.339      -0.261       1.000    3.62%       3.000      3.000      3.000
             746.000       0.977      -0.384       5.000   10.99%       4.000      4.000
     SCIS18                2.849       0.053       1.000   18.50%       2.000      2.000      3.000
             746.000       1.608      -1.081       5.000   10.59%       3.000      4.000
     SCSK19                2.747       0.189       1.000   14.75%       2.000      2.000      3.000
             746.000       1.272      -0.690       5.000    7.10%       3.000      4.000
     SCOI20                2.373       0.525       1.000   28.55%       1.000      2.000      2.000
             746.000       1.389      -0.614       5.000    5.63%       3.000      3.000
     SCSJ21                2.800       0.115       1.000   15.55%       2.000      2.000      3.000
             746.000       1.364      -0.812       5.000    8.18%       3.000      4.000
     SCMI22                2.858       0.032       1.000   12.60%       2.000      3.000      3.000
             746.000       1.243      -0.753       5.000    6.84%       3.000      4.000
     SCSK23                2.740       0.194       1.000   13.94%       2.000      2.000      3.000
             746.000       1.225      -0.660       5.000    6.43%       3.000      4.000
     SCOI24                2.019       0.981       1.000   42.49%       1.000      1.000      2.000
             746.000       1.278       0.107       5.000    4.02%       2.000      3.000
     SCIS25                2.626       0.216       1.000   28.55%       1.000      2.000      3.000
             746.000       1.784      -1.210       5.000    9.12%       3.000      4.000
     SCSK26                2.788       0.129       1.000   11.26%       2.000      2.000      3.000
             746.000       1.113      -0.596       5.000    5.36%       3.000      4.000


THE MODEL ESTIMATION TERMINATED NORMALLY



MODEL FIT INFORMATION

Number of Free Parameters                      167

Loglikelihood

          H0 Value                      -37631.598
          H0 Scaling Correction Factor      1.1821
            for MLR
          H1 Value                      -36775.205
          H1 Scaling Correction Factor      1.1590
            for MLR

Information Criteria

          Akaike (AIC)                   75597.196
          Bayesian (BIC)                 76427.777
          Sample-Size Adjusted BIC       75897.355
            (n* = (n + 2) / 24)

Chi-Square Test of Model Fit

          Value                           1486.320*
          Degrees of Freedom                   587
          P-Value                           0.0000
          Scaling Correction Factor         1.1524
            for MLR

Chi-Square Contribution From Each Group

          RW                               666.451
          CS                               819.869

*   The chi-square value for MLM, MLMV, MLR, ULSMV, WLSM and WLSMV cannot be used
    for chi-square difference testing in the regular way.  MLM, MLR and WLSM
    chi-square difference testing is described on the Mplus website.  MLMV, WLSMV,
    and ULSMV difference testing is done using the DIFFTEST option.

RMSEA (Root Mean Square Error Of Approximation)

          Estimate                           0.054
          90 Percent C.I.                    0.050  0.057
          Probability RMSEA <= .05           0.041

CFI/TLI

          CFI                                0.919
          TLI                                0.911

Chi-Square Test of Model Fit for the Baseline Model

          Value                          11793.301
          Degrees of Freedom                   650
          P-Value                           0.0000

SRMR (Standardized Root Mean Square Residual)

          Value                              0.074



MODEL RESULTS

                                                    Two-Tailed
                    Estimate       S.E.  Est./S.E.    P-Value

Group RW

 G        BY
    SCSK5             -0.696      0.080     -8.692      0.000
    SCSK12            -0.694      0.069     -9.995      0.000
    SCSK19            -0.774      0.064    -12.091      0.000
    SCSK23            -0.737      0.060    -12.258      0.000
    SCSK26            -0.697      0.054    -13.031      0.000
    SCSJ1              0.646      0.061     10.574      0.000
    SCSJ8              0.926      0.073     12.670      0.000
    SCSJ11             0.856      0.076     11.319      0.000
    SCSJ16             0.889      0.079     11.184      0.000
    SCSJ21             0.690      0.053     12.945      0.000
    SCCH3             -0.080      0.057     -1.403      0.161
    SCCH7             -0.240      0.073     -3.281      0.001
    SCCH10            -0.222      0.066     -3.343      0.001
    SCCH15            -0.467      0.064     -7.334      0.000
    SCIS4              0.653      0.104      6.261      0.000
    SCIS13             0.467      0.100      4.682      0.000
    SCIS18             0.539      0.100      5.414      0.000
    SCIS25             0.634      0.107      5.915      0.000
    SCMI9              0.008      0.068      0.120      0.904
    SCMI14            -0.148      0.082     -1.806      0.071
    SCMI17            -0.328      0.070     -4.660      0.000
    SCMI22            -0.494      0.065     -7.633      0.000
    SCOI2              0.681      0.111      6.160      0.000
    SCOI6              0.673      0.105      6.394      0.000
    SCOI20             0.197      0.118      1.664      0.096
    SCOI24             0.279      0.100      2.787      0.005

 P        BY
    SCSK5              0.601      0.065      9.274      0.000
    SCSK12             0.601      0.061      9.924      0.000
    SCSK19             0.599      0.059     10.097      0.000
    SCSK23             0.458      0.045     10.241      0.000
    SCSK26             0.515      0.049     10.504      0.000
    SCSJ1              0.117      0.032      3.656      0.000
    SCSJ8              0.066      0.028      2.332      0.020
    SCSJ11             0.069      0.031      2.268      0.023
    SCSJ16             0.016      0.029      0.560      0.575
    SCSJ21             0.070      0.036      1.977      0.048
    SCCH3              0.482      0.046     10.418      0.000
    SCCH7              0.491      0.055      8.948      0.000
    SCCH10             0.570      0.048     11.865      0.000
    SCCH15             0.661      0.044     15.030      0.000
    SCIS4             -0.093      0.028     -3.365      0.001
    SCIS13            -0.078      0.032     -2.466      0.014
    SCIS18            -0.002      0.030     -0.054      0.957
    SCIS25            -0.062      0.031     -2.032      0.042
    SCMI9              0.549      0.049     11.239      0.000
    SCMI14             0.582      0.053     10.916      0.000
    SCMI17             0.592      0.041     14.442      0.000
    SCMI22             0.640      0.049     13.033      0.000
    SCOI2             -0.089      0.030     -2.957      0.003
    SCOI6             -0.032      0.027     -1.186      0.236
    SCOI20            -0.055      0.050     -1.099      0.272
    SCOI24            -0.101      0.041     -2.438      0.015

 N        BY
    SCSK5              0.247      0.040      6.240      0.000
    SCSK12             0.079      0.036      2.211      0.027
    SCSK19             0.060      0.041      1.476      0.140
    SCSK23            -0.152      0.056     -2.697      0.007
    SCSK26             0.013      0.042      0.317      0.751
    SCSJ1              0.290      0.080      3.639      0.000
    SCSJ8              0.489      0.105      4.642      0.000
    SCSJ11             0.504      0.098      5.123      0.000
    SCSJ16             0.534      0.100      5.369      0.000
    SCSJ21             0.303      0.077      3.938      0.000
    SCCH3              0.044      0.045      0.982      0.326
    SCCH7              0.279      0.043      6.412      0.000
    SCCH10             0.085      0.044      1.912      0.056
    SCCH15            -0.112      0.038     -2.995      0.003
    SCIS4              0.885      0.077     11.567      0.000
    SCIS13             0.849      0.063     13.375      0.000
    SCIS18             0.838      0.072     11.620      0.000
    SCIS25             0.908      0.076     11.907      0.000
    SCMI9             -0.231      0.050     -4.630      0.000
    SCMI14            -0.412      0.045     -9.122      0.000
    SCMI17            -0.362      0.038     -9.565      0.000
    SCMI22            -0.061      0.035     -1.726      0.084
    SCOI2              0.945      0.081     11.635      0.000
    SCOI6              0.890      0.080     11.170      0.000
    SCOI20             0.882      0.061     14.368      0.000
    SCOI24             0.804      0.058     13.917      0.000

 P        WITH
    G                  0.000      0.000    999.000    999.000

 N        WITH
    G                  0.000      0.000    999.000    999.000
    P                  0.000      0.000    999.000    999.000

 SCCH10   WITH
    SCCH7              0.579      0.074      7.832      0.000

 SCIS18   WITH
    SCIS13             0.335      0.075      4.480      0.000

 SCSK19   WITH
    SCSK12             0.163      0.051      3.159      0.002

 SCSK26   WITH
    SCSK23             0.166      0.058      2.877      0.004

 Means
    G                  0.000      0.000    999.000    999.000
    P                  0.000      0.000    999.000    999.000
    N                  0.000      0.000    999.000    999.000

 Intercepts
    SCSJ1              3.724      0.035    106.570      0.000
    SCOI2              2.765      0.050     55.158      0.000
    SCCH3              3.334      0.034     99.070      0.000
    SCIS4              2.575      0.048     53.734      0.000
    SCSK5              2.851      0.039     74.012      0.000
    SCOI6              2.962      0.049     61.066      0.000
    SCCH7              2.610      0.039     66.396      0.000
    SCSJ8              2.980      0.042     70.691      0.000
    SCMI9              3.469      0.033    105.754      0.000
    SCCH10             2.615      0.036     71.970      0.000
    SCSJ11             2.843      0.042     68.354      0.000
    SCSK12             2.684      0.037     73.316      0.000
    SCIS13             2.834      0.048     58.949      0.000
    SCMI14             3.460      0.035     97.889      0.000
    SCCH15             3.136      0.036     86.049      0.000
    SCSJ16             2.974      0.042     70.342      0.000
    SCMI17             3.271      0.033     98.672      0.000
    SCIS18             3.026      0.046     65.879      0.000
    SCSK19             2.770      0.036     75.942      0.000
    SCOI20             2.612      0.046     56.373      0.000
    SCSJ21             2.885      0.037     76.980      0.000
    SCMI22             2.893      0.036     80.505      0.000
    SCSK23             2.734      0.036     76.119      0.000
    SCOI24             2.220      0.045     49.787      0.000
    SCIS25             2.809      0.049     57.847      0.000
    SCSK26             2.758      0.034     82.180      0.000

 Variances
    G                  1.000      0.000    999.000    999.000
    P                  1.000      0.000    999.000    999.000
    N                  1.000      0.000    999.000    999.000

 Residual Variances
    SCSJ1              0.718      0.078      9.190      0.000
    SCOI2              0.734      0.073     10.054      0.000
    SCCH3              0.871      0.068     12.778      0.000
    SCIS4              0.791      0.073     10.854      0.000
    SCSK5              0.583      0.068      8.526      0.000
    SCOI6              0.676      0.068      9.947      0.000
    SCCH7              1.089      0.088     12.365      0.000
    SCSJ8              0.622      0.067      9.351      0.000
    SCMI9              0.705      0.078      9.048      0.000
    SCCH10             0.922      0.073     12.616      0.000
    SCSJ11             0.648      0.083      7.804      0.000
    SCSK12             0.637      0.067      9.492      0.000
    SCIS13             0.985      0.088     11.219      0.000
    SCMI14             0.717      0.090      7.995      0.000
    SCCH15             0.775      0.077     10.082      0.000
    SCSJ16             0.687      0.065     10.573      0.000
    SCMI17             0.602      0.062      9.674      0.000
    SCIS18             0.757      0.080      9.449      0.000
    SCSK19             0.457      0.059      7.703      0.000
    SCOI20             0.878      0.077     11.399      0.000
    SCSJ21             0.925      0.085     10.852      0.000
    SCMI22             0.757      0.073     10.385      0.000
    SCSK23             0.805      0.111      7.265      0.000
    SCOI24             1.073      0.091     11.775      0.000
    SCIS25             0.671      0.072      9.361      0.000
    SCSK26             0.476      0.057      8.341      0.000

Group CS

 G        BY
    SCSK5             -0.696      0.080     -8.692      0.000
    SCSK12            -0.694      0.069     -9.995      0.000
    SCSK19            -0.774      0.064    -12.091      0.000
    SCSK23            -0.737      0.060    -12.258      0.000
    SCSK26            -0.697      0.054    -13.031      0.000
    SCSJ1              0.646      0.061     10.574      0.000
    SCSJ8              0.926      0.073     12.670      0.000
    SCSJ11             0.856      0.076     11.319      0.000
    SCSJ16             0.889      0.079     11.184      0.000
    SCSJ21             0.690      0.053     12.945      0.000
    SCCH3             -0.080      0.057     -1.403      0.161
    SCCH7             -0.240      0.073     -3.281      0.001
    SCCH10            -0.222      0.066     -3.343      0.001
    SCCH15            -0.467      0.064     -7.334      0.000
    SCIS4              0.653      0.104      6.261      0.000
    SCIS13             0.467      0.100      4.682      0.000
    SCIS18             0.539      0.100      5.414      0.000
    SCIS25             0.634      0.107      5.915      0.000
    SCMI9              0.008      0.068      0.120      0.904
    SCMI14            -0.148      0.082     -1.806      0.071
    SCMI17            -0.328      0.070     -4.660      0.000
    SCMI22            -0.494      0.065     -7.633      0.000
    SCOI2              0.681      0.111      6.160      0.000
    SCOI6              0.673      0.105      6.394      0.000
    SCOI20             0.197      0.118      1.664      0.096
    SCOI24             0.279      0.100      2.787      0.005

 P        BY
    SCSK5              0.601      0.065      9.274      0.000
    SCSK12             0.601      0.061      9.924      0.000
    SCSK19             0.599      0.059     10.097      0.000
    SCSK23             0.458      0.045     10.241      0.000
    SCSK26             0.515      0.049     10.504      0.000
    SCSJ1              0.117      0.032      3.656      0.000
    SCSJ8              0.066      0.028      2.332      0.020
    SCSJ11             0.069      0.031      2.268      0.023
    SCSJ16             0.016      0.029      0.560      0.575
    SCSJ21             0.070      0.036      1.977      0.048
    SCCH3              0.482      0.046     10.418      0.000
    SCCH7              0.491      0.055      8.948      0.000
    SCCH10             0.570      0.048     11.865      0.000
    SCCH15             0.661      0.044     15.030      0.000
    SCIS4             -0.093      0.028     -3.365      0.001
    SCIS13            -0.078      0.032     -2.466      0.014
    SCIS18            -0.002      0.030     -0.054      0.957
    SCIS25            -0.062      0.031     -2.032      0.042
    SCMI9              0.549      0.049     11.239      0.000
    SCMI14             0.582      0.053     10.916      0.000
    SCMI17             0.592      0.041     14.442      0.000
    SCMI22             0.640      0.049     13.033      0.000
    SCOI2             -0.089      0.030     -2.957      0.003
    SCOI6             -0.032      0.027     -1.186      0.236
    SCOI20            -0.055      0.050     -1.099      0.272
    SCOI24            -0.101      0.041     -2.438      0.015

 N        BY
    SCSK5              0.247      0.040      6.240      0.000
    SCSK12             0.079      0.036      2.211      0.027
    SCSK19             0.060      0.041      1.476      0.140
    SCSK23            -0.152      0.056     -2.697      0.007
    SCSK26             0.013      0.042      0.317      0.751
    SCSJ1              0.290      0.080      3.639      0.000
    SCSJ8              0.489      0.105      4.642      0.000
    SCSJ11             0.504      0.098      5.123      0.000
    SCSJ16             0.534      0.100      5.369      0.000
    SCSJ21             0.303      0.077      3.938      0.000
    SCCH3              0.044      0.045      0.982      0.326
    SCCH7              0.279      0.043      6.412      0.000
    SCCH10             0.085      0.044      1.912      0.056
    SCCH15            -0.112      0.038     -2.995      0.003
    SCIS4              0.885      0.077     11.567      0.000
    SCIS13             0.849      0.063     13.375      0.000
    SCIS18             0.838      0.072     11.620      0.000
    SCIS25             0.908      0.076     11.907      0.000
    SCMI9             -0.231      0.050     -4.630      0.000
    SCMI14            -0.412      0.045     -9.122      0.000
    SCMI17            -0.362      0.038     -9.565      0.000
    SCMI22            -0.061      0.035     -1.726      0.084
    SCOI2              0.945      0.081     11.635      0.000
    SCOI6              0.890      0.080     11.170      0.000
    SCOI20             0.882      0.061     14.368      0.000
    SCOI24             0.804      0.058     13.917      0.000

 P        WITH
    G                  0.285      0.094      3.028      0.002

 N        WITH
    G                  0.027      0.079      0.337      0.736
    P                  0.013      0.111      0.115      0.909

 SCCH10   WITH
    SCCH7              0.475      0.051      9.321      0.000

 SCIS18   WITH
    SCIS13             0.392      0.041      9.535      0.000

 SCSK19   WITH
    SCSK12             0.227      0.040      5.739      0.000

 SCSK26   WITH
    SCSK23             0.191      0.035      5.415      0.000

 Means
    G                  0.000      0.000    999.000    999.000
    P                  0.000      0.000    999.000    999.000
    N                  0.000      0.000    999.000    999.000

 Intercepts
    SCSJ1              3.724      0.035    106.570      0.000
    SCOI2              2.765      0.050     55.158      0.000
    SCCH3              3.334      0.034     99.070      0.000
    SCIS4              2.575      0.048     53.734      0.000
    SCSK5              2.851      0.039     74.012      0.000
    SCOI6              2.962      0.049     61.066      0.000
    SCCH7              2.610      0.039     66.396      0.000
    SCSJ8              2.980      0.042     70.691      0.000
    SCMI9              3.469      0.033    105.754      0.000
    SCCH10             2.615      0.036     71.970      0.000
    SCSJ11             2.843      0.042     68.354      0.000
    SCSK12             2.684      0.037     73.316      0.000
    SCIS13             2.834      0.048     58.949      0.000
    SCMI14             3.460      0.035     97.889      0.000
    SCCH15             3.136      0.036     86.049      0.000
    SCSJ16             2.974      0.042     70.342      0.000
    SCMI17             3.271      0.033     98.672      0.000
    SCIS18             3.026      0.046     65.879      0.000
    SCSK19             2.770      0.036     75.942      0.000
    SCOI20             2.612      0.046     56.373      0.000
    SCSJ21             2.885      0.037     76.980      0.000
    SCMI22             2.893      0.036     80.505      0.000
    SCSK23             2.734      0.036     76.119      0.000
    SCOI24             2.220      0.045     49.787      0.000
    SCIS25             2.809      0.049     57.847      0.000
    SCSK26             2.758      0.034     82.180      0.000

 Variances
    G                  0.764      0.102      7.483      0.000
    P                  1.248      0.182      6.841      0.000
    N                  0.913      0.131      6.950      0.000

 Residual Variances
    SCSJ1              0.738      0.043     17.166      0.000
    SCOI2              0.601      0.046     13.065      0.000
    SCCH3              0.906      0.058     15.554      0.000
    SCIS4              0.636      0.045     14.223      0.000
    SCSK5              0.738      0.060     12.288      0.000
    SCOI6              0.611      0.038     16.085      0.000
    SCCH7              1.191      0.056     21.174      0.000
    SCSJ8              0.691      0.050     13.711      0.000
    SCMI9              0.654      0.047     13.904      0.000
    SCCH10             0.991      0.051     19.588      0.000
    SCSJ11             0.716      0.049     14.518      0.000
    SCSK12             0.669      0.047     14.393      0.000
    SCIS13             0.912      0.051     17.704      0.000
    SCMI14             0.513      0.045     11.392      0.000
    SCCH15             0.692      0.047     14.835      0.000
    SCSJ16             0.751      0.052     14.463      0.000
    SCMI17             0.443      0.037     12.083      0.000
    SCIS18             0.766      0.048     16.034      0.000
    SCSK19             0.604      0.048     12.649      0.000
    SCOI20             0.753      0.056     13.453      0.000
    SCSJ21             0.837      0.047     17.821      0.000
    SCMI22             0.701      0.043     16.205      0.000
    SCSK23             0.671      0.053     12.560      0.000
    SCOI24             0.696      0.045     15.482      0.000
    SCIS25             0.779      0.052     14.987      0.000
    SCSK26             0.586      0.046     12.731      0.000


QUALITY OF NUMERICAL RESULTS

     Condition Number for the Information Matrix              0.205E-02
       (ratio of smallest to largest eigenvalue)


STANDARDIZED MODEL RESULTS


STDYX Standardization

                                                    Two-Tailed
                    Estimate       S.E.  Est./S.E.    P-Value

Group RW

 G        BY
    SCSK5             -0.570      0.059     -9.749      0.000
    SCSK12            -0.569      0.051    -11.114      0.000
    SCSK19            -0.650      0.047    -13.770      0.000
    SCSK23            -0.586      0.044    -13.265      0.000
    SCSK26            -0.629      0.042    -14.818      0.000
    SCSJ1              0.582      0.053     11.036      0.000
    SCSJ8              0.705      0.051     13.958      0.000
    SCSJ11             0.668      0.055     12.120      0.000
    SCSJ16             0.669      0.055     12.196      0.000
    SCSJ21             0.564      0.041     13.746      0.000
    SCCH3             -0.076      0.054     -1.401      0.161
    SCCH7             -0.198      0.060     -3.332      0.001
    SCCH10            -0.195      0.058     -3.375      0.001
    SCCH15            -0.388      0.051     -7.668      0.000
    SCIS4              0.461      0.071      6.458      0.000
    SCIS13             0.336      0.071      4.747      0.000
    SCIS18             0.408      0.074      5.514      0.000
    SCIS25             0.460      0.076      6.086      0.000
    SCMI9              0.008      0.067      0.120      0.904
    SCMI14            -0.133      0.073     -1.822      0.069
    SCMI17            -0.300      0.062     -4.867      0.000
    SCMI22            -0.415      0.051     -8.093      0.000
    SCOI2              0.470      0.074      6.332      0.000
    SCOI6              0.485      0.074      6.585      0.000
    SCOI20             0.151      0.091      1.661      0.097
    SCOI24             0.207      0.074      2.786      0.005

 P        BY
    SCSK5              0.492      0.053      9.370      0.000
    SCSK12             0.493      0.049     10.115      0.000
    SCSK19             0.503      0.048     10.424      0.000
    SCSK23             0.364      0.036     10.069      0.000
    SCSK26             0.465      0.042     11.055      0.000
    SCSJ1              0.106      0.029      3.644      0.000
    SCSJ8              0.050      0.022      2.320      0.020
    SCSJ11             0.054      0.024      2.269      0.023
    SCSJ16             0.012      0.022      0.559      0.576
    SCSJ21             0.057      0.029      1.973      0.048
    SCCH3              0.457      0.042     10.953      0.000
    SCCH7              0.406      0.045      9.103      0.000
    SCCH10             0.499      0.040     12.568      0.000
    SCCH15             0.551      0.035     15.873      0.000
    SCIS4             -0.066      0.020     -3.366      0.001
    SCIS13            -0.056      0.023     -2.483      0.013
    SCIS18            -0.001      0.023     -0.054      0.957
    SCIS25            -0.045      0.022     -2.038      0.042
    SCMI9              0.533      0.046     11.547      0.000
    SCMI14             0.521      0.048     10.877      0.000
    SCMI17             0.542      0.035     15.387      0.000
    SCMI22             0.538      0.040     13.363      0.000
    SCOI2             -0.061      0.021     -2.970      0.003
    SCOI6             -0.023      0.019     -1.189      0.234
    SCOI20            -0.042      0.038     -1.101      0.271
    SCOI24            -0.075      0.031     -2.447      0.014

 N        BY
    SCSK5              0.202      0.032      6.261      0.000
    SCSK12             0.065      0.030      2.203      0.028
    SCSK19             0.050      0.034      1.471      0.141
    SCSK23            -0.120      0.046     -2.642      0.008
    SCSK26             0.012      0.038      0.317      0.751
    SCSJ1              0.261      0.071      3.683      0.000
    SCSJ8              0.373      0.080      4.670      0.000
    SCSJ11             0.394      0.077      5.139      0.000
    SCSJ16             0.403      0.074      5.409      0.000
    SCSJ21             0.247      0.062      3.958      0.000
    SCCH3              0.042      0.042      0.985      0.325
    SCCH7              0.230      0.035      6.615      0.000
    SCCH10             0.074      0.038      1.934      0.053
    SCCH15            -0.094      0.032     -2.962      0.003
    SCIS4              0.625      0.052     12.115      0.000
    SCIS13             0.611      0.043     14.363      0.000
    SCIS18             0.634      0.051     12.355      0.000
    SCIS25             0.658      0.052     12.677      0.000
    SCMI9             -0.224      0.047     -4.758      0.000
    SCMI14            -0.369      0.037     -9.950      0.000
    SCMI17            -0.332      0.034     -9.788      0.000
    SCMI22            -0.051      0.029     -1.727      0.084
    SCOI2              0.652      0.053     12.283      0.000
    SCOI6              0.642      0.055     11.741      0.000
    SCOI20             0.677      0.038     17.995      0.000
    SCOI24             0.598      0.037     16.006      0.000

 P        WITH
    G                  0.000      0.000    999.000    999.000

 N        WITH
    G                  0.000      0.000    999.000    999.000
    P                  0.000      0.000    999.000    999.000

 SCCH10   WITH
    SCCH7              0.578      0.048     12.032      0.000

 SCIS18   WITH
    SCIS13             0.387      0.068      5.717      0.000

 SCSK19   WITH
    SCSK12             0.301      0.079      3.809      0.000

 SCSK26   WITH
    SCSK23             0.267      0.083      3.227      0.001

 Means
    G                  0.000      0.000    999.000    999.000
    P                  0.000      0.000    999.000    999.000
    N                  0.000      0.000    999.000    999.000

 Intercepts
    SCSJ1              3.353      0.125     26.809      0.000
    SCOI2              1.909      0.073     26.314      0.000
    SCCH3              3.163      0.107     29.659      0.000
    SCIS4              1.816      0.066     27.606      0.000
    SCSK5              2.336      0.078     30.045      0.000
    SCOI6              2.136      0.080     26.854      0.000
    SCCH7              2.156      0.075     28.942      0.000
    SCSJ8              2.271      0.074     30.797      0.000
    SCMI9              3.371      0.121     27.758      0.000
    SCCH10             2.291      0.072     31.634      0.000
    SCSJ11             2.221      0.073     30.272      0.000
    SCSK12             2.201      0.069     31.799      0.000
    SCIS13             2.039      0.078     26.185      0.000
    SCMI14             3.097      0.114     27.239      0.000
    SCCH15             2.611      0.085     30.726      0.000
    SCSJ16             2.240      0.070     31.782      0.000
    SCMI17             2.998      0.101     29.786      0.000
    SCIS18             2.287      0.087     26.390      0.000
    SCSK19             2.327      0.075     30.937      0.000
    SCOI20             2.004      0.080     25.082      0.000
    SCSJ21             2.357      0.082     28.700      0.000
    SCMI22             2.433      0.081     29.964      0.000
    SCSK23             2.173      0.084     25.975      0.000
    SCOI24             1.652      0.064     25.797      0.000
    SCIS25             2.037      0.076     26.789      0.000
    SCSK26             2.489      0.083     29.913      0.000

 Variances
    G                  1.000      0.000    999.000    999.000
    P                  1.000      0.000    999.000    999.000
    N                  1.000      0.000    999.000    999.000

 Residual Variances
    SCSJ1              0.582      0.047     12.339      0.000
    SCOI2              0.350      0.033     10.473      0.000
    SCCH3              0.784      0.038     20.505      0.000
    SCIS4              0.393      0.033     12.016      0.000
    SCSK5              0.391      0.047      8.316      0.000
    SCOI6              0.352      0.034     10.410      0.000
    SCCH7              0.743      0.038     19.777      0.000
    SCSJ8              0.361      0.036      9.975      0.000
    SCMI9              0.665      0.054     12.410      0.000
    SCCH10             0.707      0.038     18.492      0.000
    SCSJ11             0.395      0.045      8.866      0.000
    SCSK12             0.429      0.042     10.153      0.000
    SCIS13             0.510      0.036     14.096      0.000
    SCMI14             0.575      0.054     10.613      0.000
    SCCH15             0.537      0.040     13.470      0.000
    SCSJ16             0.390      0.036     10.689      0.000
    SCMI17             0.506      0.041     12.290      0.000
    SCIS18             0.433      0.040     10.736      0.000
    SCSK19             0.322      0.040      7.962      0.000
    SCOI20             0.517      0.044     11.878      0.000
    SCSJ21             0.618      0.039     15.789      0.000
    SCMI22             0.536      0.040     13.501      0.000
    SCSK23             0.509      0.050     10.195      0.000
    SCOI24             0.594      0.038     15.449      0.000
    SCIS25             0.353      0.037      9.565      0.000
    SCSK26             0.388      0.041      9.512      0.000

Group CS

 G        BY
    SCSK5             -0.520      0.051    -10.136      0.000
    SCSK12            -0.541      0.048    -11.356      0.000
    SCSK19            -0.606      0.044    -13.770      0.000
    SCSK23            -0.593      0.050    -11.753      0.000
    SCSK26            -0.586      0.040    -14.463      0.000
    SCSJ1              0.515      0.049     10.488      0.000
    SCSJ8              0.634      0.061     10.432      0.000
    SCSJ11             0.597      0.062      9.637      0.000
    SCSJ16             0.605      0.062      9.788      0.000
    SCSJ21             0.523      0.046     11.332      0.000
    SCCH3             -0.064      0.045     -1.427      0.153
    SCCH7             -0.169      0.049     -3.446      0.001
    SCCH10            -0.166      0.048     -3.428      0.001
    SCCH15            -0.366      0.048     -7.697      0.000
    SCIS4              0.440      0.079      5.557      0.000
    SCIS13             0.310      0.072      4.304      0.000
    SCIS18             0.367      0.073      5.034      0.000
    SCIS25             0.407      0.076      5.365      0.000
    SCMI9              0.007      0.058      0.120      0.904
    SCMI14            -0.126      0.073     -1.742      0.082
    SCMI17            -0.291      0.067     -4.331      0.000
    SCMI22            -0.390      0.048     -8.064      0.000
    SCOI2              0.446      0.082      5.459      0.000
    SCOI6              0.451      0.080      5.672      0.000
    SCOI20             0.141      0.088      1.604      0.109
    SCOI24             0.210      0.079      2.653      0.008

 P        BY
    SCSK5              0.573      0.058      9.918      0.000
    SCSK12             0.600      0.053     11.385      0.000
    SCSK19             0.599      0.055     10.817      0.000
    SCSK23             0.471      0.047     10.103      0.000
    SCSK26             0.553      0.050     11.162      0.000
    SCSJ1              0.119      0.031      3.846      0.000
    SCSJ8              0.058      0.025      2.271      0.023
    SCSJ11             0.062      0.027      2.274      0.023
    SCSJ16             0.014      0.025      0.560      0.576
    SCSJ21             0.068      0.035      1.952      0.051
    SCCH3              0.495      0.036     13.625      0.000
    SCCH7              0.442      0.043     10.376      0.000
    SCCH10             0.544      0.037     14.852      0.000
    SCCH15             0.663      0.037     18.116      0.000
    SCIS4             -0.080      0.024     -3.319      0.001
    SCIS13            -0.066      0.027     -2.438      0.015
    SCIS18            -0.001      0.026     -0.054      0.957
    SCIS25            -0.051      0.025     -2.036      0.042
    SCMI9              0.591      0.040     14.600      0.000
    SCMI14             0.633      0.043     14.867      0.000
    SCMI17             0.670      0.035     19.074      0.000
    SCMI22             0.646      0.040     16.151      0.000
    SCOI2             -0.074      0.025     -2.940      0.003
    SCOI6             -0.027      0.023     -1.184      0.236
    SCOI20            -0.050      0.045     -1.109      0.267
    SCOI24            -0.097      0.040     -2.458      0.014

 N        BY
    SCSK5              0.202      0.031      6.448      0.000
    SCSK12             0.068      0.030      2.259      0.024
    SCSK19             0.051      0.034      1.500      0.134
    SCSK23            -0.133      0.047     -2.813      0.005
    SCSK26             0.012      0.039      0.316      0.752
    SCSJ1              0.253      0.067      3.764      0.000
    SCSJ8              0.366      0.078      4.694      0.000
    SCSJ11             0.384      0.072      5.314      0.000
    SCSJ16             0.398      0.072      5.526      0.000
    SCSJ21             0.251      0.065      3.875      0.000
    SCCH3              0.039      0.040      0.974      0.330
    SCCH7              0.215      0.034      6.239      0.000
    SCCH10             0.069      0.037      1.874      0.061
    SCCH15            -0.096      0.031     -3.145      0.002
    SCIS4              0.652      0.046     14.123      0.000
    SCIS13             0.614      0.038     16.034      0.000
    SCIS18             0.623      0.047     13.361      0.000
    SCIS25             0.638      0.044     14.347      0.000
    SCMI9             -0.212      0.043     -4.886      0.000
    SCMI14            -0.383      0.039     -9.920      0.000
    SCMI17            -0.351      0.031    -11.369      0.000
    SCMI22            -0.052      0.030     -1.716      0.086
    SCOI2              0.677      0.047     14.337      0.000
    SCOI6              0.652      0.049     13.207      0.000
    SCOI20             0.689      0.029     23.928      0.000
    SCOI24             0.661      0.029     23.109      0.000

 P        WITH
    G                  0.291      0.076      3.810      0.000

 N        WITH
    G                  0.032      0.097      0.330      0.741
    P                  0.012      0.104      0.114      0.909

 SCCH10   WITH
    SCCH7              0.437      0.038     11.634      0.000

 SCIS18   WITH
    SCIS13             0.469      0.035     13.208      0.000

 SCSK19   WITH
    SCSK12             0.357      0.050      7.205      0.000

 SCSK26   WITH
    SCSK23             0.304      0.048      6.332      0.000

 Means
    G                  0.000      0.000    999.000    999.000
    P                  0.000      0.000    999.000    999.000
    N                  0.000      0.000    999.000    999.000

 Intercepts
    SCSJ1              3.393      0.096     35.381      0.000
    SCOI2              2.074      0.038     53.899      0.000
    SCCH3              3.069      0.085     35.925      0.000
    SCIS4              1.985      0.035     56.446      0.000
    SCSK5              2.434      0.056     43.844      0.000
    SCOI6              2.272      0.044     51.187      0.000
    SCCH7              2.104      0.044     47.774      0.000
    SCSJ8              2.335      0.051     46.016      0.000
    SCMI9              3.342      0.093     36.124      0.000
    SCCH10             2.235      0.050     44.799      0.000
    SCSJ11             2.269      0.049     46.495      0.000
    SCSK12             2.396      0.051     46.665      0.000
    SCIS13             2.146      0.041     52.131      0.000
    SCMI14             3.367      0.099     34.087      0.000
    SCCH15             2.816      0.072     39.144      0.000
    SCSJ16             2.315      0.051     45.425      0.000
    SCMI17             3.318      0.091     36.640      0.000
    SCIS18             2.354      0.049     47.635      0.000
    SCSK19             2.481      0.058     42.712      0.000
    SCOI20             2.134      0.041     52.196      0.000
    SCSJ21             2.502      0.055     45.743      0.000
    SCMI22             2.617      0.061     42.715      0.000
    SCSK23             2.515      0.060     41.820      0.000
    SCOI24             1.910      0.034     55.401      0.000
    SCIS25             2.065      0.040     51.299      0.000
    SCSK26             2.649      0.065     40.989      0.000

 Variances
    G                  1.000      0.000    999.000    999.000
    P                  1.000      0.000    999.000    999.000
    N                  1.000      0.000    999.000    999.000

 Residual Variances
    SCSJ1              0.612      0.028     21.551      0.000
    SCOI2              0.338      0.025     13.368      0.000
    SCCH3              0.767      0.032     23.688      0.000
    SCIS4              0.378      0.027     14.074      0.000
    SCSK5              0.538      0.038     14.179      0.000
    SCOI6              0.359      0.023     15.368      0.000
    SCCH7              0.774      0.028     27.722      0.000
    SCSJ8              0.424      0.031     13.533      0.000
    SCMI9              0.607      0.039     15.531      0.000
    SCCH10             0.724      0.029     24.897      0.000
    SCSJ11             0.456      0.030     15.128      0.000
    SCSK12             0.533      0.034     15.650      0.000
    SCIS13             0.523      0.029     17.774      0.000
    SCMI14             0.486      0.040     12.004      0.000
    SCCH15             0.558      0.033     16.754      0.000
    SCSJ16             0.455      0.029     15.592      0.000
    SCMI17             0.456      0.037     12.486      0.000
    SCIS18             0.463      0.028     16.595      0.000
    SCSK19             0.484      0.035     13.936      0.000
    SCOI20             0.502      0.033     15.395      0.000
    SCSJ21             0.629      0.031     20.178      0.000
    SCMI22             0.574      0.031     18.321      0.000
    SCSK23             0.568      0.038     15.137      0.000
    SCOI24             0.515      0.029     17.498      0.000
    SCIS25             0.421      0.027     15.690      0.000
    SCSK26             0.540      0.035     15.294      0.000


R-SQUARE

Group RW

    Observed                                        Two-Tailed
    Variable        Estimate       S.E.  Est./S.E.    P-Value

    SCSJ1              0.418      0.047      8.864      0.000
    SCOI2              0.650      0.033     19.469      0.000
    SCCH3              0.216      0.038      5.660      0.000
    SCIS4              0.607      0.033     18.533      0.000
    SCSK5              0.609      0.047     12.941      0.000
    SCOI6              0.648      0.034     19.176      0.000
    SCCH7              0.257      0.038      6.830      0.000
    SCSJ8              0.639      0.036     17.654      0.000
    SCMI9              0.335      0.054      6.243      0.000
    SCCH10             0.293      0.038      7.646      0.000
    SCSJ11             0.605      0.045     13.566      0.000
    SCSK12             0.571      0.042     13.535      0.000
    SCIS13             0.490      0.036     13.530      0.000
    SCMI14             0.425      0.054      7.856      0.000
    SCCH15             0.463      0.040     11.606      0.000
    SCSJ16             0.610      0.036     16.747      0.000
    SCMI17             0.494      0.041     12.008      0.000
    SCIS18             0.567      0.040     14.087      0.000
    SCSK19             0.678      0.040     16.730      0.000
    SCOI20             0.483      0.044     11.104      0.000
    SCSJ21             0.382      0.039      9.773      0.000
    SCMI22             0.464      0.040     11.704      0.000
    SCSK23             0.491      0.050      9.832      0.000
    SCOI24             0.406      0.038     10.573      0.000
    SCIS25             0.647      0.037     17.531      0.000
    SCSK26             0.612      0.041     15.013      0.000

Group CS

    Observed                                        Two-Tailed
    Variable        Estimate       S.E.  Est./S.E.    P-Value

    SCSJ1              0.388      0.028     13.654      0.000
    SCOI2              0.662      0.025     26.175      0.000
    SCCH3              0.233      0.032      7.189      0.000
    SCIS4              0.622      0.027     23.158      0.000
    SCSK5              0.462      0.038     12.163      0.000
    SCOI6              0.641      0.023     27.411      0.000
    SCCH7              0.226      0.028      8.114      0.000
    SCSJ8              0.576      0.031     18.378      0.000
    SCMI9              0.393      0.039     10.071      0.000
    SCCH10             0.276      0.029      9.484      0.000
    SCSJ11             0.544      0.030     18.082      0.000
    SCSK12             0.467      0.034     13.705      0.000
    SCIS13             0.477      0.029     16.206      0.000
    SCMI14             0.514      0.040     12.714      0.000
    SCCH15             0.442      0.033     13.297      0.000
    SCSJ16             0.545      0.029     18.647      0.000
    SCMI17             0.544      0.037     14.905      0.000
    SCIS18             0.537      0.028     19.229      0.000
    SCSK19             0.516      0.035     14.837      0.000
    SCOI20             0.498      0.033     15.263      0.000
    SCSJ21             0.371      0.031     11.885      0.000
    SCMI22             0.426      0.031     13.622      0.000
    SCSK23             0.432      0.038     11.516      0.000
    SCOI24             0.485      0.029     16.489      0.000
    SCIS25             0.579      0.027     21.568      0.000
    SCSK26             0.460      0.035     13.012      0.000


SAMPLE STATISTICS FOR ESTIMATED FACTOR SCORES


     SAMPLE STATISTICS


           Means
              G             G_SE          P             P_SE          N
              ________      ________      ________      ________      ________
               -0.005         0.391        -0.002         0.448         0.014


           Means
              N_SE
              ________
                0.382


           Covariances
              G             G_SE          P             P_SE          N
              ________      ________      ________      ________      ________
 G              0.682
 G_SE           0.000         0.000
 P              0.113         0.000         0.972
 P_SE           0.000         0.000         0.000         0.000
 N              0.110         0.000         0.043         0.000         0.793
 N_SE           0.000         0.000         0.000         0.000         0.003


           Covariances
              N_SE
              ________
 N_SE           0.000


           Correlations
              G             G_SE          P             P_SE          N
              ________      ________      ________      ________      ________
 G              1.000
 G_SE           0.003         1.000
 P              0.139        -0.006         1.000
 P_SE          -0.003        -1.000         0.006         1.000
 N              0.150        -0.371         0.049         0.371         1.000
 N_SE          -0.003        -1.000         0.006         1.000         0.371


           Correlations
              N_SE
              ________
 N_SE           1.000


SAVEDATA INFORMATION


  Save file
    gm6b_2_scores.txt

  Order and format of variables

    SCSJ1          F10.3
    SCOI2          F10.3
    SCCH3          F10.3
    SCIS4          F10.3
    SCSK5          F10.3
    SCOI6          F10.3
    SCCH7          F10.3
    SCSJ8          F10.3
    SCMI9          F10.3
    SCCH10         F10.3
    SCSJ11         F10.3
    SCSK12         F10.3
    SCIS13         F10.3
    SCMI14         F10.3
    SCCH15         F10.3
    SCSJ16         F10.3
    SCMI17         F10.3
    SCIS18         F10.3
    SCSK19         F10.3
    SCOI20         F10.3
    SCSJ21         F10.3
    SCMI22         F10.3
    SCSK23         F10.3
    SCOI24         F10.3
    SCIS25         F10.3
    SCSK26         F10.3
    G              F10.3
    G_SE           F10.3
    P              F10.3
    P_SE           F10.3
    N              F10.3
    N_SE           F10.3
    GROUP          I2

  Save file format
    32F10.3 I2

  Save file record length    10000

  Save missing symbol        *


     Beginning Time:  10:55:07
        Ending Time:  10:55:09
       Elapsed Time:  00:00:02



MUTHEN & MUTHEN
3463 Stoner Ave.
Los Angeles, CA  90066

Tel: (310) 391-9971
Fax: (310) 391-8971
Web: www.StatModel.com
Support: Support@StatModel.com

Copyright (c) 1998-2021 Muthen & Muthen
