Mplus VERSION 8.6 (Mac)
MUTHEN & MUTHEN
10/24/2022   6:55 AM

INPUT INSTRUCTIONS

  TITLE: Model 6b: Bifactor ESEM model (1 G- and 2 S-factors) correlated residuals.
  DATA:
  FILE = "semdatagr.dat";

  VARIABLE:
  NAMES =
    scsj1 scoi2 scch3 scis4 scsk5 scoi6 scch7 scsj8 scmi9 scch10 scsj11 scsk12
    scis13 scmi14 scch15 scsj16 scmi17 scis18 scsk19 scoi20 scsj21 scmi22 scsk23
    scoi24 scis25 scsk26
    ptgi_al ptgi_np ptgi_ps ptgi_sp ptgi_ro
    iesr_a iesr_i iesr_h
    cope_pa cope_po
    mspss_fa mspss_fr mspss_so
    neuro_na neuro_sr
    extra_pa extra_so extra_ac
    group
    ;

  Grouping = group (0=RW 1=CS);

  MISSING = .;

  USEVARIABLES ARE
    scsj1 scoi2 scch3 scis4 scsk5 scoi6 scch7 scsj8 scmi9 scch10 scsj11 scsk12
    scis13 scmi14 scch15 scsj16 scmi17 scis18 scsk19 scoi20 scsj21 scmi22 scsk23
    scoi24 scis25 scsk26;

  ANALYSIS:
    ESTIMATOR = MLR;
    PROCESSORS = 6;
    ROTATION = TARGET (ORTHOGONAL);

  MODEL:

  ! Global factor - other factors automatically uncorrelated with G by default.
  G BY
    scsk5 scsk12 scsk19 scsk23 scsk26
    scsj1 scsj8 scsj11 scsj16 scsj21
    scch3 scch7 scch10 scch15
    scis4 scis13 scis18 scis25
    scmi9 scmi14 scmi17 scmi22
    scoi2 scoi6 scoi20 scoi24 (*1);

  ! Specific factors
  P BY
    scsk5 scsk12 scsk19 scsk23 scsk26
    scsj1~0 scsj8~0 scsj11~0 scsj16~0 scsj21~0
    scch3 scch7 scch10 scch15
    scis4~0 scis13~0 scis18~0 scis25~0
    scmi9 scmi14 scmi17 scmi22
    scoi2~0 scoi6~0 scoi20~0 scoi24~0 (*1);

  N BY
    scsk5~0 scsk12~0 scsk19~0 scsk23~0 scsk26~0
    scsj1 scsj8 scsj11 scsj16 scsj21
    scch3~0 scch7~0 scch10~0 scch15~0
    scis4 scis13 scis18 scis25
    scmi9~0 scmi14~0 scmi17~0 scmi22~0
    scoi2 scoi6 scoi20 scoi24 (*1);

  ! Residual correlations
    SCCH10   WITH SCCH7;
    SCIS18   WITH SCIS13;
    SCSK19   WITH SCSK12;
    SCSK26   WITH SCSK23;

  ! In the next section, the parameters freely estimated in the second group are indicated.
  MODEL CS:

  ! Requesting standardized parameter estimates and modification indices
  OUTPUT:
    stdyx;
    ! MODINDICES (ALL);

  ! savedata:
  !   file is m6b_scores.txt;
  !   save = fscores;




INPUT READING TERMINATED NORMALLY



Model 6b: Bifactor ESEM model (1 G- and 2 S-factors) correlated residuals.

SUMMARY OF ANALYSIS

Number of groups                                                 2
Number of observations
   Group RW                                                    746
   Group CS                                                    322
   Total sample size                                          1068

Number of dependent variables                                   26
Number of independent variables                                  0
Number of continuous latent variables                            3

Observed dependent variables

  Continuous
   SCSJ1       SCOI2       SCCH3       SCIS4       SCSK5       SCOI6
   SCCH7       SCSJ8       SCMI9       SCCH10      SCSJ11      SCSK12
   SCIS13      SCMI14      SCCH15      SCSJ16      SCMI17      SCIS18
   SCSK19      SCOI20      SCSJ21      SCMI22      SCSK23      SCOI24
   SCIS25      SCSK26

Continuous latent variables

  EFA factors
  *1:   G           P           N

Variables with special functions

  Grouping variable     GROUP

Estimator                                                      MLR
Rotation                                                    TARGET
Row standardization                                     COVARIANCE
Type of rotation                                        ORTHOGONAL
Information matrix                                        OBSERVED
Maximum number of iterations                                  1000
Convergence criterion                                    0.500D-04
Maximum number of steepest descent iterations                   20
Maximum number of iterations for H1                           2000
Convergence criterion for H1                             0.100D-03
Optimization Specifications for the Exploratory Factor Analysis
Rotation Algorithm
  Number of random starts                                       30
  Maximum number of iterations                             1000000
  Derivative convergence criterion                       0.100D-04

Input data file(s)
  semdatagr.dat

Input data format  FREE


SUMMARY OF DATA

   Group RW
     Number of missing data patterns             1

   Group CS
     Number of missing data patterns             1


COVARIANCE COVERAGE OF DATA

Minimum covariance coverage value   0.100


     PROPORTION OF DATA PRESENT FOR RW


           Covariance Coverage
              SCSJ1         SCOI2         SCCH3         SCIS4         SCSK5
              ________      ________      ________      ________      ________
 SCSJ1          1.000
 SCOI2          1.000         1.000
 SCCH3          1.000         1.000         1.000
 SCIS4          1.000         1.000         1.000         1.000
 SCSK5          1.000         1.000         1.000         1.000         1.000
 SCOI6          1.000         1.000         1.000         1.000         1.000
 SCCH7          1.000         1.000         1.000         1.000         1.000
 SCSJ8          1.000         1.000         1.000         1.000         1.000
 SCMI9          1.000         1.000         1.000         1.000         1.000
 SCCH10         1.000         1.000         1.000         1.000         1.000
 SCSJ11         1.000         1.000         1.000         1.000         1.000
 SCSK12         1.000         1.000         1.000         1.000         1.000
 SCIS13         1.000         1.000         1.000         1.000         1.000
 SCMI14         1.000         1.000         1.000         1.000         1.000
 SCCH15         1.000         1.000         1.000         1.000         1.000
 SCSJ16         1.000         1.000         1.000         1.000         1.000
 SCMI17         1.000         1.000         1.000         1.000         1.000
 SCIS18         1.000         1.000         1.000         1.000         1.000
 SCSK19         1.000         1.000         1.000         1.000         1.000
 SCOI20         1.000         1.000         1.000         1.000         1.000
 SCSJ21         1.000         1.000         1.000         1.000         1.000
 SCMI22         1.000         1.000         1.000         1.000         1.000
 SCSK23         1.000         1.000         1.000         1.000         1.000
 SCOI24         1.000         1.000         1.000         1.000         1.000
 SCIS25         1.000         1.000         1.000         1.000         1.000
 SCSK26         1.000         1.000         1.000         1.000         1.000


           Covariance Coverage
              SCOI6         SCCH7         SCSJ8         SCMI9         SCCH10
              ________      ________      ________      ________      ________
 SCOI6          1.000
 SCCH7          1.000         1.000
 SCSJ8          1.000         1.000         1.000
 SCMI9          1.000         1.000         1.000         1.000
 SCCH10         1.000         1.000         1.000         1.000         1.000
 SCSJ11         1.000         1.000         1.000         1.000         1.000
 SCSK12         1.000         1.000         1.000         1.000         1.000
 SCIS13         1.000         1.000         1.000         1.000         1.000
 SCMI14         1.000         1.000         1.000         1.000         1.000
 SCCH15         1.000         1.000         1.000         1.000         1.000
 SCSJ16         1.000         1.000         1.000         1.000         1.000
 SCMI17         1.000         1.000         1.000         1.000         1.000
 SCIS18         1.000         1.000         1.000         1.000         1.000
 SCSK19         1.000         1.000         1.000         1.000         1.000
 SCOI20         1.000         1.000         1.000         1.000         1.000
 SCSJ21         1.000         1.000         1.000         1.000         1.000
 SCMI22         1.000         1.000         1.000         1.000         1.000
 SCSK23         1.000         1.000         1.000         1.000         1.000
 SCOI24         1.000         1.000         1.000         1.000         1.000
 SCIS25         1.000         1.000         1.000         1.000         1.000
 SCSK26         1.000         1.000         1.000         1.000         1.000


           Covariance Coverage
              SCSJ11        SCSK12        SCIS13        SCMI14        SCCH15
              ________      ________      ________      ________      ________
 SCSJ11         1.000
 SCSK12         1.000         1.000
 SCIS13         1.000         1.000         1.000
 SCMI14         1.000         1.000         1.000         1.000
 SCCH15         1.000         1.000         1.000         1.000         1.000
 SCSJ16         1.000         1.000         1.000         1.000         1.000
 SCMI17         1.000         1.000         1.000         1.000         1.000
 SCIS18         1.000         1.000         1.000         1.000         1.000
 SCSK19         1.000         1.000         1.000         1.000         1.000
 SCOI20         1.000         1.000         1.000         1.000         1.000
 SCSJ21         1.000         1.000         1.000         1.000         1.000
 SCMI22         1.000         1.000         1.000         1.000         1.000
 SCSK23         1.000         1.000         1.000         1.000         1.000
 SCOI24         1.000         1.000         1.000         1.000         1.000
 SCIS25         1.000         1.000         1.000         1.000         1.000
 SCSK26         1.000         1.000         1.000         1.000         1.000


           Covariance Coverage
              SCSJ16        SCMI17        SCIS18        SCSK19        SCOI20
              ________      ________      ________      ________      ________
 SCSJ16         1.000
 SCMI17         1.000         1.000
 SCIS18         1.000         1.000         1.000
 SCSK19         1.000         1.000         1.000         1.000
 SCOI20         1.000         1.000         1.000         1.000         1.000
 SCSJ21         1.000         1.000         1.000         1.000         1.000
 SCMI22         1.000         1.000         1.000         1.000         1.000
 SCSK23         1.000         1.000         1.000         1.000         1.000
 SCOI24         1.000         1.000         1.000         1.000         1.000
 SCIS25         1.000         1.000         1.000         1.000         1.000
 SCSK26         1.000         1.000         1.000         1.000         1.000


           Covariance Coverage
              SCSJ21        SCMI22        SCSK23        SCOI24        SCIS25
              ________      ________      ________      ________      ________
 SCSJ21         1.000
 SCMI22         1.000         1.000
 SCSK23         1.000         1.000         1.000
 SCOI24         1.000         1.000         1.000         1.000
 SCIS25         1.000         1.000         1.000         1.000         1.000
 SCSK26         1.000         1.000         1.000         1.000         1.000


           Covariance Coverage
              SCSK26
              ________
 SCSK26         1.000


     PROPORTION OF DATA PRESENT FOR CS


           Covariance Coverage
              SCSJ1         SCOI2         SCCH3         SCIS4         SCSK5
              ________      ________      ________      ________      ________
 SCSJ1          1.000
 SCOI2          1.000         1.000
 SCCH3          1.000         1.000         1.000
 SCIS4          1.000         1.000         1.000         1.000
 SCSK5          1.000         1.000         1.000         1.000         1.000
 SCOI6          1.000         1.000         1.000         1.000         1.000
 SCCH7          1.000         1.000         1.000         1.000         1.000
 SCSJ8          1.000         1.000         1.000         1.000         1.000
 SCMI9          1.000         1.000         1.000         1.000         1.000
 SCCH10         1.000         1.000         1.000         1.000         1.000
 SCSJ11         1.000         1.000         1.000         1.000         1.000
 SCSK12         1.000         1.000         1.000         1.000         1.000
 SCIS13         1.000         1.000         1.000         1.000         1.000
 SCMI14         1.000         1.000         1.000         1.000         1.000
 SCCH15         1.000         1.000         1.000         1.000         1.000
 SCSJ16         1.000         1.000         1.000         1.000         1.000
 SCMI17         1.000         1.000         1.000         1.000         1.000
 SCIS18         1.000         1.000         1.000         1.000         1.000
 SCSK19         1.000         1.000         1.000         1.000         1.000
 SCOI20         1.000         1.000         1.000         1.000         1.000
 SCSJ21         1.000         1.000         1.000         1.000         1.000
 SCMI22         1.000         1.000         1.000         1.000         1.000
 SCSK23         1.000         1.000         1.000         1.000         1.000
 SCOI24         1.000         1.000         1.000         1.000         1.000
 SCIS25         1.000         1.000         1.000         1.000         1.000
 SCSK26         1.000         1.000         1.000         1.000         1.000


           Covariance Coverage
              SCOI6         SCCH7         SCSJ8         SCMI9         SCCH10
              ________      ________      ________      ________      ________
 SCOI6          1.000
 SCCH7          1.000         1.000
 SCSJ8          1.000         1.000         1.000
 SCMI9          1.000         1.000         1.000         1.000
 SCCH10         1.000         1.000         1.000         1.000         1.000
 SCSJ11         1.000         1.000         1.000         1.000         1.000
 SCSK12         1.000         1.000         1.000         1.000         1.000
 SCIS13         1.000         1.000         1.000         1.000         1.000
 SCMI14         1.000         1.000         1.000         1.000         1.000
 SCCH15         1.000         1.000         1.000         1.000         1.000
 SCSJ16         1.000         1.000         1.000         1.000         1.000
 SCMI17         1.000         1.000         1.000         1.000         1.000
 SCIS18         1.000         1.000         1.000         1.000         1.000
 SCSK19         1.000         1.000         1.000         1.000         1.000
 SCOI20         1.000         1.000         1.000         1.000         1.000
 SCSJ21         1.000         1.000         1.000         1.000         1.000
 SCMI22         1.000         1.000         1.000         1.000         1.000
 SCSK23         1.000         1.000         1.000         1.000         1.000
 SCOI24         1.000         1.000         1.000         1.000         1.000
 SCIS25         1.000         1.000         1.000         1.000         1.000
 SCSK26         1.000         1.000         1.000         1.000         1.000


           Covariance Coverage
              SCSJ11        SCSK12        SCIS13        SCMI14        SCCH15
              ________      ________      ________      ________      ________
 SCSJ11         1.000
 SCSK12         1.000         1.000
 SCIS13         1.000         1.000         1.000
 SCMI14         1.000         1.000         1.000         1.000
 SCCH15         1.000         1.000         1.000         1.000         1.000
 SCSJ16         1.000         1.000         1.000         1.000         1.000
 SCMI17         1.000         1.000         1.000         1.000         1.000
 SCIS18         1.000         1.000         1.000         1.000         1.000
 SCSK19         1.000         1.000         1.000         1.000         1.000
 SCOI20         1.000         1.000         1.000         1.000         1.000
 SCSJ21         1.000         1.000         1.000         1.000         1.000
 SCMI22         1.000         1.000         1.000         1.000         1.000
 SCSK23         1.000         1.000         1.000         1.000         1.000
 SCOI24         1.000         1.000         1.000         1.000         1.000
 SCIS25         1.000         1.000         1.000         1.000         1.000
 SCSK26         1.000         1.000         1.000         1.000         1.000


           Covariance Coverage
              SCSJ16        SCMI17        SCIS18        SCSK19        SCOI20
              ________      ________      ________      ________      ________
 SCSJ16         1.000
 SCMI17         1.000         1.000
 SCIS18         1.000         1.000         1.000
 SCSK19         1.000         1.000         1.000         1.000
 SCOI20         1.000         1.000         1.000         1.000         1.000
 SCSJ21         1.000         1.000         1.000         1.000         1.000
 SCMI22         1.000         1.000         1.000         1.000         1.000
 SCSK23         1.000         1.000         1.000         1.000         1.000
 SCOI24         1.000         1.000         1.000         1.000         1.000
 SCIS25         1.000         1.000         1.000         1.000         1.000
 SCSK26         1.000         1.000         1.000         1.000         1.000


           Covariance Coverage
              SCSJ21        SCMI22        SCSK23        SCOI24        SCIS25
              ________      ________      ________      ________      ________
 SCSJ21         1.000
 SCMI22         1.000         1.000
 SCSK23         1.000         1.000         1.000
 SCOI24         1.000         1.000         1.000         1.000
 SCIS25         1.000         1.000         1.000         1.000         1.000
 SCSK26         1.000         1.000         1.000         1.000         1.000


           Covariance Coverage
              SCSK26
              ________
 SCSK26         1.000



UNIVARIATE SAMPLE STATISTICS


     UNIVARIATE HIGHER-ORDER MOMENT DESCRIPTIVE STATISTICS FOR RW

         Variable/         Mean/     Skewness/   Minimum/ % with                Percentiles
        Sample Size      Variance    Kurtosis    Maximum  Min/Max      20%/60%    40%/80%    Median

     SCSJ1                 3.712      -0.557       1.000    3.35%       3.000      4.000      4.000
             746.000       1.135      -0.319       5.000   26.68%       4.000      5.000
     SCOI2                 2.524       0.414       1.000   28.82%       1.000      2.000      2.000
             746.000       1.716      -0.979       5.000    9.65%       3.000      4.000
     SCCH3                 3.283      -0.368       1.000    7.10%       2.000      3.000      3.000
             746.000       1.133      -0.364       5.000   11.39%       4.000      4.000
     SCIS4                 2.389       0.568       1.000   32.98%       1.000      2.000      2.000
             746.000       1.696      -0.856       5.000    8.45%       3.000      4.000
     SCSK5                 2.799       0.175       1.000   14.21%       2.000      2.000      3.000
             746.000       1.346      -0.793       5.000    8.45%       3.000      4.000
     SCOI6                 2.725       0.238       1.000   21.05%       1.000      2.000      3.000
             746.000       1.655      -1.037       5.000   10.99%       3.000      4.000
     SCCH7                 2.558       0.336       1.000   25.20%       1.000      2.000      2.000
             746.000       1.539      -0.897       5.000    7.77%       3.000      4.000
     SCSJ8                 2.894       0.018       1.000   18.50%       2.000      2.000      3.000
             746.000       1.666      -1.108       5.000   12.06%       3.000      4.000
     SCMI9                 3.509      -0.416       1.000    3.89%       3.000      3.000      4.000
             746.000       1.060      -0.296       5.000   17.02%       4.000      4.000
     SCCH10                2.611       0.202       1.000   20.91%       1.000      2.000      3.000
             746.000       1.348      -0.844       5.000    5.50%       3.000      4.000
     SCSJ11                2.755       0.185       1.000   18.77%       2.000      2.000      3.000
             746.000       1.552      -1.011       5.000    9.52%       3.000      4.000
     SCSK12                2.668       0.259       1.000   16.09%       2.000      2.000      3.000
             746.000       1.276      -0.739       5.000    6.03%       3.000      4.000
     SCIS13                2.637       0.275       1.000   26.27%       1.000      2.000      2.000
             746.000       1.770      -1.149       5.000   10.19%       3.000      4.000
     SCMI14                3.571      -0.433       1.000    3.22%       3.000      3.000      4.000
             746.000       1.028      -0.265       5.000   18.63%       4.000      4.000
     SCCH15                3.146      -0.158       1.000    8.45%       2.000      3.000      3.000
             746.000       1.259      -0.699       5.000   11.53%       3.000      4.000
     SCSJ16                2.902       0.043       1.000   16.49%       2.000      2.000      3.000
             746.000       1.616      -1.107       5.000   11.66%       3.000      4.000
     SCMI17                3.339      -0.261       1.000    3.62%       3.000      3.000      3.000
             746.000       0.977      -0.384       5.000   10.99%       4.000      4.000
     SCIS18                2.849       0.053       1.000   18.50%       2.000      2.000      3.000
             746.000       1.608      -1.081       5.000   10.59%       3.000      4.000
     SCSK19                2.747       0.189       1.000   14.75%       2.000      2.000      3.000
             746.000       1.272      -0.690       5.000    7.10%       3.000      4.000
     SCOI20                2.373       0.525       1.000   28.55%       1.000      2.000      2.000
             746.000       1.389      -0.614       5.000    5.63%       3.000      3.000
     SCSJ21                2.800       0.115       1.000   15.55%       2.000      2.000      3.000
             746.000       1.364      -0.812       5.000    8.18%       3.000      4.000
     SCMI22                2.858       0.032       1.000   12.60%       2.000      3.000      3.000
             746.000       1.243      -0.753       5.000    6.84%       3.000      4.000
     SCSK23                2.740       0.194       1.000   13.94%       2.000      2.000      3.000
             746.000       1.225      -0.660       5.000    6.43%       3.000      4.000
     SCOI24                2.019       0.981       1.000   42.49%       1.000      1.000      2.000
             746.000       1.278       0.107       5.000    4.02%       2.000      3.000
     SCIS25                2.626       0.216       1.000   28.55%       1.000      2.000      3.000
             746.000       1.784      -1.210       5.000    9.12%       3.000      4.000
     SCSK26                2.788       0.129       1.000   11.26%       2.000      2.000      3.000
             746.000       1.113      -0.596       5.000    5.36%       3.000      4.000


     UNIVARIATE HIGHER-ORDER MOMENT DESCRIPTIVE STATISTICS FOR CS

         Variable/         Mean/     Skewness/   Minimum/ % with                Percentiles
        Sample Size      Variance    Kurtosis    Maximum  Min/Max      20%/60%    40%/80%    Median

     SCSJ1                 3.758      -0.764       1.000    6.52%       3.000      4.000      4.000
             322.000       1.389      -0.214       5.000   32.92%       4.000      5.000
     SCOI2                 3.379      -0.378       1.000   11.18%       2.000      3.000      4.000
             322.000       1.732      -1.028       5.000   24.22%       4.000      5.000
     SCCH3                 3.450      -0.307       1.000    4.35%       2.000      3.000      4.000
             322.000       1.198      -0.641       5.000   18.63%       4.000      4.000
     SCIS4                 3.037      -0.043       1.000   14.29%       2.000      3.000      3.000
             322.000       1.657      -1.107       5.000   15.22%       3.000      4.000
     SCSK5                 2.991       0.038       1.000   12.73%       2.000      3.000      3.000
             322.000       1.512      -0.969       5.000   13.35%       3.000      4.000
     SCOI6                 3.553      -0.533       1.000    8.39%       2.000      3.000      4.000
             322.000       1.545      -0.692       5.000   27.64%       4.000      5.000
     SCCH7                 2.742       0.226       1.000   17.08%       2.000      2.000      3.000
             322.000       1.446      -0.863       5.000    9.01%       3.000      4.000
     SCSJ8                 3.189      -0.108       1.000    9.94%       2.000      3.000      3.000
             322.000       1.588      -1.083       5.000   18.32%       4.000      4.000
     SCMI9                 3.363      -0.193       1.000    4.04%       2.000      3.000      3.000
             322.000       1.088      -0.525       5.000   14.91%       4.000      4.000
     SCCH10                2.630       0.276       1.000   18.94%       2.000      2.000      3.000
             322.000       1.351      -0.776       5.000    6.52%       3.000      4.000
     SCSJ11                3.059      -0.029       1.000   13.04%       2.000      3.000      3.000
             322.000       1.615      -1.057       5.000   15.84%       3.000      4.000
     SCSK12                2.733       0.320       1.000   16.15%       2.000      2.000      3.000
             322.000       1.444      -0.769       5.000   10.25%       3.000      4.000
     SCIS13                3.326      -0.408       1.000   10.25%       2.000      3.000      4.000
             322.000       1.512      -0.834       5.000   17.39%       4.000      4.000
     SCMI14                3.155      -0.141       1.000    7.14%       2.000      3.000      3.000
             322.000       1.206      -0.708       5.000   10.87%       4.000      4.000
     SCCH15                3.115      -0.087       1.000   10.25%       2.000      3.000      3.000
             322.000       1.394      -0.802       5.000   13.98%       3.000      4.000
     SCSJ16                3.155      -0.238       1.000   16.46%       2.000      3.000      3.000
             322.000       1.790      -1.101       5.000   18.32%       4.000      4.000
     SCMI17                3.102      -0.081       1.000    6.83%       2.000      3.000      3.000
             322.000       1.129      -0.611       5.000    9.32%       3.000      4.000
     SCIS18                3.463      -0.522       1.000   10.25%       2.000      3.000      4.000
             322.000       1.603      -0.767       5.000   23.60%       4.000      5.000
     SCSK19                2.832       0.154       1.000   13.98%       2.000      2.000      3.000
             322.000       1.369      -0.800       5.000    9.32%       3.000      4.000
     SCOI20                3.227      -0.156       1.000    9.01%       2.000      3.000      3.000
             322.000       1.461      -0.903       5.000   17.39%       4.000      4.000
     SCSJ21                3.087      -0.098       1.000    9.63%       2.000      3.000      3.000
             322.000       1.353      -0.876       5.000   11.49%       3.000      4.000
     SCMI22                2.984       0.066       1.000   10.56%       2.000      3.000      3.000
             322.000       1.351      -0.807       5.000   11.49%       3.000      4.000
     SCSK23                2.745       0.297       1.000   15.84%       2.000      2.000      3.000
             322.000       1.463      -0.859       5.000    9.94%       3.000      4.000
     SCOI24                2.767       0.190       1.000   19.57%       2.000      2.000      3.000
             322.000       1.626      -1.045       5.000   10.87%       3.000      4.000
     SCIS25                3.264      -0.228       1.000   12.42%       2.000      3.000      3.000
             322.000       1.760      -1.106       5.000   22.67%       4.000      5.000
     SCSK26                2.714       0.231       1.000   12.73%       2.000      2.000      3.000
             322.000       1.167      -0.676       5.000    5.28%       3.000      4.000


THE MODEL ESTIMATION TERMINATED NORMALLY



MODEL FIT INFORMATION

Number of Free Parameters                      170

Loglikelihood

          H0 Value                      -37546.599
          H0 Scaling Correction Factor      1.1765
            for MLR
          H1 Value                      -36775.205
          H1 Scaling Correction Factor      1.1590
            for MLR

Information Criteria

          Akaike (AIC)                   75433.198
          Bayesian (BIC)                 76278.701
          Sample-Size Adjusted BIC       75738.750
            (n* = (n + 2) / 24)

Chi-Square Test of Model Fit

          Value                           1337.067*
          Degrees of Freedom                   584
          P-Value                           0.0000
          Scaling Correction Factor         1.1539
            for MLR

Chi-Square Contribution From Each Group

          RW                               784.520
          CS                               552.547

*   The chi-square value for MLM, MLMV, MLR, ULSMV, WLSM and WLSMV cannot be used
    for chi-square difference testing in the regular way.  MLM, MLR and WLSM
    chi-square difference testing is described on the Mplus website.  MLMV, WLSMV,
    and ULSMV difference testing is done using the DIFFTEST option.

RMSEA (Root Mean Square Error Of Approximation)

          Estimate                           0.049
          90 Percent C.I.                    0.046  0.053
          Probability RMSEA <= .05           0.653

CFI/TLI

          CFI                                0.932
          TLI                                0.925

Chi-Square Test of Model Fit for the Baseline Model

          Value                          11793.301
          Degrees of Freedom                   650
          P-Value                           0.0000

SRMR (Standardized Root Mean Square Residual)

          Value                              0.048



MODEL RESULTS

                                                    Two-Tailed
                    Estimate       S.E.  Est./S.E.    P-Value

Group RW

 G        BY
    SCSK5             -0.423      0.064     -6.638      0.000
    SCSK12            -0.407      0.057     -7.103      0.000
    SCSK19            -0.477      0.054     -8.812      0.000
    SCSK23            -0.492      0.063     -7.802      0.000
    SCSK26            -0.437      0.049     -9.008      0.000
    SCSJ1              0.586      0.062      9.429      0.000
    SCSJ8              0.785      0.095      8.263      0.000
    SCSJ11             0.728      0.093      7.784      0.000
    SCSJ16             0.743      0.098      7.606      0.000
    SCSJ21             0.583      0.064      9.047      0.000
    SCCH3              0.069      0.049      1.409      0.159
    SCCH7             -0.074      0.071     -1.042      0.297
    SCCH10            -0.020      0.060     -0.329      0.742
    SCCH15            -0.192      0.064     -2.986      0.003
    SCIS4              0.465      0.131      3.559      0.000
    SCIS13             0.310      0.126      2.454      0.014
    SCIS18             0.403      0.125      3.211      0.001
    SCIS25             0.462      0.131      3.526      0.000
    SCMI9              0.192      0.064      2.971      0.003
    SCMI14             0.090      0.090      1.002      0.316
    SCMI17            -0.073      0.082     -0.887      0.375
    SCMI22            -0.226      0.063     -3.589      0.000
    SCOI2              0.480      0.141      3.403      0.001
    SCOI6              0.495      0.132      3.764      0.000
    SCOI20             0.079      0.128      0.621      0.535
    SCOI24             0.144      0.118      1.221      0.222

 P        BY
    SCSK5              0.636      0.047     13.418      0.000
    SCSK12             0.640      0.042     15.239      0.000
    SCSK19             0.637      0.044     14.532      0.000
    SCSK23             0.489      0.043     11.281      0.000
    SCSK26             0.550      0.040     13.884      0.000
    SCSJ1              0.126      0.034      3.701      0.000
    SCSJ8              0.066      0.031      2.102      0.036
    SCSJ11             0.069      0.032      2.145      0.032
    SCSJ16             0.013      0.031      0.434      0.664
    SCSJ21             0.069      0.034      2.029      0.042
    SCCH3              0.512      0.038     13.454      0.000
    SCCH7              0.520      0.044     11.838      0.000
    SCCH10             0.608      0.038     15.843      0.000
    SCCH15             0.707      0.036     19.598      0.000
    SCIS4             -0.113      0.032     -3.561      0.000
    SCIS13            -0.098      0.034     -2.908      0.004
    SCIS18            -0.014      0.032     -0.443      0.658
    SCIS25            -0.079      0.031     -2.528      0.011
    SCMI9              0.589      0.039     15.231      0.000
    SCMI14             0.631      0.040     15.676      0.000
    SCMI17             0.637      0.035     18.331      0.000
    SCMI22             0.683      0.036     18.780      0.000
    SCOI2             -0.110      0.031     -3.570      0.000
    SCOI6             -0.049      0.030     -1.631      0.103
    SCOI20            -0.074      0.038     -1.951      0.051
    SCOI24            -0.122      0.034     -3.564      0.000

 N        BY
    SCSK5              0.180      0.043      4.222      0.000
    SCSK12             0.025      0.039      0.631      0.528
    SCSK19            -0.001      0.046     -0.025      0.980
    SCSK23            -0.185      0.056     -3.288      0.001
    SCSK26            -0.038      0.045     -0.842      0.400
    SCSJ1              0.337      0.089      3.786      0.000
    SCSJ8              0.556      0.117      4.737      0.000
    SCSJ11             0.560      0.106      5.257      0.000
    SCSJ16             0.584      0.108      5.382      0.000
    SCSJ21             0.370      0.085      4.342      0.000
    SCCH3              0.071      0.040      1.771      0.077
    SCCH7              0.260      0.037      7.013      0.000
    SCCH10             0.089      0.039      2.287      0.022
    SCCH15            -0.109      0.033     -3.302      0.001
    SCIS4              0.881      0.064     13.662      0.000
    SCIS13             0.829      0.053     15.674      0.000
    SCIS18             0.828      0.064     12.971      0.000
    SCIS25             0.896      0.067     13.369      0.000
    SCMI9             -0.171      0.045     -3.792      0.000
    SCMI14            -0.362      0.036     -9.956      0.000
    SCMI17            -0.328      0.029    -11.151      0.000
    SCMI22            -0.066      0.033     -2.008      0.045
    SCOI2              0.946      0.070     13.571      0.000
    SCOI6              0.898      0.071     12.663      0.000
    SCOI20             0.834      0.035     23.968      0.000
    SCOI24             0.766      0.038     19.952      0.000

 P        WITH
    G                  0.000      0.000    999.000    999.000

 N        WITH
    G                  0.000      0.000    999.000    999.000
    P                  0.000      0.000    999.000    999.000

 SCCH10   WITH
    SCCH7              0.475      0.051      9.331      0.000

 SCIS18   WITH
    SCIS13             0.392      0.041      9.560      0.000

 SCSK19   WITH
    SCSK12             0.234      0.039      5.953      0.000

 SCSK26   WITH
    SCSK23             0.188      0.035      5.435      0.000

 Means
    G                  0.000      0.000    999.000    999.000
    P                  0.000      0.000    999.000    999.000
    N                  0.000      0.000    999.000    999.000

 Intercepts
    SCSJ1              3.676      0.038     96.534      0.000
    SCOI2              2.549      0.047     54.485      0.000
    SCCH3              3.323      0.037     91.004      0.000
    SCIS4              2.374      0.045     52.234      0.000
    SCSK5              2.772      0.041     68.437      0.000
    SCOI6              2.758      0.046     59.911      0.000
    SCCH7              2.537      0.041     61.734      0.000
    SCSJ8              2.888      0.046     62.763      0.000
    SCMI9              3.531      0.035    100.449      0.000
    SCCH10             2.594      0.039     65.801      0.000
    SCSJ11             2.746      0.044     62.693      0.000
    SCSK12             2.651      0.040     66.184      0.000
    SCIS13             2.633      0.046     57.166      0.000
    SCMI14             3.561      0.036     99.575      0.000
    SCCH15             3.156      0.040     79.811      0.000
    SCSJ16             2.871      0.045     63.417      0.000
    SCMI17             3.354      0.035     95.024      0.000
    SCIS18             2.832      0.045     63.507      0.000
    SCSK19             2.737      0.040     69.048      0.000
    SCOI20             2.398      0.041     57.995      0.000
    SCSJ21             2.827      0.041     69.452      0.000
    SCMI22             2.899      0.039     73.938      0.000
    SCSK23             2.752      0.039     69.858      0.000
    SCOI24             2.034      0.038     53.195      0.000
    SCIS25             2.600      0.047     55.309      0.000
    SCSK26             2.739      0.037     73.967      0.000

 Variances
    G                  1.000      0.000    999.000    999.000
    P                  1.000      0.000    999.000    999.000
    N                  1.000      0.000    999.000    999.000

 Residual Variances
    SCSJ1              0.733      0.043     17.055      0.000
    SCOI2              0.598      0.046     13.103      0.000
    SCCH3              0.907      0.058     15.600      0.000
    SCIS4              0.636      0.045     14.280      0.000
    SCSK5              0.750      0.059     12.691      0.000
    SCOI6              0.609      0.038     16.142      0.000
    SCCH7              1.192      0.056     21.180      0.000
    SCSJ8              0.690      0.050     13.745      0.000
    SCMI9              0.657      0.046     14.197      0.000
    SCCH10             0.991      0.051     19.574      0.000
    SCSJ11             0.713      0.049     14.479      0.000
    SCSK12             0.676      0.046     14.687      0.000
    SCIS13             0.912      0.051     17.768      0.000
    SCMI14             0.512      0.044     11.562      0.000
    SCCH15             0.690      0.047     14.814      0.000
    SCSJ16             0.746      0.052     14.413      0.000
    SCMI17             0.445      0.037     12.152      0.000
    SCIS18             0.767      0.048     16.138      0.000
    SCSK19             0.610      0.048     12.835      0.000
    SCOI20             0.748      0.056     13.381      0.000
    SCSJ21             0.841      0.047     17.941      0.000
    SCMI22             0.700      0.043     16.209      0.000
    SCSK23             0.665      0.053     12.563      0.000
    SCOI24             0.694      0.045     15.467      0.000
    SCIS25             0.781      0.052     14.994      0.000
    SCSK26             0.588      0.046     12.817      0.000

Group CS

 G        BY
    SCSK5             -0.423      0.064     -6.638      0.000
    SCSK12            -0.407      0.057     -7.103      0.000
    SCSK19            -0.477      0.054     -8.812      0.000
    SCSK23            -0.492      0.063     -7.802      0.000
    SCSK26            -0.437      0.049     -9.008      0.000
    SCSJ1              0.586      0.062      9.429      0.000
    SCSJ8              0.785      0.095      8.263      0.000
    SCSJ11             0.728      0.093      7.784      0.000
    SCSJ16             0.743      0.098      7.606      0.000
    SCSJ21             0.583      0.064      9.047      0.000
    SCCH3              0.069      0.049      1.409      0.159
    SCCH7             -0.074      0.071     -1.042      0.297
    SCCH10            -0.020      0.060     -0.329      0.742
    SCCH15            -0.192      0.064     -2.986      0.003
    SCIS4              0.465      0.131      3.559      0.000
    SCIS13             0.310      0.126      2.454      0.014
    SCIS18             0.403      0.125      3.211      0.001
    SCIS25             0.462      0.131      3.526      0.000
    SCMI9              0.192      0.064      2.971      0.003
    SCMI14             0.090      0.090      1.002      0.316
    SCMI17            -0.073      0.082     -0.887      0.375
    SCMI22            -0.226      0.063     -3.589      0.000
    SCOI2              0.480      0.141      3.403      0.001
    SCOI6              0.495      0.132      3.764      0.000
    SCOI20             0.079      0.128      0.621      0.535
    SCOI24             0.144      0.118      1.221      0.222

 P        BY
    SCSK5              0.636      0.047     13.418      0.000
    SCSK12             0.640      0.042     15.239      0.000
    SCSK19             0.637      0.044     14.532      0.000
    SCSK23             0.489      0.043     11.281      0.000
    SCSK26             0.550      0.040     13.884      0.000
    SCSJ1              0.126      0.034      3.701      0.000
    SCSJ8              0.066      0.031      2.102      0.036
    SCSJ11             0.069      0.032      2.145      0.032
    SCSJ16             0.013      0.031      0.434      0.664
    SCSJ21             0.069      0.034      2.029      0.042
    SCCH3              0.512      0.038     13.454      0.000
    SCCH7              0.520      0.044     11.838      0.000
    SCCH10             0.608      0.038     15.843      0.000
    SCCH15             0.707      0.036     19.598      0.000
    SCIS4             -0.113      0.032     -3.561      0.000
    SCIS13            -0.098      0.034     -2.908      0.004
    SCIS18            -0.014      0.032     -0.443      0.658
    SCIS25            -0.079      0.031     -2.528      0.011
    SCMI9              0.589      0.039     15.231      0.000
    SCMI14             0.631      0.040     15.676      0.000
    SCMI17             0.637      0.035     18.331      0.000
    SCMI22             0.683      0.036     18.780      0.000
    SCOI2             -0.110      0.031     -3.570      0.000
    SCOI6             -0.049      0.030     -1.631      0.103
    SCOI20            -0.074      0.038     -1.951      0.051
    SCOI24            -0.122      0.034     -3.564      0.000

 N        BY
    SCSK5              0.180      0.043      4.222      0.000
    SCSK12             0.025      0.039      0.631      0.528
    SCSK19            -0.001      0.046     -0.025      0.980
    SCSK23            -0.185      0.056     -3.288      0.001
    SCSK26            -0.038      0.045     -0.842      0.400
    SCSJ1              0.337      0.089      3.786      0.000
    SCSJ8              0.556      0.117      4.737      0.000
    SCSJ11             0.560      0.106      5.257      0.000
    SCSJ16             0.584      0.108      5.382      0.000
    SCSJ21             0.370      0.085      4.342      0.000
    SCCH3              0.071      0.040      1.771      0.077
    SCCH7              0.260      0.037      7.013      0.000
    SCCH10             0.089      0.039      2.287      0.022
    SCCH15            -0.109      0.033     -3.302      0.001
    SCIS4              0.881      0.064     13.662      0.000
    SCIS13             0.829      0.053     15.674      0.000
    SCIS18             0.828      0.064     12.971      0.000
    SCIS25             0.896      0.067     13.369      0.000
    SCMI9             -0.171      0.045     -3.792      0.000
    SCMI14            -0.362      0.036     -9.956      0.000
    SCMI17            -0.328      0.029    -11.151      0.000
    SCMI22            -0.066      0.033     -2.008      0.045
    SCOI2              0.946      0.070     13.571      0.000
    SCOI6              0.898      0.071     12.663      0.000
    SCOI20             0.834      0.035     23.968      0.000
    SCOI24             0.766      0.038     19.952      0.000

 P        WITH
    G                 -0.398      0.101     -3.946      0.000

 N        WITH
    G                  0.083      0.134      0.618      0.537
    P                 -0.028      0.110     -0.251      0.802

 SCCH10   WITH
    SCCH7              0.578      0.074      7.803      0.000

 SCIS18   WITH
    SCIS13             0.336      0.074      4.543      0.000

 SCSK19   WITH
    SCSK12             0.182      0.052      3.498      0.000

 SCSK26   WITH
    SCSK23             0.157      0.057      2.770      0.006

 Means
    G                 -0.261      0.139     -1.881      0.060
    P                 -0.019      0.080     -0.233      0.816
    N                  0.935      0.089     10.448      0.000

 Intercepts
    SCSJ1              3.676      0.038     96.534      0.000
    SCOI2              2.549      0.047     54.485      0.000
    SCCH3              3.323      0.037     91.004      0.000
    SCIS4              2.374      0.045     52.234      0.000
    SCSK5              2.772      0.041     68.437      0.000
    SCOI6              2.758      0.046     59.911      0.000
    SCCH7              2.537      0.041     61.734      0.000
    SCSJ8              2.888      0.046     62.763      0.000
    SCMI9              3.531      0.035    100.449      0.000
    SCCH10             2.594      0.039     65.801      0.000
    SCSJ11             2.746      0.044     62.693      0.000
    SCSK12             2.651      0.040     66.184      0.000
    SCIS13             2.633      0.046     57.166      0.000
    SCMI14             3.561      0.036     99.575      0.000
    SCCH15             3.156      0.040     79.811      0.000
    SCSJ16             2.871      0.045     63.417      0.000
    SCMI17             3.354      0.035     95.024      0.000
    SCIS18             2.832      0.045     63.507      0.000
    SCSK19             2.737      0.040     69.048      0.000
    SCOI20             2.398      0.041     57.995      0.000
    SCSJ21             2.827      0.041     69.452      0.000
    SCMI22             2.899      0.039     73.938      0.000
    SCSK23             2.752      0.039     69.858      0.000
    SCOI24             2.034      0.038     53.195      0.000
    SCIS25             2.600      0.047     55.309      0.000
    SCSK26             2.739      0.037     73.967      0.000

 Variances
    G                  1.303      0.177      7.347      0.000
    P                  0.993      0.116      8.587      0.000
    N                  0.716      0.101      7.059      0.000

 Residual Variances
    SCSJ1              0.701      0.076      9.171      0.000
    SCOI2              0.715      0.070     10.163      0.000
    SCCH3              0.874      0.068     12.776      0.000
    SCIS4              0.792      0.072     11.028      0.000
    SCSK5              0.599      0.067      8.961      0.000
    SCOI6              0.661      0.066      9.979      0.000
    SCCH7              1.088      0.087     12.500      0.000
    SCSJ8              0.621      0.067      9.211      0.000
    SCMI9              0.720      0.078      9.241      0.000
    SCCH10             0.920      0.073     12.621      0.000
    SCSJ11             0.643      0.083      7.700      0.000
    SCSK12             0.657      0.067      9.762      0.000
    SCIS13             0.979      0.086     11.345      0.000
    SCMI14             0.701      0.084      8.374      0.000
    SCCH15             0.771      0.077     10.051      0.000
    SCSJ16             0.677      0.065     10.471      0.000
    SCMI17             0.608      0.062      9.856      0.000
    SCIS18             0.763      0.079      9.647      0.000
    SCSK19             0.476      0.059      8.063      0.000
    SCOI20             0.865      0.073     11.788      0.000
    SCSJ21             0.944      0.087     10.890      0.000
    SCMI22             0.754      0.073     10.354      0.000
    SCSK23             0.791      0.110      7.211      0.000
    SCOI24             1.064      0.086     12.323      0.000
    SCIS25             0.687      0.072      9.554      0.000
    SCSK26             0.479      0.057      8.376      0.000


QUALITY OF NUMERICAL RESULTS

     Condition Number for the Information Matrix              0.304E-02
       (ratio of smallest to largest eigenvalue)


STANDARDIZED MODEL RESULTS


STDYX Standardization

                                                    Two-Tailed
                    Estimate       S.E.  Est./S.E.    P-Value

Group RW

 G        BY
    SCSK5             -0.362      0.055     -6.641      0.000
    SCSK12            -0.364      0.050     -7.208      0.000
    SCSK19            -0.428      0.047     -9.079      0.000
    SCSK23            -0.453      0.056     -8.036      0.000
    SCSK26            -0.420      0.045     -9.338      0.000
    SCSJ1              0.534      0.055      9.793      0.000
    SCSJ8              0.617      0.073      8.483      0.000
    SCSJ11             0.583      0.072      8.045      0.000
    SCSJ16             0.580      0.074      7.886      0.000
    SCSJ21             0.507      0.054      9.388      0.000
    SCCH3              0.063      0.045      1.410      0.159
    SCCH7             -0.060      0.057     -1.041      0.298
    SCCH10            -0.017      0.051     -0.329      0.742
    SCCH15            -0.173      0.057     -3.006      0.003
    SCIS4              0.363      0.100      3.617      0.000
    SCIS13             0.238      0.096      2.463      0.014
    SCIS18             0.317      0.098      3.234      0.001
    SCIS25             0.344      0.097      3.555      0.000
    SCMI9              0.185      0.062      2.991      0.003
    SCMI14             0.088      0.088      1.001      0.317
    SCMI17            -0.074      0.084     -0.890      0.374
    SCMI22            -0.204      0.057     -3.609      0.000
    SCOI2              0.364      0.106      3.442      0.001
    SCOI6              0.384      0.101      3.811      0.000
    SCOI20             0.066      0.106      0.622      0.534
    SCOI24             0.125      0.102      1.224      0.221

 P        BY
    SCSK5              0.544      0.038     14.250      0.000
    SCSK12             0.572      0.035     16.520      0.000
    SCSK19             0.571      0.037     15.333      0.000
    SCSK23             0.450      0.039     11.423      0.000
    SCSK26             0.528      0.037     14.254      0.000
    SCSJ1              0.115      0.031      3.713      0.000
    SCSJ8              0.051      0.024      2.108      0.035
    SCSJ11             0.055      0.026      2.145      0.032
    SCSJ16             0.010      0.024      0.435      0.664
    SCSJ21             0.060      0.030      2.036      0.042
    SCCH3              0.471      0.034     14.048      0.000
    SCCH7              0.420      0.033     12.830      0.000
    SCCH10             0.519      0.029     17.836      0.000
    SCCH15             0.635      0.028     22.575      0.000
    SCIS4             -0.089      0.025     -3.544      0.000
    SCIS13            -0.075      0.026     -2.903      0.004
    SCIS18            -0.011      0.025     -0.443      0.658
    SCIS25            -0.059      0.024     -2.516      0.012
    SCMI9              0.569      0.032     17.776      0.000
    SCMI14             0.616      0.033     18.476      0.000
    SCMI17             0.649      0.030     21.764      0.000
    SCMI22             0.618      0.029     21.615      0.000
    SCOI2             -0.084      0.024     -3.553      0.000
    SCOI6             -0.038      0.023     -1.629      0.103
    SCOI20            -0.061      0.031     -1.950      0.051
    SCOI24            -0.106      0.030     -3.570      0.000

 N        BY
    SCSK5              0.154      0.037      4.219      0.000
    SCSK12             0.022      0.035      0.631      0.528
    SCSK19            -0.001      0.042     -0.025      0.980
    SCSK23            -0.170      0.052     -3.269      0.001
    SCSK26            -0.036      0.043     -0.841      0.400
    SCSJ1              0.307      0.080      3.818      0.000
    SCSJ8              0.437      0.092      4.745      0.000
    SCSJ11             0.448      0.086      5.232      0.000
    SCSJ16             0.456      0.086      5.319      0.000
    SCSJ21             0.322      0.074      4.352      0.000
    SCCH3              0.066      0.037      1.782      0.075
    SCCH7              0.210      0.030      7.029      0.000
    SCCH10             0.076      0.033      2.280      0.023
    SCCH15            -0.098      0.030     -3.300      0.001
    SCIS4              0.688      0.050     13.651      0.000
    SCIS13             0.635      0.038     16.508      0.000
    SCIS18             0.651      0.049     13.216      0.000
    SCIS25             0.667      0.049     13.493      0.000
    SCMI9             -0.165      0.044     -3.756      0.000
    SCMI14            -0.353      0.035    -10.015      0.000
    SCMI17            -0.334      0.029    -11.498      0.000
    SCMI22            -0.060      0.030     -1.997      0.046
    SCOI2              0.718      0.053     13.605      0.000
    SCOI6              0.696      0.055     12.775      0.000
    SCOI20             0.691      0.026     26.735      0.000
    SCOI24             0.668      0.028     23.921      0.000

 P        WITH
    G                  0.000      0.000    999.000    999.000

 N        WITH
    G                  0.000      0.000    999.000    999.000
    P                  0.000      0.000    999.000    999.000

 SCCH10   WITH
    SCCH7              0.437      0.038     11.646      0.000

 SCIS18   WITH
    SCIS13             0.469      0.035     13.236      0.000

 SCSK19   WITH
    SCSK12             0.364      0.049      7.479      0.000

 SCSK26   WITH
    SCSK23             0.301      0.048      6.308      0.000

 Means
    G                  0.000      0.000    999.000    999.000
    P                  0.000      0.000    999.000    999.000
    N                  0.000      0.000    999.000    999.000

 Intercepts
    SCSJ1              3.348      0.097     34.656      0.000
    SCOI2              1.935      0.040     48.371      0.000
    SCCH3              3.060      0.088     34.665      0.000
    SCIS4              1.853      0.036     51.068      0.000
    SCSK5              2.372      0.057     41.749      0.000
    SCOI6              2.139      0.046     46.278      0.000
    SCCH7              2.048      0.045     45.225      0.000
    SCSJ8              2.270      0.053     42.801      0.000
    SCMI9              3.414      0.096     35.692      0.000
    SCCH10             2.217      0.051     43.748      0.000
    SCSJ11             2.198      0.050     43.840      0.000
    SCSK12             2.369      0.053     44.746      0.000
    SCIS13             2.017      0.043     46.938      0.000
    SCMI14             3.476      0.097     35.660      0.000
    SCCH15             2.834      0.073     38.721      0.000
    SCSJ16             2.243      0.052     43.061      0.000
    SCMI17             3.417      0.091     37.553      0.000
    SCIS18             2.228      0.051     43.360      0.000
    SCSK19             2.455      0.059     41.317      0.000
    SCOI20             1.988      0.042     46.792      0.000
    SCSJ21             2.458      0.057     43.361      0.000
    SCMI22             2.622      0.063     41.330      0.000
    SCSK23             2.532      0.061     41.297      0.000
    SCOI24             1.772      0.035     50.085      0.000
    SCIS25             1.936      0.042     45.794      0.000
    SCSK26             2.631      0.066     40.068      0.000

 Variances
    G                  1.000      0.000    999.000    999.000
    P                  1.000      0.000    999.000    999.000
    N                  1.000      0.000    999.000    999.000

 Residual Variances
    SCSJ1              0.608      0.029     21.139      0.000
    SCOI2              0.345      0.025     13.714      0.000
    SCCH3              0.770      0.032     23.882      0.000
    SCIS4              0.388      0.027     14.542      0.000
    SCSK5              0.549      0.037     14.844      0.000
    SCOI6              0.366      0.023     15.737      0.000
    SCCH7              0.776      0.027     28.306      0.000
    SCSJ8              0.426      0.031     13.548      0.000
    SCMI9              0.614      0.038     16.131      0.000
    SCCH10             0.724      0.029     24.898      0.000
    SCSJ11             0.457      0.030     15.068      0.000
    SCSK12             0.540      0.034     16.084      0.000
    SCIS13             0.535      0.029     18.604      0.000
    SCMI14             0.488      0.039     12.487      0.000
    SCCH15             0.557      0.033     16.734      0.000
    SCSJ16             0.455      0.029     15.496      0.000
    SCMI17             0.461      0.036     12.679      0.000
    SCIS18             0.475      0.027     17.292      0.000
    SCSK19             0.491      0.034     14.244      0.000
    SCOI20             0.514      0.032     16.091      0.000
    SCSJ21             0.636      0.031     20.462      0.000
    SCMI22             0.573      0.031     18.313      0.000
    SCSK23             0.564      0.037     15.066      0.000
    SCOI24             0.527      0.028     18.547      0.000
    SCIS25             0.433      0.027     16.201      0.000
    SCSK26             0.543      0.035     15.477      0.000

Group CS

 G        BY
    SCSK5             -0.401      0.062     -6.471      0.000
    SCSK12            -0.381      0.058     -6.614      0.000
    SCSK19            -0.457      0.059     -7.772      0.000
    SCSK23            -0.447      0.066     -6.739      0.000
    SCSK26            -0.451      0.058     -7.794      0.000
    SCSJ1              0.606      0.075      8.093      0.000
    SCSJ8              0.691      0.093      7.419      0.000
    SCSJ11             0.659      0.096      6.901      0.000
    SCSJ16             0.649      0.096      6.755      0.000
    SCSJ21             0.545      0.069      7.925      0.000
    SCCH3              0.074      0.052      1.435      0.151
    SCCH7             -0.071      0.067     -1.052      0.293
    SCCH10            -0.020      0.060     -0.329      0.742
    SCCH15            -0.183      0.065     -2.812      0.005
    SCIS4              0.400      0.121      3.315      0.001
    SCIS13             0.273      0.117      2.336      0.019
    SCIS18             0.372      0.124      2.993      0.003
    SCIS25             0.411      0.126      3.256      0.001
    SCMI9              0.214      0.070      3.050      0.002
    SCMI14             0.096      0.094      1.017      0.309
    SCMI17            -0.078      0.089     -0.875      0.382
    SCMI22            -0.217      0.063     -3.418      0.001
    SCOI2              0.409      0.130      3.153      0.002
    SCOI6              0.439      0.127      3.474      0.001
    SCOI20             0.077      0.125      0.615      0.539
    SCOI24             0.131      0.110      1.189      0.235

 P        BY
    SCSK5              0.526      0.047     11.215      0.000
    SCSK12             0.523      0.042     12.395      0.000
    SCSK19             0.533      0.042     12.647      0.000
    SCSK23             0.388      0.037     10.509      0.000
    SCSK26             0.495      0.040     12.243      0.000
    SCSJ1              0.114      0.030      3.730      0.000
    SCSJ8              0.050      0.023      2.150      0.032
    SCSJ11             0.055      0.025      2.163      0.031
    SCSJ16             0.010      0.024      0.436      0.663
    SCSJ21             0.057      0.027      2.067      0.039
    SCCH3              0.483      0.043     11.256      0.000
    SCCH7              0.433      0.044      9.874      0.000
    SCCH10             0.531      0.040     13.142      0.000
    SCCH15             0.587      0.034     17.322      0.000
    SCIS4             -0.085      0.024     -3.567      0.000
    SCIS13            -0.075      0.025     -2.960      0.003
    SCIS18            -0.011      0.026     -0.444      0.657
    SCIS25            -0.062      0.024     -2.533      0.011
    SCMI9              0.574      0.041     13.858      0.000
    SCMI14             0.583      0.045     13.066      0.000
    SCMI17             0.592      0.035     17.130      0.000
    SCMI22             0.572      0.037     15.296      0.000
    SCOI2             -0.082      0.023     -3.573      0.000
    SCOI6             -0.038      0.023     -1.633      0.102
    SCOI20            -0.062      0.032     -1.941      0.052
    SCOI24            -0.097      0.027     -3.623      0.000

 N        BY
    SCSK5              0.127      0.030      4.243      0.000
    SCSK12             0.017      0.027      0.630      0.529
    SCSK19            -0.001      0.033     -0.025      0.980
    SCSK23            -0.125      0.042     -2.981      0.003
    SCSK26            -0.029      0.035     -0.828      0.408
    SCSJ1              0.259      0.075      3.426      0.001
    SCSJ8              0.363      0.086      4.241      0.000
    SCSJ11             0.376      0.082      4.590      0.000
    SCSJ16             0.378      0.081      4.677      0.000
    SCSJ21             0.256      0.063      4.050      0.000
    SCCH3              0.057      0.032      1.767      0.077
    SCCH7              0.184      0.028      6.481      0.000
    SCCH10             0.066      0.029      2.255      0.024
    SCCH15            -0.077      0.025     -3.113      0.002
    SCIS4              0.562      0.056     10.110      0.000
    SCIS13             0.542      0.046     11.696      0.000
    SCIS18             0.567      0.058      9.734      0.000
    SCIS25             0.591      0.059      9.934      0.000
    SCMI9             -0.142      0.037     -3.846      0.000
    SCMI14            -0.284      0.028    -10.006      0.000
    SCMI17            -0.259      0.028     -9.400      0.000
    SCMI22            -0.047      0.023     -2.017      0.044
    SCOI2              0.598      0.058     10.246      0.000
    SCOI6              0.591      0.061      9.712      0.000
    SCOI20             0.597      0.041     14.639      0.000
    SCOI24             0.519      0.040     12.869      0.000

 P        WITH
    G                 -0.350      0.084     -4.170      0.000

 N        WITH
    G                  0.086      0.142      0.604      0.546
    P                 -0.033      0.130     -0.252      0.801

 SCCH10   WITH
    SCCH7              0.577      0.048     11.980      0.000

 SCIS18   WITH
    SCIS13             0.389      0.067      5.774      0.000

 SCSK19   WITH
    SCSK12             0.326      0.076      4.279      0.000

 SCSK26   WITH
    SCSK23             0.256      0.083      3.065      0.002

 Means
    G                 -0.229      0.124     -1.842      0.065
    P                 -0.019      0.080     -0.233      0.816
    N                  1.105      0.139      7.931      0.000

 Intercepts
    SCSJ1              3.333      0.125     26.576      0.000
    SCOI2              1.905      0.061     31.259      0.000
    SCCH3              3.148      0.105     29.856      0.000
    SCIS4              1.791      0.054     33.154      0.000
    SCSK5              2.300      0.072     31.826      0.000
    SCOI6              2.144      0.070     30.444      0.000
    SCCH7              2.121      0.071     29.731      0.000
    SCSJ8              2.230      0.071     31.484      0.000
    SCMI9              3.457      0.125     27.652      0.000
    SCCH10             2.276      0.074     30.899      0.000
    SCSJ11             2.180      0.071     30.849      0.000
    SCSK12             2.175      0.069     31.720      0.000
    SCIS13             2.033      0.070     29.042      0.000
    SCMI14             3.302      0.122     27.050      0.000
    SCCH15             2.629      0.088     30.042      0.000
    SCSJ16             2.200      0.068     32.178      0.000
    SCMI17             3.131      0.108     28.924      0.000
    SCIS18             2.293      0.080     28.758      0.000
    SCSK19             2.299      0.074     31.258      0.000
    SCOI20             2.030      0.067     30.413      0.000
    SCSJ21             2.315      0.081     28.568      0.000
    SCMI22             2.437      0.083     29.522      0.000
    SCSK23             2.189      0.086     25.309      0.000
    SCOI24             1.626      0.053     30.679      0.000
    SCIS25             2.026      0.065     31.282      0.000
    SCSK26             2.475      0.084     29.582      0.000

 Variances
    G                  1.000      0.000    999.000    999.000
    P                  1.000      0.000    999.000    999.000
    N                  1.000      0.000    999.000    999.000

 Residual Variances
    SCSJ1              0.576      0.048     11.891      0.000
    SCOI2              0.399      0.035     11.567      0.000
    SCCH3              0.784      0.038     20.608      0.000
    SCIS4              0.451      0.034     13.148      0.000
    SCSK5              0.412      0.046      8.985      0.000
    SCOI6              0.399      0.035     11.468      0.000
    SCCH7              0.760      0.036     21.114      0.000
    SCSJ8              0.370      0.037      9.918      0.000
    SCMI9              0.690      0.050     13.787      0.000
    SCCH10             0.708      0.038     18.481      0.000
    SCSJ11             0.405      0.046      8.835      0.000
    SCSK12             0.443      0.042     10.634      0.000
    SCIS13             0.584      0.035     16.715      0.000
    SCMI14             0.603      0.051     11.766      0.000
    SCCH15             0.535      0.040     13.347      0.000
    SCSJ16             0.398      0.038     10.598      0.000
    SCMI17             0.530      0.041     12.884      0.000
    SCIS18             0.500      0.040     12.524      0.000
    SCSK19             0.336      0.040      8.447      0.000
    SCOI20             0.620      0.042     14.725      0.000
    SCSJ21             0.633      0.039     16.401      0.000
    SCMI22             0.533      0.040     13.376      0.000
    SCSK23             0.501      0.050     10.012      0.000
    SCOI24             0.681      0.035     19.240      0.000
    SCIS25             0.417      0.039     10.754      0.000
    SCSK26             0.391      0.040      9.673      0.000


R-SQUARE

Group RW

    Observed                                        Two-Tailed
    Variable        Estimate       S.E.  Est./S.E.    P-Value

    SCSJ1              0.392      0.029     13.649      0.000
    SCOI2              0.655      0.025     26.089      0.000
    SCCH3              0.230      0.032      7.153      0.000
    SCIS4              0.612      0.027     22.974      0.000
    SCSK5              0.451      0.037     12.208      0.000
    SCOI6              0.634      0.023     27.249      0.000
    SCCH7              0.224      0.027      8.152      0.000
    SCSJ8              0.574      0.031     18.249      0.000
    SCMI9              0.386      0.038     10.124      0.000
    SCCH10             0.276      0.029      9.480      0.000
    SCSJ11             0.543      0.030     17.925      0.000
    SCSK12             0.460      0.034     13.700      0.000
    SCIS13             0.465      0.029     16.195      0.000
    SCMI14             0.512      0.039     13.099      0.000
    SCCH15             0.443      0.033     13.317      0.000
    SCSJ16             0.545      0.029     18.524      0.000
    SCMI17             0.539      0.036     14.794      0.000
    SCIS18             0.525      0.027     19.107      0.000
    SCSK19             0.509      0.034     14.784      0.000
    SCOI20             0.486      0.032     15.212      0.000
    SCSJ21             0.364      0.031     11.716      0.000
    SCMI22             0.427      0.031     13.651      0.000
    SCSK23             0.436      0.037     11.668      0.000
    SCOI24             0.473      0.028     16.632      0.000
    SCIS25             0.567      0.027     21.198      0.000
    SCSK26             0.457      0.035     13.021      0.000

Group CS

    Observed                                        Two-Tailed
    Variable        Estimate       S.E.  Est./S.E.    P-Value

    SCSJ1              0.424      0.048      8.760      0.000
    SCOI2              0.601      0.035     17.391      0.000
    SCCH3              0.216      0.038      5.676      0.000
    SCIS4              0.549      0.034     16.031      0.000
    SCSK5              0.588      0.046     12.817      0.000
    SCOI6              0.601      0.035     17.257      0.000
    SCCH7              0.240      0.036      6.671      0.000
    SCSJ8              0.630      0.037     16.881      0.000
    SCMI9              0.310      0.050      6.187      0.000
    SCCH10             0.292      0.038      7.607      0.000
    SCSJ11             0.595      0.046     12.977      0.000
    SCSK12             0.557      0.042     13.398      0.000
    SCIS13             0.416      0.035     11.924      0.000
    SCMI14             0.397      0.051      7.740      0.000
    SCCH15             0.465      0.040     11.596      0.000
    SCSJ16             0.602      0.038     16.043      0.000
    SCMI17             0.470      0.041     11.426      0.000
    SCIS18             0.500      0.040     12.517      0.000
    SCSK19             0.664      0.040     16.706      0.000
    SCOI20             0.380      0.042      9.028      0.000
    SCSJ21             0.367      0.039      9.520      0.000
    SCMI22             0.467      0.040     11.707      0.000
    SCSK23             0.499      0.050      9.982      0.000
    SCOI24             0.319      0.035      9.025      0.000
    SCIS25             0.583      0.039     15.019      0.000
    SCSK26             0.609      0.040     15.042      0.000


     Beginning Time:  06:55:50
        Ending Time:  06:55:52
       Elapsed Time:  00:00:02



MUTHEN & MUTHEN
3463 Stoner Ave.
Los Angeles, CA  90066

Tel: (310) 391-9971
Fax: (310) 391-8971
Web: www.StatModel.com
Support: Support@StatModel.com

Copyright (c) 1998-2021 Muthen & Muthen
