Mplus VERSION 8.6 (Mac)
MUTHEN & MUTHEN
10/11/2022  10:47 AM

INPUT INSTRUCTIONS

  TITLE: Model 6a: Bifactor ESEM model (1 G- and 2 S-factors) with free loading-matrix by gr
  DATA:
  FILE = "semdatagr.dat";

  VARIABLE:
  NAMES =
    scsj1 scoi2 scch3 scis4 scsk5 scoi6 scch7 scsj8 scmi9 scch10 scsj11 scsk12
    scis13 scmi14 scch15 scsj16 scmi17 scis18 scsk19 scoi20 scsj21 scmi22 scsk23
    scoi24 scis25 scsk26
    ptgi_al ptgi_np ptgi_ps ptgi_sp ptgi_ro
    iesr_a iesr_i iesr_h
    cope_pa cope_po
    mspss_fa mspss_fr mspss_so
    neuro_na neuro_sr
    extra_pa extra_so extra_ac
    group
    ;

  Grouping = group (1=RW 2=CS);

  MISSING = .;

  USEVARIABLES ARE
    scsj1 scoi2 scch3 scis4 scsk5 scoi6 scch7 scsj8 scmi9 scch10 scsj11 scsk12
    scis13 scmi14 scch15 scsj16 scmi17 scis18 scsk19 scoi20 scsj21 scmi22 scsk23
    scoi24 scis25 scsk26;

  ANALYSIS:
  ESTIMATOR = MLR;
  PROCESSORS = 6;
  ROTATION = TARGET (ORTHOGONAL);

  MODEL:

  ! Global factor - other factors automatically uncorrelated with G by default.
  G BY
    scsk5 scsk12 scsk19 scsk23 scsk26
    scsj1 scsj8 scsj11 scsj16 scsj21
    scch3 scch7 scch10 scch15
    scis4 scis13 scis18 scis25
    scmi9 scmi14 scmi17 scmi22
    scoi2 scoi6 scoi20 scoi24 (*1);

  ! Specific factors
  P BY
    scsk5 scsk12 scsk19 scsk23 scsk26
    scsj1~0 scsj8~0 scsj11~0 scsj16~0 scsj21~0
    scch3 scch7 scch10 scch15
    scis4~0 scis13~0 scis18~0 scis25~0
    scmi9 scmi14 scmi17 scmi22
    scoi2~0 scoi6~0 scoi20~0 scoi24~0 (*1);

  N BY
    scsk5~0 scsk12~0 scsk19~0 scsk23~0 scsk26~0
    scsj1 scsj8 scsj11 scsj16 scsj21
    scch3~0 scch7~0 scch10~0 scch15~0
    scis4 scis13 scis18 scis25
    scmi9~0 scmi14~0 scmi17~0 scmi22~0
    scoi2 scoi6 scoi20 scoi24 (*1);

  [G-P@0];
  [G-N@0];

  SCCH10   WITH SCCH7;
  SCIS18   WITH SCIS13;
  SCSK19   WITH SCSK12;
  SCSK26   WITH SCSK23;

  MODEL CS:

  [scch3-scoi24]


  ! Requesting standardized parameter estimates and modification indices
  OUTPUT:
  stdyx;
  MODINDICES (ALL);



*** WARNING
  Input line exceeded 90 characters. Some input may be truncated.
  TITLE: Model 6a: Bifactor ESEM model (1 G- and 2 S-factors) with free loading-matrix by gro
   1 WARNING(S) FOUND IN THE INPUT INSTRUCTIONS



Model 6a: Bifactor ESEM model (1 G- and 2 S-factors) with free loading-matrix by gro

SUMMARY OF ANALYSIS

Number of groups                                                 2
Number of observations
   Group RW                                                    322
   Group CS                                                    746
   Total sample size                                          1068

Number of dependent variables                                   26
Number of independent variables                                  0
Number of continuous latent variables                            3

Observed dependent variables

  Continuous
   SCSJ1       SCOI2       SCCH3       SCIS4       SCSK5       SCOI6
   SCCH7       SCSJ8       SCMI9       SCCH10      SCSJ11      SCSK12
   SCIS13      SCMI14      SCCH15      SCSJ16      SCMI17      SCIS18
   SCSK19      SCOI20      SCSJ21      SCMI22      SCSK23      SCOI24
   SCIS25      SCSK26

Continuous latent variables

  EFA factors
  *1:   G           P           N

Variables with special functions

  Grouping variable     GROUP

Estimator                                                      MLR
Rotation                                                    TARGET
Row standardization                                     COVARIANCE
Type of rotation                                        ORTHOGONAL
Information matrix                                        OBSERVED
Maximum number of iterations                                  1000
Convergence criterion                                    0.500D-04
Maximum number of steepest descent iterations                   20
Maximum number of iterations for H1                           2000
Convergence criterion for H1                             0.100D-03
Optimization Specifications for the Exploratory Factor Analysis
Rotation Algorithm
  Number of random starts                                       30
  Maximum number of iterations                             1000000
  Derivative convergence criterion                       0.100D-04

Input data file(s)
  semdatagr.dat

Input data format  FREE


SUMMARY OF DATA

   Group RW
     Number of missing data patterns             1

   Group CS
     Number of missing data patterns             1


COVARIANCE COVERAGE OF DATA

Minimum covariance coverage value   0.100


     PROPORTION OF DATA PRESENT FOR RW


           Covariance Coverage
              SCSJ1         SCOI2         SCCH3         SCIS4         SCSK5
              ________      ________      ________      ________      ________
 SCSJ1          1.000
 SCOI2          1.000         1.000
 SCCH3          1.000         1.000         1.000
 SCIS4          1.000         1.000         1.000         1.000
 SCSK5          1.000         1.000         1.000         1.000         1.000
 SCOI6          1.000         1.000         1.000         1.000         1.000
 SCCH7          1.000         1.000         1.000         1.000         1.000
 SCSJ8          1.000         1.000         1.000         1.000         1.000
 SCMI9          1.000         1.000         1.000         1.000         1.000
 SCCH10         1.000         1.000         1.000         1.000         1.000
 SCSJ11         1.000         1.000         1.000         1.000         1.000
 SCSK12         1.000         1.000         1.000         1.000         1.000
 SCIS13         1.000         1.000         1.000         1.000         1.000
 SCMI14         1.000         1.000         1.000         1.000         1.000
 SCCH15         1.000         1.000         1.000         1.000         1.000
 SCSJ16         1.000         1.000         1.000         1.000         1.000
 SCMI17         1.000         1.000         1.000         1.000         1.000
 SCIS18         1.000         1.000         1.000         1.000         1.000
 SCSK19         1.000         1.000         1.000         1.000         1.000
 SCOI20         1.000         1.000         1.000         1.000         1.000
 SCSJ21         1.000         1.000         1.000         1.000         1.000
 SCMI22         1.000         1.000         1.000         1.000         1.000
 SCSK23         1.000         1.000         1.000         1.000         1.000
 SCOI24         1.000         1.000         1.000         1.000         1.000
 SCIS25         1.000         1.000         1.000         1.000         1.000
 SCSK26         1.000         1.000         1.000         1.000         1.000


           Covariance Coverage
              SCOI6         SCCH7         SCSJ8         SCMI9         SCCH10
              ________      ________      ________      ________      ________
 SCOI6          1.000
 SCCH7          1.000         1.000
 SCSJ8          1.000         1.000         1.000
 SCMI9          1.000         1.000         1.000         1.000
 SCCH10         1.000         1.000         1.000         1.000         1.000
 SCSJ11         1.000         1.000         1.000         1.000         1.000
 SCSK12         1.000         1.000         1.000         1.000         1.000
 SCIS13         1.000         1.000         1.000         1.000         1.000
 SCMI14         1.000         1.000         1.000         1.000         1.000
 SCCH15         1.000         1.000         1.000         1.000         1.000
 SCSJ16         1.000         1.000         1.000         1.000         1.000
 SCMI17         1.000         1.000         1.000         1.000         1.000
 SCIS18         1.000         1.000         1.000         1.000         1.000
 SCSK19         1.000         1.000         1.000         1.000         1.000
 SCOI20         1.000         1.000         1.000         1.000         1.000
 SCSJ21         1.000         1.000         1.000         1.000         1.000
 SCMI22         1.000         1.000         1.000         1.000         1.000
 SCSK23         1.000         1.000         1.000         1.000         1.000
 SCOI24         1.000         1.000         1.000         1.000         1.000
 SCIS25         1.000         1.000         1.000         1.000         1.000
 SCSK26         1.000         1.000         1.000         1.000         1.000


           Covariance Coverage
              SCSJ11        SCSK12        SCIS13        SCMI14        SCCH15
              ________      ________      ________      ________      ________
 SCSJ11         1.000
 SCSK12         1.000         1.000
 SCIS13         1.000         1.000         1.000
 SCMI14         1.000         1.000         1.000         1.000
 SCCH15         1.000         1.000         1.000         1.000         1.000
 SCSJ16         1.000         1.000         1.000         1.000         1.000
 SCMI17         1.000         1.000         1.000         1.000         1.000
 SCIS18         1.000         1.000         1.000         1.000         1.000
 SCSK19         1.000         1.000         1.000         1.000         1.000
 SCOI20         1.000         1.000         1.000         1.000         1.000
 SCSJ21         1.000         1.000         1.000         1.000         1.000
 SCMI22         1.000         1.000         1.000         1.000         1.000
 SCSK23         1.000         1.000         1.000         1.000         1.000
 SCOI24         1.000         1.000         1.000         1.000         1.000
 SCIS25         1.000         1.000         1.000         1.000         1.000
 SCSK26         1.000         1.000         1.000         1.000         1.000


           Covariance Coverage
              SCSJ16        SCMI17        SCIS18        SCSK19        SCOI20
              ________      ________      ________      ________      ________
 SCSJ16         1.000
 SCMI17         1.000         1.000
 SCIS18         1.000         1.000         1.000
 SCSK19         1.000         1.000         1.000         1.000
 SCOI20         1.000         1.000         1.000         1.000         1.000
 SCSJ21         1.000         1.000         1.000         1.000         1.000
 SCMI22         1.000         1.000         1.000         1.000         1.000
 SCSK23         1.000         1.000         1.000         1.000         1.000
 SCOI24         1.000         1.000         1.000         1.000         1.000
 SCIS25         1.000         1.000         1.000         1.000         1.000
 SCSK26         1.000         1.000         1.000         1.000         1.000


           Covariance Coverage
              SCSJ21        SCMI22        SCSK23        SCOI24        SCIS25
              ________      ________      ________      ________      ________
 SCSJ21         1.000
 SCMI22         1.000         1.000
 SCSK23         1.000         1.000         1.000
 SCOI24         1.000         1.000         1.000         1.000
 SCIS25         1.000         1.000         1.000         1.000         1.000
 SCSK26         1.000         1.000         1.000         1.000         1.000


           Covariance Coverage
              SCSK26
              ________
 SCSK26         1.000


     PROPORTION OF DATA PRESENT FOR CS


           Covariance Coverage
              SCSJ1         SCOI2         SCCH3         SCIS4         SCSK5
              ________      ________      ________      ________      ________
 SCSJ1          1.000
 SCOI2          1.000         1.000
 SCCH3          1.000         1.000         1.000
 SCIS4          1.000         1.000         1.000         1.000
 SCSK5          1.000         1.000         1.000         1.000         1.000
 SCOI6          1.000         1.000         1.000         1.000         1.000
 SCCH7          1.000         1.000         1.000         1.000         1.000
 SCSJ8          1.000         1.000         1.000         1.000         1.000
 SCMI9          1.000         1.000         1.000         1.000         1.000
 SCCH10         1.000         1.000         1.000         1.000         1.000
 SCSJ11         1.000         1.000         1.000         1.000         1.000
 SCSK12         1.000         1.000         1.000         1.000         1.000
 SCIS13         1.000         1.000         1.000         1.000         1.000
 SCMI14         1.000         1.000         1.000         1.000         1.000
 SCCH15         1.000         1.000         1.000         1.000         1.000
 SCSJ16         1.000         1.000         1.000         1.000         1.000
 SCMI17         1.000         1.000         1.000         1.000         1.000
 SCIS18         1.000         1.000         1.000         1.000         1.000
 SCSK19         1.000         1.000         1.000         1.000         1.000
 SCOI20         1.000         1.000         1.000         1.000         1.000
 SCSJ21         1.000         1.000         1.000         1.000         1.000
 SCMI22         1.000         1.000         1.000         1.000         1.000
 SCSK23         1.000         1.000         1.000         1.000         1.000
 SCOI24         1.000         1.000         1.000         1.000         1.000
 SCIS25         1.000         1.000         1.000         1.000         1.000
 SCSK26         1.000         1.000         1.000         1.000         1.000


           Covariance Coverage
              SCOI6         SCCH7         SCSJ8         SCMI9         SCCH10
              ________      ________      ________      ________      ________
 SCOI6          1.000
 SCCH7          1.000         1.000
 SCSJ8          1.000         1.000         1.000
 SCMI9          1.000         1.000         1.000         1.000
 SCCH10         1.000         1.000         1.000         1.000         1.000
 SCSJ11         1.000         1.000         1.000         1.000         1.000
 SCSK12         1.000         1.000         1.000         1.000         1.000
 SCIS13         1.000         1.000         1.000         1.000         1.000
 SCMI14         1.000         1.000         1.000         1.000         1.000
 SCCH15         1.000         1.000         1.000         1.000         1.000
 SCSJ16         1.000         1.000         1.000         1.000         1.000
 SCMI17         1.000         1.000         1.000         1.000         1.000
 SCIS18         1.000         1.000         1.000         1.000         1.000
 SCSK19         1.000         1.000         1.000         1.000         1.000
 SCOI20         1.000         1.000         1.000         1.000         1.000
 SCSJ21         1.000         1.000         1.000         1.000         1.000
 SCMI22         1.000         1.000         1.000         1.000         1.000
 SCSK23         1.000         1.000         1.000         1.000         1.000
 SCOI24         1.000         1.000         1.000         1.000         1.000
 SCIS25         1.000         1.000         1.000         1.000         1.000
 SCSK26         1.000         1.000         1.000         1.000         1.000


           Covariance Coverage
              SCSJ11        SCSK12        SCIS13        SCMI14        SCCH15
              ________      ________      ________      ________      ________
 SCSJ11         1.000
 SCSK12         1.000         1.000
 SCIS13         1.000         1.000         1.000
 SCMI14         1.000         1.000         1.000         1.000
 SCCH15         1.000         1.000         1.000         1.000         1.000
 SCSJ16         1.000         1.000         1.000         1.000         1.000
 SCMI17         1.000         1.000         1.000         1.000         1.000
 SCIS18         1.000         1.000         1.000         1.000         1.000
 SCSK19         1.000         1.000         1.000         1.000         1.000
 SCOI20         1.000         1.000         1.000         1.000         1.000
 SCSJ21         1.000         1.000         1.000         1.000         1.000
 SCMI22         1.000         1.000         1.000         1.000         1.000
 SCSK23         1.000         1.000         1.000         1.000         1.000
 SCOI24         1.000         1.000         1.000         1.000         1.000
 SCIS25         1.000         1.000         1.000         1.000         1.000
 SCSK26         1.000         1.000         1.000         1.000         1.000


           Covariance Coverage
              SCSJ16        SCMI17        SCIS18        SCSK19        SCOI20
              ________      ________      ________      ________      ________
 SCSJ16         1.000
 SCMI17         1.000         1.000
 SCIS18         1.000         1.000         1.000
 SCSK19         1.000         1.000         1.000         1.000
 SCOI20         1.000         1.000         1.000         1.000         1.000
 SCSJ21         1.000         1.000         1.000         1.000         1.000
 SCMI22         1.000         1.000         1.000         1.000         1.000
 SCSK23         1.000         1.000         1.000         1.000         1.000
 SCOI24         1.000         1.000         1.000         1.000         1.000
 SCIS25         1.000         1.000         1.000         1.000         1.000
 SCSK26         1.000         1.000         1.000         1.000         1.000


           Covariance Coverage
              SCSJ21        SCMI22        SCSK23        SCOI24        SCIS25
              ________      ________      ________      ________      ________
 SCSJ21         1.000
 SCMI22         1.000         1.000
 SCSK23         1.000         1.000         1.000
 SCOI24         1.000         1.000         1.000         1.000
 SCIS25         1.000         1.000         1.000         1.000         1.000
 SCSK26         1.000         1.000         1.000         1.000         1.000


           Covariance Coverage
              SCSK26
              ________
 SCSK26         1.000



UNIVARIATE SAMPLE STATISTICS


     UNIVARIATE HIGHER-ORDER MOMENT DESCRIPTIVE STATISTICS FOR RW

         Variable/         Mean/     Skewness/   Minimum/ % with                Percentiles
        Sample Size      Variance    Kurtosis    Maximum  Min/Max      20%/60%    40%/80%    Median

     SCSJ1                 3.758      -0.764       1.000    6.52%       3.000      4.000      4.000
             322.000       1.389      -0.214       5.000   32.92%       4.000      5.000
     SCOI2                 3.379      -0.378       1.000   11.18%       2.000      3.000      4.000
             322.000       1.732      -1.028       5.000   24.22%       4.000      5.000
     SCCH3                 3.450      -0.307       1.000    4.35%       2.000      3.000      4.000
             322.000       1.198      -0.641       5.000   18.63%       4.000      4.000
     SCIS4                 3.037      -0.043       1.000   14.29%       2.000      3.000      3.000
             322.000       1.657      -1.107       5.000   15.22%       3.000      4.000
     SCSK5                 2.991       0.038       1.000   12.73%       2.000      3.000      3.000
             322.000       1.512      -0.969       5.000   13.35%       3.000      4.000
     SCOI6                 3.553      -0.533       1.000    8.39%       2.000      3.000      4.000
             322.000       1.545      -0.692       5.000   27.64%       4.000      5.000
     SCCH7                 2.742       0.226       1.000   17.08%       2.000      2.000      3.000
             322.000       1.446      -0.863       5.000    9.01%       3.000      4.000
     SCSJ8                 3.189      -0.108       1.000    9.94%       2.000      3.000      3.000
             322.000       1.588      -1.083       5.000   18.32%       4.000      4.000
     SCMI9                 3.363      -0.193       1.000    4.04%       2.000      3.000      3.000
             322.000       1.088      -0.525       5.000   14.91%       4.000      4.000
     SCCH10                2.630       0.276       1.000   18.94%       2.000      2.000      3.000
             322.000       1.351      -0.776       5.000    6.52%       3.000      4.000
     SCSJ11                3.059      -0.029       1.000   13.04%       2.000      3.000      3.000
             322.000       1.615      -1.057       5.000   15.84%       3.000      4.000
     SCSK12                2.733       0.320       1.000   16.15%       2.000      2.000      3.000
             322.000       1.444      -0.769       5.000   10.25%       3.000      4.000
     SCIS13                3.326      -0.408       1.000   10.25%       2.000      3.000      4.000
             322.000       1.512      -0.834       5.000   17.39%       4.000      4.000
     SCMI14                3.155      -0.141       1.000    7.14%       2.000      3.000      3.000
             322.000       1.206      -0.708       5.000   10.87%       4.000      4.000
     SCCH15                3.115      -0.087       1.000   10.25%       2.000      3.000      3.000
             322.000       1.394      -0.802       5.000   13.98%       3.000      4.000
     SCSJ16                3.155      -0.238       1.000   16.46%       2.000      3.000      3.000
             322.000       1.790      -1.101       5.000   18.32%       4.000      4.000
     SCMI17                3.102      -0.081       1.000    6.83%       2.000      3.000      3.000
             322.000       1.129      -0.611       5.000    9.32%       3.000      4.000
     SCIS18                3.463      -0.522       1.000   10.25%       2.000      3.000      4.000
             322.000       1.603      -0.767       5.000   23.60%       4.000      5.000
     SCSK19                2.832       0.154       1.000   13.98%       2.000      2.000      3.000
             322.000       1.369      -0.800       5.000    9.32%       3.000      4.000
     SCOI20                3.227      -0.156       1.000    9.01%       2.000      3.000      3.000
             322.000       1.461      -0.903       5.000   17.39%       4.000      4.000
     SCSJ21                3.087      -0.098       1.000    9.63%       2.000      3.000      3.000
             322.000       1.353      -0.876       5.000   11.49%       3.000      4.000
     SCMI22                2.984       0.066       1.000   10.56%       2.000      3.000      3.000
             322.000       1.351      -0.807       5.000   11.49%       3.000      4.000
     SCSK23                2.745       0.297       1.000   15.84%       2.000      2.000      3.000
             322.000       1.463      -0.859       5.000    9.94%       3.000      4.000
     SCOI24                2.767       0.190       1.000   19.57%       2.000      2.000      3.000
             322.000       1.626      -1.045       5.000   10.87%       3.000      4.000
     SCIS25                3.264      -0.228       1.000   12.42%       2.000      3.000      3.000
             322.000       1.760      -1.106       5.000   22.67%       4.000      5.000
     SCSK26                2.714       0.231       1.000   12.73%       2.000      2.000      3.000
             322.000       1.167      -0.676       5.000    5.28%       3.000      4.000


     UNIVARIATE HIGHER-ORDER MOMENT DESCRIPTIVE STATISTICS FOR CS

         Variable/         Mean/     Skewness/   Minimum/ % with                Percentiles
        Sample Size      Variance    Kurtosis    Maximum  Min/Max      20%/60%    40%/80%    Median

     SCSJ1                 3.712      -0.557       1.000    3.35%       3.000      4.000      4.000
             746.000       1.135      -0.319       5.000   26.68%       4.000      5.000
     SCOI2                 2.524       0.414       1.000   28.82%       1.000      2.000      2.000
             746.000       1.716      -0.979       5.000    9.65%       3.000      4.000
     SCCH3                 3.283      -0.368       1.000    7.10%       2.000      3.000      3.000
             746.000       1.133      -0.364       5.000   11.39%       4.000      4.000
     SCIS4                 2.389       0.568       1.000   32.98%       1.000      2.000      2.000
             746.000       1.696      -0.856       5.000    8.45%       3.000      4.000
     SCSK5                 2.799       0.175       1.000   14.21%       2.000      2.000      3.000
             746.000       1.346      -0.793       5.000    8.45%       3.000      4.000
     SCOI6                 2.725       0.238       1.000   21.05%       1.000      2.000      3.000
             746.000       1.655      -1.037       5.000   10.99%       3.000      4.000
     SCCH7                 2.558       0.336       1.000   25.20%       1.000      2.000      2.000
             746.000       1.539      -0.897       5.000    7.77%       3.000      4.000
     SCSJ8                 2.894       0.018       1.000   18.50%       2.000      2.000      3.000
             746.000       1.666      -1.108       5.000   12.06%       3.000      4.000
     SCMI9                 3.509      -0.416       1.000    3.89%       3.000      3.000      4.000
             746.000       1.060      -0.296       5.000   17.02%       4.000      4.000
     SCCH10                2.611       0.202       1.000   20.91%       1.000      2.000      3.000
             746.000       1.348      -0.844       5.000    5.50%       3.000      4.000
     SCSJ11                2.755       0.185       1.000   18.77%       2.000      2.000      3.000
             746.000       1.552      -1.011       5.000    9.52%       3.000      4.000
     SCSK12                2.668       0.259       1.000   16.09%       2.000      2.000      3.000
             746.000       1.276      -0.739       5.000    6.03%       3.000      4.000
     SCIS13                2.637       0.275       1.000   26.27%       1.000      2.000      2.000
             746.000       1.770      -1.149       5.000   10.19%       3.000      4.000
     SCMI14                3.571      -0.433       1.000    3.22%       3.000      3.000      4.000
             746.000       1.028      -0.265       5.000   18.63%       4.000      4.000
     SCCH15                3.146      -0.158       1.000    8.45%       2.000      3.000      3.000
             746.000       1.259      -0.699       5.000   11.53%       3.000      4.000
     SCSJ16                2.902       0.043       1.000   16.49%       2.000      2.000      3.000
             746.000       1.616      -1.107       5.000   11.66%       3.000      4.000
     SCMI17                3.339      -0.261       1.000    3.62%       3.000      3.000      3.000
             746.000       0.977      -0.384       5.000   10.99%       4.000      4.000
     SCIS18                2.849       0.053       1.000   18.50%       2.000      2.000      3.000
             746.000       1.608      -1.081       5.000   10.59%       3.000      4.000
     SCSK19                2.747       0.189       1.000   14.75%       2.000      2.000      3.000
             746.000       1.272      -0.690       5.000    7.10%       3.000      4.000
     SCOI20                2.373       0.525       1.000   28.55%       1.000      2.000      2.000
             746.000       1.389      -0.614       5.000    5.63%       3.000      3.000
     SCSJ21                2.800       0.115       1.000   15.55%       2.000      2.000      3.000
             746.000       1.364      -0.812       5.000    8.18%       3.000      4.000
     SCMI22                2.858       0.032       1.000   12.60%       2.000      3.000      3.000
             746.000       1.243      -0.753       5.000    6.84%       3.000      4.000
     SCSK23                2.740       0.194       1.000   13.94%       2.000      2.000      3.000
             746.000       1.225      -0.660       5.000    6.43%       3.000      4.000
     SCOI24                2.019       0.981       1.000   42.49%       1.000      1.000      2.000
             746.000       1.278       0.107       5.000    4.02%       2.000      3.000
     SCIS25                2.626       0.216       1.000   28.55%       1.000      2.000      3.000
             746.000       1.784      -1.210       5.000    9.12%       3.000      4.000
     SCSK26                2.788       0.129       1.000   11.26%       2.000      2.000      3.000
             746.000       1.113      -0.596       5.000    5.36%       3.000      4.000


THE MODEL ESTIMATION TERMINATED NORMALLY



MODEL FIT INFORMATION

Number of Free Parameters                      189

Loglikelihood

          H0 Value                      -37566.518
          H0 Scaling Correction Factor      1.1658
            for MLR
          H1 Value                      -36775.205
          H1 Scaling Correction Factor      1.1590
            for MLR

Information Criteria

          Akaike (AIC)                   75511.037
          Bayesian (BIC)                 76451.036
          Sample-Size Adjusted BIC       75850.738
            (n* = (n + 2) / 24)

Chi-Square Test of Model Fit

          Value                           1368.255*
          Degrees of Freedom                   565
          P-Value                           0.0000
          Scaling Correction Factor         1.1567
            for MLR

Chi-Square Contribution From Each Group

          RW                               579.883
          CS                               788.372

*   The chi-square value for MLM, MLMV, MLR, ULSMV, WLSM and WLSMV cannot be used
    for chi-square difference testing in the regular way.  MLM, MLR and WLSM
    chi-square difference testing is described on the Mplus website.  MLMV, WLSMV,
    and ULSMV difference testing is done using the DIFFTEST option.

RMSEA (Root Mean Square Error Of Approximation)

          Estimate                           0.052
          90 Percent C.I.                    0.048  0.055
          Probability RMSEA <= .05           0.222

CFI/TLI

          CFI                                0.928
          TLI                                0.917

Chi-Square Test of Model Fit for the Baseline Model

          Value                          11793.301
          Degrees of Freedom                   650
          P-Value                           0.0000

SRMR (Standardized Root Mean Square Residual)

          Value                              0.061



MODEL RESULTS

                                                    Two-Tailed
                    Estimate       S.E.  Est./S.E.    P-Value

Group RW

 G        BY
    SCSK5             -0.691      0.083     -8.285      0.000
    SCSK12            -0.699      0.073     -9.600      0.000
    SCSK19            -0.781      0.067    -11.707      0.000
    SCSK23            -0.754      0.060    -12.630      0.000
    SCSK26            -0.706      0.055    -12.768      0.000
    SCSJ1              0.662      0.061     10.941      0.000
    SCSJ8              0.974      0.070     13.868      0.000
    SCSJ11             0.904      0.074     12.298      0.000
    SCSJ16             0.939      0.078     12.067      0.000
    SCSJ21             0.722      0.051     14.231      0.000
    SCCH3             -0.082      0.057     -1.434      0.152
    SCCH7             -0.225      0.075     -3.006      0.003
    SCCH10            -0.223      0.069     -3.223      0.001
    SCCH15            -0.484      0.064     -7.558      0.000
    SCIS4              0.739      0.091      8.146      0.000
    SCIS13             0.546      0.085      6.391      0.000
    SCIS18             0.617      0.088      7.012      0.000
    SCIS25             0.730      0.096      7.604      0.000
    SCMI9             -0.019      0.066     -0.285      0.775
    SCMI14            -0.192      0.074     -2.584      0.010
    SCMI17            -0.367      0.066     -5.594      0.000
    SCMI22            -0.503      0.065     -7.697      0.000
    SCOI2              0.792      0.097      8.136      0.000
    SCOI6              0.759      0.088      8.619      0.000
    SCOI20             0.284      0.100      2.851      0.004
    SCOI24             0.358      0.085      4.223      0.000

 P        BY
    SCSK5              0.599      0.070      8.517      0.000
    SCSK12             0.600      0.065      9.260      0.000
    SCSK19             0.596      0.063      9.405      0.000
    SCSK23             0.454      0.046      9.867      0.000
    SCSK26             0.512      0.055      9.360      0.000
    SCSJ1              0.123      0.033      3.762      0.000
    SCSJ8              0.070      0.030      2.334      0.020
    SCSJ11             0.074      0.031      2.378      0.017
    SCSJ16             0.020      0.029      0.716      0.474
    SCSJ21             0.074      0.038      1.935      0.053
    SCCH3              0.482      0.046     10.468      0.000
    SCCH7              0.490      0.057      8.562      0.000
    SCCH10             0.569      0.049     11.538      0.000
    SCCH15             0.659      0.045     14.678      0.000
    SCIS4             -0.089      0.027     -3.236      0.001
    SCIS13            -0.075      0.032     -2.324      0.020
    SCIS18             0.002      0.031      0.063      0.950
    SCIS25            -0.059      0.031     -1.880      0.060
    SCMI9              0.548      0.050     10.987      0.000
    SCMI14             0.582      0.053     10.984      0.000
    SCMI17             0.590      0.041     14.457      0.000
    SCMI22             0.639      0.049     12.926      0.000
    SCOI2             -0.088      0.030     -2.985      0.003
    SCOI6             -0.027      0.026     -1.027      0.304
    SCOI20            -0.052      0.050     -1.035      0.301
    SCOI24            -0.098      0.042     -2.347      0.019

 N        BY
    SCSK5              0.230      0.040      5.726      0.000
    SCSK12             0.080      0.034      2.365      0.018
    SCSK19             0.059      0.037      1.572      0.116
    SCSK23            -0.139      0.056     -2.459      0.014
    SCSK26             0.050      0.040      1.231      0.218
    SCSJ1              0.250      0.084      2.982      0.003
    SCSJ8              0.419      0.114      3.690      0.000
    SCSJ11             0.434      0.107      4.046      0.000
    SCSJ16             0.476      0.107      4.457      0.000
    SCSJ21             0.238      0.078      3.043      0.002
    SCCH3              0.015      0.043      0.362      0.718
    SCCH7              0.251      0.043      5.825      0.000
    SCCH10             0.086      0.043      1.993      0.046
    SCCH15            -0.098      0.037     -2.642      0.008
    SCIS4              0.749      0.084      8.864      0.000
    SCIS13             0.713      0.069     10.381      0.000
    SCIS18             0.714      0.079      9.085      0.000
    SCIS25             0.786      0.086      9.142      0.000
    SCMI9             -0.199      0.045     -4.428      0.000
    SCMI14            -0.333      0.040     -8.266      0.000
    SCMI17            -0.309      0.035     -8.786      0.000
    SCMI22            -0.078      0.033     -2.369      0.018
    SCOI2              0.797      0.093      8.612      0.000
    SCOI6              0.723      0.088      8.206      0.000
    SCOI20             0.713      0.066     10.751      0.000
    SCOI24             0.658      0.062     10.538      0.000

 P        WITH
    G                  0.000      0.000    999.000    999.000

 N        WITH
    G                  0.000      0.000    999.000    999.000
    P                  0.000      0.000    999.000    999.000

 SCCH10   WITH
    SCCH7              0.579      0.074      7.827      0.000

 SCIS18   WITH
    SCIS13             0.331      0.074      4.500      0.000

 SCSK19   WITH
    SCSK12             0.166      0.052      3.174      0.002

 SCSK26   WITH
    SCSK23             0.174      0.057      3.030      0.002

 Means
    G                  0.000      0.000    999.000    999.000
    P                  0.000      0.000    999.000    999.000
    N                  0.000      0.000    999.000    999.000

 Intercepts
    SCSJ1              3.720      0.035    107.509      0.000
    SCOI2              2.767      0.047     58.880      0.000
    SCCH3              3.468      0.060     57.524      0.000
    SCIS4              2.693      0.062     43.463      0.000
    SCSK5              3.043      0.066     46.274      0.000
    SCOI6              3.214      0.063     51.154      0.000
    SCCH7              2.712      0.067     40.279      0.000
    SCSJ8              2.910      0.059     48.924      0.000
    SCMI9              3.438      0.058     59.198      0.000
    SCCH10             2.651      0.064     41.425      0.000
    SCSJ11             2.787      0.060     46.293      0.000
    SCSK12             2.832      0.064     44.046      0.000
    SCIS13             3.023      0.066     45.505      0.000
    SCMI14             3.298      0.061     53.762      0.000
    SCCH15             3.235      0.061     53.191      0.000
    SCSJ16             2.864      0.062     45.934      0.000
    SCMI17             3.266      0.055     58.874      0.000
    SCIS18             3.150      0.065     48.398      0.000
    SCSK19             2.951      0.061     48.512      0.000
    SCOI20             2.966      0.067     44.418      0.000
    SCSJ21             2.902      0.061     47.422      0.000
    SCMI22             3.101      0.062     49.689      0.000
    SCSK23             2.903      0.058     50.478      0.000
    SCOI24             2.510      0.065     38.733      0.000
    SCIS25             2.825      0.045     62.212      0.000
    SCSK26             2.787      0.033     83.771      0.000

 Variances
    G                  1.000      0.000    999.000    999.000
    P                  1.000      0.000    999.000    999.000
    N                  1.000      0.000    999.000    999.000

 Residual Variances
    SCSJ1              0.727      0.078      9.262      0.000
    SCOI2              0.789      0.080      9.904      0.000
    SCCH3              0.858      0.068     12.570      0.000
    SCIS4              0.792      0.073     10.883      0.000
    SCSK5              0.577      0.069      8.355      0.000
    SCOI6              0.653      0.065     10.052      0.000
    SCCH7              1.086      0.088     12.343      0.000
    SCSJ8              0.622      0.067      9.279      0.000
    SCMI9              0.708      0.079      8.907      0.000
    SCCH10             0.921      0.073     12.641      0.000
    SCSJ11             0.645      0.083      7.770      0.000
    SCSK12             0.639      0.067      9.472      0.000
    SCIS13             0.978      0.086     11.342      0.000
    SCMI14             0.701      0.085      8.214      0.000
    SCCH15             0.773      0.076     10.128      0.000
    SCSJ16             0.676      0.064     10.609      0.000
    SCMI17             0.601      0.062      9.720      0.000
    SCIS18             0.754      0.079      9.551      0.000
    SCSK19             0.461      0.060      7.635      0.000
    SCOI20             0.871      0.071     12.241      0.000
    SCSJ21             0.920      0.087     10.629      0.000
    SCMI22             0.749      0.072     10.441      0.000
    SCSK23             0.798      0.108      7.398      0.000
    SCOI24             1.069      0.086     12.429      0.000
    SCIS25             0.679      0.073      9.319      0.000
    SCSK26             0.473      0.057      8.265      0.000

Group CS

 G        BY
    SCSK5             -0.691      0.083     -8.285      0.000
    SCSK12            -0.699      0.073     -9.600      0.000
    SCSK19            -0.781      0.067    -11.707      0.000
    SCSK23            -0.754      0.060    -12.630      0.000
    SCSK26            -0.706      0.055    -12.768      0.000
    SCSJ1              0.662      0.061     10.941      0.000
    SCSJ8              0.974      0.070     13.868      0.000
    SCSJ11             0.904      0.074     12.298      0.000
    SCSJ16             0.939      0.078     12.067      0.000
    SCSJ21             0.722      0.051     14.231      0.000
    SCCH3             -0.082      0.057     -1.434      0.152
    SCCH7             -0.225      0.075     -3.006      0.003
    SCCH10            -0.223      0.069     -3.223      0.001
    SCCH15            -0.484      0.064     -7.558      0.000
    SCIS4              0.739      0.091      8.146      0.000
    SCIS13             0.546      0.085      6.391      0.000
    SCIS18             0.617      0.088      7.012      0.000
    SCIS25             0.730      0.096      7.604      0.000
    SCMI9             -0.019      0.066     -0.285      0.775
    SCMI14            -0.192      0.074     -2.584      0.010
    SCMI17            -0.367      0.066     -5.594      0.000
    SCMI22            -0.503      0.065     -7.697      0.000
    SCOI2              0.792      0.097      8.136      0.000
    SCOI6              0.759      0.088      8.619      0.000
    SCOI20             0.284      0.100      2.851      0.004
    SCOI24             0.358      0.085      4.223      0.000

 P        BY
    SCSK5              0.599      0.070      8.517      0.000
    SCSK12             0.600      0.065      9.260      0.000
    SCSK19             0.596      0.063      9.405      0.000
    SCSK23             0.454      0.046      9.867      0.000
    SCSK26             0.512      0.055      9.360      0.000
    SCSJ1              0.123      0.033      3.762      0.000
    SCSJ8              0.070      0.030      2.334      0.020
    SCSJ11             0.074      0.031      2.378      0.017
    SCSJ16             0.020      0.029      0.716      0.474
    SCSJ21             0.074      0.038      1.935      0.053
    SCCH3              0.482      0.046     10.468      0.000
    SCCH7              0.490      0.057      8.562      0.000
    SCCH10             0.569      0.049     11.538      0.000
    SCCH15             0.659      0.045     14.678      0.000
    SCIS4             -0.089      0.027     -3.236      0.001
    SCIS13            -0.075      0.032     -2.324      0.020
    SCIS18             0.002      0.031      0.063      0.950
    SCIS25            -0.059      0.031     -1.880      0.060
    SCMI9              0.548      0.050     10.987      0.000
    SCMI14             0.582      0.053     10.984      0.000
    SCMI17             0.590      0.041     14.457      0.000
    SCMI22             0.639      0.049     12.926      0.000
    SCOI2             -0.088      0.030     -2.985      0.003
    SCOI6             -0.027      0.026     -1.027      0.304
    SCOI20            -0.052      0.050     -1.035      0.301
    SCOI24            -0.098      0.042     -2.347      0.019

 N        BY
    SCSK5              0.230      0.040      5.726      0.000
    SCSK12             0.080      0.034      2.365      0.018
    SCSK19             0.059      0.037      1.572      0.116
    SCSK23            -0.139      0.056     -2.459      0.014
    SCSK26             0.050      0.040      1.231      0.218
    SCSJ1              0.250      0.084      2.982      0.003
    SCSJ8              0.419      0.114      3.690      0.000
    SCSJ11             0.434      0.107      4.046      0.000
    SCSJ16             0.476      0.107      4.457      0.000
    SCSJ21             0.238      0.078      3.043      0.002
    SCCH3              0.015      0.043      0.362      0.718
    SCCH7              0.251      0.043      5.825      0.000
    SCCH10             0.086      0.043      1.993      0.046
    SCCH15            -0.098      0.037     -2.642      0.008
    SCIS4              0.749      0.084      8.864      0.000
    SCIS13             0.713      0.069     10.381      0.000
    SCIS18             0.714      0.079      9.085      0.000
    SCIS25             0.786      0.086      9.142      0.000
    SCMI9             -0.199      0.045     -4.428      0.000
    SCMI14            -0.333      0.040     -8.266      0.000
    SCMI17            -0.309      0.035     -8.786      0.000
    SCMI22            -0.078      0.033     -2.369      0.018
    SCOI2              0.797      0.093      8.612      0.000
    SCOI6              0.723      0.088      8.206      0.000
    SCOI20             0.713      0.066     10.751      0.000
    SCOI24             0.658      0.062     10.538      0.000

 P        WITH
    G                  0.287      0.093      3.075      0.002

 N        WITH
    G                 -0.044      0.092     -0.480      0.631
    P                 -0.026      0.132     -0.197      0.844

 SCCH10   WITH
    SCCH7              0.474      0.051      9.283      0.000

 SCIS18   WITH
    SCIS13             0.389      0.041      9.461      0.000

 SCSK19   WITH
    SCSK12             0.223      0.041      5.488      0.000

 SCSK26   WITH
    SCSK23             0.193      0.036      5.322      0.000

 Means
    G                  0.000      0.000    999.000    999.000
    P                  0.000      0.000    999.000    999.000
    N                  0.000      0.000    999.000    999.000

 Intercepts
    SCSJ1              3.720      0.035    107.509      0.000
    SCOI2              2.767      0.047     58.880      0.000
    SCCH3              3.284      0.039     85.086      0.000
    SCIS4              2.540      0.049     52.139      0.000
    SCSK5              2.809      0.042     67.293      0.000
    SCOI6              2.873      0.047     61.533      0.000
    SCCH7              2.590      0.045     57.036      0.000
    SCSJ8              3.004      0.046     65.073      0.000
    SCMI9              3.480      0.038     91.476      0.000
    SCCH10             2.618      0.042     61.716      0.000
    SCSJ11             2.863      0.045     62.963      0.000
    SCSK12             2.653      0.040     65.800      0.000
    SCIS13             2.774      0.049     56.672      0.000
    SCMI14             3.513      0.038     92.478      0.000
    SCCH15             3.113      0.040     76.928      0.000
    SCSJ16             3.019      0.046     66.312      0.000
    SCMI17             3.277      0.036     91.325      0.000
    SCIS18             2.989      0.046     65.283      0.000
    SCSK19             2.725      0.040     67.995      0.000
    SCOI20             2.498      0.045     56.018      0.000
    SCSJ21             2.870      0.043     67.364      0.000
    SCMI22             2.827      0.040     70.575      0.000
    SCSK23             2.694      0.039     69.079      0.000
    SCOI24             2.139      0.044     48.226      0.000
    SCIS25             2.825      0.045     62.212      0.000
    SCSK26             2.787      0.033     83.771      0.000

 Variances
    G                  0.758      0.100      7.612      0.000
    P                  1.253      0.183      6.852      0.000
    N                  1.245      0.215      5.792      0.000

 Residual Variances
    SCSJ1              0.741      0.043     17.205      0.000
    SCOI2              0.608      0.047     12.891      0.000
    SCCH3              0.905      0.058     15.538      0.000
    SCIS4              0.636      0.045     14.069      0.000
    SCSK5              0.727      0.063     11.584      0.000
    SCOI6              0.611      0.038     16.198      0.000
    SCCH7              1.188      0.056     21.124      0.000
    SCSJ8              0.692      0.051     13.704      0.000
    SCMI9              0.653      0.048     13.567      0.000
    SCCH10             0.991      0.051     19.564      0.000
    SCSJ11             0.717      0.049     14.523      0.000
    SCSK12             0.666      0.048     13.919      0.000
    SCIS13             0.910      0.052     17.554      0.000
    SCMI14             0.513      0.046     11.067      0.000
    SCCH15             0.693      0.047     14.842      0.000
    SCSJ16             0.751      0.052     14.466      0.000
    SCMI17             0.441      0.037     11.996      0.000
    SCIS18             0.763      0.048     15.831      0.000
    SCSK19             0.599      0.048     12.412      0.000
    SCOI20             0.758      0.055     13.740      0.000
    SCSJ21             0.835      0.047     17.726      0.000
    SCMI22             0.696      0.043     16.137      0.000
    SCSK23             0.676      0.054     12.497      0.000
    SCOI24             0.698      0.045     15.555      0.000
    SCIS25             0.779      0.052     14.907      0.000
    SCSK26             0.578      0.046     12.470      0.000


QUALITY OF NUMERICAL RESULTS

     Condition Number for the Information Matrix              0.211E-02
       (ratio of smallest to largest eigenvalue)


STANDARDIZED MODEL RESULTS


STDYX Standardization

                                                    Two-Tailed
                    Estimate       S.E.  Est./S.E.    P-Value

Group RW

 G        BY
    SCSK5             -0.571      0.063     -9.092      0.000
    SCSK12            -0.572      0.054    -10.557      0.000
    SCSK19            -0.653      0.050    -13.115      0.000
    SCSK23            -0.598      0.043    -13.867      0.000
    SCSK26            -0.635      0.044    -14.304      0.000
    SCSJ1              0.594      0.052     11.431      0.000
    SCSJ8              0.736      0.046     15.942      0.000
    SCSJ11             0.703      0.052     13.555      0.000
    SCSJ16             0.703      0.051     13.670      0.000
    SCSJ21             0.589      0.038     15.368      0.000
    SCCH3             -0.078      0.054     -1.432      0.152
    SCCH7             -0.188      0.062     -3.029      0.002
    SCCH10            -0.195      0.060     -3.245      0.001
    SCCH15            -0.402      0.051     -7.957      0.000
    SCIS4              0.535      0.063      8.486      0.000
    SCIS13             0.408      0.063      6.472      0.000
    SCIS18             0.481      0.067      7.186      0.000
    SCIS25             0.539      0.068      7.871      0.000
    SCMI9             -0.018      0.064     -0.286      0.775
    SCMI14            -0.176      0.067     -2.629      0.009
    SCMI17            -0.338      0.057     -5.934      0.000
    SCMI22            -0.423      0.051     -8.225      0.000
    SCOI2              0.552      0.065      8.430      0.000
    SCOI6              0.573      0.064      8.986      0.000
    SCOI20             0.235      0.082      2.854      0.004
    SCOI24             0.279      0.066      4.224      0.000

 P        BY
    SCSK5              0.495      0.058      8.593      0.000
    SCSK12             0.491      0.052      9.352      0.000
    SCSK19             0.498      0.052      9.618      0.000
    SCSK23             0.360      0.037      9.788      0.000
    SCSK26             0.460      0.047      9.794      0.000
    SCSJ1              0.110      0.029      3.753      0.000
    SCSJ8              0.053      0.023      2.320      0.020
    SCSJ11             0.057      0.024      2.376      0.018
    SCSJ16             0.015      0.021      0.714      0.475
    SCSJ21             0.060      0.031      1.931      0.054
    SCCH3              0.460      0.042     11.067      0.000
    SCCH7              0.408      0.047      8.696      0.000
    SCCH10             0.499      0.041     12.191      0.000
    SCCH15             0.547      0.035     15.436      0.000
    SCIS4             -0.064      0.020     -3.246      0.001
    SCIS13            -0.056      0.024     -2.344      0.019
    SCIS18             0.002      0.024      0.063      0.950
    SCIS25            -0.044      0.023     -1.890      0.059
    SCMI9              0.536      0.048     11.145      0.000
    SCMI14             0.534      0.049     10.901      0.000
    SCMI17             0.543      0.035     15.471      0.000
    SCMI22             0.537      0.041     13.178      0.000
    SCOI2             -0.062      0.020     -3.001      0.003
    SCOI6             -0.020      0.020     -1.031      0.303
    SCOI20            -0.043      0.041     -1.036      0.300
    SCOI24            -0.077      0.033     -2.358      0.018

 N        BY
    SCSK5              0.190      0.033      5.801      0.000
    SCSK12             0.065      0.028      2.361      0.018
    SCSK19             0.049      0.031      1.569      0.117
    SCSK23            -0.110      0.045     -2.416      0.016
    SCSK26             0.045      0.036      1.236      0.217
    SCSJ1              0.224      0.074      3.011      0.003
    SCSJ8              0.317      0.086      3.684      0.000
    SCSJ11             0.337      0.084      4.035      0.000
    SCSJ16             0.356      0.080      4.455      0.000
    SCSJ21             0.194      0.063      3.055      0.002
    SCCH3              0.015      0.041      0.362      0.717
    SCCH7              0.210      0.035      5.933      0.000
    SCCH10             0.076      0.038      2.011      0.044
    SCCH15            -0.082      0.031     -2.618      0.009
    SCIS4              0.542      0.060      9.108      0.000
    SCIS13             0.533      0.048     11.045      0.000
    SCIS18             0.557      0.059      9.511      0.000
    SCIS25             0.580      0.061      9.498      0.000
    SCMI9             -0.194      0.043     -4.473      0.000
    SCMI14            -0.306      0.035     -8.649      0.000
    SCMI17            -0.285      0.033     -8.727      0.000
    SCMI22            -0.065      0.028     -2.365      0.018
    SCOI2              0.555      0.063      8.820      0.000
    SCOI6              0.546      0.064      8.487      0.000
    SCOI20             0.589      0.049     12.079      0.000
    SCOI24             0.514      0.045     11.316      0.000

 P        WITH
    G                  0.000      0.000    999.000    999.000

 N        WITH
    G                  0.000      0.000    999.000    999.000
    P                  0.000      0.000    999.000    999.000

 SCCH10   WITH
    SCCH7              0.579      0.048     12.063      0.000

 SCIS18   WITH
    SCIS13             0.386      0.068      5.698      0.000

 SCSK19   WITH
    SCSK12             0.305      0.079      3.859      0.000

 SCSK26   WITH
    SCSK23             0.283      0.082      3.475      0.001

 Means
    G                  0.000      0.000    999.000    999.000
    P                  0.000      0.000    999.000    999.000
    N                  0.000      0.000    999.000    999.000

 Intercepts
    SCSJ1              3.337      0.124     26.918      0.000
    SCOI2              1.928      0.069     28.019      0.000
    SCCH3              3.311      0.130     25.569      0.000
    SCIS4              1.951      0.077     25.491      0.000
    SCSK5              2.514      0.089     28.152      0.000
    SCOI6              2.428      0.099     24.418      0.000
    SCCH7              2.260      0.088     25.799      0.000
    SCSJ8              2.200      0.082     26.864      0.000
    SCMI9              3.357      0.129     25.964      0.000
    SCCH10             2.323      0.085     27.483      0.000
    SCSJ11             2.165      0.081     26.590      0.000
    SCSK12             2.317      0.075     30.739      0.000
    SCIS13             2.260      0.099     22.822      0.000
    SCMI14             3.027      0.122     24.837      0.000
    SCCH15             2.685      0.094     28.646      0.000
    SCSJ16             2.143      0.083     25.679      0.000
    SCMI17             3.007      0.106     28.349      0.000
    SCIS18             2.457      0.109     22.509      0.000
    SCSK19             2.467      0.082     30.113      0.000
    SCOI20             2.452      0.104     23.651      0.000
    SCSJ21             2.367      0.098     24.231      0.000
    SCMI22             2.605      0.089     29.116      0.000
    SCSK23             2.301      0.082     28.081      0.000
    SCOI24             1.961      0.079     24.775      0.000
    SCIS25             2.087      0.074     28.253      0.000
    SCSK26             2.507      0.083     30.385      0.000

 Variances
    G                  1.000      0.000    999.000    999.000
    P                  1.000      0.000    999.000    999.000
    N                  1.000      0.000    999.000    999.000

 Residual Variances
    SCSJ1              0.585      0.047     12.473      0.000
    SCOI2              0.383      0.036     10.759      0.000
    SCCH3              0.782      0.038     20.365      0.000
    SCIS4              0.415      0.034     12.361      0.000
    SCSK5              0.394      0.048      8.149      0.000
    SCOI6              0.373      0.034     10.897      0.000
    SCCH7              0.754      0.037     20.480      0.000
    SCSJ8              0.355      0.036      9.797      0.000
    SCMI9              0.675      0.054     12.523      0.000
    SCCH10             0.708      0.038     18.513      0.000
    SCSJ11             0.390      0.045      8.658      0.000
    SCSK12             0.428      0.042     10.121      0.000
    SCIS13             0.546      0.036     15.144      0.000
    SCMI14             0.590      0.053     11.068      0.000
    SCCH15             0.533      0.040     13.394      0.000
    SCSJ16             0.379      0.036     10.393      0.000
    SCMI17             0.510      0.042     12.280      0.000
    SCIS18             0.459      0.041     11.249      0.000
    SCSK19             0.322      0.040      7.966      0.000
    SCOI20             0.596      0.043     13.746      0.000
    SCSJ21             0.612      0.040     15.340      0.000
    SCMI22             0.529      0.040     13.382      0.000
    SCSK23             0.501      0.050     10.062      0.000
    SCOI24             0.652      0.037     17.566      0.000
    SCIS25             0.371      0.038      9.671      0.000
    SCSK26             0.383      0.041      9.320      0.000

Group CS

 G        BY
    SCSK5             -0.513      0.054     -9.576      0.000
    SCSK12            -0.543      0.049    -11.033      0.000
    SCSK19            -0.609      0.045    -13.686      0.000
    SCSK23            -0.602      0.048    -12.466      0.000
    SCSK26            -0.591      0.039    -15.256      0.000
    SCSJ1              0.526      0.049     10.800      0.000
    SCSJ8              0.663      0.057     11.546      0.000
    SCSJ11             0.626      0.059     10.634      0.000
    SCSJ16             0.632      0.059     10.703      0.000
    SCSJ21             0.547      0.042     12.987      0.000
    SCCH3             -0.065      0.045     -1.457      0.145
    SCCH7             -0.158      0.050     -3.147      0.002
    SCCH10            -0.166      0.050     -3.321      0.001
    SCCH15            -0.378      0.046     -8.168      0.000
    SCIS4              0.497      0.070      7.150      0.000
    SCIS13             0.362      0.062      5.816      0.000
    SCIS18             0.418      0.064      6.542      0.000
    SCIS25             0.463      0.067      6.895      0.000
    SCMI9             -0.016      0.055     -0.285      0.776
    SCMI14            -0.163      0.066     -2.490      0.013
    SCMI17            -0.324      0.061     -5.290      0.000
    SCMI22            -0.396      0.048     -8.182      0.000
    SCOI2              0.515      0.072      7.132      0.000
    SCOI6              0.516      0.068      7.569      0.000
    SCOI20             0.207      0.077      2.701      0.007
    SCOI24             0.272      0.069      3.962      0.000

 P        BY
    SCSK5              0.572      0.062      9.178      0.000
    SCSK12             0.599      0.056     10.617      0.000
    SCSK19             0.598      0.059     10.167      0.000
    SCSK23             0.467      0.047      9.858      0.000
    SCSK26             0.551      0.055      9.967      0.000
    SCSJ1              0.126      0.032      3.941      0.000
    SCSJ8              0.061      0.027      2.270      0.023
    SCSJ11             0.066      0.028      2.380      0.017
    SCSJ16             0.018      0.025      0.714      0.475
    SCSJ21             0.072      0.038      1.910      0.056
    SCCH3              0.497      0.036     13.849      0.000
    SCCH7              0.442      0.044      9.933      0.000
    SCCH10             0.544      0.038     14.459      0.000
    SCCH15             0.662      0.037     17.839      0.000
    SCIS4             -0.077      0.024     -3.171      0.002
    SCIS13            -0.064      0.028     -2.286      0.022
    SCIS18             0.002      0.027      0.063      0.950
    SCIS25            -0.048      0.026     -1.875      0.061
    SCMI9              0.591      0.042     13.913      0.000
    SCMI14             0.638      0.043     14.824      0.000
    SCMI17             0.669      0.036     18.755      0.000
    SCMI22             0.647      0.039     16.461      0.000
    SCOI2             -0.074      0.025     -2.941      0.003
    SCOI6             -0.023      0.023     -1.024      0.306
    SCOI20            -0.048      0.046     -1.042      0.298
    SCOI24            -0.096      0.041     -2.352      0.019

 N        BY
    SCSK5              0.219      0.035      6.232      0.000
    SCSK12             0.079      0.032      2.478      0.013
    SCSK19             0.058      0.036      1.608      0.108
    SCSK23            -0.142      0.052     -2.736      0.006
    SCSK26             0.053      0.045      1.188      0.235
    SCSJ1              0.254      0.078      3.268      0.001
    SCSJ8              0.365      0.091      4.017      0.000
    SCSJ11             0.385      0.084      4.599      0.000
    SCSJ16             0.410      0.081      5.068      0.000
    SCSJ21             0.231      0.074      3.110      0.002
    SCCH3              0.016      0.044      0.360      0.719
    SCCH7              0.226      0.037      6.063      0.000
    SCCH10             0.082      0.041      1.998      0.046
    SCCH15            -0.098      0.034     -2.897      0.004
    SCIS4              0.646      0.050     12.785      0.000
    SCIS13             0.607      0.041     14.892      0.000
    SCIS18             0.621      0.050     12.452      0.000
    SCIS25             0.639      0.048     13.310      0.000
    SCMI9             -0.213      0.046     -4.611      0.000
    SCMI14            -0.364      0.041     -8.785      0.000
    SCMI17            -0.349      0.031    -11.272      0.000
    SCMI22            -0.079      0.033     -2.350      0.019
    SCOI2              0.664      0.054     12.314      0.000
    SCOI6              0.630      0.056     11.237      0.000
    SCOI20             0.665      0.034     19.802      0.000
    SCOI24             0.642      0.033     19.454      0.000

 P        WITH
    G                  0.294      0.076      3.848      0.000

 N        WITH
    G                 -0.046      0.092     -0.495      0.621
    P                 -0.021      0.105     -0.198      0.843

 SCCH10   WITH
    SCCH7              0.437      0.038     11.588      0.000

 SCIS18   WITH
    SCIS13             0.467      0.036     13.123      0.000

 SCSK19   WITH
    SCSK12             0.353      0.051      6.935      0.000

 SCSK26   WITH
    SCSK23             0.309      0.049      6.321      0.000

 Means
    G                  0.000      0.000    999.000    999.000
    P                  0.000      0.000    999.000    999.000
    N                  0.000      0.000    999.000    999.000

 Intercepts
    SCSJ1              3.395      0.096     35.260      0.000
    SCOI2              2.067      0.038     55.003      0.000
    SCCH3              3.024      0.089     33.947      0.000
    SCIS4              1.963      0.035     55.951      0.000
    SCSK5              2.397      0.057     42.239      0.000
    SCOI6              2.244      0.045     50.098      0.000
    SCCH7              2.086      0.046     45.389      0.000
    SCSJ8              2.347      0.052     45.551      0.000
    SCMI9              3.351      0.097     34.572      0.000
    SCCH10             2.237      0.054     41.730      0.000
    SCSJ11             2.278      0.049     46.443      0.000
    SCSK12             2.367      0.054     44.175      0.000
    SCIS13             2.115      0.042     50.792      0.000
    SCMI14             3.439      0.103     33.534      0.000
    SCCH15             2.792      0.074     37.506      0.000
    SCSJ16             2.334      0.051     45.910      0.000
    SCMI17             3.321      0.093     35.839      0.000
    SCIS18             2.329      0.050     46.942      0.000
    SCSK19             2.441      0.060     40.796      0.000
    SCOI20             2.089      0.042     50.274      0.000
    SCSJ21             2.496      0.056     44.298      0.000
    SCMI22             2.557      0.063     40.519      0.000
    SCSK23             2.472      0.062     39.797      0.000
    SCOI24             1.870      0.035     53.397      0.000
    SCIS25             2.059      0.039     52.397      0.000
    SCSK26             2.680      0.064     41.998      0.000

 Variances
    G                  1.000      0.000    999.000    999.000
    P                  1.000      0.000    999.000    999.000
    N                  1.000      0.000    999.000    999.000

 Residual Variances
    SCSJ1              0.617      0.028     21.715      0.000
    SCOI2              0.340      0.026     13.289      0.000
    SCCH3              0.768      0.033     23.553      0.000
    SCIS4              0.380      0.028     13.503      0.000
    SCSK5              0.529      0.040     13.125      0.000
    SCOI6              0.373      0.025     15.112      0.000
    SCCH7              0.771      0.028     27.141      0.000
    SCSJ8              0.423      0.031     13.561      0.000
    SCMI9              0.605      0.041     14.842      0.000
    SCCH10             0.723      0.029     24.862      0.000
    SCSJ11             0.454      0.030     14.983      0.000
    SCSK12             0.530      0.035     15.024      0.000
    SCIS13             0.529      0.031     17.136      0.000
    SCMI14             0.491      0.043     11.410      0.000
    SCCH15             0.557      0.033     16.811      0.000
    SCSJ16             0.449      0.029     15.567      0.000
    SCMI17             0.453      0.036     12.427      0.000
    SCIS18             0.463      0.029     16.050      0.000
    SCSK19             0.481      0.036     13.536      0.000
    SCOI20             0.530      0.034     15.364      0.000
    SCSJ21             0.632      0.032     19.875      0.000
    SCMI22             0.570      0.032     18.056      0.000
    SCSK23             0.570      0.037     15.195      0.000
    SCOI24             0.534      0.031     16.965      0.000
    SCIS25             0.414      0.026     15.655      0.000
    SCSK26             0.535      0.036     14.699      0.000


R-SQUARE

Group RW

    Observed                                        Two-Tailed
    Variable        Estimate       S.E.  Est./S.E.    P-Value

    SCSJ1              0.415      0.047      8.849      0.000
    SCOI2              0.617      0.036     17.310      0.000
    SCCH3              0.218      0.038      5.688      0.000
    SCIS4              0.585      0.034     17.399      0.000
    SCSK5              0.606      0.048     12.542      0.000
    SCOI6              0.627      0.034     18.347      0.000
    SCCH7              0.246      0.037      6.677      0.000
    SCSJ8              0.645      0.036     17.774      0.000
    SCMI9              0.325      0.054      6.025      0.000
    SCCH10             0.292      0.038      7.651      0.000
    SCSJ11             0.610      0.045     13.565      0.000
    SCSK12             0.572      0.042     13.527      0.000
    SCIS13             0.454      0.036     12.573      0.000
    SCMI14             0.410      0.053      7.685      0.000
    SCCH15             0.467      0.040     11.757      0.000
    SCSJ16             0.621      0.036     17.043      0.000
    SCMI17             0.490      0.042     11.807      0.000
    SCIS18             0.541      0.041     13.281      0.000
    SCSK19             0.678      0.040     16.737      0.000
    SCOI20             0.404      0.043      9.332      0.000
    SCSJ21             0.388      0.040      9.736      0.000
    SCMI22             0.471      0.040     11.929      0.000
    SCSK23             0.499      0.050     10.022      0.000
    SCOI24             0.348      0.037      9.372      0.000
    SCIS25             0.629      0.038     16.420      0.000
    SCSK26             0.617      0.041     15.034      0.000

Group CS

    Observed                                        Two-Tailed
    Variable        Estimate       S.E.  Est./S.E.    P-Value

    SCSJ1              0.383      0.028     13.456      0.000
    SCOI2              0.660      0.026     25.829      0.000
    SCCH3              0.232      0.033      7.128      0.000
    SCIS4              0.620      0.028     22.040      0.000
    SCSK5              0.471      0.040     11.672      0.000
    SCOI6              0.627      0.025     25.455      0.000
    SCCH7              0.229      0.028      8.069      0.000
    SCSJ8              0.577      0.031     18.513      0.000
    SCMI9              0.395      0.041      9.675      0.000
    SCCH10             0.277      0.029      9.510      0.000
    SCSJ11             0.546      0.030     18.022      0.000
    SCSK12             0.470      0.035     13.335      0.000
    SCIS13             0.471      0.031     15.267      0.000
    SCMI14             0.509      0.043     11.814      0.000
    SCCH15             0.443      0.033     13.350      0.000
    SCSJ16             0.551      0.029     19.096      0.000
    SCMI17             0.547      0.036     14.986      0.000
    SCIS18             0.537      0.029     18.594      0.000
    SCSK19             0.519      0.036     14.631      0.000
    SCOI20             0.470      0.034     13.631      0.000
    SCSJ21             0.368      0.032     11.588      0.000
    SCMI22             0.430      0.032     13.632      0.000
    SCSK23             0.430      0.037     11.483      0.000
    SCOI24             0.466      0.031     14.826      0.000
    SCIS25             0.586      0.026     22.172      0.000
    SCSK26             0.465      0.036     12.800      0.000


MODEL MODIFICATION INDICES

Minimum M.I. value for printing the modification index    10.000

                                   M.I.     E.P.C.  Std E.P.C.  StdYX E.P.C.
Group RW


ON Statements

G        ON SCSJ1                 38.452     0.135      0.135        0.151
G        ON SCOI2                 31.701     0.161      0.161        0.231
G        ON SCCH3                 24.649     0.115      0.115        0.120
G        ON SCIS4                 25.891     0.149      0.149        0.205
G        ON SCSK5                 28.066     0.141      0.141        0.171
G        ON SCOI6                 28.551     0.134      0.134        0.177
G        ON SCCH7                 26.665     0.148      0.148        0.177
G        ON SCSJ8                 26.927     0.144      0.144        0.190
G        ON SCMI9                 30.109     0.129      0.129        0.132
G        ON SCCH10                27.591     0.155      0.155        0.177
G        ON SCSJ11                31.352     0.161      0.161        0.207
G        ON SCSK12                38.245     0.175      0.175        0.214
G        ON SCIS13                23.992     0.128      0.128        0.171
G        ON SCMI14                33.819     0.142      0.142        0.155
G        ON SCCH15                26.082     0.126      0.126        0.152
G        ON SCSJ16                33.678     0.162      0.162        0.217
G        ON SCMI17                29.993     0.136      0.136        0.147
G        ON SCIS18                34.956     0.150      0.150        0.193
G        ON SCSK19                33.322     0.159      0.159        0.191
G        ON SCOI20                29.098     0.144      0.144        0.174
G        ON SCSJ21                22.741     0.129      0.129        0.159
G        ON SCMI22                35.537     0.154      0.154        0.183
G        ON SCSK23                29.502     0.148      0.148        0.187
G        ON SCOI24                27.885     0.160      0.160        0.205
G        ON SCIS25                34.185     0.166      0.166        0.224
G        ON SCSK26                30.286     0.160      0.160        0.178
P        ON SCSJ1                 84.931     0.338      0.338        0.377
P        ON SCOI2                 67.094     0.381      0.381        0.546
P        ON SCCH3                 56.009     0.287      0.287        0.301
P        ON SCIS4                 54.861     0.351      0.351        0.484
P        ON SCSK5                 70.377     0.377      0.377        0.457
P        ON SCOI6                 65.394     0.339      0.339        0.449
P        ON SCCH7                 43.929     0.299      0.299        0.359
P        ON SCSJ8                 81.196     0.416      0.416        0.551
P        ON SCMI9                 66.102     0.323      0.323        0.330
P        ON SCCH10                47.472     0.324      0.324        0.370
P        ON SCSJ11                81.225     0.429      0.429        0.552
P        ON SCSK12                78.316     0.415      0.415        0.508
P        ON SCIS13                51.194     0.303      0.303        0.405
P        ON SCMI14                81.592     0.372      0.372        0.405
P        ON SCCH15                74.432     0.354      0.354        0.427
P        ON SCSJ16                76.110     0.403      0.403        0.539
P        ON SCMI17                78.216     0.369      0.369        0.401
P        ON SCIS18                63.125     0.335      0.335        0.430
P        ON SCSK19                92.029     0.449      0.449        0.537
P        ON SCOI20                85.905     0.407      0.407        0.492
P        ON SCSJ21                52.351     0.318      0.318        0.390
P        ON SCMI22                84.702     0.392      0.392        0.467
P        ON SCSK23                57.490     0.337      0.337        0.425
P        ON SCOI24                67.859     0.391      0.391        0.500
P        ON SCIS25                78.725     0.416      0.416        0.563
P        ON SCSK26                71.013     0.412      0.412        0.458
SCSJ1    ON SCCH3                 10.892    -0.062     -0.062       -0.058
SCSJ1    ON SCSK5                 13.999    -0.078     -0.078       -0.085
SCSJ1    ON SCMI9                 16.005    -0.076     -0.076       -0.069
SCSJ1    ON SCCH10                13.658    -0.085     -0.085       -0.087
SCSJ1    ON SCMI14                13.309    -0.071     -0.071       -0.070
SCSJ1    ON SCCH15                15.912    -0.078     -0.078       -0.085
SCSJ1    ON SCMI17                15.563    -0.078     -0.078       -0.076
SCSJ1    ON SCSK19                15.276    -0.084     -0.084       -0.090
SCSJ1    ON SCSJ21                10.090    -0.068     -0.068       -0.074
SCSJ1    ON SCMI22                15.074    -0.079     -0.079       -0.084
SCSJ1    ON SCSK23                18.353    -0.091     -0.091       -0.104
SCSJ1    ON SCSK26                17.141    -0.094     -0.094       -0.094
SCOI2    ON SCSJ1                 43.933     0.127      0.127        0.098
SCOI2    ON SCOI2                 38.702     0.156      0.156        0.156
SCOI2    ON SCCH3                 41.043     0.130      0.130        0.095
SCOI2    ON SCIS4                 42.844     0.157      0.157        0.151
SCOI2    ON SCSK5                 32.357     0.129      0.129        0.109
SCOI2    ON SCOI6                 37.249     0.129      0.129        0.119
SCOI2    ON SCCH7                 32.474     0.139      0.139        0.116
SCOI2    ON SCSJ8                 35.845     0.138      0.138        0.127
SCOI2    ON SCMI9                 36.356     0.124      0.124        0.089
SCOI2    ON SCCH10                34.055     0.146      0.146        0.116
SCOI2    ON SCSJ11                34.015     0.139      0.139        0.125
SCOI2    ON SCSK12                31.077     0.133      0.133        0.113
SCOI2    ON SCIS13                40.522     0.140      0.140        0.131
SCOI2    ON SCMI14                42.900     0.139      0.139        0.106
SCOI2    ON SCCH15                38.131     0.132      0.132        0.111
SCOI2    ON SCSJ16                28.736     0.124      0.124        0.116
SCOI2    ON SCMI17                39.878     0.136      0.136        0.103
SCOI2    ON SCIS18                36.394     0.130      0.130        0.116
SCOI2    ON SCSK19                31.995     0.132      0.132        0.110
SCOI2    ON SCOI20                35.175     0.135      0.135        0.114
SCOI2    ON SCSJ21                32.127     0.131      0.131        0.112
SCOI2    ON SCMI22                33.991     0.129      0.129        0.107
SCOI2    ON SCSK23                37.789     0.142      0.142        0.125
SCOI2    ON SCOI24                46.445     0.173      0.173        0.154
SCOI2    ON SCIS25                29.695     0.127      0.127        0.120
SCOI2    ON SCSK26                36.822     0.150      0.150        0.116
SCCH3    ON SCCH15                14.870     0.205      0.205        0.236
SCCH3    ON SCMI22                10.180     0.172      0.172        0.196
SCCH3    ON SCOI24                12.193    -0.166     -0.166       -0.202
SCSK5    ON SCSK19                12.357     0.198      0.198        0.195
SCSJ8    ON SCMI14                10.231    -0.166     -0.166       -0.136
SCMI9    ON SCMI14                26.969     0.286      0.286        0.305
SCSK12   ON SCSJ1                 10.640     0.151      0.151        0.138
SCSK12   ON SCSJ16                10.287     0.131      0.131        0.143
SCIS13   ON SCCH15                10.808     0.167      0.167        0.150
SCIS13   ON SCSJ16                11.544    -0.160     -0.160       -0.160
SCMI14   ON SCMI9                 29.256     0.310      0.310        0.292
SCSJ16   ON SCSK23                14.447    -0.182     -0.182       -0.172
SCIS18   ON SCSJ1                 10.828     0.158      0.158        0.138
SCIS18   ON SCSJ16                12.568     0.150      0.150        0.156
SCSK23   ON SCSK5                 10.210    -0.160     -0.160       -0.153
SCIS25   ON SCOI6                 13.764     0.077      0.077        0.075
SCIS25   ON SCIS13                10.386     0.069      0.069        0.068
SCIS25   ON SCSJ21                10.561     0.073      0.073        0.066
SCIS25   ON SCOI24                10.824     0.081      0.081        0.077

WITH Statements

SCMI14   WITH SCSJ8               10.196    -0.149     -0.149       -0.225
SCMI14   WITH SCMI9               34.950     0.297      0.297        0.421
SCSK19   WITH SCSK5               11.231     0.128      0.128        0.248
SCMI22   WITH SCSK12              11.744     0.148      0.148        0.214

Means/Intercepts/Thresholds

[ G        ]                      32.730     0.475      0.475        0.475
[ P        ]                      86.319     1.356      1.356        1.356
[ SCSJ1    ]                      13.625    -0.177     -0.177       -0.159
[ SCOI2    ]                      42.980     0.363      0.363        0.253

Group CS


ON Statements

G        ON SCSJ1                 39.584    -0.135     -0.143       -0.156
G        ON SCOI2                 31.110    -0.159     -0.168       -0.225
G        ON SCCH3                 18.644    -0.102     -0.108       -0.117
G        ON SCIS4                 24.128    -0.150     -0.159       -0.206
G        ON SCSK5                 22.984    -0.132     -0.140       -0.164
G        ON SCOI6                 25.372    -0.138     -0.146       -0.187
G        ON SCCH7                 21.749    -0.129     -0.137       -0.170
G        ON SCSJ8                 25.934    -0.133     -0.141       -0.180
G        ON SCMI9                 29.029    -0.124     -0.131       -0.136
G        ON SCCH10                23.412    -0.136     -0.144       -0.169
G        ON SCSJ11                30.551    -0.150     -0.159       -0.199
G        ON SCSK12                37.878    -0.180     -0.190       -0.213
G        ON SCIS13                19.722    -0.122     -0.129       -0.169
G        ON SCMI14                31.589    -0.130     -0.137       -0.140
G        ON SCCH15                25.982    -0.129     -0.137       -0.152
G        ON SCSJ16                34.202    -0.151     -0.160       -0.206
G        ON SCMI17                30.642    -0.137     -0.145       -0.143
G        ON SCIS18                32.337    -0.148     -0.156       -0.201
G        ON SCSK19                32.843    -0.164     -0.174       -0.194
G        ON SCOI20                28.770    -0.164     -0.174       -0.208
G        ON SCSJ21                23.355    -0.130     -0.137       -0.158
G        ON SCMI22                34.686    -0.162     -0.172       -0.190
G        ON SCSK23                31.510    -0.162     -0.172       -0.187
G        ON SCOI24                28.929    -0.191     -0.202       -0.231
G        ON SCIS25                31.456    -0.152     -0.161       -0.221
G        ON SCSK26                29.867    -0.153     -0.162       -0.169
P        ON SCSJ1                 87.989    -0.353     -0.307       -0.336
P        ON SCOI2                 78.784    -0.446     -0.388       -0.519
P        ON SCCH3                 60.534    -0.323     -0.281       -0.305
P        ON SCIS4                 67.550    -0.444     -0.386       -0.499
P        ON SCSK5                 68.942    -0.402     -0.350       -0.410
P        ON SCOI6                 70.590    -0.405     -0.352       -0.451
P        ON SCCH7                 49.959    -0.345     -0.300       -0.372
P        ON SCSJ8                 82.812    -0.417     -0.363       -0.464
P        ON SCMI9                 73.555    -0.347     -0.302       -0.314
P        ON SCCH10                55.540    -0.370     -0.321       -0.376
P        ON SCSJ11                83.968    -0.436     -0.379       -0.477
P        ON SCSK12                83.920    -0.471     -0.409       -0.459
P        ON SCIS13                59.474    -0.373     -0.325       -0.426
P        ON SCMI14                87.309    -0.380     -0.330       -0.337
P        ON SCCH15                79.517    -0.397     -0.346       -0.385
P        ON SCSJ16                80.247    -0.406     -0.353       -0.456
P        ON SCMI17                84.106    -0.399     -0.347       -0.343
P        ON SCIS18                68.640    -0.379     -0.330       -0.423
P        ON SCSK19                91.931    -0.482     -0.419       -0.468
P        ON SCOI20                88.451    -0.510     -0.443       -0.530
P        ON SCSJ21                62.646    -0.375     -0.326       -0.374
P        ON SCMI22                88.427    -0.456     -0.396       -0.438
P        ON SCSK23                67.515    -0.418     -0.363       -0.396
P        ON SCOI24                81.071    -0.567     -0.493       -0.564
P        ON SCIS25                81.827    -0.433     -0.376       -0.516
P        ON SCSK26                72.184    -0.419     -0.364       -0.379
SCSJ1    ON SCCH3                 13.798     0.068      0.068        0.067
SCSJ1    ON SCSK5                 15.887     0.082      0.082        0.088
SCSJ1    ON SCSK12                23.750     0.105      0.105        0.108
SCSJ1    ON SCMI14                12.068     0.063      0.063        0.059
SCSJ1    ON SCCH15                12.507     0.068      0.068        0.069
SCSJ1    ON SCMI17                12.100     0.067      0.067        0.061
SCSJ1    ON SCSK19                19.160     0.094      0.094        0.096
SCSJ1    ON SCMI22                14.424     0.079      0.079        0.079
SCSJ1    ON SCSK26                11.793     0.073      0.073        0.069
SCOI2    ON SCSJ1                 27.404    -0.093     -0.093       -0.076
SCOI2    ON SCOI2                 38.703    -0.156     -0.156       -0.156
SCOI2    ON SCCH3                 17.575    -0.080     -0.080       -0.065
SCOI2    ON SCIS4                 10.995    -0.077     -0.077       -0.074
SCOI2    ON SCSK5                 39.989    -0.137     -0.137       -0.120
SCOI2    ON SCOI6                 29.450    -0.117     -0.117       -0.112
SCOI2    ON SCCH7                 34.718    -0.123     -0.123       -0.114
SCOI2    ON SCSJ8                 36.395    -0.124     -0.124       -0.119
SCOI2    ON SCMI9                 46.512    -0.131     -0.131       -0.102
SCOI2    ON SCCH10                30.093    -0.119     -0.119       -0.104
SCOI2    ON SCSJ11                32.575    -0.121     -0.121       -0.114
SCOI2    ON SCSK12                23.290    -0.109     -0.109       -0.092
SCOI2    ON SCIS13                27.516    -0.111     -0.111       -0.108
SCOI2    ON SCMI14                28.995    -0.105     -0.105       -0.080
SCOI2    ON SCCH15                23.873    -0.100     -0.100       -0.083
SCOI2    ON SCSJ16                39.271    -0.127     -0.127       -0.123
SCOI2    ON SCMI17                32.861    -0.119     -0.119       -0.088
SCOI2    ON SCIS18                41.214    -0.132     -0.132       -0.127
SCOI2    ON SCSK19                33.653    -0.131     -0.131       -0.109
SCOI2    ON SCOI20                27.086    -0.123     -0.123       -0.110
SCOI2    ON SCSJ21                28.011    -0.111     -0.111       -0.096
SCOI2    ON SCMI22                24.620    -0.108     -0.108       -0.089
SCOI2    ON SCSK23                20.833    -0.102     -0.102       -0.083
SCOI2    ON SCOI24                12.976    -0.094     -0.094       -0.080
SCOI2    ON SCIS25                39.101    -0.132     -0.132       -0.135
SCOI2    ON SCSK26                30.938    -0.125     -0.125       -0.097
SCCH3    ON SCOI2                 13.028     0.145      0.145        0.179
SCCH3    ON SCSK12                10.366    -0.136     -0.136       -0.140
SCCH3    ON SCMI17                17.020    -0.218     -0.218       -0.198
SCCH3    ON SCSK19                20.845    -0.197     -0.197       -0.203
SCCH3    ON SCSK23                12.566    -0.148     -0.148       -0.148
SCIS4    ON SCOI2                 15.219     0.144      0.144        0.149
SCIS4    ON SCOI6                 18.463     0.161      0.161        0.160
SCIS4    ON SCIS13                12.860     0.119      0.119        0.121
SCSK5    ON SCSK12                25.694     0.215      0.215        0.205
SCSK5    ON SCCH15                13.762    -0.152     -0.152       -0.144
SCSK5    ON SCMI17                13.845    -0.185     -0.185       -0.156
SCSK5    ON SCSK19                17.704     0.183      0.183        0.174
SCSK5    ON SCSK23                12.281    -0.144     -0.144       -0.134
SCOI6    ON SCIS4                 17.529     0.149      0.149        0.151
SCOI6    ON SCIS25                11.272     0.111      0.111        0.119
SCSJ8    ON SCSJ16                15.736     0.144      0.144        0.145
SCSJ8    ON SCSJ21                17.459     0.156      0.156        0.140
SCMI9    ON SCCH15                12.026    -0.135     -0.135       -0.145
SCCH10   ON SCSJ11                14.886     0.139      0.139        0.149
SCSJ11   ON SCCH10                20.529     0.157      0.157        0.146
SCSK12   ON SCSK5                 15.840     0.135      0.135        0.141
SCSK12   ON SCIS18                12.979    -0.114     -0.114       -0.131
SCIS13   ON SCIS4                 13.379     0.134      0.134        0.132
SCIS13   ON SCMI22                18.198    -0.160     -0.160       -0.135
SCMI14   ON SCCH7                 31.104    -0.159     -0.159       -0.194
SCMI14   ON SCSJ8                 15.082    -0.133     -0.133       -0.166
SCMI14   ON SCMI9                 11.823     0.144      0.144        0.146
SCMI14   ON SCCH10                27.861    -0.166     -0.166       -0.190
SCCH15   ON SCCH3                 14.709     0.139      0.139        0.135
SCCH15   ON SCCH7                 14.144     0.118      0.118        0.131
SCCH15   ON SCCH10                10.491     0.111      0.111        0.116
SCSJ16   ON SCCH3                 14.398    -0.142     -0.142       -0.119
SCSJ16   ON SCIS4                 13.510    -0.141     -0.141       -0.141
SCMI17   ON SCMI14                10.815     0.138      0.138        0.143
SCSK19   ON SCSK5                 10.827     0.107      0.107        0.112
SCOI20   ON SCMI22                15.079     0.158      0.158        0.146
SCSJ21   ON SCSJ8                 18.827     0.174      0.174        0.193
SCMI22   ON SCIS13                25.571    -0.169     -0.169       -0.200
SCMI22   ON SCIS18                12.866    -0.127     -0.127       -0.148
SCMI22   ON SCSK23                10.893     0.126      0.126        0.124
SCIS25   ON SCOI2                 11.843    -0.076     -0.076       -0.074
SCIS25   ON SCCH7                 13.266    -0.079     -0.079       -0.071
SCIS25   ON SCSJ8                 11.546    -0.070     -0.070       -0.065
SCIS25   ON SCSJ11                11.727    -0.073     -0.073       -0.067

WITH Statements

SCIS4    WITH SCOI2               15.066     0.113      0.113        0.182
SCOI6    WITH SCIS4               18.908     0.125      0.125        0.200
SCSJ11   WITH SCCH10              21.948     0.152      0.152        0.181
SCSK12   WITH SCSK5               23.667     0.150      0.150        0.215
SCMI14   WITH SCCH7               10.677    -0.102     -0.102       -0.131
SCMI14   WITH SCSJ8               17.196    -0.120     -0.120       -0.202
SCMI14   WITH SCMI9               17.895     0.125      0.125        0.217
SCCH15   WITH SCCH3               12.923     0.123      0.123        0.155
SCCH15   WITH SCSK5               13.644    -0.123     -0.123       -0.174
SCCH15   WITH SCMI9               12.990    -0.111     -0.111       -0.165
SCSJ16   WITH SCCH3               18.478    -0.153     -0.153       -0.185
SCSJ16   WITH SCIS4               14.397    -0.118     -0.118       -0.171
SCSJ16   WITH SCSJ8               17.550     0.143      0.143        0.198
SCMI17   WITH SCSK5               13.718    -0.101     -0.101       -0.178
SCMI17   WITH SCMI14              12.357     0.088      0.088        0.185
SCSK19   WITH SCSK5               14.977     0.116      0.116        0.175
SCOI20   WITH SCIS4               10.588    -0.103     -0.103       -0.149
SCSJ21   WITH SCSJ8               16.728     0.143      0.143        0.188
SCMI22   WITH SCIS13              12.593    -0.105     -0.105       -0.132
SCMI22   WITH SCOI20              13.274     0.117      0.117        0.162
SCIS25   WITH SCOI6               10.678     0.103      0.103        0.149

Means/Intercepts/Thresholds

[ G        ]                      32.728    -0.475     -0.504       -0.504
[ P        ]                      86.330    -1.356     -1.179       -1.179
[ SCSJ1    ]                      13.624     0.078      0.078        0.071
[ SCOI2    ]                      42.984    -0.134     -0.134       -0.101



     Beginning Time:  10:47:58
        Ending Time:  10:48:00
       Elapsed Time:  00:00:02



MUTHEN & MUTHEN
3463 Stoner Ave.
Los Angeles, CA  90066

Tel: (310) 391-9971
Fax: (310) 391-8971
Web: www.StatModel.com
Support: Support@StatModel.com

Copyright (c) 1998-2021 Muthen & Muthen
