Mplus VERSION 8.6 (Mac)
MUTHEN & MUTHEN
10/24/2022   7:33 AM

INPUT INSTRUCTIONS

  TITLE: Model 6b: Bifactor ESEM model (1 G- and 2 S-factors) correlated residuals.
  DATA:
  FILE = "semdatagr.dat";

  VARIABLE:
  NAMES =
    scsj1 scoi2 scch3 scis4 scsk5 scoi6 scch7 scsj8 scmi9 scch10 scsj11 scsk12
    scis13 scmi14 scch15 scsj16 scmi17 scis18 scsk19 scoi20 scsj21 scmi22 scsk23
    scoi24 scis25 scsk26
    ptgi_al ptgi_np ptgi_ps ptgi_sp ptgi_ro
    iesr_a iesr_i iesr_h
    cope_pa cope_po
    mspss_fa mspss_fr mspss_so
    neuro_na neuro_sr
    extra_pa extra_so extra_ac
    group
    ;

  MISSING = .;

  USEVARIABLES ARE
    scsj1 scoi2 scch3 scis4 scsk5 scoi6 scch7 scsj8 scmi9 scch10 scsj11 scsk12
    scis13 scmi14 scch15 scsj16 scmi17 scis18 scsk19 scoi20 scsj21 scmi22 scsk23
    scoi24 scis25 scsk26;

  ! Specifying that we're treating the variables as categorical.
  ! CATEGORICAL ARE all;

  ANALYSIS:
  ! Requesting the weighted least squares mean- and variance-adjusted estimator
  ESTIMATOR = MLR;
  PROCESSORS = 6;
  ROTATION = TARGET (ORTHOGONAL);

  MODEL:

  ! Global factor - other factors automatically uncorrelated with G by default.
  G BY
    scsk5 scsk12 scsk19 scsk23 scsk26
    scsj1 scsj8 scsj11 scsj16 scsj21
    scch3 scch7 scch10 scch15
    scis4 scis13 scis18 scis25
    scmi9 scmi14 scmi17 scmi22
    scoi2 scoi6 scoi20 scoi24 (*1);

  ! Specific factors
  P BY
    scsk5 scsk12 scsk19 scsk23 scsk26
    scsj1~0 scsj8~0 scsj11~0 scsj16~0 scsj21~0
    scch3 scch7 scch10 scch15
    scis4~0 scis13~0 scis18~0 scis25~0
    scmi9 scmi14 scmi17 scmi22
    scoi2~0 scoi6~0 scoi20~0 scoi24~0 (*1);

  N BY
    scsk5~0 scsk12~0 scsk19~0 scsk23~0 scsk26~0
    scsj1 scsj8 scsj11 scsj16 scsj21
    scch3~0 scch7~0 scch10~0 scch15~0
    scis4 scis13 scis18 scis25
    scmi9~0 scmi14~0 scmi17~0 scmi22~0
    scoi2 scoi6 scoi20 scoi24 (*1);

  ! Residual correlations
    SCCH10   WITH SCCH7;
    SCIS18   WITH SCIS13;
    SCSK19   WITH SCSK12;
    SCSK26   WITH SCSK23;

  ! Requesting standardized parameter estimates and modification indices
  OUTPUT:
  stdyx;
  MODINDICES (ALL);

  savedata:
    file is m6b_scores.txt;
    save = fscores;




INPUT READING TERMINATED NORMALLY



Model 6b: Bifactor ESEM model (1 G- and 2 S-factors) correlated residuals.

SUMMARY OF ANALYSIS

Number of groups                                                 1
Number of observations                                        1068

Number of dependent variables                                   26
Number of independent variables                                  0
Number of continuous latent variables                            3

Observed dependent variables

  Continuous
   SCSJ1       SCOI2       SCCH3       SCIS4       SCSK5       SCOI6
   SCCH7       SCSJ8       SCMI9       SCCH10      SCSJ11      SCSK12
   SCIS13      SCMI14      SCCH15      SCSJ16      SCMI17      SCIS18
   SCSK19      SCOI20      SCSJ21      SCMI22      SCSK23      SCOI24
   SCIS25      SCSK26

Continuous latent variables

  EFA factors
  *1:   G           P           N


Estimator                                                      MLR
Rotation                                                    TARGET
Row standardization                                    CORRELATION
Type of rotation                                        ORTHOGONAL
Information matrix                                        OBSERVED
Maximum number of iterations                                  1000
Convergence criterion                                    0.500D-04
Maximum number of steepest descent iterations                   20
Maximum number of iterations for H1                           2000
Convergence criterion for H1                             0.100D-03
Optimization Specifications for the Exploratory Factor Analysis
Rotation Algorithm
  Number of random starts                                       30
  Maximum number of iterations                             1000000
  Derivative convergence criterion                       0.100D-04

Input data file(s)
  semdatagr.dat

Input data format  FREE


SUMMARY OF DATA

     Number of missing data patterns             1


COVARIANCE COVERAGE OF DATA

Minimum covariance coverage value   0.100


     PROPORTION OF DATA PRESENT


           Covariance Coverage
              SCSJ1         SCOI2         SCCH3         SCIS4         SCSK5
              ________      ________      ________      ________      ________
 SCSJ1          1.000
 SCOI2          1.000         1.000
 SCCH3          1.000         1.000         1.000
 SCIS4          1.000         1.000         1.000         1.000
 SCSK5          1.000         1.000         1.000         1.000         1.000
 SCOI6          1.000         1.000         1.000         1.000         1.000
 SCCH7          1.000         1.000         1.000         1.000         1.000
 SCSJ8          1.000         1.000         1.000         1.000         1.000
 SCMI9          1.000         1.000         1.000         1.000         1.000
 SCCH10         1.000         1.000         1.000         1.000         1.000
 SCSJ11         1.000         1.000         1.000         1.000         1.000
 SCSK12         1.000         1.000         1.000         1.000         1.000
 SCIS13         1.000         1.000         1.000         1.000         1.000
 SCMI14         1.000         1.000         1.000         1.000         1.000
 SCCH15         1.000         1.000         1.000         1.000         1.000
 SCSJ16         1.000         1.000         1.000         1.000         1.000
 SCMI17         1.000         1.000         1.000         1.000         1.000
 SCIS18         1.000         1.000         1.000         1.000         1.000
 SCSK19         1.000         1.000         1.000         1.000         1.000
 SCOI20         1.000         1.000         1.000         1.000         1.000
 SCSJ21         1.000         1.000         1.000         1.000         1.000
 SCMI22         1.000         1.000         1.000         1.000         1.000
 SCSK23         1.000         1.000         1.000         1.000         1.000
 SCOI24         1.000         1.000         1.000         1.000         1.000
 SCIS25         1.000         1.000         1.000         1.000         1.000
 SCSK26         1.000         1.000         1.000         1.000         1.000


           Covariance Coverage
              SCOI6         SCCH7         SCSJ8         SCMI9         SCCH10
              ________      ________      ________      ________      ________
 SCOI6          1.000
 SCCH7          1.000         1.000
 SCSJ8          1.000         1.000         1.000
 SCMI9          1.000         1.000         1.000         1.000
 SCCH10         1.000         1.000         1.000         1.000         1.000
 SCSJ11         1.000         1.000         1.000         1.000         1.000
 SCSK12         1.000         1.000         1.000         1.000         1.000
 SCIS13         1.000         1.000         1.000         1.000         1.000
 SCMI14         1.000         1.000         1.000         1.000         1.000
 SCCH15         1.000         1.000         1.000         1.000         1.000
 SCSJ16         1.000         1.000         1.000         1.000         1.000
 SCMI17         1.000         1.000         1.000         1.000         1.000
 SCIS18         1.000         1.000         1.000         1.000         1.000
 SCSK19         1.000         1.000         1.000         1.000         1.000
 SCOI20         1.000         1.000         1.000         1.000         1.000
 SCSJ21         1.000         1.000         1.000         1.000         1.000
 SCMI22         1.000         1.000         1.000         1.000         1.000
 SCSK23         1.000         1.000         1.000         1.000         1.000
 SCOI24         1.000         1.000         1.000         1.000         1.000
 SCIS25         1.000         1.000         1.000         1.000         1.000
 SCSK26         1.000         1.000         1.000         1.000         1.000


           Covariance Coverage
              SCSJ11        SCSK12        SCIS13        SCMI14        SCCH15
              ________      ________      ________      ________      ________
 SCSJ11         1.000
 SCSK12         1.000         1.000
 SCIS13         1.000         1.000         1.000
 SCMI14         1.000         1.000         1.000         1.000
 SCCH15         1.000         1.000         1.000         1.000         1.000
 SCSJ16         1.000         1.000         1.000         1.000         1.000
 SCMI17         1.000         1.000         1.000         1.000         1.000
 SCIS18         1.000         1.000         1.000         1.000         1.000
 SCSK19         1.000         1.000         1.000         1.000         1.000
 SCOI20         1.000         1.000         1.000         1.000         1.000
 SCSJ21         1.000         1.000         1.000         1.000         1.000
 SCMI22         1.000         1.000         1.000         1.000         1.000
 SCSK23         1.000         1.000         1.000         1.000         1.000
 SCOI24         1.000         1.000         1.000         1.000         1.000
 SCIS25         1.000         1.000         1.000         1.000         1.000
 SCSK26         1.000         1.000         1.000         1.000         1.000


           Covariance Coverage
              SCSJ16        SCMI17        SCIS18        SCSK19        SCOI20
              ________      ________      ________      ________      ________
 SCSJ16         1.000
 SCMI17         1.000         1.000
 SCIS18         1.000         1.000         1.000
 SCSK19         1.000         1.000         1.000         1.000
 SCOI20         1.000         1.000         1.000         1.000         1.000
 SCSJ21         1.000         1.000         1.000         1.000         1.000
 SCMI22         1.000         1.000         1.000         1.000         1.000
 SCSK23         1.000         1.000         1.000         1.000         1.000
 SCOI24         1.000         1.000         1.000         1.000         1.000
 SCIS25         1.000         1.000         1.000         1.000         1.000
 SCSK26         1.000         1.000         1.000         1.000         1.000


           Covariance Coverage
              SCSJ21        SCMI22        SCSK23        SCOI24        SCIS25
              ________      ________      ________      ________      ________
 SCSJ21         1.000
 SCMI22         1.000         1.000
 SCSK23         1.000         1.000         1.000
 SCOI24         1.000         1.000         1.000         1.000
 SCIS25         1.000         1.000         1.000         1.000         1.000
 SCSK26         1.000         1.000         1.000         1.000         1.000


           Covariance Coverage
              SCSK26
              ________
 SCSK26         1.000



UNIVARIATE SAMPLE STATISTICS


     UNIVARIATE HIGHER-ORDER MOMENT DESCRIPTIVE STATISTICS

         Variable/         Mean/     Skewness/   Minimum/ % with                Percentiles
        Sample Size      Variance    Kurtosis    Maximum  Min/Max      20%/60%    40%/80%    Median

     SCSJ1                 3.726      -0.630       1.000    4.31%       3.000      4.000      4.000
            1068.000       1.212      -0.268       5.000   28.56%       4.000      5.000
     SCOI2                 2.782       0.176       1.000   23.50%       1.000      2.000      3.000
            1068.000       1.875      -1.212       5.000   14.04%       3.000      4.000
     SCCH3                 3.333      -0.340       1.000    6.27%       2.000      3.000      3.000
            1068.000       1.159      -0.443       5.000   13.58%       4.000      4.000
     SCIS4                 2.584       0.363       1.000   27.34%       1.000      2.000      2.000
            1068.000       1.773      -1.078       5.000   10.49%       3.000      4.000
     SCSK5                 2.857       0.140       1.000   13.76%       2.000      2.000      3.000
            1068.000       1.404      -0.855       5.000    9.93%       3.000      4.000
     SCOI6                 2.975       0.015       1.000   17.23%       2.000      3.000      3.000
            1068.000       1.766      -1.156       5.000   16.01%       3.000      4.000
     SCCH7                 2.613       0.297       1.000   22.75%       1.000      2.000      3.000
            1068.000       1.518      -0.895       5.000    8.15%       3.000      4.000
     SCSJ8                 2.983      -0.024       1.000   15.92%       2.000      3.000      3.000
            1068.000       1.661      -1.101       5.000   13.95%       3.000      4.000
     SCMI9                 3.465      -0.347       1.000    3.93%       3.000      3.000      4.000
            1068.000       1.073      -0.389       5.000   16.39%       4.000      4.000
     SCCH10                2.617       0.225       1.000   20.32%       1.000      2.000      3.000
            1068.000       1.349      -0.822       5.000    5.81%       3.000      4.000
     SCSJ11                2.846       0.123       1.000   17.04%       2.000      2.000      3.000
            1068.000       1.591      -1.042       5.000   11.42%       3.000      4.000
     SCSK12                2.687       0.284       1.000   16.10%       2.000      2.000      3.000
            1068.000       1.327      -0.735       5.000    7.30%       3.000      4.000
     SCIS13                2.845       0.058       1.000   21.44%       1.000      2.000      3.000
            1068.000       1.792      -1.226       5.000   12.36%       3.000      4.000
     SCMI14                3.446      -0.359       1.000    4.40%       3.000      3.000      4.000
            1068.000       1.118      -0.452       5.000   16.29%       4.000      4.000
     SCCH15                3.137      -0.136       1.000    8.99%       2.000      3.000      3.000
            1068.000       1.300      -0.731       5.000   12.27%       3.000      4.000
     SCSJ16                2.978      -0.037       1.000   16.48%       2.000      3.000      3.000
            1068.000       1.682      -1.131       5.000   13.67%       3.000      4.000
     SCMI17                3.268      -0.217       1.000    4.59%       2.000      3.000      3.000
            1068.000       1.035      -0.470       5.000   10.49%       4.000      4.000
     SCIS18                3.034      -0.104       1.000   16.01%       2.000      3.000      3.000
            1068.000       1.686      -1.111       5.000   14.51%       4.000      4.000
     SCSK19                2.772       0.181       1.000   14.51%       2.000      2.000      3.000
            1068.000       1.303      -0.723       5.000    7.77%       3.000      4.000
     SCOI20                2.630       0.311       1.000   22.66%       1.000      2.000      3.000
            1068.000       1.565      -0.909       5.000    9.18%       3.000      4.000
     SCSJ21                2.887       0.050       1.000   13.76%       2.000      3.000      3.000
            1068.000       1.378      -0.853       5.000    9.18%       3.000      4.000
     SCMI22                2.896       0.049       1.000   11.99%       2.000      3.000      3.000
            1068.000       1.279      -0.759       5.000    8.24%       3.000      4.000
     SCSK23                2.742       0.232       1.000   14.51%       2.000      2.000      3.000
            1068.000       1.297      -0.719       5.000    7.49%       3.000      4.000
     SCOI24                2.244       0.712       1.000   35.58%       1.000      2.000      2.000
            1068.000       1.501      -0.533       5.000    6.09%       2.000      3.000
     SCIS25                2.818       0.083       1.000   23.69%       1.000      2.000      3.000
            1068.000       1.862      -1.239       5.000   13.20%       3.000      4.000
     SCSK26                2.766       0.159       1.000   11.70%       2.000      2.000      3.000
            1068.000       1.131      -0.626       5.000    5.34%       3.000      4.000


THE MODEL ESTIMATION TERMINATED NORMALLY



MODEL FIT INFORMATION

Number of Free Parameters                      131

Loglikelihood

          H0 Value                      -37687.740
          H0 Scaling Correction Factor      1.1558
            for MLR
          H1 Value                      -37164.520
          H1 Scaling Correction Factor      1.1705
            for MLR

Information Criteria

          Akaike (AIC)                   75637.479
          Bayesian (BIC)                 76289.014
          Sample-Size Adjusted BIC       75872.934
            (n* = (n + 2) / 24)

Chi-Square Test of Model Fit

          Value                            888.044*
          Degrees of Freedom                   246
          P-Value                           0.0000
          Scaling Correction Factor         1.1784
            for MLR

*   The chi-square value for MLM, MLMV, MLR, ULSMV, WLSM and WLSMV cannot be used
    for chi-square difference testing in the regular way.  MLM, MLR and WLSM
    chi-square difference testing is described on the Mplus website.  MLMV, WLSMV,
    and ULSMV difference testing is done using the DIFFTEST option.

RMSEA (Root Mean Square Error Of Approximation)

          Estimate                           0.049
          90 Percent C.I.                    0.046  0.053
          Probability RMSEA <= .05           0.598

CFI/TLI

          CFI                                0.943
          TLI                                0.925

Chi-Square Test of Model Fit for the Baseline Model

          Value                          11627.737
          Degrees of Freedom                   325
          P-Value                           0.0000

SRMR (Standardized Root Mean Square Residual)

          Value                              0.029



MODEL RESULTS

                                                    Two-Tailed
                    Estimate       S.E.  Est./S.E.    P-Value

 G        BY
    SCSK5             -0.556      0.064     -8.662      0.000
    SCSK12            -0.542      0.056     -9.645      0.000
    SCSK19            -0.613      0.049    -12.525      0.000
    SCSK23            -0.583      0.051    -11.425      0.000
    SCSK26            -0.556      0.042    -13.235      0.000
    SCSJ1              0.567      0.054     10.486      0.000
    SCSJ8              0.789      0.072     11.032      0.000
    SCSJ11             0.727      0.071     10.311      0.000
    SCSJ16             0.744      0.073     10.142      0.000
    SCSJ21             0.597      0.050     11.887      0.000
    SCCH3              0.004      0.050      0.086      0.932
    SCCH7             -0.170      0.067     -2.532      0.011
    SCCH10            -0.120      0.061     -1.962      0.050
    SCCH15            -0.311      0.054     -5.720      0.000
    SCIS4              0.479      0.083      5.802      0.000
    SCIS13             0.318      0.080      3.991      0.000
    SCIS18             0.400      0.081      4.924      0.000
    SCIS25             0.465      0.083      5.590      0.000
    SCMI9              0.124      0.053      2.338      0.019
    SCMI14             0.007      0.064      0.115      0.909
    SCMI17            -0.168      0.057     -2.940      0.003
    SCMI22            -0.342      0.056     -6.066      0.000
    SCOI2              0.497      0.089      5.559      0.000
    SCOI6              0.506      0.084      6.006      0.000
    SCOI20             0.065      0.088      0.745      0.456
    SCOI24             0.143      0.077      1.870      0.061

 P        BY
    SCSK5              0.595      0.050     11.916      0.000
    SCSK12             0.610      0.045     13.488      0.000
    SCSK19             0.606      0.045     13.383      0.000
    SCSK23             0.464      0.042     11.120      0.000
    SCSK26             0.522      0.039     13.280      0.000
    SCSJ1              0.132      0.031      4.294      0.000
    SCSJ8              0.070      0.028      2.471      0.013
    SCSJ11             0.072      0.031      2.348      0.019
    SCSJ16             0.016      0.029      0.530      0.596
    SCSJ21             0.078      0.033      2.324      0.020
    SCCH3              0.507      0.039     13.101      0.000
    SCCH7              0.497      0.047     10.661      0.000
    SCCH10             0.595      0.040     14.778      0.000
    SCCH15             0.688      0.035     19.796      0.000
    SCIS4             -0.133      0.032     -4.214      0.000
    SCIS13            -0.121      0.033     -3.627      0.000
    SCIS18            -0.040      0.031     -1.273      0.203
    SCIS25            -0.106      0.031     -3.367      0.001
    SCMI9              0.608      0.038     15.974      0.000
    SCMI14             0.655      0.040     16.219      0.000
    SCMI17             0.639      0.032     20.045      0.000
    SCMI22             0.663      0.038     17.671      0.000
    SCOI2             -0.133      0.031     -4.236      0.000
    SCOI6             -0.069      0.030     -2.275      0.023
    SCOI20            -0.122      0.040     -3.060      0.002
    SCOI24            -0.162      0.035     -4.650      0.000

 N        BY
    SCSK5              0.215      0.037      5.772      0.000
    SCSK12             0.050      0.033      1.510      0.131
    SCSK19             0.019      0.037      0.511      0.609
    SCSK23            -0.185      0.046     -4.036      0.000
    SCSK26            -0.014      0.037     -0.383      0.702
    SCSJ1              0.373      0.063      5.904      0.000
    SCSJ8              0.598      0.082      7.269      0.000
    SCSJ11             0.600      0.074      8.085      0.000
    SCSJ16             0.629      0.075      8.424      0.000
    SCSJ21             0.383      0.062      6.226      0.000
    SCCH3              0.082      0.039      2.117      0.034
    SCCH7              0.289      0.038      7.684      0.000
    SCCH10             0.113      0.039      2.927      0.003
    SCCH15            -0.095      0.033     -2.846      0.004
    SCIS4              0.917      0.044     20.843      0.000
    SCIS13             0.860      0.039     21.807      0.000
    SCIS18             0.872      0.045     19.577      0.000
    SCIS25             0.942      0.045     20.935      0.000
    SCMI9             -0.164      0.036     -4.547      0.000
    SCMI14            -0.350      0.031    -11.282      0.000
    SCMI17            -0.322      0.028    -11.327      0.000
    SCMI22            -0.048      0.031     -1.513      0.130
    SCOI2              0.985      0.048     20.466      0.000
    SCOI6              0.934      0.048     19.552      0.000
    SCOI20             0.874      0.032     27.131      0.000
    SCOI24             0.806      0.035     22.969      0.000

 P        WITH
    G                  0.000      0.000    999.000    999.000

 N        WITH
    G                  0.000      0.000    999.000    999.000
    P                  0.000      0.000    999.000    999.000

 SCCH10   WITH
    SCCH7              0.504      0.043     11.724      0.000

 SCIS18   WITH
    SCIS13             0.376      0.037     10.164      0.000

 SCSK19   WITH
    SCSK12             0.207      0.035      5.963      0.000

 SCSK26   WITH
    SCSK23             0.179      0.032      5.650      0.000

 Intercepts
    SCSJ1              3.726      0.034    110.587      0.000
    SCOI2              2.782      0.042     66.398      0.000
    SCCH3              3.333      0.033    101.206      0.000
    SCIS4              2.584      0.041     63.429      0.000
    SCSK5              2.857      0.036     78.801      0.000
    SCOI6              2.975      0.041     73.149      0.000
    SCCH7              2.613      0.038     69.315      0.000
    SCSJ8              2.983      0.039     75.650      0.000
    SCMI9              3.465      0.032    109.340      0.000
    SCCH10             2.617      0.036     73.645      0.000
    SCSJ11             2.846      0.039     73.757      0.000
    SCSK12             2.687      0.035     76.228      0.000
    SCIS13             2.845      0.041     69.438      0.000
    SCMI14             3.446      0.032    106.506      0.000
    SCCH15             3.137      0.035     89.917      0.000
    SCSJ16             2.978      0.040     75.050      0.000
    SCMI17             3.268      0.031    104.970      0.000
    SCIS18             3.034      0.040     76.351      0.000
    SCSK19             2.772      0.035     79.371      0.000
    SCOI20             2.630      0.038     68.719      0.000
    SCSJ21             2.887      0.036     80.376      0.000
    SCMI22             2.896      0.035     83.703      0.000
    SCSK23             2.742      0.035     78.686      0.000
    SCOI24             2.244      0.037     59.865      0.000
    SCIS25             2.818      0.042     67.496      0.000
    SCSK26             2.766      0.033     85.010      0.000

 Variances
    G                  1.000      0.000    999.000    999.000
    P                  1.000      0.000    999.000    999.000
    N                  1.000      0.000    999.000    999.000

 Residual Variances
    SCSJ1              0.733      0.039     18.954      0.000
    SCOI2              0.640      0.040     16.159      0.000
    SCCH3              0.895      0.048     18.622      0.000
    SCIS4              0.684      0.038     17.790      0.000
    SCSK5              0.694      0.052     13.240      0.000
    SCOI6              0.632      0.034     18.592      0.000
    SCCH7              1.159      0.049     23.742      0.000
    SCSJ8              0.675      0.042     16.190      0.000
    SCMI9              0.661      0.044     14.930      0.000
    SCCH10             0.968      0.043     22.629      0.000
    SCSJ11             0.697      0.044     15.787      0.000
    SCSK12             0.658      0.042     15.725      0.000
    SCIS13             0.937      0.045     20.692      0.000
    SCMI14             0.566      0.046     12.228      0.000
    SCCH15             0.720      0.041     17.400      0.000
    SCSJ16             0.734      0.043     16.914      0.000
    SCMI17             0.495      0.033     14.976      0.000
    SCIS18             0.764      0.042     18.032      0.000
    SCSK19             0.559      0.041     13.707      0.000
    SCOI20             0.782      0.047     16.634      0.000
    SCSJ21             0.868      0.043     20.409      0.000
    SCMI22             0.720      0.038     19.028      0.000
    SCSK23             0.707      0.053     13.430      0.000
    SCOI24             0.804      0.043     18.779      0.000
    SCIS25             0.747      0.043     17.230      0.000
    SCSK26             0.549      0.038     14.400      0.000


QUALITY OF NUMERICAL RESULTS

     Condition Number for the Information Matrix              0.357E-02
       (ratio of smallest to largest eigenvalue)


STANDARDIZED MODEL RESULTS


STDYX Standardization

                                                    Two-Tailed
                    Estimate       S.E.  Est./S.E.    P-Value

 G        BY
    SCSK5             -0.469      0.053     -8.887      0.000
    SCSK12            -0.470      0.047    -10.011      0.000
    SCSK19            -0.537      0.041    -13.146      0.000
    SCSK23            -0.512      0.043    -11.864      0.000
    SCSK26            -0.523      0.037    -14.059      0.000
    SCSJ1              0.515      0.047     10.888      0.000
    SCSJ8              0.612      0.054     11.329      0.000
    SCSJ11             0.577      0.054     10.614      0.000
    SCSJ16             0.573      0.055     10.494      0.000
    SCSJ21             0.509      0.041     12.509      0.000
    SCCH3              0.004      0.047      0.086      0.932
    SCCH7             -0.138      0.054     -2.539      0.011
    SCCH10            -0.103      0.053     -1.960      0.050
    SCCH15            -0.273      0.047     -5.827      0.000
    SCIS4              0.360      0.061      5.911      0.000
    SCIS13             0.238      0.059      4.009      0.000
    SCIS18             0.308      0.062      4.973      0.000
    SCIS25             0.341      0.060      5.648      0.000
    SCMI9              0.119      0.051      2.344      0.019
    SCMI14             0.007      0.061      0.115      0.909
    SCMI17            -0.165      0.056     -2.967      0.003
    SCMI22            -0.302      0.049     -6.182      0.000
    SCOI2              0.363      0.065      5.614      0.000
    SCOI6              0.381      0.063      6.080      0.000
    SCOI20             0.052      0.070      0.746      0.456
    SCOI24             0.117      0.062      1.874      0.061

 P        BY
    SCSK5              0.502      0.041     12.329      0.000
    SCSK12             0.530      0.037     14.182      0.000
    SCSK19             0.531      0.038     13.963      0.000
    SCSK23             0.408      0.036     11.338      0.000
    SCSK26             0.491      0.036     13.791      0.000
    SCSJ1              0.120      0.028      4.319      0.000
    SCSJ8              0.055      0.022      2.474      0.013
    SCSJ11             0.057      0.024      2.349      0.019
    SCSJ16             0.012      0.023      0.530      0.596
    SCSJ21             0.066      0.028      2.332      0.020
    SCCH3              0.471      0.034     13.722      0.000
    SCCH7              0.403      0.036     11.167      0.000
    SCCH10             0.512      0.032     16.236      0.000
    SCCH15             0.604      0.028     21.933      0.000
    SCIS4             -0.100      0.024     -4.211      0.000
    SCIS13            -0.090      0.025     -3.632      0.000
    SCIS18            -0.031      0.024     -1.273      0.203
    SCIS25            -0.077      0.023     -3.364      0.001
    SCMI9              0.587      0.033     17.970      0.000
    SCMI14             0.620      0.035     17.867      0.000
    SCMI17             0.628      0.027     22.895      0.000
    SCMI22             0.586      0.030     19.277      0.000
    SCOI2             -0.097      0.023     -4.244      0.000
    SCOI6             -0.052      0.023     -2.279      0.023
    SCOI20            -0.097      0.032     -3.061      0.002
    SCOI24            -0.133      0.028     -4.672      0.000

 N        BY
    SCSK5              0.182      0.031      5.836      0.000
    SCSK12             0.043      0.029      1.510      0.131
    SCSK19             0.016      0.032      0.511      0.609
    SCSK23            -0.163      0.040     -4.021      0.000
    SCSK26            -0.013      0.035     -0.383      0.702
    SCSJ1              0.339      0.056      6.026      0.000
    SCSJ8              0.464      0.063      7.350      0.000
    SCSJ11             0.475      0.058      8.165      0.000
    SCSJ16             0.485      0.057      8.443      0.000
    SCSJ21             0.326      0.052      6.283      0.000
    SCCH3              0.076      0.036      2.131      0.033
    SCCH7              0.235      0.030      7.818      0.000
    SCCH10             0.097      0.033      2.934      0.003
    SCCH15            -0.083      0.029     -2.842      0.004
    SCIS4              0.689      0.031     21.914      0.000
    SCIS13             0.642      0.027     24.202      0.000
    SCIS18             0.672      0.032     20.994      0.000
    SCIS25             0.691      0.031     22.248      0.000
    SCMI9             -0.159      0.035     -4.558      0.000
    SCMI14            -0.331      0.028    -11.651      0.000
    SCMI17            -0.316      0.027    -11.694      0.000
    SCMI22            -0.042      0.028     -1.509      0.131
    SCOI2              0.719      0.033     21.517      0.000
    SCOI6              0.703      0.034     20.676      0.000
    SCOI20             0.699      0.021     33.112      0.000
    SCOI24             0.658      0.023     28.718      0.000

 P        WITH
    G                  0.000      0.000    999.000    999.000

 N        WITH
    G                  0.000      0.000    999.000    999.000
    P                  0.000      0.000    999.000    999.000

 SCCH10   WITH
    SCCH7              0.476      0.031     15.528      0.000

 SCIS18   WITH
    SCIS13             0.444      0.032     13.778      0.000

 SCSK19   WITH
    SCSK12             0.341      0.045      7.614      0.000

 SCSK26   WITH
    SCSK23             0.287      0.043      6.640      0.000

 Intercepts
    SCSJ1              3.384      0.087     38.883      0.000
    SCOI2              2.032      0.037     55.030      0.000
    SCCH3              3.097      0.074     42.072      0.000
    SCIS4              1.941      0.033     58.784      0.000
    SCSK5              2.411      0.047     51.650      0.000
    SCOI6              2.238      0.044     51.427      0.000
    SCCH7              2.121      0.039     54.588      0.000
    SCSJ8              2.315      0.046     50.322      0.000
    SCMI9              3.346      0.079     42.334      0.000
    SCCH10             2.254      0.043     52.221      0.000
    SCSJ11             2.257      0.043     52.899      0.000
    SCSK12             2.333      0.044     53.153      0.000
    SCIS13             2.125      0.040     52.484      0.000
    SCMI14             3.259      0.077     42.503      0.000
    SCCH15             2.751      0.059     46.260      0.000
    SCSJ16             2.296      0.046     50.239      0.000
    SCMI17             3.212      0.073     44.180      0.000
    SCIS18             2.336      0.048     48.735      0.000
    SCSK19             2.429      0.048     50.774      0.000
    SCOI20             2.103      0.038     55.146      0.000
    SCSJ21             2.459      0.049     49.747      0.000
    SCMI22             2.561      0.052     49.076      0.000
    SCSK23             2.408      0.046     51.912      0.000
    SCOI24             1.832      0.029     62.170      0.000
    SCIS25             2.065      0.039     52.698      0.000
    SCSK26             2.601      0.052     49.824      0.000

 Variances
    G                  1.000      0.000    999.000    999.000
    P                  1.000      0.000    999.000    999.000
    N                  1.000      0.000    999.000    999.000

 Residual Variances
    SCSJ1              0.605      0.028     21.342      0.000
    SCOI2              0.341      0.022     15.714      0.000
    SCCH3              0.772      0.032     24.427      0.000
    SCIS4              0.386      0.023     17.023      0.000
    SCSK5              0.495      0.038     13.081      0.000
    SCOI6              0.358      0.021     17.354      0.000
    SCCH7              0.764      0.028     27.373      0.000
    SCSJ8              0.407      0.026     15.438      0.000
    SCMI9              0.616      0.039     15.792      0.000
    SCCH10             0.717      0.028     25.296      0.000
    SCSJ11             0.438      0.028     15.449      0.000
    SCSK12             0.496      0.032     15.387      0.000
    SCIS13             0.523      0.026     20.180      0.000
    SCMI14             0.506      0.040     12.625      0.000
    SCCH15             0.554      0.030     18.330      0.000
    SCSJ16             0.436      0.027     16.424      0.000
    SCMI17             0.479      0.031     15.332      0.000
    SCIS18             0.453      0.026     17.455      0.000
    SCSK19             0.429      0.031     13.717      0.000
    SCOI20             0.500      0.029     17.089      0.000
    SCSJ21             0.630      0.029     21.431      0.000
    SCMI22             0.563      0.029     19.694      0.000
    SCSK23             0.545      0.037     14.591      0.000
    SCOI24             0.536      0.028     19.374      0.000
    SCIS25             0.401      0.024     16.698      0.000
    SCSK26             0.485      0.032     14.992      0.000


R-SQUARE

    Observed                                        Two-Tailed
    Variable        Estimate       S.E.  Est./S.E.    P-Value

    SCSJ1              0.395      0.028     13.941      0.000
    SCOI2              0.659      0.022     30.347      0.000
    SCCH3              0.228      0.032      7.207      0.000
    SCIS4              0.614      0.023     27.075      0.000
    SCSK5              0.505      0.038     13.370      0.000
    SCOI6              0.642      0.021     31.140      0.000
    SCCH7              0.236      0.028      8.478      0.000
    SCSJ8              0.593      0.026     22.523      0.000
    SCMI9              0.384      0.039      9.849      0.000
    SCCH10             0.283      0.028      9.964      0.000
    SCSJ11             0.562      0.028     19.824      0.000
    SCSK12             0.504      0.032     15.632      0.000
    SCIS13             0.477      0.026     18.411      0.000
    SCMI14             0.494      0.040     12.326      0.000
    SCCH15             0.446      0.030     14.742      0.000
    SCSJ16             0.564      0.027     21.235      0.000
    SCMI17             0.521      0.031     16.702      0.000
    SCIS18             0.547      0.026     21.093      0.000
    SCSK19             0.571      0.031     18.255      0.000
    SCOI20             0.500      0.029     17.111      0.000
    SCSJ21             0.370      0.029     12.578      0.000
    SCMI22             0.437      0.029     15.274      0.000
    SCSK23             0.455      0.037     12.163      0.000
    SCOI24             0.464      0.028     16.794      0.000
    SCIS25             0.599      0.024     24.939      0.000
    SCSK26             0.515      0.032     15.891      0.000


MODEL MODIFICATION INDICES

Minimum M.I. value for printing the modification index    10.000

                                   M.I.     E.P.C.  Std E.P.C.  StdYX E.P.C.

ON Statements

SCSJ1    ON SCSK12                14.075     0.151      0.151        0.158
SCSJ1    ON SCIS13                14.284    -0.122     -0.122       -0.148
SCOI2    ON SCIS4                 19.197     0.166      0.166        0.162
SCOI2    ON SCOI24                12.734     0.124      0.124        0.111
SCCH3    ON SCCH7                 15.098     0.120      0.120        0.138
SCCH3    ON SCCH10                11.764     0.117      0.117        0.127
SCCH3    ON SCCH15                20.447     0.184      0.184        0.195
SCCH3    ON SCSJ16                16.923    -0.167     -0.167       -0.201
SCCH3    ON SCSK19                15.473    -0.191     -0.191       -0.203
SCIS4    ON SCOI2                 19.197     0.178      0.178        0.183
SCIS4    ON SCIS13                15.045     0.124      0.124        0.125
SCIS4    ON SCOI20                11.078    -0.122     -0.122       -0.115
SCSK5    ON SCSK12                62.313     0.354      0.354        0.344
SCSK5    ON SCCH15                16.246    -0.158     -0.158       -0.152
SCSK5    ON SCMI17                16.057    -0.192     -0.192       -0.165
SCSK5    ON SCSK19                68.295     0.422      0.422        0.406
SCSK5    ON SCSK23                22.001    -0.190     -0.190       -0.182
SCOI6    ON SCIS25                19.229     0.156      0.156        0.161
SCSJ8    ON SCMI14                27.635    -0.240     -0.240       -0.197
SCSJ8    ON SCSJ16                17.905     0.165      0.165        0.166
SCSJ8    ON SCIS18                10.055    -0.115     -0.115       -0.116
SCSJ8    ON SCSJ21                20.663     0.156      0.156        0.143
SCMI9    ON SCIS13                11.095     0.106      0.106        0.137
SCMI9    ON SCMI14                48.373     0.332      0.332        0.339
SCMI9    ON SCCH15                16.459    -0.152     -0.152       -0.167
SCCH10   ON SCSJ11                22.918     0.181      0.181        0.196
SCSJ11   ON SCCH10                21.934     0.147      0.147        0.136
SCSJ11   ON SCSK23                11.031    -0.125     -0.125       -0.113
SCSK12   ON SCSJ1                 11.069     0.107      0.107        0.103
SCSK12   ON SCSK5                 26.245     0.189      0.189        0.195
SCSK12   ON SCMI22                15.865     0.133      0.133        0.130
SCSK12   ON SCSK23                11.980    -0.117     -0.117       -0.115
SCSK12   ON SCSK26                10.863    -0.133     -0.133       -0.123
SCIS13   ON SCSJ1                 11.117    -0.120     -0.120       -0.099
SCIS13   ON SCIS4                 13.051     0.137      0.137        0.136
SCIS13   ON SCSJ16                10.435    -0.118     -0.118       -0.115
SCIS13   ON SCMI22                20.743    -0.166     -0.166       -0.140
SCMI14   ON SCCH7                 22.797    -0.129     -0.129       -0.150
SCMI14   ON SCSJ8                 27.633    -0.201     -0.201       -0.245
SCMI14   ON SCMI9                 48.372     0.284      0.284        0.278
SCMI14   ON SCCH10                24.831    -0.149     -0.149       -0.164
SCMI14   ON SCMI17                16.338     0.190      0.190        0.182
SCCH15   ON SCCH3                 20.445     0.148      0.148        0.140
SCCH15   ON SCSK5                 16.247    -0.164     -0.164       -0.171
SCCH15   ON SCCH7                 13.472     0.105      0.105        0.114
SCCH15   ON SCMI9                 16.459    -0.165     -0.165       -0.150
SCCH15   ON SCCH10                17.945     0.134      0.134        0.137
SCCH15   ON SCSK12                13.167    -0.149     -0.149       -0.151
SCCH15   ON SCSK19                12.133    -0.161     -0.161       -0.161
SCCH15   ON SCSK23                17.689     0.159      0.159        0.159
SCCH15   ON SCSK26                11.253     0.150      0.150        0.140
SCSJ16   ON SCCH3                 16.923    -0.137     -0.137       -0.113
SCSJ16   ON SCSJ8                 17.907     0.180      0.180        0.179
SCSJ16   ON SCSK23                19.061    -0.168     -0.168       -0.147
SCMI17   ON SCSK5                 16.060    -0.137     -0.137       -0.160
SCMI17   ON SCMI14                16.339     0.166      0.166        0.173
SCIS18   ON SCSJ16                16.410     0.135      0.135        0.135
SCSK19   ON SCCH3                 11.400    -0.091     -0.091       -0.086
SCSK19   ON SCSK5                 28.273     0.189      0.189        0.196
SCOI20   ON SCIS4                 11.076    -0.139     -0.139       -0.148
SCOI20   ON SCMI22                12.625     0.141      0.141        0.127
SCSJ21   ON SCSJ8                 20.666     0.201      0.201        0.221
SCMI22   ON SCSK12                12.164     0.144      0.144        0.146
SCMI22   ON SCIS13                31.091    -0.179     -0.179       -0.211
SCMI22   ON SCOI20                12.626     0.130      0.130        0.144
SCMI22   ON SCSK23                10.802     0.125      0.125        0.125
SCSK23   ON SCSK5                 18.041    -0.160     -0.160       -0.167
SCSK23   ON SCCH15                10.996     0.114      0.114        0.114
SCSK23   ON SCSJ16                16.478    -0.140     -0.140       -0.159
SCSK23   ON SCMI22                10.059     0.109      0.109        0.109
SCOI24   ON SCOI2                 12.735     0.155      0.155        0.174
SCIS25   ON SCOI6                 19.229     0.185      0.185        0.180

WITH Statements

SCIS4    WITH SCOI2               19.198     0.114      0.114        0.172
SCSJ11   WITH SCCH10              22.920     0.126      0.126        0.153
SCSK12   WITH SCSJ1               11.069     0.079      0.079        0.113
SCSK12   WITH SCSK5               26.242     0.132      0.132        0.195
SCIS13   WITH SCSJ1               11.117    -0.088     -0.088       -0.106
SCIS13   WITH SCIS4               13.051     0.094      0.094        0.117
SCMI14   WITH SCSJ8               27.632    -0.136     -0.136       -0.220
SCMI14   WITH SCMI9               48.372     0.188      0.188        0.307
SCCH15   WITH SCCH3               20.445     0.132      0.132        0.165
SCCH15   WITH SCSK5               16.248    -0.114     -0.114       -0.161
SCCH15   WITH SCMI9               16.459    -0.109     -0.109       -0.158
SCSJ16   WITH SCCH3               16.924    -0.122     -0.122       -0.151
SCSJ16   WITH SCSJ8               17.906     0.121      0.121        0.172
SCSJ16   WITH SCIS13              10.435    -0.087     -0.087       -0.105
SCMI17   WITH SCSK5               16.059    -0.095     -0.095       -0.162
SCMI17   WITH SCMI14              16.338     0.094      0.094        0.177
SCIS18   WITH SCSJ16              16.411     0.099      0.099        0.133
SCSK19   WITH SCCH3               11.400    -0.082     -0.082       -0.116
SCSK19   WITH SCSK5               28.272     0.131      0.131        0.210
SCOI20   WITH SCIS4               11.076    -0.095     -0.095       -0.130
SCSJ21   WITH SCSJ8               20.665     0.136      0.136        0.177
SCMI22   WITH SCSK12              15.863     0.096      0.096        0.139
SCMI22   WITH SCIS13              20.742    -0.119     -0.119       -0.145
SCMI22   WITH SCOI20              12.625     0.102      0.102        0.135
SCSK23   WITH SCSK5               18.038    -0.111     -0.111       -0.159
SCSK23   WITH SCCH15              10.998     0.082      0.082        0.115
SCSK23   WITH SCSJ16              16.479    -0.102     -0.102       -0.142
SCSK23   WITH SCMI22              10.061     0.079      0.079        0.110
SCOI24   WITH SCOI2               12.736     0.099      0.099        0.139
SCIS25   WITH SCOI6               19.230     0.117      0.117        0.170


SAMPLE STATISTICS FOR ESTIMATED FACTOR SCORES


     SAMPLE STATISTICS


           Means
              G             G_SE          P             P_SE          N
              ________      ________      ________      ________      ________
                0.000         0.456         0.000         0.398         0.000


           Means
              N_SE
              ________
                0.361


           Covariances
              G             G_SE          P             P_SE          N
              ________      ________      ________      ________      ________
 G              0.792
 G_SE           0.000         0.000
 P             -0.062         0.000         0.841
 P_SE           0.000         0.000         0.000         0.000
 N              0.096         0.000         0.010         0.000         0.870
 N_SE           0.000         0.000         0.000         0.000         0.000


           Covariances
              N_SE
              ________
 N_SE           0.000


           Correlations
              G             G_SE          P             P_SE          N
              ________      ________      ________      ________      ________
 G              1.000
 G_SE         999.000         1.000
 P             -0.076       999.000         1.000
 P_SE         999.000       999.000       999.000         1.000
 N              0.116       999.000         0.012       999.000         1.000
 N_SE         999.000       999.000       999.000       999.000       999.000


           Correlations
              N_SE
              ________
 N_SE           1.000


SAVEDATA INFORMATION


  Save file
    m6b_scores.txt

  Order and format of variables

    SCSJ1          F10.3
    SCOI2          F10.3
    SCCH3          F10.3
    SCIS4          F10.3
    SCSK5          F10.3
    SCOI6          F10.3
    SCCH7          F10.3
    SCSJ8          F10.3
    SCMI9          F10.3
    SCCH10         F10.3
    SCSJ11         F10.3
    SCSK12         F10.3
    SCIS13         F10.3
    SCMI14         F10.3
    SCCH15         F10.3
    SCSJ16         F10.3
    SCMI17         F10.3
    SCIS18         F10.3
    SCSK19         F10.3
    SCOI20         F10.3
    SCSJ21         F10.3
    SCMI22         F10.3
    SCSK23         F10.3
    SCOI24         F10.3
    SCIS25         F10.3
    SCSK26         F10.3
    G              F10.3
    G_SE           F10.3
    P              F10.3
    P_SE           F10.3
    N              F10.3
    N_SE           F10.3

  Save file format
    32F10.3

  Save file record length    10000

  Save missing symbol        *


     Beginning Time:  07:33:34
        Ending Time:  07:33:35
       Elapsed Time:  00:00:01



MUTHEN & MUTHEN
3463 Stoner Ave.
Los Angeles, CA  90066

Tel: (310) 391-9971
Fax: (310) 391-8971
Web: www.StatModel.com
Support: Support@StatModel.com

Copyright (c) 1998-2021 Muthen & Muthen
