Mplus VERSION 8.6 (Mac)
MUTHEN & MUTHEN
10/27/2022   6:38 AM

INPUT INSTRUCTIONS

  TITLE: Monte Carlo simulation for testing factor covariance
  MONTECARLO:
     NAMES =
             ptgi_al ptgi_np ptgi_ps ptgi_sp ptgi_ro

             ;
  NOBSERVATIONS = 100;
  NREPS = 10000;
  SEED = 12345;
  MODEL POPULATION:
    [

    ptgi_al@0 ptgi_np@0 ptgi_ps@0 ptgi_sp@0 ptgi_ro@0

    ];

  PTGI BY ptgi_al@.7 ptgi_np@.7 ptgi_ps@.7 ptgi_sp@.7 ptgi_ro@.7;
  PTGI@1;
  ptgi_al@.49 ptgi_np@.49 ptgi_ps@.49 ptgi_sp@.49 ptgi_ro@.49;


  MODEL:
    [

    ptgi_al*0 ptgi_np*0 ptgi_ps*0 ptgi_sp*0 ptgi_ro*0

    ];

  PTGI BY ptgi_al*.7 ptgi_np*.7 ptgi_ps*.7 ptgi_sp*.7 ptgi_ro*.7;
  PTGI@1;
  ptgi_al*.49 ptgi_np*.49 ptgi_ps*.49 ptgi_sp*.49 ptgi_ro*.49;


  OUTPUT: TECH9;



INPUT READING TERMINATED NORMALLY



Monte Carlo simulation for testing factor covariance

SUMMARY OF ANALYSIS

Number of groups                                                 1
Number of observations                                         100

Number of replications
    Requested                                                10000
    Completed                                                10000
Value of seed                                                12345

Number of dependent variables                                    5
Number of independent variables                                  0
Number of continuous latent variables                            1

Observed dependent variables

  Continuous
   PTGI_AL     PTGI_NP     PTGI_PS     PTGI_SP     PTGI_RO

Continuous latent variables
   PTGI


Estimator                                                       ML
Information matrix                                        OBSERVED
Maximum number of iterations                                  1000
Convergence criterion                                    0.500D-04
Maximum number of steepest descent iterations                   20



SAMPLE STATISTICS FOR THE FIRST REPLICATION


     SAMPLE STATISTICS


           Means
              PTGI_AL       PTGI_NP       PTGI_PS       PTGI_SP       PTGI_RO
              ________      ________      ________      ________      ________
               -0.074         0.066        -0.048         0.108         0.013


           Covariances
              PTGI_AL       PTGI_NP       PTGI_PS       PTGI_SP       PTGI_RO
              ________      ________      ________      ________      ________
 PTGI_AL        0.928
 PTGI_NP        0.432         0.920
 PTGI_PS        0.459         0.379         0.952
 PTGI_SP        0.538         0.452         0.485         0.998
 PTGI_RO        0.487         0.357         0.435         0.441         0.920


           Correlations
              PTGI_AL       PTGI_NP       PTGI_PS       PTGI_SP       PTGI_RO
              ________      ________      ________      ________      ________
 PTGI_AL        1.000
 PTGI_NP        0.467         1.000
 PTGI_PS        0.488         0.405         1.000
 PTGI_SP        0.559         0.472         0.498         1.000
 PTGI_RO        0.526         0.388         0.465         0.460         1.000


MODEL FIT INFORMATION

Number of Free Parameters                       15

Loglikelihood

    H0 Value

        Mean                              -612.847
        Std Dev                             16.176
        Number of successful computations    10000

             Proportions                   Percentiles
        Expected    Observed         Expected       Observed
           0.990       0.991         -650.476       -649.781
           0.980       0.982         -646.067       -645.471
           0.950       0.951         -639.454       -639.209
           0.900       0.903         -633.578       -633.325
           0.800       0.800         -626.460       -626.455
           0.700       0.696         -621.329       -621.532
           0.500       0.490         -612.847       -613.236
           0.300       0.297         -604.364       -604.543
           0.200       0.203         -599.233       -599.048
           0.100       0.102         -592.116       -591.739
           0.050       0.052         -586.240       -585.987
           0.020       0.021         -579.627       -579.262
           0.010       0.012         -575.218       -573.840

    H1 Value

        Mean                              -610.245
        Std Dev                             16.248
        Number of successful computations    10000

             Proportions                   Percentiles
        Expected    Observed         Expected       Observed
           0.990       0.991         -648.044       -647.324
           0.980       0.982         -643.614       -643.183
           0.950       0.953         -636.972       -636.576
           0.900       0.903         -631.069       -630.833
           0.800       0.801         -623.919       -623.873
           0.700       0.697         -618.765       -618.916
           0.500       0.487         -610.245       -610.798
           0.300       0.296         -601.724       -601.916
           0.200       0.202         -596.570       -596.468
           0.100       0.105         -589.421       -588.980
           0.050       0.051         -583.518       -583.430
           0.020       0.021         -576.875       -576.439
           0.010       0.013         -572.446       -570.685

Information Criteria

    Akaike (AIC)

        Mean                              1255.694
        Std Dev                             32.351
        Number of successful computations    10000

             Proportions                   Percentiles
        Expected    Observed         Expected       Observed
           0.990       0.988         1180.435       1177.597
           0.980       0.979         1189.254       1188.497
           0.950       0.948         1202.479       1201.969
           0.900       0.898         1214.232       1213.456
           0.800       0.797         1228.467       1228.037
           0.700       0.703         1238.729       1239.084
           0.500       0.510         1255.694       1256.464
           0.300       0.304         1272.659       1273.031
           0.200       0.200         1282.921       1282.899
           0.100       0.097         1297.155       1296.620
           0.050       0.049         1308.908       1308.399
           0.020       0.018         1322.134       1320.823
           0.010       0.009         1330.953       1329.561

    Bayesian (BIC)

        Mean                              1294.771
        Std Dev                             32.351
        Number of successful computations    10000

             Proportions                   Percentiles
        Expected    Observed         Expected       Observed
           0.990       0.988         1219.513       1216.674
           0.980       0.979         1228.332       1227.574
           0.950       0.948         1241.557       1241.047
           0.900       0.898         1253.310       1252.533
           0.800       0.797         1267.544       1267.115
           0.700       0.703         1277.806       1278.162
           0.500       0.510         1294.771       1295.542
           0.300       0.304         1311.736       1312.109
           0.200       0.200         1321.998       1321.976
           0.100       0.097         1336.233       1335.698
           0.050       0.049         1347.986       1347.476
           0.020       0.018         1361.211       1359.900
           0.010       0.009         1370.030       1368.638

    Sample-Size Adjusted BIC (n* = (n + 2) / 24)

        Mean                              1247.398
        Std Dev                             32.351
        Number of successful computations    10000

             Proportions                   Percentiles
        Expected    Observed         Expected       Observed
           0.990       0.988         1172.139       1169.300
           0.980       0.979         1180.958       1180.201
           0.950       0.948         1194.183       1193.673
           0.900       0.898         1205.936       1205.160
           0.800       0.797         1220.171       1219.741
           0.700       0.703         1230.433       1230.788
           0.500       0.510         1247.398       1248.168
           0.300       0.304         1264.363       1264.735
           0.200       0.200         1274.624       1274.602
           0.100       0.097         1288.859       1288.324
           0.050       0.049         1300.612       1300.102
           0.020       0.018         1313.837       1312.526
           0.010       0.009         1322.656       1321.265

Chi-Square Test of Model Fit

        Degrees of freedom                       5

        Mean                                 5.204
        Std Dev                              3.277
        Number of successful computations    10000

             Proportions                   Percentiles
        Expected    Observed         Expected       Observed
           0.990       0.991            0.554          0.572
           0.980       0.981            0.752          0.772
           0.950       0.953            1.145          1.186
           0.900       0.905            1.610          1.659
           0.800       0.814            2.343          2.438
           0.700       0.719            3.000          3.143
           0.500       0.527            4.351          4.570
           0.300       0.324            6.064          6.304
           0.200       0.221            7.289          7.561
           0.100       0.114            9.236          9.601
           0.050       0.059           11.070         11.598
           0.020       0.023           13.388         13.707
           0.010       0.011           15.086         15.383

RMSEA (Root Mean Square Error Of Approximation)

        Mean                                 0.031
        Std Dev                              0.042
        Number of successful computations    10000

        Cumulative Distribution Function
           Value    Function Value
           0.990       1.000
           0.980       1.000
           0.950       1.000
           0.900       1.000
           0.800       1.000
           0.700       1.000
           0.500       1.000
           0.300       1.000
           0.200       1.000
           0.100       0.914
           0.050       0.696
           0.020       0.580
           0.010       0.564

CFI/TLI

    CFI

        Mean                                 0.992
        Std Dev                              0.015
        Number of successful computations    10000

        Cumulative Distribution Function
           Value    Function Value
           0.990       0.268
           0.980       0.153
           0.950       0.024
           0.900       0.001
           0.800       0.000
           0.700       0.000
           0.500       0.000
           0.300       0.000
           0.200       0.000
           0.100       0.000
           0.050       0.000
           0.020       0.000
           0.010       0.000

    TLI

        Mean                                 0.984
        Std Dev                              0.029
        Number of successful computations    10000

        Cumulative Distribution Function
           Value    Function Value
           0.990       0.349
           0.980       0.268
           0.950       0.117
           0.900       0.024
           0.800       0.001
           0.700       0.000
           0.500       0.000
           0.300       0.000
           0.200       0.000
           0.100       0.000
           0.050       0.000
           0.020       0.000
           0.010       0.000

SRMR (Standardized Root Mean Square Residual)

        Mean                                 0.024
        Std Dev                              0.008
        Number of successful computations    10000

        Cumulative Distribution Function
           Value    Function Value
           0.990       1.000
           0.980       1.000
           0.950       1.000
           0.900       1.000
           0.800       1.000
           0.700       1.000
           0.500       1.000
           0.300       1.000
           0.200       1.000
           0.100       1.000
           0.050       0.996
           0.020       0.314
           0.010       0.023


MODEL RESULTS

                              ESTIMATES              S. E.     M. S. E.  95%  % Sig
                 Population   Average   Std. Dev.   Average             Cover Coeff

 PTGI     BY
  PTGI_AL             0.700     0.6941     0.0940     0.0928     0.0089 0.945 1.000
  PTGI_NP             0.700     0.6952     0.0954     0.0929     0.0091 0.943 1.000
  PTGI_PS             0.700     0.6942     0.0945     0.0929     0.0090 0.945 1.000
  PTGI_SP             0.700     0.6956     0.0948     0.0929     0.0090 0.944 1.000
  PTGI_RO             0.700     0.6927     0.0955     0.0930     0.0092 0.941 1.000

 Intercepts
  PTGI_AL             0.000    -0.0008     0.0989     0.0981     0.0098 0.946 0.054
  PTGI_NP             0.000     0.0009     0.0982     0.0982     0.0096 0.946 0.054
  PTGI_PS             0.000     0.0001     0.0992     0.0982     0.0098 0.944 0.056
  PTGI_SP             0.000     0.0013     0.0992     0.0983     0.0098 0.945 0.055
  PTGI_RO             0.000     0.0006     0.0977     0.0982     0.0095 0.948 0.052

 Variances
  PTGI                1.000     1.0000     0.0000     0.0000     0.0000 1.000 0.000

 Residual Variances
  PTGI_AL             0.490     0.4771     0.0870     0.0855     0.0077 0.929 1.000
  PTGI_NP             0.490     0.4771     0.0861     0.0856     0.0076 0.931 1.000
  PTGI_PS             0.490     0.4784     0.0881     0.0857     0.0079 0.927 1.000
  PTGI_SP             0.490     0.4778     0.0870     0.0857     0.0077 0.927 1.000
  PTGI_RO             0.490     0.4806     0.0880     0.0859     0.0078 0.931 1.000


QUALITY OF NUMERICAL RESULTS

     Average Condition Number for the Information Matrix      0.119E+00
       (ratio of smallest to largest eigenvalue)


TECHNICAL OUTPUT


     PARAMETER SPECIFICATION


           NU
              PTGI_AL       PTGI_NP       PTGI_PS       PTGI_SP       PTGI_RO
              ________      ________      ________      ________      ________
                  1             2             3             4             5


           LAMBDA
              PTGI
              ________
 PTGI_AL            6
 PTGI_NP            7
 PTGI_PS            8
 PTGI_SP            9
 PTGI_RO           10


           THETA
              PTGI_AL       PTGI_NP       PTGI_PS       PTGI_SP       PTGI_RO
              ________      ________      ________      ________      ________
 PTGI_AL           11
 PTGI_NP            0            12
 PTGI_PS            0             0            13
 PTGI_SP            0             0             0            14
 PTGI_RO            0             0             0             0            15


           ALPHA
              PTGI
              ________
                  0


           BETA
              PTGI
              ________
 PTGI               0


           PSI
              PTGI
              ________
 PTGI               0


     STARTING VALUES


           NU
              PTGI_AL       PTGI_NP       PTGI_PS       PTGI_SP       PTGI_RO
              ________      ________      ________      ________      ________
                0.000         0.000         0.000         0.000         0.000


           LAMBDA
              PTGI
              ________
 PTGI_AL        0.700
 PTGI_NP        0.700
 PTGI_PS        0.700
 PTGI_SP        0.700
 PTGI_RO        0.700


           THETA
              PTGI_AL       PTGI_NP       PTGI_PS       PTGI_SP       PTGI_RO
              ________      ________      ________      ________      ________
 PTGI_AL        0.490
 PTGI_NP        0.000         0.490
 PTGI_PS        0.000         0.000         0.490
 PTGI_SP        0.000         0.000         0.000         0.490
 PTGI_RO        0.000         0.000         0.000         0.000         0.490


           ALPHA
              PTGI
              ________
                0.000


           BETA
              PTGI
              ________
 PTGI           0.000


           PSI
              PTGI
              ________
 PTGI           1.000


     POPULATION VALUES


           NU
              PTGI_AL       PTGI_NP       PTGI_PS       PTGI_SP       PTGI_RO
              ________      ________      ________      ________      ________
                0.000         0.000         0.000         0.000         0.000


           LAMBDA
              PTGI
              ________
 PTGI_AL        0.700
 PTGI_NP        0.700
 PTGI_PS        0.700
 PTGI_SP        0.700
 PTGI_RO        0.700


           THETA
              PTGI_AL       PTGI_NP       PTGI_PS       PTGI_SP       PTGI_RO
              ________      ________      ________      ________      ________
 PTGI_AL        0.490
 PTGI_NP        0.000         0.490
 PTGI_PS        0.000         0.000         0.490
 PTGI_SP        0.000         0.000         0.000         0.490
 PTGI_RO        0.000         0.000         0.000         0.000         0.490


           ALPHA
              PTGI
              ________
                0.000


           BETA
              PTGI
              ________
 PTGI           0.000


           PSI
              PTGI
              ________
 PTGI           1.000


TECHNICAL 9 OUTPUT

  Error messages for each replication (if any)



     Beginning Time:  06:38:04
        Ending Time:  06:38:09
       Elapsed Time:  00:00:05



MUTHEN & MUTHEN
3463 Stoner Ave.
Los Angeles, CA  90066

Tel: (310) 391-9971
Fax: (310) 391-8971
Web: www.StatModel.com
Support: Support@StatModel.com

Copyright (c) 1998-2021 Muthen & Muthen
