Mplus VERSION 8.6 (Mac)
MUTHEN & MUTHEN
10/27/2022   6:56 AM

INPUT INSTRUCTIONS

  TITLE: Monte Carlo simulation for testing factor covariance
  MONTECARLO:
     NAMES = sk ch mi sj is oi
             ptgi_al ptgi_np ptgi_ps ptgi_sp ptgi_ro
             cope_pa cope_po
             iesr_a iesr_i iesr_h
             ;
  NOBSERVATIONS = 500;
  NREPS = 10000;
  SEED = 12345;
  MODEL POPULATION:
    [
    sk@0 ch@0 mi@0 sj@0 is@0 oi@0
    ptgi_al@0 ptgi_np@0 ptgi_ps@0 ptgi_sp@0 ptgi_ro@0
    iesr_a@0 iesr_i@0 iesr_h@0
    cope_pa@0 cope_po@0
    ];
  P BY sk@.7 ch@.7 mi@.7;
  P@1;
  N BY sj@.8 is@.8 oi@.8;
  N@1;
  sk@.51 ch@.51 mi@.51 sj@.36 is@.36 oi@.36;

  PTGI BY ptgi_al@.7 ptgi_np@.7 ptgi_ps@.7 ptgi_sp@.7 ptgi_ro@.7;
  PTGI@1;
  ptgi_al@.49 ptgi_np@.49 ptgi_ps@.49 ptgi_sp@.49 ptgi_ro@.49;

  COPE BY cope_pa@.8 cope_po@.8;
  COPE@1;
  cope_pa@.36 cope_po@.36;

  IESR BY iesr_a@.85 iesr_i@.85 iesr_h@.85;
  IESR@1;
  iesr_a@.2775 iesr_i@.2775 iesr_h@.2775;

  P ON COPE@.6;
  N ON COPE@.2;
  PTGI ON P@0.2 N@.05 COPE@.1;
  IESR ON P@0.05 N@.5 COPE@-.05;

  IESR WITH PTGI@.25;

  MODEL:
    [
    sk*0 ch*0 mi*0 sj*0 is*0 oi*0
    ptgi_al*0 ptgi_np*0 ptgi_ps*0 ptgi_sp*0 ptgi_ro*0
    iesr_a*0 iesr_i*0 iesr_h*0
    cope_pa*0 cope_po*0
    ];

  P BY sk*.7 ch*.7 mi*.7;
  P@1;
  N BY sj*.8 is*.8 oi*.8;
  N@1;
  sk*.51 ch*.51 mi*.51 sj*.36 is*.36 oi*.36;

  PTGI BY ptgi_al*.7 ptgi_np*.7 ptgi_ps*.7 ptgi_sp*.7 ptgi_ro*.7;
  PTGI@1;
  ptgi_al*.49 ptgi_np*.49 ptgi_ps*.49 ptgi_sp*.49 ptgi_ro*.49;

  COPE BY cope_pa*.8 cope_po*.8;
  COPE@1;
  cope_pa*.36 cope_po*.36;

  IESR BY iesr_a*.85 iesr_i*.85 iesr_h*.85;
  IESR@1;
  iesr_a*.2775 iesr_i*.2775 iesr_h*.2775;

  P ON COPE*.6;
  N ON COPE*.2;
  PTGI ON P*0.2 N*.05 COPE*.1;
  IESR ON P*0.05 N*.5 COPE*-.05;

  IESR WITH PTGI*.25;


  OUTPUT: TECH9;



INPUT READING TERMINATED NORMALLY



Monte Carlo simulation for testing factor covariance

SUMMARY OF ANALYSIS

Number of groups                                                 1
Number of observations                                         500

Number of replications
    Requested                                                10000
    Completed                                                10000
Value of seed                                                12345

Number of dependent variables                                   16
Number of independent variables                                  0
Number of continuous latent variables                            5

Observed dependent variables

  Continuous
   SK          CH          MI          SJ          IS          OI
   PTGI_AL     PTGI_NP     PTGI_PS     PTGI_SP     PTGI_RO     COPE_PA
   COPE_PO     IESR_A      IESR_I      IESR_H

Continuous latent variables
   P           N           PTGI        COPE        IESR


Estimator                                                       ML
Information matrix                                        OBSERVED
Maximum number of iterations                                  1000
Convergence criterion                                    0.500D-04
Maximum number of steepest descent iterations                   20



SAMPLE STATISTICS FOR THE FIRST REPLICATION


     SAMPLE STATISTICS


           Means
              SK            CH            MI            SJ            IS
              ________      ________      ________      ________      ________
                0.087         0.012        -0.025        -0.081        -0.048


           Means
              OI            PTGI_AL       PTGI_NP       PTGI_PS       PTGI_SP
              ________      ________      ________      ________      ________
               -0.032        -0.028        -0.001         0.024        -0.012


           Means
              PTGI_RO       COPE_PA       COPE_PO       IESR_A        IESR_I
              ________      ________      ________      ________      ________
                0.012        -0.001         0.041        -0.062        -0.052


           Means
              IESR_H
              ________
               -0.069


           Covariances
              SK            CH            MI            SJ            IS
              ________      ________      ________      ________      ________
 SK             1.060
 CH             0.583         1.203
 MI             0.582         0.633         1.140
 SJ             0.040         0.064         0.029         1.014
 IS             0.010         0.066         0.037         0.688         1.089
 OI             0.054         0.059         0.069         0.662         0.661
 PTGI_AL        0.174         0.138         0.166         0.097         0.077
 PTGI_NP        0.168         0.109         0.122         0.102         0.086
 PTGI_PS        0.153         0.117         0.135         0.124         0.068
 PTGI_SP        0.159         0.082         0.099         0.099         0.100
 PTGI_RO        0.151         0.131         0.142         0.114         0.049
 COPE_PA        0.310         0.250         0.317         0.090         0.071
 COPE_PO        0.279         0.290         0.318         0.099         0.075
 IESR_A         0.026         0.080        -0.060         0.343         0.374
 IESR_I         0.079         0.079        -0.040         0.280         0.316
 IESR_H         0.040         0.089        -0.040         0.284         0.311


           Covariances
              OI            PTGI_AL       PTGI_NP       PTGI_PS       PTGI_SP
              ________      ________      ________      ________      ________
 OI             0.999
 PTGI_AL        0.059         1.058
 PTGI_NP        0.063         0.557         1.020
 PTGI_PS        0.060         0.508         0.513         0.913
 PTGI_SP        0.069         0.484         0.511         0.434         0.958
 PTGI_RO        0.051         0.571         0.562         0.536         0.490
 COPE_PA        0.118         0.186         0.191         0.183         0.127
 COPE_PO        0.123         0.175         0.120         0.115         0.071
 IESR_A         0.337         0.128         0.154         0.171         0.141
 IESR_I         0.307         0.124         0.140         0.153         0.155
 IESR_H         0.283         0.160         0.167         0.184         0.171


           Covariances
              PTGI_RO       COPE_PA       COPE_PO       IESR_A        IESR_I
              ________      ________      ________      ________      ________
 PTGI_RO        1.038
 COPE_PA        0.123         0.970
 COPE_PO        0.079         0.585         0.954
 IESR_A         0.159         0.000         0.033         1.156
 IESR_I         0.134         0.054         0.039         0.883         1.181
 IESR_H         0.140         0.057         0.069         0.870         0.879


           Covariances
              IESR_H
              ________
 IESR_H         1.177


           Correlations
              SK            CH            MI            SJ            IS
              ________      ________      ________      ________      ________
 SK             1.000
 CH             0.516         1.000
 MI             0.529         0.540         1.000
 SJ             0.038         0.058         0.027         1.000
 IS             0.009         0.058         0.034         0.655         1.000
 OI             0.052         0.054         0.064         0.658         0.634
 PTGI_AL        0.164         0.122         0.151         0.094         0.071
 PTGI_NP        0.162         0.099         0.113         0.101         0.081
 PTGI_PS        0.155         0.112         0.132         0.129         0.068
 PTGI_SP        0.158         0.077         0.095         0.101         0.098
 PTGI_RO        0.144         0.117         0.130         0.111         0.046
 COPE_PA        0.306         0.232         0.301         0.091         0.069
 COPE_PO        0.277         0.270         0.305         0.100         0.074
 IESR_A         0.023         0.068        -0.052         0.317         0.334
 IESR_I         0.071         0.066        -0.034         0.256         0.279
 IESR_H         0.036         0.075        -0.035         0.260         0.275


           Correlations
              OI            PTGI_AL       PTGI_NP       PTGI_PS       PTGI_SP
              ________      ________      ________      ________      ________
 OI             1.000
 PTGI_AL        0.057         1.000
 PTGI_NP        0.063         0.535         1.000
 PTGI_PS        0.063         0.517         0.531         1.000
 PTGI_SP        0.071         0.481         0.516         0.464         1.000
 PTGI_RO        0.050         0.545         0.547         0.551         0.492
 COPE_PA        0.120         0.184         0.192         0.194         0.132
 COPE_PO        0.126         0.174         0.121         0.124         0.074
 IESR_A         0.313         0.116         0.142         0.167         0.134
 IESR_I         0.282         0.111         0.127         0.147         0.146
 IESR_H         0.261         0.143         0.152         0.178         0.161


           Correlations
              PTGI_RO       COPE_PA       COPE_PO       IESR_A        IESR_I
              ________      ________      ________      ________      ________
 PTGI_RO        1.000
 COPE_PA        0.123         1.000
 COPE_PO        0.079         0.608         1.000
 IESR_A         0.146         0.000         0.032         1.000
 IESR_I         0.121         0.050         0.037         0.755         1.000
 IESR_H         0.127         0.053         0.065         0.746         0.745


           Correlations
              IESR_H
              ________
 IESR_H         1.000


MODEL FIT INFORMATION

Number of Free Parameters                       57

Loglikelihood

    H0 Value

        Mean                             -9874.692
        Std Dev                             63.262
        Number of successful computations    10000

             Proportions                   Percentiles
        Expected    Observed         Expected       Observed
           0.990       0.991       -10021.860     -10020.262
           0.980       0.982       -10004.614     -10001.352
           0.950       0.949        -9978.753      -9979.967
           0.900       0.900        -9955.770      -9955.777
           0.800       0.800        -9927.934      -9928.002
           0.700       0.702        -9907.867      -9907.447
           0.500       0.499        -9874.692      -9874.801
           0.300       0.296        -9841.518      -9842.221
           0.200       0.201        -9821.451      -9821.262
           0.100       0.102        -9793.615      -9792.632
           0.050       0.051        -9770.632      -9769.779
           0.020       0.020        -9744.770      -9745.107
           0.010       0.010        -9727.525      -9726.848

    H1 Value

        Mean                             -9826.274
        Std Dev                             63.639
        Number of successful computations    10000

             Proportions                   Percentiles
        Expected    Observed         Expected       Observed
           0.990       0.991        -9974.318      -9970.956
           0.980       0.982        -9956.970      -9955.159
           0.950       0.950        -9930.954      -9931.302
           0.900       0.899        -9907.834      -9908.149
           0.800       0.800        -9879.833      -9879.796
           0.700       0.700        -9859.646      -9859.603
           0.500       0.500        -9826.274      -9826.187
           0.300       0.296        -9792.901      -9793.730
           0.200       0.197        -9772.715      -9773.312
           0.100       0.099        -9744.714      -9744.918
           0.050       0.052        -9721.594      -9720.070
           0.020       0.020        -9695.578      -9695.763
           0.010       0.011        -9678.230      -9676.313

Information Criteria

    Akaike (AIC)

        Mean                             19863.385
        Std Dev                            126.525
        Number of successful computations    10000

             Proportions                   Percentiles
        Expected    Observed         Expected       Observed
           0.990       0.990        19569.050      19567.152
           0.980       0.980        19603.541      19604.196
           0.950       0.949        19655.264      19653.483
           0.900       0.898        19701.231      19699.150
           0.800       0.799        19756.901      19756.509
           0.700       0.704        19797.035      19798.317
           0.500       0.501        19863.385      19863.588
           0.300       0.298        19929.734      19928.844
           0.200       0.200        19969.868      19969.850
           0.100       0.100        20025.539      20025.421
           0.050       0.051        20071.506      20073.847
           0.020       0.018        20123.229      20116.624
           0.010       0.009        20157.720      20153.755

    Bayesian (BIC)

        Mean                             20103.617
        Std Dev                            126.525
        Number of successful computations    10000

             Proportions                   Percentiles
        Expected    Observed         Expected       Observed
           0.990       0.990        19809.283      19807.385
           0.980       0.980        19843.773      19844.429
           0.950       0.949        19895.497      19893.716
           0.900       0.898        19941.463      19939.383
           0.800       0.799        19997.134      19996.742
           0.700       0.704        20037.268      20038.549
           0.500       0.501        20103.617      20103.821
           0.300       0.298        20169.967      20169.077
           0.200       0.200        20210.101      20210.082
           0.100       0.100        20265.772      20265.654
           0.050       0.051        20311.738      20314.080
           0.020       0.018        20363.462      20356.857
           0.010       0.009        20397.952      20393.987

    Sample-Size Adjusted BIC (n* = (n + 2) / 24)

        Mean                             19922.696
        Std Dev                            126.525
        Number of successful computations    10000

             Proportions                   Percentiles
        Expected    Observed         Expected       Observed
           0.990       0.990        19628.361      19626.463
           0.980       0.980        19662.852      19663.507
           0.950       0.949        19714.575      19712.794
           0.900       0.898        19760.542      19758.461
           0.800       0.799        19816.213      19815.821
           0.700       0.704        19856.346      19857.628
           0.500       0.501        19922.696      19922.899
           0.300       0.298        19989.046      19988.156
           0.200       0.200        20029.179      20029.161
           0.100       0.100        20084.850      20084.732
           0.050       0.051        20130.817      20133.158
           0.020       0.018        20182.540      20175.935
           0.010       0.009        20217.031      20213.066

Chi-Square Test of Model Fit

        Degrees of freedom                      95

        Mean                                96.837
        Std Dev                             14.003
        Number of successful computations    10000

             Proportions                   Percentiles
        Expected    Observed         Expected       Observed
           0.990       0.993           65.898         67.267
           0.980       0.985           68.879         70.503
           0.950       0.961           73.520         74.971
           0.900       0.919           77.818         79.324
           0.800       0.832           83.248         84.774
           0.700       0.746           87.317         89.146
           0.500       0.554           94.334         96.224
           0.300       0.348          101.717        103.703
           0.200       0.236          106.364        108.344
           0.100       0.125          113.038        115.256
           0.050       0.064          118.752        120.723
           0.020       0.027          125.405        128.229
           0.010       0.015          129.973        132.690

RMSEA (Root Mean Square Error Of Approximation)

        Mean                                 0.008
        Std Dev                              0.009
        Number of successful computations    10000

        Cumulative Distribution Function
           Value    Function Value
           0.990       1.000
           0.980       1.000
           0.950       1.000
           0.900       1.000
           0.800       1.000
           0.700       1.000
           0.500       1.000
           0.300       1.000
           0.200       1.000
           0.100       1.000
           0.050       1.000
           0.020       0.885
           0.010       0.600

CFI/TLI

    CFI

        Mean                                 0.998
        Std Dev                              0.003
        Number of successful computations    10000

        Cumulative Distribution Function
           Value    Function Value
           0.990       0.014
           0.980       0.000
           0.950       0.000
           0.900       0.000
           0.800       0.000
           0.700       0.000
           0.500       0.000
           0.300       0.000
           0.200       0.000
           0.100       0.000
           0.050       0.000
           0.020       0.000
           0.010       0.000

    TLI

        Mean                                 0.998
        Std Dev                              0.003
        Number of successful computations    10000

        Cumulative Distribution Function
           Value    Function Value
           0.990       0.038
           0.980       0.000
           0.950       0.000
           0.900       0.000
           0.800       0.000
           0.700       0.000
           0.500       0.000
           0.300       0.000
           0.200       0.000
           0.100       0.000
           0.050       0.000
           0.020       0.000
           0.010       0.000

SRMR (Standardized Root Mean Square Residual)

        Mean                                 0.025
        Std Dev                              0.003
        Number of successful computations    10000

        Cumulative Distribution Function
           Value    Function Value
           0.990       1.000
           0.980       1.000
           0.950       1.000
           0.900       1.000
           0.800       1.000
           0.700       1.000
           0.500       1.000
           0.300       1.000
           0.200       1.000
           0.100       1.000
           0.050       1.000
           0.020       0.021
           0.010       0.000


MODEL RESULTS

                              ESTIMATES              S. E.     M. S. E.  95%  % Sig
                 Population   Average   Std. Dev.   Average             Cover Coeff

 P        BY
  SK                  0.700     0.6978     0.0433     0.0432     0.0019 0.947 1.000
  CH                  0.700     0.6979     0.0437     0.0432     0.0019 0.943 1.000
  MI                  0.700     0.6982     0.0430     0.0432     0.0018 0.952 1.000

 N        BY
  SJ                  0.800     0.7980     0.0404     0.0401     0.0016 0.947 1.000
  IS                  0.800     0.7980     0.0404     0.0401     0.0016 0.947 1.000
  OI                  0.800     0.7978     0.0401     0.0400     0.0016 0.946 1.000

 PTGI     BY
  PTGI_AL             0.700     0.6957     0.0404     0.0405     0.0017 0.948 1.000
  PTGI_NP             0.700     0.6957     0.0405     0.0405     0.0017 0.948 1.000
  PTGI_PS             0.700     0.6958     0.0403     0.0405     0.0016 0.950 1.000
  PTGI_SP             0.700     0.6957     0.0408     0.0405     0.0017 0.947 1.000
  PTGI_RO             0.700     0.6959     0.0403     0.0405     0.0016 0.948 1.000

 COPE     BY
  COPE_PA             0.800     0.7990     0.0519     0.0513     0.0027 0.947 1.000
  COPE_PO             0.800     0.7990     0.0520     0.0513     0.0027 0.947 1.000

 IESR     BY
  IESR_A              0.850     0.8451     0.0370     0.0371     0.0014 0.947 1.000
  IESR_I              0.850     0.8443     0.0374     0.0371     0.0014 0.943 1.000
  IESR_H              0.850     0.8448     0.0369     0.0371     0.0014 0.948 1.000

 P        ON
  COPE                0.600     0.6017     0.0729     0.0728     0.0053 0.951 1.000

 N        ON
  COPE                0.200     0.1996     0.0570     0.0562     0.0033 0.947 0.947

 PTGI     ON
  P                   0.200     0.2010     0.0613     0.0610     0.0038 0.950 0.911
  N                   0.050     0.0507     0.0548     0.0543     0.0030 0.948 0.155
  COPE                0.100     0.1007     0.0731     0.0721     0.0053 0.953 0.298

 IESR     ON
  P                   0.050     0.0494     0.0593     0.0586     0.0035 0.946 0.133
  N                   0.500     0.5024     0.0600     0.0599     0.0036 0.951 1.000
  COPE               -0.050    -0.0495     0.0725     0.0707     0.0053 0.951 0.112

 IESR     WITH
  PTGI                0.250     0.2501     0.0512     0.0508     0.0026 0.949 0.997

 Intercepts
  SK                  0.000    -0.0001     0.0489     0.0484     0.0024 0.947 0.053
  CH                  0.000    -0.0003     0.0487     0.0484     0.0024 0.947 0.053
  MI                  0.000    -0.0002     0.0486     0.0484     0.0024 0.951 0.049
  SJ                  0.000     0.0002     0.0455     0.0452     0.0021 0.946 0.054
  IS                  0.000    -0.0003     0.0457     0.0452     0.0021 0.947 0.053
  OI                  0.000     0.0002     0.0455     0.0452     0.0021 0.949 0.051
  PTGI_AL             0.000     0.0003     0.0453     0.0452     0.0021 0.947 0.052
  PTGI_NP             0.000     0.0005     0.0453     0.0452     0.0021 0.951 0.049
  PTGI_PS             0.000     0.0011     0.0451     0.0452     0.0020 0.949 0.051
  PTGI_SP             0.000    -0.0001     0.0454     0.0452     0.0021 0.950 0.050
  PTGI_RO             0.000     0.0004     0.0454     0.0453     0.0021 0.948 0.052
  COPE_PA             0.000    -0.0002     0.0451     0.0446     0.0020 0.946 0.054
  COPE_PO             0.000    -0.0008     0.0443     0.0446     0.0020 0.951 0.049
  IESR_A              0.000     0.0008     0.0485     0.0487     0.0023 0.953 0.047
  IESR_I              0.000     0.0008     0.0487     0.0486     0.0024 0.950 0.050
  IESR_H              0.000     0.0006     0.0488     0.0486     0.0024 0.948 0.052

 Variances
  COPE                1.000     1.0000     0.0000     0.0000     0.0000 1.000 0.000

 Residual Variances
  SK                  0.510     0.5070     0.0484     0.0482     0.0024 0.946 1.000
  CH                  0.510     0.5077     0.0483     0.0483     0.0023 0.946 1.000
  MI                  0.510     0.5070     0.0483     0.0483     0.0023 0.951 1.000
  SJ                  0.360     0.3587     0.0345     0.0347     0.0012 0.949 1.000
  IS                  0.360     0.3584     0.0353     0.0347     0.0012 0.944 1.000
  OI                  0.360     0.3575     0.0348     0.0347     0.0012 0.947 1.000
  PTGI_AL             0.490     0.4873     0.0385     0.0385     0.0015 0.947 1.000
  PTGI_NP             0.490     0.4874     0.0385     0.0386     0.0015 0.945 1.000
  PTGI_PS             0.490     0.4873     0.0390     0.0386     0.0015 0.941 1.000
  PTGI_SP             0.490     0.4876     0.0390     0.0386     0.0015 0.941 1.000
  PTGI_RO             0.490     0.4881     0.0387     0.0386     0.0015 0.946 1.000
  COPE_PA             0.360     0.3562     0.0636     0.0615     0.0041 0.949 0.997
  COPE_PO             0.360     0.3559     0.0631     0.0615     0.0040 0.949 0.997
  IESR_A              0.278     0.2762     0.0269     0.0271     0.0007 0.948 1.000
  IESR_I              0.278     0.2767     0.0273     0.0271     0.0007 0.947 1.000
  IESR_H              0.278     0.2763     0.0273     0.0271     0.0007 0.945 1.000
  P                   1.000     1.0000     0.0000     0.0000     0.0000 1.000 0.000
  N                   1.000     1.0000     0.0000     0.0000     0.0000 1.000 0.000
  PTGI                1.000     1.0000     0.0000     0.0000     0.0000 1.000 0.000
  IESR                1.000     1.0000     0.0000     0.0000     0.0000 1.000 0.000


QUALITY OF NUMERICAL RESULTS

     Average Condition Number for the Information Matrix      0.220E-01
       (ratio of smallest to largest eigenvalue)


TECHNICAL OUTPUT


     PARAMETER SPECIFICATION


           NU
              SK            CH            MI            SJ            IS
              ________      ________      ________      ________      ________
                  1             2             3             4             5


           NU
              OI            PTGI_AL       PTGI_NP       PTGI_PS       PTGI_SP
              ________      ________      ________      ________      ________
                  6             7             8             9            10


           NU
              PTGI_RO       COPE_PA       COPE_PO       IESR_A        IESR_I
              ________      ________      ________      ________      ________
                 11            12            13            14            15


           NU
              IESR_H
              ________
                 16


           LAMBDA
              P             N             PTGI          COPE          IESR
              ________      ________      ________      ________      ________
 SK                17             0             0             0             0
 CH                18             0             0             0             0
 MI                19             0             0             0             0
 SJ                 0            20             0             0             0
 IS                 0            21             0             0             0
 OI                 0            22             0             0             0
 PTGI_AL            0             0            23             0             0
 PTGI_NP            0             0            24             0             0
 PTGI_PS            0             0            25             0             0
 PTGI_SP            0             0            26             0             0
 PTGI_RO            0             0            27             0             0
 COPE_PA            0             0             0            28             0
 COPE_PO            0             0             0            29             0
 IESR_A             0             0             0             0            30
 IESR_I             0             0             0             0            31
 IESR_H             0             0             0             0            32


           THETA
              SK            CH            MI            SJ            IS
              ________      ________      ________      ________      ________
 SK                33
 CH                 0            34
 MI                 0             0            35
 SJ                 0             0             0            36
 IS                 0             0             0             0            37
 OI                 0             0             0             0             0
 PTGI_AL            0             0             0             0             0
 PTGI_NP            0             0             0             0             0
 PTGI_PS            0             0             0             0             0
 PTGI_SP            0             0             0             0             0
 PTGI_RO            0             0             0             0             0
 COPE_PA            0             0             0             0             0
 COPE_PO            0             0             0             0             0
 IESR_A             0             0             0             0             0
 IESR_I             0             0             0             0             0
 IESR_H             0             0             0             0             0


           THETA
              OI            PTGI_AL       PTGI_NP       PTGI_PS       PTGI_SP
              ________      ________      ________      ________      ________
 OI                38
 PTGI_AL            0            39
 PTGI_NP            0             0            40
 PTGI_PS            0             0             0            41
 PTGI_SP            0             0             0             0            42
 PTGI_RO            0             0             0             0             0
 COPE_PA            0             0             0             0             0
 COPE_PO            0             0             0             0             0
 IESR_A             0             0             0             0             0
 IESR_I             0             0             0             0             0
 IESR_H             0             0             0             0             0


           THETA
              PTGI_RO       COPE_PA       COPE_PO       IESR_A        IESR_I
              ________      ________      ________      ________      ________
 PTGI_RO           43
 COPE_PA            0            44
 COPE_PO            0             0            45
 IESR_A             0             0             0            46
 IESR_I             0             0             0             0            47
 IESR_H             0             0             0             0             0


           THETA
              IESR_H
              ________
 IESR_H            48


           ALPHA
              P             N             PTGI          COPE          IESR
              ________      ________      ________      ________      ________
                  0             0             0             0             0


           BETA
              P             N             PTGI          COPE          IESR
              ________      ________      ________      ________      ________
 P                  0             0             0            49             0
 N                  0             0             0            50             0
 PTGI              51            52             0            53             0
 COPE               0             0             0             0             0
 IESR              54            55             0            56             0


           PSI
              P             N             PTGI          COPE          IESR
              ________      ________      ________      ________      ________
 P                  0
 N                  0             0
 PTGI               0             0             0
 COPE               0             0             0             0
 IESR               0             0            57             0             0


     STARTING VALUES


           NU
              SK            CH            MI            SJ            IS
              ________      ________      ________      ________      ________
                0.000         0.000         0.000         0.000         0.000


           NU
              OI            PTGI_AL       PTGI_NP       PTGI_PS       PTGI_SP
              ________      ________      ________      ________      ________
                0.000         0.000         0.000         0.000         0.000


           NU
              PTGI_RO       COPE_PA       COPE_PO       IESR_A        IESR_I
              ________      ________      ________      ________      ________
                0.000         0.000         0.000         0.000         0.000


           NU
              IESR_H
              ________
                0.000


           LAMBDA
              P             N             PTGI          COPE          IESR
              ________      ________      ________      ________      ________
 SK             0.700         0.000         0.000         0.000         0.000
 CH             0.700         0.000         0.000         0.000         0.000
 MI             0.700         0.000         0.000         0.000         0.000
 SJ             0.000         0.800         0.000         0.000         0.000
 IS             0.000         0.800         0.000         0.000         0.000
 OI             0.000         0.800         0.000         0.000         0.000
 PTGI_AL        0.000         0.000         0.700         0.000         0.000
 PTGI_NP        0.000         0.000         0.700         0.000         0.000
 PTGI_PS        0.000         0.000         0.700         0.000         0.000
 PTGI_SP        0.000         0.000         0.700         0.000         0.000
 PTGI_RO        0.000         0.000         0.700         0.000         0.000
 COPE_PA        0.000         0.000         0.000         0.800         0.000
 COPE_PO        0.000         0.000         0.000         0.800         0.000
 IESR_A         0.000         0.000         0.000         0.000         0.850
 IESR_I         0.000         0.000         0.000         0.000         0.850
 IESR_H         0.000         0.000         0.000         0.000         0.850


           THETA
              SK            CH            MI            SJ            IS
              ________      ________      ________      ________      ________
 SK             0.510
 CH             0.000         0.510
 MI             0.000         0.000         0.510
 SJ             0.000         0.000         0.000         0.360
 IS             0.000         0.000         0.000         0.000         0.360
 OI             0.000         0.000         0.000         0.000         0.000
 PTGI_AL        0.000         0.000         0.000         0.000         0.000
 PTGI_NP        0.000         0.000         0.000         0.000         0.000
 PTGI_PS        0.000         0.000         0.000         0.000         0.000
 PTGI_SP        0.000         0.000         0.000         0.000         0.000
 PTGI_RO        0.000         0.000         0.000         0.000         0.000
 COPE_PA        0.000         0.000         0.000         0.000         0.000
 COPE_PO        0.000         0.000         0.000         0.000         0.000
 IESR_A         0.000         0.000         0.000         0.000         0.000
 IESR_I         0.000         0.000         0.000         0.000         0.000
 IESR_H         0.000         0.000         0.000         0.000         0.000


           THETA
              OI            PTGI_AL       PTGI_NP       PTGI_PS       PTGI_SP
              ________      ________      ________      ________      ________
 OI             0.360
 PTGI_AL        0.000         0.490
 PTGI_NP        0.000         0.000         0.490
 PTGI_PS        0.000         0.000         0.000         0.490
 PTGI_SP        0.000         0.000         0.000         0.000         0.490
 PTGI_RO        0.000         0.000         0.000         0.000         0.000
 COPE_PA        0.000         0.000         0.000         0.000         0.000
 COPE_PO        0.000         0.000         0.000         0.000         0.000
 IESR_A         0.000         0.000         0.000         0.000         0.000
 IESR_I         0.000         0.000         0.000         0.000         0.000
 IESR_H         0.000         0.000         0.000         0.000         0.000


           THETA
              PTGI_RO       COPE_PA       COPE_PO       IESR_A        IESR_I
              ________      ________      ________      ________      ________
 PTGI_RO        0.490
 COPE_PA        0.000         0.360
 COPE_PO        0.000         0.000         0.360
 IESR_A         0.000         0.000         0.000         0.278
 IESR_I         0.000         0.000         0.000         0.000         0.278
 IESR_H         0.000         0.000         0.000         0.000         0.000


           THETA
              IESR_H
              ________
 IESR_H         0.278


           ALPHA
              P             N             PTGI          COPE          IESR
              ________      ________      ________      ________      ________
                0.000         0.000         0.000         0.000         0.000


           BETA
              P             N             PTGI          COPE          IESR
              ________      ________      ________      ________      ________
 P              0.000         0.000         0.000         0.600         0.000
 N              0.000         0.000         0.000         0.200         0.000
 PTGI           0.200         0.050         0.000         0.100         0.000
 COPE           0.000         0.000         0.000         0.000         0.000
 IESR           0.050         0.500         0.000        -0.050         0.000


           PSI
              P             N             PTGI          COPE          IESR
              ________      ________      ________      ________      ________
 P              1.000
 N              0.000         1.000
 PTGI           0.000         0.000         1.000
 COPE           0.000         0.000         0.000         1.000
 IESR           0.000         0.000         0.250         0.000         1.000


     POPULATION VALUES


           NU
              SK            CH            MI            SJ            IS
              ________      ________      ________      ________      ________
                0.000         0.000         0.000         0.000         0.000


           NU
              OI            PTGI_AL       PTGI_NP       PTGI_PS       PTGI_SP
              ________      ________      ________      ________      ________
                0.000         0.000         0.000         0.000         0.000


           NU
              PTGI_RO       COPE_PA       COPE_PO       IESR_A        IESR_I
              ________      ________      ________      ________      ________
                0.000         0.000         0.000         0.000         0.000


           NU
              IESR_H
              ________
                0.000


           LAMBDA
              P             N             PTGI          COPE          IESR
              ________      ________      ________      ________      ________
 SK             0.700         0.000         0.000         0.000         0.000
 CH             0.700         0.000         0.000         0.000         0.000
 MI             0.700         0.000         0.000         0.000         0.000
 SJ             0.000         0.800         0.000         0.000         0.000
 IS             0.000         0.800         0.000         0.000         0.000
 OI             0.000         0.800         0.000         0.000         0.000
 PTGI_AL        0.000         0.000         0.700         0.000         0.000
 PTGI_NP        0.000         0.000         0.700         0.000         0.000
 PTGI_PS        0.000         0.000         0.700         0.000         0.000
 PTGI_SP        0.000         0.000         0.700         0.000         0.000
 PTGI_RO        0.000         0.000         0.700         0.000         0.000
 COPE_PA        0.000         0.000         0.000         0.800         0.000
 COPE_PO        0.000         0.000         0.000         0.800         0.000
 IESR_A         0.000         0.000         0.000         0.000         0.850
 IESR_I         0.000         0.000         0.000         0.000         0.850
 IESR_H         0.000         0.000         0.000         0.000         0.850


           THETA
              SK            CH            MI            SJ            IS
              ________      ________      ________      ________      ________
 SK             0.510
 CH             0.000         0.510
 MI             0.000         0.000         0.510
 SJ             0.000         0.000         0.000         0.360
 IS             0.000         0.000         0.000         0.000         0.360
 OI             0.000         0.000         0.000         0.000         0.000
 PTGI_AL        0.000         0.000         0.000         0.000         0.000
 PTGI_NP        0.000         0.000         0.000         0.000         0.000
 PTGI_PS        0.000         0.000         0.000         0.000         0.000
 PTGI_SP        0.000         0.000         0.000         0.000         0.000
 PTGI_RO        0.000         0.000         0.000         0.000         0.000
 COPE_PA        0.000         0.000         0.000         0.000         0.000
 COPE_PO        0.000         0.000         0.000         0.000         0.000
 IESR_A         0.000         0.000         0.000         0.000         0.000
 IESR_I         0.000         0.000         0.000         0.000         0.000
 IESR_H         0.000         0.000         0.000         0.000         0.000


           THETA
              OI            PTGI_AL       PTGI_NP       PTGI_PS       PTGI_SP
              ________      ________      ________      ________      ________
 OI             0.360
 PTGI_AL        0.000         0.490
 PTGI_NP        0.000         0.000         0.490
 PTGI_PS        0.000         0.000         0.000         0.490
 PTGI_SP        0.000         0.000         0.000         0.000         0.490
 PTGI_RO        0.000         0.000         0.000         0.000         0.000
 COPE_PA        0.000         0.000         0.000         0.000         0.000
 COPE_PO        0.000         0.000         0.000         0.000         0.000
 IESR_A         0.000         0.000         0.000         0.000         0.000
 IESR_I         0.000         0.000         0.000         0.000         0.000
 IESR_H         0.000         0.000         0.000         0.000         0.000


           THETA
              PTGI_RO       COPE_PA       COPE_PO       IESR_A        IESR_I
              ________      ________      ________      ________      ________
 PTGI_RO        0.490
 COPE_PA        0.000         0.360
 COPE_PO        0.000         0.000         0.360
 IESR_A         0.000         0.000         0.000         0.278
 IESR_I         0.000         0.000         0.000         0.000         0.278
 IESR_H         0.000         0.000         0.000         0.000         0.000


           THETA
              IESR_H
              ________
 IESR_H         0.278


           ALPHA
              P             N             PTGI          COPE          IESR
              ________      ________      ________      ________      ________
                0.000         0.000         0.000         0.000         0.000


           BETA
              P             N             PTGI          COPE          IESR
              ________      ________      ________      ________      ________
 P              0.000         0.000         0.000         0.600         0.000
 N              0.000         0.000         0.000         0.200         0.000
 PTGI           0.200         0.050         0.000         0.100         0.000
 COPE           0.000         0.000         0.000         0.000         0.000
 IESR           0.050         0.500         0.000        -0.050         0.000


           PSI
              P             N             PTGI          COPE          IESR
              ________      ________      ________      ________      ________
 P              1.000
 N              0.000         1.000
 PTGI           0.000         0.000         1.000
 COPE           0.000         0.000         0.000         1.000
 IESR           0.000         0.000         0.250         0.000         1.000


TECHNICAL 9 OUTPUT

  Error messages for each replication (if any)



     Beginning Time:  06:56:02
        Ending Time:  06:57:41
       Elapsed Time:  00:01:39



MUTHEN & MUTHEN
3463 Stoner Ave.
Los Angeles, CA  90066

Tel: (310) 391-9971
Fax: (310) 391-8971
Web: www.StatModel.com
Support: Support@StatModel.com

Copyright (c) 1998-2021 Muthen & Muthen
