Mplus VERSION 8.6 (Mac)
MUTHEN & MUTHEN
10/27/2022   7:55 AM

INPUT INSTRUCTIONS

  TITLE: Monte Carlo simulation for testing regression coefficients.
  MONTECARLO:
     NAMES = P1-P3 N1-N3
             COPE1-COPE2
             MSPSS1-MSPSS3
             NEURO1-NEURO2
             EXTRA1-EXTRA3
             PTGI1-PTGI5
             IESR1-IESR3
             ;
  NOBSERVATIONS = 300;  !746
  NREPS = 100; ! 10000
  SEED = 12345;
  MODEL POPULATION:
    [
    P1-P3@0
    N1-N3@0
    COPE1-COPE2@0
    MSPSS1-MSPSS3@0
    NEURO1-NEURO2@0
    EXTRA1-EXTRA3@0
    PTGI1-PTGI5@0
    IESR1-IESR3@0
    ];

  P BY P1-P3@.72;
  P@1;
  P1-P3@.4816;

  N BY N1-N3@.84;
  N@1;
  N1-N3@.2944;

  COPE BY COPE1-COPE2@.71;
  COPE@1;
  COPE1-COPE2@.36;

  MSPSS BY MSPSS1-MSPSS3@.7;
  MSPSS@1;
  MSPSS1-MSPSS3@.4959;

  NEURO BY NEURO1-NEURO2@.8;
  NEURO@1;
  NEURO1-NEURO2@.36;

  EXTRA BY EXTRA1-EXTRA3@.67;
  EXTRA@1;
  EXTRA1-EXTRA3@.5511;

  PTGI BY PTGI1-PTGI5@.79;
  PTGI@1;
  PTGI1-PTGI5@.3759;

  IESR BY IESR1-IESR3@.85;
  IESR@1;
  IESR1-IESR3@.2775;

  P ON COPE@.58 MSPSS@.04 NEURO@-.34 EXTRA@-.08;
  N ON COPE@.18 MSPSS@-.03 NEURO@.92 EXTRA@.06;

  PTGI ON P@.19 N@.05 COPE@.07 MSPSS@.04 NEURO@.33 EXTRA@.41;
  IESR ON P@.07 N@.46 COPE@-.02 MSPSS@-.05 NEURO@.29 EXTRA@.33;

  IESR WITH PTGI@.23;
  MSPSS WITH COPE@.25;
  NEURO WITH COPE@-.31;
  NEURO WITH MSPSS@-.25;
  EXTRA WITH COPE@.31;
  EXTRA WITH MSPSS@.46;
  EXTRA WITH NEURO@-.66;

  MODEL:
    [
    P1-P3*0
    N1-N3*0
    COPE1-COPE2*0
    MSPSS1-MSPSS3*0
    NEURO1-NEURO2*0
    EXTRA1-EXTRA3*0
    PTGI1-PTGI5*0
    IESR1-IESR3*0
    ];

  P BY P1-P3*.72;
  P@1;
  P1-P3*.4816;

  N BY N1-N3*.84;
  N@1;
  N1-N3*.2944;

  COPE BY COPE1-COPE2*.71;
  COPE@1;
  COPE1-COPE2*.36;

  MSPSS BY MSPSS1-MSPSS3*.7;
  MSPSS@1;
  MSPSS1-MSPSS3*.4959;

  NEURO BY NEURO1-NEURO2*.8;
  NEURO@1;
  NEURO1-NEURO2*.36;

  EXTRA BY EXTRA1-EXTRA3*.67;
  EXTRA@1;
  EXTRA1-EXTRA3*.5511;

  PTGI BY PTGI1-PTGI5*.79;
  PTGI@1;
  PTGI1-PTGI5*.3759;

  IESR BY IESR1-IESR3*.85;
  IESR@1;
  IESR1-IESR3*.2775;

  P ON COPE*.58 MSPSS*.04 NEURO*-.34 EXTRA*-.08;
  N ON COPE*.18 MSPSS*-.03 NEURO*.92 EXTRA*.06;

  PTGI ON P*.19 N@.05 COPE*.07 MSPSS*.04 NEURO*.33 EXTRA*.41;
  IESR ON P*.07 N*.46 COPE*-.02 MSPSS*-.05 NEURO*.29 EXTRA*.33;

  IESR WITH PTGI*.23;
  MSPSS WITH COPE*.25;
  NEURO WITH COPE*-.31;
  NEURO WITH MSPSS*-.25;
  EXTRA WITH COPE*.31;
  EXTRA WITH MSPSS*.46;
  EXTRA WITH NEURO*-.66;

  OUTPUT: TECH9;



INPUT READING TERMINATED NORMALLY



Monte Carlo simulation for testing regression coefficients.

SUMMARY OF ANALYSIS

Number of groups                                                 1
Number of observations                                         300

Number of replications
    Requested                                                  100
    Completed                                                  100
Value of seed                                                12345

Number of dependent variables                                   24
Number of independent variables                                  0
Number of continuous latent variables                            8

Observed dependent variables

  Continuous
   P1          P2          P3          N1          N2          N3
   COPE1       COPE2       MSPSS1      MSPSS2      MSPSS3      NEURO1
   NEURO2      EXTRA1      EXTRA2      EXTRA3      PTGI1       PTGI2
   PTGI3       PTGI4       PTGI5       IESR1       IESR2       IESR3

Continuous latent variables
   P           N           COPE        MSPSS       NEURO       EXTRA
   PTGI        IESR


Estimator                                                       ML
Information matrix                                        OBSERVED
Maximum number of iterations                                  1000
Convergence criterion                                    0.500D-04
Maximum number of steepest descent iterations                   20



SAMPLE STATISTICS FOR THE FIRST REPLICATION


     SAMPLE STATISTICS


           Means
              P1            P2            P3            N1            N2
              ________      ________      ________      ________      ________
                0.091         0.113         0.131        -0.099        -0.129


           Means
              N3            COPE1         COPE2         MSPSS1        MSPSS2
              ________      ________      ________      ________      ________
               -0.155        -0.016        -0.014         0.140         0.074


           Means
              MSPSS3        NEURO1        NEURO2        EXTRA1        EXTRA2
              ________      ________      ________      ________      ________
               -0.013        -0.083         0.031         0.066        -0.002


           Means
              EXTRA3        PTGI1         PTGI2         PTGI3         PTGI4
              ________      ________      ________      ________      ________
                0.033         0.013        -0.078        -0.064        -0.092


           Means
              PTGI5         IESR1         IESR2         IESR3
              ________      ________      ________      ________
               -0.047        -0.104        -0.085        -0.099


           Covariances
              P1            P2            P3            N1            N2
              ________      ________      ________      ________      ________
 P1             1.130
 P2             0.743         1.307
 P3             0.689         0.771         1.191
 N1            -0.161        -0.288        -0.195         1.429
 N2            -0.215        -0.334        -0.242         1.138         1.449
 N3            -0.231        -0.303        -0.261         1.118         1.136
 COPE1          0.352         0.348         0.336        -0.048        -0.046
 COPE2          0.378         0.329         0.271        -0.030        -0.033
 MSPSS1         0.125         0.125         0.055         0.032        -0.051
 MSPSS2         0.125         0.096         0.065         0.020        -0.020
 MSPSS3         0.075         0.110         0.123        -0.097        -0.117
 NEURO1        -0.224        -0.337        -0.282         0.507         0.467
 NEURO2        -0.321        -0.401        -0.331         0.579         0.554
 EXTRA1         0.063         0.159         0.062        -0.265        -0.224
 EXTRA2         0.212         0.258         0.189        -0.302        -0.243
 EXTRA3         0.200         0.208         0.125        -0.357        -0.278
 PTGI1          0.189         0.246         0.088         0.058         0.014
 PTGI2          0.167         0.172         0.166         0.066         0.014
 PTGI3          0.187         0.249         0.155         0.002         0.028
 PTGI4          0.119         0.189         0.143         0.033         0.013
 PTGI5          0.158         0.183         0.148         0.108         0.072
 IESR1         -0.134        -0.147        -0.114         0.559         0.579
 IESR2         -0.106        -0.072        -0.075         0.607         0.616
 IESR3         -0.072        -0.043        -0.018         0.566         0.619


           Covariances
              N3            COPE1         COPE2         MSPSS1        MSPSS2
              ________      ________      ________      ________      ________
 N3             1.422
 COPE1         -0.061         0.902
 COPE2         -0.035         0.508         0.872
 MSPSS1         0.022         0.139         0.133         0.910
 MSPSS2         0.069         0.077         0.137         0.443         1.080
 MSPSS3        -0.058         0.098         0.151         0.483         0.523
 NEURO1         0.497        -0.135        -0.115        -0.049        -0.053
 NEURO2         0.575        -0.140        -0.181        -0.096        -0.066
 EXTRA1        -0.187         0.080         0.173         0.230         0.157
 EXTRA2        -0.267         0.145         0.160         0.161         0.184
 EXTRA3        -0.287         0.182         0.180         0.169         0.185
 PTGI1          0.089         0.158         0.126         0.164         0.177
 PTGI2          0.059         0.175         0.161         0.117         0.150
 PTGI3          0.096         0.156         0.128         0.132         0.152
 PTGI4          0.080         0.102         0.072         0.066         0.100
 PTGI5          0.136         0.085         0.128         0.109         0.173
 IESR1          0.580         0.023        -0.068         0.057         0.027
 IESR2          0.585         0.018        -0.035         0.093         0.061
 IESR3          0.633         0.053        -0.015         0.059         0.003


           Covariances
              MSPSS3        NEURO1        NEURO2        EXTRA1        EXTRA2
              ________      ________      ________      ________      ________
 MSPSS3         1.059
 NEURO1        -0.212         0.992
 NEURO2        -0.178         0.683         1.077
 EXTRA1         0.306        -0.370        -0.431         0.967
 EXTRA2         0.257        -0.340        -0.378         0.385         0.941
 EXTRA3         0.243        -0.319        -0.375         0.409         0.464
 PTGI1          0.160         0.000        -0.048         0.141         0.167
 PTGI2          0.122        -0.003        -0.048         0.133         0.158
 PTGI3          0.110        -0.018        -0.058         0.124         0.212
 PTGI4          0.140        -0.053        -0.081         0.124         0.182
 PTGI5          0.172        -0.010        -0.039         0.170         0.263
 IESR1         -0.049         0.188         0.289        -0.022        -0.006
 IESR2         -0.033         0.192         0.266         0.024         0.009
 IESR3         -0.029         0.202         0.282         0.008         0.019


           Covariances
              EXTRA3        PTGI1         PTGI2         PTGI3         PTGI4
              ________      ________      ________      ________      ________
 EXTRA3         1.110
 PTGI1          0.167         1.017
 PTGI2          0.199         0.566         0.876
 PTGI3          0.142         0.652         0.560         0.972
 PTGI4          0.190         0.614         0.538         0.591         0.949
 PTGI5          0.251         0.612         0.521         0.617         0.593
 IESR1         -0.008         0.249         0.181         0.208         0.254
 IESR2          0.014         0.276         0.206         0.214         0.299
 IESR3          0.029         0.288         0.216         0.221         0.285


           Covariances
              PTGI5         IESR1         IESR2         IESR3
              ________      ________      ________      ________
 PTGI5          0.982
 IESR1          0.310         1.336
 IESR2          0.250         1.122         1.506
 IESR3          0.314         1.097         1.175         1.403


           Correlations
              P1            P2            P3            N1            N2
              ________      ________      ________      ________      ________
 P1             1.000
 P2             0.611         1.000
 P3             0.594         0.617         1.000
 N1            -0.127        -0.211        -0.149         1.000
 N2            -0.168        -0.243        -0.184         0.791         1.000
 N3            -0.182        -0.222        -0.201         0.784         0.791
 COPE1          0.349         0.320         0.324        -0.042        -0.041
 COPE2          0.381         0.308         0.266        -0.026        -0.030
 MSPSS1         0.123         0.114         0.053         0.028        -0.045
 MSPSS2         0.113         0.080         0.057         0.016        -0.016
 MSPSS3         0.068         0.093         0.109        -0.079        -0.094
 NEURO1        -0.211        -0.296        -0.259         0.426         0.390
 NEURO2        -0.291        -0.338        -0.292         0.467         0.444
 EXTRA1         0.060         0.141         0.058        -0.226        -0.190
 EXTRA2         0.205         0.233         0.178        -0.261        -0.208
 EXTRA3         0.178         0.173         0.108        -0.283        -0.219
 PTGI1          0.176         0.213         0.080         0.048         0.012
 PTGI2          0.168         0.160         0.163         0.059         0.013
 PTGI3          0.178         0.221         0.144         0.002         0.024
 PTGI4          0.115         0.169         0.134         0.028         0.011
 PTGI5          0.150         0.162         0.137         0.091         0.060
 IESR1         -0.109        -0.111        -0.090         0.405         0.416
 IESR2         -0.082        -0.052        -0.056         0.414         0.417
 IESR3         -0.057        -0.032        -0.014         0.399         0.434


           Correlations
              N3            COPE1         COPE2         MSPSS1        MSPSS2
              ________      ________      ________      ________      ________
 N3             1.000
 COPE1         -0.054         1.000
 COPE2         -0.032         0.573         1.000
 MSPSS1         0.019         0.154         0.150         1.000
 MSPSS2         0.055         0.079         0.141         0.447         1.000
 MSPSS3        -0.047         0.100         0.157         0.492         0.489
 NEURO1         0.419        -0.143        -0.123        -0.052        -0.051
 NEURO2         0.464        -0.142        -0.187        -0.097        -0.061
 EXTRA1        -0.160         0.085         0.188         0.245         0.153
 EXTRA2        -0.231         0.158         0.176         0.174         0.183
 EXTRA3        -0.228         0.182         0.183         0.168         0.169
 PTGI1          0.074         0.165         0.134         0.171         0.169
 PTGI2          0.053         0.197         0.185         0.131         0.155
 PTGI3          0.082         0.166         0.139         0.140         0.149
 PTGI4          0.069         0.110         0.079         0.071         0.099
 PTGI5          0.115         0.091         0.139         0.115         0.168
 IESR1          0.421         0.021        -0.063         0.052         0.023
 IESR2          0.399         0.015        -0.030         0.080         0.048
 IESR3          0.448         0.047        -0.014         0.052         0.003


           Correlations
              MSPSS3        NEURO1        NEURO2        EXTRA1        EXTRA2
              ________      ________      ________      ________      ________
 MSPSS3         1.000
 NEURO1        -0.207         1.000
 NEURO2        -0.167         0.660         1.000
 EXTRA1         0.303        -0.378        -0.422         1.000
 EXTRA2         0.258        -0.352        -0.375         0.404         1.000
 EXTRA3         0.224        -0.304        -0.343         0.395         0.454
 PTGI1          0.154         0.000        -0.046         0.142         0.171
 PTGI2          0.127        -0.003        -0.049         0.145         0.174
 PTGI3          0.108        -0.019        -0.057         0.128         0.222
 PTGI4          0.140        -0.055        -0.080         0.129         0.192
 PTGI5          0.168        -0.010        -0.038         0.175         0.273
 IESR1         -0.041         0.163         0.241        -0.019        -0.005
 IESR2         -0.026         0.157         0.209         0.020         0.008
 IESR3         -0.024         0.171         0.229         0.007         0.017


           Correlations
              EXTRA3        PTGI1         PTGI2         PTGI3         PTGI4
              ________      ________      ________      ________      ________
 EXTRA3         1.000
 PTGI1          0.157         1.000
 PTGI2          0.202         0.600         1.000
 PTGI3          0.137         0.656         0.607         1.000
 PTGI4          0.185         0.625         0.590         0.616         1.000
 PTGI5          0.240         0.613         0.562         0.631         0.614
 IESR1         -0.007         0.214         0.168         0.182         0.225
 IESR2          0.011         0.223         0.179         0.177         0.250
 IESR3          0.023         0.241         0.195         0.189         0.247


           Correlations
              PTGI5         IESR1         IESR2         IESR3
              ________      ________      ________      ________
 PTGI5          1.000
 IESR1          0.271         1.000
 IESR2          0.206         0.791         1.000
 IESR3          0.268         0.801         0.808         1.000


MODEL FIT INFORMATION

Number of Free Parameters                       98

Loglikelihood

    H0 Value

        Mean                             -8764.430
        Std Dev                             67.048
        Number of successful computations      100

             Proportions                   Percentiles
        Expected    Observed         Expected       Observed
           0.990       1.000        -8920.403      -8911.245
           0.980       0.970        -8902.125      -8905.432
           0.950       0.930        -8874.716      -8890.339
           0.900       0.890        -8850.358      -8868.034
           0.800       0.810        -8820.857      -8822.752
           0.700       0.740        -8799.590      -8795.201
           0.500       0.540        -8764.430      -8760.599
           0.300       0.280        -8729.270      -8730.207
           0.200       0.210        -8708.003      -8707.422
           0.100       0.110        -8678.502      -8676.726
           0.050       0.040        -8654.144      -8665.473
           0.020       0.030        -8626.735      -8622.392
           0.010       0.020        -8608.457      -8600.855

    H1 Value

        Mean                             -8646.113
        Std Dev                             67.682
        Number of successful computations      100

             Proportions                   Percentiles
        Expected    Observed         Expected       Observed
           0.990       1.000        -8803.562      -8792.738
           0.980       0.990        -8785.112      -8784.480
           0.950       0.940        -8757.443      -8771.526
           0.900       0.890        -8732.854      -8736.467
           0.800       0.780        -8703.074      -8711.618
           0.700       0.730        -8681.606      -8678.957
           0.500       0.500        -8646.113      -8653.885
           0.300       0.260        -8610.621      -8616.312
           0.200       0.180        -8589.152      -8598.102
           0.100       0.130        -8559.372      -8548.436
           0.050       0.060        -8534.784      -8533.895
           0.020       0.020        -8507.115      -8527.990
           0.010       0.020        -8488.665      -8484.033

Information Criteria

    Akaike (AIC)

        Mean                             17724.860
        Std Dev                            134.095
        Number of successful computations      100

             Proportions                   Percentiles
        Expected    Observed         Expected       Observed
           0.990       0.980        17412.915      17381.331
           0.980       0.970        17449.469      17397.710
           0.950       0.960        17504.287      17520.900
           0.900       0.890        17553.004      17535.745
           0.800       0.790        17612.006      17599.480
           0.700       0.720        17654.541      17656.303
           0.500       0.460        17724.860      17715.662
           0.300       0.260        17795.180      17785.778
           0.200       0.190        17837.714      17829.839
           0.100       0.110        17896.716      17899.661
           0.050       0.070        17945.433      17950.177
           0.020       0.030        18000.251      18003.525
           0.010       0.000        18036.805      18006.863

    Bayesian (BIC)

        Mean                             18087.831
        Std Dev                            134.095
        Number of successful computations      100

             Proportions                   Percentiles
        Expected    Observed         Expected       Observed
           0.990       0.980        17775.886      17744.302
           0.980       0.970        17812.440      17760.681
           0.950       0.960        17867.258      17883.871
           0.900       0.890        17915.975      17898.716
           0.800       0.790        17974.976      17962.450
           0.700       0.720        18017.511      18019.273
           0.500       0.460        18087.831      18078.633
           0.300       0.260        18158.150      18148.748
           0.200       0.190        18200.685      18192.809
           0.100       0.110        18259.687      18262.632
           0.050       0.070        18308.404      18313.147
           0.020       0.030        18363.222      18366.496
           0.010       0.000        18399.776      18369.834

    Sample-Size Adjusted BIC (n* = (n + 2) / 24)

        Mean                             17777.033
        Std Dev                            134.095
        Number of successful computations      100

             Proportions                   Percentiles
        Expected    Observed         Expected       Observed
           0.990       0.980        17465.087      17433.504
           0.980       0.970        17501.642      17449.882
           0.950       0.960        17556.460      17573.073
           0.900       0.890        17605.177      17587.918
           0.800       0.790        17664.178      17651.652
           0.700       0.720        17706.713      17708.475
           0.500       0.460        17777.033      17767.835
           0.300       0.260        17847.352      17837.950
           0.200       0.190        17889.887      17882.011
           0.100       0.110        17948.889      17951.834
           0.050       0.070        17997.606      18002.349
           0.020       0.030        18052.424      18055.697
           0.010       0.000        18088.978      18059.036

Chi-Square Test of Model Fit

        Degrees of freedom                     226

        Mean                               236.633
        Std Dev                             25.385
        Number of successful computations      100

             Proportions                   Percentiles
        Expected    Observed         Expected       Observed
           0.990       1.000          179.499        180.368
           0.980       0.980          184.510        181.248
           0.950       0.950          192.203        191.460
           0.900       0.940          199.218        207.514
           0.800       0.910          207.940        214.092
           0.700       0.810          214.386        224.485
           0.500       0.680          225.334        233.855
           0.300       0.420          236.647        247.578
           0.200       0.340          243.671        255.809
           0.100       0.250          253.638        265.099
           0.050       0.130          262.070        283.730
           0.020       0.090          271.777        299.881
           0.010       0.090          278.379        301.870

RMSEA (Root Mean Square Error Of Approximation)

        Mean                                 0.011
        Std Dev                              0.010
        Number of successful computations      100

        Cumulative Distribution Function
           Value    Function Value
           0.990       1.000
           0.980       1.000
           0.950       1.000
           0.900       1.000
           0.800       1.000
           0.700       1.000
           0.500       1.000
           0.300       1.000
           0.200       1.000
           0.100       1.000
           0.050       1.000
           0.020       0.750
           0.010       0.400

CFI/TLI

    CFI

        Mean                                 0.996
        Std Dev                              0.005
        Number of successful computations      100

        Cumulative Distribution Function
           Value    Function Value
           0.990       0.120
           0.980       0.010
           0.950       0.000
           0.900       0.000
           0.800       0.000
           0.700       0.000
           0.500       0.000
           0.300       0.000
           0.200       0.000
           0.100       0.000
           0.050       0.000
           0.020       0.000
           0.010       0.000

    TLI

        Mean                                 0.995
        Std Dev                              0.006
        Number of successful computations      100

        Cumulative Distribution Function
           Value    Function Value
           0.990       0.170
           0.980       0.030
           0.950       0.000
           0.900       0.000
           0.800       0.000
           0.700       0.000
           0.500       0.000
           0.300       0.000
           0.200       0.000
           0.100       0.000
           0.050       0.000
           0.020       0.000
           0.010       0.000

SRMR (Standardized Root Mean Square Residual)

        Mean                                 0.032
        Std Dev                              0.003
        Number of successful computations      100

        Cumulative Distribution Function
           Value    Function Value
           0.990       1.000
           0.980       1.000
           0.950       1.000
           0.900       1.000
           0.800       1.000
           0.700       1.000
           0.500       1.000
           0.300       1.000
           0.200       1.000
           0.100       1.000
           0.050       1.000
           0.020       0.000
           0.010       0.000


MODEL RESULTS

                              ESTIMATES              S. E.     M. S. E.  95%  % Sig
                 Population   Average   Std. Dev.   Average             Cover Coeff

 P        BY
  P1                  0.720     0.7215     0.0518     0.0548     0.0027 0.950 1.000
  P2                  0.720     0.7168     0.0550     0.0545     0.0030 0.970 1.000
  P3                  0.720     0.7113     0.0597     0.0541     0.0036 0.930 1.000

 N        BY
  N1                  0.840     0.8307     0.0532     0.0529     0.0029 0.960 1.000
  N2                  0.840     0.8260     0.0512     0.0528     0.0028 0.950 1.000
  N3                  0.840     0.8257     0.0518     0.0529     0.0029 0.920 1.000

 COPE     BY
  COPE1               0.710     0.7165     0.0601     0.0614     0.0036 0.980 1.000
  COPE2               0.710     0.7122     0.0608     0.0610     0.0037 0.950 1.000

 MSPSS    BY
  MSPSS1              0.700     0.7038     0.0663     0.0594     0.0044 0.930 1.000
  MSPSS2              0.700     0.6982     0.0595     0.0591     0.0035 0.960 1.000
  MSPSS3              0.700     0.7040     0.0616     0.0593     0.0038 0.950 1.000

 NEURO    BY
  NEURO1              0.800     0.7908     0.0555     0.0536     0.0031 0.920 1.000
  NEURO2              0.800     0.7957     0.0525     0.0537     0.0027 0.980 1.000

 EXTRA    BY
  EXTRA1              0.670     0.6719     0.0569     0.0593     0.0032 0.970 1.000
  EXTRA2              0.670     0.6611     0.0588     0.0590     0.0035 0.940 1.000
  EXTRA3              0.670     0.6687     0.0619     0.0592     0.0038 0.920 1.000

 PTGI     BY
  PTGI1               0.790     0.7768     0.0484     0.0510     0.0025 0.960 1.000
  PTGI2               0.790     0.7809     0.0566     0.0511     0.0033 0.930 1.000
  PTGI3               0.790     0.7793     0.0487     0.0509     0.0025 0.920 1.000
  PTGI4               0.790     0.7751     0.0552     0.0508     0.0032 0.880 1.000
  PTGI5               0.790     0.7745     0.0510     0.0508     0.0028 0.930 1.000

 IESR     BY
  IESR1               0.850     0.8237     0.0532     0.0486     0.0035 0.910 1.000
  IESR2               0.850     0.8197     0.0520     0.0486     0.0036 0.880 1.000
  IESR3               0.850     0.8258     0.0534     0.0489     0.0034 0.860 1.000

 P        ON
  COPE                0.580     0.5868     0.1164     0.1084     0.0135 0.920 1.000
  MSPSS               0.040     0.0296     0.1065     0.1037     0.0113 0.950 0.080
  NEURO              -0.340    -0.3343     0.1561     0.1379     0.0242 0.940 0.650
  EXTRA              -0.080    -0.0589     0.1619     0.1590     0.0264 0.990 0.050

 N        ON
  COPE                0.180     0.1891     0.0930     0.0932     0.0087 0.960 0.520
  MSPSS              -0.030    -0.0352     0.1133     0.1020     0.0127 0.940 0.050
  NEURO               0.920     0.9311     0.1724     0.1646     0.0295 0.940 1.000
  EXTRA               0.060     0.0563     0.1649     0.1568     0.0269 0.930 0.040

 PTGI     ON
  P                   0.190     0.1818     0.0872     0.0813     0.0076 0.960 0.600
  N                   0.050     0.0500     0.0000     0.0000     0.0000 1.000 0.000
  COPE                0.070     0.0745     0.1098     0.1044     0.0120 0.950 0.120
  MSPSS               0.040     0.0257     0.1048     0.0976     0.0111 0.950 0.080
  NEURO               0.330     0.3447     0.1384     0.1412     0.0192 0.970 0.740
  EXTRA               0.410     0.4429     0.1750     0.1606     0.0314 0.940 0.850

 IESR     ON
  P                   0.070     0.0739     0.0805     0.0805     0.0064 0.940 0.120
  N                   0.460     0.4533     0.0801     0.0833     0.0064 0.980 1.000
  COPE               -0.020    -0.0185     0.1123     0.1075     0.0125 0.940 0.060
  MSPSS              -0.050    -0.0632     0.0939     0.0997     0.0089 0.960 0.070
  NEURO               0.290     0.3327     0.1838     0.1759     0.0353 0.950 0.450
  EXTRA               0.330     0.3552     0.1654     0.1623     0.0277 0.980 0.650

 IESR     WITH
  PTGI                0.230     0.2225     0.0726     0.0699     0.0053 0.960 0.840

 MSPSS    WITH
  COPE                0.250     0.2440     0.0781     0.0738     0.0061 0.940 0.890
  NEURO              -0.250    -0.2446     0.0830     0.0721     0.0068 0.900 0.930
  EXTRA               0.460     0.4516     0.0588     0.0685     0.0035 0.980 1.000

 NEURO    WITH
  COPE               -0.310    -0.3073     0.0744     0.0708     0.0055 0.970 0.990
  EXTRA              -0.660    -0.6601     0.0603     0.0555     0.0036 0.920 1.000

 EXTRA    WITH
  COPE                0.310     0.3205     0.0753     0.0743     0.0057 0.940 0.990

 Intercepts
  P1                  0.000     0.0021     0.0611     0.0657     0.0037 0.960 0.040
  P2                  0.000    -0.0013     0.0591     0.0653     0.0035 1.000 0.000
  P3                  0.000     0.0012     0.0665     0.0651     0.0044 0.960 0.040
  N1                  0.000     0.0141     0.0659     0.0706     0.0045 0.950 0.050
  N2                  0.000     0.0097     0.0716     0.0704     0.0052 0.940 0.060
  N3                  0.000     0.0143     0.0640     0.0705     0.0043 0.970 0.030
  COPE1               0.000     0.0033     0.0562     0.0539     0.0031 0.950 0.050
  COPE2               0.000     0.0047     0.0542     0.0536     0.0029 0.930 0.070
  MSPSS1              0.000     0.0070     0.0581     0.0574     0.0034 0.920 0.080
  MSPSS2              0.000     0.0034     0.0488     0.0571     0.0024 0.970 0.030
  MSPSS3              0.000    -0.0008     0.0507     0.0573     0.0025 0.980 0.020
  NEURO1              0.000     0.0101     0.0555     0.0574     0.0032 0.940 0.060
  NEURO2              0.000     0.0127     0.0538     0.0576     0.0030 0.950 0.050
  EXTRA1              0.000    -0.0104     0.0635     0.0579     0.0041 0.920 0.080
  EXTRA2              0.000    -0.0015     0.0554     0.0575     0.0030 0.960 0.040
  EXTRA3              0.000    -0.0049     0.0587     0.0578     0.0034 0.920 0.080
  PTGI1               0.000     0.0076     0.0640     0.0611     0.0041 0.920 0.080
  PTGI2               0.000     0.0045     0.0659     0.0612     0.0043 0.960 0.040
  PTGI3               0.000     0.0025     0.0685     0.0610     0.0047 0.950 0.050
  PTGI4               0.000     0.0027     0.0573     0.0609     0.0033 0.980 0.020
  PTGI5               0.000     0.0029     0.0641     0.0609     0.0041 0.930 0.070
  IESR1               0.000     0.0068     0.0685     0.0663     0.0047 0.970 0.030
  IESR2               0.000     0.0013     0.0752     0.0661     0.0056 0.910 0.090
  IESR3               0.000     0.0077     0.0704     0.0666     0.0050 0.930 0.070

 Variances
  COPE                1.000     1.0000     0.0000     0.0000     0.0000 1.000 0.000
  MSPSS               1.000     1.0000     0.0000     0.0000     0.0000 1.000 0.000
  NEURO               1.000     1.0000     0.0000     0.0000     0.0000 1.000 0.000
  EXTRA               1.000     1.0000     0.0000     0.0000     0.0000 1.000 0.000

 Residual Variances
  P1                  0.482     0.4788     0.0627     0.0591     0.0039 0.950 1.000
  P2                  0.482     0.4746     0.0641     0.0585     0.0041 0.940 1.000
  P3                  0.482     0.4778     0.0632     0.0582     0.0040 0.960 1.000
  N1                  0.294     0.2849     0.0318     0.0356     0.0011 0.950 1.000
  N2                  0.294     0.2891     0.0346     0.0356     0.0012 0.940 1.000
  N3                  0.294     0.2938     0.0343     0.0360     0.0012 0.950 1.000
  COPE1               0.360     0.3554     0.0704     0.0664     0.0049 0.950 0.990
  COPE2               0.360     0.3514     0.0726     0.0657     0.0053 0.940 1.000
  MSPSS1              0.496     0.4904     0.0665     0.0611     0.0044 0.940 1.000
  MSPSS2              0.496     0.4873     0.0638     0.0604     0.0041 0.950 1.000
  MSPSS3              0.496     0.4877     0.0599     0.0610     0.0036 0.910 1.000
  NEURO1              0.360     0.3621     0.0488     0.0495     0.0024 0.970 1.000
  NEURO2              0.360     0.3594     0.0537     0.0498     0.0029 0.950 1.000
  EXTRA1              0.551     0.5514     0.0614     0.0609     0.0037 0.950 1.000
  EXTRA2              0.551     0.5536     0.0608     0.0603     0.0037 0.930 1.000
  EXTRA3              0.551     0.5533     0.0681     0.0607     0.0046 0.950 1.000
  PTGI1               0.376     0.3775     0.0342     0.0385     0.0012 0.950 1.000
  PTGI2               0.376     0.3734     0.0360     0.0383     0.0013 0.970 1.000
  PTGI3               0.376     0.3686     0.0366     0.0379     0.0014 0.930 1.000
  PTGI4               0.376     0.3721     0.0474     0.0380     0.0022 0.880 1.000
  PTGI5               0.376     0.3739     0.0362     0.0381     0.0013 0.960 1.000
  IESR1               0.278     0.2743     0.0361     0.0347     0.0013 0.960 1.000
  IESR2               0.278     0.2765     0.0359     0.0346     0.0013 0.950 1.000
  IESR3               0.278     0.2805     0.0352     0.0351     0.0012 0.940 1.000
  P                   1.000     1.0000     0.0000     0.0000     0.0000 1.000 0.000
  N                   1.000     1.0000     0.0000     0.0000     0.0000 1.000 0.000
  PTGI                1.000     1.0000     0.0000     0.0000     0.0000 1.000 0.000
  IESR                1.000     1.0000     0.0000     0.0000     0.0000 1.000 0.000


QUALITY OF NUMERICAL RESULTS

     Average Condition Number for the Information Matrix      0.768E-02
       (ratio of smallest to largest eigenvalue)


TECHNICAL OUTPUT


     PARAMETER SPECIFICATION


           NU
              P1            P2            P3            N1            N2
              ________      ________      ________      ________      ________
                  1             2             3             4             5


           NU
              N3            COPE1         COPE2         MSPSS1        MSPSS2
              ________      ________      ________      ________      ________
                  6             7             8             9            10


           NU
              MSPSS3        NEURO1        NEURO2        EXTRA1        EXTRA2
              ________      ________      ________      ________      ________
                 11            12            13            14            15


           NU
              EXTRA3        PTGI1         PTGI2         PTGI3         PTGI4
              ________      ________      ________      ________      ________
                 16            17            18            19            20


           NU
              PTGI5         IESR1         IESR2         IESR3
              ________      ________      ________      ________
                 21            22            23            24


           LAMBDA
              P             N             COPE          MSPSS         NEURO
              ________      ________      ________      ________      ________
 P1                25             0             0             0             0
 P2                26             0             0             0             0
 P3                27             0             0             0             0
 N1                 0            28             0             0             0
 N2                 0            29             0             0             0
 N3                 0            30             0             0             0
 COPE1              0             0            31             0             0
 COPE2              0             0            32             0             0
 MSPSS1             0             0             0            33             0
 MSPSS2             0             0             0            34             0
 MSPSS3             0             0             0            35             0
 NEURO1             0             0             0             0            36
 NEURO2             0             0             0             0            37
 EXTRA1             0             0             0             0             0
 EXTRA2             0             0             0             0             0
 EXTRA3             0             0             0             0             0
 PTGI1              0             0             0             0             0
 PTGI2              0             0             0             0             0
 PTGI3              0             0             0             0             0
 PTGI4              0             0             0             0             0
 PTGI5              0             0             0             0             0
 IESR1              0             0             0             0             0
 IESR2              0             0             0             0             0
 IESR3              0             0             0             0             0


           LAMBDA
              EXTRA         PTGI          IESR
              ________      ________      ________
 P1                 0             0             0
 P2                 0             0             0
 P3                 0             0             0
 N1                 0             0             0
 N2                 0             0             0
 N3                 0             0             0
 COPE1              0             0             0
 COPE2              0             0             0
 MSPSS1             0             0             0
 MSPSS2             0             0             0
 MSPSS3             0             0             0
 NEURO1             0             0             0
 NEURO2             0             0             0
 EXTRA1            38             0             0
 EXTRA2            39             0             0
 EXTRA3            40             0             0
 PTGI1              0            41             0
 PTGI2              0            42             0
 PTGI3              0            43             0
 PTGI4              0            44             0
 PTGI5              0            45             0
 IESR1              0             0            46
 IESR2              0             0            47
 IESR3              0             0            48


           THETA
              P1            P2            P3            N1            N2
              ________      ________      ________      ________      ________
 P1                49
 P2                 0            50
 P3                 0             0            51
 N1                 0             0             0            52
 N2                 0             0             0             0            53
 N3                 0             0             0             0             0
 COPE1              0             0             0             0             0
 COPE2              0             0             0             0             0
 MSPSS1             0             0             0             0             0
 MSPSS2             0             0             0             0             0
 MSPSS3             0             0             0             0             0
 NEURO1             0             0             0             0             0
 NEURO2             0             0             0             0             0
 EXTRA1             0             0             0             0             0
 EXTRA2             0             0             0             0             0
 EXTRA3             0             0             0             0             0
 PTGI1              0             0             0             0             0
 PTGI2              0             0             0             0             0
 PTGI3              0             0             0             0             0
 PTGI4              0             0             0             0             0
 PTGI5              0             0             0             0             0
 IESR1              0             0             0             0             0
 IESR2              0             0             0             0             0
 IESR3              0             0             0             0             0


           THETA
              N3            COPE1         COPE2         MSPSS1        MSPSS2
              ________      ________      ________      ________      ________
 N3                54
 COPE1              0            55
 COPE2              0             0            56
 MSPSS1             0             0             0            57
 MSPSS2             0             0             0             0            58
 MSPSS3             0             0             0             0             0
 NEURO1             0             0             0             0             0
 NEURO2             0             0             0             0             0
 EXTRA1             0             0             0             0             0
 EXTRA2             0             0             0             0             0
 EXTRA3             0             0             0             0             0
 PTGI1              0             0             0             0             0
 PTGI2              0             0             0             0             0
 PTGI3              0             0             0             0             0
 PTGI4              0             0             0             0             0
 PTGI5              0             0             0             0             0
 IESR1              0             0             0             0             0
 IESR2              0             0             0             0             0
 IESR3              0             0             0             0             0


           THETA
              MSPSS3        NEURO1        NEURO2        EXTRA1        EXTRA2
              ________      ________      ________      ________      ________
 MSPSS3            59
 NEURO1             0            60
 NEURO2             0             0            61
 EXTRA1             0             0             0            62
 EXTRA2             0             0             0             0            63
 EXTRA3             0             0             0             0             0
 PTGI1              0             0             0             0             0
 PTGI2              0             0             0             0             0
 PTGI3              0             0             0             0             0
 PTGI4              0             0             0             0             0
 PTGI5              0             0             0             0             0
 IESR1              0             0             0             0             0
 IESR2              0             0             0             0             0
 IESR3              0             0             0             0             0


           THETA
              EXTRA3        PTGI1         PTGI2         PTGI3         PTGI4
              ________      ________      ________      ________      ________
 EXTRA3            64
 PTGI1              0            65
 PTGI2              0             0            66
 PTGI3              0             0             0            67
 PTGI4              0             0             0             0            68
 PTGI5              0             0             0             0             0
 IESR1              0             0             0             0             0
 IESR2              0             0             0             0             0
 IESR3              0             0             0             0             0


           THETA
              PTGI5         IESR1         IESR2         IESR3
              ________      ________      ________      ________
 PTGI5             69
 IESR1              0            70
 IESR2              0             0            71
 IESR3              0             0             0            72


           ALPHA
              P             N             COPE          MSPSS         NEURO
              ________      ________      ________      ________      ________
                  0             0             0             0             0


           ALPHA
              EXTRA         PTGI          IESR
              ________      ________      ________
                  0             0             0


           BETA
              P             N             COPE          MSPSS         NEURO
              ________      ________      ________      ________      ________
 P                  0             0            73            74            75
 N                  0             0            77            78            79
 COPE               0             0             0             0             0
 MSPSS              0             0             0             0             0
 NEURO              0             0             0             0             0
 EXTRA              0             0             0             0             0
 PTGI              81             0            82            83            84
 IESR              86            87            88            89            90


           BETA
              EXTRA         PTGI          IESR
              ________      ________      ________
 P                 76             0             0
 N                 80             0             0
 COPE               0             0             0
 MSPSS              0             0             0
 NEURO              0             0             0
 EXTRA              0             0             0
 PTGI              85             0             0
 IESR              91             0             0


           PSI
              P             N             COPE          MSPSS         NEURO
              ________      ________      ________      ________      ________
 P                  0
 N                  0             0
 COPE               0             0             0
 MSPSS              0             0            92             0
 NEURO              0             0            93            94             0
 EXTRA              0             0            95            96            97
 PTGI               0             0             0             0             0
 IESR               0             0             0             0             0


           PSI
              EXTRA         PTGI          IESR
              ________      ________      ________
 EXTRA              0
 PTGI               0             0
 IESR               0            98             0


     STARTING VALUES


           NU
              P1            P2            P3            N1            N2
              ________      ________      ________      ________      ________
                0.000         0.000         0.000         0.000         0.000


           NU
              N3            COPE1         COPE2         MSPSS1        MSPSS2
              ________      ________      ________      ________      ________
                0.000         0.000         0.000         0.000         0.000


           NU
              MSPSS3        NEURO1        NEURO2        EXTRA1        EXTRA2
              ________      ________      ________      ________      ________
                0.000         0.000         0.000         0.000         0.000


           NU
              EXTRA3        PTGI1         PTGI2         PTGI3         PTGI4
              ________      ________      ________      ________      ________
                0.000         0.000         0.000         0.000         0.000


           NU
              PTGI5         IESR1         IESR2         IESR3
              ________      ________      ________      ________
                0.000         0.000         0.000         0.000


           LAMBDA
              P             N             COPE          MSPSS         NEURO
              ________      ________      ________      ________      ________
 P1             0.720         0.000         0.000         0.000         0.000
 P2             0.720         0.000         0.000         0.000         0.000
 P3             0.720         0.000         0.000         0.000         0.000
 N1             0.000         0.840         0.000         0.000         0.000
 N2             0.000         0.840         0.000         0.000         0.000
 N3             0.000         0.840         0.000         0.000         0.000
 COPE1          0.000         0.000         0.710         0.000         0.000
 COPE2          0.000         0.000         0.710         0.000         0.000
 MSPSS1         0.000         0.000         0.000         0.700         0.000
 MSPSS2         0.000         0.000         0.000         0.700         0.000
 MSPSS3         0.000         0.000         0.000         0.700         0.000
 NEURO1         0.000         0.000         0.000         0.000         0.800
 NEURO2         0.000         0.000         0.000         0.000         0.800
 EXTRA1         0.000         0.000         0.000         0.000         0.000
 EXTRA2         0.000         0.000         0.000         0.000         0.000
 EXTRA3         0.000         0.000         0.000         0.000         0.000
 PTGI1          0.000         0.000         0.000         0.000         0.000
 PTGI2          0.000         0.000         0.000         0.000         0.000
 PTGI3          0.000         0.000         0.000         0.000         0.000
 PTGI4          0.000         0.000         0.000         0.000         0.000
 PTGI5          0.000         0.000         0.000         0.000         0.000
 IESR1          0.000         0.000         0.000         0.000         0.000
 IESR2          0.000         0.000         0.000         0.000         0.000
 IESR3          0.000         0.000         0.000         0.000         0.000


           LAMBDA
              EXTRA         PTGI          IESR
              ________      ________      ________
 P1             0.000         0.000         0.000
 P2             0.000         0.000         0.000
 P3             0.000         0.000         0.000
 N1             0.000         0.000         0.000
 N2             0.000         0.000         0.000
 N3             0.000         0.000         0.000
 COPE1          0.000         0.000         0.000
 COPE2          0.000         0.000         0.000
 MSPSS1         0.000         0.000         0.000
 MSPSS2         0.000         0.000         0.000
 MSPSS3         0.000         0.000         0.000
 NEURO1         0.000         0.000         0.000
 NEURO2         0.000         0.000         0.000
 EXTRA1         0.670         0.000         0.000
 EXTRA2         0.670         0.000         0.000
 EXTRA3         0.670         0.000         0.000
 PTGI1          0.000         0.790         0.000
 PTGI2          0.000         0.790         0.000
 PTGI3          0.000         0.790         0.000
 PTGI4          0.000         0.790         0.000
 PTGI5          0.000         0.790         0.000
 IESR1          0.000         0.000         0.850
 IESR2          0.000         0.000         0.850
 IESR3          0.000         0.000         0.850


           THETA
              P1            P2            P3            N1            N2
              ________      ________      ________      ________      ________
 P1             0.482
 P2             0.000         0.482
 P3             0.000         0.000         0.482
 N1             0.000         0.000         0.000         0.294
 N2             0.000         0.000         0.000         0.000         0.294
 N3             0.000         0.000         0.000         0.000         0.000
 COPE1          0.000         0.000         0.000         0.000         0.000
 COPE2          0.000         0.000         0.000         0.000         0.000
 MSPSS1         0.000         0.000         0.000         0.000         0.000
 MSPSS2         0.000         0.000         0.000         0.000         0.000
 MSPSS3         0.000         0.000         0.000         0.000         0.000
 NEURO1         0.000         0.000         0.000         0.000         0.000
 NEURO2         0.000         0.000         0.000         0.000         0.000
 EXTRA1         0.000         0.000         0.000         0.000         0.000
 EXTRA2         0.000         0.000         0.000         0.000         0.000
 EXTRA3         0.000         0.000         0.000         0.000         0.000
 PTGI1          0.000         0.000         0.000         0.000         0.000
 PTGI2          0.000         0.000         0.000         0.000         0.000
 PTGI3          0.000         0.000         0.000         0.000         0.000
 PTGI4          0.000         0.000         0.000         0.000         0.000
 PTGI5          0.000         0.000         0.000         0.000         0.000
 IESR1          0.000         0.000         0.000         0.000         0.000
 IESR2          0.000         0.000         0.000         0.000         0.000
 IESR3          0.000         0.000         0.000         0.000         0.000


           THETA
              N3            COPE1         COPE2         MSPSS1        MSPSS2
              ________      ________      ________      ________      ________
 N3             0.294
 COPE1          0.000         0.360
 COPE2          0.000         0.000         0.360
 MSPSS1         0.000         0.000         0.000         0.496
 MSPSS2         0.000         0.000         0.000         0.000         0.496
 MSPSS3         0.000         0.000         0.000         0.000         0.000
 NEURO1         0.000         0.000         0.000         0.000         0.000
 NEURO2         0.000         0.000         0.000         0.000         0.000
 EXTRA1         0.000         0.000         0.000         0.000         0.000
 EXTRA2         0.000         0.000         0.000         0.000         0.000
 EXTRA3         0.000         0.000         0.000         0.000         0.000
 PTGI1          0.000         0.000         0.000         0.000         0.000
 PTGI2          0.000         0.000         0.000         0.000         0.000
 PTGI3          0.000         0.000         0.000         0.000         0.000
 PTGI4          0.000         0.000         0.000         0.000         0.000
 PTGI5          0.000         0.000         0.000         0.000         0.000
 IESR1          0.000         0.000         0.000         0.000         0.000
 IESR2          0.000         0.000         0.000         0.000         0.000
 IESR3          0.000         0.000         0.000         0.000         0.000


           THETA
              MSPSS3        NEURO1        NEURO2        EXTRA1        EXTRA2
              ________      ________      ________      ________      ________
 MSPSS3         0.496
 NEURO1         0.000         0.360
 NEURO2         0.000         0.000         0.360
 EXTRA1         0.000         0.000         0.000         0.551
 EXTRA2         0.000         0.000         0.000         0.000         0.551
 EXTRA3         0.000         0.000         0.000         0.000         0.000
 PTGI1          0.000         0.000         0.000         0.000         0.000
 PTGI2          0.000         0.000         0.000         0.000         0.000
 PTGI3          0.000         0.000         0.000         0.000         0.000
 PTGI4          0.000         0.000         0.000         0.000         0.000
 PTGI5          0.000         0.000         0.000         0.000         0.000
 IESR1          0.000         0.000         0.000         0.000         0.000
 IESR2          0.000         0.000         0.000         0.000         0.000
 IESR3          0.000         0.000         0.000         0.000         0.000


           THETA
              EXTRA3        PTGI1         PTGI2         PTGI3         PTGI4
              ________      ________      ________      ________      ________
 EXTRA3         0.551
 PTGI1          0.000         0.376
 PTGI2          0.000         0.000         0.376
 PTGI3          0.000         0.000         0.000         0.376
 PTGI4          0.000         0.000         0.000         0.000         0.376
 PTGI5          0.000         0.000         0.000         0.000         0.000
 IESR1          0.000         0.000         0.000         0.000         0.000
 IESR2          0.000         0.000         0.000         0.000         0.000
 IESR3          0.000         0.000         0.000         0.000         0.000


           THETA
              PTGI5         IESR1         IESR2         IESR3
              ________      ________      ________      ________
 PTGI5          0.376
 IESR1          0.000         0.278
 IESR2          0.000         0.000         0.278
 IESR3          0.000         0.000         0.000         0.278


           ALPHA
              P             N             COPE          MSPSS         NEURO
              ________      ________      ________      ________      ________
                0.000         0.000         0.000         0.000         0.000


           ALPHA
              EXTRA         PTGI          IESR
              ________      ________      ________
                0.000         0.000         0.000


           BETA
              P             N             COPE          MSPSS         NEURO
              ________      ________      ________      ________      ________
 P              0.000         0.000         0.580         0.040        -0.340
 N              0.000         0.000         0.180        -0.030         0.920
 COPE           0.000         0.000         0.000         0.000         0.000
 MSPSS          0.000         0.000         0.000         0.000         0.000
 NEURO          0.000         0.000         0.000         0.000         0.000
 EXTRA          0.000         0.000         0.000         0.000         0.000
 PTGI           0.190         0.050         0.070         0.040         0.330
 IESR           0.070         0.460        -0.020        -0.050         0.290


           BETA
              EXTRA         PTGI          IESR
              ________      ________      ________
 P             -0.080         0.000         0.000
 N              0.060         0.000         0.000
 COPE           0.000         0.000         0.000
 MSPSS          0.000         0.000         0.000
 NEURO          0.000         0.000         0.000
 EXTRA          0.000         0.000         0.000
 PTGI           0.410         0.000         0.000
 IESR           0.330         0.000         0.000


           PSI
              P             N             COPE          MSPSS         NEURO
              ________      ________      ________      ________      ________
 P              1.000
 N              0.000         1.000
 COPE           0.000         0.000         1.000
 MSPSS          0.000         0.000         0.250         1.000
 NEURO          0.000         0.000        -0.310        -0.250         1.000
 EXTRA          0.000         0.000         0.310         0.460        -0.660
 PTGI           0.000         0.000         0.000         0.000         0.000
 IESR           0.000         0.000         0.000         0.000         0.000


           PSI
              EXTRA         PTGI          IESR
              ________      ________      ________
 EXTRA          1.000
 PTGI           0.000         1.000
 IESR           0.000         0.230         1.000


     POPULATION VALUES


           NU
              P1            P2            P3            N1            N2
              ________      ________      ________      ________      ________
                0.000         0.000         0.000         0.000         0.000


           NU
              N3            COPE1         COPE2         MSPSS1        MSPSS2
              ________      ________      ________      ________      ________
                0.000         0.000         0.000         0.000         0.000


           NU
              MSPSS3        NEURO1        NEURO2        EXTRA1        EXTRA2
              ________      ________      ________      ________      ________
                0.000         0.000         0.000         0.000         0.000


           NU
              EXTRA3        PTGI1         PTGI2         PTGI3         PTGI4
              ________      ________      ________      ________      ________
                0.000         0.000         0.000         0.000         0.000


           NU
              PTGI5         IESR1         IESR2         IESR3
              ________      ________      ________      ________
                0.000         0.000         0.000         0.000


           LAMBDA
              P             N             COPE          MSPSS         NEURO
              ________      ________      ________      ________      ________
 P1             0.720         0.000         0.000         0.000         0.000
 P2             0.720         0.000         0.000         0.000         0.000
 P3             0.720         0.000         0.000         0.000         0.000
 N1             0.000         0.840         0.000         0.000         0.000
 N2             0.000         0.840         0.000         0.000         0.000
 N3             0.000         0.840         0.000         0.000         0.000
 COPE1          0.000         0.000         0.710         0.000         0.000
 COPE2          0.000         0.000         0.710         0.000         0.000
 MSPSS1         0.000         0.000         0.000         0.700         0.000
 MSPSS2         0.000         0.000         0.000         0.700         0.000
 MSPSS3         0.000         0.000         0.000         0.700         0.000
 NEURO1         0.000         0.000         0.000         0.000         0.800
 NEURO2         0.000         0.000         0.000         0.000         0.800
 EXTRA1         0.000         0.000         0.000         0.000         0.000
 EXTRA2         0.000         0.000         0.000         0.000         0.000
 EXTRA3         0.000         0.000         0.000         0.000         0.000
 PTGI1          0.000         0.000         0.000         0.000         0.000
 PTGI2          0.000         0.000         0.000         0.000         0.000
 PTGI3          0.000         0.000         0.000         0.000         0.000
 PTGI4          0.000         0.000         0.000         0.000         0.000
 PTGI5          0.000         0.000         0.000         0.000         0.000
 IESR1          0.000         0.000         0.000         0.000         0.000
 IESR2          0.000         0.000         0.000         0.000         0.000
 IESR3          0.000         0.000         0.000         0.000         0.000


           LAMBDA
              EXTRA         PTGI          IESR
              ________      ________      ________
 P1             0.000         0.000         0.000
 P2             0.000         0.000         0.000
 P3             0.000         0.000         0.000
 N1             0.000         0.000         0.000
 N2             0.000         0.000         0.000
 N3             0.000         0.000         0.000
 COPE1          0.000         0.000         0.000
 COPE2          0.000         0.000         0.000
 MSPSS1         0.000         0.000         0.000
 MSPSS2         0.000         0.000         0.000
 MSPSS3         0.000         0.000         0.000
 NEURO1         0.000         0.000         0.000
 NEURO2         0.000         0.000         0.000
 EXTRA1         0.670         0.000         0.000
 EXTRA2         0.670         0.000         0.000
 EXTRA3         0.670         0.000         0.000
 PTGI1          0.000         0.790         0.000
 PTGI2          0.000         0.790         0.000
 PTGI3          0.000         0.790         0.000
 PTGI4          0.000         0.790         0.000
 PTGI5          0.000         0.790         0.000
 IESR1          0.000         0.000         0.850
 IESR2          0.000         0.000         0.850
 IESR3          0.000         0.000         0.850


           THETA
              P1            P2            P3            N1            N2
              ________      ________      ________      ________      ________
 P1             0.482
 P2             0.000         0.482
 P3             0.000         0.000         0.482
 N1             0.000         0.000         0.000         0.294
 N2             0.000         0.000         0.000         0.000         0.294
 N3             0.000         0.000         0.000         0.000         0.000
 COPE1          0.000         0.000         0.000         0.000         0.000
 COPE2          0.000         0.000         0.000         0.000         0.000
 MSPSS1         0.000         0.000         0.000         0.000         0.000
 MSPSS2         0.000         0.000         0.000         0.000         0.000
 MSPSS3         0.000         0.000         0.000         0.000         0.000
 NEURO1         0.000         0.000         0.000         0.000         0.000
 NEURO2         0.000         0.000         0.000         0.000         0.000
 EXTRA1         0.000         0.000         0.000         0.000         0.000
 EXTRA2         0.000         0.000         0.000         0.000         0.000
 EXTRA3         0.000         0.000         0.000         0.000         0.000
 PTGI1          0.000         0.000         0.000         0.000         0.000
 PTGI2          0.000         0.000         0.000         0.000         0.000
 PTGI3          0.000         0.000         0.000         0.000         0.000
 PTGI4          0.000         0.000         0.000         0.000         0.000
 PTGI5          0.000         0.000         0.000         0.000         0.000
 IESR1          0.000         0.000         0.000         0.000         0.000
 IESR2          0.000         0.000         0.000         0.000         0.000
 IESR3          0.000         0.000         0.000         0.000         0.000


           THETA
              N3            COPE1         COPE2         MSPSS1        MSPSS2
              ________      ________      ________      ________      ________
 N3             0.294
 COPE1          0.000         0.360
 COPE2          0.000         0.000         0.360
 MSPSS1         0.000         0.000         0.000         0.496
 MSPSS2         0.000         0.000         0.000         0.000         0.496
 MSPSS3         0.000         0.000         0.000         0.000         0.000
 NEURO1         0.000         0.000         0.000         0.000         0.000
 NEURO2         0.000         0.000         0.000         0.000         0.000
 EXTRA1         0.000         0.000         0.000         0.000         0.000
 EXTRA2         0.000         0.000         0.000         0.000         0.000
 EXTRA3         0.000         0.000         0.000         0.000         0.000
 PTGI1          0.000         0.000         0.000         0.000         0.000
 PTGI2          0.000         0.000         0.000         0.000         0.000
 PTGI3          0.000         0.000         0.000         0.000         0.000
 PTGI4          0.000         0.000         0.000         0.000         0.000
 PTGI5          0.000         0.000         0.000         0.000         0.000
 IESR1          0.000         0.000         0.000         0.000         0.000
 IESR2          0.000         0.000         0.000         0.000         0.000
 IESR3          0.000         0.000         0.000         0.000         0.000


           THETA
              MSPSS3        NEURO1        NEURO2        EXTRA1        EXTRA2
              ________      ________      ________      ________      ________
 MSPSS3         0.496
 NEURO1         0.000         0.360
 NEURO2         0.000         0.000         0.360
 EXTRA1         0.000         0.000         0.000         0.551
 EXTRA2         0.000         0.000         0.000         0.000         0.551
 EXTRA3         0.000         0.000         0.000         0.000         0.000
 PTGI1          0.000         0.000         0.000         0.000         0.000
 PTGI2          0.000         0.000         0.000         0.000         0.000
 PTGI3          0.000         0.000         0.000         0.000         0.000
 PTGI4          0.000         0.000         0.000         0.000         0.000
 PTGI5          0.000         0.000         0.000         0.000         0.000
 IESR1          0.000         0.000         0.000         0.000         0.000
 IESR2          0.000         0.000         0.000         0.000         0.000
 IESR3          0.000         0.000         0.000         0.000         0.000


           THETA
              EXTRA3        PTGI1         PTGI2         PTGI3         PTGI4
              ________      ________      ________      ________      ________
 EXTRA3         0.551
 PTGI1          0.000         0.376
 PTGI2          0.000         0.000         0.376
 PTGI3          0.000         0.000         0.000         0.376
 PTGI4          0.000         0.000         0.000         0.000         0.376
 PTGI5          0.000         0.000         0.000         0.000         0.000
 IESR1          0.000         0.000         0.000         0.000         0.000
 IESR2          0.000         0.000         0.000         0.000         0.000
 IESR3          0.000         0.000         0.000         0.000         0.000


           THETA
              PTGI5         IESR1         IESR2         IESR3
              ________      ________      ________      ________
 PTGI5          0.376
 IESR1          0.000         0.278
 IESR2          0.000         0.000         0.278
 IESR3          0.000         0.000         0.000         0.278


           ALPHA
              P             N             COPE          MSPSS         NEURO
              ________      ________      ________      ________      ________
                0.000         0.000         0.000         0.000         0.000


           ALPHA
              EXTRA         PTGI          IESR
              ________      ________      ________
                0.000         0.000         0.000


           BETA
              P             N             COPE          MSPSS         NEURO
              ________      ________      ________      ________      ________
 P              0.000         0.000         0.580         0.040        -0.340
 N              0.000         0.000         0.180        -0.030         0.920
 COPE           0.000         0.000         0.000         0.000         0.000
 MSPSS          0.000         0.000         0.000         0.000         0.000
 NEURO          0.000         0.000         0.000         0.000         0.000
 EXTRA          0.000         0.000         0.000         0.000         0.000
 PTGI           0.190         0.050         0.070         0.040         0.330
 IESR           0.070         0.460        -0.020        -0.050         0.290


           BETA
              EXTRA         PTGI          IESR
              ________      ________      ________
 P             -0.080         0.000         0.000
 N              0.060         0.000         0.000
 COPE           0.000         0.000         0.000
 MSPSS          0.000         0.000         0.000
 NEURO          0.000         0.000         0.000
 EXTRA          0.000         0.000         0.000
 PTGI           0.410         0.000         0.000
 IESR           0.330         0.000         0.000


           PSI
              P             N             COPE          MSPSS         NEURO
              ________      ________      ________      ________      ________
 P              1.000
 N              0.000         1.000
 COPE           0.000         0.000         1.000
 MSPSS          0.000         0.000         0.250         1.000
 NEURO          0.000         0.000        -0.310        -0.250         1.000
 EXTRA          0.000         0.000         0.310         0.460        -0.660
 PTGI           0.000         0.000         0.000         0.000         0.000
 IESR           0.000         0.000         0.000         0.000         0.000


           PSI
              EXTRA         PTGI          IESR
              ________      ________      ________
 EXTRA          1.000
 PTGI           0.000         1.000
 IESR           0.000         0.230         1.000


TECHNICAL 9 OUTPUT

  Error messages for each replication (if any)



     Beginning Time:  07:55:24
        Ending Time:  07:55:28
       Elapsed Time:  00:00:04



MUTHEN & MUTHEN
3463 Stoner Ave.
Los Angeles, CA  90066

Tel: (310) 391-9971
Fax: (310) 391-8971
Web: www.StatModel.com
Support: Support@StatModel.com

Copyright (c) 1998-2021 Muthen & Muthen
