Mplus VERSION 8.6 (Mac)
MUTHEN & MUTHEN
10/26/2022   5:40 PM

INPUT INSTRUCTIONS

  TITLE: Monte Carlo simulation for testing factor covariance
  MONTECARLO: NAMES=X1-X8;
  NOBSERVATIONS = 300;
  NREPS = 10000;
  SEED = 12345;
  MODEL POPULATION:
    [X1-X8@0];
  F1 BY X1-X4@0.5;
  F2 BY X5-X8@0.5;
  F1@1;
  F2@1;
  X1-X8@0.75
  F1 WITH F2@0.20;
  MODEL:
    [X1-X8*0];
  F1 BY X1-X4*0.5;
  F2 BY X5-X8*0.5;
  F1@1;
  F2@1;
  X1-X8*0.75
  F1 WITH F2*0.20;
  OUTPUT: TECH9;



INPUT READING TERMINATED NORMALLY



Monte Carlo simulation for testing factor covariance

SUMMARY OF ANALYSIS

Number of groups                                                 1
Number of observations                                         300

Number of replications
    Requested                                                10000
    Completed                                                10000
Value of seed                                                12345

Number of dependent variables                                    8
Number of independent variables                                  0
Number of continuous latent variables                            2

Observed dependent variables

  Continuous
   X1          X2          X3          X4          X5          X6
   X7          X8

Continuous latent variables
   F1          F2


Estimator                                                       ML
Information matrix                                        OBSERVED
Maximum number of iterations                                  1000
Convergence criterion                                    0.500D-04
Maximum number of steepest descent iterations                   20



SAMPLE STATISTICS FOR THE FIRST REPLICATION


     SAMPLE STATISTICS


           Means
              X1            X2            X3            X4            X5
              ________      ________      ________      ________      ________
                0.120         0.085         0.042        -0.060         0.067


           Means
              X6            X7            X8
              ________      ________      ________
               -0.053        -0.066        -0.013


           Covariances
              X1            X2            X3            X4            X5
              ________      ________      ________      ________      ________
 X1             0.845
 X2             0.182         1.010
 X3             0.156         0.209         0.983
 X4             0.221         0.191         0.179         0.987
 X5            -0.063        -0.012        -0.026        -0.019         1.018
 X6            -0.009         0.015        -0.029         0.042         0.231
 X7            -0.003        -0.019         0.059         0.105         0.267
 X8             0.014         0.010        -0.011         0.014         0.349


           Covariances
              X6            X7            X8
              ________      ________      ________
 X6             0.861
 X7             0.245         1.028
 X8             0.262         0.309         1.142


           Correlations
              X1            X2            X3            X4            X5
              ________      ________      ________      ________      ________
 X1             1.000
 X2             0.197         1.000
 X3             0.172         0.210         1.000
 X4             0.242         0.191         0.182         1.000
 X5            -0.068        -0.012        -0.026        -0.019         1.000
 X6            -0.010         0.016        -0.032         0.045         0.246
 X7            -0.003        -0.019         0.058         0.105         0.261
 X8             0.014         0.009        -0.011         0.013         0.324


           Correlations
              X6            X7            X8
              ________      ________      ________
 X6             1.000
 X7             0.260         1.000
 X8             0.265         0.285         1.000


MODEL FIT INFORMATION

Number of Free Parameters                       25

Loglikelihood

    H0 Value

        Mean                             -3299.381
        Std Dev                             34.893
        Number of successful computations    10000

             Proportions                   Percentiles
        Expected    Observed         Expected       Observed
           0.990       0.991        -3380.554      -3379.813
           0.980       0.980        -3371.042      -3371.135
           0.950       0.950        -3356.777      -3356.651
           0.900       0.900        -3344.101      -3344.187
           0.800       0.805        -3328.747      -3328.204
           0.700       0.704        -3317.679      -3317.308
           0.500       0.496        -3299.381      -3299.698
           0.300       0.297        -3281.083      -3281.384
           0.200       0.199        -3270.015      -3270.180
           0.100       0.100        -3254.662      -3254.649
           0.050       0.051        -3241.985      -3241.728
           0.020       0.022        -3227.721      -3226.822
           0.010       0.011        -3218.209      -3217.005

    H1 Value

        Mean                             -3289.741
        Std Dev                             35.013
        Number of successful computations    10000

             Proportions                   Percentiles
        Expected    Observed         Expected       Observed
           0.990       0.991        -3371.192      -3370.351
           0.980       0.980        -3361.648      -3361.746
           0.950       0.951        -3347.334      -3347.197
           0.900       0.900        -3334.614      -3334.650
           0.800       0.807        -3319.208      -3318.595
           0.700       0.703        -3308.102      -3307.854
           0.500       0.495        -3289.741      -3290.180
           0.300       0.296        -3271.380      -3271.846
           0.200       0.198        -3260.274      -3260.497
           0.100       0.100        -3244.868      -3244.881
           0.050       0.050        -3232.148      -3232.132
           0.020       0.022        -3217.834      -3217.012
           0.010       0.011        -3208.289      -3207.038

Information Criteria

    Akaike (AIC)

        Mean                              6648.762
        Std Dev                             69.787
        Number of successful computations    10000

             Proportions                   Percentiles
        Expected    Observed         Expected       Observed
           0.990       0.989         6486.417       6483.846
           0.980       0.978         6505.441       6503.610
           0.950       0.949         6533.970       6533.420
           0.900       0.900         6559.324       6559.215
           0.800       0.801         6590.030       6590.279
           0.700       0.703         6612.166       6612.763
           0.500       0.504         6648.762       6649.396
           0.300       0.296         6685.358       6684.595
           0.200       0.195         6707.495       6706.403
           0.100       0.100         6738.201       6738.314
           0.050       0.050         6763.555       6763.272
           0.020       0.020         6792.083       6792.155
           0.010       0.009         6811.107       6809.419

    Bayesian (BIC)

        Mean                              6741.357
        Std Dev                             69.787
        Number of successful computations    10000

             Proportions                   Percentiles
        Expected    Observed         Expected       Observed
           0.990       0.989         6579.012       6576.440
           0.980       0.978         6598.036       6596.204
           0.950       0.949         6626.565       6626.015
           0.900       0.900         6651.918       6651.810
           0.800       0.801         6682.624       6682.873
           0.700       0.703         6704.761       6705.357
           0.500       0.504         6741.357       6741.991
           0.300       0.296         6777.953       6777.189
           0.200       0.195         6800.089       6798.998
           0.100       0.100         6830.796       6830.908
           0.050       0.050         6856.149       6855.866
           0.020       0.020         6884.678       6884.750
           0.010       0.009         6903.702       6902.013

    Sample-Size Adjusted BIC (n* = (n + 2) / 24)

        Mean                              6662.072
        Std Dev                             69.787
        Number of successful computations    10000

             Proportions                   Percentiles
        Expected    Observed         Expected       Observed
           0.990       0.989         6499.727       6497.155
           0.980       0.978         6518.750       6516.919
           0.950       0.949         6547.279       6546.729
           0.900       0.900         6572.633       6572.525
           0.800       0.801         6603.339       6603.588
           0.700       0.703         6625.475       6626.072
           0.500       0.504         6662.072       6662.705
           0.300       0.296         6698.668       6697.904
           0.200       0.195         6720.804       6719.712
           0.100       0.100         6751.510       6751.623
           0.050       0.050         6776.864       6776.581
           0.020       0.020         6805.393       6805.465
           0.010       0.009         6824.417       6822.728

Chi-Square Test of Model Fit

        Degrees of freedom                      19

        Mean                                19.280
        Std Dev                              6.349
        Number of successful computations    10000

             Proportions                   Percentiles
        Expected    Observed         Expected       Observed
           0.990       0.991            7.633          7.693
           0.980       0.982            8.567          8.701
           0.950       0.952           10.117         10.234
           0.900       0.904           11.651         11.747
           0.800       0.806           13.716         13.815
           0.700       0.707           15.352         15.438
           0.500       0.517           18.338         18.596
           0.300       0.316           21.689         22.002
           0.200       0.216           23.900         24.271
           0.100       0.110           27.204         27.590
           0.050       0.059           30.144         30.748
           0.020       0.027           33.687         35.023
           0.010       0.014           36.191         37.347

RMSEA (Root Mean Square Error Of Approximation)

        Mean                                 0.013
        Std Dev                              0.017
        Number of successful computations    10000

        Cumulative Distribution Function
           Value    Function Value
           0.990       1.000
           0.980       1.000
           0.950       1.000
           0.900       1.000
           0.800       1.000
           0.700       1.000
           0.500       1.000
           0.300       1.000
           0.200       1.000
           0.100       1.000
           0.050       0.970
           0.020       0.660
           0.010       0.559

CFI/TLI

    CFI

        Mean                                 0.986
        Std Dev                              0.022
        Number of successful computations    10000

        Cumulative Distribution Function
           Value    Function Value
           0.990       0.363
           0.980       0.263
           0.950       0.083
           0.900       0.008
           0.800       0.000
           0.700       0.000
           0.500       0.000
           0.300       0.000
           0.200       0.000
           0.100       0.000
           0.050       0.000
           0.020       0.000
           0.010       0.000

    TLI

        Mean                                 0.980
        Std Dev                              0.033
        Number of successful computations    10000

        Cumulative Distribution Function
           Value    Function Value
           0.990       0.399
           0.980       0.324
           0.950       0.156
           0.900       0.039
           0.800       0.001
           0.700       0.000
           0.500       0.000
           0.300       0.000
           0.200       0.000
           0.100       0.000
           0.050       0.000
           0.020       0.000
           0.010       0.000

SRMR (Standardized Root Mean Square Residual)

        Mean                                 0.033
        Std Dev                              0.006
        Number of successful computations    10000

        Cumulative Distribution Function
           Value    Function Value
           0.990       1.000
           0.980       1.000
           0.950       1.000
           0.900       1.000
           0.800       1.000
           0.700       1.000
           0.500       1.000
           0.300       1.000
           0.200       1.000
           0.100       1.000
           0.050       0.995
           0.020       0.006
           0.010       0.000


MODEL RESULTS

                              ESTIMATES              S. E.     M. S. E.  95%  % Sig
                 Population   Average   Std. Dev.   Average             Cover Coeff

 F1       BY
  X1                  0.500     0.4998     0.0786     0.0774     0.0062 0.946 1.000
  X2                  0.500     0.4997     0.0790     0.0775     0.0062 0.946 1.000
  X3                  0.500     0.4987     0.0797     0.0775     0.0064 0.944 1.000
  X4                  0.500     0.4991     0.0794     0.0775     0.0063 0.946 1.000

 F2       BY
  X5                  0.500     0.4989     0.0781     0.0774     0.0061 0.945 1.000
  X6                  0.500     0.4988     0.0785     0.0774     0.0062 0.947 1.000
  X7                  0.500     0.4992     0.0786     0.0775     0.0062 0.948 1.000
  X8                  0.500     0.4989     0.0788     0.0775     0.0062 0.945 1.000

 F1       WITH
  F2                  0.200     0.1990     0.1021     0.0991     0.0104 0.940 0.521

 Intercepts
  X1                  0.000     0.0008     0.0578     0.0576     0.0033 0.946 0.054
  X2                  0.000    -0.0002     0.0578     0.0576     0.0033 0.951 0.049
  X3                  0.000     0.0000     0.0574     0.0576     0.0033 0.950 0.050
  X4                  0.000     0.0002     0.0578     0.0576     0.0033 0.949 0.051
  X5                  0.000    -0.0007     0.0578     0.0576     0.0033 0.948 0.052
  X6                  0.000    -0.0005     0.0571     0.0575     0.0033 0.950 0.050
  X7                  0.000    -0.0004     0.0573     0.0576     0.0033 0.952 0.048
  X8                  0.000    -0.0001     0.0578     0.0576     0.0033 0.947 0.053

 Variances
  F1                  1.000     1.0000     0.0000     0.0000     0.0000 1.000 0.000
  F2                  1.000     1.0000     0.0000     0.0000     0.0000 1.000 0.000

 Residual Variances
  X1                  0.750     0.7403     0.0848     0.0830     0.0073 0.943 1.000
  X2                  0.750     0.7402     0.0847     0.0831     0.0073 0.944 1.000
  X3                  0.750     0.7426     0.0835     0.0831     0.0070 0.949 1.000
  X4                  0.750     0.7426     0.0839     0.0831     0.0071 0.950 1.000
  X5                  0.750     0.7405     0.0846     0.0829     0.0072 0.946 1.000
  X6                  0.750     0.7401     0.0834     0.0829     0.0071 0.945 1.000
  X7                  0.750     0.7403     0.0847     0.0830     0.0073 0.945 1.000
  X8                  0.750     0.7410     0.0837     0.0830     0.0071 0.948 1.000


QUALITY OF NUMERICAL RESULTS

     Average Condition Number for the Information Matrix      0.117E+00
       (ratio of smallest to largest eigenvalue)


TECHNICAL OUTPUT


     PARAMETER SPECIFICATION


           NU
              X1            X2            X3            X4            X5
              ________      ________      ________      ________      ________
                  1             2             3             4             5


           NU
              X6            X7            X8
              ________      ________      ________
                  6             7             8


           LAMBDA
              F1            F2
              ________      ________
 X1                 9             0
 X2                10             0
 X3                11             0
 X4                12             0
 X5                 0            13
 X6                 0            14
 X7                 0            15
 X8                 0            16


           THETA
              X1            X2            X3            X4            X5
              ________      ________      ________      ________      ________
 X1                17
 X2                 0            18
 X3                 0             0            19
 X4                 0             0             0            20
 X5                 0             0             0             0            21
 X6                 0             0             0             0             0
 X7                 0             0             0             0             0
 X8                 0             0             0             0             0


           THETA
              X6            X7            X8
              ________      ________      ________
 X6                22
 X7                 0            23
 X8                 0             0            24


           ALPHA
              F1            F2
              ________      ________
                  0             0


           BETA
              F1            F2
              ________      ________
 F1                 0             0
 F2                 0             0


           PSI
              F1            F2
              ________      ________
 F1                 0
 F2                25             0


     STARTING VALUES


           NU
              X1            X2            X3            X4            X5
              ________      ________      ________      ________      ________
                0.000         0.000         0.000         0.000         0.000


           NU
              X6            X7            X8
              ________      ________      ________
                0.000         0.000         0.000


           LAMBDA
              F1            F2
              ________      ________
 X1             0.500         0.000
 X2             0.500         0.000
 X3             0.500         0.000
 X4             0.500         0.000
 X5             0.000         0.500
 X6             0.000         0.500
 X7             0.000         0.500
 X8             0.000         0.500


           THETA
              X1            X2            X3            X4            X5
              ________      ________      ________      ________      ________
 X1             0.750
 X2             0.000         0.750
 X3             0.000         0.000         0.750
 X4             0.000         0.000         0.000         0.750
 X5             0.000         0.000         0.000         0.000         0.750
 X6             0.000         0.000         0.000         0.000         0.000
 X7             0.000         0.000         0.000         0.000         0.000
 X8             0.000         0.000         0.000         0.000         0.000


           THETA
              X6            X7            X8
              ________      ________      ________
 X6             0.750
 X7             0.000         0.750
 X8             0.000         0.000         0.750


           ALPHA
              F1            F2
              ________      ________
                0.000         0.000


           BETA
              F1            F2
              ________      ________
 F1             0.000         0.000
 F2             0.000         0.000


           PSI
              F1            F2
              ________      ________
 F1             1.000
 F2             0.200         1.000


     POPULATION VALUES


           NU
              X1            X2            X3            X4            X5
              ________      ________      ________      ________      ________
                0.000         0.000         0.000         0.000         0.000


           NU
              X6            X7            X8
              ________      ________      ________
                0.000         0.000         0.000


           LAMBDA
              F1            F2
              ________      ________
 X1             0.500         0.000
 X2             0.500         0.000
 X3             0.500         0.000
 X4             0.500         0.000
 X5             0.000         0.500
 X6             0.000         0.500
 X7             0.000         0.500
 X8             0.000         0.500


           THETA
              X1            X2            X3            X4            X5
              ________      ________      ________      ________      ________
 X1             0.750
 X2             0.000         0.750
 X3             0.000         0.000         0.750
 X4             0.000         0.000         0.000         0.750
 X5             0.000         0.000         0.000         0.000         0.750
 X6             0.000         0.000         0.000         0.000         0.000
 X7             0.000         0.000         0.000         0.000         0.000
 X8             0.000         0.000         0.000         0.000         0.000


           THETA
              X6            X7            X8
              ________      ________      ________
 X6             0.750
 X7             0.000         0.750
 X8             0.000         0.000         0.750


           ALPHA
              F1            F2
              ________      ________
                0.000         0.000


           BETA
              F1            F2
              ________      ________
 F1             0.000         0.000
 F2             0.000         0.000


           PSI
              F1            F2
              ________      ________
 F1             1.000
 F2             0.200         1.000


TECHNICAL 9 OUTPUT

  Error messages for each replication (if any)



     Beginning Time:  17:40:12
        Ending Time:  17:40:26
       Elapsed Time:  00:00:14



MUTHEN & MUTHEN
3463 Stoner Ave.
Los Angeles, CA  90066

Tel: (310) 391-9971
Fax: (310) 391-8971
Web: www.StatModel.com
Support: Support@StatModel.com

Copyright (c) 1998-2021 Muthen & Muthen
